[2023-04-08 21:09:58,683][moc][INFO][color_logger.py:203] Logfile: /home/chenyiqi/wafer_scale_chip_dse_framework/utility/logs/moc_2023-04-08-21-09-58-683601.log
[2023-04-08 21:09:58,685][moc][INFO][generic_advisor.py:157] [BO auto selection]  acq_type: ei.
[2023-04-08 21:09:59,372][moc][WARNING][util_funcs.py:111] Provide "objs" in result is deprecated and will be removed in future versions! Please use "objectives" instead.
[2023-04-08 21:09:59,373][moc][INFO][generic_smbo.py:332] Iter 1, objectives: [-0.008681808265861712].
[2023-04-08 21:09:59,790][moc][WARNING][util_funcs.py:111] Provide "objs" in result is deprecated and will be removed in future versions! Please use "objectives" instead.
[2023-04-08 21:09:59,791][moc][INFO][generic_smbo.py:332] Iter 2, objectives: [-0.006945589085324262].
[2023-04-08 21:10:00,509][moc][WARNING][util_funcs.py:111] Provide "objs" in result is deprecated and will be removed in future versions! Please use "objectives" instead.
[2023-04-08 21:10:00,510][moc][INFO][generic_smbo.py:332] Iter 3, objectives: [-0.0057880728029738844].
[2023-04-08 21:10:00,733][moc][WARNING][util_funcs.py:111] Provide "objs" in result is deprecated and will be removed in future versions! Please use "objectives" instead.
[2023-04-08 21:10:00,734][moc][INFO][generic_smbo.py:332] Iter 4, objectives: [-0.017361703723931553].
[2023-04-08 21:10:00,975][moc][WARNING][util_funcs.py:111] Provide "objs" in result is deprecated and will be removed in future versions! Please use "objectives" instead.
[2023-04-08 21:10:00,976][moc][INFO][generic_smbo.py:332] Iter 5, objectives: [-0.00868179706642693].
[2023-04-08 21:10:01,430][moc][WARNING][util_funcs.py:111] Provide "objs" in result is deprecated and will be removed in future versions! Please use "objectives" instead.
[2023-04-08 21:10:01,432][moc][INFO][generic_smbo.py:332] Iter 6, objectives: [-0.011575330224500389].
[2023-04-08 21:10:02,473][moc][WARNING][util_funcs.py:111] Provide "objs" in result is deprecated and will be removed in future versions! Please use "objectives" instead.
[2023-04-08 21:10:02,474][moc][INFO][generic_smbo.py:332] Iter 7, objectives: [-0.017361703723931553].
[2023-04-08 21:10:03,391][moc][WARNING][util_funcs.py:111] Provide "objs" in result is deprecated and will be removed in future versions! Please use "objectives" instead.
[2023-04-08 21:10:03,392][moc][INFO][generic_smbo.py:332] Iter 8, objectives: [-0.017361703723931553].
[2023-04-08 21:10:04,405][moc][WARNING][util_funcs.py:111] Provide "objs" in result is deprecated and will be removed in future versions! Please use "objectives" instead.
[2023-04-08 21:10:04,406][moc][INFO][generic_smbo.py:332] Iter 9, objectives: [-0.017361703723931553].
[2023-04-08 21:10:04,407][moc][INFO][generic_advisor.py:365] Sample random config. rand_prob=0.100000.
[2023-04-08 21:10:05,195][moc][WARNING][util_funcs.py:111] Provide "objs" in result is deprecated and will be removed in future versions! Please use "objectives" instead.
[2023-04-08 21:10:05,195][moc][INFO][generic_smbo.py:332] Iter 10, objectives: [-0.004341129621918651].
[2023-04-08 21:10:05,893][moc][WARNING][util_funcs.py:111] Provide "objs" in result is deprecated and will be removed in future versions! Please use "objectives" instead.
[2023-04-08 21:10:05,894][moc][INFO][generic_smbo.py:332] Iter 11, objectives: [-0.017361716893564853].
[2023-04-08 21:10:07,025][moc][WARNING][util_funcs.py:111] Provide "objs" in result is deprecated and will be removed in future versions! Please use "objectives" instead.
[2023-04-08 21:10:07,027][moc][INFO][generic_smbo.py:332] Iter 12, objectives: [-0.017361703723931553].
[2023-04-08 21:10:07,846][moc][WARNING][util_funcs.py:111] Provide "objs" in result is deprecated and will be removed in future versions! Please use "objectives" instead.
[2023-04-08 21:10:07,847][moc][INFO][generic_smbo.py:332] Iter 13, objectives: [-0.017361703723931553].
[2023-04-08 21:10:09,313][moc][WARNING][util_funcs.py:111] Provide "objs" in result is deprecated and will be removed in future versions! Please use "objectives" instead.
[2023-04-08 21:10:09,314][moc][INFO][generic_smbo.py:332] Iter 14, objectives: [-0.017361703723931553].
[2023-04-08 21:10:10,060][moc][WARNING][util_funcs.py:111] Provide "objs" in result is deprecated and will be removed in future versions! Please use "objectives" instead.
[2023-04-08 21:10:10,061][moc][INFO][generic_smbo.py:332] Iter 15, objectives: [-0.017361703723931553].
[2023-04-08 21:10:11,985][moc][WARNING][util_funcs.py:111] Provide "objs" in result is deprecated and will be removed in future versions! Please use "objectives" instead.
[2023-04-08 21:10:11,986][moc][INFO][generic_smbo.py:332] Iter 16, objectives: [-0.017361749311208867].
[2023-04-08 21:10:12,893][moc][WARNING][util_funcs.py:111] Provide "objs" in result is deprecated and will be removed in future versions! Please use "objectives" instead.
[2023-04-08 21:10:12,895][moc][INFO][generic_smbo.py:332] Iter 17, objectives: [-0.017361736049430775].
[2023-04-08 21:10:13,918][moc][WARNING][util_funcs.py:111] Provide "objs" in result is deprecated and will be removed in future versions! Please use "objectives" instead.
[2023-04-08 21:10:13,919][moc][INFO][generic_smbo.py:332] Iter 18, objectives: [-0.017361716893564853].
[2023-04-08 21:10:14,749][moc][WARNING][util_funcs.py:111] Provide "objs" in result is deprecated and will be removed in future versions! Please use "objectives" instead.
[2023-04-08 21:10:14,749][moc][INFO][generic_smbo.py:332] Iter 19, objectives: [-0.017361716893564853].
[2023-04-08 21:10:15,781][moc][WARNING][util_funcs.py:111] Provide "objs" in result is deprecated and will be removed in future versions! Please use "objectives" instead.
[2023-04-08 21:10:15,782][moc][INFO][generic_smbo.py:332] Iter 20, objectives: [-0.017361716893564853].
