[2023-04-08 21:08:10,432][moc][INFO][color_logger.py:203] Logfile: /home/chenyiqi/wafer_scale_chip_dse_framework/utility/logs/moc_2023-04-08-21-08-10-431849.log
[2023-04-08 21:08:10,434][moc][INFO][generic_advisor.py:157] [BO auto selection]  acq_type: ei.
[2023-04-08 21:08:10,624][moc][WARNING][util_funcs.py:111] Provide "objs" in result is deprecated and will be removed in future versions! Please use "objectives" instead.
[2023-04-08 21:08:10,625][moc][INFO][generic_smbo.py:332] Iter 1, objectives: [-0.017361736049430775].
[2023-04-08 21:08:10,837][moc][WARNING][util_funcs.py:111] Provide "objs" in result is deprecated and will be removed in future versions! Please use "objectives" instead.
[2023-04-08 21:08:10,837][moc][INFO][generic_smbo.py:332] Iter 2, objectives: [-0.011575323971620467].
[2023-04-08 21:08:11,015][moc][WARNING][util_funcs.py:111] Provide "objs" in result is deprecated and will be removed in future versions! Please use "objectives" instead.
[2023-04-08 21:08:11,016][moc][INFO][generic_smbo.py:332] Iter 3, objectives: [-0.011575313164189619].
[2023-04-08 21:08:11,219][moc][WARNING][util_funcs.py:111] Provide "objs" in result is deprecated and will be removed in future versions! Please use "objectives" instead.
[2023-04-08 21:08:11,220][moc][INFO][generic_smbo.py:332] Iter 4, objectives: [-0.011575319550396316].
[2023-04-08 21:08:11,621][moc][WARNING][util_funcs.py:111] Provide "objs" in result is deprecated and will be removed in future versions! Please use "objectives" instead.
[2023-04-08 21:08:11,622][moc][INFO][generic_smbo.py:332] Iter 5, objectives: [-0.006945587659067808].
[2023-04-08 21:08:11,852][moc][WARNING][util_funcs.py:111] Provide "objs" in result is deprecated and will be removed in future versions! Please use "objectives" instead.
[2023-04-08 21:08:11,853][moc][INFO][generic_smbo.py:332] Iter 6, objectives: [-0.017361772344871605].
[2023-04-08 21:08:11,854][moc][INFO][generic_advisor.py:365] Sample random config. rand_prob=0.100000.
[2023-04-08 21:08:12,246][moc][WARNING][util_funcs.py:111] Provide "objs" in result is deprecated and will be removed in future versions! Please use "objectives" instead.
[2023-04-08 21:08:12,247][moc][INFO][generic_smbo.py:332] Iter 7, objectives: [-0.008681805438285083].
[2023-04-08 21:08:13,071][moc][WARNING][util_funcs.py:111] Provide "objs" in result is deprecated and will be removed in future versions! Please use "objectives" instead.
[2023-04-08 21:08:13,073][moc][INFO][generic_smbo.py:332] Iter 8, objectives: [-0.017361703723931553].
[2023-04-08 21:08:13,715][moc][WARNING][util_funcs.py:111] Provide "objs" in result is deprecated and will be removed in future versions! Please use "objectives" instead.
[2023-04-08 21:08:13,716][moc][INFO][generic_smbo.py:332] Iter 9, objectives: [-0.017361703723931553].
[2023-04-08 21:08:14,733][moc][WARNING][util_funcs.py:111] Provide "objs" in result is deprecated and will be removed in future versions! Please use "objectives" instead.
[2023-04-08 21:08:14,734][moc][INFO][generic_smbo.py:332] Iter 10, objectives: [-0.017361703723931553].
[2023-04-08 21:08:15,625][moc][WARNING][util_funcs.py:111] Provide "objs" in result is deprecated and will be removed in future versions! Please use "objectives" instead.
[2023-04-08 21:08:15,626][moc][INFO][generic_smbo.py:332] Iter 11, objectives: [-0.017361736049430775].
[2023-04-08 21:08:17,209][moc][WARNING][util_funcs.py:111] Provide "objs" in result is deprecated and will be removed in future versions! Please use "objectives" instead.
[2023-04-08 21:08:17,211][moc][INFO][generic_smbo.py:332] Iter 12, objectives: [-0.017361808098737806].
[2023-04-08 21:08:18,075][moc][WARNING][util_funcs.py:111] Provide "objs" in result is deprecated and will be removed in future versions! Please use "objectives" instead.
[2023-04-08 21:08:18,076][moc][INFO][generic_smbo.py:332] Iter 13, objectives: [-0.01736172742928588].
[2023-04-08 21:08:19,515][moc][WARNING][util_funcs.py:111] Provide "objs" in result is deprecated and will be removed in future versions! Please use "objectives" instead.
[2023-04-08 21:08:19,516][moc][INFO][generic_smbo.py:332] Iter 14, objectives: [-0.017361703723931553].
[2023-04-08 21:08:21,225][moc][WARNING][util_funcs.py:111] Provide "objs" in result is deprecated and will be removed in future versions! Please use "objectives" instead.
[2023-04-08 21:08:21,226][moc][INFO][generic_smbo.py:332] Iter 15, objectives: [-0.01736172742928588].
[2023-04-08 21:08:22,548][moc][WARNING][util_funcs.py:111] Provide "objs" in result is deprecated and will be removed in future versions! Please use "objectives" instead.
[2023-04-08 21:08:22,549][moc][INFO][generic_smbo.py:332] Iter 16, objectives: [-0.017361716893564853].
[2023-04-08 21:08:23,739][moc][WARNING][util_funcs.py:111] Provide "objs" in result is deprecated and will be removed in future versions! Please use "objectives" instead.
[2023-04-08 21:08:23,740][moc][INFO][generic_smbo.py:332] Iter 17, objectives: [-0.017361743232891393].
[2023-04-08 21:08:25,006][moc][WARNING][util_funcs.py:111] Provide "objs" in result is deprecated and will be removed in future versions! Please use "objectives" instead.
[2023-04-08 21:08:25,007][moc][INFO][generic_smbo.py:332] Iter 18, objectives: [-0.01736172742928588].
[2023-04-08 21:08:25,870][moc][WARNING][util_funcs.py:111] Provide "objs" in result is deprecated and will be removed in future versions! Please use "objectives" instead.
[2023-04-08 21:08:25,871][moc][INFO][generic_smbo.py:332] Iter 19, objectives: [-0.017361703723931553].
[2023-04-08 21:08:27,051][moc][WARNING][util_funcs.py:111] Provide "objs" in result is deprecated and will be removed in future versions! Please use "objectives" instead.
[2023-04-08 21:08:27,052][moc][INFO][generic_smbo.py:332] Iter 20, objectives: [-0.017361736049430775].
