[2023-04-08 21:03:03,674][moc][INFO][color_logger.py:203] Logfile: /home/chenyiqi/wafer_scale_chip_dse_framework/utility/logs/moc_2023-04-08-21-03-03-673599.log
[2023-04-08 21:03:03,676][moc][INFO][generic_advisor.py:157] [BO auto selection]  acq_type: ei.
[2023-04-08 21:03:03,945][moc][WARNING][util_funcs.py:111] Provide "objs" in result is deprecated and will be removed in future versions! Please use "objectives" instead.
[2023-04-08 21:03:03,946][moc][INFO][generic_smbo.py:332] Iter 1, objectives: [-0.0069455861809480995].
[2023-04-08 21:03:04,541][moc][WARNING][util_funcs.py:111] Provide "objs" in result is deprecated and will be removed in future versions! Please use "objectives" instead.
[2023-04-08 21:03:04,542][moc][INFO][generic_smbo.py:332] Iter 2, objectives: [-0.006945590841688053].
[2023-04-08 21:03:04,805][moc][WARNING][util_funcs.py:111] Provide "objs" in result is deprecated and will be removed in future versions! Please use "objectives" instead.
[2023-04-08 21:03:04,807][moc][INFO][generic_smbo.py:332] Iter 3, objectives: [-0.01157531818192286].
[2023-04-08 21:03:05,240][moc][WARNING][util_funcs.py:111] Provide "objs" in result is deprecated and will be removed in future versions! Please use "objectives" instead.
[2023-04-08 21:03:05,241][moc][INFO][generic_smbo.py:332] Iter 4, objectives: [-0.008681806550631088].
[2023-04-08 21:03:06,106][moc][WARNING][util_funcs.py:111] Provide "objs" in result is deprecated and will be removed in future versions! Please use "objectives" instead.
[2023-04-08 21:03:06,106][moc][INFO][generic_smbo.py:332] Iter 5, objectives: [-0.003858804423740846].
[2023-04-08 21:03:06,412][moc][WARNING][util_funcs.py:111] Provide "objs" in result is deprecated and will be removed in future versions! Please use "objectives" instead.
[2023-04-08 21:03:06,413][moc][INFO][generic_smbo.py:332] Iter 6, objectives: [-0.006945586711555101].
[2023-04-08 21:03:07,484][moc][WARNING][util_funcs.py:111] Provide "objs" in result is deprecated and will be removed in future versions! Please use "objectives" instead.
[2023-04-08 21:03:07,485][moc][INFO][generic_smbo.py:332] Iter 7, objectives: [-0.017361736049430775].
[2023-04-08 21:03:08,153][moc][WARNING][util_funcs.py:111] Provide "objs" in result is deprecated and will be removed in future versions! Please use "objectives" instead.
[2023-04-08 21:03:08,154][moc][INFO][generic_smbo.py:332] Iter 8, objectives: [-0.011575303128736187].
[2023-04-08 21:03:09,036][moc][WARNING][util_funcs.py:111] Provide "objs" in result is deprecated and will be removed in future versions! Please use "objectives" instead.
[2023-04-08 21:03:09,037][moc][INFO][generic_smbo.py:332] Iter 9, objectives: [-0.01736172742928588].
[2023-04-08 21:03:09,861][moc][WARNING][util_funcs.py:111] Provide "objs" in result is deprecated and will be removed in future versions! Please use "objectives" instead.
[2023-04-08 21:03:09,863][moc][INFO][generic_smbo.py:332] Iter 10, objectives: [-0.011575312160643492].
[2023-04-08 21:03:11,054][moc][WARNING][util_funcs.py:111] Provide "objs" in result is deprecated and will be removed in future versions! Please use "objectives" instead.
[2023-04-08 21:03:11,055][moc][INFO][generic_smbo.py:332] Iter 11, objectives: [-0.017361716893564853].
[2023-04-08 21:03:12,689][moc][WARNING][util_funcs.py:111] Provide "objs" in result is deprecated and will be removed in future versions! Please use "objectives" instead.
[2023-04-08 21:03:12,690][moc][INFO][generic_smbo.py:332] Iter 12, objectives: [-0.017361806706678782].
[2023-04-08 21:03:14,368][moc][WARNING][util_funcs.py:111] Provide "objs" in result is deprecated and will be removed in future versions! Please use "objectives" instead.
[2023-04-08 21:03:14,369][moc][INFO][generic_smbo.py:332] Iter 13, objectives: [-0.017361794362400467].
[2023-04-08 21:03:16,361][moc][WARNING][util_funcs.py:111] Provide "objs" in result is deprecated and will be removed in future versions! Please use "objectives" instead.
[2023-04-08 21:03:16,362][moc][INFO][generic_smbo.py:332] Iter 14, objectives: [-0.01736180469163078].
[2023-04-08 21:03:18,559][moc][WARNING][util_funcs.py:111] Provide "objs" in result is deprecated and will be removed in future versions! Please use "objectives" instead.
[2023-04-08 21:03:18,560][moc][INFO][generic_smbo.py:332] Iter 15, objectives: [-0.017361805010898096].
[2023-04-08 21:03:18,561][moc][INFO][generic_advisor.py:365] Sample random config. rand_prob=0.100000.
[2023-04-08 21:03:19,726][moc][WARNING][util_funcs.py:111] Provide "objs" in result is deprecated and will be removed in future versions! Please use "objectives" instead.
[2023-04-08 21:03:19,727][moc][INFO][generic_smbo.py:332] Iter 16, objectives: [-0.006945591464442716].
[2023-04-08 21:03:20,864][moc][WARNING][util_funcs.py:111] Provide "objs" in result is deprecated and will be removed in future versions! Please use "objectives" instead.
[2023-04-08 21:03:20,865][moc][INFO][generic_smbo.py:332] Iter 17, objectives: [-0.017361806179741247].
[2023-04-08 21:03:22,010][moc][WARNING][util_funcs.py:111] Provide "objs" in result is deprecated and will be removed in future versions! Please use "objectives" instead.
[2023-04-08 21:03:22,011][moc][INFO][generic_smbo.py:332] Iter 18, objectives: [-0.01736172742928588].
[2023-04-08 21:03:24,057][moc][WARNING][util_funcs.py:111] Provide "objs" in result is deprecated and will be removed in future versions! Please use "objectives" instead.
[2023-04-08 21:03:24,058][moc][INFO][generic_smbo.py:332] Iter 19, objectives: [-0.017361805318763017].
[2023-04-08 21:03:25,958][moc][WARNING][util_funcs.py:111] Provide "objs" in result is deprecated and will be removed in future versions! Please use "objectives" instead.
[2023-04-08 21:03:25,959][moc][INFO][generic_smbo.py:332] Iter 20, objectives: [-0.017361716893564853].
