[2023-04-08 21:08:10,471][moc][INFO][color_logger.py:203] Logfile: /home/chenyiqi/wafer_scale_chip_dse_framework/utility/logs/moc_2023-04-08-21-08-10-471362.log
[2023-04-08 21:08:10,473][moc][INFO][generic_advisor.py:157] [BO auto selection]  acq_type: ei.
[2023-04-08 21:08:11,721][moc][WARNING][util_funcs.py:111] Provide "objs" in result is deprecated and will be removed in future versions! Please use "objectives" instead.
[2023-04-08 21:08:11,722][moc][INFO][generic_smbo.py:332] Iter 1, objectives: [-0.003157230354070753].
[2023-04-08 21:08:11,968][moc][WARNING][util_funcs.py:111] Provide "objs" in result is deprecated and will be removed in future versions! Please use "objectives" instead.
[2023-04-08 21:08:11,969][moc][INFO][generic_smbo.py:332] Iter 2, objectives: [-0.01157532853101141].
[2023-04-08 21:08:12,173][moc][WARNING][util_funcs.py:111] Provide "objs" in result is deprecated and will be removed in future versions! Please use "objectives" instead.
[2023-04-08 21:08:12,175][moc][INFO][generic_smbo.py:332] Iter 3, objectives: [-0.008681793729397062].
[2023-04-08 21:08:12,751][moc][WARNING][util_funcs.py:111] Provide "objs" in result is deprecated and will be removed in future versions! Please use "objectives" instead.
[2023-04-08 21:08:12,752][moc][INFO][generic_smbo.py:332] Iter 4, objectives: [-0.006945589917307465].
[2023-04-08 21:08:13,062][moc][WARNING][util_funcs.py:111] Provide "objs" in result is deprecated and will be removed in future versions! Please use "objectives" instead.
[2023-04-08 21:08:13,062][moc][INFO][generic_smbo.py:332] Iter 5, objectives: [-0.011575332482486465].
[2023-04-08 21:08:13,459][moc][WARNING][util_funcs.py:111] Provide "objs" in result is deprecated and will be removed in future versions! Please use "objectives" instead.
[2023-04-08 21:08:13,460][moc][INFO][generic_smbo.py:332] Iter 6, objectives: [-0.006945587166361168].
[2023-04-08 21:08:13,460][moc][INFO][generic_advisor.py:365] Sample random config. rand_prob=0.100000.
[2023-04-08 21:08:13,822][moc][WARNING][util_funcs.py:111] Provide "objs" in result is deprecated and will be removed in future versions! Please use "objectives" instead.
[2023-04-08 21:08:13,823][moc][INFO][generic_smbo.py:332] Iter 7, objectives: [-0.017361766473540003].
[2023-04-08 21:08:14,802][moc][WARNING][util_funcs.py:111] Provide "objs" in result is deprecated and will be removed in future versions! Please use "objectives" instead.
[2023-04-08 21:08:14,802][moc][INFO][generic_smbo.py:332] Iter 8, objectives: [-0.017361749311208867].
[2023-04-08 21:08:15,466][moc][WARNING][util_funcs.py:111] Provide "objs" in result is deprecated and will be removed in future versions! Please use "objectives" instead.
[2023-04-08 21:08:15,467][moc][INFO][generic_smbo.py:332] Iter 9, objectives: [-0.017361749311208867].
[2023-04-08 21:08:16,521][moc][WARNING][util_funcs.py:111] Provide "objs" in result is deprecated and will be removed in future versions! Please use "objectives" instead.
[2023-04-08 21:08:16,522][moc][INFO][generic_smbo.py:332] Iter 10, objectives: [-0.017361762987438745].
[2023-04-08 21:08:17,208][moc][WARNING][util_funcs.py:111] Provide "objs" in result is deprecated and will be removed in future versions! Please use "objectives" instead.
[2023-04-08 21:08:17,210][moc][INFO][generic_smbo.py:332] Iter 11, objectives: [-0.017361762987438745].
[2023-04-08 21:08:18,441][moc][WARNING][util_funcs.py:111] Provide "objs" in result is deprecated and will be removed in future versions! Please use "objectives" instead.
[2023-04-08 21:08:18,442][moc][INFO][generic_smbo.py:332] Iter 12, objectives: [-0.017361743232891393].
[2023-04-08 21:08:19,539][moc][WARNING][util_funcs.py:111] Provide "objs" in result is deprecated and will be removed in future versions! Please use "objectives" instead.
[2023-04-08 21:08:19,540][moc][INFO][generic_smbo.py:332] Iter 13, objectives: [-0.017361743232891393].
[2023-04-08 21:08:21,588][moc][WARNING][util_funcs.py:111] Provide "objs" in result is deprecated and will be removed in future versions! Please use "objectives" instead.
[2023-04-08 21:08:21,589][moc][INFO][generic_smbo.py:332] Iter 14, objectives: [-0.017361766473540003].
[2023-04-08 21:08:22,583][moc][WARNING][util_funcs.py:111] Provide "objs" in result is deprecated and will be removed in future versions! Please use "objectives" instead.
[2023-04-08 21:08:22,584][moc][INFO][generic_smbo.py:332] Iter 15, objectives: [-0.01736175452119866].
[2023-04-08 21:08:23,997][moc][WARNING][util_funcs.py:111] Provide "objs" in result is deprecated and will be removed in future versions! Please use "objectives" instead.
[2023-04-08 21:08:23,998][moc][INFO][generic_smbo.py:332] Iter 16, objectives: [-0.017361759036525676].
[2023-04-08 21:08:25,059][moc][WARNING][util_funcs.py:111] Provide "objs" in result is deprecated and will be removed in future versions! Please use "objectives" instead.
[2023-04-08 21:08:25,060][moc][INFO][generic_smbo.py:332] Iter 17, objectives: [-0.017361769572297854].
[2023-04-08 21:08:26,200][moc][WARNING][util_funcs.py:111] Provide "objs" in result is deprecated and will be removed in future versions! Please use "objectives" instead.
[2023-04-08 21:08:26,201][moc][INFO][generic_smbo.py:332] Iter 18, objectives: [-0.017361759036525676].
[2023-04-08 21:08:26,991][moc][WARNING][util_funcs.py:111] Provide "objs" in result is deprecated and will be removed in future versions! Please use "objectives" instead.
[2023-04-08 21:08:26,992][moc][INFO][generic_smbo.py:332] Iter 19, objectives: [-0.017361762987438745].
[2023-04-08 21:08:28,657][moc][WARNING][util_funcs.py:111] Provide "objs" in result is deprecated and will be removed in future versions! Please use "objectives" instead.
[2023-04-08 21:08:28,658][moc][INFO][generic_smbo.py:332] Iter 20, objectives: [-0.017361766473540003].
