[2023-04-08 21:03:03,773][moc][INFO][color_logger.py:203] Logfile: /home/chenyiqi/wafer_scale_chip_dse_framework/utility/logs/moc_2023-04-08-21-03-03-772998.log
[2023-04-08 21:03:03,778][moc][INFO][generic_advisor.py:157] [BO auto selection]  acq_type: ei.
[2023-04-08 21:03:04,109][moc][WARNING][util_funcs.py:111] Provide "objs" in result is deprecated and will be removed in future versions! Please use "objectives" instead.
[2023-04-08 21:03:04,110][moc][INFO][generic_smbo.py:332] Iter 1, objectives: [-0.008681801808526419].
[2023-04-08 21:03:04,422][moc][WARNING][util_funcs.py:111] Provide "objs" in result is deprecated and will be removed in future versions! Please use "objectives" instead.
[2023-04-08 21:03:04,423][moc][INFO][generic_smbo.py:332] Iter 2, objectives: [-0.008681802924315286].
[2023-04-08 21:03:04,664][moc][WARNING][util_funcs.py:111] Provide "objs" in result is deprecated and will be removed in future versions! Please use "objectives" instead.
[2023-04-08 21:03:04,665][moc][INFO][generic_smbo.py:332] Iter 3, objectives: [-0.008681800002011715].
[2023-04-08 21:03:05,203][moc][WARNING][util_funcs.py:111] Provide "objs" in result is deprecated and will be removed in future versions! Please use "objectives" instead.
[2023-04-08 21:03:05,204][moc][INFO][generic_smbo.py:332] Iter 4, objectives: [-0.0043411297720854745].
[2023-04-08 21:03:05,371][moc][WARNING][util_funcs.py:111] Provide "objs" in result is deprecated and will be removed in future versions! Please use "objectives" instead.
[2023-04-08 21:03:05,372][moc][INFO][generic_smbo.py:332] Iter 5, objectives: [-0.011575308146460727].
[2023-04-08 21:03:05,687][moc][WARNING][util_funcs.py:111] Provide "objs" in result is deprecated and will be removed in future versions! Please use "objectives" instead.
[2023-04-08 21:03:05,688][moc][INFO][generic_smbo.py:332] Iter 6, objectives: [-0.005788070785631281].
[2023-04-08 21:03:06,536][moc][WARNING][util_funcs.py:111] Provide "objs" in result is deprecated and will be removed in future versions! Please use "objectives" instead.
[2023-04-08 21:03:06,536][moc][INFO][generic_smbo.py:332] Iter 7, objectives: [-0.017361703723931553].
[2023-04-08 21:03:07,193][moc][WARNING][util_funcs.py:111] Provide "objs" in result is deprecated and will be removed in future versions! Please use "objectives" instead.
[2023-04-08 21:03:07,194][moc][INFO][generic_smbo.py:332] Iter 8, objectives: [-0.017361703723931553].
[2023-04-08 21:03:08,150][moc][WARNING][util_funcs.py:111] Provide "objs" in result is deprecated and will be removed in future versions! Please use "objectives" instead.
[2023-04-08 21:03:08,150][moc][INFO][generic_smbo.py:332] Iter 9, objectives: [-0.017361703723931553].
[2023-04-08 21:03:09,021][moc][WARNING][util_funcs.py:111] Provide "objs" in result is deprecated and will be removed in future versions! Please use "objectives" instead.
[2023-04-08 21:03:09,022][moc][INFO][generic_smbo.py:332] Iter 10, objectives: [-0.011575303128736187].
[2023-04-08 21:03:10,465][moc][WARNING][util_funcs.py:111] Provide "objs" in result is deprecated and will be removed in future versions! Please use "objectives" instead.
[2023-04-08 21:03:10,466][moc][INFO][generic_smbo.py:332] Iter 11, objectives: [-0.017361772344871605].
[2023-04-08 21:03:11,338][moc][WARNING][util_funcs.py:111] Provide "objs" in result is deprecated and will be removed in future versions! Please use "objectives" instead.
[2023-04-08 21:03:11,339][moc][INFO][generic_smbo.py:332] Iter 12, objectives: [-0.017361703723931553].
[2023-04-08 21:03:12,301][moc][WARNING][util_funcs.py:111] Provide "objs" in result is deprecated and will be removed in future versions! Please use "objectives" instead.
[2023-04-08 21:03:12,302][moc][INFO][generic_smbo.py:332] Iter 13, objectives: [-0.008681795485728252].
[2023-04-08 21:03:13,071][moc][WARNING][util_funcs.py:111] Provide "objs" in result is deprecated and will be removed in future versions! Please use "objectives" instead.
[2023-04-08 21:03:13,073][moc][INFO][generic_smbo.py:332] Iter 14, objectives: [-0.017361743232891393].
[2023-04-08 21:03:14,174][moc][WARNING][util_funcs.py:111] Provide "objs" in result is deprecated and will be removed in future versions! Please use "objectives" instead.
[2023-04-08 21:03:14,175][moc][INFO][generic_smbo.py:332] Iter 15, objectives: [-0.017361762987438745].
[2023-04-08 21:03:14,176][moc][INFO][generic_advisor.py:365] Sample random config. rand_prob=0.100000.
[2023-04-08 21:03:14,857][moc][WARNING][util_funcs.py:111] Provide "objs" in result is deprecated and will be removed in future versions! Please use "objectives" instead.
[2023-04-08 21:03:14,858][moc][INFO][generic_smbo.py:332] Iter 16, objectives: [-0.005788071827924784].
[2023-04-08 21:03:16,615][moc][WARNING][util_funcs.py:111] Provide "objs" in result is deprecated and will be removed in future versions! Please use "objectives" instead.
[2023-04-08 21:03:16,616][moc][INFO][generic_smbo.py:332] Iter 17, objectives: [-0.01736172742928588].
[2023-04-08 21:03:18,020][moc][WARNING][util_funcs.py:111] Provide "objs" in result is deprecated and will be removed in future versions! Please use "objectives" instead.
[2023-04-08 21:03:18,022][moc][INFO][generic_smbo.py:332] Iter 18, objectives: [-0.017361774840188735].
[2023-04-08 21:03:18,784][moc][WARNING][util_funcs.py:111] Provide "objs" in result is deprecated and will be removed in future versions! Please use "objectives" instead.
[2023-04-08 21:03:18,785][moc][INFO][generic_smbo.py:332] Iter 19, objectives: [-0.017361736049430775].
[2023-04-08 21:03:19,782][moc][WARNING][util_funcs.py:111] Provide "objs" in result is deprecated and will be removed in future versions! Please use "objectives" instead.
[2023-04-08 21:03:19,783][moc][INFO][generic_smbo.py:332] Iter 20, objectives: [-0.017361716893564853].
