[2023-04-08 21:21:51,552][moc][INFO][color_logger.py:203] Logfile: /home/chenyiqi/wafer_scale_chip_dse_framework/utility/logs/moc_2023-04-08-21-21-51-551862.log
[2023-04-08 21:21:51,555][moc][INFO][generic_advisor.py:157] [BO auto selection]  acq_type: ei.
[2023-04-08 21:21:51,692][moc][WARNING][util_funcs.py:111] Provide "objs" in result is deprecated and will be removed in future versions! Please use "objectives" instead.
[2023-04-08 21:21:51,694][moc][INFO][generic_smbo.py:332] Iter 1, objectives: [10000000000.0].
[2023-04-08 21:21:51,792][moc][WARNING][util_funcs.py:111] Provide "objs" in result is deprecated and will be removed in future versions! Please use "objectives" instead.
[2023-04-08 21:21:51,793][moc][INFO][generic_smbo.py:332] Iter 2, objectives: [10000000000.0].
[2023-04-08 21:21:51,890][moc][WARNING][util_funcs.py:111] Provide "objs" in result is deprecated and will be removed in future versions! Please use "objectives" instead.
[2023-04-08 21:21:51,891][moc][INFO][generic_smbo.py:332] Iter 3, objectives: [10000000000.0].
[2023-04-08 21:21:52,205][moc][WARNING][util_funcs.py:111] Provide "objs" in result is deprecated and will be removed in future versions! Please use "objectives" instead.
[2023-04-08 21:21:52,206][moc][INFO][generic_smbo.py:332] Iter 4, objectives: [10000000000.0].
[2023-04-08 21:21:52,506][moc][WARNING][util_funcs.py:111] Provide "objs" in result is deprecated and will be removed in future versions! Please use "objectives" instead.
[2023-04-08 21:21:52,507][moc][INFO][generic_smbo.py:332] Iter 5, objectives: [10000000000.0].
[2023-04-08 21:21:52,646][moc][WARNING][util_funcs.py:111] Provide "objs" in result is deprecated and will be removed in future versions! Please use "objectives" instead.
[2023-04-08 21:21:52,647][moc][INFO][generic_smbo.py:332] Iter 6, objectives: [10000000000.0].
[2023-04-08 21:21:53,939][moc][WARNING][util_funcs.py:111] Provide "objs" in result is deprecated and will be removed in future versions! Please use "objectives" instead.
[2023-04-08 21:21:53,940][moc][INFO][generic_smbo.py:332] Iter 7, objectives: [10000000000.0].
[2023-04-08 21:21:54,721][moc][WARNING][util_funcs.py:111] Provide "objs" in result is deprecated and will be removed in future versions! Please use "objectives" instead.
[2023-04-08 21:21:54,721][moc][INFO][generic_smbo.py:332] Iter 8, objectives: [10000000000.0].
[2023-04-08 21:21:55,979][moc][WARNING][util_funcs.py:111] Provide "objs" in result is deprecated and will be removed in future versions! Please use "objectives" instead.
[2023-04-08 21:21:55,981][moc][INFO][generic_smbo.py:332] Iter 9, objectives: [10000000000.0].
[2023-04-08 21:21:57,834][moc][WARNING][util_funcs.py:111] Provide "objs" in result is deprecated and will be removed in future versions! Please use "objectives" instead.
[2023-04-08 21:21:57,835][moc][INFO][generic_smbo.py:332] Iter 10, objectives: [10000000000.0].
[2023-04-08 21:21:59,726][moc][WARNING][util_funcs.py:111] Provide "objs" in result is deprecated and will be removed in future versions! Please use "objectives" instead.
[2023-04-08 21:21:59,727][moc][INFO][generic_smbo.py:332] Iter 11, objectives: [10000000000.0].
[2023-04-08 21:22:00,455][moc][WARNING][util_funcs.py:111] Provide "objs" in result is deprecated and will be removed in future versions! Please use "objectives" instead.
[2023-04-08 21:22:00,458][moc][INFO][generic_smbo.py:332] Iter 12, objectives: [10000000000.0].
[2023-04-08 21:22:00,460][moc][INFO][generic_advisor.py:365] Sample random config. rand_prob=0.100000.
[2023-04-08 21:22:00,625][moc][WARNING][util_funcs.py:111] Provide "objs" in result is deprecated and will be removed in future versions! Please use "objectives" instead.
[2023-04-08 21:22:00,626][moc][INFO][generic_smbo.py:332] Iter 13, objectives: [10000000000.0].
[2023-04-08 21:22:00,627][moc][INFO][generic_advisor.py:365] Sample random config. rand_prob=0.100000.
[2023-04-08 21:22:00,739][moc][WARNING][util_funcs.py:111] Provide "objs" in result is deprecated and will be removed in future versions! Please use "objectives" instead.
[2023-04-08 21:22:00,740][moc][INFO][generic_smbo.py:332] Iter 14, objectives: [10000000000.0].
[2023-04-08 21:22:02,064][moc][WARNING][util_funcs.py:111] Provide "objs" in result is deprecated and will be removed in future versions! Please use "objectives" instead.
[2023-04-08 21:22:02,065][moc][INFO][generic_smbo.py:332] Iter 15, objectives: [10000000000.0].
[2023-04-08 21:22:02,633][moc][WARNING][util_funcs.py:111] Provide "objs" in result is deprecated and will be removed in future versions! Please use "objectives" instead.
[2023-04-08 21:22:02,635][moc][INFO][generic_smbo.py:332] Iter 16, objectives: [10000000000.0].
[2023-04-08 21:22:03,591][moc][WARNING][util_funcs.py:111] Provide "objs" in result is deprecated and will be removed in future versions! Please use "objectives" instead.
[2023-04-08 21:22:03,592][moc][INFO][generic_smbo.py:332] Iter 17, objectives: [10000000000.0].
[2023-04-08 21:22:04,476][moc][WARNING][util_funcs.py:111] Provide "objs" in result is deprecated and will be removed in future versions! Please use "objectives" instead.
[2023-04-08 21:22:04,478][moc][INFO][generic_smbo.py:332] Iter 18, objectives: [10000000000.0].
[2023-04-08 21:22:06,244][moc][WARNING][util_funcs.py:111] Provide "objs" in result is deprecated and will be removed in future versions! Please use "objectives" instead.
[2023-04-08 21:22:06,245][moc][INFO][generic_smbo.py:332] Iter 19, objectives: [10000000000.0].
[2023-04-08 21:22:08,158][moc][WARNING][util_funcs.py:111] Provide "objs" in result is deprecated and will be removed in future versions! Please use "objectives" instead.
[2023-04-08 21:22:08,159][moc][INFO][generic_smbo.py:332] Iter 20, objectives: [10000000000.0].
