[2023-04-08 21:03:03,777][moc][INFO][color_logger.py:203] Logfile: /home/chenyiqi/wafer_scale_chip_dse_framework/utility/logs/moc_2023-04-08-21-03-03-773563.log
[2023-04-08 21:03:03,784][moc][INFO][generic_advisor.py:157] [BO auto selection]  acq_type: ei.
[2023-04-08 21:03:04,268][moc][WARNING][util_funcs.py:111] Provide "objs" in result is deprecated and will be removed in future versions! Please use "objectives" instead.
[2023-04-08 21:03:04,269][moc][INFO][generic_smbo.py:332] Iter 1, objectives: [-0.006945588940105396].
[2023-04-08 21:03:04,473][moc][WARNING][util_funcs.py:111] Provide "objs" in result is deprecated and will be removed in future versions! Please use "objectives" instead.
[2023-04-08 21:03:04,474][moc][INFO][generic_smbo.py:332] Iter 2, objectives: [-0.017361703723931553].
[2023-04-08 21:03:04,655][moc][WARNING][util_funcs.py:111] Provide "objs" in result is deprecated and will be removed in future versions! Please use "objectives" instead.
[2023-04-08 21:03:04,656][moc][INFO][generic_smbo.py:332] Iter 3, objectives: [-0.0115753087736766].
[2023-04-08 21:03:05,805][moc][WARNING][util_funcs.py:111] Provide "objs" in result is deprecated and will be removed in future versions! Please use "objectives" instead.
[2023-04-08 21:03:05,807][moc][INFO][generic_smbo.py:332] Iter 4, objectives: [-0.00496125469960527].
[2023-04-08 21:03:06,406][moc][WARNING][util_funcs.py:111] Provide "objs" in result is deprecated and will be removed in future versions! Please use "objectives" instead.
[2023-04-08 21:03:06,407][moc][INFO][generic_smbo.py:332] Iter 5, objectives: [-0.005788071699923808].
[2023-04-08 21:03:06,798][moc][WARNING][util_funcs.py:111] Provide "objs" in result is deprecated and will be removed in future versions! Please use "objectives" instead.
[2023-04-08 21:03:06,799][moc][INFO][generic_smbo.py:332] Iter 6, objectives: [-0.008681796922727025].
[2023-04-08 21:03:07,773][moc][WARNING][util_funcs.py:111] Provide "objs" in result is deprecated and will be removed in future versions! Please use "objectives" instead.
[2023-04-08 21:03:07,774][moc][INFO][generic_smbo.py:332] Iter 7, objectives: [-0.011575303128736187].
[2023-04-08 21:03:08,580][moc][WARNING][util_funcs.py:111] Provide "objs" in result is deprecated and will be removed in future versions! Please use "objectives" instead.
[2023-04-08 21:03:08,581][moc][INFO][generic_smbo.py:332] Iter 8, objectives: [-0.017361736049430775].
[2023-04-08 21:03:10,685][moc][WARNING][util_funcs.py:111] Provide "objs" in result is deprecated and will be removed in future versions! Please use "objectives" instead.
[2023-04-08 21:03:10,686][moc][INFO][generic_smbo.py:332] Iter 9, objectives: [-0.017361716893564853].
[2023-04-08 21:03:11,536][moc][WARNING][util_funcs.py:111] Provide "objs" in result is deprecated and will be removed in future versions! Please use "objectives" instead.
[2023-04-08 21:03:11,537][moc][INFO][generic_smbo.py:332] Iter 10, objectives: [-0.017361716893564853].
[2023-04-08 21:03:12,673][moc][WARNING][util_funcs.py:111] Provide "objs" in result is deprecated and will be removed in future versions! Please use "objectives" instead.
[2023-04-08 21:03:12,674][moc][INFO][generic_smbo.py:332] Iter 11, objectives: [-0.017361716893564853].
[2023-04-08 21:03:13,583][moc][WARNING][util_funcs.py:111] Provide "objs" in result is deprecated and will be removed in future versions! Please use "objectives" instead.
[2023-04-08 21:03:13,584][moc][INFO][generic_smbo.py:332] Iter 12, objectives: [-0.017361736049430775].
[2023-04-08 21:03:14,538][moc][WARNING][util_funcs.py:111] Provide "objs" in result is deprecated and will be removed in future versions! Please use "objectives" instead.
[2023-04-08 21:03:14,538][moc][INFO][generic_smbo.py:332] Iter 13, objectives: [-0.017361716893564853].
[2023-04-08 21:03:15,469][moc][WARNING][util_funcs.py:111] Provide "objs" in result is deprecated and will be removed in future versions! Please use "objectives" instead.
[2023-04-08 21:03:15,470][moc][INFO][generic_smbo.py:332] Iter 14, objectives: [-0.017361703723931553].
[2023-04-08 21:03:16,512][moc][WARNING][util_funcs.py:111] Provide "objs" in result is deprecated and will be removed in future versions! Please use "objectives" instead.
[2023-04-08 21:03:16,513][moc][INFO][generic_smbo.py:332] Iter 15, objectives: [-0.017361703723931553].
[2023-04-08 21:03:16,514][moc][INFO][generic_advisor.py:365] Sample random config. rand_prob=0.100000.
[2023-04-08 21:03:18,056][moc][WARNING][util_funcs.py:111] Provide "objs" in result is deprecated and will be removed in future versions! Please use "objectives" instead.
[2023-04-08 21:03:18,057][moc][INFO][generic_smbo.py:332] Iter 16, objectives: [-0.0034729401950490285].
[2023-04-08 21:03:18,802][moc][WARNING][util_funcs.py:111] Provide "objs" in result is deprecated and will be removed in future versions! Please use "objectives" instead.
[2023-04-08 21:03:18,803][moc][INFO][generic_smbo.py:332] Iter 17, objectives: [-0.017361703723931553].
[2023-04-08 21:03:19,799][moc][WARNING][util_funcs.py:111] Provide "objs" in result is deprecated and will be removed in future versions! Please use "objectives" instead.
[2023-04-08 21:03:19,799][moc][INFO][generic_smbo.py:332] Iter 18, objectives: [-0.017361716893564853].
[2023-04-08 21:03:20,861][moc][WARNING][util_funcs.py:111] Provide "objs" in result is deprecated and will be removed in future versions! Please use "objectives" instead.
[2023-04-08 21:03:20,862][moc][INFO][generic_smbo.py:332] Iter 19, objectives: [-0.017361716893564853].
[2023-04-08 21:03:21,991][moc][WARNING][util_funcs.py:111] Provide "objs" in result is deprecated and will be removed in future versions! Please use "objectives" instead.
[2023-04-08 21:03:21,993][moc][INFO][generic_smbo.py:332] Iter 20, objectives: [-0.017361716893564853].
