[2023-04-08 21:09:58,942][moc][INFO][color_logger.py:203] Logfile: /home/chenyiqi/wafer_scale_chip_dse_framework/utility/logs/moc_2023-04-08-21-09-58-938363.log
[2023-04-08 21:09:58,954][moc][INFO][generic_advisor.py:157] [BO auto selection]  acq_type: ei.
[2023-04-08 21:09:59,282][moc][WARNING][util_funcs.py:111] Provide "objs" in result is deprecated and will be removed in future versions! Please use "objectives" instead.
[2023-04-08 21:09:59,283][moc][INFO][generic_smbo.py:332] Iter 1, objectives: [-0.017361759036525676].
[2023-04-08 21:09:59,469][moc][WARNING][util_funcs.py:111] Provide "objs" in result is deprecated and will be removed in future versions! Please use "objectives" instead.
[2023-04-08 21:09:59,470][moc][INFO][generic_smbo.py:332] Iter 2, objectives: [-0.01736172742928588].
[2023-04-08 21:09:59,735][moc][WARNING][util_funcs.py:111] Provide "objs" in result is deprecated and will be removed in future versions! Please use "objectives" instead.
[2023-04-08 21:09:59,736][moc][INFO][generic_smbo.py:332] Iter 3, objectives: [-0.011575333235148685].
[2023-04-08 21:09:59,991][moc][WARNING][util_funcs.py:111] Provide "objs" in result is deprecated and will be removed in future versions! Please use "objectives" instead.
[2023-04-08 21:09:59,992][moc][INFO][generic_smbo.py:332] Iter 4, objectives: [-0.008681800349418331].
[2023-04-08 21:10:00,790][moc][WARNING][util_funcs.py:111] Provide "objs" in result is deprecated and will be removed in future versions! Please use "objectives" instead.
[2023-04-08 21:10:00,791][moc][INFO][generic_smbo.py:332] Iter 5, objectives: [-0.005788072785992881].
[2023-04-08 21:10:01,114][moc][WARNING][util_funcs.py:111] Provide "objs" in result is deprecated and will be removed in future versions! Please use "objectives" instead.
[2023-04-08 21:10:01,115][moc][INFO][generic_smbo.py:332] Iter 6, objectives: [-0.011575330224500389].
[2023-04-08 21:10:02,451][moc][WARNING][util_funcs.py:111] Provide "objs" in result is deprecated and will be removed in future versions! Please use "objectives" instead.
[2023-04-08 21:10:02,452][moc][INFO][generic_smbo.py:332] Iter 7, objectives: [-0.017361749311208867].
[2023-04-08 21:10:03,150][moc][WARNING][util_funcs.py:111] Provide "objs" in result is deprecated and will be removed in future versions! Please use "objectives" instead.
[2023-04-08 21:10:03,151][moc][INFO][generic_smbo.py:332] Iter 8, objectives: [-0.017361769572297854].
[2023-04-08 21:10:04,183][moc][WARNING][util_funcs.py:111] Provide "objs" in result is deprecated and will be removed in future versions! Please use "objectives" instead.
[2023-04-08 21:10:04,185][moc][INFO][generic_smbo.py:332] Iter 9, objectives: [-0.017361716893564853].
[2023-04-08 21:10:04,188][moc][INFO][generic_advisor.py:365] Sample random config. rand_prob=0.100000.
[2023-04-08 21:10:05,945][moc][WARNING][util_funcs.py:111] Provide "objs" in result is deprecated and will be removed in future versions! Please use "objectives" instead.
[2023-04-08 21:10:05,945][moc][INFO][generic_smbo.py:332] Iter 10, objectives: [-0.003472940283310523].
[2023-04-08 21:10:06,684][moc][WARNING][util_funcs.py:111] Provide "objs" in result is deprecated and will be removed in future versions! Please use "objectives" instead.
[2023-04-08 21:10:06,686][moc][INFO][generic_smbo.py:332] Iter 11, objectives: [-0.017361716893564853].
[2023-04-08 21:10:07,849][moc][WARNING][util_funcs.py:111] Provide "objs" in result is deprecated and will be removed in future versions! Please use "objectives" instead.
[2023-04-08 21:10:07,851][moc][INFO][generic_smbo.py:332] Iter 12, objectives: [-0.017361736049430775].
[2023-04-08 21:10:08,545][moc][WARNING][util_funcs.py:111] Provide "objs" in result is deprecated and will be removed in future versions! Please use "objectives" instead.
[2023-04-08 21:10:08,546][moc][INFO][generic_smbo.py:332] Iter 13, objectives: [-0.01736172742928588].
[2023-04-08 21:10:09,754][moc][WARNING][util_funcs.py:111] Provide "objs" in result is deprecated and will be removed in future versions! Please use "objectives" instead.
[2023-04-08 21:10:09,755][moc][INFO][generic_smbo.py:332] Iter 14, objectives: [-0.017361743232891393].
[2023-04-08 21:10:10,485][moc][WARNING][util_funcs.py:111] Provide "objs" in result is deprecated and will be removed in future versions! Please use "objectives" instead.
[2023-04-08 21:10:10,485][moc][INFO][generic_smbo.py:332] Iter 15, objectives: [-0.017361716893564853].
[2023-04-08 21:10:11,971][moc][WARNING][util_funcs.py:111] Provide "objs" in result is deprecated and will be removed in future versions! Please use "objectives" instead.
[2023-04-08 21:10:11,972][moc][INFO][generic_smbo.py:332] Iter 16, objectives: [-0.01736172742928588].
[2023-04-08 21:10:13,074][moc][WARNING][util_funcs.py:111] Provide "objs" in result is deprecated and will be removed in future versions! Please use "objectives" instead.
[2023-04-08 21:10:13,077][moc][INFO][generic_smbo.py:332] Iter 17, objectives: [-0.011575324203208491].
[2023-04-08 21:10:14,093][moc][WARNING][util_funcs.py:111] Provide "objs" in result is deprecated and will be removed in future versions! Please use "objectives" instead.
[2023-04-08 21:10:14,096][moc][INFO][generic_smbo.py:332] Iter 18, objectives: [-0.011575312160643492].
[2023-04-08 21:10:15,150][moc][WARNING][util_funcs.py:111] Provide "objs" in result is deprecated and will be removed in future versions! Please use "objectives" instead.
[2023-04-08 21:10:15,150][moc][INFO][generic_smbo.py:332] Iter 19, objectives: [-0.01736177915028365].
[2023-04-08 21:10:16,689][moc][WARNING][util_funcs.py:111] Provide "objs" in result is deprecated and will be removed in future versions! Please use "objectives" instead.
[2023-04-08 21:10:16,690][moc][INFO][generic_smbo.py:332] Iter 20, objectives: [-0.017361736049430775].
