[2023-04-08 21:21:51,561][moc][INFO][color_logger.py:203] Logfile: /home/chenyiqi/wafer_scale_chip_dse_framework/utility/logs/moc_2023-04-08-21-21-51-560145.log
[2023-04-08 21:21:51,564][moc][INFO][generic_advisor.py:157] [BO auto selection]  acq_type: ei.
[2023-04-08 21:21:51,688][moc][WARNING][util_funcs.py:111] Provide "objs" in result is deprecated and will be removed in future versions! Please use "objectives" instead.
[2023-04-08 21:21:51,694][moc][INFO][generic_smbo.py:332] Iter 1, objectives: [10000000000.0].
[2023-04-08 21:21:51,797][moc][WARNING][util_funcs.py:111] Provide "objs" in result is deprecated and will be removed in future versions! Please use "objectives" instead.
[2023-04-08 21:21:51,797][moc][INFO][generic_smbo.py:332] Iter 2, objectives: [10000000000.0].
[2023-04-08 21:21:51,901][moc][WARNING][util_funcs.py:111] Provide "objs" in result is deprecated and will be removed in future versions! Please use "objectives" instead.
[2023-04-08 21:21:51,902][moc][INFO][generic_smbo.py:332] Iter 3, objectives: [10000000000.0].
[2023-04-08 21:21:52,142][moc][WARNING][util_funcs.py:111] Provide "objs" in result is deprecated and will be removed in future versions! Please use "objectives" instead.
[2023-04-08 21:21:52,143][moc][INFO][generic_smbo.py:332] Iter 4, objectives: [10000000000.0].
[2023-04-08 21:21:52,500][moc][WARNING][util_funcs.py:111] Provide "objs" in result is deprecated and will be removed in future versions! Please use "objectives" instead.
[2023-04-08 21:21:52,501][moc][INFO][generic_smbo.py:332] Iter 5, objectives: [10000000000.0].
[2023-04-08 21:21:52,637][moc][WARNING][util_funcs.py:111] Provide "objs" in result is deprecated and will be removed in future versions! Please use "objectives" instead.
[2023-04-08 21:21:52,638][moc][INFO][generic_smbo.py:332] Iter 6, objectives: [10000000000.0].
[2023-04-08 21:21:54,109][moc][WARNING][util_funcs.py:111] Provide "objs" in result is deprecated and will be removed in future versions! Please use "objectives" instead.
[2023-04-08 21:21:54,110][moc][INFO][generic_smbo.py:332] Iter 7, objectives: [10000000000.0].
[2023-04-08 21:21:54,976][moc][WARNING][util_funcs.py:111] Provide "objs" in result is deprecated and will be removed in future versions! Please use "objectives" instead.
[2023-04-08 21:21:54,978][moc][INFO][generic_smbo.py:332] Iter 8, objectives: [10000000000.0].
[2023-04-08 21:21:55,985][moc][WARNING][util_funcs.py:111] Provide "objs" in result is deprecated and will be removed in future versions! Please use "objectives" instead.
[2023-04-08 21:21:55,986][moc][INFO][generic_smbo.py:332] Iter 9, objectives: [10000000000.0].
[2023-04-08 21:21:57,864][moc][WARNING][util_funcs.py:111] Provide "objs" in result is deprecated and will be removed in future versions! Please use "objectives" instead.
[2023-04-08 21:21:57,865][moc][INFO][generic_smbo.py:332] Iter 10, objectives: [10000000000.0].
[2023-04-08 21:21:59,728][moc][WARNING][util_funcs.py:111] Provide "objs" in result is deprecated and will be removed in future versions! Please use "objectives" instead.
[2023-04-08 21:21:59,729][moc][INFO][generic_smbo.py:332] Iter 11, objectives: [10000000000.0].
[2023-04-08 21:22:00,425][moc][WARNING][util_funcs.py:111] Provide "objs" in result is deprecated and will be removed in future versions! Please use "objectives" instead.
[2023-04-08 21:22:00,427][moc][INFO][generic_smbo.py:332] Iter 12, objectives: [10000000000.0].
[2023-04-08 21:22:00,429][moc][INFO][generic_advisor.py:365] Sample random config. rand_prob=0.100000.
[2023-04-08 21:22:00,579][moc][WARNING][util_funcs.py:111] Provide "objs" in result is deprecated and will be removed in future versions! Please use "objectives" instead.
[2023-04-08 21:22:00,580][moc][INFO][generic_smbo.py:332] Iter 13, objectives: [10000000000.0].
[2023-04-08 21:22:00,581][moc][INFO][generic_advisor.py:365] Sample random config. rand_prob=0.100000.
[2023-04-08 21:22:00,700][moc][WARNING][util_funcs.py:111] Provide "objs" in result is deprecated and will be removed in future versions! Please use "objectives" instead.
[2023-04-08 21:22:00,701][moc][INFO][generic_smbo.py:332] Iter 14, objectives: [10000000000.0].
[2023-04-08 21:22:01,918][moc][WARNING][util_funcs.py:111] Provide "objs" in result is deprecated and will be removed in future versions! Please use "objectives" instead.
[2023-04-08 21:22:01,921][moc][INFO][generic_smbo.py:332] Iter 15, objectives: [10000000000.0].
[2023-04-08 21:22:02,768][moc][WARNING][util_funcs.py:111] Provide "objs" in result is deprecated and will be removed in future versions! Please use "objectives" instead.
[2023-04-08 21:22:02,769][moc][INFO][generic_smbo.py:332] Iter 16, objectives: [10000000000.0].
[2023-04-08 21:22:03,842][moc][WARNING][util_funcs.py:111] Provide "objs" in result is deprecated and will be removed in future versions! Please use "objectives" instead.
[2023-04-08 21:22:03,843][moc][INFO][generic_smbo.py:332] Iter 17, objectives: [10000000000.0].
[2023-04-08 21:22:04,689][moc][WARNING][util_funcs.py:111] Provide "objs" in result is deprecated and will be removed in future versions! Please use "objectives" instead.
[2023-04-08 21:22:04,689][moc][INFO][generic_smbo.py:332] Iter 18, objectives: [10000000000.0].
[2023-04-08 21:22:06,238][moc][WARNING][util_funcs.py:111] Provide "objs" in result is deprecated and will be removed in future versions! Please use "objectives" instead.
[2023-04-08 21:22:06,240][moc][INFO][generic_smbo.py:332] Iter 19, objectives: [10000000000.0].
[2023-04-08 21:22:08,102][moc][WARNING][util_funcs.py:111] Provide "objs" in result is deprecated and will be removed in future versions! Please use "objectives" instead.
[2023-04-08 21:22:08,103][moc][INFO][generic_smbo.py:332] Iter 20, objectives: [10000000000.0].
