[2023-04-08 21:09:58,757][moc][INFO][color_logger.py:203] Logfile: /home/chenyiqi/wafer_scale_chip_dse_framework/utility/logs/moc_2023-04-08-21-09-58-756907.log
[2023-04-08 21:09:58,759][moc][INFO][generic_advisor.py:157] [BO auto selection]  acq_type: ei.
[2023-04-08 21:09:59,020][moc][WARNING][util_funcs.py:111] Provide "objs" in result is deprecated and will be removed in future versions! Please use "objectives" instead.
[2023-04-08 21:09:59,021][moc][INFO][generic_smbo.py:332] Iter 1, objectives: [-0.008681800754726084].
[2023-04-08 21:09:59,232][moc][WARNING][util_funcs.py:111] Provide "objs" in result is deprecated and will be removed in future versions! Please use "objectives" instead.
[2023-04-08 21:09:59,233][moc][INFO][generic_smbo.py:332] Iter 2, objectives: [-0.017361766473540003].
[2023-04-08 21:09:59,479][moc][WARNING][util_funcs.py:111] Provide "objs" in result is deprecated and will be removed in future versions! Please use "objectives" instead.
[2023-04-08 21:09:59,480][moc][INFO][generic_smbo.py:332] Iter 3, objectives: [-0.011575313164189619].
[2023-04-08 21:09:59,816][moc][WARNING][util_funcs.py:111] Provide "objs" in result is deprecated and will be removed in future versions! Please use "objectives" instead.
[2023-04-08 21:09:59,817][moc][INFO][generic_smbo.py:332] Iter 4, objectives: [-0.006945589085324262].
[2023-04-08 21:10:00,080][moc][WARNING][util_funcs.py:111] Provide "objs" in result is deprecated and will be removed in future versions! Please use "objectives" instead.
[2023-04-08 21:10:00,080][moc][INFO][generic_smbo.py:332] Iter 5, objectives: [-0.011575329693209674].
[2023-04-08 21:10:00,381][moc][WARNING][util_funcs.py:111] Provide "objs" in result is deprecated and will be removed in future versions! Please use "objectives" instead.
[2023-04-08 21:10:00,383][moc][INFO][generic_smbo.py:332] Iter 6, objectives: [-0.011575321945225646].
[2023-04-08 21:10:01,312][moc][WARNING][util_funcs.py:111] Provide "objs" in result is deprecated and will be removed in future versions! Please use "objectives" instead.
[2023-04-08 21:10:01,313][moc][INFO][generic_smbo.py:332] Iter 7, objectives: [-0.017361766473540003].
[2023-04-08 21:10:02,181][moc][WARNING][util_funcs.py:111] Provide "objs" in result is deprecated and will be removed in future versions! Please use "objectives" instead.
[2023-04-08 21:10:02,182][moc][INFO][generic_smbo.py:332] Iter 8, objectives: [-0.01736178102423863].
[2023-04-08 21:10:03,599][moc][WARNING][util_funcs.py:111] Provide "objs" in result is deprecated and will be removed in future versions! Please use "objectives" instead.
[2023-04-08 21:10:03,600][moc][INFO][generic_smbo.py:332] Iter 9, objectives: [-0.017361766473540003].
[2023-04-08 21:10:03,600][moc][INFO][generic_advisor.py:365] Sample random config. rand_prob=0.100000.
[2023-04-08 21:10:07,801][moc][WARNING][util_funcs.py:111] Provide "objs" in result is deprecated and will be removed in future versions! Please use "objectives" instead.
[2023-04-08 21:10:07,802][moc][INFO][generic_smbo.py:332] Iter 10, objectives: [-0.001929446960176088].
[2023-04-08 21:10:08,695][moc][WARNING][util_funcs.py:111] Provide "objs" in result is deprecated and will be removed in future versions! Please use "objectives" instead.
[2023-04-08 21:10:08,696][moc][INFO][generic_smbo.py:332] Iter 11, objectives: [-0.017361769572297854].
[2023-04-08 21:10:09,910][moc][WARNING][util_funcs.py:111] Provide "objs" in result is deprecated and will be removed in future versions! Please use "objectives" instead.
[2023-04-08 21:10:09,911][moc][INFO][generic_smbo.py:332] Iter 12, objectives: [-0.01736177709785723].
[2023-04-08 21:10:10,655][moc][WARNING][util_funcs.py:111] Provide "objs" in result is deprecated and will be removed in future versions! Please use "objectives" instead.
[2023-04-08 21:10:10,657][moc][INFO][generic_smbo.py:332] Iter 13, objectives: [-0.017361716893564853].
[2023-04-08 21:10:12,660][moc][WARNING][util_funcs.py:111] Provide "objs" in result is deprecated and will be removed in future versions! Please use "objectives" instead.
[2023-04-08 21:10:12,661][moc][INFO][generic_smbo.py:332] Iter 14, objectives: [-0.017361759036525676].
[2023-04-08 21:10:14,086][moc][WARNING][util_funcs.py:111] Provide "objs" in result is deprecated and will be removed in future versions! Please use "objectives" instead.
[2023-04-08 21:10:14,087][moc][INFO][generic_smbo.py:332] Iter 15, objectives: [-0.017361772344871605].
[2023-04-08 21:10:15,211][moc][WARNING][util_funcs.py:111] Provide "objs" in result is deprecated and will be removed in future versions! Please use "objectives" instead.
[2023-04-08 21:10:15,213][moc][INFO][generic_smbo.py:332] Iter 16, objectives: [-0.017361743232891393].
[2023-04-08 21:10:15,904][moc][WARNING][util_funcs.py:111] Provide "objs" in result is deprecated and will be removed in future versions! Please use "objectives" instead.
[2023-04-08 21:10:15,905][moc][INFO][generic_smbo.py:332] Iter 17, objectives: [-0.017361749311208867].
[2023-04-08 21:10:18,592][moc][WARNING][util_funcs.py:111] Provide "objs" in result is deprecated and will be removed in future versions! Please use "objectives" instead.
[2023-04-08 21:10:18,593][moc][INFO][generic_smbo.py:332] Iter 18, objectives: [-0.017361774840188735].
[2023-04-08 21:10:19,361][moc][WARNING][util_funcs.py:111] Provide "objs" in result is deprecated and will be removed in future versions! Please use "objectives" instead.
[2023-04-08 21:10:19,362][moc][INFO][generic_smbo.py:332] Iter 19, objectives: [-0.017361759036525676].
[2023-04-08 21:10:20,626][moc][WARNING][util_funcs.py:111] Provide "objs" in result is deprecated and will be removed in future versions! Please use "objectives" instead.
[2023-04-08 21:10:20,628][moc][INFO][generic_smbo.py:332] Iter 20, objectives: [-0.01736175452119866].
