[2023-04-08 21:08:10,464][moc][INFO][color_logger.py:203] Logfile: /home/chenyiqi/wafer_scale_chip_dse_framework/utility/logs/moc_2023-04-08-21-08-10-464543.log
[2023-04-08 21:08:10,466][moc][INFO][generic_advisor.py:157] [BO auto selection]  acq_type: ei.
[2023-04-08 21:08:10,672][moc][WARNING][util_funcs.py:111] Provide "objs" in result is deprecated and will be removed in future versions! Please use "objectives" instead.
[2023-04-08 21:08:10,673][moc][INFO][generic_smbo.py:332] Iter 1, objectives: [-0.011575324203208491].
[2023-04-08 21:08:10,968][moc][WARNING][util_funcs.py:111] Provide "objs" in result is deprecated and will be removed in future versions! Please use "objectives" instead.
[2023-04-08 21:08:10,969][moc][INFO][generic_smbo.py:332] Iter 2, objectives: [-0.008681800754726084].
[2023-04-08 21:08:11,153][moc][WARNING][util_funcs.py:111] Provide "objs" in result is deprecated and will be removed in future versions! Please use "objectives" instead.
[2023-04-08 21:08:11,155][moc][INFO][generic_smbo.py:332] Iter 3, objectives: [-0.01736175452119866].
[2023-04-08 21:08:11,569][moc][WARNING][util_funcs.py:111] Provide "objs" in result is deprecated and will be removed in future versions! Please use "objectives" instead.
[2023-04-08 21:08:11,570][moc][INFO][generic_smbo.py:332] Iter 4, objectives: [-0.005788071437064676].
[2023-04-08 21:08:11,943][moc][WARNING][util_funcs.py:111] Provide "objs" in result is deprecated and will be removed in future versions! Please use "objectives" instead.
[2023-04-08 21:08:11,944][moc][INFO][generic_smbo.py:332] Iter 5, objectives: [-0.01157533699846126].
[2023-04-08 21:08:12,391][moc][WARNING][util_funcs.py:111] Provide "objs" in result is deprecated and will be removed in future versions! Please use "objectives" instead.
[2023-04-08 21:08:12,392][moc][INFO][generic_smbo.py:332] Iter 6, objectives: [-0.005788071699923808].
[2023-04-08 21:08:12,392][moc][INFO][generic_advisor.py:365] Sample random config. rand_prob=0.100000.
[2023-04-08 21:08:12,631][moc][WARNING][util_funcs.py:111] Provide "objs" in result is deprecated and will be removed in future versions! Please use "objectives" instead.
[2023-04-08 21:08:12,632][moc][INFO][generic_smbo.py:332] Iter 7, objectives: [-0.011575308146460727].
[2023-04-08 21:08:13,471][moc][WARNING][util_funcs.py:111] Provide "objs" in result is deprecated and will be removed in future versions! Please use "objectives" instead.
[2023-04-08 21:08:13,472][moc][INFO][generic_smbo.py:332] Iter 8, objectives: [-0.01736172742928588].
[2023-04-08 21:08:14,220][moc][WARNING][util_funcs.py:111] Provide "objs" in result is deprecated and will be removed in future versions! Please use "objectives" instead.
[2023-04-08 21:08:14,220][moc][INFO][generic_smbo.py:332] Iter 9, objectives: [-0.017361743232891393].
[2023-04-08 21:08:16,032][moc][WARNING][util_funcs.py:111] Provide "objs" in result is deprecated and will be removed in future versions! Please use "objectives" instead.
[2023-04-08 21:08:16,033][moc][INFO][generic_smbo.py:332] Iter 10, objectives: [-0.017361806706678782].
[2023-04-08 21:08:17,235][moc][WARNING][util_funcs.py:111] Provide "objs" in result is deprecated and will be removed in future versions! Please use "objectives" instead.
[2023-04-08 21:08:17,237][moc][INFO][generic_smbo.py:332] Iter 11, objectives: [-0.017361794362400467].
[2023-04-08 21:08:18,261][moc][WARNING][util_funcs.py:111] Provide "objs" in result is deprecated and will be removed in future versions! Please use "objectives" instead.
[2023-04-08 21:08:18,263][moc][INFO][generic_smbo.py:332] Iter 12, objectives: [-0.017361759036525676].
[2023-04-08 21:08:19,845][moc][WARNING][util_funcs.py:111] Provide "objs" in result is deprecated and will be removed in future versions! Please use "objectives" instead.
[2023-04-08 21:08:19,846][moc][INFO][generic_smbo.py:332] Iter 13, objectives: [-0.017361804360315657].
[2023-04-08 21:08:22,317][moc][WARNING][util_funcs.py:111] Provide "objs" in result is deprecated and will be removed in future versions! Please use "objectives" instead.
[2023-04-08 21:08:22,318][moc][INFO][generic_smbo.py:332] Iter 14, objectives: [-0.017361806179741247].
[2023-04-08 21:08:23,116][moc][WARNING][util_funcs.py:111] Provide "objs" in result is deprecated and will be removed in future versions! Please use "objectives" instead.
[2023-04-08 21:08:23,117][moc][INFO][generic_smbo.py:332] Iter 15, objectives: [-0.017361716893564853].
[2023-04-08 21:08:24,043][moc][WARNING][util_funcs.py:111] Provide "objs" in result is deprecated and will be removed in future versions! Please use "objectives" instead.
[2023-04-08 21:08:24,044][moc][INFO][generic_smbo.py:332] Iter 16, objectives: [-0.017361793517282162].
[2023-04-08 21:08:25,578][moc][WARNING][util_funcs.py:111] Provide "objs" in result is deprecated and will be removed in future versions! Please use "objectives" instead.
[2023-04-08 21:08:25,579][moc][INFO][generic_smbo.py:332] Iter 17, objectives: [-0.017361805010898096].
[2023-04-08 21:08:27,289][moc][WARNING][util_funcs.py:111] Provide "objs" in result is deprecated and will be removed in future versions! Please use "objectives" instead.
[2023-04-08 21:08:27,290][moc][INFO][generic_smbo.py:332] Iter 18, objectives: [-0.017361804016257653].
[2023-04-08 21:08:28,721][moc][WARNING][util_funcs.py:111] Provide "objs" in result is deprecated and will be removed in future versions! Please use "objectives" instead.
[2023-04-08 21:08:28,723][moc][INFO][generic_smbo.py:332] Iter 19, objectives: [-0.017361769572297854].
[2023-04-08 21:08:29,973][moc][WARNING][util_funcs.py:111] Provide "objs" in result is deprecated and will be removed in future versions! Please use "objectives" instead.
[2023-04-08 21:08:29,974][moc][INFO][generic_smbo.py:332] Iter 20, objectives: [-0.01736178274203105].
