[2023-04-08 21:03:03,778][moc][INFO][color_logger.py:203] Logfile: /home/chenyiqi/wafer_scale_chip_dse_framework/utility/logs/moc_2023-04-08-21-03-03-774455.log
[2023-04-08 21:03:03,783][moc][INFO][generic_advisor.py:157] [BO auto selection]  acq_type: ei.
[2023-04-08 21:03:04,016][moc][WARNING][util_funcs.py:111] Provide "objs" in result is deprecated and will be removed in future versions! Please use "objectives" instead.
[2023-04-08 21:03:04,017][moc][INFO][generic_smbo.py:332] Iter 1, objectives: [-0.011575319550396316].
[2023-04-08 21:03:04,280][moc][WARNING][util_funcs.py:111] Provide "objs" in result is deprecated and will be removed in future versions! Please use "objectives" instead.
[2023-04-08 21:03:04,281][moc][INFO][generic_smbo.py:332] Iter 2, objectives: [-0.011575332482486465].
[2023-04-08 21:03:04,502][moc][WARNING][util_funcs.py:111] Provide "objs" in result is deprecated and will be removed in future versions! Please use "objectives" instead.
[2023-04-08 21:03:04,503][moc][INFO][generic_smbo.py:332] Iter 3, objectives: [-0.011575313164189619].
[2023-04-08 21:03:04,863][moc][WARNING][util_funcs.py:111] Provide "objs" in result is deprecated and will be removed in future versions! Please use "objectives" instead.
[2023-04-08 21:03:04,864][moc][INFO][generic_smbo.py:332] Iter 4, objectives: [-0.008681804420119654].
[2023-04-08 21:03:05,079][moc][WARNING][util_funcs.py:111] Provide "objs" in result is deprecated and will be removed in future versions! Please use "objectives" instead.
[2023-04-08 21:03:05,080][moc][INFO][generic_smbo.py:332] Iter 5, objectives: [-0.017361743232891393].
[2023-04-08 21:03:05,810][moc][WARNING][util_funcs.py:111] Provide "objs" in result is deprecated and will be removed in future versions! Please use "objectives" instead.
[2023-04-08 21:03:05,811][moc][INFO][generic_smbo.py:332] Iter 6, objectives: [-0.0069455906312028875].
[2023-04-08 21:03:06,637][moc][WARNING][util_funcs.py:111] Provide "objs" in result is deprecated and will be removed in future versions! Please use "objectives" instead.
[2023-04-08 21:03:06,638][moc][INFO][generic_smbo.py:332] Iter 7, objectives: [-0.017361736049430775].
[2023-04-08 21:03:07,337][moc][WARNING][util_funcs.py:111] Provide "objs" in result is deprecated and will be removed in future versions! Please use "objectives" instead.
[2023-04-08 21:03:07,339][moc][INFO][generic_smbo.py:332] Iter 8, objectives: [-0.017361743232891393].
[2023-04-08 21:03:08,350][moc][WARNING][util_funcs.py:111] Provide "objs" in result is deprecated and will be removed in future versions! Please use "objectives" instead.
[2023-04-08 21:03:08,351][moc][INFO][generic_smbo.py:332] Iter 9, objectives: [-0.01736172742928588].
[2023-04-08 21:03:09,244][moc][WARNING][util_funcs.py:111] Provide "objs" in result is deprecated and will be removed in future versions! Please use "objectives" instead.
[2023-04-08 21:03:09,245][moc][INFO][generic_smbo.py:332] Iter 10, objectives: [-0.017361749311208867].
[2023-04-08 21:03:10,245][moc][WARNING][util_funcs.py:111] Provide "objs" in result is deprecated and will be removed in future versions! Please use "objectives" instead.
[2023-04-08 21:03:10,246][moc][INFO][generic_smbo.py:332] Iter 11, objectives: [-0.017361749311208867].
[2023-04-08 21:03:11,226][moc][WARNING][util_funcs.py:111] Provide "objs" in result is deprecated and will be removed in future versions! Please use "objectives" instead.
[2023-04-08 21:03:11,227][moc][INFO][generic_smbo.py:332] Iter 12, objectives: [-0.017361743232891393].
[2023-04-08 21:03:12,305][moc][WARNING][util_funcs.py:111] Provide "objs" in result is deprecated and will be removed in future versions! Please use "objectives" instead.
[2023-04-08 21:03:12,306][moc][INFO][generic_smbo.py:332] Iter 13, objectives: [-0.01736175452119866].
[2023-04-08 21:03:13,277][moc][WARNING][util_funcs.py:111] Provide "objs" in result is deprecated and will be removed in future versions! Please use "objectives" instead.
[2023-04-08 21:03:13,278][moc][INFO][generic_smbo.py:332] Iter 14, objectives: [-0.017361736049430775].
[2023-04-08 21:03:14,341][moc][WARNING][util_funcs.py:111] Provide "objs" in result is deprecated and will be removed in future versions! Please use "objectives" instead.
[2023-04-08 21:03:14,342][moc][INFO][generic_smbo.py:332] Iter 15, objectives: [-0.017361749311208867].
[2023-04-08 21:03:14,343][moc][INFO][generic_advisor.py:365] Sample random config. rand_prob=0.100000.
[2023-04-08 21:03:15,365][moc][WARNING][util_funcs.py:111] Provide "objs" in result is deprecated and will be removed in future versions! Please use "objectives" instead.
[2023-04-08 21:03:15,367][moc][INFO][generic_smbo.py:332] Iter 16, objectives: [-0.003858804426942559].
[2023-04-08 21:03:16,603][moc][WARNING][util_funcs.py:111] Provide "objs" in result is deprecated and will be removed in future versions! Please use "objectives" instead.
[2023-04-08 21:03:16,605][moc][INFO][generic_smbo.py:332] Iter 17, objectives: [-0.017361743232891393].
[2023-04-08 21:03:17,794][moc][WARNING][util_funcs.py:111] Provide "objs" in result is deprecated and will be removed in future versions! Please use "objectives" instead.
[2023-04-08 21:03:17,796][moc][INFO][generic_smbo.py:332] Iter 18, objectives: [-0.017361743232891393].
[2023-04-08 21:03:18,716][moc][WARNING][util_funcs.py:111] Provide "objs" in result is deprecated and will be removed in future versions! Please use "objectives" instead.
[2023-04-08 21:03:18,719][moc][INFO][generic_smbo.py:332] Iter 19, objectives: [-0.017361736049430775].
[2023-04-08 21:03:19,937][moc][WARNING][util_funcs.py:111] Provide "objs" in result is deprecated and will be removed in future versions! Please use "objectives" instead.
[2023-04-08 21:03:19,938][moc][INFO][generic_smbo.py:332] Iter 20, objectives: [-0.017361749311208867].
