[2023-04-08 21:03:03,792][moc][INFO][color_logger.py:203] Logfile: /home/chenyiqi/wafer_scale_chip_dse_framework/utility/logs/moc_2023-04-08-21-03-03-784375.log
[2023-04-08 21:03:03,806][moc][INFO][generic_advisor.py:157] [BO auto selection]  acq_type: ei.
[2023-04-08 21:03:04,164][moc][WARNING][util_funcs.py:111] Provide "objs" in result is deprecated and will be removed in future versions! Please use "objectives" instead.
[2023-04-08 21:03:04,166][moc][INFO][generic_smbo.py:332] Iter 1, objectives: [-0.011575332482486465].
[2023-04-08 21:03:05,421][moc][WARNING][util_funcs.py:111] Provide "objs" in result is deprecated and will be removed in future versions! Please use "objectives" instead.
[2023-04-08 21:03:05,421][moc][INFO][generic_smbo.py:332] Iter 2, objectives: [-0.004341130189065275].
[2023-04-08 21:03:07,462][moc][WARNING][util_funcs.py:111] Provide "objs" in result is deprecated and will be removed in future versions! Please use "objectives" instead.
[2023-04-08 21:03:07,463][moc][INFO][generic_smbo.py:332] Iter 3, objectives: [-0.004961254802257489].
[2023-04-08 21:03:07,895][moc][WARNING][util_funcs.py:111] Provide "objs" in result is deprecated and will be removed in future versions! Please use "objectives" instead.
[2023-04-08 21:03:07,896][moc][INFO][generic_smbo.py:332] Iter 4, objectives: [-0.008681795485728252].
[2023-04-08 21:03:08,142][moc][WARNING][util_funcs.py:111] Provide "objs" in result is deprecated and will be removed in future versions! Please use "objectives" instead.
[2023-04-08 21:03:08,143][moc][INFO][generic_smbo.py:332] Iter 5, objectives: [-0.011575313164189619].
[2023-04-08 21:03:08,873][moc][WARNING][util_funcs.py:111] Provide "objs" in result is deprecated and will be removed in future versions! Please use "objectives" instead.
[2023-04-08 21:03:08,874][moc][INFO][generic_smbo.py:332] Iter 6, objectives: [-0.005788071699923808].
[2023-04-08 21:03:10,444][moc][WARNING][util_funcs.py:111] Provide "objs" in result is deprecated and will be removed in future versions! Please use "objectives" instead.
[2023-04-08 21:03:10,445][moc][INFO][generic_smbo.py:332] Iter 7, objectives: [-0.017361703723931553].
[2023-04-08 21:03:11,063][moc][WARNING][util_funcs.py:111] Provide "objs" in result is deprecated and will be removed in future versions! Please use "objectives" instead.
[2023-04-08 21:03:11,064][moc][INFO][generic_smbo.py:332] Iter 8, objectives: [-0.017361716893564853].
[2023-04-08 21:03:12,126][moc][WARNING][util_funcs.py:111] Provide "objs" in result is deprecated and will be removed in future versions! Please use "objectives" instead.
[2023-04-08 21:03:12,127][moc][INFO][generic_smbo.py:332] Iter 9, objectives: [-0.017361716893564853].
[2023-04-08 21:03:12,903][moc][WARNING][util_funcs.py:111] Provide "objs" in result is deprecated and will be removed in future versions! Please use "objectives" instead.
[2023-04-08 21:03:12,904][moc][INFO][generic_smbo.py:332] Iter 10, objectives: [-0.017361703723931553].
[2023-04-08 21:03:13,916][moc][WARNING][util_funcs.py:111] Provide "objs" in result is deprecated and will be removed in future versions! Please use "objectives" instead.
[2023-04-08 21:03:13,917][moc][INFO][generic_smbo.py:332] Iter 11, objectives: [-0.017361749311208867].
[2023-04-08 21:03:14,791][moc][WARNING][util_funcs.py:111] Provide "objs" in result is deprecated and will be removed in future versions! Please use "objectives" instead.
[2023-04-08 21:03:14,794][moc][INFO][generic_smbo.py:332] Iter 12, objectives: [-0.01736172742928588].
[2023-04-08 21:03:16,535][moc][WARNING][util_funcs.py:111] Provide "objs" in result is deprecated and will be removed in future versions! Please use "objectives" instead.
[2023-04-08 21:03:16,536][moc][INFO][generic_smbo.py:332] Iter 13, objectives: [-0.011575303128736187].
[2023-04-08 21:03:17,348][moc][WARNING][util_funcs.py:111] Provide "objs" in result is deprecated and will be removed in future versions! Please use "objectives" instead.
[2023-04-08 21:03:17,349][moc][INFO][generic_smbo.py:332] Iter 14, objectives: [-0.017361759036525676].
[2023-04-08 21:03:18,855][moc][WARNING][util_funcs.py:111] Provide "objs" in result is deprecated and will be removed in future versions! Please use "objectives" instead.
[2023-04-08 21:03:18,856][moc][INFO][generic_smbo.py:332] Iter 15, objectives: [-0.017361785781203086].
[2023-04-08 21:03:18,857][moc][INFO][generic_advisor.py:365] Sample random config. rand_prob=0.100000.
[2023-04-08 21:03:19,794][moc][WARNING][util_funcs.py:111] Provide "objs" in result is deprecated and will be removed in future versions! Please use "objectives" instead.
[2023-04-08 21:03:19,795][moc][INFO][generic_smbo.py:332] Iter 16, objectives: [-0.005788072945338957].
[2023-04-08 21:03:20,863][moc][WARNING][util_funcs.py:111] Provide "objs" in result is deprecated and will be removed in future versions! Please use "objectives" instead.
[2023-04-08 21:03:20,864][moc][INFO][generic_smbo.py:332] Iter 17, objectives: [-0.017361769572297854].
[2023-04-08 21:03:21,997][moc][WARNING][util_funcs.py:111] Provide "objs" in result is deprecated and will be removed in future versions! Please use "objectives" instead.
[2023-04-08 21:03:21,999][moc][INFO][generic_smbo.py:332] Iter 18, objectives: [-0.01736175452119866].
[2023-04-08 21:03:23,408][moc][WARNING][util_funcs.py:111] Provide "objs" in result is deprecated and will be removed in future versions! Please use "objectives" instead.
[2023-04-08 21:03:23,409][moc][INFO][generic_smbo.py:332] Iter 19, objectives: [-0.017361716893564853].
[2023-04-08 21:03:24,186][moc][WARNING][util_funcs.py:111] Provide "objs" in result is deprecated and will be removed in future versions! Please use "objectives" instead.
[2023-04-08 21:03:24,187][moc][INFO][generic_smbo.py:332] Iter 20, objectives: [-0.017361736049430775].
