[2023-04-08 21:21:51,380][moc][INFO][color_logger.py:203] Logfile: /home/chenyiqi/wafer_scale_chip_dse_framework/utility/logs/moc_2023-04-08-21-21-51-380235.log
[2023-04-08 21:21:51,382][moc][INFO][generic_advisor.py:157] [BO auto selection]  acq_type: ei.
[2023-04-08 21:21:51,511][moc][WARNING][util_funcs.py:111] Provide "objs" in result is deprecated and will be removed in future versions! Please use "objectives" instead.
[2023-04-08 21:21:51,512][moc][INFO][generic_smbo.py:332] Iter 1, objectives: [10000000000.0].
[2023-04-08 21:21:51,616][moc][WARNING][util_funcs.py:111] Provide "objs" in result is deprecated and will be removed in future versions! Please use "objectives" instead.
[2023-04-08 21:21:51,617][moc][INFO][generic_smbo.py:332] Iter 2, objectives: [10000000000.0].
[2023-04-08 21:21:51,713][moc][WARNING][util_funcs.py:111] Provide "objs" in result is deprecated and will be removed in future versions! Please use "objectives" instead.
[2023-04-08 21:21:51,714][moc][INFO][generic_smbo.py:332] Iter 3, objectives: [10000000000.0].
[2023-04-08 21:21:51,800][moc][WARNING][util_funcs.py:111] Provide "objs" in result is deprecated and will be removed in future versions! Please use "objectives" instead.
[2023-04-08 21:21:51,801][moc][INFO][generic_smbo.py:332] Iter 4, objectives: [10000000000.0].
[2023-04-08 21:21:51,901][moc][WARNING][util_funcs.py:111] Provide "objs" in result is deprecated and will be removed in future versions! Please use "objectives" instead.
[2023-04-08 21:21:51,902][moc][INFO][generic_smbo.py:332] Iter 5, objectives: [10000000000.0].
[2023-04-08 21:21:52,240][moc][WARNING][util_funcs.py:111] Provide "objs" in result is deprecated and will be removed in future versions! Please use "objectives" instead.
[2023-04-08 21:21:52,241][moc][INFO][generic_smbo.py:332] Iter 6, objectives: [10000000000.0].
[2023-04-08 21:21:53,143][moc][WARNING][util_funcs.py:111] Provide "objs" in result is deprecated and will be removed in future versions! Please use "objectives" instead.
[2023-04-08 21:21:53,144][moc][INFO][generic_smbo.py:332] Iter 7, objectives: [10000000000.0].
[2023-04-08 21:21:53,755][moc][WARNING][util_funcs.py:111] Provide "objs" in result is deprecated and will be removed in future versions! Please use "objectives" instead.
[2023-04-08 21:21:53,756][moc][INFO][generic_smbo.py:332] Iter 8, objectives: [10000000000.0].
[2023-04-08 21:21:54,836][moc][WARNING][util_funcs.py:111] Provide "objs" in result is deprecated and will be removed in future versions! Please use "objectives" instead.
[2023-04-08 21:21:54,837][moc][INFO][generic_smbo.py:332] Iter 9, objectives: [10000000000.0].
[2023-04-08 21:21:55,759][moc][WARNING][util_funcs.py:111] Provide "objs" in result is deprecated and will be removed in future versions! Please use "objectives" instead.
[2023-04-08 21:21:55,759][moc][INFO][generic_smbo.py:332] Iter 10, objectives: [10000000000.0].
[2023-04-08 21:21:57,681][moc][WARNING][util_funcs.py:111] Provide "objs" in result is deprecated and will be removed in future versions! Please use "objectives" instead.
[2023-04-08 21:21:57,682][moc][INFO][generic_smbo.py:332] Iter 11, objectives: [10000000000.0].
[2023-04-08 21:21:59,647][moc][WARNING][util_funcs.py:111] Provide "objs" in result is deprecated and will be removed in future versions! Please use "objectives" instead.
[2023-04-08 21:21:59,648][moc][INFO][generic_smbo.py:332] Iter 12, objectives: [10000000000.0].
[2023-04-08 21:21:59,648][moc][INFO][generic_advisor.py:365] Sample random config. rand_prob=0.100000.
[2023-04-08 21:21:59,775][moc][WARNING][util_funcs.py:111] Provide "objs" in result is deprecated and will be removed in future versions! Please use "objectives" instead.
[2023-04-08 21:21:59,777][moc][INFO][generic_smbo.py:332] Iter 13, objectives: [10000000000.0].
[2023-04-08 21:21:59,779][moc][INFO][generic_advisor.py:365] Sample random config. rand_prob=0.100000.
[2023-04-08 21:21:59,958][moc][WARNING][util_funcs.py:111] Provide "objs" in result is deprecated and will be removed in future versions! Please use "objectives" instead.
[2023-04-08 21:21:59,960][moc][INFO][generic_smbo.py:332] Iter 14, objectives: [10000000000.0].
[2023-04-08 21:22:01,005][moc][WARNING][util_funcs.py:111] Provide "objs" in result is deprecated and will be removed in future versions! Please use "objectives" instead.
[2023-04-08 21:22:01,006][moc][INFO][generic_smbo.py:332] Iter 15, objectives: [10000000000.0].
[2023-04-08 21:22:01,726][moc][WARNING][util_funcs.py:111] Provide "objs" in result is deprecated and will be removed in future versions! Please use "objectives" instead.
[2023-04-08 21:22:01,728][moc][INFO][generic_smbo.py:332] Iter 16, objectives: [10000000000.0].
[2023-04-08 21:22:02,475][moc][WARNING][util_funcs.py:111] Provide "objs" in result is deprecated and will be removed in future versions! Please use "objectives" instead.
[2023-04-08 21:22:02,476][moc][INFO][generic_smbo.py:332] Iter 17, objectives: [10000000000.0].
[2023-04-08 21:22:03,325][moc][WARNING][util_funcs.py:111] Provide "objs" in result is deprecated and will be removed in future versions! Please use "objectives" instead.
[2023-04-08 21:22:03,326][moc][INFO][generic_smbo.py:332] Iter 18, objectives: [10000000000.0].
[2023-04-08 21:22:04,306][moc][WARNING][util_funcs.py:111] Provide "objs" in result is deprecated and will be removed in future versions! Please use "objectives" instead.
[2023-04-08 21:22:04,307][moc][INFO][generic_smbo.py:332] Iter 19, objectives: [10000000000.0].
[2023-04-08 21:22:04,992][moc][WARNING][util_funcs.py:111] Provide "objs" in result is deprecated and will be removed in future versions! Please use "objectives" instead.
[2023-04-08 21:22:05,008][moc][INFO][generic_smbo.py:332] Iter 20, objectives: [10000000000.0].
