[2023-04-08 21:08:10,463][moc][INFO][color_logger.py:203] Logfile: /home/chenyiqi/wafer_scale_chip_dse_framework/utility/logs/moc_2023-04-08-21-08-10-463012.log
[2023-04-08 21:08:10,465][moc][INFO][generic_advisor.py:157] [BO auto selection]  acq_type: ei.
[2023-04-08 21:08:10,844][moc][WARNING][util_funcs.py:111] Provide "objs" in result is deprecated and will be removed in future versions! Please use "objectives" instead.
[2023-04-08 21:08:10,845][moc][INFO][generic_smbo.py:332] Iter 1, objectives: [-0.004961253684297419].
[2023-04-08 21:08:11,056][moc][WARNING][util_funcs.py:111] Provide "objs" in result is deprecated and will be removed in future versions! Please use "objectives" instead.
[2023-04-08 21:08:11,058][moc][INFO][generic_smbo.py:332] Iter 2, objectives: [-0.017361743232891393].
[2023-04-08 21:08:12,569][moc][WARNING][util_funcs.py:111] Provide "objs" in result is deprecated and will be removed in future versions! Please use "objectives" instead.
[2023-04-08 21:08:12,570][moc][INFO][generic_smbo.py:332] Iter 3, objectives: [-0.005788073375573406].
[2023-04-08 21:08:12,942][moc][WARNING][util_funcs.py:111] Provide "objs" in result is deprecated and will be removed in future versions! Please use "objectives" instead.
[2023-04-08 21:08:12,943][moc][INFO][generic_smbo.py:332] Iter 4, objectives: [-0.008681799437476026].
[2023-04-08 21:08:13,149][moc][WARNING][util_funcs.py:111] Provide "objs" in result is deprecated and will be removed in future versions! Please use "objectives" instead.
[2023-04-08 21:08:13,150][moc][INFO][generic_smbo.py:332] Iter 5, objectives: [-0.011575313164189619].
[2023-04-08 21:08:14,161][moc][WARNING][util_funcs.py:111] Provide "objs" in result is deprecated and will be removed in future versions! Please use "objectives" instead.
[2023-04-08 21:08:14,162][moc][INFO][generic_smbo.py:332] Iter 6, objectives: [-0.0038588044573588313].
[2023-04-08 21:08:14,162][moc][INFO][generic_advisor.py:365] Sample random config. rand_prob=0.100000.
[2023-04-08 21:08:14,640][moc][WARNING][util_funcs.py:111] Provide "objs" in result is deprecated and will be removed in future versions! Please use "objectives" instead.
[2023-04-08 21:08:14,641][moc][INFO][generic_smbo.py:332] Iter 7, objectives: [-0.0057880712199201954].
[2023-04-08 21:08:16,050][moc][WARNING][util_funcs.py:111] Provide "objs" in result is deprecated and will be removed in future versions! Please use "objectives" instead.
[2023-04-08 21:08:16,051][moc][INFO][generic_smbo.py:332] Iter 8, objectives: [-0.017361703723931553].
[2023-04-08 21:08:16,916][moc][WARNING][util_funcs.py:111] Provide "objs" in result is deprecated and will be removed in future versions! Please use "objectives" instead.
[2023-04-08 21:08:16,917][moc][INFO][generic_smbo.py:332] Iter 9, objectives: [-0.017361716893564853].
[2023-04-08 21:08:17,901][moc][WARNING][util_funcs.py:111] Provide "objs" in result is deprecated and will be removed in future versions! Please use "objectives" instead.
[2023-04-08 21:08:17,902][moc][INFO][generic_smbo.py:332] Iter 10, objectives: [-0.011575312160643492].
[2023-04-08 21:08:18,863][moc][WARNING][util_funcs.py:111] Provide "objs" in result is deprecated and will be removed in future versions! Please use "objectives" instead.
[2023-04-08 21:08:18,864][moc][INFO][generic_smbo.py:332] Iter 11, objectives: [-0.011575308146460727].
[2023-04-08 21:08:19,956][moc][WARNING][util_funcs.py:111] Provide "objs" in result is deprecated and will be removed in future versions! Please use "objectives" instead.
[2023-04-08 21:08:19,957][moc][INFO][generic_smbo.py:332] Iter 12, objectives: [-0.011575319550396316].
[2023-04-08 21:08:21,428][moc][WARNING][util_funcs.py:111] Provide "objs" in result is deprecated and will be removed in future versions! Please use "objectives" instead.
[2023-04-08 21:08:21,429][moc][INFO][generic_smbo.py:332] Iter 13, objectives: [-0.017361703723931553].
[2023-04-08 21:08:22,549][moc][WARNING][util_funcs.py:111] Provide "objs" in result is deprecated and will be removed in future versions! Please use "objectives" instead.
[2023-04-08 21:08:22,551][moc][INFO][generic_smbo.py:332] Iter 14, objectives: [-0.017361716893564853].
[2023-04-08 21:08:23,738][moc][WARNING][util_funcs.py:111] Provide "objs" in result is deprecated and will be removed in future versions! Please use "objectives" instead.
[2023-04-08 21:08:23,740][moc][INFO][generic_smbo.py:332] Iter 15, objectives: [-0.017361716893564853].
[2023-04-08 21:08:25,003][moc][WARNING][util_funcs.py:111] Provide "objs" in result is deprecated and will be removed in future versions! Please use "objectives" instead.
[2023-04-08 21:08:25,004][moc][INFO][generic_smbo.py:332] Iter 16, objectives: [-0.017361749311208867].
[2023-04-08 21:08:25,934][moc][WARNING][util_funcs.py:111] Provide "objs" in result is deprecated and will be removed in future versions! Please use "objectives" instead.
[2023-04-08 21:08:25,935][moc][INFO][generic_smbo.py:332] Iter 17, objectives: [-0.01736172742928588].
[2023-04-08 21:08:27,143][moc][WARNING][util_funcs.py:111] Provide "objs" in result is deprecated and will be removed in future versions! Please use "objectives" instead.
[2023-04-08 21:08:27,144][moc][INFO][generic_smbo.py:332] Iter 18, objectives: [-0.017361716893564853].
[2023-04-08 21:08:28,625][moc][WARNING][util_funcs.py:111] Provide "objs" in result is deprecated and will be removed in future versions! Please use "objectives" instead.
[2023-04-08 21:08:28,626][moc][INFO][generic_smbo.py:332] Iter 19, objectives: [-0.01736175452119866].
[2023-04-08 21:08:29,829][moc][WARNING][util_funcs.py:111] Provide "objs" in result is deprecated and will be removed in future versions! Please use "objectives" instead.
[2023-04-08 21:08:29,831][moc][INFO][generic_smbo.py:332] Iter 20, objectives: [-0.017361743232891393].
