[2023-04-08 21:03:03,791][moc][INFO][color_logger.py:203] Logfile: /home/chenyiqi/wafer_scale_chip_dse_framework/utility/logs/moc_2023-04-08-21-03-03-788961.log
[2023-04-08 21:03:03,793][moc][INFO][generic_advisor.py:157] [BO auto selection]  acq_type: ei.
[2023-04-08 21:03:03,985][moc][WARNING][util_funcs.py:111] Provide "objs" in result is deprecated and will be removed in future versions! Please use "objectives" instead.
[2023-04-08 21:03:03,986][moc][INFO][generic_smbo.py:332] Iter 1, objectives: [-0.017361749311208867].
[2023-04-08 21:03:06,189][moc][WARNING][util_funcs.py:111] Provide "objs" in result is deprecated and will be removed in future versions! Please use "objectives" instead.
[2023-04-08 21:03:06,190][moc][INFO][generic_smbo.py:332] Iter 2, objectives: [-0.003157230452534585].
[2023-04-08 21:03:06,709][moc][WARNING][util_funcs.py:111] Provide "objs" in result is deprecated and will be removed in future versions! Please use "objectives" instead.
[2023-04-08 21:03:06,710][moc][INFO][generic_smbo.py:332] Iter 3, objectives: [-0.00868180376558486].
[2023-04-08 21:03:07,270][moc][WARNING][util_funcs.py:111] Provide "objs" in result is deprecated and will be removed in future versions! Please use "objectives" instead.
[2023-04-08 21:03:07,271][moc][INFO][generic_smbo.py:332] Iter 4, objectives: [-0.008681802973253402].
[2023-04-08 21:03:07,777][moc][WARNING][util_funcs.py:111] Provide "objs" in result is deprecated and will be removed in future versions! Please use "objectives" instead.
[2023-04-08 21:03:07,778][moc][INFO][generic_smbo.py:332] Iter 5, objectives: [-0.017361790643880562].
[2023-04-08 21:03:08,080][moc][WARNING][util_funcs.py:111] Provide "objs" in result is deprecated and will be removed in future versions! Please use "objectives" instead.
[2023-04-08 21:03:08,081][moc][INFO][generic_smbo.py:332] Iter 6, objectives: [-0.017361736049430775].
[2023-04-08 21:03:09,230][moc][WARNING][util_funcs.py:111] Provide "objs" in result is deprecated and will be removed in future versions! Please use "objectives" instead.
[2023-04-08 21:03:09,232][moc][INFO][generic_smbo.py:332] Iter 7, objectives: [-0.017361703723931553].
[2023-04-08 21:03:09,979][moc][WARNING][util_funcs.py:111] Provide "objs" in result is deprecated and will be removed in future versions! Please use "objectives" instead.
[2023-04-08 21:03:09,980][moc][INFO][generic_smbo.py:332] Iter 8, objectives: [-0.017361703723931553].
[2023-04-08 21:03:11,006][moc][WARNING][util_funcs.py:111] Provide "objs" in result is deprecated and will be removed in future versions! Please use "objectives" instead.
[2023-04-08 21:03:11,007][moc][INFO][generic_smbo.py:332] Iter 9, objectives: [-0.017361703723931553].
[2023-04-08 21:03:11,940][moc][WARNING][util_funcs.py:111] Provide "objs" in result is deprecated and will be removed in future versions! Please use "objectives" instead.
[2023-04-08 21:03:11,941][moc][INFO][generic_smbo.py:332] Iter 10, objectives: [-0.017361769572297854].
[2023-04-08 21:03:12,833][moc][WARNING][util_funcs.py:111] Provide "objs" in result is deprecated and will be removed in future versions! Please use "objectives" instead.
[2023-04-08 21:03:12,833][moc][INFO][generic_smbo.py:332] Iter 11, objectives: [-0.017361762987438745].
[2023-04-08 21:03:13,966][moc][WARNING][util_funcs.py:111] Provide "objs" in result is deprecated and will be removed in future versions! Please use "objectives" instead.
[2023-04-08 21:03:13,967][moc][INFO][generic_smbo.py:332] Iter 12, objectives: [-0.017361785781203086].
[2023-04-08 21:03:15,364][moc][WARNING][util_funcs.py:111] Provide "objs" in result is deprecated and will be removed in future versions! Please use "objectives" instead.
[2023-04-08 21:03:15,366][moc][INFO][generic_smbo.py:332] Iter 13, objectives: [-0.017361743232891393].
[2023-04-08 21:03:16,527][moc][WARNING][util_funcs.py:111] Provide "objs" in result is deprecated and will be removed in future versions! Please use "objectives" instead.
[2023-04-08 21:03:16,528][moc][INFO][generic_smbo.py:332] Iter 14, objectives: [-0.017361716893564853].
[2023-04-08 21:03:17,579][moc][WARNING][util_funcs.py:111] Provide "objs" in result is deprecated and will be removed in future versions! Please use "objectives" instead.
[2023-04-08 21:03:17,580][moc][INFO][generic_smbo.py:332] Iter 15, objectives: [-0.011575303128736187].
[2023-04-08 21:03:17,580][moc][INFO][generic_advisor.py:365] Sample random config. rand_prob=0.100000.
[2023-04-08 21:03:17,875][moc][WARNING][util_funcs.py:111] Provide "objs" in result is deprecated and will be removed in future versions! Please use "objectives" instead.
[2023-04-08 21:03:17,876][moc][INFO][generic_smbo.py:332] Iter 16, objectives: [-0.011575313164189619].
[2023-04-08 21:03:18,778][moc][WARNING][util_funcs.py:111] Provide "objs" in result is deprecated and will be removed in future versions! Please use "objectives" instead.
[2023-04-08 21:03:18,780][moc][INFO][generic_smbo.py:332] Iter 17, objectives: [-0.017361769572297854].
[2023-04-08 21:03:19,995][moc][WARNING][util_funcs.py:111] Provide "objs" in result is deprecated and will be removed in future versions! Please use "objectives" instead.
[2023-04-08 21:03:19,996][moc][INFO][generic_smbo.py:332] Iter 18, objectives: [-0.017361762987438745].
[2023-04-08 21:03:20,861][moc][WARNING][util_funcs.py:111] Provide "objs" in result is deprecated and will be removed in future versions! Please use "objectives" instead.
[2023-04-08 21:03:20,862][moc][INFO][generic_smbo.py:332] Iter 19, objectives: [-0.017361716893564853].
[2023-04-08 21:03:22,008][moc][WARNING][util_funcs.py:111] Provide "objs" in result is deprecated and will be removed in future versions! Please use "objectives" instead.
[2023-04-08 21:03:22,009][moc][INFO][generic_smbo.py:332] Iter 20, objectives: [-0.01157531818192286].
