[2023-04-08 21:09:58,654][moc][INFO][color_logger.py:203] Logfile: /home/chenyiqi/wafer_scale_chip_dse_framework/utility/logs/moc_2023-04-08-21-09-58-653775.log
[2023-04-08 21:09:58,656][moc][INFO][generic_advisor.py:157] [BO auto selection]  acq_type: ei.
[2023-04-08 21:09:59,195][moc][WARNING][util_funcs.py:111] Provide "objs" in result is deprecated and will be removed in future versions! Please use "objectives" instead.
[2023-04-08 21:09:59,196][moc][INFO][generic_smbo.py:332] Iter 1, objectives: [-0.004341129851340191].
[2023-04-08 21:09:59,372][moc][WARNING][util_funcs.py:111] Provide "objs" in result is deprecated and will be removed in future versions! Please use "objectives" instead.
[2023-04-08 21:09:59,373][moc][INFO][generic_smbo.py:332] Iter 2, objectives: [-0.01736172742928588].
[2023-04-08 21:09:59,654][moc][WARNING][util_funcs.py:111] Provide "objs" in result is deprecated and will be removed in future versions! Please use "objectives" instead.
[2023-04-08 21:09:59,656][moc][INFO][generic_smbo.py:332] Iter 3, objectives: [-0.011575327213853657].
[2023-04-08 21:10:00,701][moc][WARNING][util_funcs.py:111] Provide "objs" in result is deprecated and will be removed in future versions! Please use "objectives" instead.
[2023-04-08 21:10:00,703][moc][INFO][generic_smbo.py:332] Iter 4, objectives: [-0.004961254676560895].
[2023-04-08 21:10:01,043][moc][WARNING][util_funcs.py:111] Provide "objs" in result is deprecated and will be removed in future versions! Please use "objectives" instead.
[2023-04-08 21:10:01,044][moc][INFO][generic_smbo.py:332] Iter 5, objectives: [-0.008681802973253402].
[2023-04-08 21:10:01,708][moc][WARNING][util_funcs.py:111] Provide "objs" in result is deprecated and will be removed in future versions! Please use "objectives" instead.
[2023-04-08 21:10:01,709][moc][INFO][generic_smbo.py:332] Iter 6, objectives: [-0.006945588209740017].
[2023-04-08 21:10:02,730][moc][WARNING][util_funcs.py:111] Provide "objs" in result is deprecated and will be removed in future versions! Please use "objectives" instead.
[2023-04-08 21:10:02,731][moc][INFO][generic_smbo.py:332] Iter 7, objectives: [-0.017361716893564853].
[2023-04-08 21:10:03,434][moc][WARNING][util_funcs.py:111] Provide "objs" in result is deprecated and will be removed in future versions! Please use "objectives" instead.
[2023-04-08 21:10:03,435][moc][INFO][generic_smbo.py:332] Iter 8, objectives: [-0.017361703723931553].
[2023-04-08 21:10:04,418][moc][WARNING][util_funcs.py:111] Provide "objs" in result is deprecated and will be removed in future versions! Please use "objectives" instead.
[2023-04-08 21:10:04,419][moc][INFO][generic_smbo.py:332] Iter 9, objectives: [-0.01736172742928588].
[2023-04-08 21:10:04,420][moc][INFO][generic_advisor.py:365] Sample random config. rand_prob=0.100000.
[2023-04-08 21:10:04,694][moc][WARNING][util_funcs.py:111] Provide "objs" in result is deprecated and will be removed in future versions! Please use "objectives" instead.
[2023-04-08 21:10:04,694][moc][INFO][generic_smbo.py:332] Iter 10, objectives: [-0.011575312160643492].
[2023-04-08 21:10:05,497][moc][WARNING][util_funcs.py:111] Provide "objs" in result is deprecated and will be removed in future versions! Please use "objectives" instead.
[2023-04-08 21:10:05,498][moc][INFO][generic_smbo.py:332] Iter 11, objectives: [-0.017361736049430775].
[2023-04-08 21:10:06,559][moc][WARNING][util_funcs.py:111] Provide "objs" in result is deprecated and will be removed in future versions! Please use "objectives" instead.
[2023-04-08 21:10:06,561][moc][INFO][generic_smbo.py:332] Iter 12, objectives: [-0.017361736049430775].
[2023-04-08 21:10:07,375][moc][WARNING][util_funcs.py:111] Provide "objs" in result is deprecated and will be removed in future versions! Please use "objectives" instead.
[2023-04-08 21:10:07,376][moc][INFO][generic_smbo.py:332] Iter 13, objectives: [-0.017361736049430775].
[2023-04-08 21:10:08,693][moc][WARNING][util_funcs.py:111] Provide "objs" in result is deprecated and will be removed in future versions! Please use "objectives" instead.
[2023-04-08 21:10:08,694][moc][INFO][generic_smbo.py:332] Iter 14, objectives: [-0.017361743232891393].
[2023-04-08 21:10:09,720][moc][WARNING][util_funcs.py:111] Provide "objs" in result is deprecated and will be removed in future versions! Please use "objectives" instead.
[2023-04-08 21:10:09,721][moc][INFO][generic_smbo.py:332] Iter 15, objectives: [-0.017361743232891393].
[2023-04-08 21:10:11,794][moc][WARNING][util_funcs.py:111] Provide "objs" in result is deprecated and will be removed in future versions! Please use "objectives" instead.
[2023-04-08 21:10:11,796][moc][INFO][generic_smbo.py:332] Iter 16, objectives: [-0.017361749311208867].
[2023-04-08 21:10:12,936][moc][WARNING][util_funcs.py:111] Provide "objs" in result is deprecated and will be removed in future versions! Please use "objectives" instead.
[2023-04-08 21:10:12,937][moc][INFO][generic_smbo.py:332] Iter 17, objectives: [-0.017361749311208867].
[2023-04-08 21:10:13,944][moc][WARNING][util_funcs.py:111] Provide "objs" in result is deprecated and will be removed in future versions! Please use "objectives" instead.
[2023-04-08 21:10:13,945][moc][INFO][generic_smbo.py:332] Iter 18, objectives: [-0.017361716893564853].
[2023-04-08 21:10:15,026][moc][WARNING][util_funcs.py:111] Provide "objs" in result is deprecated and will be removed in future versions! Please use "objectives" instead.
[2023-04-08 21:10:15,027][moc][INFO][generic_smbo.py:332] Iter 19, objectives: [-0.01736172742928588].
[2023-04-08 21:10:16,055][moc][WARNING][util_funcs.py:111] Provide "objs" in result is deprecated and will be removed in future versions! Please use "objectives" instead.
[2023-04-08 21:10:16,056][moc][INFO][generic_smbo.py:332] Iter 20, objectives: [-0.017361736049430775].
