[2023-04-08 21:09:58,942][moc][INFO][color_logger.py:203] Logfile: /home/chenyiqi/wafer_scale_chip_dse_framework/utility/logs/moc_2023-04-08-21-09-58-938053.log
[2023-04-08 21:09:58,954][moc][INFO][generic_advisor.py:157] [BO auto selection]  acq_type: ei.
[2023-04-08 21:09:59,517][moc][WARNING][util_funcs.py:111] Provide "objs" in result is deprecated and will be removed in future versions! Please use "objectives" instead.
[2023-04-08 21:09:59,518][moc][INFO][generic_smbo.py:332] Iter 1, objectives: [-0.006945589767853012].
[2023-04-08 21:09:59,792][moc][WARNING][util_funcs.py:111] Provide "objs" in result is deprecated and will be removed in future versions! Please use "objectives" instead.
[2023-04-08 21:09:59,793][moc][INFO][generic_smbo.py:332] Iter 2, objectives: [-0.006945587166361168].
[2023-04-08 21:10:00,282][moc][WARNING][util_funcs.py:111] Provide "objs" in result is deprecated and will be removed in future versions! Please use "objectives" instead.
[2023-04-08 21:10:00,283][moc][INFO][generic_smbo.py:332] Iter 3, objectives: [-0.011575339256449978].
[2023-04-08 21:10:04,053][moc][WARNING][util_funcs.py:111] Provide "objs" in result is deprecated and will be removed in future versions! Please use "objectives" instead.
[2023-04-08 21:10:04,054][moc][INFO][generic_smbo.py:332] Iter 4, objectives: [-0.003157230452695737].
[2023-04-08 21:10:06,186][moc][WARNING][util_funcs.py:111] Provide "objs" in result is deprecated and will be removed in future versions! Please use "objectives" instead.
[2023-04-08 21:10:06,187][moc][INFO][generic_smbo.py:332] Iter 5, objectives: [-0.006945591834961309].
[2023-04-08 21:10:06,975][moc][WARNING][util_funcs.py:111] Provide "objs" in result is deprecated and will be removed in future versions! Please use "objectives" instead.
[2023-04-08 21:10:06,976][moc][INFO][generic_smbo.py:332] Iter 6, objectives: [-0.005788071750717845].
[2023-04-08 21:10:08,703][moc][WARNING][util_funcs.py:111] Provide "objs" in result is deprecated and will be removed in future versions! Please use "objectives" instead.
[2023-04-08 21:10:08,704][moc][INFO][generic_smbo.py:332] Iter 7, objectives: [-0.011575339744663871].
[2023-04-08 21:10:10,044][moc][WARNING][util_funcs.py:111] Provide "objs" in result is deprecated and will be removed in future versions! Please use "objectives" instead.
[2023-04-08 21:10:10,045][moc][INFO][generic_smbo.py:332] Iter 8, objectives: [-0.011575339256449978].
[2023-04-08 21:10:12,669][moc][WARNING][util_funcs.py:111] Provide "objs" in result is deprecated and will be removed in future versions! Please use "objectives" instead.
[2023-04-08 21:10:12,670][moc][INFO][generic_smbo.py:332] Iter 9, objectives: [-0.011575332482486465].
[2023-04-08 21:10:12,671][moc][INFO][generic_advisor.py:365] Sample random config. rand_prob=0.100000.
[2023-04-08 21:10:13,754][moc][WARNING][util_funcs.py:111] Provide "objs" in result is deprecated and will be removed in future versions! Please use "objectives" instead.
[2023-04-08 21:10:13,755][moc][INFO][generic_smbo.py:332] Iter 10, objectives: [-0.006945591028117781].
[2023-04-08 21:10:14,772][moc][WARNING][util_funcs.py:111] Provide "objs" in result is deprecated and will be removed in future versions! Please use "objectives" instead.
[2023-04-08 21:10:14,773][moc][INFO][generic_smbo.py:332] Iter 11, objectives: [-0.011575332482486465].
[2023-04-08 21:10:16,693][moc][WARNING][util_funcs.py:111] Provide "objs" in result is deprecated and will be removed in future versions! Please use "objectives" instead.
[2023-04-08 21:10:16,694][moc][INFO][generic_smbo.py:332] Iter 12, objectives: [-0.011575339256449978].
[2023-04-08 21:10:19,190][moc][WARNING][util_funcs.py:111] Provide "objs" in result is deprecated and will be removed in future versions! Please use "objectives" instead.
[2023-04-08 21:10:19,191][moc][INFO][generic_smbo.py:332] Iter 13, objectives: [-0.011575339744663871].
[2023-04-08 21:10:20,627][moc][WARNING][util_funcs.py:111] Provide "objs" in result is deprecated and will be removed in future versions! Please use "objectives" instead.
[2023-04-08 21:10:20,629][moc][INFO][generic_smbo.py:332] Iter 14, objectives: [-0.011575339507337669].
[2023-04-08 21:10:21,418][moc][WARNING][util_funcs.py:111] Provide "objs" in result is deprecated and will be removed in future versions! Please use "objectives" instead.
[2023-04-08 21:10:21,420][moc][INFO][generic_smbo.py:332] Iter 15, objectives: [-0.011575339744663871].
[2023-04-08 21:10:22,192][moc][WARNING][util_funcs.py:111] Provide "objs" in result is deprecated and will be removed in future versions! Please use "objectives" instead.
[2023-04-08 21:10:22,194][moc][INFO][generic_smbo.py:332] Iter 16, objectives: [-0.00868180702056967].
[2023-04-08 21:10:22,811][moc][WARNING][util_funcs.py:111] Provide "objs" in result is deprecated and will be removed in future versions! Please use "objectives" instead.
[2023-04-08 21:10:22,812][moc][INFO][generic_smbo.py:332] Iter 17, objectives: [-0.011575339744663871].
[2023-04-08 21:10:23,556][moc][WARNING][util_funcs.py:111] Provide "objs" in result is deprecated and will be removed in future versions! Please use "objectives" instead.
[2023-04-08 21:10:23,557][moc][INFO][generic_smbo.py:332] Iter 18, objectives: [-0.011575339256449978].
[2023-04-08 21:10:24,163][moc][WARNING][util_funcs.py:111] Provide "objs" in result is deprecated and will be removed in future versions! Please use "objectives" instead.
[2023-04-08 21:10:24,165][moc][INFO][generic_smbo.py:332] Iter 19, objectives: [-0.011575339744663871].
[2023-04-08 21:10:24,914][moc][WARNING][util_funcs.py:111] Provide "objs" in result is deprecated and will be removed in future versions! Please use "objectives" instead.
[2023-04-08 21:10:24,916][moc][INFO][generic_smbo.py:332] Iter 20, objectives: [-0.011575339744663871].
