[2023-04-08 21:09:58,802][moc][INFO][color_logger.py:203] Logfile: /home/chenyiqi/wafer_scale_chip_dse_framework/utility/logs/moc_2023-04-08-21-09-58-801822.log
[2023-04-08 21:09:58,803][moc][INFO][generic_advisor.py:157] [BO auto selection]  acq_type: ei.
[2023-04-08 21:09:59,456][moc][WARNING][util_funcs.py:111] Provide "objs" in result is deprecated and will be removed in future versions! Please use "objectives" instead.
[2023-04-08 21:09:59,458][moc][INFO][generic_smbo.py:332] Iter 1, objectives: [-0.0057880720490173935].
[2023-04-08 21:09:59,908][moc][WARNING][util_funcs.py:111] Provide "objs" in result is deprecated and will be removed in future versions! Please use "objectives" instead.
[2023-04-08 21:09:59,909][moc][INFO][generic_smbo.py:332] Iter 2, objectives: [-0.011575338709058693].
[2023-04-08 21:10:00,283][moc][WARNING][util_funcs.py:111] Provide "objs" in result is deprecated and will be removed in future versions! Please use "objectives" instead.
[2023-04-08 21:10:00,284][moc][INFO][generic_smbo.py:332] Iter 3, objectives: [-0.005788071017252027].
[2023-04-08 21:10:00,550][moc][WARNING][util_funcs.py:111] Provide "objs" in result is deprecated and will be removed in future versions! Please use "objectives" instead.
[2023-04-08 21:10:00,551][moc][INFO][generic_smbo.py:332] Iter 4, objectives: [-0.011575327036756839].
[2023-04-08 21:10:00,900][moc][WARNING][util_funcs.py:111] Provide "objs" in result is deprecated and will be removed in future versions! Please use "objectives" instead.
[2023-04-08 21:10:00,901][moc][INFO][generic_smbo.py:332] Iter 5, objectives: [-0.011575331650596755].
[2023-04-08 21:10:01,129][moc][WARNING][util_funcs.py:111] Provide "objs" in result is deprecated and will be removed in future versions! Please use "objectives" instead.
[2023-04-08 21:10:01,130][moc][INFO][generic_smbo.py:332] Iter 6, objectives: [-0.008681799133495302].
[2023-04-08 21:10:02,323][moc][WARNING][util_funcs.py:111] Provide "objs" in result is deprecated and will be removed in future versions! Please use "objectives" instead.
[2023-04-08 21:10:02,324][moc][INFO][generic_smbo.py:332] Iter 7, objectives: [-0.017361774840188735].
[2023-04-08 21:10:03,148][moc][WARNING][util_funcs.py:111] Provide "objs" in result is deprecated and will be removed in future versions! Please use "objectives" instead.
[2023-04-08 21:10:03,149][moc][INFO][generic_smbo.py:332] Iter 8, objectives: [-0.017361772344871605].
[2023-04-08 21:10:04,135][moc][WARNING][util_funcs.py:111] Provide "objs" in result is deprecated and will be removed in future versions! Please use "objectives" instead.
[2023-04-08 21:10:04,136][moc][INFO][generic_smbo.py:332] Iter 9, objectives: [-0.017361749311208867].
[2023-04-08 21:10:04,138][moc][INFO][generic_advisor.py:365] Sample random config. rand_prob=0.100000.
[2023-04-08 21:10:06,792][moc][WARNING][util_funcs.py:111] Provide "objs" in result is deprecated and will be removed in future versions! Please use "objectives" instead.
[2023-04-08 21:10:06,792][moc][INFO][generic_smbo.py:332] Iter 10, objectives: [-0.0028941370049427513].
[2023-04-08 21:10:07,740][moc][WARNING][util_funcs.py:111] Provide "objs" in result is deprecated and will be removed in future versions! Please use "objectives" instead.
[2023-04-08 21:10:07,741][moc][INFO][generic_smbo.py:332] Iter 11, objectives: [-0.017361749311208867].
[2023-04-08 21:10:08,811][moc][WARNING][util_funcs.py:111] Provide "objs" in result is deprecated and will be removed in future versions! Please use "objectives" instead.
[2023-04-08 21:10:08,812][moc][INFO][generic_smbo.py:332] Iter 12, objectives: [-0.017361716893564853].
[2023-04-08 21:10:10,643][moc][WARNING][util_funcs.py:111] Provide "objs" in result is deprecated and will be removed in future versions! Please use "objectives" instead.
[2023-04-08 21:10:10,644][moc][INFO][generic_smbo.py:332] Iter 13, objectives: [-0.017361806706678782].
[2023-04-08 21:10:12,674][moc][WARNING][util_funcs.py:111] Provide "objs" in result is deprecated and will be removed in future versions! Please use "objectives" instead.
[2023-04-08 21:10:12,675][moc][INFO][generic_smbo.py:332] Iter 14, objectives: [-0.01736180207635641].
[2023-04-08 21:10:13,831][moc][WARNING][util_funcs.py:111] Provide "objs" in result is deprecated and will be removed in future versions! Please use "objectives" instead.
[2023-04-08 21:10:13,832][moc][INFO][generic_smbo.py:332] Iter 15, objectives: [-0.017361805318763017].
[2023-04-08 21:10:14,882][moc][WARNING][util_funcs.py:111] Provide "objs" in result is deprecated and will be removed in future versions! Please use "objectives" instead.
[2023-04-08 21:10:14,884][moc][INFO][generic_smbo.py:332] Iter 16, objectives: [-0.017361716893564853].
[2023-04-08 21:10:16,060][moc][WARNING][util_funcs.py:111] Provide "objs" in result is deprecated and will be removed in future versions! Please use "objectives" instead.
[2023-04-08 21:10:16,061][moc][INFO][generic_smbo.py:332] Iter 17, objectives: [-0.017361802496668313].
[2023-04-08 21:10:18,597][moc][WARNING][util_funcs.py:111] Provide "objs" in result is deprecated and will be removed in future versions! Please use "objectives" instead.
[2023-04-08 21:10:18,598][moc][INFO][generic_smbo.py:332] Iter 18, objectives: [-0.01736180469163078].
[2023-04-08 21:10:19,855][moc][WARNING][util_funcs.py:111] Provide "objs" in result is deprecated and will be removed in future versions! Please use "objectives" instead.
[2023-04-08 21:10:19,856][moc][INFO][generic_smbo.py:332] Iter 19, objectives: [-0.017361806179741247].
[2023-04-08 21:10:20,807][moc][WARNING][util_funcs.py:111] Provide "objs" in result is deprecated and will be removed in future versions! Please use "objectives" instead.
[2023-04-08 21:10:20,808][moc][INFO][generic_smbo.py:332] Iter 20, objectives: [-0.017361749311208867].
