[2023-04-09 19:03:55,033][moc][INFO][color_logger.py:203] Logfile: /home/chenyiqi/wafer_scale_chip_dse_framework/logs/moc_2023-04-09-19-03-55-028973.log
[2023-04-09 19:03:55,043][moc][INFO][generic_advisor.py:157] [BO auto selection]  acq_type: ei.
[2023-04-09 19:03:55,380][moc][WARNING][util_funcs.py:111] Provide "objs" in result is deprecated and will be removed in future versions! Please use "objectives" instead.
[2023-04-09 19:03:55,381][moc][INFO][generic_smbo.py:332] Iter 1, objectives: [-0.011575323971620467].
[2023-04-09 19:03:56,767][moc][WARNING][util_funcs.py:111] Provide "objs" in result is deprecated and will be removed in future versions! Please use "objectives" instead.
[2023-04-09 19:03:56,768][moc][INFO][generic_smbo.py:332] Iter 2, objectives: [-0.005788073342200921].
[2023-04-09 19:03:57,006][moc][WARNING][util_funcs.py:111] Provide "objs" in result is deprecated and will be removed in future versions! Please use "objectives" instead.
[2023-04-09 19:03:57,007][moc][INFO][generic_smbo.py:332] Iter 3, objectives: [-0.008681795485728252].
[2023-04-09 19:03:57,509][moc][WARNING][util_funcs.py:111] Provide "objs" in result is deprecated and will be removed in future versions! Please use "objectives" instead.
[2023-04-09 19:03:57,510][moc][INFO][generic_smbo.py:332] Iter 4, objectives: [-0.005788071248872792].
[2023-04-09 19:03:58,010][moc][WARNING][util_funcs.py:111] Provide "objs" in result is deprecated and will be removed in future versions! Please use "objectives" instead.
[2023-04-09 19:03:58,012][moc][INFO][generic_smbo.py:332] Iter 5, objectives: [-0.008681804706478656].
[2023-04-09 19:03:59,418][moc][WARNING][util_funcs.py:111] Provide "objs" in result is deprecated and will be removed in future versions! Please use "objectives" instead.
[2023-04-09 19:03:59,419][moc][INFO][generic_smbo.py:332] Iter 6, objectives: [-0.003472940205878659].
[2023-04-09 19:03:59,433][moc][INFO][generic_advisor.py:365] Sample random config. rand_prob=0.100000.
[2023-04-09 19:04:00,483][moc][WARNING][util_funcs.py:111] Provide "objs" in result is deprecated and will be removed in future versions! Please use "objectives" instead.
[2023-04-09 19:04:00,485][moc][INFO][generic_smbo.py:332] Iter 7, objectives: [-0.00868180734098237].
[2023-04-09 19:04:02,756][moc][WARNING][util_funcs.py:111] Provide "objs" in result is deprecated and will be removed in future versions! Please use "objectives" instead.
[2023-04-09 19:04:02,757][moc][INFO][generic_smbo.py:332] Iter 8, objectives: [-0.011575323971620467].
[2023-04-09 19:04:03,755][moc][WARNING][util_funcs.py:111] Provide "objs" in result is deprecated and will be removed in future versions! Please use "objectives" instead.
[2023-04-09 19:04:03,756][moc][INFO][generic_smbo.py:332] Iter 9, objectives: [-0.011575323971620467].
[2023-04-09 19:04:04,892][moc][WARNING][util_funcs.py:111] Provide "objs" in result is deprecated and will be removed in future versions! Please use "objectives" instead.
[2023-04-09 19:04:04,893][moc][INFO][generic_smbo.py:332] Iter 10, objectives: [-0.011575323971620467].
[2023-04-09 19:04:06,072][moc][WARNING][util_funcs.py:111] Provide "objs" in result is deprecated and will be removed in future versions! Please use "objectives" instead.
[2023-04-09 19:04:06,073][moc][INFO][generic_smbo.py:332] Iter 11, objectives: [-0.011575323971620467].
[2023-04-09 19:04:07,220][moc][WARNING][util_funcs.py:111] Provide "objs" in result is deprecated and will be removed in future versions! Please use "objectives" instead.
[2023-04-09 19:04:07,221][moc][INFO][generic_smbo.py:332] Iter 12, objectives: [-0.008681799133495302].
[2023-04-09 19:04:07,222][moc][INFO][generic_advisor.py:365] Sample random config. rand_prob=0.100000.
[2023-04-09 19:04:08,340][moc][WARNING][util_funcs.py:111] Provide "objs" in result is deprecated and will be removed in future versions! Please use "objectives" instead.
[2023-04-09 19:04:08,342][moc][INFO][generic_smbo.py:332] Iter 13, objectives: [-0.01157531667660243].
[2023-04-09 19:04:09,599][moc][WARNING][util_funcs.py:111] Provide "objs" in result is deprecated and will be removed in future versions! Please use "objectives" instead.
[2023-04-09 19:04:09,601][moc][INFO][generic_smbo.py:332] Iter 14, objectives: [-0.01157531667660243].
[2023-04-09 19:04:11,395][moc][WARNING][util_funcs.py:111] Provide "objs" in result is deprecated and will be removed in future versions! Please use "objectives" instead.
[2023-04-09 19:04:11,396][moc][INFO][generic_smbo.py:332] Iter 15, objectives: [-0.011575321945225646].
[2023-04-09 19:04:12,986][moc][WARNING][util_funcs.py:111] Provide "objs" in result is deprecated and will be removed in future versions! Please use "objectives" instead.
[2023-04-09 19:04:12,987][moc][INFO][generic_smbo.py:332] Iter 16, objectives: [-0.01157531667660243].
[2023-04-09 19:04:12,988][moc][INFO][generic_advisor.py:365] Sample random config. rand_prob=0.100000.
[2023-04-09 19:04:14,370][moc][WARNING][util_funcs.py:111] Provide "objs" in result is deprecated and will be removed in future versions! Please use "objectives" instead.
[2023-04-09 19:04:14,371][moc][INFO][generic_smbo.py:332] Iter 17, objectives: [-0.004961254847187336].
[2023-04-09 19:04:15,711][moc][WARNING][util_funcs.py:111] Provide "objs" in result is deprecated and will be removed in future versions! Please use "objectives" instead.
[2023-04-09 19:04:15,712][moc][INFO][generic_smbo.py:332] Iter 18, objectives: [-0.011575323971620467].
[2023-04-09 19:04:16,752][moc][WARNING][util_funcs.py:111] Provide "objs" in result is deprecated and will be removed in future versions! Please use "objectives" instead.
[2023-04-09 19:04:16,753][moc][INFO][generic_smbo.py:332] Iter 19, objectives: [-0.01157531667660243].
[2023-04-09 19:04:16,754][moc][INFO][generic_advisor.py:365] Sample random config. rand_prob=0.100000.
[2023-04-09 19:04:17,065][moc][WARNING][util_funcs.py:111] Provide "objs" in result is deprecated and will be removed in future versions! Please use "objectives" instead.
[2023-04-09 19:04:17,066][moc][INFO][generic_smbo.py:332] Iter 20, objectives: [-0.011575330224500389].
