[2023-04-10 17:21:01,224][moc][INFO][color_logger.py:203] Logfile: /home/chenyiqi/wafer_scale_chip_dse_framework/logs/moc_2023-04-10-17-21-01-224150.log
[2023-04-10 17:21:01,231][moc][WARNING][util_funcs.py:111] Provide "objs" in result is deprecated and will be removed in future versions! Please use "objectives" instead.
[2023-04-10 17:21:01,231][moc][INFO][generic_smbo.py:333] Iter 1, objectives: [-1.4235157309534268].
[2023-04-10 17:21:01,236][moc][WARNING][util_funcs.py:111] Provide "objs" in result is deprecated and will be removed in future versions! Please use "objectives" instead.
[2023-04-10 17:21:01,236][moc][INFO][generic_smbo.py:333] Iter 2, objectives: [-1.2478738825777123].
[2023-04-10 17:21:01,241][moc][WARNING][util_funcs.py:111] Provide "objs" in result is deprecated and will be removed in future versions! Please use "objectives" instead.
[2023-04-10 17:21:01,241][moc][INFO][generic_smbo.py:333] Iter 3, objectives: [-0.28948388442499956].
[2023-04-10 17:21:01,245][moc][WARNING][util_funcs.py:111] Provide "objs" in result is deprecated and will be removed in future versions! Please use "objectives" instead.
[2023-04-10 17:21:01,245][moc][INFO][generic_smbo.py:333] Iter 4, objectives: [-1.3919093349662506].
[2023-04-10 17:21:01,249][moc][WARNING][util_funcs.py:111] Provide "objs" in result is deprecated and will be removed in future versions! Please use "objectives" instead.
[2023-04-10 17:21:01,249][moc][INFO][generic_smbo.py:333] Iter 5, objectives: [-3.0470437987060848].
[2023-04-10 17:21:01,254][moc][WARNING][util_funcs.py:111] Provide "objs" in result is deprecated and will be removed in future versions! Please use "objectives" instead.
[2023-04-10 17:21:01,254][moc][INFO][generic_smbo.py:333] Iter 6, objectives: [-47.920070255929026].
[2023-04-10 17:21:01,258][moc][WARNING][util_funcs.py:111] Provide "objs" in result is deprecated and will be removed in future versions! Please use "objectives" instead.
[2023-04-10 17:21:01,258][moc][INFO][generic_smbo.py:333] Iter 7, objectives: [-3.624020211459973].
[2023-04-10 17:21:01,263][moc][WARNING][util_funcs.py:111] Provide "objs" in result is deprecated and will be removed in future versions! Please use "objectives" instead.
[2023-04-10 17:21:01,263][moc][INFO][generic_smbo.py:333] Iter 8, objectives: [-0.3678738928825388].
[2023-04-10 17:21:01,267][moc][WARNING][util_funcs.py:111] Provide "objs" in result is deprecated and will be removed in future versions! Please use "objectives" instead.
[2023-04-10 17:21:01,267][moc][INFO][generic_smbo.py:333] Iter 9, objectives: [-0.7437028004891669].
[2023-04-10 17:21:01,272][moc][WARNING][util_funcs.py:111] Provide "objs" in result is deprecated and will be removed in future versions! Please use "objectives" instead.
[2023-04-10 17:21:01,272][moc][INFO][generic_smbo.py:333] Iter 10, objectives: [-93.14165675230922].
[2023-04-10 17:21:01,276][moc][WARNING][util_funcs.py:111] Provide "objs" in result is deprecated and will be removed in future versions! Please use "objectives" instead.
[2023-04-10 17:21:01,277][moc][INFO][generic_smbo.py:333] Iter 11, objectives: [-0.47160759618024023].
[2023-04-10 17:21:01,281][moc][WARNING][util_funcs.py:111] Provide "objs" in result is deprecated and will be removed in future versions! Please use "objectives" instead.
[2023-04-10 17:21:01,281][moc][INFO][generic_smbo.py:333] Iter 12, objectives: [-1.166547705249098].
[2023-04-10 17:21:01,285][moc][WARNING][util_funcs.py:111] Provide "objs" in result is deprecated and will be removed in future versions! Please use "objectives" instead.
[2023-04-10 17:21:01,285][moc][INFO][generic_smbo.py:333] Iter 13, objectives: [-3.821832581314297].
[2023-04-10 17:21:01,289][moc][WARNING][util_funcs.py:111] Provide "objs" in result is deprecated and will be removed in future versions! Please use "objectives" instead.
[2023-04-10 17:21:01,290][moc][INFO][generic_smbo.py:333] Iter 14, objectives: [-1.5886994052868082].
[2023-04-10 17:21:01,294][moc][WARNING][util_funcs.py:111] Provide "objs" in result is deprecated and will be removed in future versions! Please use "objectives" instead.
[2023-04-10 17:21:01,294][moc][INFO][generic_smbo.py:333] Iter 15, objectives: [-2.1356327883427038].
[2023-04-10 17:21:01,298][moc][WARNING][util_funcs.py:111] Provide "objs" in result is deprecated and will be removed in future versions! Please use "objectives" instead.
[2023-04-10 17:21:01,298][moc][INFO][generic_smbo.py:333] Iter 16, objectives: [-0.7126891941939603].
[2023-04-10 17:21:01,303][moc][WARNING][util_funcs.py:111] Provide "objs" in result is deprecated and will be removed in future versions! Please use "objectives" instead.
[2023-04-10 17:21:01,303][moc][INFO][generic_smbo.py:333] Iter 17, objectives: [-0.3973063453994258].
[2023-04-10 17:21:01,307][moc][WARNING][util_funcs.py:111] Provide "objs" in result is deprecated and will be removed in future versions! Please use "objectives" instead.
[2023-04-10 17:21:01,307][moc][INFO][generic_smbo.py:333] Iter 18, objectives: [-0.6010654077356593].
[2023-04-10 17:21:01,311][moc][WARNING][util_funcs.py:111] Provide "objs" in result is deprecated and will be removed in future versions! Please use "objectives" instead.
[2023-04-10 17:21:01,311][moc][INFO][generic_smbo.py:333] Iter 19, objectives: [-20.99395513599149].
[2023-04-10 17:21:01,316][moc][WARNING][util_funcs.py:111] Provide "objs" in result is deprecated and will be removed in future versions! Please use "objectives" instead.
[2023-04-10 17:21:01,316][moc][INFO][generic_smbo.py:333] Iter 20, objectives: [-73.81846544461246].
[2023-04-10 17:21:01,316][moc][WARNING][util_funcs.py:111] Provide "objs" in result is deprecated and will be removed in future versions! Please use "objectives" instead.
[2023-04-10 17:21:01,317][moc][WARNING][util_funcs.py:123] Unused information in result: {'config': [{'data_parallel_size': 5, 'micro_batch_size': 55, 'model_parallel_size': 8, 'num_reticle_per_pipeline_stage': 241, 'tensor_parallel_size': 1}]}
[2023-04-10 17:21:01,317][moc][INFO][generic_smbo.py:418] Iter 10, objectives: [-93.14165675230922].
[2023-04-10 17:21:06,077][moc][WARNING][util_funcs.py:231] Keyword argument "num_objs" is deprecated and will be removed in a future version. Please use "num_objectives" instead.
