[2023-04-10 19:04:26,969][moc][INFO][color_logger.py:203] Logfile: /home/chenyiqi/wafer_scale_chip_dse_framework/logs/moc_2023-04-10-19-04-26-969184.log
[2023-04-10 19:04:26,975][moc][WARNING][util_funcs.py:111] Provide "objs" in result is deprecated and will be removed in future versions! Please use "objectives" instead.
[2023-04-10 19:04:26,976][moc][INFO][generic_smbo.py:333] Iter 1, objectives: [-0.5162377982199209].
[2023-04-10 19:04:26,979][moc][WARNING][util_funcs.py:111] Provide "objs" in result is deprecated and will be removed in future versions! Please use "objectives" instead.
[2023-04-10 19:04:26,979][moc][INFO][generic_smbo.py:333] Iter 2, objectives: [-1.137364947648311].
[2023-04-10 19:04:26,982][moc][WARNING][util_funcs.py:111] Provide "objs" in result is deprecated and will be removed in future versions! Please use "objectives" instead.
[2023-04-10 19:04:26,982][moc][INFO][generic_smbo.py:333] Iter 3, objectives: [-0.7069201545757716].
[2023-04-10 19:04:26,985][moc][WARNING][util_funcs.py:111] Provide "objs" in result is deprecated and will be removed in future versions! Please use "objectives" instead.
[2023-04-10 19:04:26,985][moc][INFO][generic_smbo.py:333] Iter 4, objectives: [-2.3471922983370495].
[2023-04-10 19:04:26,988][moc][WARNING][util_funcs.py:111] Provide "objs" in result is deprecated and will be removed in future versions! Please use "objectives" instead.
[2023-04-10 19:04:26,988][moc][INFO][generic_smbo.py:333] Iter 5, objectives: [-1.2935481881924722].
[2023-04-10 19:04:26,991][moc][WARNING][util_funcs.py:111] Provide "objs" in result is deprecated and will be removed in future versions! Please use "objectives" instead.
[2023-04-10 19:04:26,991][moc][INFO][generic_smbo.py:333] Iter 6, objectives: [-29.165861948129].
[2023-04-10 19:04:26,994][moc][WARNING][util_funcs.py:111] Provide "objs" in result is deprecated and will be removed in future versions! Please use "objectives" instead.
[2023-04-10 19:04:26,994][moc][INFO][generic_smbo.py:333] Iter 7, objectives: [-2.1457548486781177].
[2023-04-10 19:04:26,997][moc][WARNING][util_funcs.py:111] Provide "objs" in result is deprecated and will be removed in future versions! Please use "objectives" instead.
[2023-04-10 19:04:26,997][moc][INFO][generic_smbo.py:333] Iter 8, objectives: [-6.682106716644121].
[2023-04-10 19:04:27,000][moc][WARNING][util_funcs.py:111] Provide "objs" in result is deprecated and will be removed in future versions! Please use "objectives" instead.
[2023-04-10 19:04:27,001][moc][INFO][generic_smbo.py:333] Iter 9, objectives: [-1.9491194296308136].
[2023-04-10 19:04:27,003][moc][WARNING][util_funcs.py:111] Provide "objs" in result is deprecated and will be removed in future versions! Please use "objectives" instead.
[2023-04-10 19:04:27,003][moc][INFO][generic_smbo.py:333] Iter 10, objectives: [-0.3980255581946091].
[2023-04-10 19:04:27,006][moc][WARNING][util_funcs.py:111] Provide "objs" in result is deprecated and will be removed in future versions! Please use "objectives" instead.
[2023-04-10 19:04:27,006][moc][INFO][generic_smbo.py:333] Iter 11, objectives: [-1.8890552822614881].
[2023-04-10 19:04:27,010][moc][WARNING][util_funcs.py:111] Provide "objs" in result is deprecated and will be removed in future versions! Please use "objectives" instead.
[2023-04-10 19:04:27,010][moc][INFO][generic_smbo.py:333] Iter 12, objectives: [-0.7738145482577323].
[2023-04-10 19:04:27,013][moc][WARNING][util_funcs.py:111] Provide "objs" in result is deprecated and will be removed in future versions! Please use "objectives" instead.
[2023-04-10 19:04:27,013][moc][INFO][generic_smbo.py:333] Iter 13, objectives: [-1.6676762022381804].
[2023-04-10 19:04:27,016][moc][WARNING][util_funcs.py:111] Provide "objs" in result is deprecated and will be removed in future versions! Please use "objectives" instead.
[2023-04-10 19:04:27,016][moc][INFO][generic_smbo.py:333] Iter 14, objectives: [-0.6403109655485573].
[2023-04-10 19:04:27,019][moc][WARNING][util_funcs.py:111] Provide "objs" in result is deprecated and will be removed in future versions! Please use "objectives" instead.
[2023-04-10 19:04:27,019][moc][INFO][generic_smbo.py:333] Iter 15, objectives: [-0.31656423226649244].
[2023-04-10 19:04:27,023][moc][WARNING][util_funcs.py:111] Provide "objs" in result is deprecated and will be removed in future versions! Please use "objectives" instead.
[2023-04-10 19:04:27,023][moc][INFO][generic_smbo.py:333] Iter 16, objectives: [-0.6561216227184016].
[2023-04-10 19:04:27,026][moc][WARNING][util_funcs.py:111] Provide "objs" in result is deprecated and will be removed in future versions! Please use "objectives" instead.
[2023-04-10 19:04:27,026][moc][INFO][generic_smbo.py:333] Iter 17, objectives: [-0.6153118735304712].
[2023-04-10 19:04:27,029][moc][WARNING][util_funcs.py:111] Provide "objs" in result is deprecated and will be removed in future versions! Please use "objectives" instead.
[2023-04-10 19:04:27,029][moc][INFO][generic_smbo.py:333] Iter 18, objectives: [-1.5984397454881543].
[2023-04-10 19:04:27,032][moc][WARNING][util_funcs.py:111] Provide "objs" in result is deprecated and will be removed in future versions! Please use "objectives" instead.
[2023-04-10 19:04:27,032][moc][INFO][generic_smbo.py:333] Iter 19, objectives: [-1.8106640013583502].
[2023-04-10 19:04:27,035][moc][WARNING][util_funcs.py:111] Provide "objs" in result is deprecated and will be removed in future versions! Please use "objectives" instead.
[2023-04-10 19:04:27,036][moc][INFO][generic_smbo.py:333] Iter 20, objectives: [-0.41550313968798064].
[2023-04-10 19:04:27,036][moc][WARNING][util_funcs.py:111] Provide "objs" in result is deprecated and will be removed in future versions! Please use "objectives" instead.
[2023-04-10 19:04:27,036][moc][WARNING][util_funcs.py:123] Unused information in result: {'config': [{'data_parallel_size': 2, 'micro_batch_size': 128, 'model_parallel_size': 4, 'num_reticle_per_pipeline_stage': 90, 'tensor_parallel_size': 1}]}
[2023-04-10 19:04:27,036][moc][INFO][generic_smbo.py:418] Iter 1, objectives: [-29.165861948129].
[2023-04-10 19:04:27,038][moc][WARNING][util_funcs.py:231] Keyword argument "num_objs" is deprecated and will be removed in a future version. Please use "num_objectives" instead.
