[2023-04-10 17:18:30,189][moc][INFO][color_logger.py:203] Logfile: /home/chenyiqi/wafer_scale_chip_dse_framework/logs/moc_2023-04-10-17-18-30-189208.log
[2023-04-10 17:18:30,197][moc][WARNING][util_funcs.py:111] Provide "objs" in result is deprecated and will be removed in future versions! Please use "objectives" instead.
[2023-04-10 17:18:30,197][moc][INFO][generic_smbo.py:333] Iter 1, objectives: [-2.7985520442748903].
[2023-04-10 17:18:30,202][moc][WARNING][util_funcs.py:111] Provide "objs" in result is deprecated and will be removed in future versions! Please use "objectives" instead.
[2023-04-10 17:18:30,202][moc][INFO][generic_smbo.py:333] Iter 2, objectives: [-1.7159718589178268].
[2023-04-10 17:18:30,207][moc][WARNING][util_funcs.py:111] Provide "objs" in result is deprecated and will be removed in future versions! Please use "objectives" instead.
[2023-04-10 17:18:30,208][moc][INFO][generic_smbo.py:333] Iter 3, objectives: [-0.8310313975992539].
[2023-04-10 17:18:30,213][moc][WARNING][util_funcs.py:111] Provide "objs" in result is deprecated and will be removed in future versions! Please use "objectives" instead.
[2023-04-10 17:18:30,213][moc][INFO][generic_smbo.py:333] Iter 4, objectives: [-0.3529638893127734].
[2023-04-10 17:18:30,219][moc][WARNING][util_funcs.py:111] Provide "objs" in result is deprecated and will be removed in future versions! Please use "objectives" instead.
[2023-04-10 17:18:30,219][moc][INFO][generic_smbo.py:333] Iter 5, objectives: [-2.5156927853685827].
[2023-04-10 17:18:30,335][moc][WARNING][util_funcs.py:111] Provide "objs" in result is deprecated and will be removed in future versions! Please use "objectives" instead.
[2023-04-10 17:18:30,335][moc][INFO][generic_smbo.py:333] Iter 6, objectives: [-2.694389212120082].
[2023-04-10 17:18:30,341][moc][WARNING][util_funcs.py:111] Provide "objs" in result is deprecated and will be removed in future versions! Please use "objectives" instead.
[2023-04-10 17:18:30,341][moc][INFO][generic_smbo.py:333] Iter 7, objectives: [-2.1383929608367707].
[2023-04-10 17:18:30,346][moc][WARNING][util_funcs.py:111] Provide "objs" in result is deprecated and will be removed in future versions! Please use "objectives" instead.
[2023-04-10 17:18:30,347][moc][INFO][generic_smbo.py:333] Iter 8, objectives: [-2.8954225071939805].
[2023-04-10 17:18:30,352][moc][WARNING][util_funcs.py:111] Provide "objs" in result is deprecated and will be removed in future versions! Please use "objectives" instead.
[2023-04-10 17:18:30,352][moc][INFO][generic_smbo.py:333] Iter 9, objectives: [-1.7317936653010166].
[2023-04-10 17:18:30,357][moc][WARNING][util_funcs.py:111] Provide "objs" in result is deprecated and will be removed in future versions! Please use "objectives" instead.
[2023-04-10 17:18:30,357][moc][INFO][generic_smbo.py:333] Iter 10, objectives: [-1.1464107276992213].
[2023-04-10 17:18:30,363][moc][WARNING][util_funcs.py:111] Provide "objs" in result is deprecated and will be removed in future versions! Please use "objectives" instead.
[2023-04-10 17:18:30,363][moc][INFO][generic_smbo.py:333] Iter 11, objectives: [-0.36035628707452283].
[2023-04-10 17:18:30,368][moc][WARNING][util_funcs.py:111] Provide "objs" in result is deprecated and will be removed in future versions! Please use "objectives" instead.
[2023-04-10 17:18:30,368][moc][INFO][generic_smbo.py:333] Iter 12, objectives: [-3.4586004610288077].
[2023-04-10 17:18:30,374][moc][WARNING][util_funcs.py:111] Provide "objs" in result is deprecated and will be removed in future versions! Please use "objectives" instead.
[2023-04-10 17:18:30,374][moc][INFO][generic_smbo.py:333] Iter 13, objectives: [-1.7089588211772975].
[2023-04-10 17:18:30,379][moc][WARNING][util_funcs.py:111] Provide "objs" in result is deprecated and will be removed in future versions! Please use "objectives" instead.
[2023-04-10 17:18:30,379][moc][INFO][generic_smbo.py:333] Iter 14, objectives: [-0.47530308009985367].
[2023-04-10 17:18:30,385][moc][WARNING][util_funcs.py:111] Provide "objs" in result is deprecated and will be removed in future versions! Please use "objectives" instead.
[2023-04-10 17:18:30,385][moc][INFO][generic_smbo.py:333] Iter 15, objectives: [-0.9378715553188742].
[2023-04-10 17:18:30,391][moc][WARNING][util_funcs.py:111] Provide "objs" in result is deprecated and will be removed in future versions! Please use "objectives" instead.
[2023-04-10 17:18:30,391][moc][INFO][generic_smbo.py:333] Iter 16, objectives: [-5.362996509900822].
[2023-04-10 17:18:30,397][moc][WARNING][util_funcs.py:111] Provide "objs" in result is deprecated and will be removed in future versions! Please use "objectives" instead.
[2023-04-10 17:18:30,397][moc][INFO][generic_smbo.py:333] Iter 17, objectives: [-15.058173519348173].
[2023-04-10 17:18:30,403][moc][WARNING][util_funcs.py:111] Provide "objs" in result is deprecated and will be removed in future versions! Please use "objectives" instead.
[2023-04-10 17:18:30,403][moc][INFO][generic_smbo.py:333] Iter 18, objectives: [-1.2713688600949429].
[2023-04-10 17:18:30,409][moc][WARNING][util_funcs.py:111] Provide "objs" in result is deprecated and will be removed in future versions! Please use "objectives" instead.
[2023-04-10 17:18:30,409][moc][INFO][generic_smbo.py:333] Iter 19, objectives: [-2.1747213988681224].
[2023-04-10 17:18:30,415][moc][WARNING][util_funcs.py:111] Provide "objs" in result is deprecated and will be removed in future versions! Please use "objectives" instead.
[2023-04-10 17:18:30,415][moc][INFO][generic_smbo.py:333] Iter 20, objectives: [-0.8222535040742961].
[2023-04-10 17:18:30,415][moc][WARNING][util_funcs.py:111] Provide "objs" in result is deprecated and will be removed in future versions! Please use "objectives" instead.
[2023-04-10 17:18:30,415][moc][WARNING][util_funcs.py:123] Unused information in result: {'config': [{'data_parallel_size': 6, 'micro_batch_size': 37, 'model_parallel_size': 4, 'num_reticle_per_pipeline_stage': 130, 'tensor_parallel_size': 1}]}
[2023-04-10 17:18:30,416][moc][INFO][generic_smbo.py:418] Iter 18, objectives: [-15.058173519348173].
[2023-04-10 17:18:34,772][moc][WARNING][util_funcs.py:231] Keyword argument "num_objs" is deprecated and will be removed in a future version. Please use "num_objectives" instead.
