[2023-04-09 18:58:52,691][moc][INFO][color_logger.py:203] Logfile: /home/chenyiqi/wafer_scale_chip_dse_framework/logs/moc_2023-04-09-18-58-52-685795.log
[2023-04-09 18:58:52,702][moc][INFO][generic_advisor.py:157] [BO auto selection]  acq_type: ei.
[2023-04-09 18:58:53,095][moc][WARNING][util_funcs.py:111] Provide "objs" in result is deprecated and will be removed in future versions! Please use "objectives" instead.
[2023-04-09 18:58:53,097][moc][INFO][generic_smbo.py:332] Iter 1, objectives: [-0.0057880712199201954].
[2023-04-09 18:58:53,443][moc][WARNING][util_funcs.py:111] Provide "objs" in result is deprecated and will be removed in future versions! Please use "objectives" instead.
[2023-04-09 18:58:53,444][moc][INFO][generic_smbo.py:332] Iter 2, objectives: [-0.008681805107381292].
[2023-04-09 18:58:53,743][moc][WARNING][util_funcs.py:111] Provide "objs" in result is deprecated and will be removed in future versions! Please use "objectives" instead.
[2023-04-09 18:58:53,744][moc][INFO][generic_smbo.py:332] Iter 3, objectives: [-0.011575334544126695].
[2023-04-09 18:58:54,017][moc][WARNING][util_funcs.py:111] Provide "objs" in result is deprecated and will be removed in future versions! Please use "objectives" instead.
[2023-04-09 18:58:54,019][moc][INFO][generic_smbo.py:332] Iter 4, objectives: [-0.005788070518376598].
[2023-04-09 18:58:54,447][moc][WARNING][util_funcs.py:111] Provide "objs" in result is deprecated and will be removed in future versions! Please use "objectives" instead.
[2023-04-09 18:58:54,449][moc][INFO][generic_smbo.py:332] Iter 5, objectives: [-0.011575334393090756].
[2023-04-09 18:58:55,037][moc][WARNING][util_funcs.py:111] Provide "objs" in result is deprecated and will be removed in future versions! Please use "objectives" instead.
[2023-04-09 18:58:55,038][moc][INFO][generic_smbo.py:332] Iter 6, objectives: [-0.011575335116804667].
[2023-04-09 18:58:56,605][moc][WARNING][util_funcs.py:111] Provide "objs" in result is deprecated and will be removed in future versions! Please use "objectives" instead.
[2023-04-09 18:58:56,606][moc][INFO][generic_smbo.py:332] Iter 7, objectives: [-0.011575335385612713].
[2023-04-09 18:58:57,883][moc][WARNING][util_funcs.py:111] Provide "objs" in result is deprecated and will be removed in future versions! Please use "objectives" instead.
[2023-04-09 18:58:57,884][moc][INFO][generic_smbo.py:332] Iter 8, objectives: [-0.011575335385612713].
[2023-04-09 18:58:59,527][moc][WARNING][util_funcs.py:111] Provide "objs" in result is deprecated and will be removed in future versions! Please use "objectives" instead.
[2023-04-09 18:58:59,528][moc][INFO][generic_smbo.py:332] Iter 9, objectives: [-0.011575335830536406].
[2023-04-09 18:59:00,996][moc][WARNING][util_funcs.py:111] Provide "objs" in result is deprecated and will be removed in future versions! Please use "objectives" instead.
[2023-04-09 18:59:00,998][moc][INFO][generic_smbo.py:332] Iter 10, objectives: [-0.011575335830536406].
[2023-04-09 18:59:02,487][moc][WARNING][util_funcs.py:111] Provide "objs" in result is deprecated and will be removed in future versions! Please use "objectives" instead.
[2023-04-09 18:59:02,488][moc][INFO][generic_smbo.py:332] Iter 11, objectives: [-0.017361785781203086].
[2023-04-09 18:59:03,979][moc][WARNING][util_funcs.py:111] Provide "objs" in result is deprecated and will be removed in future versions! Please use "objectives" instead.
[2023-04-09 18:59:03,981][moc][INFO][generic_smbo.py:332] Iter 12, objectives: [-0.017361787131946558].
[2023-04-09 18:59:05,442][moc][WARNING][util_funcs.py:111] Provide "objs" in result is deprecated and will be removed in future versions! Please use "objectives" instead.
[2023-04-09 18:59:05,444][moc][INFO][generic_smbo.py:332] Iter 13, objectives: [-0.017361787131946558].
[2023-04-09 18:59:07,280][moc][WARNING][util_funcs.py:111] Provide "objs" in result is deprecated and will be removed in future versions! Please use "objectives" instead.
[2023-04-09 18:59:07,281][moc][INFO][generic_smbo.py:332] Iter 14, objectives: [-0.017361788386208537].
[2023-04-09 18:59:09,210][moc][WARNING][util_funcs.py:111] Provide "objs" in result is deprecated and will be removed in future versions! Please use "objectives" instead.
[2023-04-09 18:59:09,212][moc][INFO][generic_smbo.py:332] Iter 15, objectives: [-0.01736178432240038].
[2023-04-09 18:59:10,572][moc][WARNING][util_funcs.py:111] Provide "objs" in result is deprecated and will be removed in future versions! Please use "objectives" instead.
[2023-04-09 18:59:10,573][moc][INFO][generic_smbo.py:332] Iter 16, objectives: [-0.01736178274203105].
[2023-04-09 18:59:10,573][moc][INFO][generic_advisor.py:365] Sample random config. rand_prob=0.100000.
[2023-04-09 18:59:10,877][moc][WARNING][util_funcs.py:111] Provide "objs" in result is deprecated and will be removed in future versions! Please use "objectives" instead.
[2023-04-09 18:59:10,878][moc][INFO][generic_smbo.py:332] Iter 17, objectives: [-0.017361743232891393].
[2023-04-09 18:59:10,878][moc][INFO][generic_advisor.py:365] Sample random config. rand_prob=0.100000.
[2023-04-09 18:59:11,165][moc][WARNING][util_funcs.py:111] Provide "objs" in result is deprecated and will be removed in future versions! Please use "objectives" instead.
[2023-04-09 18:59:11,166][moc][INFO][generic_smbo.py:332] Iter 18, objectives: [-0.011575303128736187].
[2023-04-09 18:59:12,634][moc][WARNING][util_funcs.py:111] Provide "objs" in result is deprecated and will be removed in future versions! Please use "objectives" instead.
[2023-04-09 18:59:12,641][moc][INFO][generic_smbo.py:332] Iter 19, objectives: [-0.017361774840188735].
[2023-04-09 18:59:13,987][moc][WARNING][util_funcs.py:111] Provide "objs" in result is deprecated and will be removed in future versions! Please use "objectives" instead.
[2023-04-09 18:59:13,988][moc][INFO][generic_smbo.py:332] Iter 20, objectives: [-0.01736179166347457].
