[2023-04-10 17:18:07,199][moc][INFO][color_logger.py:203] Logfile: /home/chenyiqi/wafer_scale_chip_dse_framework/logs/moc_2023-04-10-17-18-07-199244.log
[2023-04-10 17:18:07,211][moc][WARNING][util_funcs.py:111] Provide "objs" in result is deprecated and will be removed in future versions! Please use "objectives" instead.
[2023-04-10 17:18:07,212][moc][INFO][generic_smbo.py:333] Iter 1, objectives: [-0.4141199439942028].
[2023-04-10 17:18:07,221][moc][WARNING][util_funcs.py:111] Provide "objs" in result is deprecated and will be removed in future versions! Please use "objectives" instead.
[2023-04-10 17:18:07,221][moc][INFO][generic_smbo.py:333] Iter 2, objectives: [-6.803326241612703].
[2023-04-10 17:18:07,231][moc][WARNING][util_funcs.py:111] Provide "objs" in result is deprecated and will be removed in future versions! Please use "objectives" instead.
[2023-04-10 17:18:07,231][moc][INFO][generic_smbo.py:333] Iter 3, objectives: [-0.8345969843534569].
[2023-04-10 17:18:07,241][moc][WARNING][util_funcs.py:111] Provide "objs" in result is deprecated and will be removed in future versions! Please use "objectives" instead.
[2023-04-10 17:18:07,241][moc][INFO][generic_smbo.py:333] Iter 4, objectives: [-0.7065022276467537].
[2023-04-10 17:18:07,250][moc][WARNING][util_funcs.py:111] Provide "objs" in result is deprecated and will be removed in future versions! Please use "objectives" instead.
[2023-04-10 17:18:07,250][moc][INFO][generic_smbo.py:333] Iter 5, objectives: [-0.6988494105989335].
[2023-04-10 17:18:07,260][moc][WARNING][util_funcs.py:111] Provide "objs" in result is deprecated and will be removed in future versions! Please use "objectives" instead.
[2023-04-10 17:18:07,260][moc][INFO][generic_smbo.py:333] Iter 6, objectives: [-0.5366998924280214].
[2023-04-10 17:18:07,269][moc][WARNING][util_funcs.py:111] Provide "objs" in result is deprecated and will be removed in future versions! Please use "objectives" instead.
[2023-04-10 17:18:07,270][moc][INFO][generic_smbo.py:333] Iter 7, objectives: [-17.02178261132235].
[2023-04-10 17:18:07,279][moc][WARNING][util_funcs.py:111] Provide "objs" in result is deprecated and will be removed in future versions! Please use "objectives" instead.
[2023-04-10 17:18:07,279][moc][INFO][generic_smbo.py:333] Iter 8, objectives: [-0.3403584325673897].
[2023-04-10 17:18:07,288][moc][WARNING][util_funcs.py:111] Provide "objs" in result is deprecated and will be removed in future versions! Please use "objectives" instead.
[2023-04-10 17:18:07,289][moc][INFO][generic_smbo.py:333] Iter 9, objectives: [-5.556332125866428].
[2023-04-10 17:18:07,298][moc][WARNING][util_funcs.py:111] Provide "objs" in result is deprecated and will be removed in future versions! Please use "objectives" instead.
[2023-04-10 17:18:07,298][moc][INFO][generic_smbo.py:333] Iter 10, objectives: [-2.0437780797396528].
[2023-04-10 17:18:07,307][moc][WARNING][util_funcs.py:111] Provide "objs" in result is deprecated and will be removed in future versions! Please use "objectives" instead.
[2023-04-10 17:18:07,307][moc][INFO][generic_smbo.py:333] Iter 11, objectives: [-3.834816127026221].
[2023-04-10 17:18:07,316][moc][WARNING][util_funcs.py:111] Provide "objs" in result is deprecated and will be removed in future versions! Please use "objectives" instead.
[2023-04-10 17:18:07,317][moc][INFO][generic_smbo.py:333] Iter 12, objectives: [-2.4726105752753993].
[2023-04-10 17:18:07,325][moc][WARNING][util_funcs.py:111] Provide "objs" in result is deprecated and will be removed in future versions! Please use "objectives" instead.
[2023-04-10 17:18:07,325][moc][INFO][generic_smbo.py:333] Iter 13, objectives: [-3.438445004373157].
[2023-04-10 17:18:07,334][moc][WARNING][util_funcs.py:111] Provide "objs" in result is deprecated and will be removed in future versions! Please use "objectives" instead.
[2023-04-10 17:18:07,334][moc][INFO][generic_smbo.py:333] Iter 14, objectives: [-1.0371271601272705].
[2023-04-10 17:18:07,343][moc][WARNING][util_funcs.py:111] Provide "objs" in result is deprecated and will be removed in future versions! Please use "objectives" instead.
[2023-04-10 17:18:07,344][moc][INFO][generic_smbo.py:333] Iter 15, objectives: [-4.218926169682848].
[2023-04-10 17:18:07,353][moc][WARNING][util_funcs.py:111] Provide "objs" in result is deprecated and will be removed in future versions! Please use "objectives" instead.
[2023-04-10 17:18:07,353][moc][INFO][generic_smbo.py:333] Iter 16, objectives: [-4.546802368452652].
[2023-04-10 17:18:07,507][moc][WARNING][util_funcs.py:111] Provide "objs" in result is deprecated and will be removed in future versions! Please use "objectives" instead.
[2023-04-10 17:18:07,507][moc][INFO][generic_smbo.py:333] Iter 17, objectives: [-5.922895716034359].
[2023-04-10 17:18:07,516][moc][WARNING][util_funcs.py:111] Provide "objs" in result is deprecated and will be removed in future versions! Please use "objectives" instead.
[2023-04-10 17:18:07,516][moc][INFO][generic_smbo.py:333] Iter 18, objectives: [-2.4940412155311193].
[2023-04-10 17:18:07,525][moc][WARNING][util_funcs.py:111] Provide "objs" in result is deprecated and will be removed in future versions! Please use "objectives" instead.
[2023-04-10 17:18:07,525][moc][INFO][generic_smbo.py:333] Iter 19, objectives: [-28.74668519123162].
[2023-04-10 17:18:07,534][moc][WARNING][util_funcs.py:111] Provide "objs" in result is deprecated and will be removed in future versions! Please use "objectives" instead.
[2023-04-10 17:18:07,534][moc][INFO][generic_smbo.py:333] Iter 20, objectives: [-0.9206027444277777].
[2023-04-10 17:18:07,535][moc][WARNING][util_funcs.py:111] Provide "objs" in result is deprecated and will be removed in future versions! Please use "objectives" instead.
[2023-04-10 17:18:07,535][moc][WARNING][util_funcs.py:123] Unused information in result: {'config': [{'data_parallel_size': 13, 'micro_batch_size': 28, 'model_parallel_size': 4, 'num_reticle_per_pipeline_stage': 486, 'tensor_parallel_size': 1}]}
[2023-04-10 17:18:07,535][moc][INFO][generic_smbo.py:418] Iter 16, objectives: [-28.74668519123162].
[2023-04-10 17:18:11,553][moc][WARNING][util_funcs.py:231] Keyword argument "num_objs" is deprecated and will be removed in a future version. Please use "num_objectives" instead.
