[2023-04-10 19:31:24,870][moc][INFO][color_logger.py:203] Logfile: /home/chenyiqi/wafer_scale_chip_dse_framework/logs/moc_2023-04-10-19-31-24-869775.log
[2023-04-10 19:31:24,876][moc][WARNING][util_funcs.py:111] Provide "objs" in result is deprecated and will be removed in future versions! Please use "objectives" instead.
[2023-04-10 19:31:24,876][moc][INFO][generic_smbo.py:352] Iter 1, objectives: [-2.087894036270873].
[2023-04-10 19:31:24,880][moc][WARNING][util_funcs.py:111] Provide "objs" in result is deprecated and will be removed in future versions! Please use "objectives" instead.
[2023-04-10 19:31:24,880][moc][INFO][generic_smbo.py:352] Iter 2, objectives: [-0.9330185254187089].
[2023-04-10 19:31:24,884][moc][WARNING][util_funcs.py:111] Provide "objs" in result is deprecated and will be removed in future versions! Please use "objectives" instead.
[2023-04-10 19:31:24,884][moc][INFO][generic_smbo.py:352] Iter 3, objectives: [-19.03286864104116].
[2023-04-10 19:31:24,888][moc][WARNING][util_funcs.py:111] Provide "objs" in result is deprecated and will be removed in future versions! Please use "objectives" instead.
[2023-04-10 19:31:24,889][moc][INFO][generic_smbo.py:352] Iter 4, objectives: [-0.7008414343376688].
[2023-04-10 19:31:24,893][moc][WARNING][util_funcs.py:111] Provide "objs" in result is deprecated and will be removed in future versions! Please use "objectives" instead.
[2023-04-10 19:31:24,893][moc][INFO][generic_smbo.py:352] Iter 5, objectives: [-0.26762881357613677].
[2023-04-10 19:31:24,897][moc][WARNING][util_funcs.py:111] Provide "objs" in result is deprecated and will be removed in future versions! Please use "objectives" instead.
[2023-04-10 19:31:24,897][moc][INFO][generic_smbo.py:352] Iter 6, objectives: [-1.1153435327754646].
[2023-04-10 19:31:24,901][moc][WARNING][util_funcs.py:111] Provide "objs" in result is deprecated and will be removed in future versions! Please use "objectives" instead.
[2023-04-10 19:31:24,901][moc][INFO][generic_smbo.py:352] Iter 7, objectives: [-0.3710685964967388].
[2023-04-10 19:31:24,905][moc][WARNING][util_funcs.py:111] Provide "objs" in result is deprecated and will be removed in future versions! Please use "objectives" instead.
[2023-04-10 19:31:24,905][moc][INFO][generic_smbo.py:352] Iter 8, objectives: [-1.241129776769379].
[2023-04-10 19:31:24,909][moc][WARNING][util_funcs.py:111] Provide "objs" in result is deprecated and will be removed in future versions! Please use "objectives" instead.
[2023-04-10 19:31:24,910][moc][INFO][generic_smbo.py:352] Iter 9, objectives: [-1.5036689844002082].
[2023-04-10 19:31:24,914][moc][WARNING][util_funcs.py:111] Provide "objs" in result is deprecated and will be removed in future versions! Please use "objectives" instead.
[2023-04-10 19:31:24,914][moc][INFO][generic_smbo.py:352] Iter 10, objectives: [-2.883853266494299].
[2023-04-10 19:31:24,917][moc][WARNING][util_funcs.py:111] Provide "objs" in result is deprecated and will be removed in future versions! Please use "objectives" instead.
[2023-04-10 19:31:24,918][moc][INFO][generic_smbo.py:352] Iter 11, objectives: [-3.4555794689163224].
[2023-04-10 19:31:24,922][moc][WARNING][util_funcs.py:111] Provide "objs" in result is deprecated and will be removed in future versions! Please use "objectives" instead.
[2023-04-10 19:31:24,922][moc][INFO][generic_smbo.py:352] Iter 12, objectives: [-0.7334422888083427].
[2023-04-10 19:31:24,925][moc][WARNING][util_funcs.py:111] Provide "objs" in result is deprecated and will be removed in future versions! Please use "objectives" instead.
[2023-04-10 19:31:24,925][moc][INFO][generic_smbo.py:352] Iter 13, objectives: [-1.2911143943289416].
[2023-04-10 19:31:24,929][moc][WARNING][util_funcs.py:111] Provide "objs" in result is deprecated and will be removed in future versions! Please use "objectives" instead.
[2023-04-10 19:31:24,930][moc][INFO][generic_smbo.py:352] Iter 14, objectives: [-0.8443664280220445].
[2023-04-10 19:31:24,933][moc][WARNING][util_funcs.py:111] Provide "objs" in result is deprecated and will be removed in future versions! Please use "objectives" instead.
[2023-04-10 19:31:24,934][moc][INFO][generic_smbo.py:352] Iter 15, objectives: [-0.6761501779718624].
[2023-04-10 19:31:24,937][moc][WARNING][util_funcs.py:111] Provide "objs" in result is deprecated and will be removed in future versions! Please use "objectives" instead.
[2023-04-10 19:31:24,938][moc][INFO][generic_smbo.py:352] Iter 16, objectives: [-95.69004736019409].
[2023-04-10 19:31:24,942][moc][WARNING][util_funcs.py:111] Provide "objs" in result is deprecated and will be removed in future versions! Please use "objectives" instead.
[2023-04-10 19:31:24,942][moc][INFO][generic_smbo.py:352] Iter 17, objectives: [-0.9545486979283758].
[2023-04-10 19:31:24,946][moc][WARNING][util_funcs.py:111] Provide "objs" in result is deprecated and will be removed in future versions! Please use "objectives" instead.
[2023-04-10 19:31:24,946][moc][INFO][generic_smbo.py:352] Iter 18, objectives: [-23.570800735090515].
[2023-04-10 19:31:24,950][moc][WARNING][util_funcs.py:111] Provide "objs" in result is deprecated and will be removed in future versions! Please use "objectives" instead.
[2023-04-10 19:31:24,950][moc][INFO][generic_smbo.py:352] Iter 19, objectives: [-2.504055100216692].
[2023-04-10 19:31:24,954][moc][WARNING][util_funcs.py:111] Provide "objs" in result is deprecated and will be removed in future versions! Please use "objectives" instead.
[2023-04-10 19:31:24,954][moc][INFO][generic_smbo.py:352] Iter 20, objectives: [-2.101586486854334].
[2023-04-10 19:31:24,954][moc][WARNING][util_funcs.py:111] Provide "objs" in result is deprecated and will be removed in future versions! Please use "objectives" instead.
[2023-04-10 19:31:24,954][moc][WARNING][util_funcs.py:123] Unused information in result: {'config': [{'data_parallel_size': 1, 'micro_batch_size': 5, 'model_parallel_size': 12, 'num_reticle_per_pipeline_stage': 21, 'tensor_parallel_size': 1}]}
[2023-04-10 19:31:24,955][moc][INFO][generic_smbo.py:437] Iter 18, objectives: [-95.69004736019409].
[2023-04-10 19:31:24,955][moc][INFO][mf_advisor.py:411] Sample random config. rand_prob=0.100000.
[2023-04-10 19:31:24,956][moc][WARNING][util_funcs.py:231] Keyword argument "num_objs" is deprecated and will be removed in a future version. Please use "num_objectives" instead.
