[2023-04-09 19:02:11,206][moc][INFO][color_logger.py:203] Logfile: /home/chenyiqi/wafer_scale_chip_dse_framework/logs/moc_2023-04-09-19-02-11-203349.log
[2023-04-09 19:02:11,216][moc][INFO][generic_advisor.py:157] [BO auto selection]  acq_type: ei.
[2023-04-09 19:02:11,478][moc][WARNING][util_funcs.py:111] Provide "objs" in result is deprecated and will be removed in future versions! Please use "objectives" instead.
[2023-04-09 19:02:11,480][moc][INFO][generic_smbo.py:332] Iter 1, objectives: [-0.008681795485728252].
[2023-04-09 19:02:11,774][moc][WARNING][util_funcs.py:111] Provide "objs" in result is deprecated and will be removed in future versions! Please use "objectives" instead.
[2023-04-09 19:02:11,775][moc][INFO][generic_smbo.py:332] Iter 2, objectives: [-0.006945587166361168].
[2023-04-09 19:02:11,955][moc][WARNING][util_funcs.py:111] Provide "objs" in result is deprecated and will be removed in future versions! Please use "objectives" instead.
[2023-04-09 19:02:11,956][moc][INFO][generic_smbo.py:332] Iter 3, objectives: [-0.017361716893564853].
[2023-04-09 19:02:12,225][moc][WARNING][util_funcs.py:111] Provide "objs" in result is deprecated and will be removed in future versions! Please use "objectives" instead.
[2023-04-09 19:02:12,226][moc][INFO][generic_smbo.py:332] Iter 4, objectives: [-0.011575329693209674].
[2023-04-09 19:02:12,674][moc][WARNING][util_funcs.py:111] Provide "objs" in result is deprecated and will be removed in future versions! Please use "objectives" instead.
[2023-04-09 19:02:12,675][moc][INFO][generic_smbo.py:332] Iter 5, objectives: [-0.006945589629895063].
[2023-04-09 19:02:12,868][moc][WARNING][util_funcs.py:111] Provide "objs" in result is deprecated and will be removed in future versions! Please use "objectives" instead.
[2023-04-09 19:02:12,869][moc][INFO][generic_smbo.py:332] Iter 6, objectives: [-0.011575313164189619].
[2023-04-09 19:02:12,870][moc][INFO][generic_advisor.py:365] Sample random config. rand_prob=0.100000.
[2023-04-09 19:02:16,740][moc][WARNING][util_funcs.py:111] Provide "objs" in result is deprecated and will be removed in future versions! Please use "objectives" instead.
[2023-04-09 19:02:16,741][moc][INFO][generic_smbo.py:332] Iter 7, objectives: [-0.002671518232242766].
[2023-04-09 19:02:18,132][moc][WARNING][util_funcs.py:111] Provide "objs" in result is deprecated and will be removed in future versions! Please use "objectives" instead.
[2023-04-09 19:02:18,133][moc][INFO][generic_smbo.py:332] Iter 8, objectives: [-0.017361716893564853].
[2023-04-09 19:02:19,266][moc][WARNING][util_funcs.py:111] Provide "objs" in result is deprecated and will be removed in future versions! Please use "objectives" instead.
[2023-04-09 19:02:19,267][moc][INFO][generic_smbo.py:332] Iter 9, objectives: [-0.017361716893564853].
[2023-04-09 19:02:20,758][moc][WARNING][util_funcs.py:111] Provide "objs" in result is deprecated and will be removed in future versions! Please use "objectives" instead.
[2023-04-09 19:02:20,759][moc][INFO][generic_smbo.py:332] Iter 10, objectives: [-0.017361716893564853].
[2023-04-09 19:02:22,189][moc][WARNING][util_funcs.py:111] Provide "objs" in result is deprecated and will be removed in future versions! Please use "objectives" instead.
[2023-04-09 19:02:22,190][moc][INFO][generic_smbo.py:332] Iter 11, objectives: [-0.017361716893564853].
[2023-04-09 19:02:23,373][moc][WARNING][util_funcs.py:111] Provide "objs" in result is deprecated and will be removed in future versions! Please use "objectives" instead.
[2023-04-09 19:02:23,373][moc][INFO][generic_smbo.py:332] Iter 12, objectives: [-0.017361716893564853].
[2023-04-09 19:02:24,360][moc][WARNING][util_funcs.py:111] Provide "objs" in result is deprecated and will be removed in future versions! Please use "objectives" instead.
[2023-04-09 19:02:24,360][moc][INFO][generic_smbo.py:332] Iter 13, objectives: [-0.017361716893564853].
[2023-04-09 19:02:25,810][moc][WARNING][util_funcs.py:111] Provide "objs" in result is deprecated and will be removed in future versions! Please use "objectives" instead.
[2023-04-09 19:02:25,810][moc][INFO][generic_smbo.py:332] Iter 14, objectives: [-0.017361703723931553].
[2023-04-09 19:02:27,020][moc][WARNING][util_funcs.py:111] Provide "objs" in result is deprecated and will be removed in future versions! Please use "objectives" instead.
[2023-04-09 19:02:27,021][moc][INFO][generic_smbo.py:332] Iter 15, objectives: [-0.017361736049430775].
[2023-04-09 19:02:28,502][moc][WARNING][util_funcs.py:111] Provide "objs" in result is deprecated and will be removed in future versions! Please use "objectives" instead.
[2023-04-09 19:02:28,503][moc][INFO][generic_smbo.py:332] Iter 16, objectives: [-0.017361703723931553].
[2023-04-09 19:02:29,797][moc][WARNING][util_funcs.py:111] Provide "objs" in result is deprecated and will be removed in future versions! Please use "objectives" instead.
[2023-04-09 19:02:29,798][moc][INFO][generic_smbo.py:332] Iter 17, objectives: [-0.017361743232891393].
[2023-04-09 19:02:31,272][moc][WARNING][util_funcs.py:111] Provide "objs" in result is deprecated and will be removed in future versions! Please use "objectives" instead.
[2023-04-09 19:02:31,273][moc][INFO][generic_smbo.py:332] Iter 18, objectives: [-0.01736172742928588].
[2023-04-09 19:02:32,305][moc][WARNING][util_funcs.py:111] Provide "objs" in result is deprecated and will be removed in future versions! Please use "objectives" instead.
[2023-04-09 19:02:32,306][moc][INFO][generic_smbo.py:332] Iter 19, objectives: [-0.01736172742928588].
[2023-04-09 19:02:33,458][moc][WARNING][util_funcs.py:111] Provide "objs" in result is deprecated and will be removed in future versions! Please use "objectives" instead.
[2023-04-09 19:02:33,459][moc][INFO][generic_smbo.py:332] Iter 20, objectives: [-0.017361736049430775].
