[2023-04-10 16:47:36,344][moc][INFO][color_logger.py:203] Logfile: /home/chenyiqi/wafer_scale_chip_dse_framework/logs/moc_2023-04-10-16-47-36-343934.log
[2023-04-10 16:47:36,349][moc][WARNING][util_funcs.py:111] Provide "objs" in result is deprecated and will be removed in future versions! Please use "objectives" instead.
[2023-04-10 16:47:36,349][moc][INFO][generic_smbo.py:333] Iter 1, objectives: [-2.106543034215921].
[2023-04-10 16:47:36,352][moc][WARNING][util_funcs.py:111] Provide "objs" in result is deprecated and will be removed in future versions! Please use "objectives" instead.
[2023-04-10 16:47:36,352][moc][INFO][generic_smbo.py:333] Iter 2, objectives: [-1.7522699796147378].
[2023-04-10 16:47:36,355][moc][WARNING][util_funcs.py:111] Provide "objs" in result is deprecated and will be removed in future versions! Please use "objectives" instead.
[2023-04-10 16:47:36,356][moc][INFO][generic_smbo.py:333] Iter 3, objectives: [-0.6611963919506306].
[2023-04-10 16:47:36,358][moc][WARNING][util_funcs.py:111] Provide "objs" in result is deprecated and will be removed in future versions! Please use "objectives" instead.
[2023-04-10 16:47:36,359][moc][INFO][generic_smbo.py:333] Iter 4, objectives: [-1.4291917773633416].
[2023-04-10 16:47:36,362][moc][WARNING][util_funcs.py:111] Provide "objs" in result is deprecated and will be removed in future versions! Please use "objectives" instead.
[2023-04-10 16:47:36,362][moc][INFO][generic_smbo.py:333] Iter 5, objectives: [-0.9406746434063856].
[2023-04-10 16:47:36,365][moc][WARNING][util_funcs.py:111] Provide "objs" in result is deprecated and will be removed in future versions! Please use "objectives" instead.
[2023-04-10 16:47:36,365][moc][INFO][generic_smbo.py:333] Iter 6, objectives: [-0.3915471212577771].
[2023-04-10 16:47:36,368][moc][WARNING][util_funcs.py:111] Provide "objs" in result is deprecated and will be removed in future versions! Please use "objectives" instead.
[2023-04-10 16:47:36,368][moc][INFO][generic_smbo.py:333] Iter 7, objectives: [-1.5636101870767332].
[2023-04-10 16:47:36,371][moc][WARNING][util_funcs.py:111] Provide "objs" in result is deprecated and will be removed in future versions! Please use "objectives" instead.
[2023-04-10 16:47:36,371][moc][INFO][generic_smbo.py:333] Iter 8, objectives: [-0.6231726807992647].
[2023-04-10 16:47:36,375][moc][WARNING][util_funcs.py:111] Provide "objs" in result is deprecated and will be removed in future versions! Please use "objectives" instead.
[2023-04-10 16:47:36,375][moc][INFO][generic_smbo.py:333] Iter 9, objectives: [-1.7280989753199887].
[2023-04-10 16:47:36,378][moc][WARNING][util_funcs.py:111] Provide "objs" in result is deprecated and will be removed in future versions! Please use "objectives" instead.
[2023-04-10 16:47:36,378][moc][INFO][generic_smbo.py:333] Iter 10, objectives: [-0.6706236579837727].
[2023-04-10 16:47:36,378][moc][WARNING][util_funcs.py:111] Provide "objs" in result is deprecated and will be removed in future versions! Please use "objectives" instead.
[2023-04-10 16:47:36,378][moc][WARNING][util_funcs.py:123] Unused information in result: {'config': [Configuration(values={
  'data_parallel_size': 2,
  'micro_batch_size': 126,
  'model_parallel_size': 24,
  'num_reticle_per_pipeline_stage': 3,
  'tensor_parallel_size': 2,
})
]}
[2023-04-10 16:47:36,379][moc][INFO][generic_smbo.py:418] Iter 7, objectives: [-2.106543034215921].
[2023-04-10 16:47:36,379][moc][WARNING][mf_advisor.py:421] No enough successful initial trials! Sample random configuration.
[2023-04-10 16:47:36,380][moc][WARNING][util_funcs.py:231] Keyword argument "num_objs" is deprecated and will be removed in a future version. Please use "num_objectives" instead.
