[2023-04-10 16:41:09,455][moc][INFO][color_logger.py:203] Logfile: /home/chenyiqi/wafer_scale_chip_dse_framework/logs/moc_2023-04-10-16-41-09-455313.log
[2023-04-10 16:41:09,462][moc][WARNING][util_funcs.py:111] Provide "objs" in result is deprecated and will be removed in future versions! Please use "objectives" instead.
[2023-04-10 16:41:09,462][moc][INFO][generic_smbo.py:333] Iter 1, objectives: [-2.311520645867663].
[2023-04-10 16:41:09,466][moc][WARNING][util_funcs.py:111] Provide "objs" in result is deprecated and will be removed in future versions! Please use "objectives" instead.
[2023-04-10 16:41:09,467][moc][INFO][generic_smbo.py:333] Iter 2, objectives: [-0.39007087771727156].
[2023-04-10 16:41:09,471][moc][WARNING][util_funcs.py:111] Provide "objs" in result is deprecated and will be removed in future versions! Please use "objectives" instead.
[2023-04-10 16:41:09,471][moc][INFO][generic_smbo.py:333] Iter 3, objectives: [-224.66303144461762].
[2023-04-10 16:41:09,475][moc][WARNING][util_funcs.py:111] Provide "objs" in result is deprecated and will be removed in future versions! Please use "objectives" instead.
[2023-04-10 16:41:09,475][moc][INFO][generic_smbo.py:333] Iter 4, objectives: [-0.47438245422016717].
[2023-04-10 16:41:09,479][moc][WARNING][util_funcs.py:111] Provide "objs" in result is deprecated and will be removed in future versions! Please use "objectives" instead.
[2023-04-10 16:41:09,480][moc][INFO][generic_smbo.py:333] Iter 5, objectives: [-1.2626429775885293].
[2023-04-10 16:41:09,484][moc][WARNING][util_funcs.py:111] Provide "objs" in result is deprecated and will be removed in future versions! Please use "objectives" instead.
[2023-04-10 16:41:09,484][moc][INFO][generic_smbo.py:333] Iter 6, objectives: [-3.0726325096121774].
[2023-04-10 16:41:09,488][moc][WARNING][util_funcs.py:111] Provide "objs" in result is deprecated and will be removed in future versions! Please use "objectives" instead.
[2023-04-10 16:41:09,489][moc][INFO][generic_smbo.py:333] Iter 7, objectives: [-0.7100998575731924].
[2023-04-10 16:41:09,493][moc][WARNING][util_funcs.py:111] Provide "objs" in result is deprecated and will be removed in future versions! Please use "objectives" instead.
[2023-04-10 16:41:09,493][moc][INFO][generic_smbo.py:333] Iter 8, objectives: [-0.5942175459574277].
[2023-04-10 16:41:09,497][moc][WARNING][util_funcs.py:111] Provide "objs" in result is deprecated and will be removed in future versions! Please use "objectives" instead.
[2023-04-10 16:41:09,497][moc][INFO][generic_smbo.py:333] Iter 9, objectives: [-1.3629299032441715].
[2023-04-10 16:41:09,501][moc][WARNING][util_funcs.py:111] Provide "objs" in result is deprecated and will be removed in future versions! Please use "objectives" instead.
[2023-04-10 16:41:09,502][moc][INFO][generic_smbo.py:333] Iter 10, objectives: [-1.6738427643922973].
[2023-04-10 16:41:09,502][moc][WARNING][util_funcs.py:111] Provide "objs" in result is deprecated and will be removed in future versions! Please use "objectives" instead.
[2023-04-10 16:41:09,502][moc][WARNING][util_funcs.py:123] Unused information in result: {'config': [Configuration(values={
  'data_parallel_size': 4,
  'micro_batch_size': 24,
  'model_parallel_size': 4,
  'num_reticle_per_pipeline_stage': 312,
  'tensor_parallel_size': 1,
})
]}
[2023-04-10 16:41:09,502][moc][INFO][generic_smbo.py:418] Iter 9, objectives: [-224.66303144461762].
[2023-04-10 16:41:09,502][moc][INFO][mf_advisor.py:411] Sample random config. rand_prob=0.100000.
[2023-04-10 16:41:09,504][moc][WARNING][util_funcs.py:231] Keyword argument "num_objs" is deprecated and will be removed in a future version. Please use "num_objectives" instead.
