[2023-04-10 16:58:03,262][moc][INFO][color_logger.py:203] Logfile: /home/chenyiqi/wafer_scale_chip_dse_framework/logs/moc_2023-04-10-16-58-03-262622.log
[2023-04-10 16:58:04,138][moc][WARNING][util_funcs.py:111] Provide "objs" in result is deprecated and will be removed in future versions! Please use "objectives" instead.
[2023-04-10 16:58:04,138][moc][INFO][generic_smbo.py:333] Iter 1, objectives: [-0.6436453855192876].
[2023-04-10 16:58:05,036][moc][WARNING][util_funcs.py:111] Provide "objs" in result is deprecated and will be removed in future versions! Please use "objectives" instead.
[2023-04-10 16:58:05,036][moc][INFO][generic_smbo.py:333] Iter 2, objectives: [-0.606011955452573].
[2023-04-10 16:58:05,766][moc][WARNING][util_funcs.py:111] Provide "objs" in result is deprecated and will be removed in future versions! Please use "objectives" instead.
[2023-04-10 16:58:05,766][moc][INFO][generic_smbo.py:333] Iter 3, objectives: [-2.6131960563304593].
[2023-04-10 16:58:06,730][moc][WARNING][util_funcs.py:111] Provide "objs" in result is deprecated and will be removed in future versions! Please use "objectives" instead.
[2023-04-10 16:58:06,730][moc][INFO][generic_smbo.py:333] Iter 4, objectives: [-0.5699691757413868].
[2023-04-10 16:58:07,704][moc][WARNING][util_funcs.py:111] Provide "objs" in result is deprecated and will be removed in future versions! Please use "objectives" instead.
[2023-04-10 16:58:07,704][moc][INFO][generic_smbo.py:333] Iter 5, objectives: [-0.3126889075147972].
[2023-04-10 16:58:08,663][moc][WARNING][util_funcs.py:111] Provide "objs" in result is deprecated and will be removed in future versions! Please use "objectives" instead.
[2023-04-10 16:58:08,663][moc][INFO][generic_smbo.py:333] Iter 6, objectives: [-0.6634117073888438].
[2023-04-10 16:58:09,472][moc][WARNING][util_funcs.py:111] Provide "objs" in result is deprecated and will be removed in future versions! Please use "objectives" instead.
[2023-04-10 16:58:09,472][moc][INFO][generic_smbo.py:333] Iter 7, objectives: [-1.120992363439338].
[2023-04-10 16:58:10,513][moc][WARNING][util_funcs.py:111] Provide "objs" in result is deprecated and will be removed in future versions! Please use "objectives" instead.
[2023-04-10 16:58:10,513][moc][INFO][generic_smbo.py:333] Iter 8, objectives: [-1.0010307434639953].
[2023-04-10 16:58:11,375][moc][WARNING][util_funcs.py:111] Provide "objs" in result is deprecated and will be removed in future versions! Please use "objectives" instead.
[2023-04-10 16:58:11,375][moc][INFO][generic_smbo.py:333] Iter 9, objectives: [-6.40064596106833].
[2023-04-10 16:58:12,453][moc][WARNING][util_funcs.py:111] Provide "objs" in result is deprecated and will be removed in future versions! Please use "objectives" instead.
[2023-04-10 16:58:12,453][moc][INFO][generic_smbo.py:333] Iter 10, objectives: [-0.14133021957459108].
[2023-04-10 16:58:12,454][moc][WARNING][util_funcs.py:111] Provide "objs" in result is deprecated and will be removed in future versions! Please use "objectives" instead.
[2023-04-10 16:58:12,454][moc][WARNING][util_funcs.py:123] Unused information in result: {'config': [{'data_parallel_size': 8, 'micro_batch_size': 26, 'model_parallel_size': 3, 'num_reticle_per_pipeline_stage': 503, 'tensor_parallel_size': 2}]}
[2023-04-10 16:58:12,454][moc][INFO][generic_smbo.py:418] Iter 9, objectives: [-6.40064596106833].
[2023-04-10 16:58:12,455][moc][INFO][mf_advisor.py:411] Sample random config. rand_prob=0.100000.
[2023-04-10 16:58:12,456][moc][WARNING][util_funcs.py:231] Keyword argument "num_objs" is deprecated and will be removed in a future version. Please use "num_objectives" instead.
