[2023-04-09 18:58:52,797][moc][INFO][color_logger.py:203] Logfile: /home/chenyiqi/wafer_scale_chip_dse_framework/logs/moc_2023-04-09-18-58-52-796544.log
[2023-04-09 18:58:52,800][moc][INFO][generic_advisor.py:157] [BO auto selection]  acq_type: ei.
[2023-04-09 18:58:53,064][moc][WARNING][util_funcs.py:111] Provide "objs" in result is deprecated and will be removed in future versions! Please use "objectives" instead.
[2023-04-09 18:58:53,065][moc][INFO][generic_smbo.py:332] Iter 1, objectives: [-0.008681800002011715].
[2023-04-09 18:58:53,523][moc][WARNING][util_funcs.py:111] Provide "objs" in result is deprecated and will be removed in future versions! Please use "objectives" instead.
[2023-04-09 18:58:53,524][moc][INFO][generic_smbo.py:332] Iter 2, objectives: [-0.008681806703602293].
[2023-04-09 18:58:54,341][moc][WARNING][util_funcs.py:111] Provide "objs" in result is deprecated and will be removed in future versions! Please use "objectives" instead.
[2023-04-09 18:58:54,341][moc][INFO][generic_smbo.py:332] Iter 3, objectives: [-0.0038588045044240116].
[2023-04-09 18:58:55,105][moc][WARNING][util_funcs.py:111] Provide "objs" in result is deprecated and will be removed in future versions! Please use "objectives" instead.
[2023-04-09 18:58:55,106][moc][INFO][generic_smbo.py:332] Iter 4, objectives: [-0.008681806550631088].
[2023-04-09 18:58:55,505][moc][WARNING][util_funcs.py:111] Provide "objs" in result is deprecated and will be removed in future versions! Please use "objectives" instead.
[2023-04-09 18:58:55,506][moc][INFO][generic_smbo.py:332] Iter 5, objectives: [-0.0086818033892274].
[2023-04-09 18:58:55,881][moc][WARNING][util_funcs.py:111] Provide "objs" in result is deprecated and will be removed in future versions! Please use "objectives" instead.
[2023-04-09 18:58:55,882][moc][INFO][generic_smbo.py:332] Iter 6, objectives: [-0.008681798120226368].
[2023-04-09 18:58:57,011][moc][WARNING][util_funcs.py:111] Provide "objs" in result is deprecated and will be removed in future versions! Please use "objectives" instead.
[2023-04-09 18:58:57,012][moc][INFO][generic_smbo.py:332] Iter 7, objectives: [-0.008681798120226368].
[2023-04-09 18:58:58,083][moc][WARNING][util_funcs.py:111] Provide "objs" in result is deprecated and will be removed in future versions! Please use "objectives" instead.
[2023-04-09 18:58:58,084][moc][INFO][generic_smbo.py:332] Iter 8, objectives: [-0.0086818033892274].
[2023-04-09 18:58:59,320][moc][WARNING][util_funcs.py:111] Provide "objs" in result is deprecated and will be removed in future versions! Please use "objectives" instead.
[2023-04-09 18:58:59,321][moc][INFO][generic_smbo.py:332] Iter 9, objectives: [-0.008681801994491211].
[2023-04-09 18:59:00,598][moc][WARNING][util_funcs.py:111] Provide "objs" in result is deprecated and will be removed in future versions! Please use "objectives" instead.
[2023-04-09 18:59:00,599][moc][INFO][generic_smbo.py:332] Iter 10, objectives: [-0.008681800002011715].
[2023-04-09 18:59:02,951][moc][WARNING][util_funcs.py:111] Provide "objs" in result is deprecated and will be removed in future versions! Please use "objectives" instead.
[2023-04-09 18:59:02,952][moc][INFO][generic_smbo.py:332] Iter 11, objectives: [-0.006945589629895063].
[2023-04-09 18:59:04,976][moc][WARNING][util_funcs.py:111] Provide "objs" in result is deprecated and will be removed in future versions! Please use "objectives" instead.
[2023-04-09 18:59:04,977][moc][INFO][generic_smbo.py:332] Iter 12, objectives: [-0.008681806550631088].
[2023-04-09 18:59:06,717][moc][WARNING][util_funcs.py:111] Provide "objs" in result is deprecated and will be removed in future versions! Please use "objectives" instead.
[2023-04-09 18:59:06,719][moc][INFO][generic_smbo.py:332] Iter 13, objectives: [-0.008681800349418331].
[2023-04-09 18:59:07,870][moc][WARNING][util_funcs.py:111] Provide "objs" in result is deprecated and will be removed in future versions! Please use "objectives" instead.
[2023-04-09 18:59:07,871][moc][INFO][generic_smbo.py:332] Iter 14, objectives: [-0.008681796922727025].
[2023-04-09 18:59:10,055][moc][WARNING][util_funcs.py:111] Provide "objs" in result is deprecated and will be removed in future versions! Please use "objectives" instead.
[2023-04-09 18:59:10,056][moc][INFO][generic_smbo.py:332] Iter 15, objectives: [-0.008681800349418331].
[2023-04-09 18:59:11,481][moc][WARNING][util_funcs.py:111] Provide "objs" in result is deprecated and will be removed in future versions! Please use "objectives" instead.
[2023-04-09 18:59:11,482][moc][INFO][generic_smbo.py:332] Iter 16, objectives: [-0.008681802924315286].
[2023-04-09 18:59:11,483][moc][INFO][generic_advisor.py:365] Sample random config. rand_prob=0.100000.
[2023-04-09 18:59:12,457][moc][WARNING][util_funcs.py:111] Provide "objs" in result is deprecated and will be removed in future versions! Please use "objectives" instead.
[2023-04-09 18:59:12,458][moc][INFO][generic_smbo.py:332] Iter 17, objectives: [-0.011575332482486465].
[2023-04-09 18:59:12,458][moc][INFO][generic_advisor.py:365] Sample random config. rand_prob=0.100000.
[2023-04-09 18:59:12,847][moc][WARNING][util_funcs.py:111] Provide "objs" in result is deprecated and will be removed in future versions! Please use "objectives" instead.
[2023-04-09 18:59:12,848][moc][INFO][generic_smbo.py:332] Iter 18, objectives: [-0.00868180376558486].
[2023-04-09 18:59:14,010][moc][WARNING][util_funcs.py:111] Provide "objs" in result is deprecated and will be removed in future versions! Please use "objectives" instead.
[2023-04-09 18:59:14,011][moc][INFO][generic_smbo.py:332] Iter 19, objectives: [-0.011575331650596755].
[2023-04-09 18:59:15,439][moc][WARNING][util_funcs.py:111] Provide "objs" in result is deprecated and will be removed in future versions! Please use "objectives" instead.
[2023-04-09 18:59:15,440][moc][INFO][generic_smbo.py:332] Iter 20, objectives: [-0.011575331650596755].
