[2023-04-10 16:57:44,784][moc][INFO][color_logger.py:203] Logfile: /home/chenyiqi/wafer_scale_chip_dse_framework/logs/moc_2023-04-10-16-57-44-784793.log
[2023-04-10 16:57:45,077][moc][WARNING][util_funcs.py:111] Provide "objs" in result is deprecated and will be removed in future versions! Please use "objectives" instead.
[2023-04-10 16:57:45,077][moc][INFO][generic_smbo.py:333] Iter 1, objectives: [-2.6083124237075768].
[2023-04-10 16:57:45,401][moc][WARNING][util_funcs.py:111] Provide "objs" in result is deprecated and will be removed in future versions! Please use "objectives" instead.
[2023-04-10 16:57:45,402][moc][INFO][generic_smbo.py:333] Iter 2, objectives: [-0.2383664203090309].
[2023-04-10 16:57:45,665][moc][WARNING][util_funcs.py:111] Provide "objs" in result is deprecated and will be removed in future versions! Please use "objectives" instead.
[2023-04-10 16:57:45,666][moc][INFO][generic_smbo.py:333] Iter 3, objectives: [-1.7150297870121034].
[2023-04-10 16:57:46,033][moc][WARNING][util_funcs.py:111] Provide "objs" in result is deprecated and will be removed in future versions! Please use "objectives" instead.
[2023-04-10 16:57:46,033][moc][INFO][generic_smbo.py:333] Iter 4, objectives: [-0.9235940109309858].
[2023-04-10 16:57:46,301][moc][WARNING][util_funcs.py:111] Provide "objs" in result is deprecated and will be removed in future versions! Please use "objectives" instead.
[2023-04-10 16:57:46,301][moc][INFO][generic_smbo.py:333] Iter 5, objectives: [-2.3370266845229266].
[2023-04-10 16:57:46,582][moc][WARNING][util_funcs.py:111] Provide "objs" in result is deprecated and will be removed in future versions! Please use "objectives" instead.
[2023-04-10 16:57:46,582][moc][INFO][generic_smbo.py:333] Iter 6, objectives: [-0.16571696645035458].
[2023-04-10 16:57:46,864][moc][WARNING][util_funcs.py:111] Provide "objs" in result is deprecated and will be removed in future versions! Please use "objectives" instead.
[2023-04-10 16:57:46,865][moc][INFO][generic_smbo.py:333] Iter 7, objectives: [-0.35325558324061435].
[2023-04-10 16:57:47,141][moc][WARNING][util_funcs.py:111] Provide "objs" in result is deprecated and will be removed in future versions! Please use "objectives" instead.
[2023-04-10 16:57:47,141][moc][INFO][generic_smbo.py:333] Iter 8, objectives: [-1.9608092962904393].
[2023-04-10 16:57:47,544][moc][WARNING][util_funcs.py:111] Provide "objs" in result is deprecated and will be removed in future versions! Please use "objectives" instead.
[2023-04-10 16:57:47,544][moc][INFO][generic_smbo.py:333] Iter 9, objectives: [-0.5333043884608308].
[2023-04-10 16:57:47,829][moc][WARNING][util_funcs.py:111] Provide "objs" in result is deprecated and will be removed in future versions! Please use "objectives" instead.
[2023-04-10 16:57:47,829][moc][INFO][generic_smbo.py:333] Iter 10, objectives: [-2.2012060944729033].
[2023-04-10 16:57:47,830][moc][WARNING][util_funcs.py:111] Provide "objs" in result is deprecated and will be removed in future versions! Please use "objectives" instead.
[2023-04-10 16:57:47,830][moc][WARNING][util_funcs.py:123] Unused information in result: {'config': [{'data_parallel_size': 14, 'micro_batch_size': 13, 'model_parallel_size': 1, 'num_reticle_per_pipeline_stage': 469, 'tensor_parallel_size': 1}]}
[2023-04-10 16:57:47,830][moc][INFO][generic_smbo.py:418] Iter 4, objectives: [-2.6083124237075768].
[2023-04-10 16:57:47,831][moc][WARNING][util_funcs.py:231] Keyword argument "num_objs" is deprecated and will be removed in a future version. Please use "num_objectives" instead.
