[2023-04-10 16:58:38,364][moc][INFO][color_logger.py:203] Logfile: /home/chenyiqi/wafer_scale_chip_dse_framework/logs/moc_2023-04-10-16-58-38-364199.log
[2023-04-10 16:58:38,370][moc][WARNING][util_funcs.py:111] Provide "objs" in result is deprecated and will be removed in future versions! Please use "objectives" instead.
[2023-04-10 16:58:38,370][moc][INFO][generic_smbo.py:333] Iter 1, objectives: [-383.53672133984793].
[2023-04-10 16:58:38,374][moc][WARNING][util_funcs.py:111] Provide "objs" in result is deprecated and will be removed in future versions! Please use "objectives" instead.
[2023-04-10 16:58:38,374][moc][INFO][generic_smbo.py:333] Iter 2, objectives: [-0.5418848251874002].
[2023-04-10 16:58:38,378][moc][WARNING][util_funcs.py:111] Provide "objs" in result is deprecated and will be removed in future versions! Please use "objectives" instead.
[2023-04-10 16:58:38,378][moc][INFO][generic_smbo.py:333] Iter 3, objectives: [-0.8909648248356642].
[2023-04-10 16:58:38,382][moc][WARNING][util_funcs.py:111] Provide "objs" in result is deprecated and will be removed in future versions! Please use "objectives" instead.
[2023-04-10 16:58:38,382][moc][INFO][generic_smbo.py:333] Iter 4, objectives: [-0.5437378490338194].
[2023-04-10 16:58:38,386][moc][WARNING][util_funcs.py:111] Provide "objs" in result is deprecated and will be removed in future versions! Please use "objectives" instead.
[2023-04-10 16:58:38,386][moc][INFO][generic_smbo.py:333] Iter 5, objectives: [-0.8549540487398791].
[2023-04-10 16:58:38,390][moc][WARNING][util_funcs.py:111] Provide "objs" in result is deprecated and will be removed in future versions! Please use "objectives" instead.
[2023-04-10 16:58:38,390][moc][INFO][generic_smbo.py:333] Iter 6, objectives: [-1.6575673657673133].
[2023-04-10 16:58:38,394][moc][WARNING][util_funcs.py:111] Provide "objs" in result is deprecated and will be removed in future versions! Please use "objectives" instead.
[2023-04-10 16:58:38,394][moc][INFO][generic_smbo.py:333] Iter 7, objectives: [-1.5629336711793025].
[2023-04-10 16:58:38,398][moc][WARNING][util_funcs.py:111] Provide "objs" in result is deprecated and will be removed in future versions! Please use "objectives" instead.
[2023-04-10 16:58:38,398][moc][INFO][generic_smbo.py:333] Iter 8, objectives: [-0.6924303051494333].
[2023-04-10 16:58:38,402][moc][WARNING][util_funcs.py:111] Provide "objs" in result is deprecated and will be removed in future versions! Please use "objectives" instead.
[2023-04-10 16:58:38,402][moc][INFO][generic_smbo.py:333] Iter 9, objectives: [-1.1589261725176185].
[2023-04-10 16:58:38,407][moc][WARNING][util_funcs.py:111] Provide "objs" in result is deprecated and will be removed in future versions! Please use "objectives" instead.
[2023-04-10 16:58:38,407][moc][INFO][generic_smbo.py:333] Iter 10, objectives: [-0.7350621108189852].
[2023-04-10 16:58:38,407][moc][WARNING][util_funcs.py:111] Provide "objs" in result is deprecated and will be removed in future versions! Please use "objectives" instead.
[2023-04-10 16:58:38,407][moc][WARNING][util_funcs.py:123] Unused information in result: {'config': [{'data_parallel_size': 4, 'micro_batch_size': 19, 'model_parallel_size': 4, 'num_reticle_per_pipeline_stage': 342, 'tensor_parallel_size': 1}]}
[2023-04-10 16:58:38,408][moc][INFO][generic_smbo.py:418] Iter 16, objectives: [-383.53672133984793].
[2023-04-10 16:58:42,722][moc][WARNING][util_funcs.py:231] Keyword argument "num_objs" is deprecated and will be removed in a future version. Please use "num_objectives" instead.
