[2023-04-10 17:08:46,614][moc][INFO][color_logger.py:203] Logfile: /home/chenyiqi/wafer_scale_chip_dse_framework/logs/moc_2023-04-10-17-08-46-614518.log
[2023-04-10 17:08:46,620][moc][WARNING][util_funcs.py:111] Provide "objs" in result is deprecated and will be removed in future versions! Please use "objectives" instead.
[2023-04-10 17:08:46,621][moc][INFO][generic_smbo.py:333] Iter 1, objectives: [-0.5135928758994093].
[2023-04-10 17:08:46,624][moc][WARNING][util_funcs.py:111] Provide "objs" in result is deprecated and will be removed in future versions! Please use "objectives" instead.
[2023-04-10 17:08:46,624][moc][INFO][generic_smbo.py:333] Iter 2, objectives: [-0.619529499830211].
[2023-04-10 17:08:46,628][moc][WARNING][util_funcs.py:111] Provide "objs" in result is deprecated and will be removed in future versions! Please use "objectives" instead.
[2023-04-10 17:08:46,628][moc][INFO][generic_smbo.py:333] Iter 3, objectives: [-70.18830977665262].
[2023-04-10 17:08:46,632][moc][WARNING][util_funcs.py:111] Provide "objs" in result is deprecated and will be removed in future versions! Please use "objectives" instead.
[2023-04-10 17:08:46,632][moc][INFO][generic_smbo.py:333] Iter 4, objectives: [-0.8304589433438656].
[2023-04-10 17:08:46,636][moc][WARNING][util_funcs.py:111] Provide "objs" in result is deprecated and will be removed in future versions! Please use "objectives" instead.
[2023-04-10 17:08:46,637][moc][INFO][generic_smbo.py:333] Iter 5, objectives: [-1.2012272460666558].
[2023-04-10 17:08:46,641][moc][WARNING][util_funcs.py:111] Provide "objs" in result is deprecated and will be removed in future versions! Please use "objectives" instead.
[2023-04-10 17:08:46,641][moc][INFO][generic_smbo.py:333] Iter 6, objectives: [-0.6037715825486417].
[2023-04-10 17:08:46,645][moc][WARNING][util_funcs.py:111] Provide "objs" in result is deprecated and will be removed in future versions! Please use "objectives" instead.
[2023-04-10 17:08:46,645][moc][INFO][generic_smbo.py:333] Iter 7, objectives: [-0.4299148666511939].
[2023-04-10 17:08:46,660][moc][WARNING][util_funcs.py:111] Provide "objs" in result is deprecated and will be removed in future versions! Please use "objectives" instead.
[2023-04-10 17:08:46,660][moc][INFO][generic_smbo.py:333] Iter 8, objectives: [-4.995274293242692].
[2023-04-10 17:08:46,672][moc][WARNING][util_funcs.py:111] Provide "objs" in result is deprecated and will be removed in future versions! Please use "objectives" instead.
[2023-04-10 17:08:46,672][moc][INFO][generic_smbo.py:333] Iter 9, objectives: [-0.79229441556705].
[2023-04-10 17:08:46,677][moc][WARNING][util_funcs.py:111] Provide "objs" in result is deprecated and will be removed in future versions! Please use "objectives" instead.
[2023-04-10 17:08:46,677][moc][INFO][generic_smbo.py:333] Iter 10, objectives: [-0.9699009993387577].
[2023-04-10 17:08:46,681][moc][WARNING][util_funcs.py:111] Provide "objs" in result is deprecated and will be removed in future versions! Please use "objectives" instead.
[2023-04-10 17:08:46,681][moc][INFO][generic_smbo.py:333] Iter 11, objectives: [-0.8091511113583194].
[2023-04-10 17:08:46,682][moc][WARNING][util_funcs.py:111] Provide "objs" in result is deprecated and will be removed in future versions! Please use "objectives" instead.
[2023-04-10 17:08:46,682][moc][INFO][generic_smbo.py:418] Iter 18, objectives: [10000000000.0].
[2023-04-10 17:08:51,222][moc][WARNING][util_funcs.py:231] Keyword argument "num_objs" is deprecated and will be removed in a future version. Please use "num_objectives" instead.
