[2023-04-10 19:31:06,062][moc][INFO][color_logger.py:203] Logfile: /home/chenyiqi/wafer_scale_chip_dse_framework/logs/moc_2023-04-10-19-31-06-062523.log
[2023-04-10 19:31:06,326][moc][WARNING][util_funcs.py:111] Provide "objs" in result is deprecated and will be removed in future versions! Please use "objectives" instead.
[2023-04-10 19:31:06,326][moc][INFO][generic_smbo.py:352] Iter 1, objectives: [-0.8717283589798823].
[2023-04-10 19:31:06,578][moc][WARNING][util_funcs.py:111] Provide "objs" in result is deprecated and will be removed in future versions! Please use "objectives" instead.
[2023-04-10 19:31:06,579][moc][INFO][generic_smbo.py:352] Iter 2, objectives: [-1.5655066351478395].
[2023-04-10 19:31:06,748][moc][WARNING][util_funcs.py:111] Provide "objs" in result is deprecated and will be removed in future versions! Please use "objectives" instead.
[2023-04-10 19:31:06,748][moc][INFO][generic_smbo.py:352] Iter 3, objectives: [-6.517818086915785].
[2023-04-10 19:31:07,140][moc][WARNING][util_funcs.py:111] Provide "objs" in result is deprecated and will be removed in future versions! Please use "objectives" instead.
[2023-04-10 19:31:07,141][moc][INFO][generic_smbo.py:352] Iter 4, objectives: [-1.043092899379473].
[2023-04-10 19:31:07,400][moc][WARNING][util_funcs.py:111] Provide "objs" in result is deprecated and will be removed in future versions! Please use "objectives" instead.
[2023-04-10 19:31:07,401][moc][INFO][generic_smbo.py:352] Iter 5, objectives: [-1.9244847440542165].
[2023-04-10 19:31:07,547][moc][WARNING][util_funcs.py:111] Provide "objs" in result is deprecated and will be removed in future versions! Please use "objectives" instead.
[2023-04-10 19:31:07,547][moc][INFO][generic_smbo.py:352] Iter 6, objectives: [-15.462604610174228].
[2023-04-10 19:31:07,805][moc][WARNING][util_funcs.py:111] Provide "objs" in result is deprecated and will be removed in future versions! Please use "objectives" instead.
[2023-04-10 19:31:07,805][moc][INFO][generic_smbo.py:352] Iter 7, objectives: [-0.5147426901361569].
[2023-04-10 19:31:07,983][moc][WARNING][util_funcs.py:111] Provide "objs" in result is deprecated and will be removed in future versions! Please use "objectives" instead.
[2023-04-10 19:31:07,983][moc][INFO][generic_smbo.py:352] Iter 8, objectives: [-2.861164119234105].
[2023-04-10 19:31:08,212][moc][WARNING][util_funcs.py:111] Provide "objs" in result is deprecated and will be removed in future versions! Please use "objectives" instead.
[2023-04-10 19:31:08,212][moc][INFO][generic_smbo.py:352] Iter 9, objectives: [-3.3490449084096108].
[2023-04-10 19:31:08,602][moc][WARNING][util_funcs.py:111] Provide "objs" in result is deprecated and will be removed in future versions! Please use "objectives" instead.
[2023-04-10 19:31:08,602][moc][INFO][generic_smbo.py:352] Iter 10, objectives: [-0.5902652653860095].
[2023-04-10 19:31:08,780][moc][WARNING][util_funcs.py:111] Provide "objs" in result is deprecated and will be removed in future versions! Please use "objectives" instead.
[2023-04-10 19:31:08,780][moc][INFO][generic_smbo.py:352] Iter 11, objectives: [-2.6077114721402714].
[2023-04-10 19:31:09,044][moc][WARNING][util_funcs.py:111] Provide "objs" in result is deprecated and will be removed in future versions! Please use "objectives" instead.
[2023-04-10 19:31:09,044][moc][INFO][generic_smbo.py:352] Iter 12, objectives: [-0.30431712979456654].
[2023-04-10 19:31:09,252][moc][WARNING][util_funcs.py:111] Provide "objs" in result is deprecated and will be removed in future versions! Please use "objectives" instead.
[2023-04-10 19:31:09,252][moc][INFO][generic_smbo.py:352] Iter 13, objectives: [-14.24639291043831].
[2023-04-10 19:31:09,441][moc][WARNING][util_funcs.py:111] Provide "objs" in result is deprecated and will be removed in future versions! Please use "objectives" instead.
[2023-04-10 19:31:09,441][moc][INFO][generic_smbo.py:352] Iter 14, objectives: [-2.6439275259527575].
[2023-04-10 19:31:09,703][moc][WARNING][util_funcs.py:111] Provide "objs" in result is deprecated and will be removed in future versions! Please use "objectives" instead.
[2023-04-10 19:31:09,703][moc][INFO][generic_smbo.py:352] Iter 15, objectives: [-2.195326111381101].
[2023-04-10 19:31:10,104][moc][WARNING][util_funcs.py:111] Provide "objs" in result is deprecated and will be removed in future versions! Please use "objectives" instead.
[2023-04-10 19:31:10,104][moc][INFO][generic_smbo.py:352] Iter 16, objectives: [-2.431805271327471].
[2023-04-10 19:31:10,271][moc][WARNING][util_funcs.py:111] Provide "objs" in result is deprecated and will be removed in future versions! Please use "objectives" instead.
[2023-04-10 19:31:10,271][moc][INFO][generic_smbo.py:352] Iter 17, objectives: [-2.7666271734042427].
[2023-04-10 19:31:10,506][moc][WARNING][util_funcs.py:111] Provide "objs" in result is deprecated and will be removed in future versions! Please use "objectives" instead.
[2023-04-10 19:31:10,506][moc][INFO][generic_smbo.py:352] Iter 18, objectives: [-2.245281003182468].
[2023-04-10 19:31:10,678][moc][WARNING][util_funcs.py:111] Provide "objs" in result is deprecated and will be removed in future versions! Please use "objectives" instead.
[2023-04-10 19:31:10,678][moc][INFO][generic_smbo.py:352] Iter 19, objectives: [-16.06974354856563].
[2023-04-10 19:31:10,910][moc][WARNING][util_funcs.py:111] Provide "objs" in result is deprecated and will be removed in future versions! Please use "objectives" instead.
[2023-04-10 19:31:10,911][moc][INFO][generic_smbo.py:352] Iter 20, objectives: [-2.005853270451565].
[2023-04-10 19:31:10,911][moc][WARNING][util_funcs.py:111] Provide "objs" in result is deprecated and will be removed in future versions! Please use "objectives" instead.
[2023-04-10 19:31:10,912][moc][WARNING][util_funcs.py:123] Unused information in result: {'config': [{'data_parallel_size': 6, 'micro_batch_size': 58, 'model_parallel_size': 6, 'num_reticle_per_pipeline_stage': 222, 'tensor_parallel_size': 2}]}
[2023-04-10 19:31:10,912][moc][INFO][generic_smbo.py:437] Iter 14, objectives: [-16.06974354856563].
[2023-04-10 19:31:15,366][moc][WARNING][util_funcs.py:231] Keyword argument "num_objs" is deprecated and will be removed in a future version. Please use "num_objectives" instead.
