[2023-04-09 19:01:17,823][moc][INFO][color_logger.py:203] Logfile: /home/chenyiqi/wafer_scale_chip_dse_framework/logs/moc_2023-04-09-19-01-17-823123.log
[2023-04-09 19:01:17,827][moc][INFO][generic_advisor.py:157] [BO auto selection]  acq_type: ei.
[2023-04-09 19:01:18,167][moc][WARNING][util_funcs.py:111] Provide "objs" in result is deprecated and will be removed in future versions! Please use "objectives" instead.
[2023-04-09 19:01:18,168][moc][INFO][generic_smbo.py:332] Iter 1, objectives: [-0.0086818033892274].
[2023-04-09 19:01:18,660][moc][WARNING][util_funcs.py:111] Provide "objs" in result is deprecated and will be removed in future versions! Please use "objectives" instead.
[2023-04-09 19:01:18,661][moc][INFO][generic_smbo.py:332] Iter 2, objectives: [-0.008681806023730315].
[2023-04-09 19:01:18,908][moc][WARNING][util_funcs.py:111] Provide "objs" in result is deprecated and will be removed in future versions! Please use "objectives" instead.
[2023-04-09 19:01:18,909][moc][INFO][generic_smbo.py:332] Iter 3, objectives: [-0.00868179706642693].
[2023-04-09 19:01:19,464][moc][WARNING][util_funcs.py:111] Provide "objs" in result is deprecated and will be removed in future versions! Please use "objectives" instead.
[2023-04-09 19:01:19,465][moc][INFO][generic_smbo.py:332] Iter 4, objectives: [-0.008681804179578105].
[2023-04-09 19:01:19,766][moc][WARNING][util_funcs.py:111] Provide "objs" in result is deprecated and will be removed in future versions! Please use "objectives" instead.
[2023-04-09 19:01:19,767][moc][INFO][generic_smbo.py:332] Iter 5, objectives: [-0.008681800349418331].
[2023-04-09 19:01:20,094][moc][WARNING][util_funcs.py:111] Provide "objs" in result is deprecated and will be removed in future versions! Please use "objectives" instead.
[2023-04-09 19:01:20,095][moc][INFO][generic_smbo.py:332] Iter 6, objectives: [-0.008681800349418331].
[2023-04-09 19:01:21,516][moc][WARNING][util_funcs.py:111] Provide "objs" in result is deprecated and will be removed in future versions! Please use "objectives" instead.
[2023-04-09 19:01:21,517][moc][INFO][generic_smbo.py:332] Iter 7, objectives: [-0.008681806023730315].
[2023-04-09 19:01:22,839][moc][WARNING][util_funcs.py:111] Provide "objs" in result is deprecated and will be removed in future versions! Please use "objectives" instead.
[2023-04-09 19:01:22,840][moc][INFO][generic_smbo.py:332] Iter 8, objectives: [-0.008681806023730315].
[2023-04-09 19:01:24,812][moc][WARNING][util_funcs.py:111] Provide "objs" in result is deprecated and will be removed in future versions! Please use "objectives" instead.
[2023-04-09 19:01:24,813][moc][INFO][generic_smbo.py:332] Iter 9, objectives: [-0.0069455902685893215].
[2023-04-09 19:01:26,138][moc][WARNING][util_funcs.py:111] Provide "objs" in result is deprecated and will be removed in future versions! Please use "objectives" instead.
[2023-04-09 19:01:26,146][moc][INFO][generic_smbo.py:332] Iter 10, objectives: [-0.008681800349418331].
[2023-04-09 19:01:27,924][moc][WARNING][util_funcs.py:111] Provide "objs" in result is deprecated and will be removed in future versions! Please use "objectives" instead.
[2023-04-09 19:01:27,926][moc][INFO][generic_smbo.py:332] Iter 11, objectives: [-0.006945588940105396].
[2023-04-09 19:01:29,935][moc][WARNING][util_funcs.py:111] Provide "objs" in result is deprecated and will be removed in future versions! Please use "objectives" instead.
[2023-04-09 19:01:29,936][moc][INFO][generic_smbo.py:332] Iter 12, objectives: [-0.00868179706642693].
[2023-04-09 19:01:31,446][moc][WARNING][util_funcs.py:111] Provide "objs" in result is deprecated and will be removed in future versions! Please use "objectives" instead.
[2023-04-09 19:01:31,448][moc][INFO][generic_smbo.py:332] Iter 13, objectives: [-0.008681800349418331].
[2023-04-09 19:01:32,660][moc][WARNING][util_funcs.py:111] Provide "objs" in result is deprecated and will be removed in future versions! Please use "objectives" instead.
[2023-04-09 19:01:32,661][moc][INFO][generic_smbo.py:332] Iter 14, objectives: [-0.008681800349418331].
[2023-04-09 19:01:34,671][moc][WARNING][util_funcs.py:111] Provide "objs" in result is deprecated and will be removed in future versions! Please use "objectives" instead.
[2023-04-09 19:01:34,672][moc][INFO][generic_smbo.py:332] Iter 15, objectives: [-0.008681800349418331].
[2023-04-09 19:01:34,674][moc][INFO][generic_advisor.py:365] Sample random config. rand_prob=0.100000.
[2023-04-09 19:01:35,063][moc][WARNING][util_funcs.py:111] Provide "objs" in result is deprecated and will be removed in future versions! Please use "objectives" instead.
[2023-04-09 19:01:35,064][moc][INFO][generic_smbo.py:332] Iter 16, objectives: [-0.01736175452119866].
[2023-04-09 19:01:36,421][moc][WARNING][util_funcs.py:111] Provide "objs" in result is deprecated and will be removed in future versions! Please use "objectives" instead.
[2023-04-09 19:01:36,422][moc][INFO][generic_smbo.py:332] Iter 17, objectives: [-0.01736175452119866].
[2023-04-09 19:01:37,795][moc][WARNING][util_funcs.py:111] Provide "objs" in result is deprecated and will be removed in future versions! Please use "objectives" instead.
[2023-04-09 19:01:37,796][moc][INFO][generic_smbo.py:332] Iter 18, objectives: [-0.01736175452119866].
[2023-04-09 19:01:38,964][moc][WARNING][util_funcs.py:111] Provide "objs" in result is deprecated and will be removed in future versions! Please use "objectives" instead.
[2023-04-09 19:01:38,966][moc][INFO][generic_smbo.py:332] Iter 19, objectives: [-0.01157532248284053].
[2023-04-09 19:01:40,358][moc][WARNING][util_funcs.py:111] Provide "objs" in result is deprecated and will be removed in future versions! Please use "objectives" instead.
[2023-04-09 19:01:40,359][moc][INFO][generic_smbo.py:332] Iter 20, objectives: [-0.01736175452119866].
