[2023-04-10 16:41:10,574][moc][INFO][color_logger.py:203] Logfile: /home/chenyiqi/wafer_scale_chip_dse_framework/logs/moc_2023-04-10-16-41-10-574252.log
[2023-04-10 16:41:10,580][moc][WARNING][util_funcs.py:111] Provide "objs" in result is deprecated and will be removed in future versions! Please use "objectives" instead.
[2023-04-10 16:41:10,580][moc][INFO][generic_smbo.py:333] Iter 1, objectives: [-8.954442654637825].
[2023-04-10 16:41:10,583][moc][WARNING][util_funcs.py:111] Provide "objs" in result is deprecated and will be removed in future versions! Please use "objectives" instead.
[2023-04-10 16:41:10,583][moc][INFO][generic_smbo.py:333] Iter 2, objectives: [-0.3332064629894994].
[2023-04-10 16:41:10,586][moc][WARNING][util_funcs.py:111] Provide "objs" in result is deprecated and will be removed in future versions! Please use "objectives" instead.
[2023-04-10 16:41:10,587][moc][INFO][generic_smbo.py:333] Iter 3, objectives: [-3.2006400352115016].
[2023-04-10 16:41:10,590][moc][WARNING][util_funcs.py:111] Provide "objs" in result is deprecated and will be removed in future versions! Please use "objectives" instead.
[2023-04-10 16:41:10,590][moc][INFO][generic_smbo.py:333] Iter 4, objectives: [-67.48655073446078].
[2023-04-10 16:41:10,593][moc][WARNING][util_funcs.py:111] Provide "objs" in result is deprecated and will be removed in future versions! Please use "objectives" instead.
[2023-04-10 16:41:10,593][moc][INFO][generic_smbo.py:333] Iter 5, objectives: [-0.34697635655533304].
[2023-04-10 16:41:10,596][moc][WARNING][util_funcs.py:111] Provide "objs" in result is deprecated and will be removed in future versions! Please use "objectives" instead.
[2023-04-10 16:41:10,596][moc][INFO][generic_smbo.py:333] Iter 6, objectives: [-0.5971083886203399].
[2023-04-10 16:41:10,600][moc][WARNING][util_funcs.py:111] Provide "objs" in result is deprecated and will be removed in future versions! Please use "objectives" instead.
[2023-04-10 16:41:10,600][moc][INFO][generic_smbo.py:333] Iter 7, objectives: [-0.3534367958765186].
[2023-04-10 16:41:10,603][moc][WARNING][util_funcs.py:111] Provide "objs" in result is deprecated and will be removed in future versions! Please use "objectives" instead.
[2023-04-10 16:41:10,603][moc][INFO][generic_smbo.py:333] Iter 8, objectives: [-1.4917040931250878].
[2023-04-10 16:41:10,606][moc][WARNING][util_funcs.py:111] Provide "objs" in result is deprecated and will be removed in future versions! Please use "objectives" instead.
[2023-04-10 16:41:10,607][moc][INFO][generic_smbo.py:333] Iter 9, objectives: [-0.9751973185101006].
[2023-04-10 16:41:10,610][moc][WARNING][util_funcs.py:111] Provide "objs" in result is deprecated and will be removed in future versions! Please use "objectives" instead.
[2023-04-10 16:41:10,610][moc][INFO][generic_smbo.py:333] Iter 10, objectives: [-28.388712055946293].
[2023-04-10 16:41:10,610][moc][WARNING][util_funcs.py:111] Provide "objs" in result is deprecated and will be removed in future versions! Please use "objectives" instead.
[2023-04-10 16:41:10,611][moc][WARNING][util_funcs.py:123] Unused information in result: {'config': [Configuration(values={
  'data_parallel_size': 7,
  'micro_batch_size': 15,
  'model_parallel_size': 4,
  'num_reticle_per_pipeline_stage': 177,
  'tensor_parallel_size': 1,
})
]}
[2023-04-10 16:41:10,611][moc][INFO][generic_smbo.py:418] Iter 15, objectives: [-67.48655073446078].
[2023-04-10 16:41:15,337][moc][WARNING][util_funcs.py:231] Keyword argument "num_objs" is deprecated and will be removed in a future version. Please use "num_objectives" instead.
