[2023-04-10 16:48:07,338][moc][INFO][color_logger.py:203] Logfile: /home/chenyiqi/wafer_scale_chip_dse_framework/logs/moc_2023-04-10-16-48-07-337998.log
[2023-04-10 16:48:07,395][moc][WARNING][util_funcs.py:111] Provide "objs" in result is deprecated and will be removed in future versions! Please use "objectives" instead.
[2023-04-10 16:48:07,396][moc][INFO][generic_smbo.py:333] Iter 1, objectives: [-8.107874282591697].
[2023-04-10 16:48:07,456][moc][WARNING][util_funcs.py:111] Provide "objs" in result is deprecated and will be removed in future versions! Please use "objectives" instead.
[2023-04-10 16:48:07,456][moc][INFO][generic_smbo.py:333] Iter 2, objectives: [-4.679755769978899].
[2023-04-10 16:48:07,517][moc][WARNING][util_funcs.py:111] Provide "objs" in result is deprecated and will be removed in future versions! Please use "objectives" instead.
[2023-04-10 16:48:07,518][moc][INFO][generic_smbo.py:333] Iter 3, objectives: [-2.0869657161346815].
[2023-04-10 16:48:07,572][moc][WARNING][util_funcs.py:111] Provide "objs" in result is deprecated and will be removed in future versions! Please use "objectives" instead.
[2023-04-10 16:48:07,572][moc][INFO][generic_smbo.py:333] Iter 4, objectives: [-1.5956188979355725].
[2023-04-10 16:48:07,628][moc][WARNING][util_funcs.py:111] Provide "objs" in result is deprecated and will be removed in future versions! Please use "objectives" instead.
[2023-04-10 16:48:07,628][moc][INFO][generic_smbo.py:333] Iter 5, objectives: [-0.8263525950822571].
[2023-04-10 16:48:07,681][moc][WARNING][util_funcs.py:111] Provide "objs" in result is deprecated and will be removed in future versions! Please use "objectives" instead.
[2023-04-10 16:48:07,681][moc][INFO][generic_smbo.py:333] Iter 6, objectives: [-7.286761483808911].
[2023-04-10 16:48:07,736][moc][WARNING][util_funcs.py:111] Provide "objs" in result is deprecated and will be removed in future versions! Please use "objectives" instead.
[2023-04-10 16:48:07,736][moc][INFO][generic_smbo.py:333] Iter 7, objectives: [-9.384568847654117].
[2023-04-10 16:48:07,799][moc][WARNING][util_funcs.py:111] Provide "objs" in result is deprecated and will be removed in future versions! Please use "objectives" instead.
[2023-04-10 16:48:07,799][moc][INFO][generic_smbo.py:333] Iter 8, objectives: [-3.174667030762879].
[2023-04-10 16:48:07,858][moc][WARNING][util_funcs.py:111] Provide "objs" in result is deprecated and will be removed in future versions! Please use "objectives" instead.
[2023-04-10 16:48:07,858][moc][INFO][generic_smbo.py:333] Iter 9, objectives: [-0.5115791582336354].
[2023-04-10 16:48:07,902][moc][WARNING][util_funcs.py:111] Provide "objs" in result is deprecated and will be removed in future versions! Please use "objectives" instead.
[2023-04-10 16:48:07,902][moc][INFO][generic_smbo.py:333] Iter 10, objectives: [-9.43393940736561].
[2023-04-10 16:48:07,902][moc][WARNING][util_funcs.py:111] Provide "objs" in result is deprecated and will be removed in future versions! Please use "objectives" instead.
[2023-04-10 16:48:07,903][moc][WARNING][util_funcs.py:123] Unused information in result: {'config': [Configuration(values={
  'data_parallel_size': 12,
  'micro_batch_size': 29,
  'model_parallel_size': 6,
  'num_reticle_per_pipeline_stage': 71,
  'tensor_parallel_size': 1,
})
]}
[2023-04-10 16:48:07,903][moc][INFO][generic_smbo.py:418] Iter 18, objectives: [-9.43393940736561].
[2023-04-10 16:48:12,804][moc][WARNING][util_funcs.py:231] Keyword argument "num_objs" is deprecated and will be removed in a future version. Please use "num_objectives" instead.
