[2023-04-09 19:22:17,366][moc][INFO][color_logger.py:203] Logfile: /home/chenyiqi/wafer_scale_chip_dse_framework/logs/moc_2023-04-09-19-22-17-363941.log
[2023-04-09 19:22:17,376][moc][INFO][generic_advisor.py:157] [BO auto selection]  acq_type: ei.
[2023-04-09 19:22:17,741][moc][WARNING][util_funcs.py:111] Provide "objs" in result is deprecated and will be removed in future versions! Please use "objectives" instead.
[2023-04-09 19:22:17,743][moc][INFO][generic_smbo.py:332] Iter 1, objectives: [-0.008681802511060117].
[2023-04-09 19:22:18,016][moc][WARNING][util_funcs.py:111] Provide "objs" in result is deprecated and will be removed in future versions! Please use "objectives" instead.
[2023-04-09 19:22:18,017][moc][INFO][generic_smbo.py:332] Iter 2, objectives: [-0.008681802973253402].
[2023-04-09 19:22:18,211][moc][WARNING][util_funcs.py:111] Provide "objs" in result is deprecated and will be removed in future versions! Please use "objectives" instead.
[2023-04-09 19:22:18,212][moc][INFO][generic_smbo.py:332] Iter 3, objectives: [-0.01157531667660243].
[2023-04-09 19:22:18,438][moc][WARNING][util_funcs.py:111] Provide "objs" in result is deprecated and will be removed in future versions! Please use "objectives" instead.
[2023-04-09 19:22:18,438][moc][INFO][generic_smbo.py:332] Iter 4, objectives: [-0.0115753087736766].
[2023-04-09 19:22:18,780][moc][WARNING][util_funcs.py:111] Provide "objs" in result is deprecated and will be removed in future versions! Please use "objectives" instead.
[2023-04-09 19:22:18,781][moc][INFO][generic_smbo.py:332] Iter 5, objectives: [-0.0057880712199201954].
[2023-04-09 19:22:18,974][moc][WARNING][util_funcs.py:111] Provide "objs" in result is deprecated and will be removed in future versions! Please use "objectives" instead.
[2023-04-09 19:22:18,975][moc][INFO][generic_smbo.py:332] Iter 6, objectives: [-0.0115753087736766].
[2023-04-09 19:22:18,975][moc][INFO][generic_advisor.py:365] Sample random config. rand_prob=0.100000.
[2023-04-09 19:22:19,431][moc][WARNING][util_funcs.py:111] Provide "objs" in result is deprecated and will be removed in future versions! Please use "objectives" instead.
[2023-04-09 19:22:19,432][moc][INFO][generic_smbo.py:332] Iter 7, objectives: [-0.0086818033892274].
[2023-04-09 19:22:20,667][moc][WARNING][util_funcs.py:111] Provide "objs" in result is deprecated and will be removed in future versions! Please use "objectives" instead.
[2023-04-09 19:22:20,668][moc][INFO][generic_smbo.py:332] Iter 8, objectives: [-0.011575313164189619].
[2023-04-09 19:22:21,664][moc][WARNING][util_funcs.py:111] Provide "objs" in result is deprecated and will be removed in future versions! Please use "objectives" instead.
[2023-04-09 19:22:21,665][moc][INFO][generic_smbo.py:332] Iter 9, objectives: [-0.0115753087736766].
[2023-04-09 19:22:23,099][moc][WARNING][util_funcs.py:111] Provide "objs" in result is deprecated and will be removed in future versions! Please use "objectives" instead.
[2023-04-09 19:22:23,100][moc][INFO][generic_smbo.py:332] Iter 10, objectives: [-0.01157531667660243].
[2023-04-09 19:22:24,332][moc][WARNING][util_funcs.py:111] Provide "objs" in result is deprecated and will be removed in future versions! Please use "objectives" instead.
[2023-04-09 19:22:24,334][moc][INFO][generic_smbo.py:332] Iter 11, objectives: [-0.0115753087736766].
[2023-04-09 19:22:25,684][moc][WARNING][util_funcs.py:111] Provide "objs" in result is deprecated and will be removed in future versions! Please use "objectives" instead.
[2023-04-09 19:22:25,685][moc][INFO][generic_smbo.py:332] Iter 12, objectives: [-0.01157531667660243].
[2023-04-09 19:22:27,345][moc][WARNING][util_funcs.py:111] Provide "objs" in result is deprecated and will be removed in future versions! Please use "objectives" instead.
[2023-04-09 19:22:27,347][moc][INFO][generic_smbo.py:332] Iter 13, objectives: [-0.0115753087736766].
[2023-04-09 19:22:28,759][moc][WARNING][util_funcs.py:111] Provide "objs" in result is deprecated and will be removed in future versions! Please use "objectives" instead.
[2023-04-09 19:22:28,760][moc][INFO][generic_smbo.py:332] Iter 14, objectives: [-0.011575313164189619].
[2023-04-09 19:22:30,227][moc][WARNING][util_funcs.py:111] Provide "objs" in result is deprecated and will be removed in future versions! Please use "objectives" instead.
[2023-04-09 19:22:30,227][moc][INFO][generic_smbo.py:332] Iter 15, objectives: [-0.0115753087736766].
[2023-04-09 19:22:32,390][moc][WARNING][util_funcs.py:111] Provide "objs" in result is deprecated and will be removed in future versions! Please use "objectives" instead.
[2023-04-09 19:22:32,391][moc][INFO][generic_smbo.py:332] Iter 16, objectives: [-0.011575313164189619].
[2023-04-09 19:22:33,776][moc][WARNING][util_funcs.py:111] Provide "objs" in result is deprecated and will be removed in future versions! Please use "objectives" instead.
[2023-04-09 19:22:33,777][moc][INFO][generic_smbo.py:332] Iter 17, objectives: [-0.0115753087736766].
[2023-04-09 19:22:35,289][moc][WARNING][util_funcs.py:111] Provide "objs" in result is deprecated and will be removed in future versions! Please use "objectives" instead.
[2023-04-09 19:22:35,290][moc][INFO][generic_smbo.py:332] Iter 18, objectives: [-0.011575313164189619].
[2023-04-09 19:22:36,625][moc][WARNING][util_funcs.py:111] Provide "objs" in result is deprecated and will be removed in future versions! Please use "objectives" instead.
[2023-04-09 19:22:36,626][moc][INFO][generic_smbo.py:332] Iter 19, objectives: [-0.01157531667660243].
[2023-04-09 19:22:38,291][moc][WARNING][util_funcs.py:111] Provide "objs" in result is deprecated and will be removed in future versions! Please use "objectives" instead.
[2023-04-09 19:22:38,292][moc][INFO][generic_smbo.py:332] Iter 20, objectives: [-0.0115753087736766].
