[2023-04-10 17:17:33,422][moc][INFO][color_logger.py:203] Logfile: /home/chenyiqi/wafer_scale_chip_dse_framework/logs/moc_2023-04-10-17-17-33-422685.log
[2023-04-10 17:17:33,430][moc][WARNING][util_funcs.py:111] Provide "objs" in result is deprecated and will be removed in future versions! Please use "objectives" instead.
[2023-04-10 17:17:33,430][moc][INFO][generic_smbo.py:333] Iter 1, objectives: [-1.4454086982936523].
[2023-04-10 17:17:33,436][moc][WARNING][util_funcs.py:111] Provide "objs" in result is deprecated and will be removed in future versions! Please use "objectives" instead.
[2023-04-10 17:17:33,436][moc][INFO][generic_smbo.py:333] Iter 2, objectives: [-2.317692461775355].
[2023-04-10 17:17:33,441][moc][WARNING][util_funcs.py:111] Provide "objs" in result is deprecated and will be removed in future versions! Please use "objectives" instead.
[2023-04-10 17:17:33,442][moc][INFO][generic_smbo.py:333] Iter 3, objectives: [-0.38812655616836506].
[2023-04-10 17:17:33,447][moc][WARNING][util_funcs.py:111] Provide "objs" in result is deprecated and will be removed in future versions! Please use "objectives" instead.
[2023-04-10 17:17:33,447][moc][INFO][generic_smbo.py:333] Iter 4, objectives: [-2.002915774341365].
[2023-04-10 17:17:33,453][moc][WARNING][util_funcs.py:111] Provide "objs" in result is deprecated and will be removed in future versions! Please use "objectives" instead.
[2023-04-10 17:17:33,453][moc][INFO][generic_smbo.py:333] Iter 5, objectives: [-0.9977735987801244].
[2023-04-10 17:17:33,459][moc][WARNING][util_funcs.py:111] Provide "objs" in result is deprecated and will be removed in future versions! Please use "objectives" instead.
[2023-04-10 17:17:33,459][moc][INFO][generic_smbo.py:333] Iter 6, objectives: [-0.6034363969044735].
[2023-04-10 17:17:33,465][moc][WARNING][util_funcs.py:111] Provide "objs" in result is deprecated and will be removed in future versions! Please use "objectives" instead.
[2023-04-10 17:17:33,465][moc][INFO][generic_smbo.py:333] Iter 7, objectives: [-1.3198544571058437].
[2023-04-10 17:17:33,471][moc][WARNING][util_funcs.py:111] Provide "objs" in result is deprecated and will be removed in future versions! Please use "objectives" instead.
[2023-04-10 17:17:33,471][moc][INFO][generic_smbo.py:333] Iter 8, objectives: [-0.7851981207861263].
[2023-04-10 17:17:33,477][moc][WARNING][util_funcs.py:111] Provide "objs" in result is deprecated and will be removed in future versions! Please use "objectives" instead.
[2023-04-10 17:17:33,478][moc][INFO][generic_smbo.py:333] Iter 9, objectives: [-21.87579264410516].
[2023-04-10 17:17:33,483][moc][WARNING][util_funcs.py:111] Provide "objs" in result is deprecated and will be removed in future versions! Please use "objectives" instead.
[2023-04-10 17:17:33,484][moc][INFO][generic_smbo.py:333] Iter 10, objectives: [-1.118698576548263].
[2023-04-10 17:17:33,489][moc][WARNING][util_funcs.py:111] Provide "objs" in result is deprecated and will be removed in future versions! Please use "objectives" instead.
[2023-04-10 17:17:33,490][moc][INFO][generic_smbo.py:333] Iter 11, objectives: [-5.326974076506521].
[2023-04-10 17:17:33,495][moc][WARNING][util_funcs.py:111] Provide "objs" in result is deprecated and will be removed in future versions! Please use "objectives" instead.
[2023-04-10 17:17:33,495][moc][INFO][generic_smbo.py:333] Iter 12, objectives: [-4.300990482618831].
[2023-04-10 17:17:33,501][moc][WARNING][util_funcs.py:111] Provide "objs" in result is deprecated and will be removed in future versions! Please use "objectives" instead.
[2023-04-10 17:17:33,501][moc][INFO][generic_smbo.py:333] Iter 13, objectives: [-0.3765058119243269].
[2023-04-10 17:17:33,506][moc][WARNING][util_funcs.py:111] Provide "objs" in result is deprecated and will be removed in future versions! Please use "objectives" instead.
[2023-04-10 17:17:33,507][moc][INFO][generic_smbo.py:333] Iter 14, objectives: [-1.4153552374326703].
[2023-04-10 17:17:33,512][moc][WARNING][util_funcs.py:111] Provide "objs" in result is deprecated and will be removed in future versions! Please use "objectives" instead.
[2023-04-10 17:17:33,513][moc][INFO][generic_smbo.py:333] Iter 15, objectives: [-1.2229025443427277].
[2023-04-10 17:17:33,518][moc][WARNING][util_funcs.py:111] Provide "objs" in result is deprecated and will be removed in future versions! Please use "objectives" instead.
[2023-04-10 17:17:33,518][moc][INFO][generic_smbo.py:333] Iter 16, objectives: [-18.004867483576717].
[2023-04-10 17:17:33,524][moc][WARNING][util_funcs.py:111] Provide "objs" in result is deprecated and will be removed in future versions! Please use "objectives" instead.
[2023-04-10 17:17:33,524][moc][INFO][generic_smbo.py:333] Iter 17, objectives: [-1.6514764953319025].
[2023-04-10 17:17:33,529][moc][WARNING][util_funcs.py:111] Provide "objs" in result is deprecated and will be removed in future versions! Please use "objectives" instead.
[2023-04-10 17:17:33,529][moc][INFO][generic_smbo.py:333] Iter 18, objectives: [-1.2421836147335807].
[2023-04-10 17:17:33,535][moc][WARNING][util_funcs.py:111] Provide "objs" in result is deprecated and will be removed in future versions! Please use "objectives" instead.
[2023-04-10 17:17:33,535][moc][INFO][generic_smbo.py:333] Iter 19, objectives: [-1.7593940310237808].
[2023-04-10 17:17:33,541][moc][WARNING][util_funcs.py:111] Provide "objs" in result is deprecated and will be removed in future versions! Please use "objectives" instead.
[2023-04-10 17:17:33,541][moc][INFO][generic_smbo.py:333] Iter 20, objectives: [-0.9669203518339811].
[2023-04-10 17:17:33,542][moc][WARNING][util_funcs.py:111] Provide "objs" in result is deprecated and will be removed in future versions! Please use "objectives" instead.
[2023-04-10 17:17:33,542][moc][WARNING][util_funcs.py:123] Unused information in result: {'config': [{'data_parallel_size': 1, 'micro_batch_size': 173, 'model_parallel_size': 4, 'num_reticle_per_pipeline_stage': 104, 'tensor_parallel_size': 1}]}
[2023-04-10 17:17:33,542][moc][INFO][generic_smbo.py:418] Iter 7, objectives: [-21.87579264410516].
[2023-04-10 17:17:38,137][moc][WARNING][util_funcs.py:231] Keyword argument "num_objs" is deprecated and will be removed in a future version. Please use "num_objectives" instead.
