[2023-04-10 19:30:54,706][moc][INFO][color_logger.py:203] Logfile: /home/chenyiqi/wafer_scale_chip_dse_framework/logs/moc_2023-04-10-19-30-54-705930.log
[2023-04-10 19:30:54,711][moc][WARNING][util_funcs.py:111] Provide "objs" in result is deprecated and will be removed in future versions! Please use "objectives" instead.
[2023-04-10 19:30:54,711][moc][INFO][generic_smbo.py:352] Iter 1, objectives: [-0.3820122603395228].
[2023-04-10 19:30:54,713][moc][WARNING][util_funcs.py:111] Provide "objs" in result is deprecated and will be removed in future versions! Please use "objectives" instead.
[2023-04-10 19:30:54,713][moc][INFO][generic_smbo.py:352] Iter 2, objectives: [-1.351674522331836].
[2023-04-10 19:30:54,715][moc][WARNING][util_funcs.py:111] Provide "objs" in result is deprecated and will be removed in future versions! Please use "objectives" instead.
[2023-04-10 19:30:54,716][moc][INFO][generic_smbo.py:352] Iter 3, objectives: [-1.3194865537621527].
[2023-04-10 19:30:54,718][moc][WARNING][util_funcs.py:111] Provide "objs" in result is deprecated and will be removed in future versions! Please use "objectives" instead.
[2023-04-10 19:30:54,718][moc][INFO][generic_smbo.py:352] Iter 4, objectives: [-1.3170683168455468].
[2023-04-10 19:30:54,720][moc][WARNING][util_funcs.py:111] Provide "objs" in result is deprecated and will be removed in future versions! Please use "objectives" instead.
[2023-04-10 19:30:54,721][moc][INFO][generic_smbo.py:352] Iter 5, objectives: [-4.274399228260338].
[2023-04-10 19:30:54,723][moc][WARNING][util_funcs.py:111] Provide "objs" in result is deprecated and will be removed in future versions! Please use "objectives" instead.
[2023-04-10 19:30:54,724][moc][INFO][generic_smbo.py:352] Iter 6, objectives: [-4.329375270898106].
[2023-04-10 19:30:54,726][moc][WARNING][util_funcs.py:111] Provide "objs" in result is deprecated and will be removed in future versions! Please use "objectives" instead.
[2023-04-10 19:30:54,726][moc][INFO][generic_smbo.py:352] Iter 7, objectives: [-1.4906369584258088].
[2023-04-10 19:30:54,728][moc][WARNING][util_funcs.py:111] Provide "objs" in result is deprecated and will be removed in future versions! Please use "objectives" instead.
[2023-04-10 19:30:54,728][moc][INFO][generic_smbo.py:352] Iter 8, objectives: [-91.45979546785897].
[2023-04-10 19:30:54,731][moc][WARNING][util_funcs.py:111] Provide "objs" in result is deprecated and will be removed in future versions! Please use "objectives" instead.
[2023-04-10 19:30:54,731][moc][INFO][generic_smbo.py:352] Iter 9, objectives: [-53.9676612452611].
[2023-04-10 19:30:54,733][moc][WARNING][util_funcs.py:111] Provide "objs" in result is deprecated and will be removed in future versions! Please use "objectives" instead.
[2023-04-10 19:30:54,734][moc][INFO][generic_smbo.py:352] Iter 10, objectives: [-0.753157166793232].
[2023-04-10 19:30:54,736][moc][WARNING][util_funcs.py:111] Provide "objs" in result is deprecated and will be removed in future versions! Please use "objectives" instead.
[2023-04-10 19:30:54,736][moc][INFO][generic_smbo.py:352] Iter 11, objectives: [-1.9023657104301732].
[2023-04-10 19:30:54,738][moc][WARNING][util_funcs.py:111] Provide "objs" in result is deprecated and will be removed in future versions! Please use "objectives" instead.
[2023-04-10 19:30:54,738][moc][INFO][generic_smbo.py:352] Iter 12, objectives: [-3.6365213879924827].
[2023-04-10 19:30:54,741][moc][WARNING][util_funcs.py:111] Provide "objs" in result is deprecated and will be removed in future versions! Please use "objectives" instead.
[2023-04-10 19:30:54,741][moc][INFO][generic_smbo.py:352] Iter 13, objectives: [-75.0419449511559].
[2023-04-10 19:30:54,744][moc][WARNING][util_funcs.py:111] Provide "objs" in result is deprecated and will be removed in future versions! Please use "objectives" instead.
[2023-04-10 19:30:54,744][moc][INFO][generic_smbo.py:352] Iter 14, objectives: [-0.40278084535669606].
[2023-04-10 19:30:54,746][moc][WARNING][util_funcs.py:111] Provide "objs" in result is deprecated and will be removed in future versions! Please use "objectives" instead.
[2023-04-10 19:30:54,746][moc][INFO][generic_smbo.py:352] Iter 15, objectives: [-2.1903719125754435].
[2023-04-10 19:30:54,748][moc][WARNING][util_funcs.py:111] Provide "objs" in result is deprecated and will be removed in future versions! Please use "objectives" instead.
[2023-04-10 19:30:54,748][moc][INFO][generic_smbo.py:352] Iter 16, objectives: [-2.1978955390910464].
[2023-04-10 19:30:54,751][moc][WARNING][util_funcs.py:111] Provide "objs" in result is deprecated and will be removed in future versions! Please use "objectives" instead.
[2023-04-10 19:30:54,751][moc][INFO][generic_smbo.py:352] Iter 17, objectives: [-2.537535075541309].
[2023-04-10 19:30:54,754][moc][WARNING][util_funcs.py:111] Provide "objs" in result is deprecated and will be removed in future versions! Please use "objectives" instead.
[2023-04-10 19:30:54,754][moc][INFO][generic_smbo.py:352] Iter 18, objectives: [-1.9902652699580303].
[2023-04-10 19:30:54,756][moc][WARNING][util_funcs.py:111] Provide "objs" in result is deprecated and will be removed in future versions! Please use "objectives" instead.
[2023-04-10 19:30:54,756][moc][INFO][generic_smbo.py:352] Iter 19, objectives: [-2.525247339717881].
[2023-04-10 19:30:54,758][moc][WARNING][util_funcs.py:111] Provide "objs" in result is deprecated and will be removed in future versions! Please use "objectives" instead.
[2023-04-10 19:30:54,758][moc][INFO][generic_smbo.py:352] Iter 20, objectives: [-3.1641972717237485].
[2023-04-10 19:30:54,759][moc][WARNING][util_funcs.py:111] Provide "objs" in result is deprecated and will be removed in future versions! Please use "objectives" instead.
[2023-04-10 19:30:54,759][moc][WARNING][util_funcs.py:123] Unused information in result: {'config': [{'data_parallel_size': 15, 'micro_batch_size': 34, 'model_parallel_size': 12, 'num_reticle_per_pipeline_stage': 131, 'tensor_parallel_size': 1}]}
[2023-04-10 19:30:54,759][moc][INFO][generic_smbo.py:437] Iter 11, objectives: [-91.45979546785897].
[2023-04-10 19:30:54,760][moc][INFO][mf_advisor.py:411] Sample random config. rand_prob=0.100000.
[2023-04-10 19:30:54,761][moc][WARNING][util_funcs.py:231] Keyword argument "num_objs" is deprecated and will be removed in a future version. Please use "num_objectives" instead.
