[2023-04-10 16:48:12,012][moc][INFO][color_logger.py:203] Logfile: /home/chenyiqi/wafer_scale_chip_dse_framework/logs/moc_2023-04-10-16-48-12-011754.log
[2023-04-10 16:48:12,142][moc][WARNING][util_funcs.py:111] Provide "objs" in result is deprecated and will be removed in future versions! Please use "objectives" instead.
[2023-04-10 16:48:12,142][moc][INFO][generic_smbo.py:333] Iter 1, objectives: [-0.16397014778619512].
[2023-04-10 16:48:12,257][moc][WARNING][util_funcs.py:111] Provide "objs" in result is deprecated and will be removed in future versions! Please use "objectives" instead.
[2023-04-10 16:48:12,257][moc][INFO][generic_smbo.py:333] Iter 2, objectives: [-0.9373944360896744].
[2023-04-10 16:48:12,258][moc][WARNING][generic_smbo.py:387] Exception when calling objective function: local variable '_history' referenced before assignment
config: Configuration(values={
  'fidelity': 1,
  'var00': 32,
  'var01': 256,
  'var02': 128,
  'var03': 32,
  'var04': 4,
  'var05': 4,
  'var06': 1,
  'var07': 32,
  'var08': 8,
  'var09': 900,
  'var10': 15,
  'var11': 17,
})

[2023-04-10 16:48:12,258][moc][INFO][generic_smbo.py:418] Iter 19, objectives: [inf].
[2023-04-10 16:48:17,051][moc][WARNING][util_funcs.py:231] Keyword argument "num_objs" is deprecated and will be removed in a future version. Please use "num_objectives" instead.
