[2023-04-10 19:04:47,315][moc][INFO][color_logger.py:203] Logfile: /home/chenyiqi/wafer_scale_chip_dse_framework/logs/moc_2023-04-10-19-04-47-315312.log
[2023-04-10 19:04:47,321][moc][WARNING][util_funcs.py:111] Provide "objs" in result is deprecated and will be removed in future versions! Please use "objectives" instead.
[2023-04-10 19:04:47,321][moc][INFO][generic_smbo.py:333] Iter 1, objectives: [-1.0064295439710984].
[2023-04-10 19:04:47,325][moc][WARNING][util_funcs.py:111] Provide "objs" in result is deprecated and will be removed in future versions! Please use "objectives" instead.
[2023-04-10 19:04:47,325][moc][INFO][generic_smbo.py:333] Iter 2, objectives: [-0.7465238600205603].
[2023-04-10 19:04:47,329][moc][WARNING][util_funcs.py:111] Provide "objs" in result is deprecated and will be removed in future versions! Please use "objectives" instead.
[2023-04-10 19:04:47,329][moc][INFO][generic_smbo.py:333] Iter 3, objectives: [-0.4094481859292462].
[2023-04-10 19:04:47,332][moc][WARNING][util_funcs.py:111] Provide "objs" in result is deprecated and will be removed in future versions! Please use "objectives" instead.
[2023-04-10 19:04:47,332][moc][INFO][generic_smbo.py:333] Iter 4, objectives: [-2.200796348827447].
[2023-04-10 19:04:47,335][moc][WARNING][util_funcs.py:111] Provide "objs" in result is deprecated and will be removed in future versions! Please use "objectives" instead.
[2023-04-10 19:04:47,336][moc][INFO][generic_smbo.py:333] Iter 5, objectives: [-0.3539390534969795].
[2023-04-10 19:04:47,339][moc][WARNING][util_funcs.py:111] Provide "objs" in result is deprecated and will be removed in future versions! Please use "objectives" instead.
[2023-04-10 19:04:47,340][moc][INFO][generic_smbo.py:333] Iter 6, objectives: [-0.3709598180313668].
[2023-04-10 19:04:47,343][moc][WARNING][util_funcs.py:111] Provide "objs" in result is deprecated and will be removed in future versions! Please use "objectives" instead.
[2023-04-10 19:04:47,343][moc][INFO][generic_smbo.py:333] Iter 7, objectives: [-0.23129674875781162].
[2023-04-10 19:04:47,347][moc][WARNING][util_funcs.py:111] Provide "objs" in result is deprecated and will be removed in future versions! Please use "objectives" instead.
[2023-04-10 19:04:47,347][moc][INFO][generic_smbo.py:333] Iter 8, objectives: [-0.32790144191216675].
[2023-04-10 19:04:47,351][moc][WARNING][util_funcs.py:111] Provide "objs" in result is deprecated and will be removed in future versions! Please use "objectives" instead.
[2023-04-10 19:04:47,351][moc][INFO][generic_smbo.py:333] Iter 9, objectives: [-0.9171344186365377].
[2023-04-10 19:04:47,355][moc][WARNING][util_funcs.py:111] Provide "objs" in result is deprecated and will be removed in future versions! Please use "objectives" instead.
[2023-04-10 19:04:47,355][moc][INFO][generic_smbo.py:333] Iter 10, objectives: [-3.799450380800284].
[2023-04-10 19:04:47,358][moc][WARNING][util_funcs.py:111] Provide "objs" in result is deprecated and will be removed in future versions! Please use "objectives" instead.
[2023-04-10 19:04:47,359][moc][INFO][generic_smbo.py:333] Iter 11, objectives: [-0.6949876626870329].
[2023-04-10 19:04:47,362][moc][WARNING][util_funcs.py:111] Provide "objs" in result is deprecated and will be removed in future versions! Please use "objectives" instead.
[2023-04-10 19:04:47,362][moc][INFO][generic_smbo.py:333] Iter 12, objectives: [-1.6575093800785803].
[2023-04-10 19:04:47,366][moc][WARNING][util_funcs.py:111] Provide "objs" in result is deprecated and will be removed in future versions! Please use "objectives" instead.
[2023-04-10 19:04:47,366][moc][INFO][generic_smbo.py:333] Iter 13, objectives: [-14.603022101265067].
[2023-04-10 19:04:47,370][moc][WARNING][util_funcs.py:111] Provide "objs" in result is deprecated and will be removed in future versions! Please use "objectives" instead.
[2023-04-10 19:04:47,370][moc][INFO][generic_smbo.py:333] Iter 14, objectives: [-0.5230553831899768].
[2023-04-10 19:04:47,374][moc][WARNING][util_funcs.py:111] Provide "objs" in result is deprecated and will be removed in future versions! Please use "objectives" instead.
[2023-04-10 19:04:47,374][moc][INFO][generic_smbo.py:333] Iter 15, objectives: [-0.9060623214607819].
[2023-04-10 19:04:47,377][moc][WARNING][util_funcs.py:111] Provide "objs" in result is deprecated and will be removed in future versions! Please use "objectives" instead.
[2023-04-10 19:04:47,378][moc][INFO][generic_smbo.py:333] Iter 16, objectives: [-90.12930586040018].
[2023-04-10 19:04:47,381][moc][WARNING][util_funcs.py:111] Provide "objs" in result is deprecated and will be removed in future versions! Please use "objectives" instead.
[2023-04-10 19:04:47,381][moc][INFO][generic_smbo.py:333] Iter 17, objectives: [-0.4649104665115863].
[2023-04-10 19:04:47,385][moc][WARNING][util_funcs.py:111] Provide "objs" in result is deprecated and will be removed in future versions! Please use "objectives" instead.
[2023-04-10 19:04:47,385][moc][INFO][generic_smbo.py:333] Iter 18, objectives: [-1.1222567028732382].
[2023-04-10 19:04:47,389][moc][WARNING][util_funcs.py:111] Provide "objs" in result is deprecated and will be removed in future versions! Please use "objectives" instead.
[2023-04-10 19:04:47,389][moc][INFO][generic_smbo.py:333] Iter 19, objectives: [-69.12534527034678].
[2023-04-10 19:04:47,393][moc][WARNING][util_funcs.py:111] Provide "objs" in result is deprecated and will be removed in future versions! Please use "objectives" instead.
[2023-04-10 19:04:47,393][moc][INFO][generic_smbo.py:333] Iter 20, objectives: [-0.6999855083960156].
[2023-04-10 19:04:47,394][moc][WARNING][util_funcs.py:111] Provide "objs" in result is deprecated and will be removed in future versions! Please use "objectives" instead.
[2023-04-10 19:04:47,394][moc][WARNING][util_funcs.py:123] Unused information in result: {'config': [{'data_parallel_size': 1, 'micro_batch_size': 28, 'model_parallel_size': 12, 'num_reticle_per_pipeline_stage': 11, 'tensor_parallel_size': 1}]}
[2023-04-10 19:04:47,394][moc][INFO][generic_smbo.py:418] Iter 19, objectives: [-90.12930586040018].
[2023-04-10 19:04:47,396][moc][WARNING][util_funcs.py:231] Keyword argument "num_objs" is deprecated and will be removed in a future version. Please use "num_objectives" instead.
