[2023-04-10 19:29:51,251][moc][INFO][color_logger.py:203] Logfile: /home/chenyiqi/wafer_scale_chip_dse_framework/logs/moc_2023-04-10-19-29-51-251307.log
[2023-04-10 19:29:51,540][moc][WARNING][util_funcs.py:111] Provide "objs" in result is deprecated and will be removed in future versions! Please use "objectives" instead.
[2023-04-10 19:29:51,540][moc][INFO][generic_smbo.py:352] Iter 1, objectives: [-0.027220516073553556].
[2023-04-10 19:29:51,791][moc][WARNING][util_funcs.py:111] Provide "objs" in result is deprecated and will be removed in future versions! Please use "objectives" instead.
[2023-04-10 19:29:51,791][moc][INFO][generic_smbo.py:352] Iter 2, objectives: [-0.054224325753322256].
[2023-04-10 19:29:52,052][moc][WARNING][util_funcs.py:111] Provide "objs" in result is deprecated and will be removed in future versions! Please use "objectives" instead.
[2023-04-10 19:29:52,052][moc][INFO][generic_smbo.py:352] Iter 3, objectives: [-0.35055367727471487].
[2023-04-10 19:29:52,430][moc][WARNING][util_funcs.py:111] Provide "objs" in result is deprecated and will be removed in future versions! Please use "objectives" instead.
[2023-04-10 19:29:52,430][moc][INFO][generic_smbo.py:352] Iter 4, objectives: [-0.06374969914239918].
[2023-04-10 19:29:52,692][moc][WARNING][util_funcs.py:111] Provide "objs" in result is deprecated and will be removed in future versions! Please use "objectives" instead.
[2023-04-10 19:29:52,692][moc][INFO][generic_smbo.py:352] Iter 5, objectives: [-0.7417293954056573].
[2023-04-10 19:29:52,929][moc][WARNING][util_funcs.py:111] Provide "objs" in result is deprecated and will be removed in future versions! Please use "objectives" instead.
[2023-04-10 19:29:52,929][moc][INFO][generic_smbo.py:352] Iter 6, objectives: [-0.18710668979611828].
[2023-04-10 19:29:53,197][moc][WARNING][util_funcs.py:111] Provide "objs" in result is deprecated and will be removed in future versions! Please use "objectives" instead.
[2023-04-10 19:29:53,198][moc][INFO][generic_smbo.py:352] Iter 7, objectives: [-0.06465407139479336].
[2023-04-10 19:29:53,464][moc][WARNING][util_funcs.py:111] Provide "objs" in result is deprecated and will be removed in future versions! Please use "objectives" instead.
[2023-04-10 19:29:53,464][moc][INFO][generic_smbo.py:352] Iter 8, objectives: [-0.18700159375810668].
[2023-04-10 19:29:53,844][moc][WARNING][util_funcs.py:111] Provide "objs" in result is deprecated and will be removed in future versions! Please use "objectives" instead.
[2023-04-10 19:29:53,845][moc][INFO][generic_smbo.py:352] Iter 9, objectives: [-0.7423533324020168].
[2023-04-10 19:29:54,126][moc][WARNING][util_funcs.py:111] Provide "objs" in result is deprecated and will be removed in future versions! Please use "objectives" instead.
[2023-04-10 19:29:54,126][moc][INFO][generic_smbo.py:352] Iter 10, objectives: [-0.296728991076145].
[2023-04-10 19:29:54,406][moc][WARNING][util_funcs.py:111] Provide "objs" in result is deprecated and will be removed in future versions! Please use "objectives" instead.
[2023-04-10 19:29:54,406][moc][INFO][generic_smbo.py:352] Iter 11, objectives: [-0.05855295225634869].
[2023-04-10 19:29:54,711][moc][WARNING][util_funcs.py:111] Provide "objs" in result is deprecated and will be removed in future versions! Please use "objectives" instead.
[2023-04-10 19:29:54,711][moc][INFO][generic_smbo.py:352] Iter 12, objectives: [-0.0368498522327402].
[2023-04-10 19:29:55,092][moc][WARNING][util_funcs.py:111] Provide "objs" in result is deprecated and will be removed in future versions! Please use "objectives" instead.
[2023-04-10 19:29:55,093][moc][INFO][generic_smbo.py:352] Iter 13, objectives: [-0.049504986155616985].
[2023-04-10 19:29:55,236][moc][WARNING][util_funcs.py:111] Provide "objs" in result is deprecated and will be removed in future versions! Please use "objectives" instead.
[2023-04-10 19:29:55,236][moc][INFO][generic_smbo.py:352] Iter 14, objectives: [-23.831393185248853].
[2023-04-10 19:29:55,516][moc][WARNING][util_funcs.py:111] Provide "objs" in result is deprecated and will be removed in future versions! Please use "objectives" instead.
[2023-04-10 19:29:55,516][moc][INFO][generic_smbo.py:352] Iter 15, objectives: [-0.03214483331172536].
[2023-04-10 19:29:55,779][moc][WARNING][util_funcs.py:111] Provide "objs" in result is deprecated and will be removed in future versions! Please use "objectives" instead.
[2023-04-10 19:29:55,779][moc][INFO][generic_smbo.py:352] Iter 16, objectives: [-0.21657602262621212].
[2023-04-10 19:29:55,939][moc][WARNING][util_funcs.py:111] Provide "objs" in result is deprecated and will be removed in future versions! Please use "objectives" instead.
[2023-04-10 19:29:55,939][moc][INFO][generic_smbo.py:352] Iter 17, objectives: [-7.03944593566575].
[2023-04-10 19:29:56,308][moc][WARNING][util_funcs.py:111] Provide "objs" in result is deprecated and will be removed in future versions! Please use "objectives" instead.
[2023-04-10 19:29:56,309][moc][INFO][generic_smbo.py:352] Iter 18, objectives: [-0.4874267951132373].
[2023-04-10 19:29:56,609][moc][WARNING][util_funcs.py:111] Provide "objs" in result is deprecated and will be removed in future versions! Please use "objectives" instead.
[2023-04-10 19:29:56,610][moc][INFO][generic_smbo.py:352] Iter 19, objectives: [-0.16498240072746012].
[2023-04-10 19:29:56,895][moc][WARNING][util_funcs.py:111] Provide "objs" in result is deprecated and will be removed in future versions! Please use "objectives" instead.
[2023-04-10 19:29:56,895][moc][INFO][generic_smbo.py:352] Iter 20, objectives: [-0.3383877918761135].
[2023-04-10 19:29:56,896][moc][WARNING][util_funcs.py:111] Provide "objs" in result is deprecated and will be removed in future versions! Please use "objectives" instead.
[2023-04-10 19:29:56,896][moc][WARNING][util_funcs.py:123] Unused information in result: {'config': [{'data_parallel_size': 2, 'micro_batch_size': 87, 'model_parallel_size': 2, 'num_reticle_per_pipeline_stage': 374, 'tensor_parallel_size': 1}]}
[2023-04-10 19:29:56,896][moc][INFO][generic_smbo.py:437] Iter 6, objectives: [-23.831393185248853].
[2023-04-10 19:30:01,537][moc][WARNING][util_funcs.py:231] Keyword argument "num_objs" is deprecated and will be removed in a future version. Please use "num_objectives" instead.
