[2023-04-10 16:49:29,159][moc][INFO][color_logger.py:203] Logfile: /home/chenyiqi/wafer_scale_chip_dse_framework/logs/moc_2023-04-10-16-49-29-159029.log
[2023-04-10 16:49:29,166][moc][WARNING][util_funcs.py:111] Provide "objs" in result is deprecated and will be removed in future versions! Please use "objectives" instead.
[2023-04-10 16:49:29,166][moc][INFO][generic_smbo.py:333] Iter 1, objectives: [-1.9786970801407502].
[2023-04-10 16:49:29,171][moc][WARNING][util_funcs.py:111] Provide "objs" in result is deprecated and will be removed in future versions! Please use "objectives" instead.
[2023-04-10 16:49:29,171][moc][INFO][generic_smbo.py:333] Iter 2, objectives: [-2.7834380037892648].
[2023-04-10 16:49:29,175][moc][WARNING][util_funcs.py:111] Provide "objs" in result is deprecated and will be removed in future versions! Please use "objectives" instead.
[2023-04-10 16:49:29,176][moc][INFO][generic_smbo.py:333] Iter 3, objectives: [-0.34554281163854417].
[2023-04-10 16:49:29,180][moc][WARNING][util_funcs.py:111] Provide "objs" in result is deprecated and will be removed in future versions! Please use "objectives" instead.
[2023-04-10 16:49:29,180][moc][INFO][generic_smbo.py:333] Iter 4, objectives: [-1.0201158315344245].
[2023-04-10 16:49:29,184][moc][WARNING][util_funcs.py:111] Provide "objs" in result is deprecated and will be removed in future versions! Please use "objectives" instead.
[2023-04-10 16:49:29,184][moc][INFO][generic_smbo.py:333] Iter 5, objectives: [-1.5095729359803207].
[2023-04-10 16:49:29,188][moc][WARNING][util_funcs.py:111] Provide "objs" in result is deprecated and will be removed in future versions! Please use "objectives" instead.
[2023-04-10 16:49:29,188][moc][INFO][generic_smbo.py:333] Iter 6, objectives: [-0.4875950644314694].
[2023-04-10 16:49:29,192][moc][WARNING][util_funcs.py:111] Provide "objs" in result is deprecated and will be removed in future versions! Please use "objectives" instead.
[2023-04-10 16:49:29,192][moc][INFO][generic_smbo.py:333] Iter 7, objectives: [-1.9676338464637837].
[2023-04-10 16:49:29,196][moc][WARNING][util_funcs.py:111] Provide "objs" in result is deprecated and will be removed in future versions! Please use "objectives" instead.
[2023-04-10 16:49:29,197][moc][INFO][generic_smbo.py:333] Iter 8, objectives: [-0.4151480375119636].
[2023-04-10 16:49:29,201][moc][WARNING][util_funcs.py:111] Provide "objs" in result is deprecated and will be removed in future versions! Please use "objectives" instead.
[2023-04-10 16:49:29,201][moc][INFO][generic_smbo.py:333] Iter 9, objectives: [-2.5690875788845595].
[2023-04-10 16:49:29,205][moc][WARNING][util_funcs.py:111] Provide "objs" in result is deprecated and will be removed in future versions! Please use "objectives" instead.
[2023-04-10 16:49:29,206][moc][INFO][generic_smbo.py:333] Iter 10, objectives: [-3.1292705944215706].
[2023-04-10 16:49:29,206][moc][WARNING][util_funcs.py:111] Provide "objs" in result is deprecated and will be removed in future versions! Please use "objectives" instead.
[2023-04-10 16:49:29,206][moc][WARNING][util_funcs.py:123] Unused information in result: {'config': [Configuration(values={
  'data_parallel_size': 6,
  'micro_batch_size': 8,
  'model_parallel_size': 8,
  'num_reticle_per_pipeline_stage': 30,
  'tensor_parallel_size': 6,
})
]}
[2023-04-10 16:49:29,206][moc][INFO][generic_smbo.py:418] Iter 7, objectives: [-3.1292705944215706].
[2023-04-10 16:49:33,960][moc][WARNING][util_funcs.py:231] Keyword argument "num_objs" is deprecated and will be removed in a future version. Please use "num_objectives" instead.
