[2023-04-10 16:47:34,976][moc][INFO][color_logger.py:203] Logfile: /home/chenyiqi/wafer_scale_chip_dse_framework/logs/moc_2023-04-10-16-47-34-976219.log
[2023-04-10 16:47:35,119][moc][WARNING][util_funcs.py:111] Provide "objs" in result is deprecated and will be removed in future versions! Please use "objectives" instead.
[2023-04-10 16:47:35,119][moc][INFO][generic_smbo.py:333] Iter 1, objectives: [-1.6577166038178182].
[2023-04-10 16:47:35,249][moc][WARNING][util_funcs.py:111] Provide "objs" in result is deprecated and will be removed in future versions! Please use "objectives" instead.
[2023-04-10 16:47:35,249][moc][INFO][generic_smbo.py:333] Iter 2, objectives: [-0.3242490165441707].
[2023-04-10 16:47:35,351][moc][WARNING][util_funcs.py:111] Provide "objs" in result is deprecated and will be removed in future versions! Please use "objectives" instead.
[2023-04-10 16:47:35,351][moc][INFO][generic_smbo.py:333] Iter 3, objectives: [-3.734530234706463].
[2023-04-10 16:47:35,608][moc][WARNING][util_funcs.py:111] Provide "objs" in result is deprecated and will be removed in future versions! Please use "objectives" instead.
[2023-04-10 16:47:35,609][moc][INFO][generic_smbo.py:333] Iter 4, objectives: [-1.1964573100512577].
[2023-04-10 16:47:35,753][moc][WARNING][util_funcs.py:111] Provide "objs" in result is deprecated and will be removed in future versions! Please use "objectives" instead.
[2023-04-10 16:47:35,753][moc][INFO][generic_smbo.py:333] Iter 5, objectives: [-1.7003622853149276].
[2023-04-10 16:47:35,897][moc][WARNING][util_funcs.py:111] Provide "objs" in result is deprecated and will be removed in future versions! Please use "objectives" instead.
[2023-04-10 16:47:35,897][moc][INFO][generic_smbo.py:333] Iter 6, objectives: [-0.1679584373216402].
[2023-04-10 16:47:36,029][moc][WARNING][util_funcs.py:111] Provide "objs" in result is deprecated and will be removed in future versions! Please use "objectives" instead.
[2023-04-10 16:47:36,029][moc][INFO][generic_smbo.py:333] Iter 7, objectives: [-0.24604534666442865].
[2023-04-10 16:47:36,127][moc][WARNING][util_funcs.py:111] Provide "objs" in result is deprecated and will be removed in future versions! Please use "objectives" instead.
[2023-04-10 16:47:36,128][moc][INFO][generic_smbo.py:333] Iter 8, objectives: [-1.2208686881043296].
[2023-04-10 16:47:36,273][moc][WARNING][util_funcs.py:111] Provide "objs" in result is deprecated and will be removed in future versions! Please use "objectives" instead.
[2023-04-10 16:47:36,273][moc][INFO][generic_smbo.py:333] Iter 9, objectives: [-0.33651099062908646].
[2023-04-10 16:47:36,380][moc][WARNING][util_funcs.py:111] Provide "objs" in result is deprecated and will be removed in future versions! Please use "objectives" instead.
[2023-04-10 16:47:36,380][moc][INFO][generic_smbo.py:333] Iter 10, objectives: [-1.162667349463821].
[2023-04-10 16:47:36,381][moc][WARNING][util_funcs.py:111] Provide "objs" in result is deprecated and will be removed in future versions! Please use "objectives" instead.
[2023-04-10 16:47:36,381][moc][WARNING][util_funcs.py:123] Unused information in result: {'config': [Configuration(values={
  'data_parallel_size': 3,
  'micro_batch_size': 64,
  'model_parallel_size': 8,
  'num_reticle_per_pipeline_stage': 28,
  'tensor_parallel_size': 8,
})
]}
[2023-04-10 16:47:36,381][moc][INFO][generic_smbo.py:418] Iter 2, objectives: [-3.734530234706463].
[2023-04-10 16:47:36,382][moc][WARNING][util_funcs.py:231] Keyword argument "num_objs" is deprecated and will be removed in a future version. Please use "num_objectives" instead.
