[2023-04-09 19:02:11,206][moc][INFO][color_logger.py:203] Logfile: /home/chenyiqi/wafer_scale_chip_dse_framework/logs/moc_2023-04-09-19-02-11-203024.log
[2023-04-09 19:02:11,216][moc][INFO][generic_advisor.py:157] [BO auto selection]  acq_type: ei.
[2023-04-09 19:02:11,546][moc][WARNING][util_funcs.py:111] Provide "objs" in result is deprecated and will be removed in future versions! Please use "objectives" instead.
[2023-04-09 19:02:11,548][moc][INFO][generic_smbo.py:332] Iter 1, objectives: [-0.008681800002011715].
[2023-04-09 19:02:11,774][moc][WARNING][util_funcs.py:111] Provide "objs" in result is deprecated and will be removed in future versions! Please use "objectives" instead.
[2023-04-09 19:02:11,775][moc][INFO][generic_smbo.py:332] Iter 2, objectives: [-0.008681795485728252].
[2023-04-09 19:02:12,985][moc][WARNING][util_funcs.py:111] Provide "objs" in result is deprecated and will be removed in future versions! Please use "objectives" instead.
[2023-04-09 19:02:12,987][moc][INFO][generic_smbo.py:332] Iter 3, objectives: [-0.004341130241170342].
[2023-04-09 19:02:13,258][moc][WARNING][util_funcs.py:111] Provide "objs" in result is deprecated and will be removed in future versions! Please use "objectives" instead.
[2023-04-09 19:02:13,259][moc][INFO][generic_smbo.py:332] Iter 4, objectives: [-0.008681798359726278].
[2023-04-09 19:02:13,784][moc][WARNING][util_funcs.py:111] Provide "objs" in result is deprecated and will be removed in future versions! Please use "objectives" instead.
[2023-04-09 19:02:13,785][moc][INFO][generic_smbo.py:332] Iter 5, objectives: [-0.005788070785631281].
[2023-04-09 19:02:14,560][moc][WARNING][util_funcs.py:111] Provide "objs" in result is deprecated and will be removed in future versions! Please use "objectives" instead.
[2023-04-09 19:02:14,561][moc][INFO][generic_smbo.py:332] Iter 6, objectives: [-0.011575340182804579].
[2023-04-09 19:02:14,561][moc][INFO][generic_advisor.py:365] Sample random config. rand_prob=0.100000.
[2023-04-09 19:02:14,817][moc][WARNING][util_funcs.py:111] Provide "objs" in result is deprecated and will be removed in future versions! Please use "objectives" instead.
[2023-04-09 19:02:14,818][moc][INFO][generic_smbo.py:332] Iter 7, objectives: [-0.017361762987438745].
[2023-04-09 19:02:16,519][moc][WARNING][util_funcs.py:111] Provide "objs" in result is deprecated and will be removed in future versions! Please use "objectives" instead.
[2023-04-09 19:02:16,520][moc][INFO][generic_smbo.py:332] Iter 8, objectives: [-0.011575327036756839].
[2023-04-09 19:02:17,652][moc][WARNING][util_funcs.py:111] Provide "objs" in result is deprecated and will be removed in future versions! Please use "objectives" instead.
[2023-04-09 19:02:17,653][moc][INFO][generic_smbo.py:332] Iter 9, objectives: [-0.01157532853101141].
[2023-04-09 19:02:19,639][moc][WARNING][util_funcs.py:111] Provide "objs" in result is deprecated and will be removed in future versions! Please use "objectives" instead.
[2023-04-09 19:02:19,640][moc][INFO][generic_smbo.py:332] Iter 10, objectives: [-0.01157532853101141].
[2023-04-09 19:02:20,927][moc][WARNING][util_funcs.py:111] Provide "objs" in result is deprecated and will be removed in future versions! Please use "objectives" instead.
[2023-04-09 19:02:20,929][moc][INFO][generic_smbo.py:332] Iter 11, objectives: [-0.011575325708530879].
[2023-04-09 19:02:22,798][moc][WARNING][util_funcs.py:111] Provide "objs" in result is deprecated and will be removed in future versions! Please use "objectives" instead.
[2023-04-09 19:02:22,799][moc][INFO][generic_smbo.py:332] Iter 12, objectives: [-0.01157532853101141].
[2023-04-09 19:02:24,172][moc][WARNING][util_funcs.py:111] Provide "objs" in result is deprecated and will be removed in future versions! Please use "objectives" instead.
[2023-04-09 19:02:24,173][moc][INFO][generic_smbo.py:332] Iter 13, objectives: [-0.017361759036525676].
[2023-04-09 19:02:25,963][moc][WARNING][util_funcs.py:111] Provide "objs" in result is deprecated and will be removed in future versions! Please use "objectives" instead.
[2023-04-09 19:02:25,964][moc][INFO][generic_smbo.py:332] Iter 14, objectives: [-0.017361769572297854].
[2023-04-09 19:02:27,284][moc][WARNING][util_funcs.py:111] Provide "objs" in result is deprecated and will be removed in future versions! Please use "objectives" instead.
[2023-04-09 19:02:27,285][moc][INFO][generic_smbo.py:332] Iter 15, objectives: [-0.017361774840188735].
[2023-04-09 19:02:28,503][moc][WARNING][util_funcs.py:111] Provide "objs" in result is deprecated and will be removed in future versions! Please use "objectives" instead.
[2023-04-09 19:02:28,504][moc][INFO][generic_smbo.py:332] Iter 16, objectives: [-0.017361772344871605].
[2023-04-09 19:02:29,985][moc][WARNING][util_funcs.py:111] Provide "objs" in result is deprecated and will be removed in future versions! Please use "objectives" instead.
[2023-04-09 19:02:29,986][moc][INFO][generic_smbo.py:332] Iter 17, objectives: [-0.017361766473540003].
[2023-04-09 19:02:32,105][moc][WARNING][util_funcs.py:111] Provide "objs" in result is deprecated and will be removed in future versions! Please use "objectives" instead.
[2023-04-09 19:02:32,106][moc][INFO][generic_smbo.py:332] Iter 18, objectives: [-0.017361759036525676].
[2023-04-09 19:02:33,478][moc][WARNING][util_funcs.py:111] Provide "objs" in result is deprecated and will be removed in future versions! Please use "objectives" instead.
[2023-04-09 19:02:33,479][moc][INFO][generic_smbo.py:332] Iter 19, objectives: [-0.01736175452119866].
[2023-04-09 19:02:35,100][moc][WARNING][util_funcs.py:111] Provide "objs" in result is deprecated and will be removed in future versions! Please use "objectives" instead.
[2023-04-09 19:02:35,102][moc][INFO][generic_smbo.py:332] Iter 20, objectives: [-0.017361749311208867].
