[2023-04-10 19:29:23,904][moc][INFO][color_logger.py:203] Logfile: /home/chenyiqi/wafer_scale_chip_dse_framework/logs/moc_2023-04-10-19-29-23-904515.log
[2023-04-10 19:29:24,167][moc][WARNING][util_funcs.py:111] Provide "objs" in result is deprecated and will be removed in future versions! Please use "objectives" instead.
[2023-04-10 19:29:24,167][moc][INFO][generic_smbo.py:352] Iter 1, objectives: [-4.733759962309067].
[2023-04-10 19:29:24,455][moc][WARNING][util_funcs.py:111] Provide "objs" in result is deprecated and will be removed in future versions! Please use "objectives" instead.
[2023-04-10 19:29:24,455][moc][INFO][generic_smbo.py:352] Iter 2, objectives: [-1.823985120670653].
[2023-04-10 19:29:24,713][moc][WARNING][util_funcs.py:111] Provide "objs" in result is deprecated and will be removed in future versions! Please use "objectives" instead.
[2023-04-10 19:29:24,713][moc][INFO][generic_smbo.py:352] Iter 3, objectives: [-2.4933182886770404].
[2023-04-10 19:29:25,013][moc][WARNING][util_funcs.py:111] Provide "objs" in result is deprecated and will be removed in future versions! Please use "objectives" instead.
[2023-04-10 19:29:25,013][moc][INFO][generic_smbo.py:352] Iter 4, objectives: [-0.3721141588415763].
[2023-04-10 19:29:25,286][moc][WARNING][util_funcs.py:111] Provide "objs" in result is deprecated and will be removed in future versions! Please use "objectives" instead.
[2023-04-10 19:29:25,287][moc][INFO][generic_smbo.py:352] Iter 5, objectives: [-0.5833758441644479].
[2023-04-10 19:29:25,590][moc][WARNING][util_funcs.py:111] Provide "objs" in result is deprecated and will be removed in future versions! Please use "objectives" instead.
[2023-04-10 19:29:25,590][moc][INFO][generic_smbo.py:352] Iter 6, objectives: [-0.3390344321937255].
[2023-04-10 19:29:25,951][moc][WARNING][util_funcs.py:111] Provide "objs" in result is deprecated and will be removed in future versions! Please use "objectives" instead.
[2023-04-10 19:29:25,951][moc][INFO][generic_smbo.py:352] Iter 7, objectives: [-1.098272860434198].
[2023-04-10 19:29:26,247][moc][WARNING][util_funcs.py:111] Provide "objs" in result is deprecated and will be removed in future versions! Please use "objectives" instead.
[2023-04-10 19:29:26,247][moc][INFO][generic_smbo.py:352] Iter 8, objectives: [-0.1868101766714235].
[2023-04-10 19:29:26,542][moc][WARNING][util_funcs.py:111] Provide "objs" in result is deprecated and will be removed in future versions! Please use "objectives" instead.
[2023-04-10 19:29:26,543][moc][INFO][generic_smbo.py:352] Iter 9, objectives: [-0.11142442589999704].
[2023-04-10 19:29:26,822][moc][WARNING][util_funcs.py:111] Provide "objs" in result is deprecated and will be removed in future versions! Please use "objectives" instead.
[2023-04-10 19:29:26,822][moc][INFO][generic_smbo.py:352] Iter 10, objectives: [-0.13822663952983588].
[2023-04-10 19:29:27,120][moc][WARNING][util_funcs.py:111] Provide "objs" in result is deprecated and will be removed in future versions! Please use "objectives" instead.
[2023-04-10 19:29:27,120][moc][INFO][generic_smbo.py:352] Iter 11, objectives: [-1.4137714768081295].
[2023-04-10 19:29:27,307][moc][WARNING][util_funcs.py:111] Provide "objs" in result is deprecated and will be removed in future versions! Please use "objectives" instead.
[2023-04-10 19:29:27,308][moc][INFO][generic_smbo.py:352] Iter 12, objectives: [-0.5224250039074964].
[2023-04-10 19:29:27,755][moc][WARNING][util_funcs.py:111] Provide "objs" in result is deprecated and will be removed in future versions! Please use "objectives" instead.
[2023-04-10 19:29:27,755][moc][INFO][generic_smbo.py:352] Iter 13, objectives: [-0.20872690879255254].
[2023-04-10 19:29:28,022][moc][WARNING][util_funcs.py:111] Provide "objs" in result is deprecated and will be removed in future versions! Please use "objectives" instead.
[2023-04-10 19:29:28,022][moc][INFO][generic_smbo.py:352] Iter 14, objectives: [-0.35817162353129595].
[2023-04-10 19:29:28,299][moc][WARNING][util_funcs.py:111] Provide "objs" in result is deprecated and will be removed in future versions! Please use "objectives" instead.
[2023-04-10 19:29:28,300][moc][INFO][generic_smbo.py:352] Iter 15, objectives: [-4.4417486601544365].
[2023-04-10 19:29:28,598][moc][WARNING][util_funcs.py:111] Provide "objs" in result is deprecated and will be removed in future versions! Please use "objectives" instead.
[2023-04-10 19:29:28,598][moc][INFO][generic_smbo.py:352] Iter 16, objectives: [-0.2601579309324233].
[2023-04-10 19:29:28,903][moc][WARNING][util_funcs.py:111] Provide "objs" in result is deprecated and will be removed in future versions! Please use "objectives" instead.
[2023-04-10 19:29:28,903][moc][INFO][generic_smbo.py:352] Iter 17, objectives: [-0.5421365906634537].
[2023-04-10 19:29:29,302][moc][WARNING][util_funcs.py:111] Provide "objs" in result is deprecated and will be removed in future versions! Please use "objectives" instead.
[2023-04-10 19:29:29,302][moc][INFO][generic_smbo.py:352] Iter 18, objectives: [-0.8009858871903647].
[2023-04-10 19:29:29,577][moc][WARNING][util_funcs.py:111] Provide "objs" in result is deprecated and will be removed in future versions! Please use "objectives" instead.
[2023-04-10 19:29:29,577][moc][INFO][generic_smbo.py:352] Iter 19, objectives: [-2.742905708113487].
[2023-04-10 19:29:29,869][moc][WARNING][util_funcs.py:111] Provide "objs" in result is deprecated and will be removed in future versions! Please use "objectives" instead.
[2023-04-10 19:29:29,870][moc][INFO][generic_smbo.py:352] Iter 20, objectives: [-0.7137958496542469].
[2023-04-10 19:29:29,870][moc][WARNING][util_funcs.py:111] Provide "objs" in result is deprecated and will be removed in future versions! Please use "objectives" instead.
[2023-04-10 19:29:29,870][moc][WARNING][util_funcs.py:123] Unused information in result: {'config': [{'data_parallel_size': 9, 'micro_batch_size': 48, 'model_parallel_size': 4, 'num_reticle_per_pipeline_stage': 437, 'tensor_parallel_size': 1}]}
[2023-04-10 19:29:29,871][moc][INFO][generic_smbo.py:437] Iter 15, objectives: [-4.733759962309067].
[2023-04-10 19:29:34,062][moc][WARNING][util_funcs.py:231] Keyword argument "num_objs" is deprecated and will be removed in a future version. Please use "num_objectives" instead.
