[2023-04-10 17:08:51,223][moc][INFO][color_logger.py:203] Logfile: /home/chenyiqi/wafer_scale_chip_dse_framework/logs/moc_2023-04-10-17-08-51-222864.log
[2023-04-10 17:08:52,540][moc][WARNING][util_funcs.py:111] Provide "objs" in result is deprecated and will be removed in future versions! Please use "objectives" instead.
[2023-04-10 17:08:52,540][moc][INFO][generic_smbo.py:333] Iter 1, objectives: [-0.01966357490503033].
[2023-04-10 17:08:53,647][moc][WARNING][util_funcs.py:111] Provide "objs" in result is deprecated and will be removed in future versions! Please use "objectives" instead.
[2023-04-10 17:08:53,647][moc][INFO][generic_smbo.py:333] Iter 2, objectives: [-0.4109412865002516].
[2023-04-10 17:08:54,927][moc][WARNING][util_funcs.py:111] Provide "objs" in result is deprecated and will be removed in future versions! Please use "objectives" instead.
[2023-04-10 17:08:54,927][moc][INFO][generic_smbo.py:333] Iter 3, objectives: [-0.0064804417048014455].
[2023-04-10 17:08:55,531][moc][WARNING][util_funcs.py:111] Provide "objs" in result is deprecated and will be removed in future versions! Please use "objectives" instead.
[2023-04-10 17:08:55,531][moc][INFO][generic_smbo.py:333] Iter 4, objectives: [-0.8350838382090411].
[2023-04-10 17:08:56,378][moc][WARNING][util_funcs.py:111] Provide "objs" in result is deprecated and will be removed in future versions! Please use "objectives" instead.
[2023-04-10 17:08:56,379][moc][INFO][generic_smbo.py:333] Iter 5, objectives: [-0.7995921798507672].
[2023-04-10 17:08:57,069][moc][WARNING][util_funcs.py:111] Provide "objs" in result is deprecated and will be removed in future versions! Please use "objectives" instead.
[2023-04-10 17:08:57,069][moc][INFO][generic_smbo.py:333] Iter 6, objectives: [-4.319341271403549].
[2023-04-10 17:08:57,759][moc][WARNING][util_funcs.py:111] Provide "objs" in result is deprecated and will be removed in future versions! Please use "objectives" instead.
[2023-04-10 17:08:57,759][moc][INFO][generic_smbo.py:333] Iter 7, objectives: [-7.355742813879562].
[2023-04-10 17:08:58,828][moc][WARNING][util_funcs.py:111] Provide "objs" in result is deprecated and will be removed in future versions! Please use "objectives" instead.
[2023-04-10 17:08:58,829][moc][INFO][generic_smbo.py:333] Iter 8, objectives: [-0.6304630734837612].
[2023-04-10 17:08:59,839][moc][WARNING][util_funcs.py:111] Provide "objs" in result is deprecated and will be removed in future versions! Please use "objectives" instead.
[2023-04-10 17:08:59,839][moc][INFO][generic_smbo.py:333] Iter 9, objectives: [-0.24103225912725923].
[2023-04-10 17:09:00,985][moc][WARNING][util_funcs.py:111] Provide "objs" in result is deprecated and will be removed in future versions! Please use "objectives" instead.
[2023-04-10 17:09:00,985][moc][INFO][generic_smbo.py:333] Iter 10, objectives: [-0.12850798529907598].
[2023-04-10 17:09:02,257][moc][WARNING][util_funcs.py:111] Provide "objs" in result is deprecated and will be removed in future versions! Please use "objectives" instead.
[2023-04-10 17:09:02,257][moc][INFO][generic_smbo.py:333] Iter 11, objectives: [-0.31449615221757266].
[2023-04-10 17:09:02,929][moc][WARNING][util_funcs.py:111] Provide "objs" in result is deprecated and will be removed in future versions! Please use "objectives" instead.
[2023-04-10 17:09:02,930][moc][INFO][generic_smbo.py:333] Iter 12, objectives: [-1.6726842384567064].
[2023-04-10 17:09:04,195][moc][WARNING][util_funcs.py:111] Provide "objs" in result is deprecated and will be removed in future versions! Please use "objectives" instead.
[2023-04-10 17:09:04,195][moc][INFO][generic_smbo.py:333] Iter 13, objectives: [-0.048718424795765686].
[2023-04-10 17:09:05,209][moc][WARNING][util_funcs.py:111] Provide "objs" in result is deprecated and will be removed in future versions! Please use "objectives" instead.
[2023-04-10 17:09:05,210][moc][INFO][generic_smbo.py:333] Iter 14, objectives: [-0.7306227768133445].
[2023-04-10 17:09:06,503][moc][WARNING][util_funcs.py:111] Provide "objs" in result is deprecated and will be removed in future versions! Please use "objectives" instead.
[2023-04-10 17:09:06,503][moc][INFO][generic_smbo.py:333] Iter 15, objectives: [-0.03206690835384127].
[2023-04-10 17:09:07,650][moc][WARNING][util_funcs.py:111] Provide "objs" in result is deprecated and will be removed in future versions! Please use "objectives" instead.
[2023-04-10 17:09:07,650][moc][INFO][generic_smbo.py:333] Iter 16, objectives: [-0.05292456139136109].
[2023-04-10 17:09:09,083][moc][WARNING][util_funcs.py:111] Provide "objs" in result is deprecated and will be removed in future versions! Please use "objectives" instead.
[2023-04-10 17:09:09,083][moc][INFO][generic_smbo.py:333] Iter 17, objectives: [-0.11053504711226489].
[2023-04-10 17:09:10,051][moc][WARNING][util_funcs.py:111] Provide "objs" in result is deprecated and will be removed in future versions! Please use "objectives" instead.
[2023-04-10 17:09:10,051][moc][INFO][generic_smbo.py:333] Iter 18, objectives: [-1.6542611827505052].
[2023-04-10 17:09:10,901][moc][WARNING][util_funcs.py:111] Provide "objs" in result is deprecated and will be removed in future versions! Please use "objectives" instead.
[2023-04-10 17:09:10,901][moc][INFO][generic_smbo.py:333] Iter 19, objectives: [-6.303684974180295].
[2023-04-10 17:09:11,975][moc][WARNING][util_funcs.py:111] Provide "objs" in result is deprecated and will be removed in future versions! Please use "objectives" instead.
[2023-04-10 17:09:11,976][moc][INFO][generic_smbo.py:333] Iter 20, objectives: [-0.10180948915512497].
[2023-04-10 17:09:11,976][moc][WARNING][util_funcs.py:111] Provide "objs" in result is deprecated and will be removed in future versions! Please use "objectives" instead.
[2023-04-10 17:09:11,977][moc][WARNING][util_funcs.py:123] Unused information in result: {'config': [{'data_parallel_size': 2, 'micro_batch_size': 164, 'model_parallel_size': 2, 'num_reticle_per_pipeline_stage': 695, 'tensor_parallel_size': 1}]}
[2023-04-10 17:09:11,977][moc][INFO][generic_smbo.py:418] Iter 19, objectives: [-7.355742813879562].
[2023-04-10 17:09:16,667][moc][WARNING][util_funcs.py:231] Keyword argument "num_objs" is deprecated and will be removed in a future version. Please use "num_objectives" instead.
