[2023-04-10 16:58:04,185][moc][INFO][color_logger.py:203] Logfile: /home/chenyiqi/wafer_scale_chip_dse_framework/logs/moc_2023-04-10-16-58-04-185093.log
[2023-04-10 16:58:04,328][moc][WARNING][util_funcs.py:111] Provide "objs" in result is deprecated and will be removed in future versions! Please use "objectives" instead.
[2023-04-10 16:58:04,328][moc][INFO][generic_smbo.py:333] Iter 1, objectives: [-0.6423414725911559].
[2023-04-10 16:58:04,410][moc][WARNING][util_funcs.py:111] Provide "objs" in result is deprecated and will be removed in future versions! Please use "objectives" instead.
[2023-04-10 16:58:04,410][moc][INFO][generic_smbo.py:333] Iter 2, objectives: [-2.038810922149548].
[2023-04-10 16:58:04,546][moc][WARNING][util_funcs.py:111] Provide "objs" in result is deprecated and will be removed in future versions! Please use "objectives" instead.
[2023-04-10 16:58:04,546][moc][INFO][generic_smbo.py:333] Iter 3, objectives: [-0.39947605513169426].
[2023-04-10 16:58:04,681][moc][WARNING][util_funcs.py:111] Provide "objs" in result is deprecated and will be removed in future versions! Please use "objectives" instead.
[2023-04-10 16:58:04,681][moc][INFO][generic_smbo.py:333] Iter 4, objectives: [-0.04459767129199177].
[2023-04-10 16:58:04,795][moc][WARNING][util_funcs.py:111] Provide "objs" in result is deprecated and will be removed in future versions! Please use "objectives" instead.
[2023-04-10 16:58:04,796][moc][INFO][generic_smbo.py:333] Iter 5, objectives: [-0.3350673877698889].
[2023-04-10 16:58:04,911][moc][WARNING][util_funcs.py:111] Provide "objs" in result is deprecated and will be removed in future versions! Please use "objectives" instead.
[2023-04-10 16:58:04,911][moc][INFO][generic_smbo.py:333] Iter 6, objectives: [-0.14641822895919035].
[2023-04-10 16:58:04,992][moc][WARNING][util_funcs.py:111] Provide "objs" in result is deprecated and will be removed in future versions! Please use "objectives" instead.
[2023-04-10 16:58:04,993][moc][INFO][generic_smbo.py:333] Iter 7, objectives: [-0.41585584328495784].
[2023-04-10 16:58:05,117][moc][WARNING][util_funcs.py:111] Provide "objs" in result is deprecated and will be removed in future versions! Please use "objectives" instead.
[2023-04-10 16:58:05,117][moc][INFO][generic_smbo.py:333] Iter 8, objectives: [-0.4474455358698229].
[2023-04-10 16:58:05,236][moc][WARNING][util_funcs.py:111] Provide "objs" in result is deprecated and will be removed in future versions! Please use "objectives" instead.
[2023-04-10 16:58:05,236][moc][INFO][generic_smbo.py:333] Iter 9, objectives: [-0.4464216939835028].
[2023-04-10 16:58:05,325][moc][WARNING][util_funcs.py:111] Provide "objs" in result is deprecated and will be removed in future versions! Please use "objectives" instead.
[2023-04-10 16:58:05,325][moc][INFO][generic_smbo.py:333] Iter 10, objectives: [-0.36885429724108787].
[2023-04-10 16:58:05,326][moc][WARNING][util_funcs.py:111] Provide "objs" in result is deprecated and will be removed in future versions! Please use "objectives" instead.
[2023-04-10 16:58:05,326][moc][WARNING][util_funcs.py:123] Unused information in result: {'config': [{'data_parallel_size': 2, 'micro_batch_size': 16, 'model_parallel_size': 2, 'num_reticle_per_pipeline_stage': 80, 'tensor_parallel_size': 2}]}
[2023-04-10 16:58:05,326][moc][INFO][generic_smbo.py:418] Iter 14, objectives: [-2.038810922149548].
[2023-04-10 16:58:10,391][moc][WARNING][util_funcs.py:231] Keyword argument "num_objs" is deprecated and will be removed in a future version. Please use "num_objectives" instead.
