[2023-04-10 17:21:21,699][moc][INFO][color_logger.py:203] Logfile: /home/chenyiqi/wafer_scale_chip_dse_framework/logs/moc_2023-04-10-17-21-21-699607.log
[2023-04-10 17:21:21,704][moc][WARNING][util_funcs.py:111] Provide "objs" in result is deprecated and will be removed in future versions! Please use "objectives" instead.
[2023-04-10 17:21:21,704][moc][INFO][generic_smbo.py:333] Iter 1, objectives: [-2.557926550557823].
[2023-04-10 17:21:21,706][moc][WARNING][util_funcs.py:111] Provide "objs" in result is deprecated and will be removed in future versions! Please use "objectives" instead.
[2023-04-10 17:21:21,706][moc][INFO][generic_smbo.py:333] Iter 2, objectives: [-0.39368466879235653].
[2023-04-10 17:21:21,708][moc][WARNING][util_funcs.py:111] Provide "objs" in result is deprecated and will be removed in future versions! Please use "objectives" instead.
[2023-04-10 17:21:21,708][moc][INFO][generic_smbo.py:333] Iter 3, objectives: [-3.9721347717030895].
[2023-04-10 17:21:21,710][moc][WARNING][util_funcs.py:111] Provide "objs" in result is deprecated and will be removed in future versions! Please use "objectives" instead.
[2023-04-10 17:21:21,710][moc][INFO][generic_smbo.py:333] Iter 4, objectives: [-25.647510464815593].
[2023-04-10 17:21:21,712][moc][WARNING][util_funcs.py:111] Provide "objs" in result is deprecated and will be removed in future versions! Please use "objectives" instead.
[2023-04-10 17:21:21,712][moc][INFO][generic_smbo.py:333] Iter 5, objectives: [-2.2419864234810185].
[2023-04-10 17:21:21,714][moc][WARNING][util_funcs.py:111] Provide "objs" in result is deprecated and will be removed in future versions! Please use "objectives" instead.
[2023-04-10 17:21:21,714][moc][INFO][generic_smbo.py:333] Iter 6, objectives: [-0.5135096222336791].
[2023-04-10 17:21:21,716][moc][WARNING][util_funcs.py:111] Provide "objs" in result is deprecated and will be removed in future versions! Please use "objectives" instead.
[2023-04-10 17:21:21,716][moc][INFO][generic_smbo.py:333] Iter 7, objectives: [-1.1262966509254184].
[2023-04-10 17:21:21,718][moc][WARNING][util_funcs.py:111] Provide "objs" in result is deprecated and will be removed in future versions! Please use "objectives" instead.
[2023-04-10 17:21:21,718][moc][INFO][generic_smbo.py:333] Iter 8, objectives: [-13.826804127528899].
[2023-04-10 17:21:21,720][moc][WARNING][util_funcs.py:111] Provide "objs" in result is deprecated and will be removed in future versions! Please use "objectives" instead.
[2023-04-10 17:21:21,720][moc][INFO][generic_smbo.py:333] Iter 9, objectives: [-20.060872464503245].
[2023-04-10 17:21:21,722][moc][WARNING][util_funcs.py:111] Provide "objs" in result is deprecated and will be removed in future versions! Please use "objectives" instead.
[2023-04-10 17:21:21,722][moc][INFO][generic_smbo.py:333] Iter 10, objectives: [-1.2316262285399628].
[2023-04-10 17:21:21,725][moc][WARNING][util_funcs.py:111] Provide "objs" in result is deprecated and will be removed in future versions! Please use "objectives" instead.
[2023-04-10 17:21:21,725][moc][INFO][generic_smbo.py:333] Iter 11, objectives: [-1.1449430369011242].
[2023-04-10 17:21:21,727][moc][WARNING][util_funcs.py:111] Provide "objs" in result is deprecated and will be removed in future versions! Please use "objectives" instead.
[2023-04-10 17:21:21,727][moc][INFO][generic_smbo.py:333] Iter 12, objectives: [-123.16212812227315].
[2023-04-10 17:21:21,729][moc][WARNING][util_funcs.py:111] Provide "objs" in result is deprecated and will be removed in future versions! Please use "objectives" instead.
[2023-04-10 17:21:21,729][moc][INFO][generic_smbo.py:333] Iter 13, objectives: [-7.196844294054856].
[2023-04-10 17:21:21,731][moc][WARNING][util_funcs.py:111] Provide "objs" in result is deprecated and will be removed in future versions! Please use "objectives" instead.
[2023-04-10 17:21:21,731][moc][INFO][generic_smbo.py:333] Iter 14, objectives: [-33.106230702632786].
[2023-04-10 17:21:21,733][moc][WARNING][util_funcs.py:111] Provide "objs" in result is deprecated and will be removed in future versions! Please use "objectives" instead.
[2023-04-10 17:21:21,733][moc][INFO][generic_smbo.py:333] Iter 15, objectives: [-0.5214515020555239].
[2023-04-10 17:21:21,735][moc][WARNING][util_funcs.py:111] Provide "objs" in result is deprecated and will be removed in future versions! Please use "objectives" instead.
[2023-04-10 17:21:21,735][moc][INFO][generic_smbo.py:333] Iter 16, objectives: [-2.689418568867687].
[2023-04-10 17:21:21,737][moc][WARNING][util_funcs.py:111] Provide "objs" in result is deprecated and will be removed in future versions! Please use "objectives" instead.
[2023-04-10 17:21:21,737][moc][INFO][generic_smbo.py:333] Iter 17, objectives: [-0.7214803480296883].
[2023-04-10 17:21:21,739][moc][WARNING][util_funcs.py:111] Provide "objs" in result is deprecated and will be removed in future versions! Please use "objectives" instead.
[2023-04-10 17:21:21,740][moc][INFO][generic_smbo.py:333] Iter 18, objectives: [-0.3961311333704135].
[2023-04-10 17:21:21,742][moc][WARNING][util_funcs.py:111] Provide "objs" in result is deprecated and will be removed in future versions! Please use "objectives" instead.
[2023-04-10 17:21:21,742][moc][INFO][generic_smbo.py:333] Iter 19, objectives: [-24.61629482983278].
[2023-04-10 17:21:21,744][moc][WARNING][util_funcs.py:111] Provide "objs" in result is deprecated and will be removed in future versions! Please use "objectives" instead.
[2023-04-10 17:21:21,744][moc][INFO][generic_smbo.py:333] Iter 20, objectives: [-0.5286484225400822].
[2023-04-10 17:21:21,744][moc][WARNING][util_funcs.py:111] Provide "objs" in result is deprecated and will be removed in future versions! Please use "objectives" instead.
[2023-04-10 17:21:21,744][moc][WARNING][util_funcs.py:123] Unused information in result: {'config': [{'data_parallel_size': 14, 'micro_batch_size': 10, 'model_parallel_size': 6, 'num_reticle_per_pipeline_stage': 74, 'tensor_parallel_size': 1}]}
[2023-04-10 17:21:21,745][moc][INFO][generic_smbo.py:418] Iter 14, objectives: [-123.16212812227315].
[2023-04-10 17:21:21,745][moc][INFO][mf_advisor.py:411] Sample random config. rand_prob=0.100000.
[2023-04-10 17:21:21,746][moc][WARNING][util_funcs.py:231] Keyword argument "num_objs" is deprecated and will be removed in a future version. Please use "num_objectives" instead.
