[2023-04-10 17:20:37,777][moc][INFO][color_logger.py:203] Logfile: /home/chenyiqi/wafer_scale_chip_dse_framework/logs/moc_2023-04-10-17-20-37-777245.log
[2023-04-10 17:20:37,839][moc][WARNING][util_funcs.py:111] Provide "objs" in result is deprecated and will be removed in future versions! Please use "objectives" instead.
[2023-04-10 17:20:37,839][moc][INFO][generic_smbo.py:333] Iter 1, objectives: [-0.7627412416852845].
[2023-04-10 17:20:37,890][moc][WARNING][util_funcs.py:111] Provide "objs" in result is deprecated and will be removed in future versions! Please use "objectives" instead.
[2023-04-10 17:20:37,890][moc][INFO][generic_smbo.py:333] Iter 2, objectives: [-1.645985677136558].
[2023-04-10 17:20:37,943][moc][WARNING][util_funcs.py:111] Provide "objs" in result is deprecated and will be removed in future versions! Please use "objectives" instead.
[2023-04-10 17:20:37,944][moc][INFO][generic_smbo.py:333] Iter 3, objectives: [-2.911044145862551].
[2023-04-10 17:20:38,007][moc][WARNING][util_funcs.py:111] Provide "objs" in result is deprecated and will be removed in future versions! Please use "objectives" instead.
[2023-04-10 17:20:38,008][moc][INFO][generic_smbo.py:333] Iter 4, objectives: [-0.8510228296704417].
[2023-04-10 17:20:38,072][moc][WARNING][util_funcs.py:111] Provide "objs" in result is deprecated and will be removed in future versions! Please use "objectives" instead.
[2023-04-10 17:20:38,073][moc][INFO][generic_smbo.py:333] Iter 5, objectives: [-0.6892156169198631].
[2023-04-10 17:20:38,137][moc][WARNING][util_funcs.py:111] Provide "objs" in result is deprecated and will be removed in future versions! Please use "objectives" instead.
[2023-04-10 17:20:38,137][moc][INFO][generic_smbo.py:333] Iter 6, objectives: [-0.38191360020347176].
[2023-04-10 17:20:38,201][moc][WARNING][util_funcs.py:111] Provide "objs" in result is deprecated and will be removed in future versions! Please use "objectives" instead.
[2023-04-10 17:20:38,201][moc][INFO][generic_smbo.py:333] Iter 7, objectives: [-0.5110030533714155].
[2023-04-10 17:20:38,394][moc][WARNING][util_funcs.py:111] Provide "objs" in result is deprecated and will be removed in future versions! Please use "objectives" instead.
[2023-04-10 17:20:38,394][moc][INFO][generic_smbo.py:333] Iter 8, objectives: [-0.3332607555707422].
[2023-04-10 17:20:38,450][moc][WARNING][util_funcs.py:111] Provide "objs" in result is deprecated and will be removed in future versions! Please use "objectives" instead.
[2023-04-10 17:20:38,450][moc][INFO][generic_smbo.py:333] Iter 9, objectives: [-2.1388196495094403].
[2023-04-10 17:20:38,506][moc][WARNING][util_funcs.py:111] Provide "objs" in result is deprecated and will be removed in future versions! Please use "objectives" instead.
[2023-04-10 17:20:38,506][moc][INFO][generic_smbo.py:333] Iter 10, objectives: [-1.1789732790971452].
[2023-04-10 17:20:38,568][moc][WARNING][util_funcs.py:111] Provide "objs" in result is deprecated and will be removed in future versions! Please use "objectives" instead.
[2023-04-10 17:20:38,568][moc][INFO][generic_smbo.py:333] Iter 11, objectives: [-0.6052016918357273].
[2023-04-10 17:20:38,636][moc][WARNING][util_funcs.py:111] Provide "objs" in result is deprecated and will be removed in future versions! Please use "objectives" instead.
[2023-04-10 17:20:38,636][moc][INFO][generic_smbo.py:333] Iter 12, objectives: [-0.8634993267549718].
[2023-04-10 17:20:38,704][moc][WARNING][util_funcs.py:111] Provide "objs" in result is deprecated and will be removed in future versions! Please use "objectives" instead.
[2023-04-10 17:20:38,704][moc][INFO][generic_smbo.py:333] Iter 13, objectives: [-0.9173120848595162].
[2023-04-10 17:20:38,782][moc][WARNING][util_funcs.py:111] Provide "objs" in result is deprecated and will be removed in future versions! Please use "objectives" instead.
[2023-04-10 17:20:38,782][moc][INFO][generic_smbo.py:333] Iter 14, objectives: [-0.14193509795746231].
[2023-04-10 17:20:38,849][moc][WARNING][util_funcs.py:111] Provide "objs" in result is deprecated and will be removed in future versions! Please use "objectives" instead.
[2023-04-10 17:20:38,849][moc][INFO][generic_smbo.py:333] Iter 15, objectives: [-0.32534946028967665].
[2023-04-10 17:20:38,906][moc][WARNING][util_funcs.py:111] Provide "objs" in result is deprecated and will be removed in future versions! Please use "objectives" instead.
[2023-04-10 17:20:38,906][moc][INFO][generic_smbo.py:333] Iter 16, objectives: [-0.3286567211041224].
[2023-04-10 17:20:38,968][moc][WARNING][util_funcs.py:111] Provide "objs" in result is deprecated and will be removed in future versions! Please use "objectives" instead.
[2023-04-10 17:20:38,969][moc][INFO][generic_smbo.py:333] Iter 17, objectives: [-0.31515778716764675].
[2023-04-10 17:20:39,019][moc][WARNING][util_funcs.py:111] Provide "objs" in result is deprecated and will be removed in future versions! Please use "objectives" instead.
[2023-04-10 17:20:39,019][moc][INFO][generic_smbo.py:333] Iter 18, objectives: [-10.787929545112021].
[2023-04-10 17:20:39,084][moc][WARNING][util_funcs.py:111] Provide "objs" in result is deprecated and will be removed in future versions! Please use "objectives" instead.
[2023-04-10 17:20:39,084][moc][INFO][generic_smbo.py:333] Iter 19, objectives: [-0.404546831946508].
[2023-04-10 17:20:39,139][moc][WARNING][util_funcs.py:111] Provide "objs" in result is deprecated and will be removed in future versions! Please use "objectives" instead.
[2023-04-10 17:20:39,139][moc][INFO][generic_smbo.py:333] Iter 20, objectives: [-1.7948131134164451].
[2023-04-10 17:20:39,140][moc][WARNING][util_funcs.py:111] Provide "objs" in result is deprecated and will be removed in future versions! Please use "objectives" instead.
[2023-04-10 17:20:39,140][moc][WARNING][util_funcs.py:123] Unused information in result: {'config': [{'data_parallel_size': 3, 'micro_batch_size': 18, 'model_parallel_size': 4, 'num_reticle_per_pipeline_stage': 63, 'tensor_parallel_size': 2}]}
[2023-04-10 17:20:39,140][moc][INFO][generic_smbo.py:418] Iter 6, objectives: [-10.787929545112021].
[2023-04-10 17:20:44,367][moc][WARNING][util_funcs.py:231] Keyword argument "num_objs" is deprecated and will be removed in a future version. Please use "num_objectives" instead.
