[2023-04-10 17:14:38,400][moc][INFO][color_logger.py:203] Logfile: /home/chenyiqi/wafer_scale_chip_dse_framework/logs/moc_2023-04-10-17-14-38-400168.log
[2023-04-10 17:14:38,616][moc][WARNING][util_funcs.py:111] Provide "objs" in result is deprecated and will be removed in future versions! Please use "objectives" instead.
[2023-04-10 17:14:38,616][moc][INFO][generic_smbo.py:333] Iter 1, objectives: [-0.30499689104225086].
[2023-04-10 17:14:38,728][moc][WARNING][util_funcs.py:111] Provide "objs" in result is deprecated and will be removed in future versions! Please use "objectives" instead.
[2023-04-10 17:14:38,728][moc][INFO][generic_smbo.py:333] Iter 2, objectives: [-0.23865948600879133].
[2023-04-10 17:14:38,826][moc][WARNING][util_funcs.py:111] Provide "objs" in result is deprecated and will be removed in future versions! Please use "objectives" instead.
[2023-04-10 17:14:38,827][moc][INFO][generic_smbo.py:333] Iter 3, objectives: [-0.3776727925107287].
[2023-04-10 17:14:38,938][moc][WARNING][util_funcs.py:111] Provide "objs" in result is deprecated and will be removed in future versions! Please use "objectives" instead.
[2023-04-10 17:14:38,938][moc][INFO][generic_smbo.py:333] Iter 4, objectives: [-0.08866928512598607].
[2023-04-10 17:14:39,019][moc][WARNING][util_funcs.py:111] Provide "objs" in result is deprecated and will be removed in future versions! Please use "objectives" instead.
[2023-04-10 17:14:39,019][moc][INFO][generic_smbo.py:333] Iter 5, objectives: [-3.192948783519956].
[2023-04-10 17:14:39,123][moc][WARNING][util_funcs.py:111] Provide "objs" in result is deprecated and will be removed in future versions! Please use "objectives" instead.
[2023-04-10 17:14:39,123][moc][INFO][generic_smbo.py:333] Iter 6, objectives: [-0.27290632195759973].
[2023-04-10 17:14:39,237][moc][WARNING][util_funcs.py:111] Provide "objs" in result is deprecated and will be removed in future versions! Please use "objectives" instead.
[2023-04-10 17:14:39,237][moc][INFO][generic_smbo.py:333] Iter 7, objectives: [-0.4124057003965852].
[2023-04-10 17:14:39,356][moc][WARNING][util_funcs.py:111] Provide "objs" in result is deprecated and will be removed in future versions! Please use "objectives" instead.
[2023-04-10 17:14:39,357][moc][INFO][generic_smbo.py:333] Iter 8, objectives: [-0.2702522021471351].
[2023-04-10 17:14:39,474][moc][WARNING][util_funcs.py:111] Provide "objs" in result is deprecated and will be removed in future versions! Please use "objectives" instead.
[2023-04-10 17:14:39,475][moc][INFO][generic_smbo.py:333] Iter 9, objectives: [-0.567472610075159].
[2023-04-10 17:14:39,578][moc][WARNING][util_funcs.py:111] Provide "objs" in result is deprecated and will be removed in future versions! Please use "objectives" instead.
[2023-04-10 17:14:39,579][moc][INFO][generic_smbo.py:333] Iter 10, objectives: [-0.37486581260530183].
[2023-04-10 17:14:39,704][moc][WARNING][util_funcs.py:111] Provide "objs" in result is deprecated and will be removed in future versions! Please use "objectives" instead.
[2023-04-10 17:14:39,704][moc][INFO][generic_smbo.py:333] Iter 11, objectives: [-0.3845714498206179].
[2023-04-10 17:14:39,817][moc][WARNING][util_funcs.py:111] Provide "objs" in result is deprecated and will be removed in future versions! Please use "objectives" instead.
[2023-04-10 17:14:39,818][moc][INFO][generic_smbo.py:333] Iter 12, objectives: [-0.2745900477911959].
[2023-04-10 17:14:39,922][moc][WARNING][util_funcs.py:111] Provide "objs" in result is deprecated and will be removed in future versions! Please use "objectives" instead.
[2023-04-10 17:14:39,922][moc][INFO][generic_smbo.py:333] Iter 13, objectives: [-1.2784040935112706].
[2023-04-10 17:14:40,031][moc][WARNING][util_funcs.py:111] Provide "objs" in result is deprecated and will be removed in future versions! Please use "objectives" instead.
[2023-04-10 17:14:40,031][moc][INFO][generic_smbo.py:333] Iter 14, objectives: [-0.0810420668218282].
[2023-04-10 17:14:40,122][moc][WARNING][util_funcs.py:111] Provide "objs" in result is deprecated and will be removed in future versions! Please use "objectives" instead.
[2023-04-10 17:14:40,123][moc][INFO][generic_smbo.py:333] Iter 15, objectives: [-0.6839895200160716].
[2023-04-10 17:14:40,230][moc][WARNING][util_funcs.py:111] Provide "objs" in result is deprecated and will be removed in future versions! Please use "objectives" instead.
[2023-04-10 17:14:40,230][moc][INFO][generic_smbo.py:333] Iter 16, objectives: [-0.12709695538165602].
[2023-04-10 17:14:40,339][moc][WARNING][util_funcs.py:111] Provide "objs" in result is deprecated and will be removed in future versions! Please use "objectives" instead.
[2023-04-10 17:14:40,339][moc][INFO][generic_smbo.py:333] Iter 17, objectives: [-0.13551502021597892].
[2023-04-10 17:14:40,583][moc][WARNING][util_funcs.py:111] Provide "objs" in result is deprecated and will be removed in future versions! Please use "objectives" instead.
[2023-04-10 17:14:40,583][moc][INFO][generic_smbo.py:333] Iter 18, objectives: [-0.1651560284530972].
[2023-04-10 17:14:40,693][moc][WARNING][util_funcs.py:111] Provide "objs" in result is deprecated and will be removed in future versions! Please use "objectives" instead.
[2023-04-10 17:14:40,693][moc][INFO][generic_smbo.py:333] Iter 19, objectives: [-0.16322548834670894].
[2023-04-10 17:14:40,800][moc][WARNING][util_funcs.py:111] Provide "objs" in result is deprecated and will be removed in future versions! Please use "objectives" instead.
[2023-04-10 17:14:40,800][moc][INFO][generic_smbo.py:333] Iter 20, objectives: [-0.15838806326965885].
[2023-04-10 17:14:40,801][moc][WARNING][util_funcs.py:111] Provide "objs" in result is deprecated and will be removed in future versions! Please use "objectives" instead.
[2023-04-10 17:14:40,801][moc][WARNING][util_funcs.py:123] Unused information in result: {'config': [{'data_parallel_size': 1, 'micro_batch_size': 22, 'model_parallel_size': 2, 'num_reticle_per_pipeline_stage': 153, 'tensor_parallel_size': 1}]}
[2023-04-10 17:14:40,801][moc][INFO][generic_smbo.py:418] Iter 18, objectives: [-3.192948783519956].
[2023-04-10 17:14:44,997][moc][WARNING][util_funcs.py:231] Keyword argument "num_objs" is deprecated and will be removed in a future version. Please use "num_objectives" instead.
