[2023-04-09 19:09:12,757][moc][INFO][color_logger.py:203] Logfile: /home/chenyiqi/wafer_scale_chip_dse_framework/logs/moc_2023-04-09-19-09-12-757091.log
[2023-04-09 19:09:12,759][moc][INFO][generic_advisor.py:157] [BO auto selection]  acq_type: ei.
[2023-04-09 19:09:13,017][moc][WARNING][util_funcs.py:111] Provide "objs" in result is deprecated and will be removed in future versions! Please use "objectives" instead.
[2023-04-09 19:09:13,019][moc][INFO][generic_smbo.py:332] Iter 1, objectives: [-0.011575331650596755].
[2023-04-09 19:09:13,229][moc][WARNING][util_funcs.py:111] Provide "objs" in result is deprecated and will be removed in future versions! Please use "objectives" instead.
[2023-04-09 19:09:13,230][moc][INFO][generic_smbo.py:332] Iter 2, objectives: [-0.006945585553867201].
[2023-04-09 19:09:13,774][moc][WARNING][util_funcs.py:111] Provide "objs" in result is deprecated and will be removed in future versions! Please use "objectives" instead.
[2023-04-09 19:09:13,776][moc][INFO][generic_smbo.py:332] Iter 3, objectives: [-0.008681807132995177].
[2023-04-09 19:09:13,987][moc][WARNING][util_funcs.py:111] Provide "objs" in result is deprecated and will be removed in future versions! Please use "objectives" instead.
[2023-04-09 19:09:13,988][moc][INFO][generic_smbo.py:332] Iter 4, objectives: [-0.011575327036756839].
[2023-04-09 19:09:14,562][moc][WARNING][util_funcs.py:111] Provide "objs" in result is deprecated and will be removed in future versions! Please use "objectives" instead.
[2023-04-09 19:09:14,563][moc][INFO][generic_smbo.py:332] Iter 5, objectives: [-0.004961254215673439].
[2023-04-09 19:09:14,940][moc][WARNING][util_funcs.py:111] Provide "objs" in result is deprecated and will be removed in future versions! Please use "objectives" instead.
[2023-04-09 19:09:14,941][moc][INFO][generic_smbo.py:332] Iter 6, objectives: [-0.011575336245798548].
[2023-04-09 19:09:14,942][moc][INFO][generic_advisor.py:365] Sample random config. rand_prob=0.100000.
[2023-04-09 19:09:15,459][moc][WARNING][util_funcs.py:111] Provide "objs" in result is deprecated and will be removed in future versions! Please use "objectives" instead.
[2023-04-09 19:09:15,461][moc][INFO][generic_smbo.py:332] Iter 7, objectives: [-0.011575339256449978].
[2023-04-09 19:09:16,714][moc][WARNING][util_funcs.py:111] Provide "objs" in result is deprecated and will be removed in future versions! Please use "objectives" instead.
[2023-04-09 19:09:16,715][moc][INFO][generic_smbo.py:332] Iter 8, objectives: [-0.011575333235148685].
[2023-04-09 19:09:17,781][moc][WARNING][util_funcs.py:111] Provide "objs" in result is deprecated and will be removed in future versions! Please use "objectives" instead.
[2023-04-09 19:09:17,784][moc][INFO][generic_smbo.py:332] Iter 9, objectives: [-0.006945587242162185].
[2023-04-09 19:09:18,991][moc][WARNING][util_funcs.py:111] Provide "objs" in result is deprecated and will be removed in future versions! Please use "objectives" instead.
[2023-04-09 19:09:18,992][moc][INFO][generic_smbo.py:332] Iter 10, objectives: [-0.011575324203208491].
[2023-04-09 19:09:20,390][moc][WARNING][util_funcs.py:111] Provide "objs" in result is deprecated and will be removed in future versions! Please use "objectives" instead.
[2023-04-09 19:09:20,390][moc][INFO][generic_smbo.py:332] Iter 11, objectives: [-0.01157533490773175].
[2023-04-09 19:09:21,978][moc][WARNING][util_funcs.py:111] Provide "objs" in result is deprecated and will be removed in future versions! Please use "objectives" instead.
[2023-04-09 19:09:21,979][moc][INFO][generic_smbo.py:332] Iter 12, objectives: [-0.008681802973253402].
[2023-04-09 19:09:23,331][moc][WARNING][util_funcs.py:111] Provide "objs" in result is deprecated and will be removed in future versions! Please use "objectives" instead.
[2023-04-09 19:09:23,332][moc][INFO][generic_smbo.py:332] Iter 13, objectives: [-0.011575329273769672].
[2023-04-09 19:09:24,945][moc][WARNING][util_funcs.py:111] Provide "objs" in result is deprecated and will be removed in future versions! Please use "objectives" instead.
[2023-04-09 19:09:24,946][moc][INFO][generic_smbo.py:332] Iter 14, objectives: [-0.011575331866671992].
[2023-04-09 19:09:26,434][moc][WARNING][util_funcs.py:111] Provide "objs" in result is deprecated and will be removed in future versions! Please use "objectives" instead.
[2023-04-09 19:09:26,435][moc][INFO][generic_smbo.py:332] Iter 15, objectives: [-0.011575329273769672].
[2023-04-09 19:09:28,536][moc][WARNING][util_funcs.py:111] Provide "objs" in result is deprecated and will be removed in future versions! Please use "objectives" instead.
[2023-04-09 19:09:28,537][moc][INFO][generic_smbo.py:332] Iter 16, objectives: [-0.011575331650596755].
[2023-04-09 19:09:28,538][moc][INFO][generic_advisor.py:365] Sample random config. rand_prob=0.100000.
[2023-04-09 19:09:29,632][moc][WARNING][util_funcs.py:111] Provide "objs" in result is deprecated and will be removed in future versions! Please use "objectives" instead.
[2023-04-09 19:09:29,634][moc][INFO][generic_smbo.py:332] Iter 17, objectives: [-0.006945589629895063].
[2023-04-09 19:09:31,603][moc][WARNING][util_funcs.py:111] Provide "objs" in result is deprecated and will be removed in future versions! Please use "objectives" instead.
[2023-04-09 19:09:31,603][moc][INFO][generic_smbo.py:332] Iter 18, objectives: [-0.011575336634269613].
[2023-04-09 19:09:31,604][moc][INFO][generic_advisor.py:365] Sample random config. rand_prob=0.100000.
[2023-04-09 19:09:32,908][moc][WARNING][util_funcs.py:111] Provide "objs" in result is deprecated and will be removed in future versions! Please use "objectives" instead.
[2023-04-09 19:09:32,910][moc][INFO][generic_smbo.py:332] Iter 19, objectives: [-0.004341130174229805].
[2023-04-09 19:09:34,136][moc][WARNING][util_funcs.py:111] Provide "objs" in result is deprecated and will be removed in future versions! Please use "objectives" instead.
[2023-04-09 19:09:34,137][moc][INFO][generic_smbo.py:332] Iter 20, objectives: [-0.011575330726274995].
