[2023-04-09 19:25:41,841][moc][INFO][color_logger.py:203] Logfile: /home/chenyiqi/wafer_scale_chip_dse_framework/logs/moc_2023-04-09-19-25-41-840965.log
[2023-04-09 19:25:41,843][moc][INFO][generic_advisor.py:157] [BO auto selection]  acq_type: ei.
[2023-04-09 19:25:42,512][moc][WARNING][util_funcs.py:111] Provide "objs" in result is deprecated and will be removed in future versions! Please use "objectives" instead.
[2023-04-09 19:25:42,513][moc][INFO][generic_smbo.py:332] Iter 1, objectives: [-0.0049612545382946485].
[2023-04-09 19:25:42,696][moc][WARNING][util_funcs.py:111] Provide "objs" in result is deprecated and will be removed in future versions! Please use "objectives" instead.
[2023-04-09 19:25:42,697][moc][INFO][generic_smbo.py:332] Iter 2, objectives: [-0.011575313164189619].
[2023-04-09 19:25:43,156][moc][WARNING][util_funcs.py:111] Provide "objs" in result is deprecated and will be removed in future versions! Please use "objectives" instead.
[2023-04-09 19:25:43,157][moc][INFO][generic_smbo.py:332] Iter 3, objectives: [-0.005788072001640405].
[2023-04-09 19:25:43,519][moc][WARNING][util_funcs.py:111] Provide "objs" in result is deprecated and will be removed in future versions! Please use "objectives" instead.
[2023-04-09 19:25:43,520][moc][INFO][generic_smbo.py:332] Iter 4, objectives: [-0.0086818033892274].
[2023-04-09 19:25:45,780][moc][WARNING][util_funcs.py:111] Provide "objs" in result is deprecated and will be removed in future versions! Please use "objectives" instead.
[2023-04-09 19:25:45,781][moc][INFO][generic_smbo.py:332] Iter 5, objectives: [-0.003472940328636493].
[2023-04-09 19:25:47,790][moc][WARNING][util_funcs.py:111] Provide "objs" in result is deprecated and will be removed in future versions! Please use "objectives" instead.
[2023-04-09 19:25:47,791][moc][INFO][generic_smbo.py:332] Iter 6, objectives: [-0.0031572303654319642].
[2023-04-09 19:25:49,013][moc][WARNING][util_funcs.py:111] Provide "objs" in result is deprecated and will be removed in future versions! Please use "objectives" instead.
[2023-04-09 19:25:49,014][moc][INFO][generic_smbo.py:332] Iter 7, objectives: [-0.011575313164189619].
[2023-04-09 19:25:50,398][moc][WARNING][util_funcs.py:111] Provide "objs" in result is deprecated and will be removed in future versions! Please use "objectives" instead.
[2023-04-09 19:25:50,402][moc][INFO][generic_smbo.py:332] Iter 8, objectives: [-0.0115753087736766].
[2023-04-09 19:25:52,069][moc][WARNING][util_funcs.py:111] Provide "objs" in result is deprecated and will be removed in future versions! Please use "objectives" instead.
[2023-04-09 19:25:52,071][moc][INFO][generic_smbo.py:332] Iter 9, objectives: [-0.0115753087736766].
[2023-04-09 19:25:53,210][moc][WARNING][util_funcs.py:111] Provide "objs" in result is deprecated and will be removed in future versions! Please use "objectives" instead.
[2023-04-09 19:25:53,211][moc][INFO][generic_smbo.py:332] Iter 10, objectives: [-0.011575303128736187].
[2023-04-09 19:25:54,532][moc][WARNING][util_funcs.py:111] Provide "objs" in result is deprecated and will be removed in future versions! Please use "objectives" instead.
[2023-04-09 19:25:54,533][moc][INFO][generic_smbo.py:332] Iter 11, objectives: [-0.011575303128736187].
[2023-04-09 19:25:55,696][moc][WARNING][util_funcs.py:111] Provide "objs" in result is deprecated and will be removed in future versions! Please use "objectives" instead.
[2023-04-09 19:25:55,698][moc][INFO][generic_smbo.py:332] Iter 12, objectives: [-0.017361703723931553].
[2023-04-09 19:25:55,699][moc][INFO][generic_advisor.py:365] Sample random config. rand_prob=0.100000.
[2023-04-09 19:25:55,995][moc][WARNING][util_funcs.py:111] Provide "objs" in result is deprecated and will be removed in future versions! Please use "objectives" instead.
[2023-04-09 19:25:55,996][moc][INFO][generic_smbo.py:332] Iter 13, objectives: [-0.017361703723931553].
[2023-04-09 19:25:57,401][moc][WARNING][util_funcs.py:111] Provide "objs" in result is deprecated and will be removed in future versions! Please use "objectives" instead.
[2023-04-09 19:25:57,402][moc][INFO][generic_smbo.py:332] Iter 14, objectives: [-0.011575303128736187].
[2023-04-09 19:25:58,644][moc][WARNING][util_funcs.py:111] Provide "objs" in result is deprecated and will be removed in future versions! Please use "objectives" instead.
[2023-04-09 19:25:58,645][moc][INFO][generic_smbo.py:332] Iter 15, objectives: [-0.017361703723931553].
[2023-04-09 19:26:00,046][moc][WARNING][util_funcs.py:111] Provide "objs" in result is deprecated and will be removed in future versions! Please use "objectives" instead.
[2023-04-09 19:26:00,047][moc][INFO][generic_smbo.py:332] Iter 16, objectives: [-0.017361703723931553].
[2023-04-09 19:26:01,299][moc][WARNING][util_funcs.py:111] Provide "objs" in result is deprecated and will be removed in future versions! Please use "objectives" instead.
[2023-04-09 19:26:01,301][moc][INFO][generic_smbo.py:332] Iter 17, objectives: [-0.017361703723931553].
[2023-04-09 19:26:02,684][moc][WARNING][util_funcs.py:111] Provide "objs" in result is deprecated and will be removed in future versions! Please use "objectives" instead.
[2023-04-09 19:26:02,685][moc][INFO][generic_smbo.py:332] Iter 18, objectives: [-0.017361716893564853].
[2023-04-09 19:26:04,004][moc][WARNING][util_funcs.py:111] Provide "objs" in result is deprecated and will be removed in future versions! Please use "objectives" instead.
[2023-04-09 19:26:04,005][moc][INFO][generic_smbo.py:332] Iter 19, objectives: [-0.017361703723931553].
[2023-04-09 19:26:05,724][moc][WARNING][util_funcs.py:111] Provide "objs" in result is deprecated and will be removed in future versions! Please use "objectives" instead.
[2023-04-09 19:26:05,725][moc][INFO][generic_smbo.py:332] Iter 20, objectives: [-0.017361703723931553].
[2023-04-09 19:26:07,180][moc][WARNING][util_funcs.py:111] Provide "objs" in result is deprecated and will be removed in future versions! Please use "objectives" instead.
[2023-04-09 19:26:07,181][moc][INFO][generic_smbo.py:332] Iter 21, objectives: [-0.017361703723931553].
[2023-04-09 19:26:08,584][moc][WARNING][util_funcs.py:111] Provide "objs" in result is deprecated and will be removed in future versions! Please use "objectives" instead.
[2023-04-09 19:26:08,585][moc][INFO][generic_smbo.py:332] Iter 22, objectives: [-0.017361703723931553].
[2023-04-09 19:26:09,980][moc][WARNING][util_funcs.py:111] Provide "objs" in result is deprecated and will be removed in future versions! Please use "objectives" instead.
[2023-04-09 19:26:09,981][moc][INFO][generic_smbo.py:332] Iter 23, objectives: [-0.017361703723931553].
[2023-04-09 19:26:11,198][moc][WARNING][util_funcs.py:111] Provide "objs" in result is deprecated and will be removed in future versions! Please use "objectives" instead.
[2023-04-09 19:26:11,199][moc][INFO][generic_smbo.py:332] Iter 24, objectives: [-0.017361703723931553].
[2023-04-09 19:26:12,407][moc][WARNING][util_funcs.py:111] Provide "objs" in result is deprecated and will be removed in future versions! Please use "objectives" instead.
[2023-04-09 19:26:12,409][moc][INFO][generic_smbo.py:332] Iter 25, objectives: [-0.017361716893564853].
[2023-04-09 19:26:13,881][moc][WARNING][util_funcs.py:111] Provide "objs" in result is deprecated and will be removed in future versions! Please use "objectives" instead.
[2023-04-09 19:26:13,882][moc][INFO][generic_smbo.py:332] Iter 26, objectives: [-0.017361703723931553].
[2023-04-09 19:26:15,038][moc][WARNING][util_funcs.py:111] Provide "objs" in result is deprecated and will be removed in future versions! Please use "objectives" instead.
[2023-04-09 19:26:15,039][moc][INFO][generic_smbo.py:332] Iter 27, objectives: [-0.017361703723931553].
[2023-04-09 19:26:16,810][moc][WARNING][util_funcs.py:111] Provide "objs" in result is deprecated and will be removed in future versions! Please use "objectives" instead.
[2023-04-09 19:26:16,811][moc][INFO][generic_smbo.py:332] Iter 28, objectives: [-0.017361703723931553].
[2023-04-09 19:26:18,269][moc][WARNING][util_funcs.py:111] Provide "objs" in result is deprecated and will be removed in future versions! Please use "objectives" instead.
[2023-04-09 19:26:18,270][moc][INFO][generic_smbo.py:332] Iter 29, objectives: [-0.017361716893564853].
[2023-04-09 19:26:18,271][moc][INFO][generic_advisor.py:365] Sample random config. rand_prob=0.100000.
[2023-04-09 19:26:19,310][moc][WARNING][util_funcs.py:111] Provide "objs" in result is deprecated and will be removed in future versions! Please use "objectives" instead.
[2023-04-09 19:26:19,312][moc][INFO][generic_smbo.py:332] Iter 30, objectives: [-0.00868180702056967].
[2023-04-09 19:26:21,889][moc][WARNING][util_funcs.py:111] Provide "objs" in result is deprecated and will be removed in future versions! Please use "objectives" instead.
[2023-04-09 19:26:21,890][moc][INFO][generic_smbo.py:332] Iter 31, objectives: [-0.017361703723931553].
[2023-04-09 19:26:23,612][moc][WARNING][util_funcs.py:111] Provide "objs" in result is deprecated and will be removed in future versions! Please use "objectives" instead.
[2023-04-09 19:26:23,613][moc][INFO][generic_smbo.py:332] Iter 32, objectives: [-0.017361703723931553].
[2023-04-09 19:26:25,556][moc][WARNING][util_funcs.py:111] Provide "objs" in result is deprecated and will be removed in future versions! Please use "objectives" instead.
[2023-04-09 19:26:25,557][moc][INFO][generic_smbo.py:332] Iter 33, objectives: [-0.017361703723931553].
[2023-04-09 19:26:28,960][moc][WARNING][util_funcs.py:111] Provide "objs" in result is deprecated and will be removed in future versions! Please use "objectives" instead.
[2023-04-09 19:26:28,961][moc][INFO][generic_smbo.py:332] Iter 34, objectives: [-0.017361703723931553].
[2023-04-09 19:26:31,981][moc][WARNING][util_funcs.py:111] Provide "objs" in result is deprecated and will be removed in future versions! Please use "objectives" instead.
[2023-04-09 19:26:31,985][moc][INFO][generic_smbo.py:332] Iter 35, objectives: [-0.017361703723931553].
[2023-04-09 19:26:35,440][moc][WARNING][util_funcs.py:111] Provide "objs" in result is deprecated and will be removed in future versions! Please use "objectives" instead.
[2023-04-09 19:26:35,441][moc][INFO][generic_smbo.py:332] Iter 36, objectives: [-0.017361703723931553].
[2023-04-09 19:26:39,125][moc][WARNING][util_funcs.py:111] Provide "objs" in result is deprecated and will be removed in future versions! Please use "objectives" instead.
[2023-04-09 19:26:39,126][moc][INFO][generic_smbo.py:332] Iter 37, objectives: [-0.017361703723931553].
[2023-04-09 19:26:42,095][moc][WARNING][util_funcs.py:111] Provide "objs" in result is deprecated and will be removed in future versions! Please use "objectives" instead.
[2023-04-09 19:26:42,096][moc][INFO][generic_smbo.py:332] Iter 38, objectives: [-0.017361703723931553].
[2023-04-09 19:26:45,748][moc][WARNING][util_funcs.py:111] Provide "objs" in result is deprecated and will be removed in future versions! Please use "objectives" instead.
[2023-04-09 19:26:45,751][moc][INFO][generic_smbo.py:332] Iter 39, objectives: [-0.017361703723931553].
[2023-04-09 19:26:49,805][moc][WARNING][util_funcs.py:111] Provide "objs" in result is deprecated and will be removed in future versions! Please use "objectives" instead.
[2023-04-09 19:26:49,807][moc][INFO][generic_smbo.py:332] Iter 40, objectives: [-0.017361703723931553].
[2023-04-09 19:26:52,748][moc][WARNING][util_funcs.py:111] Provide "objs" in result is deprecated and will be removed in future versions! Please use "objectives" instead.
[2023-04-09 19:26:52,750][moc][INFO][generic_smbo.py:332] Iter 41, objectives: [-0.017361703723931553].
[2023-04-09 19:26:56,724][moc][WARNING][util_funcs.py:111] Provide "objs" in result is deprecated and will be removed in future versions! Please use "objectives" instead.
[2023-04-09 19:26:56,725][moc][INFO][generic_smbo.py:332] Iter 42, objectives: [-0.017361703723931553].
[2023-04-09 19:27:00,661][moc][WARNING][util_funcs.py:111] Provide "objs" in result is deprecated and will be removed in future versions! Please use "objectives" instead.
[2023-04-09 19:27:00,662][moc][INFO][generic_smbo.py:332] Iter 43, objectives: [-0.017361703723931553].
[2023-04-09 19:27:04,743][moc][WARNING][util_funcs.py:111] Provide "objs" in result is deprecated and will be removed in future versions! Please use "objectives" instead.
[2023-04-09 19:27:04,744][moc][INFO][generic_smbo.py:332] Iter 44, objectives: [-0.017361716893564853].
[2023-04-09 19:27:09,247][moc][WARNING][util_funcs.py:111] Provide "objs" in result is deprecated and will be removed in future versions! Please use "objectives" instead.
[2023-04-09 19:27:09,249][moc][INFO][generic_smbo.py:332] Iter 45, objectives: [-0.017361716893564853].
[2023-04-09 19:27:12,565][moc][WARNING][util_funcs.py:111] Provide "objs" in result is deprecated and will be removed in future versions! Please use "objectives" instead.
[2023-04-09 19:27:12,567][moc][INFO][generic_smbo.py:332] Iter 46, objectives: [-0.017361716893564853].
[2023-04-09 19:27:16,812][moc][WARNING][util_funcs.py:111] Provide "objs" in result is deprecated and will be removed in future versions! Please use "objectives" instead.
[2023-04-09 19:27:16,814][moc][INFO][generic_smbo.py:332] Iter 47, objectives: [-0.017361703723931553].
[2023-04-09 19:27:21,809][moc][WARNING][util_funcs.py:111] Provide "objs" in result is deprecated and will be removed in future versions! Please use "objectives" instead.
[2023-04-09 19:27:21,812][moc][INFO][generic_smbo.py:332] Iter 48, objectives: [-0.017361716893564853].
[2023-04-09 19:27:26,200][moc][WARNING][util_funcs.py:111] Provide "objs" in result is deprecated and will be removed in future versions! Please use "objectives" instead.
[2023-04-09 19:27:26,201][moc][INFO][generic_smbo.py:332] Iter 49, objectives: [-0.017361703723931553].
[2023-04-09 19:27:31,327][moc][WARNING][util_funcs.py:111] Provide "objs" in result is deprecated and will be removed in future versions! Please use "objectives" instead.
[2023-04-09 19:27:31,329][moc][INFO][generic_smbo.py:332] Iter 50, objectives: [-0.017361716893564853].
