[2023-04-10 19:28:40,623][moc][INFO][color_logger.py:203] Logfile: /home/chenyiqi/wafer_scale_chip_dse_framework/logs/moc_2023-04-10-19-28-40-622951.log
[2023-04-10 19:28:40,626][moc][WARNING][util_funcs.py:111] Provide "objs" in result is deprecated and will be removed in future versions! Please use "objectives" instead.
[2023-04-10 19:28:40,627][moc][INFO][generic_smbo.py:352] Iter 1, objectives: [-0.8514012796444081].
[2023-04-10 19:28:40,629][moc][WARNING][util_funcs.py:111] Provide "objs" in result is deprecated and will be removed in future versions! Please use "objectives" instead.
[2023-04-10 19:28:40,629][moc][INFO][generic_smbo.py:352] Iter 2, objectives: [-1.3558146243378812].
[2023-04-10 19:28:40,631][moc][WARNING][util_funcs.py:111] Provide "objs" in result is deprecated and will be removed in future versions! Please use "objectives" instead.
[2023-04-10 19:28:40,631][moc][INFO][generic_smbo.py:352] Iter 3, objectives: [-0.630692454879915].
[2023-04-10 19:28:40,633][moc][WARNING][util_funcs.py:111] Provide "objs" in result is deprecated and will be removed in future versions! Please use "objectives" instead.
[2023-04-10 19:28:40,633][moc][INFO][generic_smbo.py:352] Iter 4, objectives: [-1.047959852307163].
[2023-04-10 19:28:40,635][moc][WARNING][util_funcs.py:111] Provide "objs" in result is deprecated and will be removed in future versions! Please use "objectives" instead.
[2023-04-10 19:28:40,635][moc][INFO][generic_smbo.py:352] Iter 5, objectives: [-0.3541989296296497].
[2023-04-10 19:28:40,637][moc][WARNING][util_funcs.py:111] Provide "objs" in result is deprecated and will be removed in future versions! Please use "objectives" instead.
[2023-04-10 19:28:40,637][moc][INFO][generic_smbo.py:352] Iter 6, objectives: [-1.8298296165717052].
[2023-04-10 19:28:40,639][moc][WARNING][util_funcs.py:111] Provide "objs" in result is deprecated and will be removed in future versions! Please use "objectives" instead.
[2023-04-10 19:28:40,639][moc][INFO][generic_smbo.py:352] Iter 7, objectives: [-0.7062792673498941].
[2023-04-10 19:28:40,640][moc][WARNING][util_funcs.py:111] Provide "objs" in result is deprecated and will be removed in future versions! Please use "objectives" instead.
[2023-04-10 19:28:40,641][moc][INFO][generic_smbo.py:352] Iter 8, objectives: [-0.52593833948174].
[2023-04-10 19:28:40,643][moc][WARNING][util_funcs.py:111] Provide "objs" in result is deprecated and will be removed in future versions! Please use "objectives" instead.
[2023-04-10 19:28:40,643][moc][INFO][generic_smbo.py:352] Iter 9, objectives: [-7.810314248056251].
[2023-04-10 19:28:40,645][moc][WARNING][util_funcs.py:111] Provide "objs" in result is deprecated and will be removed in future versions! Please use "objectives" instead.
[2023-04-10 19:28:40,645][moc][INFO][generic_smbo.py:352] Iter 10, objectives: [-2.1621353377807377].
[2023-04-10 19:28:40,647][moc][WARNING][util_funcs.py:111] Provide "objs" in result is deprecated and will be removed in future versions! Please use "objectives" instead.
[2023-04-10 19:28:40,647][moc][INFO][generic_smbo.py:352] Iter 11, objectives: [-2.0292885531459164].
[2023-04-10 19:28:40,648][moc][WARNING][util_funcs.py:111] Provide "objs" in result is deprecated and will be removed in future versions! Please use "objectives" instead.
[2023-04-10 19:28:40,649][moc][INFO][generic_smbo.py:352] Iter 12, objectives: [-1.5577112980884282].
[2023-04-10 19:28:40,650][moc][WARNING][util_funcs.py:111] Provide "objs" in result is deprecated and will be removed in future versions! Please use "objectives" instead.
[2023-04-10 19:28:40,651][moc][INFO][generic_smbo.py:352] Iter 13, objectives: [-0.30274938938808127].
[2023-04-10 19:28:40,652][moc][WARNING][util_funcs.py:111] Provide "objs" in result is deprecated and will be removed in future versions! Please use "objectives" instead.
[2023-04-10 19:28:40,652][moc][INFO][generic_smbo.py:352] Iter 14, objectives: [-3.280459521387417].
[2023-04-10 19:28:40,654][moc][WARNING][util_funcs.py:111] Provide "objs" in result is deprecated and will be removed in future versions! Please use "objectives" instead.
[2023-04-10 19:28:40,654][moc][INFO][generic_smbo.py:352] Iter 15, objectives: [-0.7233014587983767].
[2023-04-10 19:28:40,656][moc][WARNING][util_funcs.py:111] Provide "objs" in result is deprecated and will be removed in future versions! Please use "objectives" instead.
[2023-04-10 19:28:40,656][moc][INFO][generic_smbo.py:352] Iter 16, objectives: [-0.7202989510326713].
[2023-04-10 19:28:40,659][moc][WARNING][util_funcs.py:111] Provide "objs" in result is deprecated and will be removed in future versions! Please use "objectives" instead.
[2023-04-10 19:28:40,659][moc][INFO][generic_smbo.py:352] Iter 17, objectives: [-0.5308674147032229].
[2023-04-10 19:28:40,661][moc][WARNING][util_funcs.py:111] Provide "objs" in result is deprecated and will be removed in future versions! Please use "objectives" instead.
[2023-04-10 19:28:40,661][moc][INFO][generic_smbo.py:352] Iter 18, objectives: [-0.4442055444353107].
[2023-04-10 19:28:40,663][moc][WARNING][util_funcs.py:111] Provide "objs" in result is deprecated and will be removed in future versions! Please use "objectives" instead.
[2023-04-10 19:28:40,663][moc][INFO][generic_smbo.py:352] Iter 19, objectives: [-0.3795691633754758].
[2023-04-10 19:28:40,664][moc][WARNING][util_funcs.py:111] Provide "objs" in result is deprecated and will be removed in future versions! Please use "objectives" instead.
[2023-04-10 19:28:40,665][moc][INFO][generic_smbo.py:352] Iter 20, objectives: [-0.5599932762360768].
[2023-04-10 19:28:40,665][moc][WARNING][util_funcs.py:111] Provide "objs" in result is deprecated and will be removed in future versions! Please use "objectives" instead.
[2023-04-10 19:28:40,665][moc][WARNING][util_funcs.py:123] Unused information in result: {'config': [{'data_parallel_size': 1, 'micro_batch_size': 236, 'model_parallel_size': 12, 'num_reticle_per_pipeline_stage': 3, 'tensor_parallel_size': 1}]}
[2023-04-10 19:28:40,665][moc][INFO][generic_smbo.py:437] Iter 3, objectives: [-7.810314248056251].
[2023-04-10 19:28:40,666][moc][WARNING][util_funcs.py:231] Keyword argument "num_objs" is deprecated and will be removed in a future version. Please use "num_objectives" instead.
