[2023-04-09 19:24:02,947][moc][INFO][color_logger.py:203] Logfile: /home/chenyiqi/wafer_scale_chip_dse_framework/logs/moc_2023-04-09-19-24-02-947184.log
[2023-04-09 19:24:02,949][moc][INFO][generic_advisor.py:157] [BO auto selection]  acq_type: ei.
[2023-04-09 19:24:03,206][moc][WARNING][util_funcs.py:111] Provide "objs" in result is deprecated and will be removed in future versions! Please use "objectives" instead.
[2023-04-09 19:24:03,207][moc][INFO][generic_smbo.py:332] Iter 1, objectives: [-0.008681799437476026].
[2023-04-09 19:24:04,133][moc][WARNING][util_funcs.py:111] Provide "objs" in result is deprecated and will be removed in future versions! Please use "objectives" instead.
[2023-04-09 19:24:04,134][moc][INFO][generic_smbo.py:332] Iter 2, objectives: [-0.008681808701423438].
[2023-04-09 19:24:04,464][moc][WARNING][util_funcs.py:111] Provide "objs" in result is deprecated and will be removed in future versions! Please use "objectives" instead.
[2023-04-09 19:24:04,465][moc][INFO][generic_smbo.py:332] Iter 3, objectives: [-0.011575335385612713].
[2023-04-09 19:24:04,979][moc][WARNING][util_funcs.py:111] Provide "objs" in result is deprecated and will be removed in future versions! Please use "objectives" instead.
[2023-04-09 19:24:04,980][moc][INFO][generic_smbo.py:332] Iter 4, objectives: [-0.01736179912392218].
[2023-04-09 19:24:06,010][moc][WARNING][util_funcs.py:111] Provide "objs" in result is deprecated and will be removed in future versions! Please use "objectives" instead.
[2023-04-09 19:24:06,011][moc][INFO][generic_smbo.py:332] Iter 5, objectives: [-0.0057880730392393265].
[2023-04-09 19:24:06,692][moc][WARNING][util_funcs.py:111] Provide "objs" in result is deprecated and will be removed in future versions! Please use "objectives" instead.
[2023-04-09 19:24:06,693][moc][INFO][generic_smbo.py:332] Iter 6, objectives: [-0.011575339686543168].
[2023-04-09 19:24:08,152][moc][WARNING][util_funcs.py:111] Provide "objs" in result is deprecated and will be removed in future versions! Please use "objectives" instead.
[2023-04-09 19:24:08,153][moc][INFO][generic_smbo.py:332] Iter 7, objectives: [-0.011575339886586523].
[2023-04-09 19:24:08,154][moc][INFO][generic_advisor.py:365] Sample random config. rand_prob=0.100000.
[2023-04-09 19:24:08,634][moc][WARNING][util_funcs.py:111] Provide "objs" in result is deprecated and will be removed in future versions! Please use "objectives" instead.
[2023-04-09 19:24:08,635][moc][INFO][generic_smbo.py:332] Iter 8, objectives: [-0.017361801179691095].
[2023-04-09 19:24:08,636][moc][INFO][generic_advisor.py:365] Sample random config. rand_prob=0.100000.
[2023-04-09 19:24:09,132][moc][WARNING][util_funcs.py:111] Provide "objs" in result is deprecated and will be removed in future versions! Please use "objectives" instead.
[2023-04-09 19:24:09,133][moc][INFO][generic_smbo.py:332] Iter 9, objectives: [-0.008681805842040405].
[2023-04-09 19:24:09,135][moc][INFO][generic_advisor.py:365] Sample random config. rand_prob=0.100000.
[2023-04-09 19:24:09,986][moc][WARNING][util_funcs.py:111] Provide "objs" in result is deprecated and will be removed in future versions! Please use "objectives" instead.
[2023-04-09 19:24:09,987][moc][INFO][generic_smbo.py:332] Iter 10, objectives: [-0.004961254159565406].
[2023-04-09 19:24:09,988][moc][INFO][generic_advisor.py:365] Sample random config. rand_prob=0.100000.
[2023-04-09 19:24:10,576][moc][WARNING][util_funcs.py:111] Provide "objs" in result is deprecated and will be removed in future versions! Please use "objectives" instead.
[2023-04-09 19:24:10,577][moc][INFO][generic_smbo.py:332] Iter 11, objectives: [-0.005788072001640405].
[2023-04-09 19:24:11,815][moc][WARNING][util_funcs.py:111] Provide "objs" in result is deprecated and will be removed in future versions! Please use "objectives" instead.
[2023-04-09 19:24:11,817][moc][INFO][generic_smbo.py:332] Iter 12, objectives: [-0.017361800199615158].
[2023-04-09 19:24:13,441][moc][WARNING][util_funcs.py:111] Provide "objs" in result is deprecated and will be removed in future versions! Please use "objectives" instead.
[2023-04-09 19:24:13,442][moc][INFO][generic_smbo.py:332] Iter 13, objectives: [-0.01736179912392218].
[2023-04-09 19:24:13,443][moc][INFO][generic_advisor.py:365] Sample random config. rand_prob=0.100000.
[2023-04-09 19:24:14,366][moc][WARNING][util_funcs.py:111] Provide "objs" in result is deprecated and will be removed in future versions! Please use "objectives" instead.
[2023-04-09 19:24:14,366][moc][INFO][generic_smbo.py:332] Iter 14, objectives: [-0.008681801994491211].
[2023-04-09 19:24:15,808][moc][WARNING][util_funcs.py:111] Provide "objs" in result is deprecated and will be removed in future versions! Please use "objectives" instead.
[2023-04-09 19:24:15,809][moc][INFO][generic_smbo.py:332] Iter 15, objectives: [-0.01736180207635641].
[2023-04-09 19:24:18,597][moc][WARNING][util_funcs.py:111] Provide "objs" in result is deprecated and will be removed in future versions! Please use "objectives" instead.
[2023-04-09 19:24:18,597][moc][INFO][generic_smbo.py:332] Iter 16, objectives: [-0.017361801179691095].
[2023-04-09 19:24:18,599][moc][INFO][generic_advisor.py:365] Sample random config. rand_prob=0.100000.
[2023-04-09 19:24:18,936][moc][WARNING][util_funcs.py:111] Provide "objs" in result is deprecated and will be removed in future versions! Please use "objectives" instead.
[2023-04-09 19:24:18,936][moc][INFO][generic_smbo.py:332] Iter 17, objectives: [-0.006945585553867201].
[2023-04-09 19:24:21,413][moc][WARNING][util_funcs.py:111] Provide "objs" in result is deprecated and will be removed in future versions! Please use "objectives" instead.
[2023-04-09 19:24:21,415][moc][INFO][generic_smbo.py:332] Iter 18, objectives: [-0.017361801637770104].
[2023-04-09 19:24:23,058][moc][WARNING][util_funcs.py:111] Provide "objs" in result is deprecated and will be removed in future versions! Please use "objectives" instead.
[2023-04-09 19:24:23,059][moc][INFO][generic_smbo.py:332] Iter 19, objectives: [-0.017361801637770104].
[2023-04-09 19:24:24,265][moc][WARNING][util_funcs.py:111] Provide "objs" in result is deprecated and will be removed in future versions! Please use "objectives" instead.
[2023-04-09 19:24:24,266][moc][INFO][generic_smbo.py:332] Iter 20, objectives: [-0.017361801179691095].
