[2023-04-10 17:14:44,998][moc][INFO][color_logger.py:203] Logfile: /home/chenyiqi/wafer_scale_chip_dse_framework/logs/moc_2023-04-10-17-14-44-997919.log
[2023-04-10 17:14:45,006][moc][WARNING][util_funcs.py:111] Provide "objs" in result is deprecated and will be removed in future versions! Please use "objectives" instead.
[2023-04-10 17:14:45,007][moc][INFO][generic_smbo.py:333] Iter 1, objectives: [-237.6160430442741].
[2023-04-10 17:14:45,013][moc][WARNING][util_funcs.py:111] Provide "objs" in result is deprecated and will be removed in future versions! Please use "objectives" instead.
[2023-04-10 17:14:45,013][moc][INFO][generic_smbo.py:333] Iter 2, objectives: [-0.4363995469727825].
[2023-04-10 17:14:45,020][moc][WARNING][util_funcs.py:111] Provide "objs" in result is deprecated and will be removed in future versions! Please use "objectives" instead.
[2023-04-10 17:14:45,020][moc][INFO][generic_smbo.py:333] Iter 3, objectives: [-0.5317707645849039].
[2023-04-10 17:14:45,026][moc][WARNING][util_funcs.py:111] Provide "objs" in result is deprecated and will be removed in future versions! Please use "objectives" instead.
[2023-04-10 17:14:45,026][moc][INFO][generic_smbo.py:333] Iter 4, objectives: [-3.411755892347155].
[2023-04-10 17:14:45,033][moc][WARNING][util_funcs.py:111] Provide "objs" in result is deprecated and will be removed in future versions! Please use "objectives" instead.
[2023-04-10 17:14:45,033][moc][INFO][generic_smbo.py:333] Iter 5, objectives: [-0.6963983711382493].
[2023-04-10 17:14:45,040][moc][WARNING][util_funcs.py:111] Provide "objs" in result is deprecated and will be removed in future versions! Please use "objectives" instead.
[2023-04-10 17:14:45,040][moc][INFO][generic_smbo.py:333] Iter 6, objectives: [-1.6566638326847416].
[2023-04-10 17:14:45,047][moc][WARNING][util_funcs.py:111] Provide "objs" in result is deprecated and will be removed in future versions! Please use "objectives" instead.
[2023-04-10 17:14:45,047][moc][INFO][generic_smbo.py:333] Iter 7, objectives: [-1.1708447803682953].
[2023-04-10 17:14:45,167][moc][WARNING][util_funcs.py:111] Provide "objs" in result is deprecated and will be removed in future versions! Please use "objectives" instead.
[2023-04-10 17:14:45,168][moc][INFO][generic_smbo.py:333] Iter 8, objectives: [-0.5919125536626432].
[2023-04-10 17:14:45,174][moc][WARNING][util_funcs.py:111] Provide "objs" in result is deprecated and will be removed in future versions! Please use "objectives" instead.
[2023-04-10 17:14:45,175][moc][INFO][generic_smbo.py:333] Iter 9, objectives: [-0.5725162102252849].
[2023-04-10 17:14:45,181][moc][WARNING][util_funcs.py:111] Provide "objs" in result is deprecated and will be removed in future versions! Please use "objectives" instead.
[2023-04-10 17:14:45,181][moc][INFO][generic_smbo.py:333] Iter 10, objectives: [-0.5480110154592347].
[2023-04-10 17:14:45,188][moc][WARNING][util_funcs.py:111] Provide "objs" in result is deprecated and will be removed in future versions! Please use "objectives" instead.
[2023-04-10 17:14:45,188][moc][INFO][generic_smbo.py:333] Iter 11, objectives: [-0.508506538199701].
[2023-04-10 17:14:45,194][moc][WARNING][util_funcs.py:111] Provide "objs" in result is deprecated and will be removed in future versions! Please use "objectives" instead.
[2023-04-10 17:14:45,195][moc][INFO][generic_smbo.py:333] Iter 12, objectives: [-0.3981229021274406].
[2023-04-10 17:14:45,201][moc][WARNING][util_funcs.py:111] Provide "objs" in result is deprecated and will be removed in future versions! Please use "objectives" instead.
[2023-04-10 17:14:45,201][moc][INFO][generic_smbo.py:333] Iter 13, objectives: [-0.4410021981412349].
[2023-04-10 17:14:45,208][moc][WARNING][util_funcs.py:111] Provide "objs" in result is deprecated and will be removed in future versions! Please use "objectives" instead.
[2023-04-10 17:14:45,208][moc][INFO][generic_smbo.py:333] Iter 14, objectives: [-13.78239977908407].
[2023-04-10 17:14:45,214][moc][WARNING][util_funcs.py:111] Provide "objs" in result is deprecated and will be removed in future versions! Please use "objectives" instead.
[2023-04-10 17:14:45,215][moc][INFO][generic_smbo.py:333] Iter 15, objectives: [-0.34468052048968967].
[2023-04-10 17:14:45,221][moc][WARNING][util_funcs.py:111] Provide "objs" in result is deprecated and will be removed in future versions! Please use "objectives" instead.
[2023-04-10 17:14:45,222][moc][INFO][generic_smbo.py:333] Iter 16, objectives: [-0.6117201881087202].
[2023-04-10 17:14:45,228][moc][WARNING][util_funcs.py:111] Provide "objs" in result is deprecated and will be removed in future versions! Please use "objectives" instead.
[2023-04-10 17:14:45,228][moc][INFO][generic_smbo.py:333] Iter 17, objectives: [-0.2951129717117038].
[2023-04-10 17:14:45,235][moc][WARNING][util_funcs.py:111] Provide "objs" in result is deprecated and will be removed in future versions! Please use "objectives" instead.
[2023-04-10 17:14:45,235][moc][INFO][generic_smbo.py:333] Iter 18, objectives: [-0.24797036252604537].
[2023-04-10 17:14:45,242][moc][WARNING][util_funcs.py:111] Provide "objs" in result is deprecated and will be removed in future versions! Please use "objectives" instead.
[2023-04-10 17:14:45,242][moc][INFO][generic_smbo.py:333] Iter 19, objectives: [-0.6492606519468547].
[2023-04-10 17:14:45,248][moc][WARNING][util_funcs.py:111] Provide "objs" in result is deprecated and will be removed in future versions! Please use "objectives" instead.
[2023-04-10 17:14:45,249][moc][INFO][generic_smbo.py:333] Iter 20, objectives: [-70.6942022157768].
[2023-04-10 17:14:45,249][moc][WARNING][util_funcs.py:111] Provide "objs" in result is deprecated and will be removed in future versions! Please use "objectives" instead.
[2023-04-10 17:14:45,249][moc][WARNING][util_funcs.py:123] Unused information in result: {'config': [{'data_parallel_size': 1, 'micro_batch_size': 285, 'model_parallel_size': 3, 'num_reticle_per_pipeline_stage': 314, 'tensor_parallel_size': 1}]}
[2023-04-10 17:14:45,249][moc][INFO][generic_smbo.py:418] Iter 19, objectives: [-237.6160430442741].
[2023-04-10 17:14:49,398][moc][WARNING][util_funcs.py:231] Keyword argument "num_objs" is deprecated and will be removed in a future version. Please use "num_objectives" instead.
