[2023-04-09 19:02:11,476][moc][INFO][color_logger.py:203] Logfile: /home/chenyiqi/wafer_scale_chip_dse_framework/logs/moc_2023-04-09-19-02-11-475751.log
[2023-04-09 19:02:11,479][moc][INFO][generic_advisor.py:157] [BO auto selection]  acq_type: ei.
[2023-04-09 19:02:11,852][moc][WARNING][util_funcs.py:111] Provide "objs" in result is deprecated and will be removed in future versions! Please use "objectives" instead.
[2023-04-09 19:02:11,854][moc][INFO][generic_smbo.py:332] Iter 1, objectives: [-0.005788071017252027].
[2023-04-09 19:02:13,097][moc][WARNING][util_funcs.py:111] Provide "objs" in result is deprecated and will be removed in future versions! Please use "objectives" instead.
[2023-04-09 19:02:13,098][moc][INFO][generic_smbo.py:332] Iter 2, objectives: [-0.0031572303363977586].
[2023-04-09 19:02:13,623][moc][WARNING][util_funcs.py:111] Provide "objs" in result is deprecated and will be removed in future versions! Please use "objectives" instead.
[2023-04-09 19:02:13,623][moc][INFO][generic_smbo.py:332] Iter 3, objectives: [-0.006945589137188145].
[2023-04-09 19:02:13,845][moc][WARNING][util_funcs.py:111] Provide "objs" in result is deprecated and will be removed in future versions! Please use "objectives" instead.
[2023-04-09 19:02:13,845][moc][INFO][generic_smbo.py:332] Iter 4, objectives: [-0.017361703723931553].
[2023-04-09 19:02:14,074][moc][WARNING][util_funcs.py:111] Provide "objs" in result is deprecated and will be removed in future versions! Please use "objectives" instead.
[2023-04-09 19:02:14,075][moc][INFO][generic_smbo.py:332] Iter 5, objectives: [-0.017361749311208867].
[2023-04-09 19:02:15,096][moc][WARNING][util_funcs.py:111] Provide "objs" in result is deprecated and will be removed in future versions! Please use "objectives" instead.
[2023-04-09 19:02:15,097][moc][INFO][generic_smbo.py:332] Iter 6, objectives: [-0.0038588044851302107].
[2023-04-09 19:02:15,097][moc][INFO][generic_advisor.py:365] Sample random config. rand_prob=0.100000.
[2023-04-09 19:02:15,807][moc][WARNING][util_funcs.py:111] Provide "objs" in result is deprecated and will be removed in future versions! Please use "objectives" instead.
[2023-04-09 19:02:15,808][moc][INFO][generic_smbo.py:332] Iter 7, objectives: [-0.011575339256449978].
[2023-04-09 19:02:17,028][moc][WARNING][util_funcs.py:111] Provide "objs" in result is deprecated and will be removed in future versions! Please use "objectives" instead.
[2023-04-09 19:02:17,029][moc][INFO][generic_smbo.py:332] Iter 8, objectives: [-0.01736172742928588].
[2023-04-09 19:02:18,134][moc][WARNING][util_funcs.py:111] Provide "objs" in result is deprecated and will be removed in future versions! Please use "objectives" instead.
[2023-04-09 19:02:18,134][moc][INFO][generic_smbo.py:332] Iter 9, objectives: [-0.017361716893564853].
[2023-04-09 19:02:19,439][moc][WARNING][util_funcs.py:111] Provide "objs" in result is deprecated and will be removed in future versions! Please use "objectives" instead.
[2023-04-09 19:02:19,439][moc][INFO][generic_smbo.py:332] Iter 10, objectives: [-0.01736172742928588].
[2023-04-09 19:02:20,469][moc][WARNING][util_funcs.py:111] Provide "objs" in result is deprecated and will be removed in future versions! Please use "objectives" instead.
[2023-04-09 19:02:20,470][moc][INFO][generic_smbo.py:332] Iter 11, objectives: [-0.017361736049430775].
[2023-04-09 19:02:22,204][moc][WARNING][util_funcs.py:111] Provide "objs" in result is deprecated and will be removed in future versions! Please use "objectives" instead.
[2023-04-09 19:02:22,205][moc][INFO][generic_smbo.py:332] Iter 12, objectives: [-0.017361716893564853].
[2023-04-09 19:02:23,279][moc][WARNING][util_funcs.py:111] Provide "objs" in result is deprecated and will be removed in future versions! Please use "objectives" instead.
[2023-04-09 19:02:23,280][moc][INFO][generic_smbo.py:332] Iter 13, objectives: [-0.017361743232891393].
[2023-04-09 19:02:24,632][moc][WARNING][util_funcs.py:111] Provide "objs" in result is deprecated and will be removed in future versions! Please use "objectives" instead.
[2023-04-09 19:02:24,633][moc][INFO][generic_smbo.py:332] Iter 14, objectives: [-0.017361703723931553].
[2023-04-09 19:02:25,811][moc][WARNING][util_funcs.py:111] Provide "objs" in result is deprecated and will be removed in future versions! Please use "objectives" instead.
[2023-04-09 19:02:25,813][moc][INFO][generic_smbo.py:332] Iter 15, objectives: [-0.01736172742928588].
[2023-04-09 19:02:28,324][moc][WARNING][util_funcs.py:111] Provide "objs" in result is deprecated and will be removed in future versions! Please use "objectives" instead.
[2023-04-09 19:02:28,324][moc][INFO][generic_smbo.py:332] Iter 16, objectives: [-0.017361736049430775].
[2023-04-09 19:02:29,667][moc][WARNING][util_funcs.py:111] Provide "objs" in result is deprecated and will be removed in future versions! Please use "objectives" instead.
[2023-04-09 19:02:29,668][moc][INFO][generic_smbo.py:332] Iter 17, objectives: [-0.017361716893564853].
[2023-04-09 19:02:31,192][moc][WARNING][util_funcs.py:111] Provide "objs" in result is deprecated and will be removed in future versions! Please use "objectives" instead.
[2023-04-09 19:02:31,194][moc][INFO][generic_smbo.py:332] Iter 18, objectives: [-0.017361716893564853].
[2023-04-09 19:02:32,293][moc][WARNING][util_funcs.py:111] Provide "objs" in result is deprecated and will be removed in future versions! Please use "objectives" instead.
[2023-04-09 19:02:32,294][moc][INFO][generic_smbo.py:332] Iter 19, objectives: [-0.017361703723931553].
[2023-04-09 19:02:33,453][moc][WARNING][util_funcs.py:111] Provide "objs" in result is deprecated and will be removed in future versions! Please use "objectives" instead.
[2023-04-09 19:02:33,454][moc][INFO][generic_smbo.py:332] Iter 20, objectives: [-0.017361736049430775].
