[2023-04-10 16:41:14,223][moc][INFO][color_logger.py:203] Logfile: /home/chenyiqi/wafer_scale_chip_dse_framework/logs/moc_2023-04-10-16-41-14-222819.log
[2023-04-10 16:41:14,228][moc][WARNING][util_funcs.py:111] Provide "objs" in result is deprecated and will be removed in future versions! Please use "objectives" instead.
[2023-04-10 16:41:14,228][moc][INFO][generic_smbo.py:333] Iter 1, objectives: [-21.076803062911896].
[2023-04-10 16:41:14,231][moc][WARNING][util_funcs.py:111] Provide "objs" in result is deprecated and will be removed in future versions! Please use "objectives" instead.
[2023-04-10 16:41:14,231][moc][INFO][generic_smbo.py:333] Iter 2, objectives: [-1.762110714649308].
[2023-04-10 16:41:14,234][moc][WARNING][util_funcs.py:111] Provide "objs" in result is deprecated and will be removed in future versions! Please use "objectives" instead.
[2023-04-10 16:41:14,234][moc][INFO][generic_smbo.py:333] Iter 3, objectives: [-3.733796098418204].
[2023-04-10 16:41:14,237][moc][WARNING][util_funcs.py:111] Provide "objs" in result is deprecated and will be removed in future versions! Please use "objectives" instead.
[2023-04-10 16:41:14,237][moc][INFO][generic_smbo.py:333] Iter 4, objectives: [-1.2702067593252069].
[2023-04-10 16:41:14,240][moc][WARNING][util_funcs.py:111] Provide "objs" in result is deprecated and will be removed in future versions! Please use "objectives" instead.
[2023-04-10 16:41:14,240][moc][INFO][generic_smbo.py:333] Iter 5, objectives: [-3.144205666393525].
[2023-04-10 16:41:14,243][moc][WARNING][util_funcs.py:111] Provide "objs" in result is deprecated and will be removed in future versions! Please use "objectives" instead.
[2023-04-10 16:41:14,243][moc][INFO][generic_smbo.py:333] Iter 6, objectives: [-17.306604415940065].
[2023-04-10 16:41:14,246][moc][WARNING][util_funcs.py:111] Provide "objs" in result is deprecated and will be removed in future versions! Please use "objectives" instead.
[2023-04-10 16:41:14,246][moc][INFO][generic_smbo.py:333] Iter 7, objectives: [-1.8432441180207568].
[2023-04-10 16:41:14,249][moc][WARNING][util_funcs.py:111] Provide "objs" in result is deprecated and will be removed in future versions! Please use "objectives" instead.
[2023-04-10 16:41:14,249][moc][INFO][generic_smbo.py:333] Iter 8, objectives: [-0.9169405936523678].
[2023-04-10 16:41:14,252][moc][WARNING][util_funcs.py:111] Provide "objs" in result is deprecated and will be removed in future versions! Please use "objectives" instead.
[2023-04-10 16:41:14,252][moc][INFO][generic_smbo.py:333] Iter 9, objectives: [-0.4171899560209851].
[2023-04-10 16:41:14,254][moc][WARNING][util_funcs.py:111] Provide "objs" in result is deprecated and will be removed in future versions! Please use "objectives" instead.
[2023-04-10 16:41:14,255][moc][INFO][generic_smbo.py:333] Iter 10, objectives: [-9.497418789687353].
[2023-04-10 16:41:14,255][moc][WARNING][util_funcs.py:111] Provide "objs" in result is deprecated and will be removed in future versions! Please use "objectives" instead.
[2023-04-10 16:41:14,255][moc][WARNING][util_funcs.py:123] Unused information in result: {'config': [Configuration(values={
  'data_parallel_size': 1,
  'micro_batch_size': 326,
  'model_parallel_size': 2,
  'num_reticle_per_pipeline_stage': 142,
  'tensor_parallel_size': 1,
})
]}
[2023-04-10 16:41:14,255][moc][INFO][generic_smbo.py:418] Iter 16, objectives: [-21.076803062911896].
[2023-04-10 16:41:18,996][moc][WARNING][util_funcs.py:231] Keyword argument "num_objs" is deprecated and will be removed in a future version. Please use "num_objectives" instead.
