[2023-04-10 19:29:09,159][moc][INFO][color_logger.py:203] Logfile: /home/chenyiqi/wafer_scale_chip_dse_framework/logs/moc_2023-04-10-19-29-09-159038.log
[2023-04-10 19:29:09,238][moc][WARNING][util_funcs.py:111] Provide "objs" in result is deprecated and will be removed in future versions! Please use "objectives" instead.
[2023-04-10 19:29:09,239][moc][INFO][generic_smbo.py:352] Iter 1, objectives: [-9.528189462221295].
[2023-04-10 19:29:09,356][moc][WARNING][util_funcs.py:111] Provide "objs" in result is deprecated and will be removed in future versions! Please use "objectives" instead.
[2023-04-10 19:29:09,357][moc][INFO][generic_smbo.py:352] Iter 2, objectives: [-0.075024152280528].
[2023-04-10 19:29:09,433][moc][WARNING][util_funcs.py:111] Provide "objs" in result is deprecated and will be removed in future versions! Please use "objectives" instead.
[2023-04-10 19:29:09,433][moc][INFO][generic_smbo.py:352] Iter 3, objectives: [-5.246390094829637].
[2023-04-10 19:29:09,497][moc][WARNING][util_funcs.py:111] Provide "objs" in result is deprecated and will be removed in future versions! Please use "objectives" instead.
[2023-04-10 19:29:09,497][moc][INFO][generic_smbo.py:352] Iter 4, objectives: [-7.847501322373492].
[2023-04-10 19:29:09,563][moc][WARNING][util_funcs.py:111] Provide "objs" in result is deprecated and will be removed in future versions! Please use "objectives" instead.
[2023-04-10 19:29:09,563][moc][INFO][generic_smbo.py:352] Iter 5, objectives: [-14.153103073259858].
[2023-04-10 19:29:09,643][moc][WARNING][util_funcs.py:111] Provide "objs" in result is deprecated and will be removed in future versions! Please use "objectives" instead.
[2023-04-10 19:29:09,643][moc][INFO][generic_smbo.py:352] Iter 6, objectives: [-3.4602839119788547].
[2023-04-10 19:29:09,725][moc][WARNING][util_funcs.py:111] Provide "objs" in result is deprecated and will be removed in future versions! Please use "objectives" instead.
[2023-04-10 19:29:09,726][moc][INFO][generic_smbo.py:352] Iter 7, objectives: [-9.66321569945026].
[2023-04-10 19:29:09,819][moc][WARNING][util_funcs.py:111] Provide "objs" in result is deprecated and will be removed in future versions! Please use "objectives" instead.
[2023-04-10 19:29:09,819][moc][INFO][generic_smbo.py:352] Iter 8, objectives: [-0.8365233791370846].
[2023-04-10 19:29:09,929][moc][WARNING][util_funcs.py:111] Provide "objs" in result is deprecated and will be removed in future versions! Please use "objectives" instead.
[2023-04-10 19:29:09,929][moc][INFO][generic_smbo.py:352] Iter 9, objectives: [-0.26361398800437413].
[2023-04-10 19:29:09,999][moc][WARNING][util_funcs.py:111] Provide "objs" in result is deprecated and will be removed in future versions! Please use "objectives" instead.
[2023-04-10 19:29:10,000][moc][INFO][generic_smbo.py:352] Iter 10, objectives: [-1.5945520402059037].
[2023-04-10 19:29:10,075][moc][WARNING][util_funcs.py:111] Provide "objs" in result is deprecated and will be removed in future versions! Please use "objectives" instead.
[2023-04-10 19:29:10,075][moc][INFO][generic_smbo.py:352] Iter 11, objectives: [-6.378125562886365].
[2023-04-10 19:29:10,188][moc][WARNING][util_funcs.py:111] Provide "objs" in result is deprecated and will be removed in future versions! Please use "objectives" instead.
[2023-04-10 19:29:10,189][moc][INFO][generic_smbo.py:352] Iter 12, objectives: [-0.3478497480498058].
[2023-04-10 19:29:10,263][moc][WARNING][util_funcs.py:111] Provide "objs" in result is deprecated and will be removed in future versions! Please use "objectives" instead.
[2023-04-10 19:29:10,263][moc][INFO][generic_smbo.py:352] Iter 13, objectives: [-0.93684412430394].
[2023-04-10 19:29:10,362][moc][WARNING][util_funcs.py:111] Provide "objs" in result is deprecated and will be removed in future versions! Please use "objectives" instead.
[2023-04-10 19:29:10,363][moc][INFO][generic_smbo.py:352] Iter 14, objectives: [-0.48402149149006485].
[2023-04-10 19:29:10,466][moc][WARNING][util_funcs.py:111] Provide "objs" in result is deprecated and will be removed in future versions! Please use "objectives" instead.
[2023-04-10 19:29:10,466][moc][INFO][generic_smbo.py:352] Iter 15, objectives: [-0.39463952037016803].
[2023-04-10 19:29:10,550][moc][WARNING][util_funcs.py:111] Provide "objs" in result is deprecated and will be removed in future versions! Please use "objectives" instead.
[2023-04-10 19:29:10,551][moc][INFO][generic_smbo.py:352] Iter 16, objectives: [-1.4045766199420386].
[2023-04-10 19:29:10,641][moc][WARNING][util_funcs.py:111] Provide "objs" in result is deprecated and will be removed in future versions! Please use "objectives" instead.
[2023-04-10 19:29:10,641][moc][INFO][generic_smbo.py:352] Iter 17, objectives: [-1.6784861491577394].
[2023-04-10 19:29:10,747][moc][WARNING][util_funcs.py:111] Provide "objs" in result is deprecated and will be removed in future versions! Please use "objectives" instead.
[2023-04-10 19:29:10,748][moc][INFO][generic_smbo.py:352] Iter 18, objectives: [-0.11902091368983965].
[2023-04-10 19:29:10,814][moc][WARNING][util_funcs.py:111] Provide "objs" in result is deprecated and will be removed in future versions! Please use "objectives" instead.
[2023-04-10 19:29:10,814][moc][INFO][generic_smbo.py:352] Iter 19, objectives: [-8.232371093087156].
[2023-04-10 19:29:10,879][moc][WARNING][util_funcs.py:111] Provide "objs" in result is deprecated and will be removed in future versions! Please use "objectives" instead.
[2023-04-10 19:29:10,879][moc][INFO][generic_smbo.py:352] Iter 20, objectives: [-3.778512416048614].
[2023-04-10 19:29:10,880][moc][WARNING][util_funcs.py:111] Provide "objs" in result is deprecated and will be removed in future versions! Please use "objectives" instead.
[2023-04-10 19:29:10,880][moc][WARNING][util_funcs.py:123] Unused information in result: {'config': [{'data_parallel_size': 4, 'micro_batch_size': 40, 'model_parallel_size': 8, 'num_reticle_per_pipeline_stage': 131, 'tensor_parallel_size': 1}]}
[2023-04-10 19:29:10,880][moc][INFO][generic_smbo.py:437] Iter 12, objectives: [-14.153103073259858].
[2023-04-10 19:29:15,141][moc][WARNING][util_funcs.py:231] Keyword argument "num_objs" is deprecated and will be removed in a future version. Please use "num_objectives" instead.
