[2023-04-09 19:03:54,825][moc][INFO][color_logger.py:203] Logfile: /home/chenyiqi/wafer_scale_chip_dse_framework/logs/moc_2023-04-09-19-03-54-825361.log
[2023-04-09 19:03:54,827][moc][INFO][generic_advisor.py:157] [BO auto selection]  acq_type: ei.
[2023-04-09 19:03:55,028][moc][WARNING][util_funcs.py:111] Provide "objs" in result is deprecated and will be removed in future versions! Please use "objectives" instead.
[2023-04-09 19:03:55,029][moc][INFO][generic_smbo.py:332] Iter 1, objectives: [-0.006945585553867201].
[2023-04-09 19:03:55,254][moc][WARNING][util_funcs.py:111] Provide "objs" in result is deprecated and will be removed in future versions! Please use "objectives" instead.
[2023-04-09 19:03:55,255][moc][INFO][generic_smbo.py:332] Iter 2, objectives: [-0.008681799133495302].
[2023-04-09 19:03:55,675][moc][WARNING][util_funcs.py:111] Provide "objs" in result is deprecated and will be removed in future versions! Please use "objectives" instead.
[2023-04-09 19:03:55,676][moc][INFO][generic_smbo.py:332] Iter 3, objectives: [-0.017361801179691095].
[2023-04-09 19:03:56,177][moc][WARNING][util_funcs.py:111] Provide "objs" in result is deprecated and will be removed in future versions! Please use "objectives" instead.
[2023-04-09 19:03:56,178][moc][INFO][generic_smbo.py:332] Iter 4, objectives: [-0.004961254098356646].
[2023-04-09 19:03:56,382][moc][WARNING][util_funcs.py:111] Provide "objs" in result is deprecated and will be removed in future versions! Please use "objectives" instead.
[2023-04-09 19:03:56,384][moc][INFO][generic_smbo.py:332] Iter 5, objectives: [-0.017361762987438745].
[2023-04-09 19:03:56,672][moc][WARNING][util_funcs.py:111] Provide "objs" in result is deprecated and will be removed in future versions! Please use "objectives" instead.
[2023-04-09 19:03:56,673][moc][INFO][generic_smbo.py:332] Iter 6, objectives: [-0.008681798120226368].
[2023-04-09 19:03:56,673][moc][INFO][generic_advisor.py:365] Sample random config. rand_prob=0.100000.
[2023-04-09 19:03:56,997][moc][WARNING][util_funcs.py:111] Provide "objs" in result is deprecated and will be removed in future versions! Please use "objectives" instead.
[2023-04-09 19:03:56,998][moc][INFO][generic_smbo.py:332] Iter 7, objectives: [-0.01157532853101141].
[2023-04-09 19:03:58,182][moc][WARNING][util_funcs.py:111] Provide "objs" in result is deprecated and will be removed in future versions! Please use "objectives" instead.
[2023-04-09 19:03:58,183][moc][INFO][generic_smbo.py:332] Iter 8, objectives: [-0.011575336634269613].
[2023-04-09 19:03:59,157][moc][WARNING][util_funcs.py:111] Provide "objs" in result is deprecated and will be removed in future versions! Please use "objectives" instead.
[2023-04-09 19:03:59,158][moc][INFO][generic_smbo.py:332] Iter 9, objectives: [-0.017361759036525676].
[2023-04-09 19:04:00,316][moc][WARNING][util_funcs.py:111] Provide "objs" in result is deprecated and will be removed in future versions! Please use "objectives" instead.
[2023-04-09 19:04:00,317][moc][INFO][generic_smbo.py:332] Iter 10, objectives: [-0.011575327036756839].
[2023-04-09 19:04:01,669][moc][WARNING][util_funcs.py:111] Provide "objs" in result is deprecated and will be removed in future versions! Please use "objectives" instead.
[2023-04-09 19:04:01,670][moc][INFO][generic_smbo.py:332] Iter 11, objectives: [-0.017361788386208537].
[2023-04-09 19:04:04,070][moc][WARNING][util_funcs.py:111] Provide "objs" in result is deprecated and will be removed in future versions! Please use "objectives" instead.
[2023-04-09 19:04:04,071][moc][INFO][generic_smbo.py:332] Iter 12, objectives: [-0.017361800199615158].
[2023-04-09 19:04:04,072][moc][INFO][generic_advisor.py:365] Sample random config. rand_prob=0.100000.
[2023-04-09 19:04:05,925][moc][WARNING][util_funcs.py:111] Provide "objs" in result is deprecated and will be removed in future versions! Please use "objectives" instead.
[2023-04-09 19:04:05,926][moc][INFO][generic_smbo.py:332] Iter 13, objectives: [-0.003858804726302733].
[2023-04-09 19:04:07,064][moc][WARNING][util_funcs.py:111] Provide "objs" in result is deprecated and will be removed in future versions! Please use "objectives" instead.
[2023-04-09 19:04:07,068][moc][INFO][generic_smbo.py:332] Iter 14, objectives: [-0.01736178102423863].
[2023-04-09 19:04:08,660][moc][WARNING][util_funcs.py:111] Provide "objs" in result is deprecated and will be removed in future versions! Please use "objectives" instead.
[2023-04-09 19:04:08,662][moc][INFO][generic_smbo.py:332] Iter 15, objectives: [-0.017361762987438745].
[2023-04-09 19:04:09,839][moc][WARNING][util_funcs.py:111] Provide "objs" in result is deprecated and will be removed in future versions! Please use "objectives" instead.
[2023-04-09 19:04:09,840][moc][INFO][generic_smbo.py:332] Iter 16, objectives: [-0.017361759036525676].
[2023-04-09 19:04:09,841][moc][INFO][generic_advisor.py:365] Sample random config. rand_prob=0.100000.
[2023-04-09 19:04:10,414][moc][WARNING][util_funcs.py:111] Provide "objs" in result is deprecated and will be removed in future versions! Please use "objectives" instead.
[2023-04-09 19:04:10,415][moc][INFO][generic_smbo.py:332] Iter 17, objectives: [-0.0057880712199201954].
[2023-04-09 19:04:11,722][moc][WARNING][util_funcs.py:111] Provide "objs" in result is deprecated and will be removed in future versions! Please use "objectives" instead.
[2023-04-09 19:04:11,723][moc][INFO][generic_smbo.py:332] Iter 18, objectives: [-0.017361762987438745].
[2023-04-09 19:04:13,046][moc][WARNING][util_funcs.py:111] Provide "objs" in result is deprecated and will be removed in future versions! Please use "objectives" instead.
[2023-04-09 19:04:13,048][moc][INFO][generic_smbo.py:332] Iter 19, objectives: [-0.01736177709785723].
[2023-04-09 19:04:13,050][moc][INFO][generic_advisor.py:365] Sample random config. rand_prob=0.100000.
[2023-04-09 19:04:14,370][moc][WARNING][util_funcs.py:111] Provide "objs" in result is deprecated and will be removed in future versions! Please use "objectives" instead.
[2023-04-09 19:04:14,372][moc][INFO][generic_smbo.py:332] Iter 20, objectives: [-0.008681807132995177].
