[2023-04-10 19:30:21,780][moc][INFO][color_logger.py:203] Logfile: /home/chenyiqi/wafer_scale_chip_dse_framework/logs/moc_2023-04-10-19-30-21-780724.log
[2023-04-10 19:30:21,936][moc][WARNING][util_funcs.py:111] Provide "objs" in result is deprecated and will be removed in future versions! Please use "objectives" instead.
[2023-04-10 19:30:21,936][moc][INFO][generic_smbo.py:352] Iter 1, objectives: [-0.19845686762117862].
[2023-04-10 19:30:22,063][moc][WARNING][util_funcs.py:111] Provide "objs" in result is deprecated and will be removed in future versions! Please use "objectives" instead.
[2023-04-10 19:30:22,064][moc][INFO][generic_smbo.py:352] Iter 2, objectives: [-0.09810945400872062].
[2023-04-10 19:30:22,158][moc][WARNING][util_funcs.py:111] Provide "objs" in result is deprecated and will be removed in future versions! Please use "objectives" instead.
[2023-04-10 19:30:22,158][moc][INFO][generic_smbo.py:352] Iter 3, objectives: [-0.5368315403926104].
[2023-04-10 19:30:22,338][moc][WARNING][util_funcs.py:111] Provide "objs" in result is deprecated and will be removed in future versions! Please use "objectives" instead.
[2023-04-10 19:30:22,339][moc][INFO][generic_smbo.py:352] Iter 4, objectives: [-0.8176599196427679].
[2023-04-10 19:30:22,462][moc][WARNING][util_funcs.py:111] Provide "objs" in result is deprecated and will be removed in future versions! Please use "objectives" instead.
[2023-04-10 19:30:22,462][moc][INFO][generic_smbo.py:352] Iter 5, objectives: [-0.28723745172715925].
[2023-04-10 19:30:22,590][moc][WARNING][util_funcs.py:111] Provide "objs" in result is deprecated and will be removed in future versions! Please use "objectives" instead.
[2023-04-10 19:30:22,590][moc][INFO][generic_smbo.py:352] Iter 6, objectives: [-0.14740704306336888].
[2023-04-10 19:30:22,680][moc][WARNING][util_funcs.py:111] Provide "objs" in result is deprecated and will be removed in future versions! Please use "objectives" instead.
[2023-04-10 19:30:22,680][moc][INFO][generic_smbo.py:352] Iter 7, objectives: [-1.9109448354790486].
[2023-04-10 19:30:22,809][moc][WARNING][util_funcs.py:111] Provide "objs" in result is deprecated and will be removed in future versions! Please use "objectives" instead.
[2023-04-10 19:30:22,809][moc][INFO][generic_smbo.py:352] Iter 8, objectives: [-0.3354425860916656].
[2023-04-10 19:30:22,948][moc][WARNING][util_funcs.py:111] Provide "objs" in result is deprecated and will be removed in future versions! Please use "objectives" instead.
[2023-04-10 19:30:22,949][moc][INFO][generic_smbo.py:352] Iter 9, objectives: [-0.21764934898338578].
[2023-04-10 19:30:23,045][moc][WARNING][util_funcs.py:111] Provide "objs" in result is deprecated and will be removed in future versions! Please use "objectives" instead.
[2023-04-10 19:30:23,045][moc][INFO][generic_smbo.py:352] Iter 10, objectives: [-0.27775482094503406].
[2023-04-10 19:30:23,175][moc][WARNING][util_funcs.py:111] Provide "objs" in result is deprecated and will be removed in future versions! Please use "objectives" instead.
[2023-04-10 19:30:23,175][moc][INFO][generic_smbo.py:352] Iter 11, objectives: [-0.39451917478253784].
[2023-04-10 19:30:23,313][moc][WARNING][util_funcs.py:111] Provide "objs" in result is deprecated and will be removed in future versions! Please use "objectives" instead.
[2023-04-10 19:30:23,313][moc][INFO][generic_smbo.py:352] Iter 12, objectives: [-0.48801852174297317].
[2023-04-10 19:30:23,435][moc][WARNING][util_funcs.py:111] Provide "objs" in result is deprecated and will be removed in future versions! Please use "objectives" instead.
[2023-04-10 19:30:23,435][moc][INFO][generic_smbo.py:352] Iter 13, objectives: [-0.35044368750103166].
[2023-04-10 19:30:23,573][moc][WARNING][util_funcs.py:111] Provide "objs" in result is deprecated and will be removed in future versions! Please use "objectives" instead.
[2023-04-10 19:30:23,574][moc][INFO][generic_smbo.py:352] Iter 14, objectives: [-0.2857592084614928].
[2023-04-10 19:30:23,804][moc][WARNING][util_funcs.py:111] Provide "objs" in result is deprecated and will be removed in future versions! Please use "objectives" instead.
[2023-04-10 19:30:23,804][moc][INFO][generic_smbo.py:352] Iter 15, objectives: [-0.6019763107407529].
[2023-04-10 19:30:23,886][moc][WARNING][util_funcs.py:111] Provide "objs" in result is deprecated and will be removed in future versions! Please use "objectives" instead.
[2023-04-10 19:30:23,886][moc][INFO][generic_smbo.py:352] Iter 16, objectives: [-9.327927872797758].
[2023-04-10 19:30:24,011][moc][WARNING][util_funcs.py:111] Provide "objs" in result is deprecated and will be removed in future versions! Please use "objectives" instead.
[2023-04-10 19:30:24,012][moc][INFO][generic_smbo.py:352] Iter 17, objectives: [-0.6516957457568655].
[2023-04-10 19:30:24,143][moc][WARNING][util_funcs.py:111] Provide "objs" in result is deprecated and will be removed in future versions! Please use "objectives" instead.
[2023-04-10 19:30:24,144][moc][INFO][generic_smbo.py:352] Iter 18, objectives: [-0.07331669192233146].
[2023-04-10 19:30:24,273][moc][WARNING][util_funcs.py:111] Provide "objs" in result is deprecated and will be removed in future versions! Please use "objectives" instead.
[2023-04-10 19:30:24,273][moc][INFO][generic_smbo.py:352] Iter 19, objectives: [-0.30715444550589527].
[2023-04-10 19:30:24,364][moc][WARNING][util_funcs.py:111] Provide "objs" in result is deprecated and will be removed in future versions! Please use "objectives" instead.
[2023-04-10 19:30:24,365][moc][INFO][generic_smbo.py:352] Iter 20, objectives: [-0.6172968851740487].
[2023-04-10 19:30:24,365][moc][WARNING][util_funcs.py:111] Provide "objs" in result is deprecated and will be removed in future versions! Please use "objectives" instead.
[2023-04-10 19:30:24,365][moc][WARNING][util_funcs.py:123] Unused information in result: {'config': [{'data_parallel_size': 3, 'micro_batch_size': 62, 'model_parallel_size': 6, 'num_reticle_per_pipeline_stage': 78, 'tensor_parallel_size': 2}]}
[2023-04-10 19:30:24,366][moc][INFO][generic_smbo.py:437] Iter 4, objectives: [-9.327927872797758].
[2023-04-10 19:30:24,367][moc][WARNING][util_funcs.py:231] Keyword argument "num_objs" is deprecated and will be removed in a future version. Please use "num_objectives" instead.
