[2023-04-09 19:24:02,974][moc][INFO][color_logger.py:203] Logfile: /home/chenyiqi/wafer_scale_chip_dse_framework/logs/moc_2023-04-09-19-24-02-974393.log
[2023-04-09 19:24:02,976][moc][INFO][generic_advisor.py:157] [BO auto selection]  acq_type: ei.
[2023-04-09 19:24:03,292][moc][WARNING][util_funcs.py:111] Provide "objs" in result is deprecated and will be removed in future versions! Please use "objectives" instead.
[2023-04-09 19:24:03,293][moc][INFO][generic_smbo.py:332] Iter 1, objectives: [-0.00578807160311635].
[2023-04-09 19:24:03,612][moc][WARNING][util_funcs.py:111] Provide "objs" in result is deprecated and will be removed in future versions! Please use "objectives" instead.
[2023-04-09 19:24:03,613][moc][INFO][generic_smbo.py:332] Iter 2, objectives: [-0.005788070785631281].
[2023-04-09 19:24:03,819][moc][WARNING][util_funcs.py:111] Provide "objs" in result is deprecated and will be removed in future versions! Please use "objectives" instead.
[2023-04-09 19:24:03,820][moc][INFO][generic_smbo.py:332] Iter 3, objectives: [-0.01157531818192286].
[2023-04-09 19:24:04,032][moc][WARNING][util_funcs.py:111] Provide "objs" in result is deprecated and will be removed in future versions! Please use "objectives" instead.
[2023-04-09 19:24:04,033][moc][INFO][generic_smbo.py:332] Iter 4, objectives: [-0.011575323971620467].
[2023-04-09 19:24:04,336][moc][WARNING][util_funcs.py:111] Provide "objs" in result is deprecated and will be removed in future versions! Please use "objectives" instead.
[2023-04-09 19:24:04,337][moc][INFO][generic_smbo.py:332] Iter 5, objectives: [-0.008681802973253402].
[2023-04-09 19:24:04,894][moc][WARNING][util_funcs.py:111] Provide "objs" in result is deprecated and will be removed in future versions! Please use "objectives" instead.
[2023-04-09 19:24:04,895][moc][INFO][generic_smbo.py:332] Iter 6, objectives: [-0.0069455903689555724].
[2023-04-09 19:24:06,036][moc][WARNING][util_funcs.py:111] Provide "objs" in result is deprecated and will be removed in future versions! Please use "objectives" instead.
[2023-04-09 19:24:06,037][moc][INFO][generic_smbo.py:332] Iter 7, objectives: [-0.011575321945225646].
[2023-04-09 19:24:06,037][moc][INFO][generic_advisor.py:365] Sample random config. rand_prob=0.100000.
[2023-04-09 19:24:06,412][moc][WARNING][util_funcs.py:111] Provide "objs" in result is deprecated and will be removed in future versions! Please use "objectives" instead.
[2023-04-09 19:24:06,413][moc][INFO][generic_smbo.py:332] Iter 8, objectives: [-0.006945587166361168].
[2023-04-09 19:24:06,414][moc][INFO][generic_advisor.py:365] Sample random config. rand_prob=0.100000.
[2023-04-09 19:24:08,700][moc][WARNING][util_funcs.py:111] Provide "objs" in result is deprecated and will be removed in future versions! Please use "objectives" instead.
[2023-04-09 19:24:08,701][moc][INFO][generic_smbo.py:332] Iter 9, objectives: [-0.002170621553479904].
[2023-04-09 19:24:08,701][moc][INFO][generic_advisor.py:365] Sample random config. rand_prob=0.100000.
[2023-04-09 19:24:08,941][moc][WARNING][util_funcs.py:111] Provide "objs" in result is deprecated and will be removed in future versions! Please use "objectives" instead.
[2023-04-09 19:24:08,942][moc][INFO][generic_smbo.py:332] Iter 10, objectives: [-0.008681796922727025].
[2023-04-09 19:24:08,943][moc][INFO][generic_advisor.py:365] Sample random config. rand_prob=0.100000.
[2023-04-09 19:24:09,373][moc][WARNING][util_funcs.py:111] Provide "objs" in result is deprecated and will be removed in future versions! Please use "objectives" instead.
[2023-04-09 19:24:09,374][moc][INFO][generic_smbo.py:332] Iter 11, objectives: [-0.011575329273769672].
[2023-04-09 19:24:10,371][moc][WARNING][util_funcs.py:111] Provide "objs" in result is deprecated and will be removed in future versions! Please use "objectives" instead.
[2023-04-09 19:24:10,372][moc][INFO][generic_smbo.py:332] Iter 12, objectives: [-0.011575321945225646].
[2023-04-09 19:24:11,768][moc][WARNING][util_funcs.py:111] Provide "objs" in result is deprecated and will be removed in future versions! Please use "objectives" instead.
[2023-04-09 19:24:11,768][moc][INFO][generic_smbo.py:332] Iter 13, objectives: [-0.011575331650596755].
[2023-04-09 19:24:11,769][moc][INFO][generic_advisor.py:365] Sample random config. rand_prob=0.100000.
[2023-04-09 19:24:12,505][moc][WARNING][util_funcs.py:111] Provide "objs" in result is deprecated and will be removed in future versions! Please use "objectives" instead.
[2023-04-09 19:24:12,506][moc][INFO][generic_smbo.py:332] Iter 14, objectives: [-0.01157531667660243].
[2023-04-09 19:24:13,628][moc][WARNING][util_funcs.py:111] Provide "objs" in result is deprecated and will be removed in future versions! Please use "objectives" instead.
[2023-04-09 19:24:13,629][moc][INFO][generic_smbo.py:332] Iter 15, objectives: [-0.011575331650596755].
[2023-04-09 19:24:15,366][moc][WARNING][util_funcs.py:111] Provide "objs" in result is deprecated and will be removed in future versions! Please use "objectives" instead.
[2023-04-09 19:24:15,367][moc][INFO][generic_smbo.py:332] Iter 16, objectives: [-0.017361743232891393].
[2023-04-09 19:24:15,367][moc][INFO][generic_advisor.py:365] Sample random config. rand_prob=0.100000.
[2023-04-09 19:24:17,639][moc][WARNING][util_funcs.py:111] Provide "objs" in result is deprecated and will be removed in future versions! Please use "objectives" instead.
[2023-04-09 19:24:17,641][moc][INFO][generic_smbo.py:332] Iter 17, objectives: [-0.0031572303891872246].
[2023-04-09 19:24:18,948][moc][WARNING][util_funcs.py:111] Provide "objs" in result is deprecated and will be removed in future versions! Please use "objectives" instead.
[2023-04-09 19:24:18,949][moc][INFO][generic_smbo.py:332] Iter 18, objectives: [-0.01157531818192286].
[2023-04-09 19:24:20,349][moc][WARNING][util_funcs.py:111] Provide "objs" in result is deprecated and will be removed in future versions! Please use "objectives" instead.
[2023-04-09 19:24:20,350][moc][INFO][generic_smbo.py:332] Iter 19, objectives: [-0.01157531818192286].
[2023-04-09 19:24:21,621][moc][WARNING][util_funcs.py:111] Provide "objs" in result is deprecated and will be removed in future versions! Please use "objectives" instead.
[2023-04-09 19:24:21,622][moc][INFO][generic_smbo.py:332] Iter 20, objectives: [-0.01157531818192286].
