[2023-04-10 16:57:35,655][moc][INFO][color_logger.py:203] Logfile: /home/chenyiqi/wafer_scale_chip_dse_framework/logs/moc_2023-04-10-16-57-35-655162.log
[2023-04-10 16:57:36,602][moc][WARNING][util_funcs.py:111] Provide "objs" in result is deprecated and will be removed in future versions! Please use "objectives" instead.
[2023-04-10 16:57:36,602][moc][INFO][generic_smbo.py:333] Iter 1, objectives: [-0.3630136911737931].
[2023-04-10 16:57:37,452][moc][WARNING][util_funcs.py:111] Provide "objs" in result is deprecated and will be removed in future versions! Please use "objectives" instead.
[2023-04-10 16:57:37,452][moc][INFO][generic_smbo.py:333] Iter 2, objectives: [-4.419727683882012].
[2023-04-10 16:57:38,395][moc][WARNING][util_funcs.py:111] Provide "objs" in result is deprecated and will be removed in future versions! Please use "objectives" instead.
[2023-04-10 16:57:38,396][moc][INFO][generic_smbo.py:333] Iter 3, objectives: [-1.0079241553480247].
[2023-04-10 16:57:39,556][moc][WARNING][util_funcs.py:111] Provide "objs" in result is deprecated and will be removed in future versions! Please use "objectives" instead.
[2023-04-10 16:57:39,556][moc][INFO][generic_smbo.py:333] Iter 4, objectives: [-0.2887503686395107].
[2023-04-10 16:57:40,449][moc][WARNING][util_funcs.py:111] Provide "objs" in result is deprecated and will be removed in future versions! Please use "objectives" instead.
[2023-04-10 16:57:40,449][moc][INFO][generic_smbo.py:333] Iter 5, objectives: [-0.34910283598440367].
[2023-04-10 16:57:41,498][moc][WARNING][util_funcs.py:111] Provide "objs" in result is deprecated and will be removed in future versions! Please use "objectives" instead.
[2023-04-10 16:57:41,498][moc][INFO][generic_smbo.py:333] Iter 6, objectives: [-0.05078814182547157].
[2023-04-10 16:57:42,114][moc][WARNING][util_funcs.py:111] Provide "objs" in result is deprecated and will be removed in future versions! Please use "objectives" instead.
[2023-04-10 16:57:42,114][moc][INFO][generic_smbo.py:333] Iter 7, objectives: [-3.3345047390421985].
[2023-04-10 16:57:43,006][moc][WARNING][util_funcs.py:111] Provide "objs" in result is deprecated and will be removed in future versions! Please use "objectives" instead.
[2023-04-10 16:57:43,007][moc][INFO][generic_smbo.py:333] Iter 8, objectives: [-3.1849278508232794].
[2023-04-10 16:57:43,729][moc][WARNING][util_funcs.py:111] Provide "objs" in result is deprecated and will be removed in future versions! Please use "objectives" instead.
[2023-04-10 16:57:43,730][moc][INFO][generic_smbo.py:333] Iter 9, objectives: [-2.25831811917534].
[2023-04-10 16:57:44,780][moc][WARNING][util_funcs.py:111] Provide "objs" in result is deprecated and will be removed in future versions! Please use "objectives" instead.
[2023-04-10 16:57:44,780][moc][INFO][generic_smbo.py:333] Iter 10, objectives: [-0.15344076125134443].
[2023-04-10 16:57:44,781][moc][WARNING][util_funcs.py:111] Provide "objs" in result is deprecated and will be removed in future versions! Please use "objectives" instead.
[2023-04-10 16:57:44,781][moc][WARNING][util_funcs.py:123] Unused information in result: {'config': [{'data_parallel_size': 3, 'micro_batch_size': 88, 'model_parallel_size': 2, 'num_reticle_per_pipeline_stage': 329, 'tensor_parallel_size': 3}]}
[2023-04-10 16:57:44,781][moc][INFO][generic_smbo.py:418] Iter 2, objectives: [-4.419727683882012].
[2023-04-10 16:57:44,782][moc][WARNING][util_funcs.py:231] Keyword argument "num_objs" is deprecated and will be removed in a future version. Please use "num_objectives" instead.
