[2023-04-09 19:25:42,023][moc][INFO][color_logger.py:203] Logfile: /home/chenyiqi/wafer_scale_chip_dse_framework/logs/moc_2023-04-09-19-25-42-019530.log
[2023-04-09 19:25:42,032][moc][INFO][generic_advisor.py:157] [BO auto selection]  acq_type: ei.
[2023-04-09 19:25:42,687][moc][WARNING][util_funcs.py:111] Provide "objs" in result is deprecated and will be removed in future versions! Please use "objectives" instead.
[2023-04-09 19:25:42,688][moc][INFO][generic_smbo.py:332] Iter 1, objectives: [-0.00868180734098237].
[2023-04-09 19:25:42,887][moc][WARNING][util_funcs.py:111] Provide "objs" in result is deprecated and will be removed in future versions! Please use "objectives" instead.
[2023-04-09 19:25:42,888][moc][INFO][generic_smbo.py:332] Iter 2, objectives: [-0.008681795485728252].
[2023-04-09 19:25:43,163][moc][WARNING][util_funcs.py:111] Provide "objs" in result is deprecated and will be removed in future versions! Please use "objectives" instead.
[2023-04-09 19:25:43,163][moc][INFO][generic_smbo.py:332] Iter 3, objectives: [-0.011575327213853657].
[2023-04-09 19:25:43,783][moc][WARNING][util_funcs.py:111] Provide "objs" in result is deprecated and will be removed in future versions! Please use "objectives" instead.
[2023-04-09 19:25:43,784][moc][INFO][generic_smbo.py:332] Iter 4, objectives: [-0.008681806193698297].
[2023-04-09 19:25:43,989][moc][WARNING][util_funcs.py:111] Provide "objs" in result is deprecated and will be removed in future versions! Please use "objectives" instead.
[2023-04-09 19:25:43,990][moc][INFO][generic_smbo.py:332] Iter 5, objectives: [-0.011575312160643492].
[2023-04-09 19:25:44,438][moc][WARNING][util_funcs.py:111] Provide "objs" in result is deprecated and will be removed in future versions! Please use "objectives" instead.
[2023-04-09 19:25:44,439][moc][INFO][generic_smbo.py:332] Iter 6, objectives: [-0.017361787131946558].
[2023-04-09 19:25:45,728][moc][WARNING][util_funcs.py:111] Provide "objs" in result is deprecated and will be removed in future versions! Please use "objectives" instead.
[2023-04-09 19:25:45,729][moc][INFO][generic_smbo.py:332] Iter 7, objectives: [-0.017361785781203086].
[2023-04-09 19:25:46,916][moc][WARNING][util_funcs.py:111] Provide "objs" in result is deprecated and will be removed in future versions! Please use "objectives" instead.
[2023-04-09 19:25:46,917][moc][INFO][generic_smbo.py:332] Iter 8, objectives: [-0.011575334544126695].
[2023-04-09 19:25:48,202][moc][WARNING][util_funcs.py:111] Provide "objs" in result is deprecated and will be removed in future versions! Please use "objectives" instead.
[2023-04-09 19:25:48,203][moc][INFO][generic_smbo.py:332] Iter 9, objectives: [-0.017361774840188735].
[2023-04-09 19:25:49,207][moc][WARNING][util_funcs.py:111] Provide "objs" in result is deprecated and will be removed in future versions! Please use "objectives" instead.
[2023-04-09 19:25:49,208][moc][INFO][generic_smbo.py:332] Iter 10, objectives: [-0.017361759036525676].
[2023-04-09 19:25:52,059][moc][WARNING][util_funcs.py:111] Provide "objs" in result is deprecated and will be removed in future versions! Please use "objectives" instead.
[2023-04-09 19:25:52,060][moc][INFO][generic_smbo.py:332] Iter 11, objectives: [-0.01736172742928588].
[2023-04-09 19:25:53,178][moc][WARNING][util_funcs.py:111] Provide "objs" in result is deprecated and will be removed in future versions! Please use "objectives" instead.
[2023-04-09 19:25:53,179][moc][INFO][generic_smbo.py:332] Iter 12, objectives: [-0.01736175452119866].
[2023-04-09 19:25:53,180][moc][INFO][generic_advisor.py:365] Sample random config. rand_prob=0.100000.
[2023-04-09 19:25:54,308][moc][WARNING][util_funcs.py:111] Provide "objs" in result is deprecated and will be removed in future versions! Please use "objectives" instead.
[2023-04-09 19:25:54,309][moc][INFO][generic_smbo.py:332] Iter 13, objectives: [-0.003858804555626791].
[2023-04-09 19:25:55,738][moc][WARNING][util_funcs.py:111] Provide "objs" in result is deprecated and will be removed in future versions! Please use "objectives" instead.
[2023-04-09 19:25:55,739][moc][INFO][generic_smbo.py:332] Iter 14, objectives: [-0.017361749311208867].
[2023-04-09 19:25:56,781][moc][WARNING][util_funcs.py:111] Provide "objs" in result is deprecated and will be removed in future versions! Please use "objectives" instead.
[2023-04-09 19:25:56,782][moc][INFO][generic_smbo.py:332] Iter 15, objectives: [-0.017361716893564853].
[2023-04-09 19:25:58,290][moc][WARNING][util_funcs.py:111] Provide "objs" in result is deprecated and will be removed in future versions! Please use "objectives" instead.
[2023-04-09 19:25:58,291][moc][INFO][generic_smbo.py:332] Iter 16, objectives: [-0.017361716893564853].
[2023-04-09 19:25:59,693][moc][WARNING][util_funcs.py:111] Provide "objs" in result is deprecated and will be removed in future versions! Please use "objectives" instead.
[2023-04-09 19:25:59,695][moc][INFO][generic_smbo.py:332] Iter 17, objectives: [-0.017361762987438745].
[2023-04-09 19:26:00,991][moc][WARNING][util_funcs.py:111] Provide "objs" in result is deprecated and will be removed in future versions! Please use "objectives" instead.
[2023-04-09 19:26:00,992][moc][INFO][generic_smbo.py:332] Iter 18, objectives: [-0.017361736049430775].
[2023-04-09 19:26:02,264][moc][WARNING][util_funcs.py:111] Provide "objs" in result is deprecated and will be removed in future versions! Please use "objectives" instead.
[2023-04-09 19:26:02,265][moc][INFO][generic_smbo.py:332] Iter 19, objectives: [-0.017361749311208867].
[2023-04-09 19:26:04,034][moc][WARNING][util_funcs.py:111] Provide "objs" in result is deprecated and will be removed in future versions! Please use "objectives" instead.
[2023-04-09 19:26:04,035][moc][INFO][generic_smbo.py:332] Iter 20, objectives: [-0.017361774840188735].
[2023-04-09 19:26:05,260][moc][WARNING][util_funcs.py:111] Provide "objs" in result is deprecated and will be removed in future versions! Please use "objectives" instead.
[2023-04-09 19:26:05,261][moc][INFO][generic_smbo.py:332] Iter 21, objectives: [-0.017361759036525676].
[2023-04-09 19:26:06,893][moc][WARNING][util_funcs.py:111] Provide "objs" in result is deprecated and will be removed in future versions! Please use "objectives" instead.
[2023-04-09 19:26:06,894][moc][INFO][generic_smbo.py:332] Iter 22, objectives: [-0.017361766473540003].
[2023-04-09 19:26:08,566][moc][WARNING][util_funcs.py:111] Provide "objs" in result is deprecated and will be removed in future versions! Please use "objectives" instead.
[2023-04-09 19:26:08,567][moc][INFO][generic_smbo.py:332] Iter 23, objectives: [-0.01736178432240038].
[2023-04-09 19:26:10,339][moc][WARNING][util_funcs.py:111] Provide "objs" in result is deprecated and will be removed in future versions! Please use "objectives" instead.
[2023-04-09 19:26:10,340][moc][INFO][generic_smbo.py:332] Iter 24, objectives: [-0.017361774840188735].
[2023-04-09 19:26:12,236][moc][WARNING][util_funcs.py:111] Provide "objs" in result is deprecated and will be removed in future versions! Please use "objectives" instead.
[2023-04-09 19:26:12,237][moc][INFO][generic_smbo.py:332] Iter 25, objectives: [-0.01736177915028365].
[2023-04-09 19:26:13,911][moc][WARNING][util_funcs.py:111] Provide "objs" in result is deprecated and will be removed in future versions! Please use "objectives" instead.
[2023-04-09 19:26:13,912][moc][INFO][generic_smbo.py:332] Iter 26, objectives: [-0.017361766473540003].
[2023-04-09 19:26:15,324][moc][WARNING][util_funcs.py:111] Provide "objs" in result is deprecated and will be removed in future versions! Please use "objectives" instead.
[2023-04-09 19:26:15,325][moc][INFO][generic_smbo.py:332] Iter 27, objectives: [-0.017361762987438745].
[2023-04-09 19:26:16,743][moc][WARNING][util_funcs.py:111] Provide "objs" in result is deprecated and will be removed in future versions! Please use "objectives" instead.
[2023-04-09 19:26:16,744][moc][INFO][generic_smbo.py:332] Iter 28, objectives: [-0.017361743232891393].
[2023-04-09 19:26:18,556][moc][WARNING][util_funcs.py:111] Provide "objs" in result is deprecated and will be removed in future versions! Please use "objectives" instead.
[2023-04-09 19:26:18,557][moc][INFO][generic_smbo.py:332] Iter 29, objectives: [-0.01736178274203105].
[2023-04-09 19:26:18,558][moc][INFO][generic_advisor.py:365] Sample random config. rand_prob=0.100000.
[2023-04-09 19:26:26,128][moc][WARNING][util_funcs.py:111] Provide "objs" in result is deprecated and will be removed in future versions! Please use "objectives" instead.
[2023-04-09 19:26:26,129][moc][INFO][generic_smbo.py:332] Iter 30, objectives: [-0.0021706215886784543].
[2023-04-09 19:26:28,257][moc][WARNING][util_funcs.py:111] Provide "objs" in result is deprecated and will be removed in future versions! Please use "objectives" instead.
[2023-04-09 19:26:28,258][moc][INFO][generic_smbo.py:332] Iter 31, objectives: [-0.01736178102423863].
[2023-04-09 19:26:30,587][moc][WARNING][util_funcs.py:111] Provide "objs" in result is deprecated and will be removed in future versions! Please use "objectives" instead.
[2023-04-09 19:26:30,589][moc][INFO][generic_smbo.py:332] Iter 32, objectives: [-0.01736177915028365].
[2023-04-09 19:26:34,108][moc][WARNING][util_funcs.py:111] Provide "objs" in result is deprecated and will be removed in future versions! Please use "objectives" instead.
[2023-04-09 19:26:34,109][moc][INFO][generic_smbo.py:332] Iter 33, objectives: [-0.017361743232891393].
[2023-04-09 19:26:37,310][moc][WARNING][util_funcs.py:111] Provide "objs" in result is deprecated and will be removed in future versions! Please use "objectives" instead.
[2023-04-09 19:26:37,312][moc][INFO][generic_smbo.py:332] Iter 34, objectives: [-0.017361736049430775].
[2023-04-09 19:26:39,370][moc][WARNING][util_funcs.py:111] Provide "objs" in result is deprecated and will be removed in future versions! Please use "objectives" instead.
[2023-04-09 19:26:39,372][moc][INFO][generic_smbo.py:332] Iter 35, objectives: [-0.017361703723931553].
[2023-04-09 19:26:42,852][moc][WARNING][util_funcs.py:111] Provide "objs" in result is deprecated and will be removed in future versions! Please use "objectives" instead.
[2023-04-09 19:26:42,854][moc][INFO][generic_smbo.py:332] Iter 36, objectives: [-0.017361703723931553].
[2023-04-09 19:26:46,438][moc][WARNING][util_funcs.py:111] Provide "objs" in result is deprecated and will be removed in future versions! Please use "objectives" instead.
[2023-04-09 19:26:46,439][moc][INFO][generic_smbo.py:332] Iter 37, objectives: [-0.01736178955396985].
[2023-04-09 19:26:51,183][moc][WARNING][util_funcs.py:111] Provide "objs" in result is deprecated and will be removed in future versions! Please use "objectives" instead.
[2023-04-09 19:26:51,184][moc][INFO][generic_smbo.py:332] Iter 38, objectives: [-0.017361793517282162].
[2023-04-09 19:26:54,041][moc][WARNING][util_funcs.py:111] Provide "objs" in result is deprecated and will be removed in future versions! Please use "objectives" instead.
[2023-04-09 19:26:54,042][moc][INFO][generic_smbo.py:332] Iter 39, objectives: [-0.017361743232891393].
[2023-04-09 19:26:57,998][moc][WARNING][util_funcs.py:111] Provide "objs" in result is deprecated and will be removed in future versions! Please use "objectives" instead.
[2023-04-09 19:26:58,000][moc][INFO][generic_smbo.py:332] Iter 40, objectives: [-0.017361749311208867].
[2023-04-09 19:27:01,835][moc][WARNING][util_funcs.py:111] Provide "objs" in result is deprecated and will be removed in future versions! Please use "objectives" instead.
[2023-04-09 19:27:01,836][moc][INFO][generic_smbo.py:332] Iter 41, objectives: [-0.01736175452119866].
[2023-04-09 19:27:05,389][moc][WARNING][util_funcs.py:111] Provide "objs" in result is deprecated and will be removed in future versions! Please use "objectives" instead.
[2023-04-09 19:27:05,390][moc][INFO][generic_smbo.py:332] Iter 42, objectives: [-0.017361716893564853].
[2023-04-09 19:27:09,137][moc][WARNING][util_funcs.py:111] Provide "objs" in result is deprecated and will be removed in future versions! Please use "objectives" instead.
[2023-04-09 19:27:09,138][moc][INFO][generic_smbo.py:332] Iter 43, objectives: [-0.017361703723931553].
[2023-04-09 19:27:12,270][moc][WARNING][util_funcs.py:111] Provide "objs" in result is deprecated and will be removed in future versions! Please use "objectives" instead.
[2023-04-09 19:27:12,271][moc][INFO][generic_smbo.py:332] Iter 44, objectives: [-0.01736172742928588].
[2023-04-09 19:27:16,846][moc][WARNING][util_funcs.py:111] Provide "objs" in result is deprecated and will be removed in future versions! Please use "objectives" instead.
[2023-04-09 19:27:16,848][moc][INFO][generic_smbo.py:332] Iter 45, objectives: [-0.01736172742928588].
[2023-04-09 19:27:20,766][moc][WARNING][util_funcs.py:111] Provide "objs" in result is deprecated and will be removed in future versions! Please use "objectives" instead.
[2023-04-09 19:27:20,767][moc][INFO][generic_smbo.py:332] Iter 46, objectives: [-0.01736172742928588].
[2023-04-09 19:27:26,055][moc][WARNING][util_funcs.py:111] Provide "objs" in result is deprecated and will be removed in future versions! Please use "objectives" instead.
[2023-04-09 19:27:26,056][moc][INFO][generic_smbo.py:332] Iter 47, objectives: [-0.017361716893564853].
[2023-04-09 19:27:31,370][moc][WARNING][util_funcs.py:111] Provide "objs" in result is deprecated and will be removed in future versions! Please use "objectives" instead.
[2023-04-09 19:27:31,372][moc][INFO][generic_smbo.py:332] Iter 48, objectives: [-0.017361703723931553].
[2023-04-09 19:27:34,870][moc][WARNING][util_funcs.py:111] Provide "objs" in result is deprecated and will be removed in future versions! Please use "objectives" instead.
[2023-04-09 19:27:34,872][moc][INFO][generic_smbo.py:332] Iter 49, objectives: [-0.017361703723931553].
[2023-04-09 19:27:37,992][moc][WARNING][util_funcs.py:111] Provide "objs" in result is deprecated and will be removed in future versions! Please use "objectives" instead.
[2023-04-09 19:27:37,993][moc][INFO][generic_smbo.py:332] Iter 50, objectives: [-0.017361703723931553].
