[2023-04-10 16:41:19,844][moc][INFO][color_logger.py:203] Logfile: /home/chenyiqi/wafer_scale_chip_dse_framework/logs/moc_2023-04-10-16-41-19-843587.log
[2023-04-10 16:41:19,850][moc][WARNING][util_funcs.py:111] Provide "objs" in result is deprecated and will be removed in future versions! Please use "objectives" instead.
[2023-04-10 16:41:19,851][moc][INFO][generic_smbo.py:333] Iter 1, objectives: [-0.9684084511467006].
[2023-04-10 16:41:19,854][moc][WARNING][util_funcs.py:111] Provide "objs" in result is deprecated and will be removed in future versions! Please use "objectives" instead.
[2023-04-10 16:41:19,854][moc][INFO][generic_smbo.py:333] Iter 2, objectives: [-0.7101570333397049].
[2023-04-10 16:41:19,858][moc][WARNING][util_funcs.py:111] Provide "objs" in result is deprecated and will be removed in future versions! Please use "objectives" instead.
[2023-04-10 16:41:19,858][moc][INFO][generic_smbo.py:333] Iter 3, objectives: [-126.53772694996863].
[2023-04-10 16:41:19,862][moc][WARNING][util_funcs.py:111] Provide "objs" in result is deprecated and will be removed in future versions! Please use "objectives" instead.
[2023-04-10 16:41:19,862][moc][INFO][generic_smbo.py:333] Iter 4, objectives: [-0.5052225584177882].
[2023-04-10 16:41:19,865][moc][WARNING][util_funcs.py:111] Provide "objs" in result is deprecated and will be removed in future versions! Please use "objectives" instead.
[2023-04-10 16:41:19,865][moc][INFO][generic_smbo.py:333] Iter 5, objectives: [-4.2468963502655575].
[2023-04-10 16:41:20,035][moc][WARNING][util_funcs.py:111] Provide "objs" in result is deprecated and will be removed in future versions! Please use "objectives" instead.
[2023-04-10 16:41:20,035][moc][INFO][generic_smbo.py:333] Iter 6, objectives: [-1.3036925530977892].
[2023-04-10 16:41:20,039][moc][WARNING][util_funcs.py:111] Provide "objs" in result is deprecated and will be removed in future versions! Please use "objectives" instead.
[2023-04-10 16:41:20,039][moc][INFO][generic_smbo.py:333] Iter 7, objectives: [-0.3885113062829639].
[2023-04-10 16:41:20,042][moc][WARNING][util_funcs.py:111] Provide "objs" in result is deprecated and will be removed in future versions! Please use "objectives" instead.
[2023-04-10 16:41:20,042][moc][INFO][generic_smbo.py:333] Iter 8, objectives: [-1.0983879317466367].
[2023-04-10 16:41:20,046][moc][WARNING][util_funcs.py:111] Provide "objs" in result is deprecated and will be removed in future versions! Please use "objectives" instead.
[2023-04-10 16:41:20,046][moc][INFO][generic_smbo.py:333] Iter 9, objectives: [-2.2051974663987703].
[2023-04-10 16:41:20,049][moc][WARNING][util_funcs.py:111] Provide "objs" in result is deprecated and will be removed in future versions! Please use "objectives" instead.
[2023-04-10 16:41:20,049][moc][INFO][generic_smbo.py:333] Iter 10, objectives: [-1.631549887593838].
[2023-04-10 16:41:20,050][moc][WARNING][util_funcs.py:111] Provide "objs" in result is deprecated and will be removed in future versions! Please use "objectives" instead.
[2023-04-10 16:41:20,050][moc][WARNING][util_funcs.py:123] Unused information in result: {'config': [Configuration(values={
  'data_parallel_size': 2,
  'micro_batch_size': 8,
  'model_parallel_size': 1,
  'num_reticle_per_pipeline_stage': 225,
  'tensor_parallel_size': 1,
})
]}
[2023-04-10 16:41:20,050][moc][INFO][generic_smbo.py:418] Iter 17, objectives: [-126.53772694996863].
[2023-04-10 16:41:24,632][moc][WARNING][util_funcs.py:231] Keyword argument "num_objs" is deprecated and will be removed in a future version. Please use "num_objectives" instead.
