[2023-04-10 16:47:40,404][moc][INFO][color_logger.py:203] Logfile: /home/chenyiqi/wafer_scale_chip_dse_framework/logs/moc_2023-04-10-16-47-40-404165.log
[2023-04-10 16:47:40,633][moc][WARNING][util_funcs.py:111] Provide "objs" in result is deprecated and will be removed in future versions! Please use "objectives" instead.
[2023-04-10 16:47:40,634][moc][INFO][generic_smbo.py:333] Iter 1, objectives: [-0.7622382132822485].
[2023-04-10 16:47:40,702][moc][WARNING][util_funcs.py:111] Provide "objs" in result is deprecated and will be removed in future versions! Please use "objectives" instead.
[2023-04-10 16:47:40,702][moc][INFO][generic_smbo.py:333] Iter 2, objectives: [-35.727378212049665].
[2023-04-10 16:47:40,782][moc][WARNING][util_funcs.py:111] Provide "objs" in result is deprecated and will be removed in future versions! Please use "objectives" instead.
[2023-04-10 16:47:40,782][moc][INFO][generic_smbo.py:333] Iter 3, objectives: [-1.5232932421378684].
[2023-04-10 16:47:40,862][moc][WARNING][util_funcs.py:111] Provide "objs" in result is deprecated and will be removed in future versions! Please use "objectives" instead.
[2023-04-10 16:47:40,863][moc][INFO][generic_smbo.py:333] Iter 4, objectives: [-5.262957788911009].
[2023-04-10 16:47:40,980][moc][WARNING][util_funcs.py:111] Provide "objs" in result is deprecated and will be removed in future versions! Please use "objectives" instead.
[2023-04-10 16:47:40,980][moc][INFO][generic_smbo.py:333] Iter 5, objectives: [-0.3261368441303304].
[2023-04-10 16:47:41,082][moc][WARNING][util_funcs.py:111] Provide "objs" in result is deprecated and will be removed in future versions! Please use "objectives" instead.
[2023-04-10 16:47:41,082][moc][INFO][generic_smbo.py:333] Iter 6, objectives: [-0.16856392688427438].
[2023-04-10 16:47:41,186][moc][WARNING][util_funcs.py:111] Provide "objs" in result is deprecated and will be removed in future versions! Please use "objectives" instead.
[2023-04-10 16:47:41,186][moc][INFO][generic_smbo.py:333] Iter 7, objectives: [-1.7160072971887594].
[2023-04-10 16:47:41,302][moc][WARNING][util_funcs.py:111] Provide "objs" in result is deprecated and will be removed in future versions! Please use "objectives" instead.
[2023-04-10 16:47:41,302][moc][INFO][generic_smbo.py:333] Iter 8, objectives: [-0.17527149748232368].
[2023-04-10 16:47:41,416][moc][WARNING][util_funcs.py:111] Provide "objs" in result is deprecated and will be removed in future versions! Please use "objectives" instead.
[2023-04-10 16:47:41,416][moc][INFO][generic_smbo.py:333] Iter 9, objectives: [-1.962021867700515].
[2023-04-10 16:47:41,525][moc][WARNING][util_funcs.py:111] Provide "objs" in result is deprecated and will be removed in future versions! Please use "objectives" instead.
[2023-04-10 16:47:41,525][moc][INFO][generic_smbo.py:333] Iter 10, objectives: [-1.7483645136795711].
[2023-04-10 16:47:41,526][moc][WARNING][util_funcs.py:111] Provide "objs" in result is deprecated and will be removed in future versions! Please use "objectives" instead.
[2023-04-10 16:47:41,526][moc][WARNING][util_funcs.py:123] Unused information in result: {'config': [Configuration(values={
  'data_parallel_size': 2,
  'micro_batch_size': 14,
  'model_parallel_size': 12,
  'num_reticle_per_pipeline_stage': 108,
  'tensor_parallel_size': 1,
})
]}
[2023-04-10 16:47:41,526][moc][INFO][generic_smbo.py:418] Iter 13, objectives: [-35.727378212049665].
[2023-04-10 16:47:46,365][moc][WARNING][util_funcs.py:231] Keyword argument "num_objs" is deprecated and will be removed in a future version. Please use "num_objectives" instead.
