[2023-04-09 19:03:55,051][moc][INFO][color_logger.py:203] Logfile: /home/chenyiqi/wafer_scale_chip_dse_framework/logs/moc_2023-04-09-19-03-55-051065.log
[2023-04-09 19:03:55,053][moc][INFO][generic_advisor.py:157] [BO auto selection]  acq_type: ei.
[2023-04-09 19:03:55,349][moc][WARNING][util_funcs.py:111] Provide "objs" in result is deprecated and will be removed in future versions! Please use "objectives" instead.
[2023-04-09 19:03:55,350][moc][INFO][generic_smbo.py:332] Iter 1, objectives: [-0.01157531667660243].
[2023-04-09 19:03:55,908][moc][WARNING][util_funcs.py:111] Provide "objs" in result is deprecated and will be removed in future versions! Please use "objectives" instead.
[2023-04-09 19:03:55,910][moc][INFO][generic_smbo.py:332] Iter 2, objectives: [-0.008681807228075036].
[2023-04-09 19:03:56,218][moc][WARNING][util_funcs.py:111] Provide "objs" in result is deprecated and will be removed in future versions! Please use "objectives" instead.
[2023-04-09 19:03:56,219][moc][INFO][generic_smbo.py:332] Iter 3, objectives: [-0.011575324203208491].
[2023-04-09 19:03:56,981][moc][WARNING][util_funcs.py:111] Provide "objs" in result is deprecated and will be removed in future versions! Please use "objectives" instead.
[2023-04-09 19:03:56,982][moc][INFO][generic_smbo.py:332] Iter 4, objectives: [-0.006945590900560596].
[2023-04-09 19:03:57,205][moc][WARNING][util_funcs.py:111] Provide "objs" in result is deprecated and will be removed in future versions! Please use "objectives" instead.
[2023-04-09 19:03:57,206][moc][INFO][generic_smbo.py:332] Iter 5, objectives: [-0.017361736049430775].
[2023-04-09 19:03:58,162][moc][WARNING][util_funcs.py:111] Provide "objs" in result is deprecated and will be removed in future versions! Please use "objectives" instead.
[2023-04-09 19:03:58,163][moc][INFO][generic_smbo.py:332] Iter 6, objectives: [-0.0057880728029738844].
[2023-04-09 19:03:58,164][moc][INFO][generic_advisor.py:365] Sample random config. rand_prob=0.100000.
[2023-04-09 19:03:58,614][moc][WARNING][util_funcs.py:111] Provide "objs" in result is deprecated and will be removed in future versions! Please use "objectives" instead.
[2023-04-09 19:03:58,615][moc][INFO][generic_smbo.py:332] Iter 7, objectives: [-0.0069455879054211534].
[2023-04-09 19:03:59,967][moc][WARNING][util_funcs.py:111] Provide "objs" in result is deprecated and will be removed in future versions! Please use "objectives" instead.
[2023-04-09 19:03:59,968][moc][INFO][generic_smbo.py:332] Iter 8, objectives: [-0.017361716893564853].
[2023-04-09 19:04:00,895][moc][WARNING][util_funcs.py:111] Provide "objs" in result is deprecated and will be removed in future versions! Please use "objectives" instead.
[2023-04-09 19:04:00,896][moc][INFO][generic_smbo.py:332] Iter 9, objectives: [-0.017361703723931553].
[2023-04-09 19:04:02,259][moc][WARNING][util_funcs.py:111] Provide "objs" in result is deprecated and will be removed in future versions! Please use "objectives" instead.
[2023-04-09 19:04:02,260][moc][INFO][generic_smbo.py:332] Iter 10, objectives: [-0.01736172742928588].
[2023-04-09 19:04:03,296][moc][WARNING][util_funcs.py:111] Provide "objs" in result is deprecated and will be removed in future versions! Please use "objectives" instead.
[2023-04-09 19:04:03,296][moc][INFO][generic_smbo.py:332] Iter 11, objectives: [-0.017361703723931553].
[2023-04-09 19:04:04,577][moc][WARNING][util_funcs.py:111] Provide "objs" in result is deprecated and will be removed in future versions! Please use "objectives" instead.
[2023-04-09 19:04:04,578][moc][INFO][generic_smbo.py:332] Iter 12, objectives: [-0.011575308146460727].
[2023-04-09 19:04:04,579][moc][INFO][generic_advisor.py:365] Sample random config. rand_prob=0.100000.
[2023-04-09 19:04:05,222][moc][WARNING][util_funcs.py:111] Provide "objs" in result is deprecated and will be removed in future versions! Please use "objectives" instead.
[2023-04-09 19:04:05,223][moc][INFO][generic_smbo.py:332] Iter 13, objectives: [-0.004341129621918651].
[2023-04-09 19:04:06,783][moc][WARNING][util_funcs.py:111] Provide "objs" in result is deprecated and will be removed in future versions! Please use "objectives" instead.
[2023-04-09 19:04:06,785][moc][INFO][generic_smbo.py:332] Iter 14, objectives: [-0.017361716893564853].
[2023-04-09 19:04:08,569][moc][WARNING][util_funcs.py:111] Provide "objs" in result is deprecated and will be removed in future versions! Please use "objectives" instead.
[2023-04-09 19:04:08,572][moc][INFO][generic_smbo.py:332] Iter 15, objectives: [-0.01736172742928588].
[2023-04-09 19:04:09,597][moc][WARNING][util_funcs.py:111] Provide "objs" in result is deprecated and will be removed in future versions! Please use "objectives" instead.
[2023-04-09 19:04:09,600][moc][INFO][generic_smbo.py:332] Iter 16, objectives: [-0.017361716893564853].
[2023-04-09 19:04:09,601][moc][INFO][generic_advisor.py:365] Sample random config. rand_prob=0.100000.
[2023-04-09 19:04:09,888][moc][WARNING][util_funcs.py:111] Provide "objs" in result is deprecated and will be removed in future versions! Please use "objectives" instead.
[2023-04-09 19:04:09,889][moc][INFO][generic_smbo.py:332] Iter 17, objectives: [-0.011575315444976917].
[2023-04-09 19:04:11,608][moc][WARNING][util_funcs.py:111] Provide "objs" in result is deprecated and will be removed in future versions! Please use "objectives" instead.
[2023-04-09 19:04:11,609][moc][INFO][generic_smbo.py:332] Iter 18, objectives: [-0.017361703723931553].
[2023-04-09 19:04:12,962][moc][WARNING][util_funcs.py:111] Provide "objs" in result is deprecated and will be removed in future versions! Please use "objectives" instead.
[2023-04-09 19:04:12,963][moc][INFO][generic_smbo.py:332] Iter 19, objectives: [-0.017361703723931553].
[2023-04-09 19:04:12,964][moc][INFO][generic_advisor.py:365] Sample random config. rand_prob=0.100000.
[2023-04-09 19:04:14,365][moc][WARNING][util_funcs.py:111] Provide "objs" in result is deprecated and will be removed in future versions! Please use "objectives" instead.
[2023-04-09 19:04:14,366][moc][INFO][generic_smbo.py:332] Iter 20, objectives: [-0.008681806981731769].
