[2023-04-09 19:24:46,835][moc][INFO][color_logger.py:203] Logfile: /home/chenyiqi/wafer_scale_chip_dse_framework/logs/moc_2023-04-09-19-24-46-831318.log
[2023-04-09 19:24:46,843][moc][INFO][generic_advisor.py:157] [BO auto selection]  acq_type: ei.
[2023-04-09 19:24:47,092][moc][WARNING][util_funcs.py:111] Provide "objs" in result is deprecated and will be removed in future versions! Please use "objectives" instead.
[2023-04-09 19:24:47,093][moc][INFO][generic_smbo.py:332] Iter 1, objectives: [-0.01157531667660243].
[2023-04-09 19:24:47,336][moc][WARNING][util_funcs.py:111] Provide "objs" in result is deprecated and will be removed in future versions! Please use "objectives" instead.
[2023-04-09 19:24:47,337][moc][INFO][generic_smbo.py:332] Iter 2, objectives: [-0.011575329693209674].
[2023-04-09 19:24:47,834][moc][WARNING][util_funcs.py:111] Provide "objs" in result is deprecated and will be removed in future versions! Please use "objectives" instead.
[2023-04-09 19:24:47,835][moc][INFO][generic_smbo.py:332] Iter 3, objectives: [-0.008681806703602293].
[2023-04-09 19:24:48,136][moc][WARNING][util_funcs.py:111] Provide "objs" in result is deprecated and will be removed in future versions! Please use "objectives" instead.
[2023-04-09 19:24:48,136][moc][INFO][generic_smbo.py:332] Iter 4, objectives: [-0.008681802973253402].
[2023-04-09 19:24:48,596][moc][WARNING][util_funcs.py:111] Provide "objs" in result is deprecated and will be removed in future versions! Please use "objectives" instead.
[2023-04-09 19:24:48,597][moc][INFO][generic_smbo.py:332] Iter 5, objectives: [-0.008681806387110151].
[2023-04-09 19:24:48,797][moc][WARNING][util_funcs.py:111] Provide "objs" in result is deprecated and will be removed in future versions! Please use "objectives" instead.
[2023-04-09 19:24:48,798][moc][INFO][generic_smbo.py:332] Iter 6, objectives: [-0.011575315444976917].
[2023-04-09 19:24:48,798][moc][INFO][generic_advisor.py:365] Sample random config. rand_prob=0.100000.
[2023-04-09 19:24:48,983][moc][WARNING][util_funcs.py:111] Provide "objs" in result is deprecated and will be removed in future versions! Please use "objectives" instead.
[2023-04-09 19:24:48,984][moc][INFO][generic_smbo.py:332] Iter 7, objectives: [-0.008681795485728252].
[2023-04-09 19:24:49,972][moc][WARNING][util_funcs.py:111] Provide "objs" in result is deprecated and will be removed in future versions! Please use "objectives" instead.
[2023-04-09 19:24:49,974][moc][INFO][generic_smbo.py:332] Iter 8, objectives: [-0.01157531667660243].
[2023-04-09 19:24:49,975][moc][INFO][generic_advisor.py:365] Sample random config. rand_prob=0.100000.
[2023-04-09 19:24:51,074][moc][WARNING][util_funcs.py:111] Provide "objs" in result is deprecated and will be removed in future versions! Please use "objectives" instead.
[2023-04-09 19:24:51,076][moc][INFO][generic_smbo.py:332] Iter 9, objectives: [-0.005788072908822148].
[2023-04-09 19:24:52,102][moc][WARNING][util_funcs.py:111] Provide "objs" in result is deprecated and will be removed in future versions! Please use "objectives" instead.
[2023-04-09 19:24:52,103][moc][INFO][generic_smbo.py:332] Iter 10, objectives: [-0.011575319550396316].
[2023-04-09 19:24:53,307][moc][WARNING][util_funcs.py:111] Provide "objs" in result is deprecated and will be removed in future versions! Please use "objectives" instead.
[2023-04-09 19:24:53,307][moc][INFO][generic_smbo.py:332] Iter 11, objectives: [-0.011575327213853657].
[2023-04-09 19:24:54,354][moc][WARNING][util_funcs.py:111] Provide "objs" in result is deprecated and will be removed in future versions! Please use "objectives" instead.
[2023-04-09 19:24:54,355][moc][INFO][generic_smbo.py:332] Iter 12, objectives: [-0.011575315444976917].
[2023-04-09 19:24:56,804][moc][WARNING][util_funcs.py:111] Provide "objs" in result is deprecated and will be removed in future versions! Please use "objectives" instead.
[2023-04-09 19:24:56,805][moc][INFO][generic_smbo.py:332] Iter 13, objectives: [-0.011575323971620467].
[2023-04-09 19:24:58,053][moc][WARNING][util_funcs.py:111] Provide "objs" in result is deprecated and will be removed in future versions! Please use "objectives" instead.
[2023-04-09 19:24:58,054][moc][INFO][generic_smbo.py:332] Iter 14, objectives: [-0.011575321945225646].
[2023-04-09 19:24:59,475][moc][WARNING][util_funcs.py:111] Provide "objs" in result is deprecated and will be removed in future versions! Please use "objectives" instead.
[2023-04-09 19:24:59,476][moc][INFO][generic_smbo.py:332] Iter 15, objectives: [-0.011575312160643492].
[2023-04-09 19:25:00,793][moc][WARNING][util_funcs.py:111] Provide "objs" in result is deprecated and will be removed in future versions! Please use "objectives" instead.
[2023-04-09 19:25:00,793][moc][INFO][generic_smbo.py:332] Iter 16, objectives: [-0.011575325708530879].
[2023-04-09 19:25:02,173][moc][WARNING][util_funcs.py:111] Provide "objs" in result is deprecated and will be removed in future versions! Please use "objectives" instead.
[2023-04-09 19:25:02,174][moc][INFO][generic_smbo.py:332] Iter 17, objectives: [-0.01157531818192286].
[2023-04-09 19:25:03,464][moc][WARNING][util_funcs.py:111] Provide "objs" in result is deprecated and will be removed in future versions! Please use "objectives" instead.
[2023-04-09 19:25:03,465][moc][INFO][generic_smbo.py:332] Iter 18, objectives: [-0.01157532248284053].
[2023-04-09 19:25:05,435][moc][WARNING][util_funcs.py:111] Provide "objs" in result is deprecated and will be removed in future versions! Please use "objectives" instead.
[2023-04-09 19:25:05,436][moc][INFO][generic_smbo.py:332] Iter 19, objectives: [-0.011575319550396316].
[2023-04-09 19:25:07,088][moc][WARNING][util_funcs.py:111] Provide "objs" in result is deprecated and will be removed in future versions! Please use "objectives" instead.
[2023-04-09 19:25:07,089][moc][INFO][generic_smbo.py:332] Iter 20, objectives: [-0.011575325708530879].
