[2023-04-10 17:07:46,514][moc][INFO][color_logger.py:203] Logfile: /home/chenyiqi/wafer_scale_chip_dse_framework/logs/moc_2023-04-10-17-07-46-514016.log
[2023-04-10 17:07:46,518][moc][WARNING][util_funcs.py:111] Provide "objs" in result is deprecated and will be removed in future versions! Please use "objectives" instead.
[2023-04-10 17:07:46,519][moc][INFO][generic_smbo.py:333] Iter 1, objectives: [-9.910034015676437].
[2023-04-10 17:07:46,521][moc][WARNING][util_funcs.py:111] Provide "objs" in result is deprecated and will be removed in future versions! Please use "objectives" instead.
[2023-04-10 17:07:46,521][moc][INFO][generic_smbo.py:333] Iter 2, objectives: [-7.205550538186605].
[2023-04-10 17:07:46,524][moc][WARNING][util_funcs.py:111] Provide "objs" in result is deprecated and will be removed in future versions! Please use "objectives" instead.
[2023-04-10 17:07:46,524][moc][INFO][generic_smbo.py:333] Iter 3, objectives: [-1.3666077601407345].
[2023-04-10 17:07:46,526][moc][WARNING][util_funcs.py:111] Provide "objs" in result is deprecated and will be removed in future versions! Please use "objectives" instead.
[2023-04-10 17:07:46,527][moc][INFO][generic_smbo.py:333] Iter 4, objectives: [-0.6497453262944477].
[2023-04-10 17:07:46,529][moc][WARNING][util_funcs.py:111] Provide "objs" in result is deprecated and will be removed in future versions! Please use "objectives" instead.
[2023-04-10 17:07:46,529][moc][INFO][generic_smbo.py:333] Iter 5, objectives: [-20.730738041533314].
[2023-04-10 17:07:46,532][moc][WARNING][util_funcs.py:111] Provide "objs" in result is deprecated and will be removed in future versions! Please use "objectives" instead.
[2023-04-10 17:07:46,532][moc][INFO][generic_smbo.py:333] Iter 6, objectives: [-0.9913859410782495].
[2023-04-10 17:07:46,534][moc][WARNING][util_funcs.py:111] Provide "objs" in result is deprecated and will be removed in future versions! Please use "objectives" instead.
[2023-04-10 17:07:46,535][moc][INFO][generic_smbo.py:333] Iter 7, objectives: [-2.060550567506617].
[2023-04-10 17:07:46,537][moc][WARNING][util_funcs.py:111] Provide "objs" in result is deprecated and will be removed in future versions! Please use "objectives" instead.
[2023-04-10 17:07:46,537][moc][INFO][generic_smbo.py:333] Iter 8, objectives: [-0.35027363973857406].
[2023-04-10 17:07:46,540][moc][WARNING][util_funcs.py:111] Provide "objs" in result is deprecated and will be removed in future versions! Please use "objectives" instead.
[2023-04-10 17:07:46,540][moc][INFO][generic_smbo.py:333] Iter 9, objectives: [-1.2879544614984688].
[2023-04-10 17:07:46,543][moc][WARNING][util_funcs.py:111] Provide "objs" in result is deprecated and will be removed in future versions! Please use "objectives" instead.
[2023-04-10 17:07:46,543][moc][INFO][generic_smbo.py:333] Iter 10, objectives: [-6.671451765040811].
[2023-04-10 17:07:46,545][moc][WARNING][util_funcs.py:111] Provide "objs" in result is deprecated and will be removed in future versions! Please use "objectives" instead.
[2023-04-10 17:07:46,546][moc][INFO][generic_smbo.py:333] Iter 11, objectives: [-1.383474852621674].
[2023-04-10 17:07:46,548][moc][WARNING][util_funcs.py:111] Provide "objs" in result is deprecated and will be removed in future versions! Please use "objectives" instead.
[2023-04-10 17:07:46,548][moc][INFO][generic_smbo.py:333] Iter 12, objectives: [-2.031794455896758].
[2023-04-10 17:07:46,551][moc][WARNING][util_funcs.py:111] Provide "objs" in result is deprecated and will be removed in future versions! Please use "objectives" instead.
[2023-04-10 17:07:46,552][moc][INFO][generic_smbo.py:333] Iter 13, objectives: [-3.6587991596148646].
[2023-04-10 17:07:46,554][moc][WARNING][util_funcs.py:111] Provide "objs" in result is deprecated and will be removed in future versions! Please use "objectives" instead.
[2023-04-10 17:07:46,554][moc][INFO][generic_smbo.py:333] Iter 14, objectives: [-1.1691628143667423].
[2023-04-10 17:07:46,556][moc][WARNING][util_funcs.py:111] Provide "objs" in result is deprecated and will be removed in future versions! Please use "objectives" instead.
[2023-04-10 17:07:46,557][moc][INFO][generic_smbo.py:333] Iter 15, objectives: [-0.4143719609363691].
[2023-04-10 17:07:46,560][moc][WARNING][util_funcs.py:111] Provide "objs" in result is deprecated and will be removed in future versions! Please use "objectives" instead.
[2023-04-10 17:07:46,560][moc][INFO][generic_smbo.py:333] Iter 16, objectives: [-1.7510615564263718].
[2023-04-10 17:07:46,562][moc][WARNING][util_funcs.py:111] Provide "objs" in result is deprecated and will be removed in future versions! Please use "objectives" instead.
[2023-04-10 17:07:46,562][moc][INFO][generic_smbo.py:333] Iter 17, objectives: [-1.1366978473252871].
[2023-04-10 17:07:46,565][moc][WARNING][util_funcs.py:111] Provide "objs" in result is deprecated and will be removed in future versions! Please use "objectives" instead.
[2023-04-10 17:07:46,565][moc][INFO][generic_smbo.py:333] Iter 18, objectives: [-1.8553750704259897].
[2023-04-10 17:07:46,568][moc][WARNING][util_funcs.py:111] Provide "objs" in result is deprecated and will be removed in future versions! Please use "objectives" instead.
[2023-04-10 17:07:46,568][moc][INFO][generic_smbo.py:333] Iter 19, objectives: [-1.5309916354188493].
[2023-04-10 17:07:46,571][moc][WARNING][util_funcs.py:111] Provide "objs" in result is deprecated and will be removed in future versions! Please use "objectives" instead.
[2023-04-10 17:07:46,571][moc][INFO][generic_smbo.py:333] Iter 20, objectives: [-39.40848206366899].
[2023-04-10 17:07:46,571][moc][WARNING][util_funcs.py:111] Provide "objs" in result is deprecated and will be removed in future versions! Please use "objectives" instead.
[2023-04-10 17:07:46,572][moc][WARNING][util_funcs.py:123] Unused information in result: {'config': [{'data_parallel_size': 5, 'micro_batch_size': 94, 'model_parallel_size': 3, 'num_reticle_per_pipeline_stage': 91, 'tensor_parallel_size': 1}]}
[2023-04-10 17:07:46,572][moc][INFO][generic_smbo.py:418] Iter 2, objectives: [-39.40848206366899].
[2023-04-10 17:07:46,573][moc][WARNING][util_funcs.py:231] Keyword argument "num_objs" is deprecated and will be removed in a future version. Please use "num_objectives" instead.
