[2023-04-10 16:58:10,392][moc][INFO][color_logger.py:203] Logfile: /home/chenyiqi/wafer_scale_chip_dse_framework/logs/moc_2023-04-10-16-58-10-391825.log
[2023-04-10 16:58:10,400][moc][WARNING][util_funcs.py:111] Provide "objs" in result is deprecated and will be removed in future versions! Please use "objectives" instead.
[2023-04-10 16:58:10,400][moc][INFO][generic_smbo.py:333] Iter 1, objectives: [-0.3845179946449424].
[2023-04-10 16:58:10,405][moc][WARNING][util_funcs.py:111] Provide "objs" in result is deprecated and will be removed in future versions! Please use "objectives" instead.
[2023-04-10 16:58:10,405][moc][INFO][generic_smbo.py:333] Iter 2, objectives: [-1.140254853710113].
[2023-04-10 16:58:10,410][moc][WARNING][util_funcs.py:111] Provide "objs" in result is deprecated and will be removed in future versions! Please use "objectives" instead.
[2023-04-10 16:58:10,410][moc][INFO][generic_smbo.py:333] Iter 3, objectives: [-0.31021463506869656].
[2023-04-10 16:58:10,416][moc][WARNING][util_funcs.py:111] Provide "objs" in result is deprecated and will be removed in future versions! Please use "objectives" instead.
[2023-04-10 16:58:10,416][moc][INFO][generic_smbo.py:333] Iter 4, objectives: [-1.3442554935527944].
[2023-04-10 16:58:10,420][moc][WARNING][util_funcs.py:111] Provide "objs" in result is deprecated and will be removed in future versions! Please use "objectives" instead.
[2023-04-10 16:58:10,421][moc][INFO][generic_smbo.py:333] Iter 5, objectives: [-0.7351284984310233].
[2023-04-10 16:58:10,424][moc][WARNING][util_funcs.py:111] Provide "objs" in result is deprecated and will be removed in future versions! Please use "objectives" instead.
[2023-04-10 16:58:10,424][moc][INFO][generic_smbo.py:333] Iter 6, objectives: [-2.0313858488971994].
[2023-04-10 16:58:10,427][moc][WARNING][util_funcs.py:111] Provide "objs" in result is deprecated and will be removed in future versions! Please use "objectives" instead.
[2023-04-10 16:58:10,428][moc][INFO][generic_smbo.py:333] Iter 7, objectives: [-1.2498205582709057].
[2023-04-10 16:58:10,431][moc][WARNING][util_funcs.py:111] Provide "objs" in result is deprecated and will be removed in future versions! Please use "objectives" instead.
[2023-04-10 16:58:10,431][moc][INFO][generic_smbo.py:333] Iter 8, objectives: [-0.6661990403821055].
[2023-04-10 16:58:10,434][moc][WARNING][util_funcs.py:111] Provide "objs" in result is deprecated and will be removed in future versions! Please use "objectives" instead.
[2023-04-10 16:58:10,434][moc][INFO][generic_smbo.py:333] Iter 9, objectives: [-0.7264715277458794].
[2023-04-10 16:58:10,438][moc][WARNING][util_funcs.py:111] Provide "objs" in result is deprecated and will be removed in future versions! Please use "objectives" instead.
[2023-04-10 16:58:10,438][moc][INFO][generic_smbo.py:333] Iter 10, objectives: [-409.44689095778574].
[2023-04-10 16:58:10,438][moc][WARNING][util_funcs.py:111] Provide "objs" in result is deprecated and will be removed in future versions! Please use "objectives" instead.
[2023-04-10 16:58:10,438][moc][WARNING][util_funcs.py:123] Unused information in result: {'config': [{'data_parallel_size': 1, 'micro_batch_size': 100, 'model_parallel_size': 3, 'num_reticle_per_pipeline_stage': 196, 'tensor_parallel_size': 1}]}
[2023-04-10 16:58:10,439][moc][INFO][generic_smbo.py:418] Iter 15, objectives: [-409.44689095778574].
[2023-04-10 16:58:15,088][moc][WARNING][util_funcs.py:231] Keyword argument "num_objs" is deprecated and will be removed in a future version. Please use "num_objectives" instead.
