[2023-04-09 19:01:17,315][moc][INFO][color_logger.py:203] Logfile: /home/chenyiqi/wafer_scale_chip_dse_framework/logs/moc_2023-04-09-19-01-17-314749.log
[2023-04-09 19:01:17,317][moc][INFO][generic_advisor.py:157] [BO auto selection]  acq_type: ei.
[2023-04-09 19:01:17,624][moc][WARNING][util_funcs.py:111] Provide "objs" in result is deprecated and will be removed in future versions! Please use "objectives" instead.
[2023-04-09 19:01:17,625][moc][INFO][generic_smbo.py:332] Iter 1, objectives: [-0.005788071398745061].
[2023-04-09 19:01:18,054][moc][WARNING][util_funcs.py:111] Provide "objs" in result is deprecated and will be removed in future versions! Please use "objectives" instead.
[2023-04-09 19:01:18,054][moc][INFO][generic_smbo.py:332] Iter 2, objectives: [-0.006945589316354288].
[2023-04-09 19:01:18,350][moc][WARNING][util_funcs.py:111] Provide "objs" in result is deprecated and will be removed in future versions! Please use "objectives" instead.
[2023-04-09 19:01:18,351][moc][INFO][generic_smbo.py:332] Iter 3, objectives: [-0.005788071033796366].
[2023-04-09 19:01:18,549][moc][WARNING][util_funcs.py:111] Provide "objs" in result is deprecated and will be removed in future versions! Please use "objectives" instead.
[2023-04-09 19:01:18,550][moc][INFO][generic_smbo.py:332] Iter 4, objectives: [-0.01157531667660243].
[2023-04-09 19:01:18,770][moc][WARNING][util_funcs.py:111] Provide "objs" in result is deprecated and will be removed in future versions! Please use "objectives" instead.
[2023-04-09 19:01:18,771][moc][INFO][generic_smbo.py:332] Iter 5, objectives: [-0.011575323971620467].
[2023-04-09 19:01:18,989][moc][WARNING][util_funcs.py:111] Provide "objs" in result is deprecated and will be removed in future versions! Please use "objectives" instead.
[2023-04-09 19:01:18,990][moc][INFO][generic_smbo.py:332] Iter 6, objectives: [-0.008681796922727025].
[2023-04-09 19:01:20,068][moc][WARNING][util_funcs.py:111] Provide "objs" in result is deprecated and will be removed in future versions! Please use "objectives" instead.
[2023-04-09 19:01:20,069][moc][INFO][generic_smbo.py:332] Iter 7, objectives: [-0.011575323971620467].
[2023-04-09 19:01:21,025][moc][WARNING][util_funcs.py:111] Provide "objs" in result is deprecated and will be removed in future versions! Please use "objectives" instead.
[2023-04-09 19:01:21,026][moc][INFO][generic_smbo.py:332] Iter 8, objectives: [-0.01157531667660243].
[2023-04-09 19:01:22,265][moc][WARNING][util_funcs.py:111] Provide "objs" in result is deprecated and will be removed in future versions! Please use "objectives" instead.
[2023-04-09 19:01:22,266][moc][INFO][generic_smbo.py:332] Iter 9, objectives: [-0.01157531818192286].
[2023-04-09 19:01:23,471][moc][WARNING][util_funcs.py:111] Provide "objs" in result is deprecated and will be removed in future versions! Please use "objectives" instead.
[2023-04-09 19:01:23,473][moc][INFO][generic_smbo.py:332] Iter 10, objectives: [-0.011575323971620467].
[2023-04-09 19:01:24,751][moc][WARNING][util_funcs.py:111] Provide "objs" in result is deprecated and will be removed in future versions! Please use "objectives" instead.
[2023-04-09 19:01:24,752][moc][INFO][generic_smbo.py:332] Iter 11, objectives: [-0.01157531818192286].
[2023-04-09 19:01:25,932][moc][WARNING][util_funcs.py:111] Provide "objs" in result is deprecated and will be removed in future versions! Please use "objectives" instead.
[2023-04-09 19:01:25,933][moc][INFO][generic_smbo.py:332] Iter 12, objectives: [-0.011575325708530879].
[2023-04-09 19:01:27,330][moc][WARNING][util_funcs.py:111] Provide "objs" in result is deprecated and will be removed in future versions! Please use "objectives" instead.
[2023-04-09 19:01:27,331][moc][INFO][generic_smbo.py:332] Iter 13, objectives: [-0.017361749311208867].
[2023-04-09 19:01:28,541][moc][WARNING][util_funcs.py:111] Provide "objs" in result is deprecated and will be removed in future versions! Please use "objectives" instead.
[2023-04-09 19:01:28,542][moc][INFO][generic_smbo.py:332] Iter 14, objectives: [-0.011575320497801208].
[2023-04-09 19:01:30,177][moc][WARNING][util_funcs.py:111] Provide "objs" in result is deprecated and will be removed in future versions! Please use "objectives" instead.
[2023-04-09 19:01:30,178][moc][INFO][generic_smbo.py:332] Iter 15, objectives: [-0.017361743232891393].
[2023-04-09 19:01:30,179][moc][INFO][generic_advisor.py:365] Sample random config. rand_prob=0.100000.
[2023-04-09 19:01:31,069][moc][WARNING][util_funcs.py:111] Provide "objs" in result is deprecated and will be removed in future versions! Please use "objectives" instead.
[2023-04-09 19:01:31,070][moc][INFO][generic_smbo.py:332] Iter 16, objectives: [-0.00868180702056967].
[2023-04-09 19:01:32,522][moc][WARNING][util_funcs.py:111] Provide "objs" in result is deprecated and will be removed in future versions! Please use "objectives" instead.
[2023-04-09 19:01:32,523][moc][INFO][generic_smbo.py:332] Iter 17, objectives: [-0.017361743232891393].
[2023-04-09 19:01:34,854][moc][WARNING][util_funcs.py:111] Provide "objs" in result is deprecated and will be removed in future versions! Please use "objectives" instead.
[2023-04-09 19:01:34,855][moc][INFO][generic_smbo.py:332] Iter 18, objectives: [-0.017361736049430775].
[2023-04-09 19:01:36,415][moc][WARNING][util_funcs.py:111] Provide "objs" in result is deprecated and will be removed in future versions! Please use "objectives" instead.
[2023-04-09 19:01:36,416][moc][INFO][generic_smbo.py:332] Iter 19, objectives: [-0.017361749311208867].
[2023-04-09 19:01:38,890][moc][WARNING][util_funcs.py:111] Provide "objs" in result is deprecated and will be removed in future versions! Please use "objectives" instead.
[2023-04-09 19:01:38,891][moc][INFO][generic_smbo.py:332] Iter 20, objectives: [-0.017361743232891393].
