[2023-04-10 17:13:47,387][moc][INFO][color_logger.py:203] Logfile: /home/chenyiqi/wafer_scale_chip_dse_framework/logs/moc_2023-04-10-17-13-47-387409.log
[2023-04-10 17:13:47,435][moc][WARNING][util_funcs.py:111] Provide "objs" in result is deprecated and will be removed in future versions! Please use "objectives" instead.
[2023-04-10 17:13:47,435][moc][INFO][generic_smbo.py:333] Iter 1, objectives: [-8.084077312831123].
[2023-04-10 17:13:47,476][moc][WARNING][util_funcs.py:111] Provide "objs" in result is deprecated and will be removed in future versions! Please use "objectives" instead.
[2023-04-10 17:13:47,476][moc][INFO][generic_smbo.py:333] Iter 2, objectives: [-0.17350003143384346].
[2023-04-10 17:13:47,516][moc][WARNING][util_funcs.py:111] Provide "objs" in result is deprecated and will be removed in future versions! Please use "objectives" instead.
[2023-04-10 17:13:47,516][moc][INFO][generic_smbo.py:333] Iter 3, objectives: [-0.1488832759254849].
[2023-04-10 17:13:47,549][moc][WARNING][util_funcs.py:111] Provide "objs" in result is deprecated and will be removed in future versions! Please use "objectives" instead.
[2023-04-10 17:13:47,549][moc][INFO][generic_smbo.py:333] Iter 4, objectives: [-4.006039294236782].
[2023-04-10 17:13:47,583][moc][WARNING][util_funcs.py:111] Provide "objs" in result is deprecated and will be removed in future versions! Please use "objectives" instead.
[2023-04-10 17:13:47,583][moc][INFO][generic_smbo.py:333] Iter 5, objectives: [-2.576944317740592].
[2023-04-10 17:13:47,626][moc][WARNING][util_funcs.py:111] Provide "objs" in result is deprecated and will be removed in future versions! Please use "objectives" instead.
[2023-04-10 17:13:47,626][moc][INFO][generic_smbo.py:333] Iter 6, objectives: [-0.251595248442642].
[2023-04-10 17:13:47,651][moc][WARNING][util_funcs.py:111] Provide "objs" in result is deprecated and will be removed in future versions! Please use "objectives" instead.
[2023-04-10 17:13:47,651][moc][INFO][generic_smbo.py:333] Iter 7, objectives: [-0.8018169483613025].
[2023-04-10 17:13:47,679][moc][WARNING][util_funcs.py:111] Provide "objs" in result is deprecated and will be removed in future versions! Please use "objectives" instead.
[2023-04-10 17:13:47,680][moc][INFO][generic_smbo.py:333] Iter 8, objectives: [-0.11155451826529378].
[2023-04-10 17:13:47,701][moc][WARNING][util_funcs.py:111] Provide "objs" in result is deprecated and will be removed in future versions! Please use "objectives" instead.
[2023-04-10 17:13:47,701][moc][INFO][generic_smbo.py:333] Iter 9, objectives: [-1.639985471265625].
[2023-04-10 17:13:47,722][moc][WARNING][util_funcs.py:111] Provide "objs" in result is deprecated and will be removed in future versions! Please use "objectives" instead.
[2023-04-10 17:13:47,722][moc][INFO][generic_smbo.py:333] Iter 10, objectives: [-6.22102636953016].
[2023-04-10 17:13:47,741][moc][WARNING][util_funcs.py:111] Provide "objs" in result is deprecated and will be removed in future versions! Please use "objectives" instead.
[2023-04-10 17:13:47,741][moc][INFO][generic_smbo.py:333] Iter 11, objectives: [-3.9899593471022046].
[2023-04-10 17:13:47,765][moc][WARNING][util_funcs.py:111] Provide "objs" in result is deprecated and will be removed in future versions! Please use "objectives" instead.
[2023-04-10 17:13:47,765][moc][INFO][generic_smbo.py:333] Iter 12, objectives: [-8.483240235249498].
[2023-04-10 17:13:47,788][moc][WARNING][util_funcs.py:111] Provide "objs" in result is deprecated and will be removed in future versions! Please use "objectives" instead.
[2023-04-10 17:13:47,788][moc][INFO][generic_smbo.py:333] Iter 13, objectives: [-1.2628582349233375].
[2023-04-10 17:13:47,818][moc][WARNING][util_funcs.py:111] Provide "objs" in result is deprecated and will be removed in future versions! Please use "objectives" instead.
[2023-04-10 17:13:47,818][moc][INFO][generic_smbo.py:333] Iter 14, objectives: [-3.5809747192188417].
[2023-04-10 17:13:47,845][moc][WARNING][util_funcs.py:111] Provide "objs" in result is deprecated and will be removed in future versions! Please use "objectives" instead.
[2023-04-10 17:13:47,845][moc][INFO][generic_smbo.py:333] Iter 15, objectives: [-3.1309840082018234].
[2023-04-10 17:13:47,876][moc][WARNING][util_funcs.py:111] Provide "objs" in result is deprecated and will be removed in future versions! Please use "objectives" instead.
[2023-04-10 17:13:47,876][moc][INFO][generic_smbo.py:333] Iter 16, objectives: [-0.08210630764534661].
[2023-04-10 17:13:47,899][moc][WARNING][util_funcs.py:111] Provide "objs" in result is deprecated and will be removed in future versions! Please use "objectives" instead.
[2023-04-10 17:13:47,899][moc][INFO][generic_smbo.py:333] Iter 17, objectives: [-5.397183021007107].
[2023-04-10 17:13:47,919][moc][WARNING][util_funcs.py:111] Provide "objs" in result is deprecated and will be removed in future versions! Please use "objectives" instead.
[2023-04-10 17:13:47,920][moc][INFO][generic_smbo.py:333] Iter 18, objectives: [-8.613224747245658].
[2023-04-10 17:13:47,941][moc][WARNING][util_funcs.py:111] Provide "objs" in result is deprecated and will be removed in future versions! Please use "objectives" instead.
[2023-04-10 17:13:47,942][moc][INFO][generic_smbo.py:333] Iter 19, objectives: [-6.560249571986826].
[2023-04-10 17:13:47,961][moc][WARNING][util_funcs.py:111] Provide "objs" in result is deprecated and will be removed in future versions! Please use "objectives" instead.
[2023-04-10 17:13:47,962][moc][INFO][generic_smbo.py:333] Iter 20, objectives: [-1.350561013475308].
[2023-04-10 17:13:47,962][moc][WARNING][util_funcs.py:111] Provide "objs" in result is deprecated and will be removed in future versions! Please use "objectives" instead.
[2023-04-10 17:13:47,962][moc][WARNING][util_funcs.py:123] Unused information in result: {'config': [{'data_parallel_size': 12, 'micro_batch_size': 40, 'model_parallel_size': 6, 'num_reticle_per_pipeline_stage': 42, 'tensor_parallel_size': 1}]}
[2023-04-10 17:13:47,962][moc][INFO][generic_smbo.py:418] Iter 2, objectives: [-8.613224747245658].
[2023-04-10 17:13:47,963][moc][WARNING][util_funcs.py:231] Keyword argument "num_objs" is deprecated and will be removed in a future version. Please use "num_objectives" instead.
