[2023-04-10 19:04:46,266][moc][INFO][color_logger.py:203] Logfile: /home/chenyiqi/wafer_scale_chip_dse_framework/logs/moc_2023-04-10-19-04-46-265582.log
[2023-04-10 19:04:46,274][moc][WARNING][util_funcs.py:111] Provide "objs" in result is deprecated and will be removed in future versions! Please use "objectives" instead.
[2023-04-10 19:04:46,275][moc][INFO][generic_smbo.py:333] Iter 1, objectives: [-0.4721544635539975].
[2023-04-10 19:04:46,279][moc][WARNING][util_funcs.py:111] Provide "objs" in result is deprecated and will be removed in future versions! Please use "objectives" instead.
[2023-04-10 19:04:46,279][moc][INFO][generic_smbo.py:333] Iter 2, objectives: [-1.257547052943914].
[2023-04-10 19:04:46,283][moc][WARNING][util_funcs.py:111] Provide "objs" in result is deprecated and will be removed in future versions! Please use "objectives" instead.
[2023-04-10 19:04:46,283][moc][INFO][generic_smbo.py:333] Iter 3, objectives: [-2.901370455935267].
[2023-04-10 19:04:46,287][moc][WARNING][util_funcs.py:111] Provide "objs" in result is deprecated and will be removed in future versions! Please use "objectives" instead.
[2023-04-10 19:04:46,287][moc][INFO][generic_smbo.py:333] Iter 4, objectives: [-0.6914283523172408].
[2023-04-10 19:04:46,292][moc][WARNING][util_funcs.py:111] Provide "objs" in result is deprecated and will be removed in future versions! Please use "objectives" instead.
[2023-04-10 19:04:46,292][moc][INFO][generic_smbo.py:333] Iter 5, objectives: [-3.8323319807551934].
[2023-04-10 19:04:46,296][moc][WARNING][util_funcs.py:111] Provide "objs" in result is deprecated and will be removed in future versions! Please use "objectives" instead.
[2023-04-10 19:04:46,296][moc][INFO][generic_smbo.py:333] Iter 6, objectives: [-2.1069925885642333].
[2023-04-10 19:04:46,300][moc][WARNING][util_funcs.py:111] Provide "objs" in result is deprecated and will be removed in future versions! Please use "objectives" instead.
[2023-04-10 19:04:46,300][moc][INFO][generic_smbo.py:333] Iter 7, objectives: [-0.2609629052726839].
[2023-04-10 19:04:46,305][moc][WARNING][util_funcs.py:111] Provide "objs" in result is deprecated and will be removed in future versions! Please use "objectives" instead.
[2023-04-10 19:04:46,305][moc][INFO][generic_smbo.py:333] Iter 8, objectives: [-22.032302777997604].
[2023-04-10 19:04:46,309][moc][WARNING][util_funcs.py:111] Provide "objs" in result is deprecated and will be removed in future versions! Please use "objectives" instead.
[2023-04-10 19:04:46,309][moc][INFO][generic_smbo.py:333] Iter 9, objectives: [-3.1150003859610083].
[2023-04-10 19:04:46,313][moc][WARNING][util_funcs.py:111] Provide "objs" in result is deprecated and will be removed in future versions! Please use "objectives" instead.
[2023-04-10 19:04:46,313][moc][INFO][generic_smbo.py:333] Iter 10, objectives: [-0.3817140235375641].
[2023-04-10 19:04:46,317][moc][WARNING][util_funcs.py:111] Provide "objs" in result is deprecated and will be removed in future versions! Please use "objectives" instead.
[2023-04-10 19:04:46,317][moc][INFO][generic_smbo.py:333] Iter 11, objectives: [-23.137373347744848].
[2023-04-10 19:04:46,321][moc][WARNING][util_funcs.py:111] Provide "objs" in result is deprecated and will be removed in future versions! Please use "objectives" instead.
[2023-04-10 19:04:46,321][moc][INFO][generic_smbo.py:333] Iter 12, objectives: [-43.0229736975928].
[2023-04-10 19:04:46,326][moc][WARNING][util_funcs.py:111] Provide "objs" in result is deprecated and will be removed in future versions! Please use "objectives" instead.
[2023-04-10 19:04:46,326][moc][INFO][generic_smbo.py:333] Iter 13, objectives: [-3.940119265203692].
[2023-04-10 19:04:46,330][moc][WARNING][util_funcs.py:111] Provide "objs" in result is deprecated and will be removed in future versions! Please use "objectives" instead.
[2023-04-10 19:04:46,330][moc][INFO][generic_smbo.py:333] Iter 14, objectives: [-1.5022141379684228].
[2023-04-10 19:04:46,335][moc][WARNING][util_funcs.py:111] Provide "objs" in result is deprecated and will be removed in future versions! Please use "objectives" instead.
[2023-04-10 19:04:46,335][moc][INFO][generic_smbo.py:333] Iter 15, objectives: [-2.738496162875511].
[2023-04-10 19:04:46,339][moc][WARNING][util_funcs.py:111] Provide "objs" in result is deprecated and will be removed in future versions! Please use "objectives" instead.
[2023-04-10 19:04:46,339][moc][INFO][generic_smbo.py:333] Iter 16, objectives: [-1.1067311810052765].
[2023-04-10 19:04:46,343][moc][WARNING][util_funcs.py:111] Provide "objs" in result is deprecated and will be removed in future versions! Please use "objectives" instead.
[2023-04-10 19:04:46,343][moc][INFO][generic_smbo.py:333] Iter 17, objectives: [-0.7902323863960043].
[2023-04-10 19:04:46,347][moc][WARNING][util_funcs.py:111] Provide "objs" in result is deprecated and will be removed in future versions! Please use "objectives" instead.
[2023-04-10 19:04:46,348][moc][INFO][generic_smbo.py:333] Iter 18, objectives: [-2.7648552061696474].
[2023-04-10 19:04:46,351][moc][WARNING][util_funcs.py:111] Provide "objs" in result is deprecated and will be removed in future versions! Please use "objectives" instead.
[2023-04-10 19:04:46,352][moc][INFO][generic_smbo.py:333] Iter 19, objectives: [-2.7217281092982106].
[2023-04-10 19:04:46,356][moc][WARNING][util_funcs.py:111] Provide "objs" in result is deprecated and will be removed in future versions! Please use "objectives" instead.
[2023-04-10 19:04:46,356][moc][INFO][generic_smbo.py:333] Iter 20, objectives: [-1.4356565448034575].
[2023-04-10 19:04:46,357][moc][WARNING][util_funcs.py:111] Provide "objs" in result is deprecated and will be removed in future versions! Please use "objectives" instead.
[2023-04-10 19:04:46,357][moc][WARNING][util_funcs.py:123] Unused information in result: {'config': [{'data_parallel_size': 4, 'micro_batch_size': 14, 'model_parallel_size': 3, 'num_reticle_per_pipeline_stage': 72, 'tensor_parallel_size': 1}]}
[2023-04-10 19:04:46,357][moc][INFO][generic_smbo.py:418] Iter 16, objectives: [-43.0229736975928].
[2023-04-10 19:04:46,359][moc][WARNING][util_funcs.py:231] Keyword argument "num_objs" is deprecated and will be removed in a future version. Please use "num_objectives" instead.
