[2023-04-10 16:49:50,352][moc][INFO][color_logger.py:203] Logfile: /home/chenyiqi/wafer_scale_chip_dse_framework/logs/moc_2023-04-10-16-49-50-352189.log
[2023-04-10 16:49:50,359][moc][WARNING][util_funcs.py:111] Provide "objs" in result is deprecated and will be removed in future versions! Please use "objectives" instead.
[2023-04-10 16:49:50,359][moc][INFO][generic_smbo.py:333] Iter 1, objectives: [-1.0336196201595216].
[2023-04-10 16:49:50,364][moc][WARNING][util_funcs.py:111] Provide "objs" in result is deprecated and will be removed in future versions! Please use "objectives" instead.
[2023-04-10 16:49:50,365][moc][INFO][generic_smbo.py:333] Iter 2, objectives: [-0.6007433548125828].
[2023-04-10 16:49:50,369][moc][WARNING][util_funcs.py:111] Provide "objs" in result is deprecated and will be removed in future versions! Please use "objectives" instead.
[2023-04-10 16:49:50,370][moc][INFO][generic_smbo.py:333] Iter 3, objectives: [-1.8561994513995264].
[2023-04-10 16:49:50,374][moc][WARNING][util_funcs.py:111] Provide "objs" in result is deprecated and will be removed in future versions! Please use "objectives" instead.
[2023-04-10 16:49:50,375][moc][INFO][generic_smbo.py:333] Iter 4, objectives: [-0.690468807120196].
[2023-04-10 16:49:50,380][moc][WARNING][util_funcs.py:111] Provide "objs" in result is deprecated and will be removed in future versions! Please use "objectives" instead.
[2023-04-10 16:49:50,380][moc][INFO][generic_smbo.py:333] Iter 5, objectives: [-4.878440580935382].
[2023-04-10 16:49:50,385][moc][WARNING][util_funcs.py:111] Provide "objs" in result is deprecated and will be removed in future versions! Please use "objectives" instead.
[2023-04-10 16:49:50,385][moc][INFO][generic_smbo.py:333] Iter 6, objectives: [-32.62187550584412].
[2023-04-10 16:49:50,391][moc][WARNING][util_funcs.py:111] Provide "objs" in result is deprecated and will be removed in future versions! Please use "objectives" instead.
[2023-04-10 16:49:50,391][moc][INFO][generic_smbo.py:333] Iter 7, objectives: [-0.3491303717250385].
[2023-04-10 16:49:50,396][moc][WARNING][util_funcs.py:111] Provide "objs" in result is deprecated and will be removed in future versions! Please use "objectives" instead.
[2023-04-10 16:49:50,396][moc][INFO][generic_smbo.py:333] Iter 8, objectives: [-0.36677556860477045].
[2023-04-10 16:49:50,401][moc][WARNING][util_funcs.py:111] Provide "objs" in result is deprecated and will be removed in future versions! Please use "objectives" instead.
[2023-04-10 16:49:50,401][moc][INFO][generic_smbo.py:333] Iter 9, objectives: [-0.77046006689814].
[2023-04-10 16:49:50,406][moc][WARNING][util_funcs.py:111] Provide "objs" in result is deprecated and will be removed in future versions! Please use "objectives" instead.
[2023-04-10 16:49:50,406][moc][INFO][generic_smbo.py:333] Iter 10, objectives: [-0.7544840045998882].
[2023-04-10 16:49:50,406][moc][WARNING][util_funcs.py:111] Provide "objs" in result is deprecated and will be removed in future versions! Please use "objectives" instead.
[2023-04-10 16:49:50,407][moc][WARNING][util_funcs.py:123] Unused information in result: {'config': [Configuration(values={
  'data_parallel_size': 1,
  'micro_batch_size': 320,
  'model_parallel_size': 6,
  'num_reticle_per_pipeline_stage': 84,
  'tensor_parallel_size': 1,
})
]}
[2023-04-10 16:49:50,407][moc][INFO][generic_smbo.py:418] Iter 13, objectives: [-32.62187550584412].
[2023-04-10 16:49:55,219][moc][WARNING][util_funcs.py:231] Keyword argument "num_objs" is deprecated and will be removed in a future version. Please use "num_objectives" instead.
