[2023-04-10 17:14:01,578][moc][INFO][color_logger.py:203] Logfile: /home/chenyiqi/wafer_scale_chip_dse_framework/logs/moc_2023-04-10-17-14-01-578036.log
[2023-04-10 17:14:01,584][moc][WARNING][util_funcs.py:111] Provide "objs" in result is deprecated and will be removed in future versions! Please use "objectives" instead.
[2023-04-10 17:14:01,584][moc][INFO][generic_smbo.py:333] Iter 1, objectives: [-85.96896197850637].
[2023-04-10 17:14:01,588][moc][WARNING][util_funcs.py:111] Provide "objs" in result is deprecated and will be removed in future versions! Please use "objectives" instead.
[2023-04-10 17:14:01,588][moc][INFO][generic_smbo.py:333] Iter 2, objectives: [-0.5292380673624613].
[2023-04-10 17:14:01,592][moc][WARNING][util_funcs.py:111] Provide "objs" in result is deprecated and will be removed in future versions! Please use "objectives" instead.
[2023-04-10 17:14:01,592][moc][INFO][generic_smbo.py:333] Iter 3, objectives: [-0.3686882613703455].
[2023-04-10 17:14:01,596][moc][WARNING][util_funcs.py:111] Provide "objs" in result is deprecated and will be removed in future versions! Please use "objectives" instead.
[2023-04-10 17:14:01,596][moc][INFO][generic_smbo.py:333] Iter 4, objectives: [-0.5155090493170068].
[2023-04-10 17:14:01,600][moc][WARNING][util_funcs.py:111] Provide "objs" in result is deprecated and will be removed in future versions! Please use "objectives" instead.
[2023-04-10 17:14:01,601][moc][INFO][generic_smbo.py:333] Iter 5, objectives: [-0.6303368542848664].
[2023-04-10 17:14:01,604][moc][WARNING][util_funcs.py:111] Provide "objs" in result is deprecated and will be removed in future versions! Please use "objectives" instead.
[2023-04-10 17:14:01,605][moc][INFO][generic_smbo.py:333] Iter 6, objectives: [-0.639062912434692].
[2023-04-10 17:14:01,609][moc][WARNING][util_funcs.py:111] Provide "objs" in result is deprecated and will be removed in future versions! Please use "objectives" instead.
[2023-04-10 17:14:01,609][moc][INFO][generic_smbo.py:333] Iter 7, objectives: [-0.3969819675988094].
[2023-04-10 17:14:01,613][moc][WARNING][util_funcs.py:111] Provide "objs" in result is deprecated and will be removed in future versions! Please use "objectives" instead.
[2023-04-10 17:14:01,613][moc][INFO][generic_smbo.py:333] Iter 8, objectives: [-0.7357986884187763].
[2023-04-10 17:14:01,617][moc][WARNING][util_funcs.py:111] Provide "objs" in result is deprecated and will be removed in future versions! Please use "objectives" instead.
[2023-04-10 17:14:01,617][moc][INFO][generic_smbo.py:333] Iter 9, objectives: [-0.3414683024107833].
[2023-04-10 17:14:01,621][moc][WARNING][util_funcs.py:111] Provide "objs" in result is deprecated and will be removed in future versions! Please use "objectives" instead.
[2023-04-10 17:14:01,621][moc][INFO][generic_smbo.py:333] Iter 10, objectives: [-0.4540536776379772].
[2023-04-10 17:14:01,625][moc][WARNING][util_funcs.py:111] Provide "objs" in result is deprecated and will be removed in future versions! Please use "objectives" instead.
[2023-04-10 17:14:01,625][moc][INFO][generic_smbo.py:333] Iter 11, objectives: [-0.5097943457645812].
[2023-04-10 17:14:01,629][moc][WARNING][util_funcs.py:111] Provide "objs" in result is deprecated and will be removed in future versions! Please use "objectives" instead.
[2023-04-10 17:14:01,629][moc][INFO][generic_smbo.py:333] Iter 12, objectives: [-1.9631185508598716].
[2023-04-10 17:14:01,633][moc][WARNING][util_funcs.py:111] Provide "objs" in result is deprecated and will be removed in future versions! Please use "objectives" instead.
[2023-04-10 17:14:01,634][moc][INFO][generic_smbo.py:333] Iter 13, objectives: [-0.7494068275572427].
[2023-04-10 17:14:01,637][moc][WARNING][util_funcs.py:111] Provide "objs" in result is deprecated and will be removed in future versions! Please use "objectives" instead.
[2023-04-10 17:14:01,638][moc][INFO][generic_smbo.py:333] Iter 14, objectives: [-0.4158135452389522].
[2023-04-10 17:14:01,641][moc][WARNING][util_funcs.py:111] Provide "objs" in result is deprecated and will be removed in future versions! Please use "objectives" instead.
[2023-04-10 17:14:01,642][moc][INFO][generic_smbo.py:333] Iter 15, objectives: [-0.765499135498177].
[2023-04-10 17:14:01,646][moc][WARNING][util_funcs.py:111] Provide "objs" in result is deprecated and will be removed in future versions! Please use "objectives" instead.
[2023-04-10 17:14:01,646][moc][INFO][generic_smbo.py:333] Iter 16, objectives: [-0.7708251409791472].
[2023-04-10 17:14:01,650][moc][WARNING][util_funcs.py:111] Provide "objs" in result is deprecated and will be removed in future versions! Please use "objectives" instead.
[2023-04-10 17:14:01,650][moc][INFO][generic_smbo.py:333] Iter 17, objectives: [-0.4800647618635398].
[2023-04-10 17:14:01,654][moc][WARNING][util_funcs.py:111] Provide "objs" in result is deprecated and will be removed in future versions! Please use "objectives" instead.
[2023-04-10 17:14:01,654][moc][INFO][generic_smbo.py:333] Iter 18, objectives: [-0.48925519400620165].
[2023-04-10 17:14:01,658][moc][WARNING][util_funcs.py:111] Provide "objs" in result is deprecated and will be removed in future versions! Please use "objectives" instead.
[2023-04-10 17:14:01,658][moc][INFO][generic_smbo.py:333] Iter 19, objectives: [-1.168334120278476].
[2023-04-10 17:14:01,663][moc][WARNING][util_funcs.py:111] Provide "objs" in result is deprecated and will be removed in future versions! Please use "objectives" instead.
[2023-04-10 17:14:01,663][moc][INFO][generic_smbo.py:333] Iter 20, objectives: [-0.5140299904787188].
[2023-04-10 17:14:01,663][moc][WARNING][util_funcs.py:111] Provide "objs" in result is deprecated and will be removed in future versions! Please use "objectives" instead.
[2023-04-10 17:14:01,663][moc][WARNING][util_funcs.py:123] Unused information in result: {'config': [{'data_parallel_size': 1, 'micro_batch_size': 16, 'model_parallel_size': 1, 'num_reticle_per_pipeline_stage': 102, 'tensor_parallel_size': 1}]}
[2023-04-10 17:14:01,664][moc][INFO][generic_smbo.py:418] Iter 10, objectives: [-85.96896197850637].
[2023-04-10 17:14:05,845][moc][WARNING][util_funcs.py:231] Keyword argument "num_objs" is deprecated and will be removed in a future version. Please use "num_objectives" instead.
