[2023-04-10 17:12:06,111][moc][INFO][color_logger.py:203] Logfile: /home/chenyiqi/wafer_scale_chip_dse_framework/logs/moc_2023-04-10-17-12-06-111149.log
[2023-04-10 17:12:06,288][moc][WARNING][util_funcs.py:111] Provide "objs" in result is deprecated and will be removed in future versions! Please use "objectives" instead.
[2023-04-10 17:12:06,288][moc][INFO][generic_smbo.py:333] Iter 1, objectives: [-0.5511984734375526].
[2023-04-10 17:12:06,440][moc][WARNING][util_funcs.py:111] Provide "objs" in result is deprecated and will be removed in future versions! Please use "objectives" instead.
[2023-04-10 17:12:06,440][moc][INFO][generic_smbo.py:333] Iter 2, objectives: [-2.6034209954679643].
[2023-04-10 17:12:06,567][moc][WARNING][util_funcs.py:111] Provide "objs" in result is deprecated and will be removed in future versions! Please use "objectives" instead.
[2023-04-10 17:12:06,567][moc][INFO][generic_smbo.py:333] Iter 3, objectives: [-14.834271752304126].
[2023-04-10 17:12:06,704][moc][WARNING][util_funcs.py:111] Provide "objs" in result is deprecated and will be removed in future versions! Please use "objectives" instead.
[2023-04-10 17:12:06,704][moc][INFO][generic_smbo.py:333] Iter 4, objectives: [-2.8414465563818845].
[2023-04-10 17:12:06,870][moc][WARNING][util_funcs.py:111] Provide "objs" in result is deprecated and will be removed in future versions! Please use "objectives" instead.
[2023-04-10 17:12:06,870][moc][INFO][generic_smbo.py:333] Iter 5, objectives: [-1.0290189561295022].
[2023-04-10 17:12:07,048][moc][WARNING][util_funcs.py:111] Provide "objs" in result is deprecated and will be removed in future versions! Please use "objectives" instead.
[2023-04-10 17:12:07,049][moc][INFO][generic_smbo.py:333] Iter 6, objectives: [-0.20374810626186798].
[2023-04-10 17:12:07,201][moc][WARNING][util_funcs.py:111] Provide "objs" in result is deprecated and will be removed in future versions! Please use "objectives" instead.
[2023-04-10 17:12:07,201][moc][INFO][generic_smbo.py:333] Iter 7, objectives: [-1.3306168846799835].
[2023-04-10 17:12:07,374][moc][WARNING][util_funcs.py:111] Provide "objs" in result is deprecated and will be removed in future versions! Please use "objectives" instead.
[2023-04-10 17:12:07,375][moc][INFO][generic_smbo.py:333] Iter 8, objectives: [-0.24566912197777188].
[2023-04-10 17:12:07,557][moc][WARNING][util_funcs.py:111] Provide "objs" in result is deprecated and will be removed in future versions! Please use "objectives" instead.
[2023-04-10 17:12:07,558][moc][INFO][generic_smbo.py:333] Iter 9, objectives: [-0.15128342304530867].
[2023-04-10 17:12:07,677][moc][WARNING][util_funcs.py:111] Provide "objs" in result is deprecated and will be removed in future versions! Please use "objectives" instead.
[2023-04-10 17:12:07,678][moc][INFO][generic_smbo.py:333] Iter 10, objectives: [-0.7539941318219391].
[2023-04-10 17:12:07,863][moc][WARNING][util_funcs.py:111] Provide "objs" in result is deprecated and will be removed in future versions! Please use "objectives" instead.
[2023-04-10 17:12:07,863][moc][INFO][generic_smbo.py:333] Iter 11, objectives: [-0.04321481547140116].
[2023-04-10 17:12:08,153][moc][WARNING][util_funcs.py:111] Provide "objs" in result is deprecated and will be removed in future versions! Please use "objectives" instead.
[2023-04-10 17:12:08,153][moc][INFO][generic_smbo.py:333] Iter 12, objectives: [-0.2260592407953343].
[2023-04-10 17:12:08,344][moc][WARNING][util_funcs.py:111] Provide "objs" in result is deprecated and will be removed in future versions! Please use "objectives" instead.
[2023-04-10 17:12:08,344][moc][INFO][generic_smbo.py:333] Iter 13, objectives: [-0.4409456267337276].
[2023-04-10 17:12:08,496][moc][WARNING][util_funcs.py:111] Provide "objs" in result is deprecated and will be removed in future versions! Please use "objectives" instead.
[2023-04-10 17:12:08,496][moc][INFO][generic_smbo.py:333] Iter 14, objectives: [-4.246866087212679].
[2023-04-10 17:12:08,624][moc][WARNING][util_funcs.py:111] Provide "objs" in result is deprecated and will be removed in future versions! Please use "objectives" instead.
[2023-04-10 17:12:08,624][moc][INFO][generic_smbo.py:333] Iter 15, objectives: [-1.3060199677427695].
[2023-04-10 17:12:08,801][moc][WARNING][util_funcs.py:111] Provide "objs" in result is deprecated and will be removed in future versions! Please use "objectives" instead.
[2023-04-10 17:12:08,802][moc][INFO][generic_smbo.py:333] Iter 16, objectives: [-1.4647581837094346].
[2023-04-10 17:12:08,911][moc][WARNING][util_funcs.py:111] Provide "objs" in result is deprecated and will be removed in future versions! Please use "objectives" instead.
[2023-04-10 17:12:08,911][moc][INFO][generic_smbo.py:333] Iter 17, objectives: [-3.4081192852655824].
[2023-04-10 17:12:09,044][moc][WARNING][util_funcs.py:111] Provide "objs" in result is deprecated and will be removed in future versions! Please use "objectives" instead.
[2023-04-10 17:12:09,044][moc][INFO][generic_smbo.py:333] Iter 18, objectives: [-1.6975261325471864].
[2023-04-10 17:12:09,181][moc][WARNING][util_funcs.py:111] Provide "objs" in result is deprecated and will be removed in future versions! Please use "objectives" instead.
[2023-04-10 17:12:09,181][moc][INFO][generic_smbo.py:333] Iter 19, objectives: [-1.2504582758883651].
[2023-04-10 17:12:09,360][moc][WARNING][util_funcs.py:111] Provide "objs" in result is deprecated and will be removed in future versions! Please use "objectives" instead.
[2023-04-10 17:12:09,360][moc][INFO][generic_smbo.py:333] Iter 20, objectives: [-0.5409901352759943].
[2023-04-10 17:12:09,361][moc][WARNING][util_funcs.py:111] Provide "objs" in result is deprecated and will be removed in future versions! Please use "objectives" instead.
[2023-04-10 17:12:09,361][moc][WARNING][util_funcs.py:123] Unused information in result: {'config': [{'data_parallel_size': 3, 'micro_batch_size': 95, 'model_parallel_size': 3, 'num_reticle_per_pipeline_stage': 308, 'tensor_parallel_size': 1}]}
[2023-04-10 17:12:09,361][moc][INFO][generic_smbo.py:418] Iter 16, objectives: [-14.834271752304126].
[2023-04-10 17:12:13,979][moc][WARNING][util_funcs.py:231] Keyword argument "num_objs" is deprecated and will be removed in a future version. Please use "num_objectives" instead.
