[2023-04-10 16:57:48,762][moc][INFO][color_logger.py:203] Logfile: /home/chenyiqi/wafer_scale_chip_dse_framework/logs/moc_2023-04-10-16-57-48-762590.log
[2023-04-10 16:57:48,856][moc][WARNING][util_funcs.py:111] Provide "objs" in result is deprecated and will be removed in future versions! Please use "objectives" instead.
[2023-04-10 16:57:48,857][moc][INFO][generic_smbo.py:333] Iter 1, objectives: [-1.5106799552205266].
[2023-04-10 16:57:48,960][moc][WARNING][util_funcs.py:111] Provide "objs" in result is deprecated and will be removed in future versions! Please use "objectives" instead.
[2023-04-10 16:57:48,960][moc][INFO][generic_smbo.py:333] Iter 2, objectives: [-0.2465788957527616].
[2023-04-10 16:57:49,028][moc][WARNING][util_funcs.py:111] Provide "objs" in result is deprecated and will be removed in future versions! Please use "objectives" instead.
[2023-04-10 16:57:49,028][moc][INFO][generic_smbo.py:333] Iter 3, objectives: [-0.2635575302492324].
[2023-04-10 16:57:49,071][moc][WARNING][util_funcs.py:111] Provide "objs" in result is deprecated and will be removed in future versions! Please use "objectives" instead.
[2023-04-10 16:57:49,072][moc][INFO][generic_smbo.py:333] Iter 4, objectives: [-10.52601883934389].
[2023-04-10 16:57:49,149][moc][WARNING][util_funcs.py:111] Provide "objs" in result is deprecated and will be removed in future versions! Please use "objectives" instead.
[2023-04-10 16:57:49,149][moc][INFO][generic_smbo.py:333] Iter 5, objectives: [-0.0654918817502384].
[2023-04-10 16:57:49,213][moc][WARNING][util_funcs.py:111] Provide "objs" in result is deprecated and will be removed in future versions! Please use "objectives" instead.
[2023-04-10 16:57:49,213][moc][INFO][generic_smbo.py:333] Iter 6, objectives: [-12.800606190327654].
[2023-04-10 16:57:49,292][moc][WARNING][util_funcs.py:111] Provide "objs" in result is deprecated and will be removed in future versions! Please use "objectives" instead.
[2023-04-10 16:57:49,292][moc][INFO][generic_smbo.py:333] Iter 7, objectives: [-0.3682172804581382].
[2023-04-10 16:57:49,366][moc][WARNING][util_funcs.py:111] Provide "objs" in result is deprecated and will be removed in future versions! Please use "objectives" instead.
[2023-04-10 16:57:49,366][moc][INFO][generic_smbo.py:333] Iter 8, objectives: [-0.11126178018793613].
[2023-04-10 16:57:49,438][moc][WARNING][util_funcs.py:111] Provide "objs" in result is deprecated and will be removed in future versions! Please use "objectives" instead.
[2023-04-10 16:57:49,438][moc][INFO][generic_smbo.py:333] Iter 9, objectives: [-0.3118979575238476].
[2023-04-10 16:57:49,500][moc][WARNING][util_funcs.py:111] Provide "objs" in result is deprecated and will be removed in future versions! Please use "objectives" instead.
[2023-04-10 16:57:49,501][moc][INFO][generic_smbo.py:333] Iter 10, objectives: [-0.9214465024738391].
[2023-04-10 16:57:49,501][moc][WARNING][util_funcs.py:111] Provide "objs" in result is deprecated and will be removed in future versions! Please use "objectives" instead.
[2023-04-10 16:57:49,501][moc][WARNING][util_funcs.py:123] Unused information in result: {'config': [{'data_parallel_size': 24, 'micro_batch_size': 20, 'model_parallel_size': 4, 'num_reticle_per_pipeline_stage': 65, 'tensor_parallel_size': 2}]}
[2023-04-10 16:57:49,502][moc][INFO][generic_smbo.py:418] Iter 9, objectives: [-12.800606190327654].
[2023-04-10 16:57:49,502][moc][INFO][mf_advisor.py:411] Sample random config. rand_prob=0.100000.
[2023-04-10 16:57:49,503][moc][WARNING][util_funcs.py:231] Keyword argument "num_objs" is deprecated and will be removed in a future version. Please use "num_objectives" instead.
