[2023-04-09 19:22:17,366][moc][INFO][color_logger.py:203] Logfile: /home/chenyiqi/wafer_scale_chip_dse_framework/logs/moc_2023-04-09-19-22-17-361149.log
[2023-04-09 19:22:17,376][moc][INFO][generic_advisor.py:157] [BO auto selection]  acq_type: ei.
[2023-04-09 19:22:17,917][moc][WARNING][util_funcs.py:111] Provide "objs" in result is deprecated and will be removed in future versions! Please use "objectives" instead.
[2023-04-09 19:22:17,919][moc][INFO][generic_smbo.py:332] Iter 1, objectives: [-0.008681805647372656].
[2023-04-09 19:22:18,132][moc][WARNING][util_funcs.py:111] Provide "objs" in result is deprecated and will be removed in future versions! Please use "objectives" instead.
[2023-04-09 19:22:18,133][moc][INFO][generic_smbo.py:332] Iter 2, objectives: [-0.011575321945225646].
[2023-04-09 19:22:18,336][moc][WARNING][util_funcs.py:111] Provide "objs" in result is deprecated and will be removed in future versions! Please use "objectives" instead.
[2023-04-09 19:22:18,337][moc][INFO][generic_smbo.py:332] Iter 3, objectives: [-0.011575313164189619].
[2023-04-09 19:22:18,634][moc][WARNING][util_funcs.py:111] Provide "objs" in result is deprecated and will be removed in future versions! Please use "objectives" instead.
[2023-04-09 19:22:18,635][moc][INFO][generic_smbo.py:332] Iter 4, objectives: [-0.011575333235148685].
[2023-04-09 19:22:18,884][moc][WARNING][util_funcs.py:111] Provide "objs" in result is deprecated and will be removed in future versions! Please use "objectives" instead.
[2023-04-09 19:22:18,885][moc][INFO][generic_smbo.py:332] Iter 5, objectives: [-0.008681799133495302].
[2023-04-09 19:22:19,108][moc][WARNING][util_funcs.py:111] Provide "objs" in result is deprecated and will be removed in future versions! Please use "objectives" instead.
[2023-04-09 19:22:19,109][moc][INFO][generic_smbo.py:332] Iter 6, objectives: [-0.017361759036525676].
[2023-04-09 19:22:19,111][moc][INFO][generic_advisor.py:365] Sample random config. rand_prob=0.100000.
[2023-04-09 19:22:19,834][moc][WARNING][util_funcs.py:111] Provide "objs" in result is deprecated and will be removed in future versions! Please use "objectives" instead.
[2023-04-09 19:22:19,835][moc][INFO][generic_smbo.py:332] Iter 7, objectives: [-0.004961254243727455].
[2023-04-09 19:22:20,969][moc][WARNING][util_funcs.py:111] Provide "objs" in result is deprecated and will be removed in future versions! Please use "objectives" instead.
[2023-04-09 19:22:20,971][moc][INFO][generic_smbo.py:332] Iter 8, objectives: [-0.01736175452119866].
[2023-04-09 19:22:22,131][moc][WARNING][util_funcs.py:111] Provide "objs" in result is deprecated and will be removed in future versions! Please use "objectives" instead.
[2023-04-09 19:22:22,131][moc][INFO][generic_smbo.py:332] Iter 9, objectives: [-0.01736175452119866].
[2023-04-09 19:22:23,443][moc][WARNING][util_funcs.py:111] Provide "objs" in result is deprecated and will be removed in future versions! Please use "objectives" instead.
[2023-04-09 19:22:23,444][moc][INFO][generic_smbo.py:332] Iter 10, objectives: [-0.017361759036525676].
[2023-04-09 19:22:24,825][moc][WARNING][util_funcs.py:111] Provide "objs" in result is deprecated and will be removed in future versions! Please use "objectives" instead.
[2023-04-09 19:22:24,826][moc][INFO][generic_smbo.py:332] Iter 11, objectives: [-0.017361762987438745].
[2023-04-09 19:22:26,427][moc][WARNING][util_funcs.py:111] Provide "objs" in result is deprecated and will be removed in future versions! Please use "objectives" instead.
[2023-04-09 19:22:26,428][moc][INFO][generic_smbo.py:332] Iter 12, objectives: [-0.017361774840188735].
[2023-04-09 19:22:27,815][moc][WARNING][util_funcs.py:111] Provide "objs" in result is deprecated and will be removed in future versions! Please use "objectives" instead.
[2023-04-09 19:22:27,816][moc][INFO][generic_smbo.py:332] Iter 13, objectives: [-0.01736177709785723].
[2023-04-09 19:22:29,168][moc][WARNING][util_funcs.py:111] Provide "objs" in result is deprecated and will be removed in future versions! Please use "objectives" instead.
[2023-04-09 19:22:29,170][moc][INFO][generic_smbo.py:332] Iter 14, objectives: [-0.01736177915028365].
[2023-04-09 19:22:30,286][moc][WARNING][util_funcs.py:111] Provide "objs" in result is deprecated and will be removed in future versions! Please use "objectives" instead.
[2023-04-09 19:22:30,287][moc][INFO][generic_smbo.py:332] Iter 15, objectives: [-0.01736177915028365].
[2023-04-09 19:22:32,116][moc][WARNING][util_funcs.py:111] Provide "objs" in result is deprecated and will be removed in future versions! Please use "objectives" instead.
[2023-04-09 19:22:32,118][moc][INFO][generic_smbo.py:332] Iter 16, objectives: [-0.01736178102423863].
[2023-04-09 19:22:33,214][moc][WARNING][util_funcs.py:111] Provide "objs" in result is deprecated and will be removed in future versions! Please use "objectives" instead.
[2023-04-09 19:22:33,215][moc][INFO][generic_smbo.py:332] Iter 17, objectives: [-0.011575324203208491].
[2023-04-09 19:22:35,329][moc][WARNING][util_funcs.py:111] Provide "objs" in result is deprecated and will be removed in future versions! Please use "objectives" instead.
[2023-04-09 19:22:35,330][moc][INFO][generic_smbo.py:332] Iter 18, objectives: [-0.017361772344871605].
[2023-04-09 19:22:36,695][moc][WARNING][util_funcs.py:111] Provide "objs" in result is deprecated and will be removed in future versions! Please use "objectives" instead.
[2023-04-09 19:22:36,697][moc][INFO][generic_smbo.py:332] Iter 19, objectives: [-0.017361769572297854].
[2023-04-09 19:22:38,379][moc][WARNING][util_funcs.py:111] Provide "objs" in result is deprecated and will be removed in future versions! Please use "objectives" instead.
[2023-04-09 19:22:38,380][moc][INFO][generic_smbo.py:332] Iter 20, objectives: [-0.017361774840188735].
