[2023-04-10 17:07:54,239][moc][INFO][color_logger.py:203] Logfile: /home/chenyiqi/wafer_scale_chip_dse_framework/logs/moc_2023-04-10-17-07-54-239089.log
[2023-04-10 17:07:54,245][moc][WARNING][util_funcs.py:111] Provide "objs" in result is deprecated and will be removed in future versions! Please use "objectives" instead.
[2023-04-10 17:07:54,245][moc][INFO][generic_smbo.py:333] Iter 1, objectives: [-1.111665238380043].
[2023-04-10 17:07:54,250][moc][WARNING][util_funcs.py:111] Provide "objs" in result is deprecated and will be removed in future versions! Please use "objectives" instead.
[2023-04-10 17:07:54,250][moc][INFO][generic_smbo.py:333] Iter 2, objectives: [-3.7881027414015644].
[2023-04-10 17:07:54,254][moc][WARNING][util_funcs.py:111] Provide "objs" in result is deprecated and will be removed in future versions! Please use "objectives" instead.
[2023-04-10 17:07:54,254][moc][INFO][generic_smbo.py:333] Iter 3, objectives: [-0.8029940425509341].
[2023-04-10 17:07:54,258][moc][WARNING][util_funcs.py:111] Provide "objs" in result is deprecated and will be removed in future versions! Please use "objectives" instead.
[2023-04-10 17:07:54,258][moc][INFO][generic_smbo.py:333] Iter 4, objectives: [-121.10351280626315].
[2023-04-10 17:07:54,263][moc][WARNING][util_funcs.py:111] Provide "objs" in result is deprecated and will be removed in future versions! Please use "objectives" instead.
[2023-04-10 17:07:54,263][moc][INFO][generic_smbo.py:333] Iter 5, objectives: [-10.723163742749094].
[2023-04-10 17:07:54,267][moc][WARNING][util_funcs.py:111] Provide "objs" in result is deprecated and will be removed in future versions! Please use "objectives" instead.
[2023-04-10 17:07:54,267][moc][INFO][generic_smbo.py:333] Iter 6, objectives: [-1.8540596048919078].
[2023-04-10 17:07:54,271][moc][WARNING][util_funcs.py:111] Provide "objs" in result is deprecated and will be removed in future versions! Please use "objectives" instead.
[2023-04-10 17:07:54,271][moc][INFO][generic_smbo.py:333] Iter 7, objectives: [-0.35055664465317854].
[2023-04-10 17:07:54,275][moc][WARNING][util_funcs.py:111] Provide "objs" in result is deprecated and will be removed in future versions! Please use "objectives" instead.
[2023-04-10 17:07:54,275][moc][INFO][generic_smbo.py:333] Iter 8, objectives: [-0.6427430599600931].
[2023-04-10 17:07:54,280][moc][WARNING][util_funcs.py:111] Provide "objs" in result is deprecated and will be removed in future versions! Please use "objectives" instead.
[2023-04-10 17:07:54,280][moc][INFO][generic_smbo.py:333] Iter 9, objectives: [-2.115099452533007].
[2023-04-10 17:07:54,284][moc][WARNING][util_funcs.py:111] Provide "objs" in result is deprecated and will be removed in future versions! Please use "objectives" instead.
[2023-04-10 17:07:54,284][moc][INFO][generic_smbo.py:333] Iter 10, objectives: [-0.29177801427714833].
[2023-04-10 17:07:54,288][moc][WARNING][util_funcs.py:111] Provide "objs" in result is deprecated and will be removed in future versions! Please use "objectives" instead.
[2023-04-10 17:07:54,288][moc][INFO][generic_smbo.py:333] Iter 11, objectives: [-1.0442840872522223].
[2023-04-10 17:07:54,293][moc][WARNING][util_funcs.py:111] Provide "objs" in result is deprecated and will be removed in future versions! Please use "objectives" instead.
[2023-04-10 17:07:54,293][moc][INFO][generic_smbo.py:333] Iter 12, objectives: [-1.4734432737371588].
[2023-04-10 17:07:54,297][moc][WARNING][util_funcs.py:111] Provide "objs" in result is deprecated and will be removed in future versions! Please use "objectives" instead.
[2023-04-10 17:07:54,297][moc][INFO][generic_smbo.py:333] Iter 13, objectives: [-22.328591615830085].
[2023-04-10 17:07:54,301][moc][WARNING][util_funcs.py:111] Provide "objs" in result is deprecated and will be removed in future versions! Please use "objectives" instead.
[2023-04-10 17:07:54,301][moc][INFO][generic_smbo.py:333] Iter 14, objectives: [-2.387153414352021].
[2023-04-10 17:07:54,306][moc][WARNING][util_funcs.py:111] Provide "objs" in result is deprecated and will be removed in future versions! Please use "objectives" instead.
[2023-04-10 17:07:54,306][moc][INFO][generic_smbo.py:333] Iter 15, objectives: [-0.7475365362677951].
[2023-04-10 17:07:54,310][moc][WARNING][util_funcs.py:111] Provide "objs" in result is deprecated and will be removed in future versions! Please use "objectives" instead.
[2023-04-10 17:07:54,311][moc][INFO][generic_smbo.py:333] Iter 16, objectives: [-2.450448900484906].
[2023-04-10 17:07:54,315][moc][WARNING][util_funcs.py:111] Provide "objs" in result is deprecated and will be removed in future versions! Please use "objectives" instead.
[2023-04-10 17:07:54,315][moc][INFO][generic_smbo.py:333] Iter 17, objectives: [-36.04969160194323].
[2023-04-10 17:07:54,319][moc][WARNING][util_funcs.py:111] Provide "objs" in result is deprecated and will be removed in future versions! Please use "objectives" instead.
[2023-04-10 17:07:54,319][moc][INFO][generic_smbo.py:333] Iter 18, objectives: [-0.19612984773137415].
[2023-04-10 17:07:54,324][moc][WARNING][util_funcs.py:111] Provide "objs" in result is deprecated and will be removed in future versions! Please use "objectives" instead.
[2023-04-10 17:07:54,324][moc][INFO][generic_smbo.py:333] Iter 19, objectives: [-0.8089660471098692].
[2023-04-10 17:07:54,328][moc][WARNING][util_funcs.py:111] Provide "objs" in result is deprecated and will be removed in future versions! Please use "objectives" instead.
[2023-04-10 17:07:54,328][moc][INFO][generic_smbo.py:333] Iter 20, objectives: [-1.2752216530712175].
[2023-04-10 17:07:54,329][moc][WARNING][util_funcs.py:111] Provide "objs" in result is deprecated and will be removed in future versions! Please use "objectives" instead.
[2023-04-10 17:07:54,329][moc][WARNING][util_funcs.py:123] Unused information in result: {'config': [{'data_parallel_size': 3, 'micro_batch_size': 111, 'model_parallel_size': 6, 'num_reticle_per_pipeline_stage': 104, 'tensor_parallel_size': 1}]}
[2023-04-10 17:07:54,329][moc][INFO][generic_smbo.py:418] Iter 7, objectives: [-121.10351280626315].
[2023-04-10 17:07:59,046][moc][WARNING][util_funcs.py:231] Keyword argument "num_objs" is deprecated and will be removed in a future version. Please use "num_objectives" instead.
