[2023-04-10 16:48:12,804][moc][INFO][color_logger.py:203] Logfile: /home/chenyiqi/wafer_scale_chip_dse_framework/logs/moc_2023-04-10-16-48-12-804300.log
[2023-04-10 16:48:12,809][moc][WARNING][util_funcs.py:111] Provide "objs" in result is deprecated and will be removed in future versions! Please use "objectives" instead.
[2023-04-10 16:48:12,809][moc][INFO][generic_smbo.py:333] Iter 1, objectives: [-0.9290229995771384].
[2023-04-10 16:48:12,812][moc][WARNING][util_funcs.py:111] Provide "objs" in result is deprecated and will be removed in future versions! Please use "objectives" instead.
[2023-04-10 16:48:12,812][moc][INFO][generic_smbo.py:333] Iter 2, objectives: [-5.661100612159718].
[2023-04-10 16:48:12,815][moc][WARNING][util_funcs.py:111] Provide "objs" in result is deprecated and will be removed in future versions! Please use "objectives" instead.
[2023-04-10 16:48:12,815][moc][INFO][generic_smbo.py:333] Iter 3, objectives: [-0.6084981531876595].
[2023-04-10 16:48:12,818][moc][WARNING][util_funcs.py:111] Provide "objs" in result is deprecated and will be removed in future versions! Please use "objectives" instead.
[2023-04-10 16:48:12,818][moc][INFO][generic_smbo.py:333] Iter 4, objectives: [-0.3550991815211096].
[2023-04-10 16:48:12,821][moc][WARNING][util_funcs.py:111] Provide "objs" in result is deprecated and will be removed in future versions! Please use "objectives" instead.
[2023-04-10 16:48:12,821][moc][INFO][generic_smbo.py:333] Iter 5, objectives: [-1.0606550926748737].
[2023-04-10 16:48:12,824][moc][WARNING][util_funcs.py:111] Provide "objs" in result is deprecated and will be removed in future versions! Please use "objectives" instead.
[2023-04-10 16:48:12,824][moc][INFO][generic_smbo.py:333] Iter 6, objectives: [-0.9595083212179137].
[2023-04-10 16:48:12,827][moc][WARNING][util_funcs.py:111] Provide "objs" in result is deprecated and will be removed in future versions! Please use "objectives" instead.
[2023-04-10 16:48:12,827][moc][INFO][generic_smbo.py:333] Iter 7, objectives: [-0.5129114450702499].
[2023-04-10 16:48:12,829][moc][WARNING][util_funcs.py:111] Provide "objs" in result is deprecated and will be removed in future versions! Please use "objectives" instead.
[2023-04-10 16:48:12,830][moc][INFO][generic_smbo.py:333] Iter 8, objectives: [-0.47980627817066257].
[2023-04-10 16:48:12,833][moc][WARNING][util_funcs.py:111] Provide "objs" in result is deprecated and will be removed in future versions! Please use "objectives" instead.
[2023-04-10 16:48:12,833][moc][INFO][generic_smbo.py:333] Iter 9, objectives: [-11.925971870918076].
[2023-04-10 16:48:12,835][moc][WARNING][util_funcs.py:111] Provide "objs" in result is deprecated and will be removed in future versions! Please use "objectives" instead.
[2023-04-10 16:48:12,836][moc][INFO][generic_smbo.py:333] Iter 10, objectives: [-55.70833948822524].
[2023-04-10 16:48:12,836][moc][WARNING][util_funcs.py:111] Provide "objs" in result is deprecated and will be removed in future versions! Please use "objectives" instead.
[2023-04-10 16:48:12,836][moc][WARNING][util_funcs.py:123] Unused information in result: {'config': [Configuration(values={
  'data_parallel_size': 2,
  'micro_batch_size': 41,
  'model_parallel_size': 6,
  'num_reticle_per_pipeline_stage': 38,
  'tensor_parallel_size': 1,
})
]}
[2023-04-10 16:48:12,836][moc][INFO][generic_smbo.py:418] Iter 19, objectives: [-55.70833948822524].
[2023-04-10 16:48:17,277][moc][WARNING][util_funcs.py:231] Keyword argument "num_objs" is deprecated and will be removed in a future version. Please use "num_objectives" instead.
