[2023-04-10 17:07:46,686][moc][INFO][color_logger.py:203] Logfile: /home/chenyiqi/wafer_scale_chip_dse_framework/logs/moc_2023-04-10-17-07-46-686381.log
[2023-04-10 17:07:46,692][moc][WARNING][util_funcs.py:111] Provide "objs" in result is deprecated and will be removed in future versions! Please use "objectives" instead.
[2023-04-10 17:07:46,692][moc][INFO][generic_smbo.py:333] Iter 1, objectives: [-86.06528782680327].
[2023-04-10 17:07:46,696][moc][WARNING][util_funcs.py:111] Provide "objs" in result is deprecated and will be removed in future versions! Please use "objectives" instead.
[2023-04-10 17:07:46,696][moc][INFO][generic_smbo.py:333] Iter 2, objectives: [-1.239609641568756].
[2023-04-10 17:07:46,699][moc][WARNING][util_funcs.py:111] Provide "objs" in result is deprecated and will be removed in future versions! Please use "objectives" instead.
[2023-04-10 17:07:46,699][moc][INFO][generic_smbo.py:333] Iter 3, objectives: [-1.4966906297516873].
[2023-04-10 17:07:46,702][moc][WARNING][util_funcs.py:111] Provide "objs" in result is deprecated and will be removed in future versions! Please use "objectives" instead.
[2023-04-10 17:07:46,702][moc][INFO][generic_smbo.py:333] Iter 4, objectives: [-0.3490276842616269].
[2023-04-10 17:07:46,705][moc][WARNING][util_funcs.py:111] Provide "objs" in result is deprecated and will be removed in future versions! Please use "objectives" instead.
[2023-04-10 17:07:46,705][moc][INFO][generic_smbo.py:333] Iter 5, objectives: [-6.641499104300865].
[2023-04-10 17:07:46,709][moc][WARNING][util_funcs.py:111] Provide "objs" in result is deprecated and will be removed in future versions! Please use "objectives" instead.
[2023-04-10 17:07:46,709][moc][INFO][generic_smbo.py:333] Iter 6, objectives: [-6.36528031879768].
[2023-04-10 17:07:46,712][moc][WARNING][util_funcs.py:111] Provide "objs" in result is deprecated and will be removed in future versions! Please use "objectives" instead.
[2023-04-10 17:07:46,712][moc][INFO][generic_smbo.py:333] Iter 7, objectives: [-0.47161463919608737].
[2023-04-10 17:07:46,715][moc][WARNING][util_funcs.py:111] Provide "objs" in result is deprecated and will be removed in future versions! Please use "objectives" instead.
[2023-04-10 17:07:46,715][moc][INFO][generic_smbo.py:333] Iter 8, objectives: [-1.0490313093828652].
[2023-04-10 17:07:46,718][moc][WARNING][util_funcs.py:111] Provide "objs" in result is deprecated and will be removed in future versions! Please use "objectives" instead.
[2023-04-10 17:07:46,718][moc][INFO][generic_smbo.py:333] Iter 9, objectives: [-0.3655038474630921].
[2023-04-10 17:07:46,722][moc][WARNING][util_funcs.py:111] Provide "objs" in result is deprecated and will be removed in future versions! Please use "objectives" instead.
[2023-04-10 17:07:46,722][moc][INFO][generic_smbo.py:333] Iter 10, objectives: [-18.65859898700227].
[2023-04-10 17:07:46,725][moc][WARNING][util_funcs.py:111] Provide "objs" in result is deprecated and will be removed in future versions! Please use "objectives" instead.
[2023-04-10 17:07:46,725][moc][INFO][generic_smbo.py:333] Iter 11, objectives: [-3.1180688447649723].
[2023-04-10 17:07:46,728][moc][WARNING][util_funcs.py:111] Provide "objs" in result is deprecated and will be removed in future versions! Please use "objectives" instead.
[2023-04-10 17:07:46,728][moc][INFO][generic_smbo.py:333] Iter 12, objectives: [-0.9568877515244523].
[2023-04-10 17:07:46,731][moc][WARNING][util_funcs.py:111] Provide "objs" in result is deprecated and will be removed in future versions! Please use "objectives" instead.
[2023-04-10 17:07:46,732][moc][INFO][generic_smbo.py:333] Iter 13, objectives: [-0.3516100816342972].
[2023-04-10 17:07:46,734][moc][WARNING][util_funcs.py:111] Provide "objs" in result is deprecated and will be removed in future versions! Please use "objectives" instead.
[2023-04-10 17:07:46,735][moc][INFO][generic_smbo.py:333] Iter 14, objectives: [-0.5008740532719065].
[2023-04-10 17:07:46,738][moc][WARNING][util_funcs.py:111] Provide "objs" in result is deprecated and will be removed in future versions! Please use "objectives" instead.
[2023-04-10 17:07:46,739][moc][INFO][generic_smbo.py:333] Iter 15, objectives: [-1.8811984988885444].
[2023-04-10 17:07:46,742][moc][WARNING][util_funcs.py:111] Provide "objs" in result is deprecated and will be removed in future versions! Please use "objectives" instead.
[2023-04-10 17:07:46,742][moc][INFO][generic_smbo.py:333] Iter 16, objectives: [-0.7335145595480969].
[2023-04-10 17:07:46,745][moc][WARNING][util_funcs.py:111] Provide "objs" in result is deprecated and will be removed in future versions! Please use "objectives" instead.
[2023-04-10 17:07:46,745][moc][INFO][generic_smbo.py:333] Iter 17, objectives: [-0.7659446800332714].
[2023-04-10 17:07:46,748][moc][WARNING][util_funcs.py:111] Provide "objs" in result is deprecated and will be removed in future versions! Please use "objectives" instead.
[2023-04-10 17:07:46,748][moc][INFO][generic_smbo.py:333] Iter 18, objectives: [-23.90353900695403].
[2023-04-10 17:07:46,752][moc][WARNING][util_funcs.py:111] Provide "objs" in result is deprecated and will be removed in future versions! Please use "objectives" instead.
[2023-04-10 17:07:46,752][moc][INFO][generic_smbo.py:333] Iter 19, objectives: [-1.3541442555792371].
[2023-04-10 17:07:46,755][moc][WARNING][util_funcs.py:111] Provide "objs" in result is deprecated and will be removed in future versions! Please use "objectives" instead.
[2023-04-10 17:07:46,755][moc][INFO][generic_smbo.py:333] Iter 20, objectives: [-1.8681510374144252].
[2023-04-10 17:07:46,756][moc][WARNING][util_funcs.py:111] Provide "objs" in result is deprecated and will be removed in future versions! Please use "objectives" instead.
[2023-04-10 17:07:46,756][moc][WARNING][util_funcs.py:123] Unused information in result: {'config': [{'data_parallel_size': 9, 'micro_batch_size': 26, 'model_parallel_size': 12, 'num_reticle_per_pipeline_stage': 54, 'tensor_parallel_size': 1}]}
[2023-04-10 17:07:46,756][moc][INFO][generic_smbo.py:418] Iter 5, objectives: [-86.06528782680327].
[2023-04-10 17:07:46,757][moc][WARNING][util_funcs.py:231] Keyword argument "num_objs" is deprecated and will be removed in a future version. Please use "num_objectives" instead.
