[2023-04-09 19:24:46,615][moc][INFO][color_logger.py:203] Logfile: /home/chenyiqi/wafer_scale_chip_dse_framework/logs/moc_2023-04-09-19-24-46-614807.log
[2023-04-09 19:24:46,617][moc][INFO][generic_advisor.py:157] [BO auto selection]  acq_type: ei.
[2023-04-09 19:24:46,916][moc][WARNING][util_funcs.py:111] Provide "objs" in result is deprecated and will be removed in future versions! Please use "objectives" instead.
[2023-04-09 19:24:46,917][moc][INFO][generic_smbo.py:332] Iter 1, objectives: [-0.006945585553867201].
[2023-04-09 19:24:47,245][moc][WARNING][util_funcs.py:111] Provide "objs" in result is deprecated and will be removed in future versions! Please use "objectives" instead.
[2023-04-09 19:24:47,246][moc][INFO][generic_smbo.py:332] Iter 2, objectives: [-0.008681804107728034].
[2023-04-09 19:24:47,764][moc][WARNING][util_funcs.py:111] Provide "objs" in result is deprecated and will be removed in future versions! Please use "objectives" instead.
[2023-04-09 19:24:47,765][moc][INFO][generic_smbo.py:332] Iter 3, objectives: [-0.011575341263551801].
[2023-04-09 19:24:48,399][moc][WARNING][util_funcs.py:111] Provide "objs" in result is deprecated and will be removed in future versions! Please use "objectives" instead.
[2023-04-09 19:24:48,400][moc][INFO][generic_smbo.py:332] Iter 4, objectives: [-0.017361806179741247].
[2023-04-09 19:24:48,592][moc][WARNING][util_funcs.py:111] Provide "objs" in result is deprecated and will be removed in future versions! Please use "objectives" instead.
[2023-04-09 19:24:48,593][moc][INFO][generic_smbo.py:332] Iter 5, objectives: [-0.008681796922727025].
[2023-04-09 19:24:48,801][moc][WARNING][util_funcs.py:111] Provide "objs" in result is deprecated and will be removed in future versions! Please use "objectives" instead.
[2023-04-09 19:24:48,802][moc][INFO][generic_smbo.py:332] Iter 6, objectives: [-0.011575315444976917].
[2023-04-09 19:24:48,803][moc][INFO][generic_advisor.py:365] Sample random config. rand_prob=0.100000.
[2023-04-09 19:24:49,262][moc][WARNING][util_funcs.py:111] Provide "objs" in result is deprecated and will be removed in future versions! Please use "objectives" instead.
[2023-04-09 19:24:49,264][moc][INFO][generic_smbo.py:332] Iter 7, objectives: [-0.008681804420119654].
[2023-04-09 19:24:51,006][moc][WARNING][util_funcs.py:111] Provide "objs" in result is deprecated and will be removed in future versions! Please use "objectives" instead.
[2023-04-09 19:24:51,007][moc][INFO][generic_smbo.py:332] Iter 8, objectives: [-0.017361806706678782].
[2023-04-09 19:24:51,008][moc][INFO][generic_advisor.py:365] Sample random config. rand_prob=0.100000.
[2023-04-09 19:24:51,287][moc][WARNING][util_funcs.py:111] Provide "objs" in result is deprecated and will be removed in future versions! Please use "objectives" instead.
[2023-04-09 19:24:51,288][moc][INFO][generic_smbo.py:332] Iter 9, objectives: [-0.011575323971620467].
[2023-04-09 19:24:53,131][moc][WARNING][util_funcs.py:111] Provide "objs" in result is deprecated and will be removed in future versions! Please use "objectives" instead.
[2023-04-09 19:24:53,132][moc][INFO][generic_smbo.py:332] Iter 10, objectives: [-0.017361805318763017].
[2023-04-09 19:24:55,060][moc][WARNING][util_funcs.py:111] Provide "objs" in result is deprecated and will be removed in future versions! Please use "objectives" instead.
[2023-04-09 19:24:55,061][moc][INFO][generic_smbo.py:332] Iter 11, objectives: [-0.01736180469163078].
[2023-04-09 19:24:57,339][moc][WARNING][util_funcs.py:111] Provide "objs" in result is deprecated and will be removed in future versions! Please use "objectives" instead.
[2023-04-09 19:24:57,340][moc][INFO][generic_smbo.py:332] Iter 12, objectives: [-0.017361804360315657].
[2023-04-09 19:24:59,718][moc][WARNING][util_funcs.py:111] Provide "objs" in result is deprecated and will be removed in future versions! Please use "objectives" instead.
[2023-04-09 19:24:59,719][moc][INFO][generic_smbo.py:332] Iter 13, objectives: [-0.017361805010898096].
[2023-04-09 19:25:01,647][moc][WARNING][util_funcs.py:111] Provide "objs" in result is deprecated and will be removed in future versions! Please use "objectives" instead.
[2023-04-09 19:25:01,649][moc][INFO][generic_smbo.py:332] Iter 14, objectives: [-0.0173618036587072].
[2023-04-09 19:25:04,050][moc][WARNING][util_funcs.py:111] Provide "objs" in result is deprecated and will be removed in future versions! Please use "objectives" instead.
[2023-04-09 19:25:04,051][moc][INFO][generic_smbo.py:332] Iter 15, objectives: [-0.01736180289982464].
[2023-04-09 19:25:05,442][moc][WARNING][util_funcs.py:111] Provide "objs" in result is deprecated and will be removed in future versions! Please use "objectives" instead.
[2023-04-09 19:25:05,442][moc][INFO][generic_smbo.py:332] Iter 16, objectives: [-0.017361802496668313].
[2023-04-09 19:25:08,629][moc][WARNING][util_funcs.py:111] Provide "objs" in result is deprecated and will be removed in future versions! Please use "objectives" instead.
[2023-04-09 19:25:08,630][moc][INFO][generic_smbo.py:332] Iter 17, objectives: [-0.01736180207635641].
[2023-04-09 19:25:11,108][moc][WARNING][util_funcs.py:111] Provide "objs" in result is deprecated and will be removed in future versions! Please use "objectives" instead.
[2023-04-09 19:25:11,109][moc][INFO][generic_smbo.py:332] Iter 18, objectives: [-0.017361802496668313].
[2023-04-09 19:25:12,218][moc][WARNING][util_funcs.py:111] Provide "objs" in result is deprecated and will be removed in future versions! Please use "objectives" instead.
[2023-04-09 19:25:12,218][moc][INFO][generic_smbo.py:332] Iter 19, objectives: [-0.017361804016257653].
[2023-04-09 19:25:13,063][moc][WARNING][util_funcs.py:111] Provide "objs" in result is deprecated and will be removed in future versions! Please use "objectives" instead.
[2023-04-09 19:25:13,064][moc][INFO][generic_smbo.py:332] Iter 20, objectives: [-0.017361800700790336].
