[2023-04-09 19:01:17,356][moc][INFO][color_logger.py:203] Logfile: /home/chenyiqi/wafer_scale_chip_dse_framework/logs/moc_2023-04-09-19-01-17-355904.log
[2023-04-09 19:01:17,358][moc][INFO][generic_advisor.py:157] [BO auto selection]  acq_type: ei.
[2023-04-09 19:01:18,582][moc][WARNING][util_funcs.py:111] Provide "objs" in result is deprecated and will be removed in future versions! Please use "objectives" instead.
[2023-04-09 19:01:18,583][moc][INFO][generic_smbo.py:332] Iter 1, objectives: [-0.0049612548148271485].
[2023-04-09 19:01:18,846][moc][WARNING][util_funcs.py:111] Provide "objs" in result is deprecated and will be removed in future versions! Please use "objectives" instead.
[2023-04-09 19:01:18,848][moc][INFO][generic_smbo.py:332] Iter 2, objectives: [-0.008681800349418331].
[2023-04-09 19:01:19,217][moc][WARNING][util_funcs.py:111] Provide "objs" in result is deprecated and will be removed in future versions! Please use "objectives" instead.
[2023-04-09 19:01:19,218][moc][INFO][generic_smbo.py:332] Iter 3, objectives: [-0.00868180240128922].
[2023-04-09 19:01:19,801][moc][WARNING][util_funcs.py:111] Provide "objs" in result is deprecated and will be removed in future versions! Please use "objectives" instead.
[2023-04-09 19:01:19,802][moc][INFO][generic_smbo.py:332] Iter 4, objectives: [-0.006945588940105396].
[2023-04-09 19:01:20,030][moc][WARNING][util_funcs.py:111] Provide "objs" in result is deprecated and will be removed in future versions! Please use "objectives" instead.
[2023-04-09 19:01:20,031][moc][INFO][generic_smbo.py:332] Iter 5, objectives: [-0.017361703723931553].
[2023-04-09 19:01:20,410][moc][WARNING][util_funcs.py:111] Provide "objs" in result is deprecated and will be removed in future versions! Please use "objectives" instead.
[2023-04-09 19:01:20,411][moc][INFO][generic_smbo.py:332] Iter 6, objectives: [-0.01157532248284053].
[2023-04-09 19:01:21,601][moc][WARNING][util_funcs.py:111] Provide "objs" in result is deprecated and will be removed in future versions! Please use "objectives" instead.
[2023-04-09 19:01:21,602][moc][INFO][generic_smbo.py:332] Iter 7, objectives: [-0.017361716893564853].
[2023-04-09 19:01:22,663][moc][WARNING][util_funcs.py:111] Provide "objs" in result is deprecated and will be removed in future versions! Please use "objectives" instead.
[2023-04-09 19:01:22,664][moc][INFO][generic_smbo.py:332] Iter 8, objectives: [-0.017361703723931553].
[2023-04-09 19:01:24,145][moc][WARNING][util_funcs.py:111] Provide "objs" in result is deprecated and will be removed in future versions! Please use "objectives" instead.
[2023-04-09 19:01:24,146][moc][INFO][generic_smbo.py:332] Iter 9, objectives: [-0.017361716893564853].
[2023-04-09 19:01:25,395][moc][WARNING][util_funcs.py:111] Provide "objs" in result is deprecated and will be removed in future versions! Please use "objectives" instead.
[2023-04-09 19:01:25,396][moc][INFO][generic_smbo.py:332] Iter 10, objectives: [-0.01736172742928588].
[2023-04-09 19:01:26,641][moc][WARNING][util_funcs.py:111] Provide "objs" in result is deprecated and will be removed in future versions! Please use "objectives" instead.
[2023-04-09 19:01:26,643][moc][INFO][generic_smbo.py:332] Iter 11, objectives: [-0.011575308146460727].
[2023-04-09 19:01:27,909][moc][WARNING][util_funcs.py:111] Provide "objs" in result is deprecated and will be removed in future versions! Please use "objectives" instead.
[2023-04-09 19:01:27,910][moc][INFO][generic_smbo.py:332] Iter 12, objectives: [-0.017361749311208867].
[2023-04-09 19:01:29,931][moc][WARNING][util_funcs.py:111] Provide "objs" in result is deprecated and will be removed in future versions! Please use "objectives" instead.
[2023-04-09 19:01:29,935][moc][INFO][generic_smbo.py:332] Iter 13, objectives: [-0.011575308146460727].
[2023-04-09 19:01:31,283][moc][WARNING][util_funcs.py:111] Provide "objs" in result is deprecated and will be removed in future versions! Please use "objectives" instead.
[2023-04-09 19:01:31,284][moc][INFO][generic_smbo.py:332] Iter 14, objectives: [-0.017361749311208867].
[2023-04-09 19:01:32,573][moc][WARNING][util_funcs.py:111] Provide "objs" in result is deprecated and will be removed in future versions! Please use "objectives" instead.
[2023-04-09 19:01:32,574][moc][INFO][generic_smbo.py:332] Iter 15, objectives: [-0.017361762987438745].
[2023-04-09 19:01:32,576][moc][INFO][generic_advisor.py:365] Sample random config. rand_prob=0.100000.
[2023-04-09 19:01:33,179][moc][WARNING][util_funcs.py:111] Provide "objs" in result is deprecated and will be removed in future versions! Please use "objectives" instead.
[2023-04-09 19:01:33,181][moc][INFO][generic_smbo.py:332] Iter 16, objectives: [-0.011575335116804667].
[2023-04-09 19:01:35,001][moc][WARNING][util_funcs.py:111] Provide "objs" in result is deprecated and will be removed in future versions! Please use "objectives" instead.
[2023-04-09 19:01:35,003][moc][INFO][generic_smbo.py:332] Iter 17, objectives: [-0.017361762987438745].
[2023-04-09 19:01:37,266][moc][WARNING][util_funcs.py:111] Provide "objs" in result is deprecated and will be removed in future versions! Please use "objectives" instead.
[2023-04-09 19:01:37,267][moc][INFO][generic_smbo.py:332] Iter 18, objectives: [-0.017361759036525676].
[2023-04-09 19:01:38,915][moc][WARNING][util_funcs.py:111] Provide "objs" in result is deprecated and will be removed in future versions! Please use "objectives" instead.
[2023-04-09 19:01:38,916][moc][INFO][generic_smbo.py:332] Iter 19, objectives: [-0.017361759036525676].
[2023-04-09 19:01:40,335][moc][WARNING][util_funcs.py:111] Provide "objs" in result is deprecated and will be removed in future versions! Please use "objectives" instead.
[2023-04-09 19:01:40,336][moc][INFO][generic_smbo.py:332] Iter 20, objectives: [-0.017361703723931553].
