[2023-04-10 16:41:05,304][moc][INFO][color_logger.py:203] Logfile: /home/chenyiqi/wafer_scale_chip_dse_framework/logs/moc_2023-04-10-16-41-05-304428.log
[2023-04-10 16:41:05,681][moc][WARNING][util_funcs.py:111] Provide "objs" in result is deprecated and will be removed in future versions! Please use "objectives" instead.
[2023-04-10 16:41:05,681][moc][INFO][generic_smbo.py:333] Iter 1, objectives: [-0.3706557837623267].
[2023-04-10 16:41:06,038][moc][WARNING][util_funcs.py:111] Provide "objs" in result is deprecated and will be removed in future versions! Please use "objectives" instead.
[2023-04-10 16:41:06,038][moc][INFO][generic_smbo.py:333] Iter 2, objectives: [-0.3500388086068666].
[2023-04-10 16:41:06,385][moc][WARNING][util_funcs.py:111] Provide "objs" in result is deprecated and will be removed in future versions! Please use "objectives" instead.
[2023-04-10 16:41:06,386][moc][INFO][generic_smbo.py:333] Iter 3, objectives: [-3.691963574147211].
[2023-04-10 16:41:06,742][moc][WARNING][util_funcs.py:111] Provide "objs" in result is deprecated and will be removed in future versions! Please use "objectives" instead.
[2023-04-10 16:41:06,742][moc][INFO][generic_smbo.py:333] Iter 4, objectives: [-8.10108620361112].
[2023-04-10 16:41:07,033][moc][WARNING][util_funcs.py:111] Provide "objs" in result is deprecated and will be removed in future versions! Please use "objectives" instead.
[2023-04-10 16:41:07,033][moc][INFO][generic_smbo.py:333] Iter 5, objectives: [-2.2601405236227246].
[2023-04-10 16:41:07,460][moc][WARNING][util_funcs.py:111] Provide "objs" in result is deprecated and will be removed in future versions! Please use "objectives" instead.
[2023-04-10 16:41:07,460][moc][INFO][generic_smbo.py:333] Iter 6, objectives: [-0.5696612253971376].
[2023-04-10 16:41:08,010][moc][WARNING][util_funcs.py:111] Provide "objs" in result is deprecated and will be removed in future versions! Please use "objectives" instead.
[2023-04-10 16:41:08,011][moc][INFO][generic_smbo.py:333] Iter 7, objectives: [-0.3104546176843812].
[2023-04-10 16:41:08,401][moc][WARNING][util_funcs.py:111] Provide "objs" in result is deprecated and will be removed in future versions! Please use "objectives" instead.
[2023-04-10 16:41:08,401][moc][INFO][generic_smbo.py:333] Iter 8, objectives: [-1.8567471307311698].
[2023-04-10 16:41:08,841][moc][WARNING][util_funcs.py:111] Provide "objs" in result is deprecated and will be removed in future versions! Please use "objectives" instead.
[2023-04-10 16:41:08,841][moc][INFO][generic_smbo.py:333] Iter 9, objectives: [-0.09260188846776334].
[2023-04-10 16:41:09,387][moc][WARNING][util_funcs.py:111] Provide "objs" in result is deprecated and will be removed in future versions! Please use "objectives" instead.
[2023-04-10 16:41:09,387][moc][INFO][generic_smbo.py:333] Iter 10, objectives: [-0.1479277629079334].
[2023-04-10 16:41:09,388][moc][WARNING][util_funcs.py:111] Provide "objs" in result is deprecated and will be removed in future versions! Please use "objectives" instead.
[2023-04-10 16:41:09,388][moc][WARNING][util_funcs.py:123] Unused information in result: {'config': [Configuration(values={
  'data_parallel_size': 4,
  'micro_batch_size': 33,
  'model_parallel_size': 6,
  'num_reticle_per_pipeline_stage': 103,
  'tensor_parallel_size': 3,
})
]}
[2023-04-10 16:41:09,388][moc][INFO][generic_smbo.py:418] Iter 5, objectives: [-8.10108620361112].
[2023-04-10 16:41:09,389][moc][WARNING][util_funcs.py:231] Keyword argument "num_objs" is deprecated and will be removed in a future version. Please use "num_objectives" instead.
