[2023-04-10 19:04:34,222][moc][INFO][color_logger.py:203] Logfile: /home/chenyiqi/wafer_scale_chip_dse_framework/logs/moc_2023-04-10-19-04-34-222438.log
[2023-04-10 19:04:34,497][moc][WARNING][util_funcs.py:111] Provide "objs" in result is deprecated and will be removed in future versions! Please use "objectives" instead.
[2023-04-10 19:04:34,497][moc][INFO][generic_smbo.py:333] Iter 1, objectives: [-0.6368681210711208].
[2023-04-10 19:04:34,915][moc][WARNING][util_funcs.py:111] Provide "objs" in result is deprecated and will be removed in future versions! Please use "objectives" instead.
[2023-04-10 19:04:34,915][moc][INFO][generic_smbo.py:333] Iter 2, objectives: [-0.06862094073359941].
[2023-04-10 19:04:35,401][moc][WARNING][util_funcs.py:111] Provide "objs" in result is deprecated and will be removed in future versions! Please use "objectives" instead.
[2023-04-10 19:04:35,401][moc][INFO][generic_smbo.py:333] Iter 3, objectives: [-0.21544589196740765].
[2023-04-10 19:04:35,755][moc][WARNING][util_funcs.py:111] Provide "objs" in result is deprecated and will be removed in future versions! Please use "objectives" instead.
[2023-04-10 19:04:35,756][moc][INFO][generic_smbo.py:333] Iter 4, objectives: [-0.2970944617435317].
[2023-04-10 19:04:36,171][moc][WARNING][util_funcs.py:111] Provide "objs" in result is deprecated and will be removed in future versions! Please use "objectives" instead.
[2023-04-10 19:04:36,171][moc][INFO][generic_smbo.py:333] Iter 5, objectives: [-0.06543459360354632].
[2023-04-10 19:04:36,673][moc][WARNING][util_funcs.py:111] Provide "objs" in result is deprecated and will be removed in future versions! Please use "objectives" instead.
[2023-04-10 19:04:36,673][moc][INFO][generic_smbo.py:333] Iter 6, objectives: [-0.15531958774223692].
[2023-04-10 19:04:37,095][moc][WARNING][util_funcs.py:111] Provide "objs" in result is deprecated and will be removed in future versions! Please use "objectives" instead.
[2023-04-10 19:04:37,095][moc][INFO][generic_smbo.py:333] Iter 7, objectives: [-0.144140771661176].
[2023-04-10 19:04:37,584][moc][WARNING][util_funcs.py:111] Provide "objs" in result is deprecated and will be removed in future versions! Please use "objectives" instead.
[2023-04-10 19:04:37,584][moc][INFO][generic_smbo.py:333] Iter 8, objectives: [-0.6497680368627716].
[2023-04-10 19:04:38,177][moc][WARNING][util_funcs.py:111] Provide "objs" in result is deprecated and will be removed in future versions! Please use "objectives" instead.
[2023-04-10 19:04:38,177][moc][INFO][generic_smbo.py:333] Iter 9, objectives: [-0.04247280520822454].
[2023-04-10 19:04:38,679][moc][WARNING][util_funcs.py:111] Provide "objs" in result is deprecated and will be removed in future versions! Please use "objectives" instead.
[2023-04-10 19:04:38,679][moc][INFO][generic_smbo.py:333] Iter 10, objectives: [-0.15904775359396883].
[2023-04-10 19:04:39,024][moc][WARNING][util_funcs.py:111] Provide "objs" in result is deprecated and will be removed in future versions! Please use "objectives" instead.
[2023-04-10 19:04:39,024][moc][INFO][generic_smbo.py:333] Iter 11, objectives: [-1.2748388237499118].
[2023-04-10 19:04:39,466][moc][WARNING][util_funcs.py:111] Provide "objs" in result is deprecated and will be removed in future versions! Please use "objectives" instead.
[2023-04-10 19:04:39,466][moc][INFO][generic_smbo.py:333] Iter 12, objectives: [-0.33304879714717034].
[2023-04-10 19:04:40,009][moc][WARNING][util_funcs.py:111] Provide "objs" in result is deprecated and will be removed in future versions! Please use "objectives" instead.
[2023-04-10 19:04:40,009][moc][INFO][generic_smbo.py:333] Iter 13, objectives: [-0.08794280352570606].
[2023-04-10 19:04:40,400][moc][WARNING][util_funcs.py:111] Provide "objs" in result is deprecated and will be removed in future versions! Please use "objectives" instead.
[2023-04-10 19:04:40,400][moc][INFO][generic_smbo.py:333] Iter 14, objectives: [-0.6825656415131235].
[2023-04-10 19:04:40,812][moc][WARNING][util_funcs.py:111] Provide "objs" in result is deprecated and will be removed in future versions! Please use "objectives" instead.
[2023-04-10 19:04:40,812][moc][INFO][generic_smbo.py:333] Iter 15, objectives: [-0.25340245204181305].
[2023-04-10 19:04:41,406][moc][WARNING][util_funcs.py:111] Provide "objs" in result is deprecated and will be removed in future versions! Please use "objectives" instead.
[2023-04-10 19:04:41,406][moc][INFO][generic_smbo.py:333] Iter 16, objectives: [-0.25796012370968946].
[2023-04-10 19:04:41,902][moc][WARNING][util_funcs.py:111] Provide "objs" in result is deprecated and will be removed in future versions! Please use "objectives" instead.
[2023-04-10 19:04:41,902][moc][INFO][generic_smbo.py:333] Iter 17, objectives: [-0.03412701927115882].
[2023-04-10 19:04:42,317][moc][WARNING][util_funcs.py:111] Provide "objs" in result is deprecated and will be removed in future versions! Please use "objectives" instead.
[2023-04-10 19:04:42,317][moc][INFO][generic_smbo.py:333] Iter 18, objectives: [-0.1928200653363459].
[2023-04-10 19:04:42,917][moc][WARNING][util_funcs.py:111] Provide "objs" in result is deprecated and will be removed in future versions! Please use "objectives" instead.
[2023-04-10 19:04:42,917][moc][INFO][generic_smbo.py:333] Iter 19, objectives: [-0.4538412468799048].
[2023-04-10 19:04:43,413][moc][WARNING][util_funcs.py:111] Provide "objs" in result is deprecated and will be removed in future versions! Please use "objectives" instead.
[2023-04-10 19:04:43,413][moc][INFO][generic_smbo.py:333] Iter 20, objectives: [-0.49458670481133243].
[2023-04-10 19:04:43,414][moc][WARNING][util_funcs.py:111] Provide "objs" in result is deprecated and will be removed in future versions! Please use "objectives" instead.
[2023-04-10 19:04:43,414][moc][WARNING][util_funcs.py:123] Unused information in result: {'config': [{'data_parallel_size': 1, 'micro_batch_size': 67, 'model_parallel_size': 1, 'num_reticle_per_pipeline_stage': 214, 'tensor_parallel_size': 2}]}
[2023-04-10 19:04:43,414][moc][INFO][generic_smbo.py:418] Iter 4, objectives: [-1.2748388237499118].
[2023-04-10 19:04:43,417][moc][WARNING][util_funcs.py:231] Keyword argument "num_objs" is deprecated and will be removed in a future version. Please use "num_objectives" instead.
