[2023-04-10 16:41:18,996][moc][INFO][color_logger.py:203] Logfile: /home/chenyiqi/wafer_scale_chip_dse_framework/logs/moc_2023-04-10-16-41-18-996541.log
[2023-04-10 16:41:19,005][moc][WARNING][util_funcs.py:111] Provide "objs" in result is deprecated and will be removed in future versions! Please use "objectives" instead.
[2023-04-10 16:41:19,005][moc][INFO][generic_smbo.py:333] Iter 1, objectives: [-1.6607116581903505].
[2023-04-10 16:41:19,010][moc][WARNING][util_funcs.py:111] Provide "objs" in result is deprecated and will be removed in future versions! Please use "objectives" instead.
[2023-04-10 16:41:19,010][moc][INFO][generic_smbo.py:333] Iter 2, objectives: [-0.7100728476254563].
[2023-04-10 16:41:19,016][moc][WARNING][util_funcs.py:111] Provide "objs" in result is deprecated and will be removed in future versions! Please use "objectives" instead.
[2023-04-10 16:41:19,016][moc][INFO][generic_smbo.py:333] Iter 3, objectives: [-9.382464664559468].
[2023-04-10 16:41:19,021][moc][WARNING][util_funcs.py:111] Provide "objs" in result is deprecated and will be removed in future versions! Please use "objectives" instead.
[2023-04-10 16:41:19,022][moc][INFO][generic_smbo.py:333] Iter 4, objectives: [-0.3837654306612714].
[2023-04-10 16:41:19,027][moc][WARNING][util_funcs.py:111] Provide "objs" in result is deprecated and will be removed in future versions! Please use "objectives" instead.
[2023-04-10 16:41:19,027][moc][INFO][generic_smbo.py:333] Iter 5, objectives: [-1.9932542005930267].
[2023-04-10 16:41:19,033][moc][WARNING][util_funcs.py:111] Provide "objs" in result is deprecated and will be removed in future versions! Please use "objectives" instead.
[2023-04-10 16:41:19,033][moc][INFO][generic_smbo.py:333] Iter 6, objectives: [-2.0160481152687124].
[2023-04-10 16:41:19,038][moc][WARNING][util_funcs.py:111] Provide "objs" in result is deprecated and will be removed in future versions! Please use "objectives" instead.
[2023-04-10 16:41:19,038][moc][INFO][generic_smbo.py:333] Iter 7, objectives: [-0.3875465307543624].
[2023-04-10 16:41:19,044][moc][WARNING][util_funcs.py:111] Provide "objs" in result is deprecated and will be removed in future versions! Please use "objectives" instead.
[2023-04-10 16:41:19,044][moc][INFO][generic_smbo.py:333] Iter 8, objectives: [-2.493922384634161].
[2023-04-10 16:41:19,050][moc][WARNING][util_funcs.py:111] Provide "objs" in result is deprecated and will be removed in future versions! Please use "objectives" instead.
[2023-04-10 16:41:19,050][moc][INFO][generic_smbo.py:333] Iter 9, objectives: [-2.152287405406509].
[2023-04-10 16:41:19,055][moc][WARNING][util_funcs.py:111] Provide "objs" in result is deprecated and will be removed in future versions! Please use "objectives" instead.
[2023-04-10 16:41:19,055][moc][INFO][generic_smbo.py:333] Iter 10, objectives: [-1.1604644137670965].
[2023-04-10 16:41:19,056][moc][WARNING][util_funcs.py:111] Provide "objs" in result is deprecated and will be removed in future versions! Please use "objectives" instead.
[2023-04-10 16:41:19,056][moc][WARNING][util_funcs.py:123] Unused information in result: {'config': [Configuration(values={
  'data_parallel_size': 2,
  'micro_batch_size': 8,
  'model_parallel_size': 1,
  'num_reticle_per_pipeline_stage': 66,
  'tensor_parallel_size': 1,
})
]}
[2023-04-10 16:41:19,056][moc][INFO][generic_smbo.py:418] Iter 17, objectives: [-9.382464664559468].
[2023-04-10 16:41:23,867][moc][WARNING][util_funcs.py:231] Keyword argument "num_objs" is deprecated and will be removed in a future version. Please use "num_objectives" instead.
