[2023-04-10 19:04:44,186][moc][INFO][color_logger.py:203] Logfile: /home/chenyiqi/wafer_scale_chip_dse_framework/logs/moc_2023-04-10-19-04-44-186676.log
[2023-04-10 19:04:44,191][moc][WARNING][util_funcs.py:111] Provide "objs" in result is deprecated and will be removed in future versions! Please use "objectives" instead.
[2023-04-10 19:04:44,191][moc][INFO][generic_smbo.py:333] Iter 1, objectives: [-1.1360617803223902].
[2023-04-10 19:04:44,193][moc][WARNING][util_funcs.py:111] Provide "objs" in result is deprecated and will be removed in future versions! Please use "objectives" instead.
[2023-04-10 19:04:44,193][moc][INFO][generic_smbo.py:333] Iter 2, objectives: [-0.6810207308518884].
[2023-04-10 19:04:44,195][moc][WARNING][util_funcs.py:111] Provide "objs" in result is deprecated and will be removed in future versions! Please use "objectives" instead.
[2023-04-10 19:04:44,196][moc][INFO][generic_smbo.py:333] Iter 3, objectives: [-0.4193692110397351].
[2023-04-10 19:04:44,198][moc][WARNING][util_funcs.py:111] Provide "objs" in result is deprecated and will be removed in future versions! Please use "objectives" instead.
[2023-04-10 19:04:44,198][moc][INFO][generic_smbo.py:333] Iter 4, objectives: [-0.7098843281351664].
[2023-04-10 19:04:44,200][moc][WARNING][util_funcs.py:111] Provide "objs" in result is deprecated and will be removed in future versions! Please use "objectives" instead.
[2023-04-10 19:04:44,200][moc][INFO][generic_smbo.py:333] Iter 5, objectives: [-112.00893818525697].
[2023-04-10 19:04:44,202][moc][WARNING][util_funcs.py:111] Provide "objs" in result is deprecated and will be removed in future versions! Please use "objectives" instead.
[2023-04-10 19:04:44,202][moc][INFO][generic_smbo.py:333] Iter 6, objectives: [-0.4177022661772287].
[2023-04-10 19:04:44,204][moc][WARNING][util_funcs.py:111] Provide "objs" in result is deprecated and will be removed in future versions! Please use "objectives" instead.
[2023-04-10 19:04:44,204][moc][INFO][generic_smbo.py:333] Iter 7, objectives: [-0.31226046486994496].
[2023-04-10 19:04:44,207][moc][WARNING][util_funcs.py:111] Provide "objs" in result is deprecated and will be removed in future versions! Please use "objectives" instead.
[2023-04-10 19:04:44,207][moc][INFO][generic_smbo.py:333] Iter 8, objectives: [-0.36487153232559116].
[2023-04-10 19:04:44,209][moc][WARNING][util_funcs.py:111] Provide "objs" in result is deprecated and will be removed in future versions! Please use "objectives" instead.
[2023-04-10 19:04:44,209][moc][INFO][generic_smbo.py:333] Iter 9, objectives: [-1.7950349023948822].
[2023-04-10 19:04:44,211][moc][WARNING][util_funcs.py:111] Provide "objs" in result is deprecated and will be removed in future versions! Please use "objectives" instead.
[2023-04-10 19:04:44,211][moc][INFO][generic_smbo.py:333] Iter 10, objectives: [-0.9253919332322418].
[2023-04-10 19:04:44,213][moc][WARNING][util_funcs.py:111] Provide "objs" in result is deprecated and will be removed in future versions! Please use "objectives" instead.
[2023-04-10 19:04:44,213][moc][INFO][generic_smbo.py:333] Iter 11, objectives: [-1.0473179215000414].
[2023-04-10 19:04:44,215][moc][WARNING][util_funcs.py:111] Provide "objs" in result is deprecated and will be removed in future versions! Please use "objectives" instead.
[2023-04-10 19:04:44,215][moc][INFO][generic_smbo.py:333] Iter 12, objectives: [-1.568360817139779].
[2023-04-10 19:04:44,217][moc][WARNING][util_funcs.py:111] Provide "objs" in result is deprecated and will be removed in future versions! Please use "objectives" instead.
[2023-04-10 19:04:44,218][moc][INFO][generic_smbo.py:333] Iter 13, objectives: [-1.5718869108479576].
[2023-04-10 19:04:44,220][moc][WARNING][util_funcs.py:111] Provide "objs" in result is deprecated and will be removed in future versions! Please use "objectives" instead.
[2023-04-10 19:04:44,220][moc][INFO][generic_smbo.py:333] Iter 14, objectives: [-0.4459357567079421].
[2023-04-10 19:04:44,222][moc][WARNING][util_funcs.py:111] Provide "objs" in result is deprecated and will be removed in future versions! Please use "objectives" instead.
[2023-04-10 19:04:44,223][moc][INFO][generic_smbo.py:333] Iter 15, objectives: [-0.3406201637164229].
[2023-04-10 19:04:44,225][moc][WARNING][util_funcs.py:111] Provide "objs" in result is deprecated and will be removed in future versions! Please use "objectives" instead.
[2023-04-10 19:04:44,225][moc][INFO][generic_smbo.py:333] Iter 16, objectives: [-1.2257498349087679].
[2023-04-10 19:04:44,227][moc][WARNING][util_funcs.py:111] Provide "objs" in result is deprecated and will be removed in future versions! Please use "objectives" instead.
[2023-04-10 19:04:44,227][moc][INFO][generic_smbo.py:333] Iter 17, objectives: [-60.761229598710344].
[2023-04-10 19:04:44,229][moc][WARNING][util_funcs.py:111] Provide "objs" in result is deprecated and will be removed in future versions! Please use "objectives" instead.
[2023-04-10 19:04:44,229][moc][INFO][generic_smbo.py:333] Iter 18, objectives: [-0.7976002982544342].
[2023-04-10 19:04:44,232][moc][WARNING][util_funcs.py:111] Provide "objs" in result is deprecated and will be removed in future versions! Please use "objectives" instead.
[2023-04-10 19:04:44,232][moc][INFO][generic_smbo.py:333] Iter 19, objectives: [-1.551833765146977].
[2023-04-10 19:04:44,234][moc][WARNING][util_funcs.py:111] Provide "objs" in result is deprecated and will be removed in future versions! Please use "objectives" instead.
[2023-04-10 19:04:44,234][moc][INFO][generic_smbo.py:333] Iter 20, objectives: [-0.6744336284383797].
[2023-04-10 19:04:44,235][moc][WARNING][util_funcs.py:111] Provide "objs" in result is deprecated and will be removed in future versions! Please use "objectives" instead.
[2023-04-10 19:04:44,235][moc][WARNING][util_funcs.py:123] Unused information in result: {'config': [{'data_parallel_size': 1, 'micro_batch_size': 476, 'model_parallel_size': 1, 'num_reticle_per_pipeline_stage': 49, 'tensor_parallel_size': 1}]}
[2023-04-10 19:04:44,235][moc][INFO][generic_smbo.py:418] Iter 11, objectives: [-112.00893818525697].
[2023-04-10 19:04:44,237][moc][WARNING][util_funcs.py:231] Keyword argument "num_objs" is deprecated and will be removed in a future version. Please use "num_objectives" instead.
