[2023-04-10 19:04:44,237][moc][INFO][color_logger.py:203] Logfile: /home/chenyiqi/wafer_scale_chip_dse_framework/logs/moc_2023-04-10-19-04-44-237577.log
[2023-04-10 19:04:44,244][moc][WARNING][util_funcs.py:111] Provide "objs" in result is deprecated and will be removed in future versions! Please use "objectives" instead.
[2023-04-10 19:04:44,244][moc][INFO][generic_smbo.py:333] Iter 1, objectives: [-174.44297231166195].
[2023-04-10 19:04:44,248][moc][WARNING][util_funcs.py:111] Provide "objs" in result is deprecated and will be removed in future versions! Please use "objectives" instead.
[2023-04-10 19:04:44,248][moc][INFO][generic_smbo.py:333] Iter 2, objectives: [-31.487121079993326].
[2023-04-10 19:04:44,251][moc][WARNING][util_funcs.py:111] Provide "objs" in result is deprecated and will be removed in future versions! Please use "objectives" instead.
[2023-04-10 19:04:44,252][moc][INFO][generic_smbo.py:333] Iter 3, objectives: [-3.9607292581636564].
[2023-04-10 19:04:44,255][moc][WARNING][util_funcs.py:111] Provide "objs" in result is deprecated and will be removed in future versions! Please use "objectives" instead.
[2023-04-10 19:04:44,255][moc][INFO][generic_smbo.py:333] Iter 4, objectives: [-0.331738057740616].
[2023-04-10 19:04:44,259][moc][WARNING][util_funcs.py:111] Provide "objs" in result is deprecated and will be removed in future versions! Please use "objectives" instead.
[2023-04-10 19:04:44,259][moc][INFO][generic_smbo.py:333] Iter 5, objectives: [-1.0055534538329147].
[2023-04-10 19:04:44,263][moc][WARNING][util_funcs.py:111] Provide "objs" in result is deprecated and will be removed in future versions! Please use "objectives" instead.
[2023-04-10 19:04:44,263][moc][INFO][generic_smbo.py:333] Iter 6, objectives: [-0.9956113793501243].
[2023-04-10 19:04:44,266][moc][WARNING][util_funcs.py:111] Provide "objs" in result is deprecated and will be removed in future versions! Please use "objectives" instead.
[2023-04-10 19:04:44,266][moc][INFO][generic_smbo.py:333] Iter 7, objectives: [-3.262583243809601].
[2023-04-10 19:04:44,269][moc][WARNING][util_funcs.py:111] Provide "objs" in result is deprecated and will be removed in future versions! Please use "objectives" instead.
[2023-04-10 19:04:44,270][moc][INFO][generic_smbo.py:333] Iter 8, objectives: [-0.4122986499713546].
[2023-04-10 19:04:44,273][moc][WARNING][util_funcs.py:111] Provide "objs" in result is deprecated and will be removed in future versions! Please use "objectives" instead.
[2023-04-10 19:04:44,273][moc][INFO][generic_smbo.py:333] Iter 9, objectives: [-0.9390845987537558].
[2023-04-10 19:04:44,277][moc][WARNING][util_funcs.py:111] Provide "objs" in result is deprecated and will be removed in future versions! Please use "objectives" instead.
[2023-04-10 19:04:44,277][moc][INFO][generic_smbo.py:333] Iter 10, objectives: [-21.981317859649398].
[2023-04-10 19:04:44,281][moc][WARNING][util_funcs.py:111] Provide "objs" in result is deprecated and will be removed in future versions! Please use "objectives" instead.
[2023-04-10 19:04:44,282][moc][INFO][generic_smbo.py:333] Iter 11, objectives: [-2.474967904725872].
[2023-04-10 19:04:44,285][moc][WARNING][util_funcs.py:111] Provide "objs" in result is deprecated and will be removed in future versions! Please use "objectives" instead.
[2023-04-10 19:04:44,286][moc][INFO][generic_smbo.py:333] Iter 12, objectives: [-1.4226495692282513].
[2023-04-10 19:04:44,408][moc][WARNING][util_funcs.py:111] Provide "objs" in result is deprecated and will be removed in future versions! Please use "objectives" instead.
[2023-04-10 19:04:44,408][moc][INFO][generic_smbo.py:333] Iter 13, objectives: [-0.8305356599077155].
[2023-04-10 19:04:44,412][moc][WARNING][util_funcs.py:111] Provide "objs" in result is deprecated and will be removed in future versions! Please use "objectives" instead.
[2023-04-10 19:04:44,413][moc][INFO][generic_smbo.py:333] Iter 14, objectives: [-1.2075963709619315].
[2023-04-10 19:04:44,416][moc][WARNING][util_funcs.py:111] Provide "objs" in result is deprecated and will be removed in future versions! Please use "objectives" instead.
[2023-04-10 19:04:44,416][moc][INFO][generic_smbo.py:333] Iter 15, objectives: [-1.1803148599277775].
[2023-04-10 19:04:44,420][moc][WARNING][util_funcs.py:111] Provide "objs" in result is deprecated and will be removed in future versions! Please use "objectives" instead.
[2023-04-10 19:04:44,420][moc][INFO][generic_smbo.py:333] Iter 16, objectives: [-0.9909922272877889].
[2023-04-10 19:04:44,424][moc][WARNING][util_funcs.py:111] Provide "objs" in result is deprecated and will be removed in future versions! Please use "objectives" instead.
[2023-04-10 19:04:44,424][moc][INFO][generic_smbo.py:333] Iter 17, objectives: [-1.1976337637795762].
[2023-04-10 19:04:44,427][moc][WARNING][util_funcs.py:111] Provide "objs" in result is deprecated and will be removed in future versions! Please use "objectives" instead.
[2023-04-10 19:04:44,428][moc][INFO][generic_smbo.py:333] Iter 18, objectives: [-1.0730820939003496].
[2023-04-10 19:04:44,431][moc][WARNING][util_funcs.py:111] Provide "objs" in result is deprecated and will be removed in future versions! Please use "objectives" instead.
[2023-04-10 19:04:44,431][moc][INFO][generic_smbo.py:333] Iter 19, objectives: [-5.952494654186531].
[2023-04-10 19:04:44,435][moc][WARNING][util_funcs.py:111] Provide "objs" in result is deprecated and will be removed in future versions! Please use "objectives" instead.
[2023-04-10 19:04:44,435][moc][INFO][generic_smbo.py:333] Iter 20, objectives: [-0.4235269776047195].
[2023-04-10 19:04:44,435][moc][WARNING][util_funcs.py:111] Provide "objs" in result is deprecated and will be removed in future versions! Please use "objectives" instead.
[2023-04-10 19:04:44,435][moc][WARNING][util_funcs.py:123] Unused information in result: {'config': [{'data_parallel_size': 2, 'micro_batch_size': 54, 'model_parallel_size': 6, 'num_reticle_per_pipeline_stage': 55, 'tensor_parallel_size': 1}]}
[2023-04-10 19:04:44,436][moc][INFO][generic_smbo.py:418] Iter 12, objectives: [-174.44297231166195].
[2023-04-10 19:04:44,437][moc][WARNING][util_funcs.py:231] Keyword argument "num_objs" is deprecated and will be removed in a future version. Please use "num_objectives" instead.
