[2023-04-10 16:57:59,819][moc][INFO][color_logger.py:203] Logfile: /home/chenyiqi/wafer_scale_chip_dse_framework/logs/moc_2023-04-10-16-57-59-819147.log
[2023-04-10 16:57:59,824][moc][WARNING][util_funcs.py:111] Provide "objs" in result is deprecated and will be removed in future versions! Please use "objectives" instead.
[2023-04-10 16:57:59,825][moc][INFO][generic_smbo.py:333] Iter 1, objectives: [-0.6621738688807421].
[2023-04-10 16:57:59,828][moc][WARNING][util_funcs.py:111] Provide "objs" in result is deprecated and will be removed in future versions! Please use "objectives" instead.
[2023-04-10 16:57:59,828][moc][INFO][generic_smbo.py:333] Iter 2, objectives: [-0.7221889705031115].
[2023-04-10 16:57:59,831][moc][WARNING][util_funcs.py:111] Provide "objs" in result is deprecated and will be removed in future versions! Please use "objectives" instead.
[2023-04-10 16:57:59,831][moc][INFO][generic_smbo.py:333] Iter 3, objectives: [-0.7566278899770066].
[2023-04-10 16:57:59,834][moc][WARNING][util_funcs.py:111] Provide "objs" in result is deprecated and will be removed in future versions! Please use "objectives" instead.
[2023-04-10 16:57:59,834][moc][INFO][generic_smbo.py:333] Iter 4, objectives: [-3.326413773366966].
[2023-04-10 16:57:59,837][moc][WARNING][util_funcs.py:111] Provide "objs" in result is deprecated and will be removed in future versions! Please use "objectives" instead.
[2023-04-10 16:57:59,837][moc][INFO][generic_smbo.py:333] Iter 5, objectives: [-4.493738963377106].
[2023-04-10 16:57:59,841][moc][WARNING][util_funcs.py:111] Provide "objs" in result is deprecated and will be removed in future versions! Please use "objectives" instead.
[2023-04-10 16:57:59,841][moc][INFO][generic_smbo.py:333] Iter 6, objectives: [-3.4611552693315675].
[2023-04-10 16:57:59,844][moc][WARNING][util_funcs.py:111] Provide "objs" in result is deprecated and will be removed in future versions! Please use "objectives" instead.
[2023-04-10 16:57:59,844][moc][INFO][generic_smbo.py:333] Iter 7, objectives: [-1.8143456975912455].
[2023-04-10 16:57:59,847][moc][WARNING][util_funcs.py:111] Provide "objs" in result is deprecated and will be removed in future versions! Please use "objectives" instead.
[2023-04-10 16:57:59,847][moc][INFO][generic_smbo.py:333] Iter 8, objectives: [-1.3619212995833705].
[2023-04-10 16:57:59,850][moc][WARNING][util_funcs.py:111] Provide "objs" in result is deprecated and will be removed in future versions! Please use "objectives" instead.
[2023-04-10 16:57:59,851][moc][INFO][generic_smbo.py:333] Iter 9, objectives: [-1.4326842082000832].
[2023-04-10 16:57:59,854][moc][WARNING][util_funcs.py:111] Provide "objs" in result is deprecated and will be removed in future versions! Please use "objectives" instead.
[2023-04-10 16:57:59,854][moc][INFO][generic_smbo.py:333] Iter 10, objectives: [-4.0535680115294115].
[2023-04-10 16:57:59,854][moc][WARNING][util_funcs.py:111] Provide "objs" in result is deprecated and will be removed in future versions! Please use "objectives" instead.
[2023-04-10 16:57:59,855][moc][WARNING][util_funcs.py:123] Unused information in result: {'config': [{'data_parallel_size': 13, 'micro_batch_size': 11, 'model_parallel_size': 24, 'num_reticle_per_pipeline_stage': 1, 'tensor_parallel_size': 8}]}
[2023-04-10 16:57:59,855][moc][INFO][generic_smbo.py:418] Iter 13, objectives: [-4.493738963377106].
[2023-04-10 16:58:04,184][moc][WARNING][util_funcs.py:231] Keyword argument "num_objs" is deprecated and will be removed in a future version. Please use "num_objectives" instead.
