[2023-04-10 16:47:36,542][moc][INFO][color_logger.py:203] Logfile: /home/chenyiqi/wafer_scale_chip_dse_framework/logs/moc_2023-04-10-16-47-36-542195.log
[2023-04-10 16:47:36,543][moc][WARNING][generic_smbo.py:387] Exception when calling objective function: local variable '_history' referenced before assignment
config: Configuration(values={
  'fidelity': 2,
  'var00': 256,
  'var01': 2048,
  'var02': 16,
  'var03': 1024,
  'var04': 4,
  'var05': 4,
  'var06': 1,
  'var07': 24,
  'var08': 16,
  'var09': 900,
  'var10': 9,
  'var11': 13,
})

[2023-04-10 16:47:36,543][moc][INFO][generic_smbo.py:418] Iter 10, objectives: [inf].
[2023-04-10 16:47:36,543][moc][WARNING][mf_advisor.py:421] No enough successful initial trials! Sample random configuration.
[2023-04-10 16:47:36,545][moc][WARNING][util_funcs.py:231] Keyword argument "num_objs" is deprecated and will be removed in a future version. Please use "num_objectives" instead.
