[2023-04-09 19:03:55,187][moc][INFO][color_logger.py:203] Logfile: /home/chenyiqi/wafer_scale_chip_dse_framework/logs/moc_2023-04-09-19-03-55-187222.log
[2023-04-09 19:03:55,191][moc][INFO][generic_advisor.py:157] [BO auto selection]  acq_type: ei.
[2023-04-09 19:03:56,784][moc][WARNING][util_funcs.py:111] Provide "objs" in result is deprecated and will be removed in future versions! Please use "objectives" instead.
[2023-04-09 19:03:56,785][moc][INFO][generic_smbo.py:332] Iter 1, objectives: [-0.0031572304027616582].
[2023-04-09 19:03:57,115][moc][WARNING][util_funcs.py:111] Provide "objs" in result is deprecated and will be removed in future versions! Please use "objectives" instead.
[2023-04-09 19:03:57,116][moc][INFO][generic_smbo.py:332] Iter 2, objectives: [-0.008681799437476026].
[2023-04-09 19:03:58,953][moc][WARNING][util_funcs.py:111] Provide "objs" in result is deprecated and will be removed in future versions! Please use "objectives" instead.
[2023-04-09 19:03:58,954][moc][INFO][generic_smbo.py:332] Iter 3, objectives: [-0.005788073225042196].
[2023-04-09 19:04:00,243][moc][WARNING][util_funcs.py:111] Provide "objs" in result is deprecated and will be removed in future versions! Please use "objectives" instead.
[2023-04-09 19:04:00,244][moc][INFO][generic_smbo.py:332] Iter 4, objectives: [-0.0043411300644473315].
[2023-04-09 19:04:04,407][moc][WARNING][util_funcs.py:111] Provide "objs" in result is deprecated and will be removed in future versions! Please use "objectives" instead.
[2023-04-09 19:04:04,408][moc][INFO][generic_smbo.py:332] Iter 5, objectives: [-0.0031572304780112417].
[2023-04-09 19:04:04,689][moc][WARNING][util_funcs.py:111] Provide "objs" in result is deprecated and will be removed in future versions! Please use "objectives" instead.
[2023-04-09 19:04:04,690][moc][INFO][generic_smbo.py:332] Iter 6, objectives: [-0.008681798120226368].
[2023-04-09 19:04:04,690][moc][INFO][generic_advisor.py:365] Sample random config. rand_prob=0.100000.
[2023-04-09 19:04:05,442][moc][WARNING][util_funcs.py:111] Provide "objs" in result is deprecated and will be removed in future versions! Please use "objectives" instead.
[2023-04-09 19:04:05,443][moc][INFO][generic_smbo.py:332] Iter 7, objectives: [-0.011575340385444667].
[2023-04-09 19:04:07,367][moc][WARNING][util_funcs.py:111] Provide "objs" in result is deprecated and will be removed in future versions! Please use "objectives" instead.
[2023-04-09 19:04:07,368][moc][INFO][generic_smbo.py:332] Iter 8, objectives: [-0.011575339744663871].
[2023-04-09 19:04:09,378][moc][WARNING][util_funcs.py:111] Provide "objs" in result is deprecated and will be removed in future versions! Please use "objectives" instead.
[2023-04-09 19:04:09,380][moc][INFO][generic_smbo.py:332] Iter 9, objectives: [-0.011575340578199882].
[2023-04-09 19:04:11,398][moc][WARNING][util_funcs.py:111] Provide "objs" in result is deprecated and will be removed in future versions! Please use "objectives" instead.
[2023-04-09 19:04:11,399][moc][INFO][generic_smbo.py:332] Iter 10, objectives: [-0.011575333919387153].
[2023-04-09 19:04:12,816][moc][WARNING][util_funcs.py:111] Provide "objs" in result is deprecated and will be removed in future versions! Please use "objectives" instead.
[2023-04-09 19:04:12,818][moc][INFO][generic_smbo.py:332] Iter 11, objectives: [-0.011575333235148685].
[2023-04-09 19:04:14,410][moc][WARNING][util_funcs.py:111] Provide "objs" in result is deprecated and will be removed in future versions! Please use "objectives" instead.
[2023-04-09 19:04:14,411][moc][INFO][generic_smbo.py:332] Iter 12, objectives: [-0.011575332482486465].
[2023-04-09 19:04:14,413][moc][INFO][generic_advisor.py:365] Sample random config. rand_prob=0.100000.
[2023-04-09 19:04:15,528][moc][WARNING][util_funcs.py:111] Provide "objs" in result is deprecated and will be removed in future versions! Please use "objectives" instead.
[2023-04-09 19:04:15,529][moc][INFO][generic_smbo.py:332] Iter 13, objectives: [-0.0049612545676238524].
[2023-04-09 19:04:16,770][moc][WARNING][util_funcs.py:111] Provide "objs" in result is deprecated and will be removed in future versions! Please use "objectives" instead.
[2023-04-09 19:04:16,772][moc][INFO][generic_smbo.py:332] Iter 14, objectives: [-0.011575330726274995].
[2023-04-09 19:04:17,744][moc][WARNING][util_funcs.py:111] Provide "objs" in result is deprecated and will be removed in future versions! Please use "objectives" instead.
[2023-04-09 19:04:17,746][moc][INFO][generic_smbo.py:332] Iter 15, objectives: [-0.0115753389908042].
[2023-04-09 19:04:18,469][moc][WARNING][util_funcs.py:111] Provide "objs" in result is deprecated and will be removed in future versions! Please use "objectives" instead.
[2023-04-09 19:04:18,470][moc][INFO][generic_smbo.py:332] Iter 16, objectives: [-0.01157533699846126].
[2023-04-09 19:04:18,471][moc][INFO][generic_advisor.py:365] Sample random config. rand_prob=0.100000.
[2023-04-09 19:04:18,635][moc][WARNING][util_funcs.py:111] Provide "objs" in result is deprecated and will be removed in future versions! Please use "objectives" instead.
[2023-04-09 19:04:18,636][moc][INFO][generic_smbo.py:332] Iter 17, objectives: [-0.008681798120226368].
[2023-04-09 19:04:19,582][moc][WARNING][util_funcs.py:111] Provide "objs" in result is deprecated and will be removed in future versions! Please use "objectives" instead.
[2023-04-09 19:04:19,584][moc][INFO][generic_smbo.py:332] Iter 18, objectives: [-0.011575336130004294].
[2023-04-09 19:04:20,409][moc][WARNING][util_funcs.py:111] Provide "objs" in result is deprecated and will be removed in future versions! Please use "objectives" instead.
[2023-04-09 19:04:20,410][moc][INFO][generic_smbo.py:332] Iter 19, objectives: [-0.011575336580315298].
[2023-04-09 19:04:20,410][moc][INFO][generic_advisor.py:365] Sample random config. rand_prob=0.100000.
[2023-04-09 19:04:20,588][moc][WARNING][util_funcs.py:111] Provide "objs" in result is deprecated and will be removed in future versions! Please use "objectives" instead.
[2023-04-09 19:04:20,590][moc][INFO][generic_smbo.py:332] Iter 20, objectives: [-0.008681800002011715].
