[2023-04-10 19:29:00,615][moc][INFO][color_logger.py:203] Logfile: /home/chenyiqi/wafer_scale_chip_dse_framework/logs/moc_2023-04-10-19-29-00-615249.log
[2023-04-10 19:29:00,619][moc][WARNING][util_funcs.py:111] Provide "objs" in result is deprecated and will be removed in future versions! Please use "objectives" instead.
[2023-04-10 19:29:00,619][moc][INFO][generic_smbo.py:352] Iter 1, objectives: [-0.37068840982297097].
[2023-04-10 19:29:00,621][moc][WARNING][util_funcs.py:111] Provide "objs" in result is deprecated and will be removed in future versions! Please use "objectives" instead.
[2023-04-10 19:29:00,621][moc][INFO][generic_smbo.py:352] Iter 2, objectives: [-0.4535026971590387].
[2023-04-10 19:29:00,623][moc][WARNING][util_funcs.py:111] Provide "objs" in result is deprecated and will be removed in future versions! Please use "objectives" instead.
[2023-04-10 19:29:00,623][moc][INFO][generic_smbo.py:352] Iter 3, objectives: [-0.3606339212681795].
[2023-04-10 19:29:00,625][moc][WARNING][util_funcs.py:111] Provide "objs" in result is deprecated and will be removed in future versions! Please use "objectives" instead.
[2023-04-10 19:29:00,625][moc][INFO][generic_smbo.py:352] Iter 4, objectives: [-0.45077405651605196].
[2023-04-10 19:29:00,627][moc][WARNING][util_funcs.py:111] Provide "objs" in result is deprecated and will be removed in future versions! Please use "objectives" instead.
[2023-04-10 19:29:00,627][moc][INFO][generic_smbo.py:352] Iter 5, objectives: [-0.8543495461674707].
[2023-04-10 19:29:00,629][moc][WARNING][util_funcs.py:111] Provide "objs" in result is deprecated and will be removed in future versions! Please use "objectives" instead.
[2023-04-10 19:29:00,629][moc][INFO][generic_smbo.py:352] Iter 6, objectives: [-0.3637286350571887].
[2023-04-10 19:29:00,632][moc][WARNING][util_funcs.py:111] Provide "objs" in result is deprecated and will be removed in future versions! Please use "objectives" instead.
[2023-04-10 19:29:00,632][moc][INFO][generic_smbo.py:352] Iter 7, objectives: [-0.41255411601056596].
[2023-04-10 19:29:00,634][moc][WARNING][util_funcs.py:111] Provide "objs" in result is deprecated and will be removed in future versions! Please use "objectives" instead.
[2023-04-10 19:29:00,634][moc][INFO][generic_smbo.py:352] Iter 8, objectives: [-0.676646107624554].
[2023-04-10 19:29:00,636][moc][WARNING][util_funcs.py:111] Provide "objs" in result is deprecated and will be removed in future versions! Please use "objectives" instead.
[2023-04-10 19:29:00,636][moc][INFO][generic_smbo.py:352] Iter 9, objectives: [-0.625462081378329].
[2023-04-10 19:29:00,638][moc][WARNING][util_funcs.py:111] Provide "objs" in result is deprecated and will be removed in future versions! Please use "objectives" instead.
[2023-04-10 19:29:00,638][moc][INFO][generic_smbo.py:352] Iter 10, objectives: [-0.5388214343076907].
[2023-04-10 19:29:00,640][moc][WARNING][util_funcs.py:111] Provide "objs" in result is deprecated and will be removed in future versions! Please use "objectives" instead.
[2023-04-10 19:29:00,640][moc][INFO][generic_smbo.py:352] Iter 11, objectives: [-1.1017930271221337].
[2023-04-10 19:29:00,642][moc][WARNING][util_funcs.py:111] Provide "objs" in result is deprecated and will be removed in future versions! Please use "objectives" instead.
[2023-04-10 19:29:00,642][moc][INFO][generic_smbo.py:352] Iter 12, objectives: [-0.7200531554924819].
[2023-04-10 19:29:00,644][moc][WARNING][util_funcs.py:111] Provide "objs" in result is deprecated and will be removed in future versions! Please use "objectives" instead.
[2023-04-10 19:29:00,644][moc][INFO][generic_smbo.py:352] Iter 13, objectives: [-0.7717388492534106].
[2023-04-10 19:29:00,646][moc][WARNING][util_funcs.py:111] Provide "objs" in result is deprecated and will be removed in future versions! Please use "objectives" instead.
[2023-04-10 19:29:00,646][moc][INFO][generic_smbo.py:352] Iter 14, objectives: [-53.87165685426759].
[2023-04-10 19:29:00,648][moc][WARNING][util_funcs.py:111] Provide "objs" in result is deprecated and will be removed in future versions! Please use "objectives" instead.
[2023-04-10 19:29:00,648][moc][INFO][generic_smbo.py:352] Iter 15, objectives: [-0.680571624063333].
[2023-04-10 19:29:00,650][moc][WARNING][util_funcs.py:111] Provide "objs" in result is deprecated and will be removed in future versions! Please use "objectives" instead.
[2023-04-10 19:29:00,651][moc][INFO][generic_smbo.py:352] Iter 16, objectives: [-1.1745511913985776].
[2023-04-10 19:29:00,653][moc][WARNING][util_funcs.py:111] Provide "objs" in result is deprecated and will be removed in future versions! Please use "objectives" instead.
[2023-04-10 19:29:00,653][moc][INFO][generic_smbo.py:352] Iter 17, objectives: [-0.3428271371842635].
[2023-04-10 19:29:00,655][moc][WARNING][util_funcs.py:111] Provide "objs" in result is deprecated and will be removed in future versions! Please use "objectives" instead.
[2023-04-10 19:29:00,655][moc][INFO][generic_smbo.py:352] Iter 18, objectives: [-1.8262304714309066].
[2023-04-10 19:29:00,657][moc][WARNING][util_funcs.py:111] Provide "objs" in result is deprecated and will be removed in future versions! Please use "objectives" instead.
[2023-04-10 19:29:00,657][moc][INFO][generic_smbo.py:352] Iter 19, objectives: [-0.6423502502530799].
[2023-04-10 19:29:00,659][moc][WARNING][util_funcs.py:111] Provide "objs" in result is deprecated and will be removed in future versions! Please use "objectives" instead.
[2023-04-10 19:29:00,659][moc][INFO][generic_smbo.py:352] Iter 20, objectives: [-0.545502722985506].
[2023-04-10 19:29:00,659][moc][WARNING][util_funcs.py:111] Provide "objs" in result is deprecated and will be removed in future versions! Please use "objectives" instead.
[2023-04-10 19:29:00,660][moc][WARNING][util_funcs.py:123] Unused information in result: {'config': [{'data_parallel_size': 1, 'micro_batch_size': 106, 'model_parallel_size': 8, 'num_reticle_per_pipeline_stage': 2, 'tensor_parallel_size': 1}]}
[2023-04-10 19:29:00,660][moc][INFO][generic_smbo.py:437] Iter 10, objectives: [-53.87165685426759].
[2023-04-10 19:29:04,944][moc][WARNING][util_funcs.py:231] Keyword argument "num_objs" is deprecated and will be removed in a future version. Please use "num_objectives" instead.
