[2023-04-09 19:24:46,835][moc][INFO][color_logger.py:203] Logfile: /home/chenyiqi/wafer_scale_chip_dse_framework/logs/moc_2023-04-09-19-24-46-831275.log
[2023-04-09 19:24:46,843][moc][INFO][generic_advisor.py:157] [BO auto selection]  acq_type: ei.
[2023-04-09 19:24:47,056][moc][WARNING][util_funcs.py:111] Provide "objs" in result is deprecated and will be removed in future versions! Please use "objectives" instead.
[2023-04-09 19:24:47,057][moc][INFO][generic_smbo.py:332] Iter 1, objectives: [-0.0115753087736766].
[2023-04-09 19:24:48,247][moc][WARNING][util_funcs.py:111] Provide "objs" in result is deprecated and will be removed in future versions! Please use "objectives" instead.
[2023-04-09 19:24:48,248][moc][INFO][generic_smbo.py:332] Iter 2, objectives: [-0.006945591647205251].
[2023-04-09 19:24:48,710][moc][WARNING][util_funcs.py:111] Provide "objs" in result is deprecated and will be removed in future versions! Please use "objectives" instead.
[2023-04-09 19:24:48,711][moc][INFO][generic_smbo.py:332] Iter 3, objectives: [-0.01157533699846126].
[2023-04-09 19:24:48,920][moc][WARNING][util_funcs.py:111] Provide "objs" in result is deprecated and will be removed in future versions! Please use "objectives" instead.
[2023-04-09 19:24:48,921][moc][INFO][generic_smbo.py:332] Iter 4, objectives: [-0.01157532248284053].
[2023-04-09 19:24:49,529][moc][WARNING][util_funcs.py:111] Provide "objs" in result is deprecated and will be removed in future versions! Please use "objectives" instead.
[2023-04-09 19:24:49,530][moc][INFO][generic_smbo.py:332] Iter 5, objectives: [-0.005788071699923808].
[2023-04-09 19:24:49,745][moc][WARNING][util_funcs.py:111] Provide "objs" in result is deprecated and will be removed in future versions! Please use "objectives" instead.
[2023-04-09 19:24:49,747][moc][INFO][generic_smbo.py:332] Iter 6, objectives: [-0.011575312160643492].
[2023-04-09 19:24:49,748][moc][INFO][generic_advisor.py:365] Sample random config. rand_prob=0.100000.
[2023-04-09 19:24:50,009][moc][WARNING][util_funcs.py:111] Provide "objs" in result is deprecated and will be removed in future versions! Please use "objectives" instead.
[2023-04-09 19:24:50,010][moc][INFO][generic_smbo.py:332] Iter 7, objectives: [-0.008681799133495302].
[2023-04-09 19:24:51,132][moc][WARNING][util_funcs.py:111] Provide "objs" in result is deprecated and will be removed in future versions! Please use "objectives" instead.
[2023-04-09 19:24:51,133][moc][INFO][generic_smbo.py:332] Iter 8, objectives: [-0.011575303128736187].
[2023-04-09 19:24:51,133][moc][INFO][generic_advisor.py:365] Sample random config. rand_prob=0.100000.
[2023-04-09 19:24:51,473][moc][WARNING][util_funcs.py:111] Provide "objs" in result is deprecated and will be removed in future versions! Please use "objectives" instead.
[2023-04-09 19:24:51,475][moc][INFO][generic_smbo.py:332] Iter 9, objectives: [-0.008681799437476026].
[2023-04-09 19:24:52,474][moc][WARNING][util_funcs.py:111] Provide "objs" in result is deprecated and will be removed in future versions! Please use "objectives" instead.
[2023-04-09 19:24:52,476][moc][INFO][generic_smbo.py:332] Iter 10, objectives: [-0.011575308146460727].
[2023-04-09 19:24:53,773][moc][WARNING][util_funcs.py:111] Provide "objs" in result is deprecated and will be removed in future versions! Please use "objectives" instead.
[2023-04-09 19:24:53,775][moc][INFO][generic_smbo.py:332] Iter 11, objectives: [-0.01736175452119866].
[2023-04-09 19:24:54,887][moc][WARNING][util_funcs.py:111] Provide "objs" in result is deprecated and will be removed in future versions! Please use "objectives" instead.
[2023-04-09 19:24:54,888][moc][INFO][generic_smbo.py:332] Iter 12, objectives: [-0.017361762987438745].
[2023-04-09 19:24:56,795][moc][WARNING][util_funcs.py:111] Provide "objs" in result is deprecated and will be removed in future versions! Please use "objectives" instead.
[2023-04-09 19:24:56,795][moc][INFO][generic_smbo.py:332] Iter 13, objectives: [-0.017361769572297854].
[2023-04-09 19:24:57,921][moc][WARNING][util_funcs.py:111] Provide "objs" in result is deprecated and will be removed in future versions! Please use "objectives" instead.
[2023-04-09 19:24:57,922][moc][INFO][generic_smbo.py:332] Iter 14, objectives: [-0.017361766473540003].
[2023-04-09 19:24:59,193][moc][WARNING][util_funcs.py:111] Provide "objs" in result is deprecated and will be removed in future versions! Please use "objectives" instead.
[2023-04-09 19:24:59,194][moc][INFO][generic_smbo.py:332] Iter 15, objectives: [-0.017361759036525676].
[2023-04-09 19:25:00,599][moc][WARNING][util_funcs.py:111] Provide "objs" in result is deprecated and will be removed in future versions! Please use "objectives" instead.
[2023-04-09 19:25:00,600][moc][INFO][generic_smbo.py:332] Iter 16, objectives: [-0.01736177709785723].
[2023-04-09 19:25:02,138][moc][WARNING][util_funcs.py:111] Provide "objs" in result is deprecated and will be removed in future versions! Please use "objectives" instead.
[2023-04-09 19:25:02,140][moc][INFO][generic_smbo.py:332] Iter 17, objectives: [-0.017361766473540003].
[2023-04-09 19:25:03,603][moc][WARNING][util_funcs.py:111] Provide "objs" in result is deprecated and will be removed in future versions! Please use "objectives" instead.
[2023-04-09 19:25:03,605][moc][INFO][generic_smbo.py:332] Iter 18, objectives: [-0.017361769572297854].
[2023-04-09 19:25:05,068][moc][WARNING][util_funcs.py:111] Provide "objs" in result is deprecated and will be removed in future versions! Please use "objectives" instead.
[2023-04-09 19:25:05,069][moc][INFO][generic_smbo.py:332] Iter 19, objectives: [-0.017361769572297854].
[2023-04-09 19:25:07,097][moc][WARNING][util_funcs.py:111] Provide "objs" in result is deprecated and will be removed in future versions! Please use "objectives" instead.
[2023-04-09 19:25:07,098][moc][INFO][generic_smbo.py:332] Iter 20, objectives: [-0.01736177915028365].
