[2023-04-10 16:49:45,576][moc][INFO][color_logger.py:203] Logfile: /home/chenyiqi/wafer_scale_chip_dse_framework/logs/moc_2023-04-10-16-49-45-576593.log
[2023-04-10 16:49:45,584][moc][WARNING][util_funcs.py:111] Provide "objs" in result is deprecated and will be removed in future versions! Please use "objectives" instead.
[2023-04-10 16:49:45,584][moc][INFO][generic_smbo.py:333] Iter 1, objectives: [-2.0619410690634097].
[2023-04-10 16:49:45,588][moc][WARNING][util_funcs.py:111] Provide "objs" in result is deprecated and will be removed in future versions! Please use "objectives" instead.
[2023-04-10 16:49:45,589][moc][INFO][generic_smbo.py:333] Iter 2, objectives: [-2.2656841852479874].
[2023-04-10 16:49:45,593][moc][WARNING][util_funcs.py:111] Provide "objs" in result is deprecated and will be removed in future versions! Please use "objectives" instead.
[2023-04-10 16:49:45,593][moc][INFO][generic_smbo.py:333] Iter 3, objectives: [-1.29953500516674].
[2023-04-10 16:49:45,597][moc][WARNING][util_funcs.py:111] Provide "objs" in result is deprecated and will be removed in future versions! Please use "objectives" instead.
[2023-04-10 16:49:45,597][moc][INFO][generic_smbo.py:333] Iter 4, objectives: [-90.24999796887916].
[2023-04-10 16:49:45,602][moc][WARNING][util_funcs.py:111] Provide "objs" in result is deprecated and will be removed in future versions! Please use "objectives" instead.
[2023-04-10 16:49:45,602][moc][INFO][generic_smbo.py:333] Iter 5, objectives: [-1.3909941508934411].
[2023-04-10 16:49:45,606][moc][WARNING][util_funcs.py:111] Provide "objs" in result is deprecated and will be removed in future versions! Please use "objectives" instead.
[2023-04-10 16:49:45,607][moc][INFO][generic_smbo.py:333] Iter 6, objectives: [-0.6527474061037614].
[2023-04-10 16:49:45,611][moc][WARNING][util_funcs.py:111] Provide "objs" in result is deprecated and will be removed in future versions! Please use "objectives" instead.
[2023-04-10 16:49:45,611][moc][INFO][generic_smbo.py:333] Iter 7, objectives: [-0.3838466368853757].
[2023-04-10 16:49:45,615][moc][WARNING][util_funcs.py:111] Provide "objs" in result is deprecated and will be removed in future versions! Please use "objectives" instead.
[2023-04-10 16:49:45,615][moc][INFO][generic_smbo.py:333] Iter 8, objectives: [-0.37868322451492203].
[2023-04-10 16:49:45,620][moc][WARNING][util_funcs.py:111] Provide "objs" in result is deprecated and will be removed in future versions! Please use "objectives" instead.
[2023-04-10 16:49:45,620][moc][INFO][generic_smbo.py:333] Iter 9, objectives: [-1.4883223789875388].
[2023-04-10 16:49:45,624][moc][WARNING][util_funcs.py:111] Provide "objs" in result is deprecated and will be removed in future versions! Please use "objectives" instead.
[2023-04-10 16:49:45,625][moc][INFO][generic_smbo.py:333] Iter 10, objectives: [-0.44129081009942484].
[2023-04-10 16:49:45,625][moc][WARNING][util_funcs.py:111] Provide "objs" in result is deprecated and will be removed in future versions! Please use "objectives" instead.
[2023-04-10 16:49:45,625][moc][WARNING][util_funcs.py:123] Unused information in result: {'config': [Configuration(values={
  'data_parallel_size': 2,
  'micro_batch_size': 134,
  'model_parallel_size': 4,
  'num_reticle_per_pipeline_stage': 49,
  'tensor_parallel_size': 1,
})
]}
[2023-04-10 16:49:45,626][moc][INFO][generic_smbo.py:418] Iter 12, objectives: [-90.24999796887916].
[2023-04-10 16:49:50,351][moc][WARNING][util_funcs.py:231] Keyword argument "num_objs" is deprecated and will be removed in a future version. Please use "num_objectives" instead.
