[2023-04-09 18:58:52,439][moc][INFO][color_logger.py:203] Logfile: /home/chenyiqi/wafer_scale_chip_dse_framework/logs/moc_2023-04-09-18-58-52-439174.log
[2023-04-09 18:58:52,441][moc][INFO][generic_advisor.py:157] [BO auto selection]  acq_type: ei.
[2023-04-09 18:58:52,667][moc][WARNING][util_funcs.py:111] Provide "objs" in result is deprecated and will be removed in future versions! Please use "objectives" instead.
[2023-04-09 18:58:52,668][moc][INFO][generic_smbo.py:332] Iter 1, objectives: [-0.0069455861809480995].
[2023-04-09 18:58:54,056][moc][WARNING][util_funcs.py:111] Provide "objs" in result is deprecated and will be removed in future versions! Please use "objectives" instead.
[2023-04-09 18:58:54,057][moc][INFO][generic_smbo.py:332] Iter 2, objectives: [-0.0026715181586453337].
[2023-04-09 18:58:54,743][moc][WARNING][util_funcs.py:111] Provide "objs" in result is deprecated and will be removed in future versions! Please use "objectives" instead.
[2023-04-09 18:58:54,743][moc][INFO][generic_smbo.py:332] Iter 3, objectives: [-0.008681807447786608].
[2023-04-09 18:58:55,210][moc][WARNING][util_funcs.py:111] Provide "objs" in result is deprecated and will be removed in future versions! Please use "objectives" instead.
[2023-04-09 18:58:55,211][moc][INFO][generic_smbo.py:332] Iter 4, objectives: [-0.008681803805201439].
[2023-04-09 18:58:55,454][moc][WARNING][util_funcs.py:111] Provide "objs" in result is deprecated and will be removed in future versions! Please use "objectives" instead.
[2023-04-09 18:58:55,456][moc][INFO][generic_smbo.py:332] Iter 5, objectives: [-0.01157531667660243].
[2023-04-09 18:58:55,690][moc][WARNING][util_funcs.py:111] Provide "objs" in result is deprecated and will be removed in future versions! Please use "objectives" instead.
[2023-04-09 18:58:55,692][moc][INFO][generic_smbo.py:332] Iter 6, objectives: [-0.0115753087736766].
[2023-04-09 18:58:56,747][moc][WARNING][util_funcs.py:111] Provide "objs" in result is deprecated and will be removed in future versions! Please use "objectives" instead.
[2023-04-09 18:58:56,748][moc][INFO][generic_smbo.py:332] Iter 7, objectives: [-0.011575313164189619].
[2023-04-09 18:58:57,728][moc][WARNING][util_funcs.py:111] Provide "objs" in result is deprecated and will be removed in future versions! Please use "objectives" instead.
[2023-04-09 18:58:57,730][moc][INFO][generic_smbo.py:332] Iter 8, objectives: [-0.01157531667660243].
[2023-04-09 18:58:59,221][moc][WARNING][util_funcs.py:111] Provide "objs" in result is deprecated and will be removed in future versions! Please use "objectives" instead.
[2023-04-09 18:58:59,221][moc][INFO][generic_smbo.py:332] Iter 9, objectives: [-0.01157531667660243].
[2023-04-09 18:59:00,257][moc][WARNING][util_funcs.py:111] Provide "objs" in result is deprecated and will be removed in future versions! Please use "objectives" instead.
[2023-04-09 18:59:00,258][moc][INFO][generic_smbo.py:332] Iter 10, objectives: [-0.011575313164189619].
[2023-04-09 18:59:01,579][moc][WARNING][util_funcs.py:111] Provide "objs" in result is deprecated and will be removed in future versions! Please use "objectives" instead.
[2023-04-09 18:59:01,580][moc][INFO][generic_smbo.py:332] Iter 11, objectives: [-0.011575313164189619].
[2023-04-09 18:59:02,430][moc][WARNING][util_funcs.py:111] Provide "objs" in result is deprecated and will be removed in future versions! Please use "objectives" instead.
[2023-04-09 18:59:02,431][moc][INFO][generic_smbo.py:332] Iter 12, objectives: [-0.01157531667660243].
[2023-04-09 18:59:03,967][moc][WARNING][util_funcs.py:111] Provide "objs" in result is deprecated and will be removed in future versions! Please use "objectives" instead.
[2023-04-09 18:59:03,969][moc][INFO][generic_smbo.py:332] Iter 13, objectives: [-0.0115753087736766].
[2023-04-09 18:59:05,178][moc][WARNING][util_funcs.py:111] Provide "objs" in result is deprecated and will be removed in future versions! Please use "objectives" instead.
[2023-04-09 18:59:05,179][moc][INFO][generic_smbo.py:332] Iter 14, objectives: [-0.017361716893564853].
[2023-04-09 18:59:06,581][moc][WARNING][util_funcs.py:111] Provide "objs" in result is deprecated and will be removed in future versions! Please use "objectives" instead.
[2023-04-09 18:59:06,582][moc][INFO][generic_smbo.py:332] Iter 15, objectives: [-0.01736172742928588].
[2023-04-09 18:59:07,696][moc][WARNING][util_funcs.py:111] Provide "objs" in result is deprecated and will be removed in future versions! Please use "objectives" instead.
[2023-04-09 18:59:07,697][moc][INFO][generic_smbo.py:332] Iter 16, objectives: [-0.017361716893564853].
[2023-04-09 18:59:07,698][moc][INFO][generic_advisor.py:365] Sample random config. rand_prob=0.100000.
[2023-04-09 18:59:09,234][moc][WARNING][util_funcs.py:111] Provide "objs" in result is deprecated and will be removed in future versions! Please use "objectives" instead.
[2023-04-09 18:59:09,235][moc][INFO][generic_smbo.py:332] Iter 17, objectives: [-0.003858804594232062].
[2023-04-09 18:59:09,235][moc][INFO][generic_advisor.py:365] Sample random config. rand_prob=0.100000.
[2023-04-09 18:59:10,059][moc][WARNING][util_funcs.py:111] Provide "objs" in result is deprecated and will be removed in future versions! Please use "objectives" instead.
[2023-04-09 18:59:10,059][moc][INFO][generic_smbo.py:332] Iter 18, objectives: [-0.011575336245798548].
[2023-04-09 18:59:11,352][moc][WARNING][util_funcs.py:111] Provide "objs" in result is deprecated and will be removed in future versions! Please use "objectives" instead.
[2023-04-09 18:59:11,353][moc][INFO][generic_smbo.py:332] Iter 19, objectives: [-0.017361703723931553].
[2023-04-09 18:59:12,597][moc][WARNING][util_funcs.py:111] Provide "objs" in result is deprecated and will be removed in future versions! Please use "objectives" instead.
[2023-04-09 18:59:12,599][moc][INFO][generic_smbo.py:332] Iter 20, objectives: [-0.01736175452119866].
