[2023-04-10 16:57:58,458][moc][INFO][color_logger.py:203] Logfile: /home/chenyiqi/wafer_scale_chip_dse_framework/logs/moc_2023-04-10-16-57-58-458332.log
[2023-04-10 16:57:58,470][moc][WARNING][util_funcs.py:111] Provide "objs" in result is deprecated and will be removed in future versions! Please use "objectives" instead.
[2023-04-10 16:57:58,470][moc][INFO][generic_smbo.py:333] Iter 1, objectives: [-1.4602927206027516].
[2023-04-10 16:57:58,596][moc][WARNING][util_funcs.py:111] Provide "objs" in result is deprecated and will be removed in future versions! Please use "objectives" instead.
[2023-04-10 16:57:58,596][moc][INFO][generic_smbo.py:333] Iter 2, objectives: [-1.341926737164664].
[2023-04-10 16:57:58,605][moc][WARNING][util_funcs.py:111] Provide "objs" in result is deprecated and will be removed in future versions! Please use "objectives" instead.
[2023-04-10 16:57:58,606][moc][INFO][generic_smbo.py:333] Iter 3, objectives: [-1.0186270117635903].
[2023-04-10 16:57:58,615][moc][WARNING][util_funcs.py:111] Provide "objs" in result is deprecated and will be removed in future versions! Please use "objectives" instead.
[2023-04-10 16:57:58,615][moc][INFO][generic_smbo.py:333] Iter 4, objectives: [-0.5619830360880694].
[2023-04-10 16:57:58,624][moc][WARNING][util_funcs.py:111] Provide "objs" in result is deprecated and will be removed in future versions! Please use "objectives" instead.
[2023-04-10 16:57:58,624][moc][INFO][generic_smbo.py:333] Iter 5, objectives: [-1.991683435605139].
[2023-04-10 16:57:58,633][moc][WARNING][util_funcs.py:111] Provide "objs" in result is deprecated and will be removed in future versions! Please use "objectives" instead.
[2023-04-10 16:57:58,633][moc][INFO][generic_smbo.py:333] Iter 6, objectives: [-1.1778961376017378].
[2023-04-10 16:57:58,642][moc][WARNING][util_funcs.py:111] Provide "objs" in result is deprecated and will be removed in future versions! Please use "objectives" instead.
[2023-04-10 16:57:58,643][moc][INFO][generic_smbo.py:333] Iter 7, objectives: [-0.3178412109773378].
[2023-04-10 16:57:58,652][moc][WARNING][util_funcs.py:111] Provide "objs" in result is deprecated and will be removed in future versions! Please use "objectives" instead.
[2023-04-10 16:57:58,652][moc][INFO][generic_smbo.py:333] Iter 8, objectives: [-0.8597180517929748].
[2023-04-10 16:57:58,661][moc][WARNING][util_funcs.py:111] Provide "objs" in result is deprecated and will be removed in future versions! Please use "objectives" instead.
[2023-04-10 16:57:58,661][moc][INFO][generic_smbo.py:333] Iter 9, objectives: [-1.3301697253977107].
[2023-04-10 16:57:58,669][moc][WARNING][util_funcs.py:111] Provide "objs" in result is deprecated and will be removed in future versions! Please use "objectives" instead.
[2023-04-10 16:57:58,670][moc][INFO][generic_smbo.py:333] Iter 10, objectives: [-54.69642807099713].
[2023-04-10 16:57:58,670][moc][WARNING][util_funcs.py:111] Provide "objs" in result is deprecated and will be removed in future versions! Please use "objectives" instead.
[2023-04-10 16:57:58,670][moc][WARNING][util_funcs.py:123] Unused information in result: {'config': [{'data_parallel_size': 1, 'micro_batch_size': 133, 'model_parallel_size': 4, 'num_reticle_per_pipeline_stage': 175, 'tensor_parallel_size': 1}]}
[2023-04-10 16:57:58,670][moc][INFO][generic_smbo.py:418] Iter 8, objectives: [-54.69642807099713].
[2023-04-10 16:58:03,262][moc][WARNING][util_funcs.py:231] Keyword argument "num_objs" is deprecated and will be removed in a future version. Please use "num_objectives" instead.
