[2023-04-10 19:29:49,343][moc][INFO][color_logger.py:203] Logfile: /home/chenyiqi/wafer_scale_chip_dse_framework/logs/moc_2023-04-10-19-29-49-343448.log
[2023-04-10 19:29:49,534][moc][WARNING][util_funcs.py:111] Provide "objs" in result is deprecated and will be removed in future versions! Please use "objectives" instead.
[2023-04-10 19:29:49,534][moc][INFO][generic_smbo.py:352] Iter 1, objectives: [-0.6424357923167286].
[2023-04-10 19:29:49,618][moc][WARNING][util_funcs.py:111] Provide "objs" in result is deprecated and will be removed in future versions! Please use "objectives" instead.
[2023-04-10 19:29:49,618][moc][INFO][generic_smbo.py:352] Iter 2, objectives: [-0.46406036368745107].
[2023-04-10 19:29:49,706][moc][WARNING][util_funcs.py:111] Provide "objs" in result is deprecated and will be removed in future versions! Please use "objectives" instead.
[2023-04-10 19:29:49,706][moc][INFO][generic_smbo.py:352] Iter 3, objectives: [-0.1493216469756133].
[2023-04-10 19:29:49,788][moc][WARNING][util_funcs.py:111] Provide "objs" in result is deprecated and will be removed in future versions! Please use "objectives" instead.
[2023-04-10 19:29:49,789][moc][INFO][generic_smbo.py:352] Iter 4, objectives: [-1.1234065809182106].
[2023-04-10 19:29:49,874][moc][WARNING][util_funcs.py:111] Provide "objs" in result is deprecated and will be removed in future versions! Please use "objectives" instead.
[2023-04-10 19:29:49,874][moc][INFO][generic_smbo.py:352] Iter 5, objectives: [-0.10505770583355922].
[2023-04-10 19:29:49,957][moc][WARNING][util_funcs.py:111] Provide "objs" in result is deprecated and will be removed in future versions! Please use "objectives" instead.
[2023-04-10 19:29:49,957][moc][INFO][generic_smbo.py:352] Iter 6, objectives: [-0.27900311676701106].
[2023-04-10 19:29:50,017][moc][WARNING][util_funcs.py:111] Provide "objs" in result is deprecated and will be removed in future versions! Please use "objectives" instead.
[2023-04-10 19:29:50,018][moc][INFO][generic_smbo.py:352] Iter 7, objectives: [-0.28810084283551846].
[2023-04-10 19:29:50,097][moc][WARNING][util_funcs.py:111] Provide "objs" in result is deprecated and will be removed in future versions! Please use "objectives" instead.
[2023-04-10 19:29:50,098][moc][INFO][generic_smbo.py:352] Iter 8, objectives: [-1.0542133598199253].
[2023-04-10 19:29:50,149][moc][WARNING][util_funcs.py:111] Provide "objs" in result is deprecated and will be removed in future versions! Please use "objectives" instead.
[2023-04-10 19:29:50,149][moc][INFO][generic_smbo.py:352] Iter 9, objectives: [-5.74370306345747].
[2023-04-10 19:29:50,213][moc][WARNING][util_funcs.py:111] Provide "objs" in result is deprecated and will be removed in future versions! Please use "objectives" instead.
[2023-04-10 19:29:50,214][moc][INFO][generic_smbo.py:352] Iter 10, objectives: [-1.5403185747846198].
[2023-04-10 19:29:50,302][moc][WARNING][util_funcs.py:111] Provide "objs" in result is deprecated and will be removed in future versions! Please use "objectives" instead.
[2023-04-10 19:29:50,302][moc][INFO][generic_smbo.py:352] Iter 11, objectives: [-0.12768193746831197].
[2023-04-10 19:29:50,391][moc][WARNING][util_funcs.py:111] Provide "objs" in result is deprecated and will be removed in future versions! Please use "objectives" instead.
[2023-04-10 19:29:50,391][moc][INFO][generic_smbo.py:352] Iter 12, objectives: [-0.14282880176205992].
[2023-04-10 19:29:50,477][moc][WARNING][util_funcs.py:111] Provide "objs" in result is deprecated and will be removed in future versions! Please use "objectives" instead.
[2023-04-10 19:29:50,478][moc][INFO][generic_smbo.py:352] Iter 13, objectives: [-0.18758799579975768].
[2023-04-10 19:29:50,560][moc][WARNING][util_funcs.py:111] Provide "objs" in result is deprecated and will be removed in future versions! Please use "objectives" instead.
[2023-04-10 19:29:50,560][moc][INFO][generic_smbo.py:352] Iter 14, objectives: [-0.08563209686084983].
[2023-04-10 19:29:50,651][moc][WARNING][util_funcs.py:111] Provide "objs" in result is deprecated and will be removed in future versions! Please use "objectives" instead.
[2023-04-10 19:29:50,651][moc][INFO][generic_smbo.py:352] Iter 15, objectives: [-0.2363141259052993].
[2023-04-10 19:29:50,739][moc][WARNING][util_funcs.py:111] Provide "objs" in result is deprecated and will be removed in future versions! Please use "objectives" instead.
[2023-04-10 19:29:50,739][moc][INFO][generic_smbo.py:352] Iter 16, objectives: [-0.5917653243701302].
[2023-04-10 19:29:50,832][moc][WARNING][util_funcs.py:111] Provide "objs" in result is deprecated and will be removed in future versions! Please use "objectives" instead.
[2023-04-10 19:29:50,832][moc][INFO][generic_smbo.py:352] Iter 17, objectives: [-0.051938283167237136].
[2023-04-10 19:29:51,032][moc][WARNING][util_funcs.py:111] Provide "objs" in result is deprecated and will be removed in future versions! Please use "objectives" instead.
[2023-04-10 19:29:51,032][moc][INFO][generic_smbo.py:352] Iter 18, objectives: [-3.2091937964386745].
[2023-04-10 19:29:51,156][moc][WARNING][util_funcs.py:111] Provide "objs" in result is deprecated and will be removed in future versions! Please use "objectives" instead.
[2023-04-10 19:29:51,156][moc][INFO][generic_smbo.py:352] Iter 19, objectives: [-0.29609077490049146].
[2023-04-10 19:29:51,249][moc][WARNING][util_funcs.py:111] Provide "objs" in result is deprecated and will be removed in future versions! Please use "objectives" instead.
[2023-04-10 19:29:51,249][moc][INFO][generic_smbo.py:352] Iter 20, objectives: [-0.17024451835863358].
[2023-04-10 19:29:51,249][moc][WARNING][util_funcs.py:111] Provide "objs" in result is deprecated and will be removed in future versions! Please use "objectives" instead.
[2023-04-10 19:29:51,249][moc][WARNING][util_funcs.py:123] Unused information in result: {'config': [{'data_parallel_size': 3, 'micro_batch_size': 71, 'model_parallel_size': 6, 'num_reticle_per_pipeline_stage': 117, 'tensor_parallel_size': 1}]}
[2023-04-10 19:29:51,250][moc][INFO][generic_smbo.py:437] Iter 5, objectives: [-5.74370306345747].
[2023-04-10 19:29:51,251][moc][WARNING][util_funcs.py:231] Keyword argument "num_objs" is deprecated and will be removed in a future version. Please use "num_objectives" instead.
