[2023-04-10 19:30:21,667][moc][INFO][color_logger.py:203] Logfile: /home/chenyiqi/wafer_scale_chip_dse_framework/logs/moc_2023-04-10-19-30-21-667639.log
[2023-04-10 19:30:21,672][moc][WARNING][util_funcs.py:111] Provide "objs" in result is deprecated and will be removed in future versions! Please use "objectives" instead.
[2023-04-10 19:30:21,672][moc][INFO][generic_smbo.py:352] Iter 1, objectives: [-1.3165989055618317].
[2023-04-10 19:30:21,675][moc][WARNING][util_funcs.py:111] Provide "objs" in result is deprecated and will be removed in future versions! Please use "objectives" instead.
[2023-04-10 19:30:21,676][moc][INFO][generic_smbo.py:352] Iter 2, objectives: [-2.6274352804437293].
[2023-04-10 19:30:21,678][moc][WARNING][util_funcs.py:111] Provide "objs" in result is deprecated and will be removed in future versions! Please use "objectives" instead.
[2023-04-10 19:30:21,678][moc][INFO][generic_smbo.py:352] Iter 3, objectives: [-1.6089163492309257].
[2023-04-10 19:30:21,680][moc][WARNING][util_funcs.py:111] Provide "objs" in result is deprecated and will be removed in future versions! Please use "objectives" instead.
[2023-04-10 19:30:21,681][moc][INFO][generic_smbo.py:352] Iter 4, objectives: [-1.9565002306294463].
[2023-04-10 19:30:21,683][moc][WARNING][util_funcs.py:111] Provide "objs" in result is deprecated and will be removed in future versions! Please use "objectives" instead.
[2023-04-10 19:30:21,684][moc][INFO][generic_smbo.py:352] Iter 5, objectives: [-1.3550474897554348].
[2023-04-10 19:30:21,686][moc][WARNING][util_funcs.py:111] Provide "objs" in result is deprecated and will be removed in future versions! Please use "objectives" instead.
[2023-04-10 19:30:21,686][moc][INFO][generic_smbo.py:352] Iter 6, objectives: [-3.0337175714573097].
[2023-04-10 19:30:21,689][moc][WARNING][util_funcs.py:111] Provide "objs" in result is deprecated and will be removed in future versions! Please use "objectives" instead.
[2023-04-10 19:30:21,689][moc][INFO][generic_smbo.py:352] Iter 7, objectives: [-0.9395085650364869].
[2023-04-10 19:30:21,692][moc][WARNING][util_funcs.py:111] Provide "objs" in result is deprecated and will be removed in future versions! Please use "objectives" instead.
[2023-04-10 19:30:21,692][moc][INFO][generic_smbo.py:352] Iter 8, objectives: [-6.611738190570358].
[2023-04-10 19:30:21,695][moc][WARNING][util_funcs.py:111] Provide "objs" in result is deprecated and will be removed in future versions! Please use "objectives" instead.
[2023-04-10 19:30:21,695][moc][INFO][generic_smbo.py:352] Iter 9, objectives: [-0.6548344087418861].
[2023-04-10 19:30:21,697][moc][WARNING][util_funcs.py:111] Provide "objs" in result is deprecated and will be removed in future versions! Please use "objectives" instead.
[2023-04-10 19:30:21,698][moc][INFO][generic_smbo.py:352] Iter 10, objectives: [-0.43399457229832133].
[2023-04-10 19:30:21,700][moc][WARNING][util_funcs.py:111] Provide "objs" in result is deprecated and will be removed in future versions! Please use "objectives" instead.
[2023-04-10 19:30:21,701][moc][INFO][generic_smbo.py:352] Iter 11, objectives: [-0.6786449424939764].
[2023-04-10 19:30:21,703][moc][WARNING][util_funcs.py:111] Provide "objs" in result is deprecated and will be removed in future versions! Please use "objectives" instead.
[2023-04-10 19:30:21,703][moc][INFO][generic_smbo.py:352] Iter 12, objectives: [-2.1734218998639463].
[2023-04-10 19:30:21,706][moc][WARNING][util_funcs.py:111] Provide "objs" in result is deprecated and will be removed in future versions! Please use "objectives" instead.
[2023-04-10 19:30:21,706][moc][INFO][generic_smbo.py:352] Iter 13, objectives: [-0.6283803074178844].
[2023-04-10 19:30:21,708][moc][WARNING][util_funcs.py:111] Provide "objs" in result is deprecated and will be removed in future versions! Please use "objectives" instead.
[2023-04-10 19:30:21,708][moc][INFO][generic_smbo.py:352] Iter 14, objectives: [-0.7621151014683529].
[2023-04-10 19:30:21,712][moc][WARNING][util_funcs.py:111] Provide "objs" in result is deprecated and will be removed in future versions! Please use "objectives" instead.
[2023-04-10 19:30:21,712][moc][INFO][generic_smbo.py:352] Iter 15, objectives: [-2.666709366353888].
[2023-04-10 19:30:21,714][moc][WARNING][util_funcs.py:111] Provide "objs" in result is deprecated and will be removed in future versions! Please use "objectives" instead.
[2023-04-10 19:30:21,714][moc][INFO][generic_smbo.py:352] Iter 16, objectives: [-0.6132288470652772].
[2023-04-10 19:30:21,717][moc][WARNING][util_funcs.py:111] Provide "objs" in result is deprecated and will be removed in future versions! Please use "objectives" instead.
[2023-04-10 19:30:21,717][moc][INFO][generic_smbo.py:352] Iter 17, objectives: [-1.197912926152031].
[2023-04-10 19:30:21,720][moc][WARNING][util_funcs.py:111] Provide "objs" in result is deprecated and will be removed in future versions! Please use "objectives" instead.
[2023-04-10 19:30:21,720][moc][INFO][generic_smbo.py:352] Iter 18, objectives: [-1.1038015374837207].
[2023-04-10 19:30:21,723][moc][WARNING][util_funcs.py:111] Provide "objs" in result is deprecated and will be removed in future versions! Please use "objectives" instead.
[2023-04-10 19:30:21,723][moc][INFO][generic_smbo.py:352] Iter 19, objectives: [-1.988388966049784].
[2023-04-10 19:30:21,725][moc][WARNING][util_funcs.py:111] Provide "objs" in result is deprecated and will be removed in future versions! Please use "objectives" instead.
[2023-04-10 19:30:21,725][moc][INFO][generic_smbo.py:352] Iter 20, objectives: [-0.437369910019885].
[2023-04-10 19:30:21,726][moc][WARNING][util_funcs.py:111] Provide "objs" in result is deprecated and will be removed in future versions! Please use "objectives" instead.
[2023-04-10 19:30:21,726][moc][WARNING][util_funcs.py:123] Unused information in result: {'config': [{'data_parallel_size': 2, 'micro_batch_size': 7, 'model_parallel_size': 24, 'num_reticle_per_pipeline_stage': 1, 'tensor_parallel_size': 6}]}
[2023-04-10 19:30:21,726][moc][INFO][generic_smbo.py:437] Iter 2, objectives: [-6.611738190570358].
[2023-04-10 19:30:21,727][moc][WARNING][util_funcs.py:231] Keyword argument "num_objs" is deprecated and will be removed in a future version. Please use "num_objectives" instead.
