[2023-04-10 19:28:42,630][moc][INFO][color_logger.py:203] Logfile: /home/chenyiqi/wafer_scale_chip_dse_framework/logs/moc_2023-04-10-19-28-42-629810.log
[2023-04-10 19:28:42,633][moc][WARNING][util_funcs.py:111] Provide "objs" in result is deprecated and will be removed in future versions! Please use "objectives" instead.
[2023-04-10 19:28:42,633][moc][INFO][generic_smbo.py:352] Iter 1, objectives: [-0.3500129172127093].
[2023-04-10 19:28:42,635][moc][WARNING][util_funcs.py:111] Provide "objs" in result is deprecated and will be removed in future versions! Please use "objectives" instead.
[2023-04-10 19:28:42,635][moc][INFO][generic_smbo.py:352] Iter 2, objectives: [-0.5132463883549666].
[2023-04-10 19:28:42,637][moc][WARNING][util_funcs.py:111] Provide "objs" in result is deprecated and will be removed in future versions! Please use "objectives" instead.
[2023-04-10 19:28:42,637][moc][INFO][generic_smbo.py:352] Iter 3, objectives: [-1.4756259737596777].
[2023-04-10 19:28:42,639][moc][WARNING][util_funcs.py:111] Provide "objs" in result is deprecated and will be removed in future versions! Please use "objectives" instead.
[2023-04-10 19:28:42,639][moc][INFO][generic_smbo.py:352] Iter 4, objectives: [-4.858483643156893].
[2023-04-10 19:28:42,641][moc][WARNING][util_funcs.py:111] Provide "objs" in result is deprecated and will be removed in future versions! Please use "objectives" instead.
[2023-04-10 19:28:42,641][moc][INFO][generic_smbo.py:352] Iter 5, objectives: [-0.567999975571457].
[2023-04-10 19:28:42,643][moc][WARNING][util_funcs.py:111] Provide "objs" in result is deprecated and will be removed in future versions! Please use "objectives" instead.
[2023-04-10 19:28:42,643][moc][INFO][generic_smbo.py:352] Iter 6, objectives: [-0.34542885234094667].
[2023-04-10 19:28:42,645][moc][WARNING][util_funcs.py:111] Provide "objs" in result is deprecated and will be removed in future versions! Please use "objectives" instead.
[2023-04-10 19:28:42,645][moc][INFO][generic_smbo.py:352] Iter 7, objectives: [-236.77164564662527].
[2023-04-10 19:28:42,647][moc][WARNING][util_funcs.py:111] Provide "objs" in result is deprecated and will be removed in future versions! Please use "objectives" instead.
[2023-04-10 19:28:42,647][moc][INFO][generic_smbo.py:352] Iter 8, objectives: [-18.97754224977822].
[2023-04-10 19:28:42,649][moc][WARNING][util_funcs.py:111] Provide "objs" in result is deprecated and will be removed in future versions! Please use "objectives" instead.
[2023-04-10 19:28:42,649][moc][INFO][generic_smbo.py:352] Iter 9, objectives: [-0.5818407476589186].
[2023-04-10 19:28:42,651][moc][WARNING][util_funcs.py:111] Provide "objs" in result is deprecated and will be removed in future versions! Please use "objectives" instead.
[2023-04-10 19:28:42,652][moc][INFO][generic_smbo.py:352] Iter 10, objectives: [-122.39441865784435].
[2023-04-10 19:28:42,653][moc][WARNING][util_funcs.py:111] Provide "objs" in result is deprecated and will be removed in future versions! Please use "objectives" instead.
[2023-04-10 19:28:42,654][moc][INFO][generic_smbo.py:352] Iter 11, objectives: [-0.39901041127843].
[2023-04-10 19:28:42,655][moc][WARNING][util_funcs.py:111] Provide "objs" in result is deprecated and will be removed in future versions! Please use "objectives" instead.
[2023-04-10 19:28:42,655][moc][INFO][generic_smbo.py:352] Iter 12, objectives: [-1.3051495647106939].
[2023-04-10 19:28:42,657][moc][WARNING][util_funcs.py:111] Provide "objs" in result is deprecated and will be removed in future versions! Please use "objectives" instead.
[2023-04-10 19:28:42,657][moc][INFO][generic_smbo.py:352] Iter 13, objectives: [-0.4880608150450998].
[2023-04-10 19:28:42,659][moc][WARNING][util_funcs.py:111] Provide "objs" in result is deprecated and will be removed in future versions! Please use "objectives" instead.
[2023-04-10 19:28:42,659][moc][INFO][generic_smbo.py:352] Iter 14, objectives: [-447.17910223199095].
[2023-04-10 19:28:42,661][moc][WARNING][util_funcs.py:111] Provide "objs" in result is deprecated and will be removed in future versions! Please use "objectives" instead.
[2023-04-10 19:28:42,661][moc][INFO][generic_smbo.py:352] Iter 15, objectives: [-0.4658486447944154].
[2023-04-10 19:28:42,663][moc][WARNING][util_funcs.py:111] Provide "objs" in result is deprecated and will be removed in future versions! Please use "objectives" instead.
[2023-04-10 19:28:42,663][moc][INFO][generic_smbo.py:352] Iter 16, objectives: [-1.4596862406060664].
[2023-04-10 19:28:42,665][moc][WARNING][util_funcs.py:111] Provide "objs" in result is deprecated and will be removed in future versions! Please use "objectives" instead.
[2023-04-10 19:28:42,665][moc][INFO][generic_smbo.py:352] Iter 17, objectives: [-0.8239513617160716].
[2023-04-10 19:28:42,667][moc][WARNING][util_funcs.py:111] Provide "objs" in result is deprecated and will be removed in future versions! Please use "objectives" instead.
[2023-04-10 19:28:42,667][moc][INFO][generic_smbo.py:352] Iter 18, objectives: [-0.5267242773465959].
[2023-04-10 19:28:42,669][moc][WARNING][util_funcs.py:111] Provide "objs" in result is deprecated and will be removed in future versions! Please use "objectives" instead.
[2023-04-10 19:28:42,669][moc][INFO][generic_smbo.py:352] Iter 19, objectives: [-0.3653794059062279].
[2023-04-10 19:28:42,671][moc][WARNING][util_funcs.py:111] Provide "objs" in result is deprecated and will be removed in future versions! Please use "objectives" instead.
[2023-04-10 19:28:42,671][moc][INFO][generic_smbo.py:352] Iter 20, objectives: [-0.6865009148981217].
[2023-04-10 19:28:42,671][moc][WARNING][util_funcs.py:111] Provide "objs" in result is deprecated and will be removed in future versions! Please use "objectives" instead.
[2023-04-10 19:28:42,671][moc][WARNING][util_funcs.py:123] Unused information in result: {'config': [{'data_parallel_size': 1, 'micro_batch_size': 138, 'model_parallel_size': 1, 'num_reticle_per_pipeline_stage': 84, 'tensor_parallel_size': 1}]}
[2023-04-10 19:28:42,672][moc][INFO][generic_smbo.py:437] Iter 6, objectives: [-447.17910223199095].
[2023-04-10 19:28:47,106][moc][WARNING][util_funcs.py:231] Keyword argument "num_objs" is deprecated and will be removed in a future version. Please use "num_objectives" instead.
