[2023-04-10 19:31:24,957][moc][INFO][color_logger.py:203] Logfile: /home/chenyiqi/wafer_scale_chip_dse_framework/logs/moc_2023-04-10-19-31-24-956934.log
[2023-04-10 19:31:24,996][moc][WARNING][util_funcs.py:111] Provide "objs" in result is deprecated and will be removed in future versions! Please use "objectives" instead.
[2023-04-10 19:31:24,996][moc][INFO][generic_smbo.py:352] Iter 1, objectives: [-9.948242084441212].
[2023-04-10 19:31:25,041][moc][WARNING][util_funcs.py:111] Provide "objs" in result is deprecated and will be removed in future versions! Please use "objectives" instead.
[2023-04-10 19:31:25,042][moc][INFO][generic_smbo.py:352] Iter 2, objectives: [-0.5378381058443755].
[2023-04-10 19:31:25,087][moc][WARNING][util_funcs.py:111] Provide "objs" in result is deprecated and will be removed in future versions! Please use "objectives" instead.
[2023-04-10 19:31:25,087][moc][INFO][generic_smbo.py:352] Iter 3, objectives: [-0.20010805775004414].
[2023-04-10 19:31:25,121][moc][WARNING][util_funcs.py:111] Provide "objs" in result is deprecated and will be removed in future versions! Please use "objectives" instead.
[2023-04-10 19:31:25,121][moc][INFO][generic_smbo.py:352] Iter 4, objectives: [-1.9221146997849274].
[2023-04-10 19:31:25,166][moc][WARNING][util_funcs.py:111] Provide "objs" in result is deprecated and will be removed in future versions! Please use "objectives" instead.
[2023-04-10 19:31:25,166][moc][INFO][generic_smbo.py:352] Iter 5, objectives: [-0.48821340826332926].
[2023-04-10 19:31:25,203][moc][WARNING][util_funcs.py:111] Provide "objs" in result is deprecated and will be removed in future versions! Please use "objectives" instead.
[2023-04-10 19:31:25,203][moc][INFO][generic_smbo.py:352] Iter 6, objectives: [-0.6457676689355382].
[2023-04-10 19:31:25,249][moc][WARNING][util_funcs.py:111] Provide "objs" in result is deprecated and will be removed in future versions! Please use "objectives" instead.
[2023-04-10 19:31:25,249][moc][INFO][generic_smbo.py:352] Iter 7, objectives: [-0.44653241065299537].
[2023-04-10 19:31:25,282][moc][WARNING][util_funcs.py:111] Provide "objs" in result is deprecated and will be removed in future versions! Please use "objectives" instead.
[2023-04-10 19:31:25,282][moc][INFO][generic_smbo.py:352] Iter 8, objectives: [-1.0450144254016491].
[2023-04-10 19:31:25,311][moc][WARNING][util_funcs.py:111] Provide "objs" in result is deprecated and will be removed in future versions! Please use "objectives" instead.
[2023-04-10 19:31:25,312][moc][INFO][generic_smbo.py:352] Iter 9, objectives: [-0.6017136257065596].
[2023-04-10 19:31:25,356][moc][WARNING][util_funcs.py:111] Provide "objs" in result is deprecated and will be removed in future versions! Please use "objectives" instead.
[2023-04-10 19:31:25,356][moc][INFO][generic_smbo.py:352] Iter 10, objectives: [-0.27079006598816757].
[2023-04-10 19:31:25,392][moc][WARNING][util_funcs.py:111] Provide "objs" in result is deprecated and will be removed in future versions! Please use "objectives" instead.
[2023-04-10 19:31:25,392][moc][INFO][generic_smbo.py:352] Iter 11, objectives: [-1.4319417503353695].
[2023-04-10 19:31:25,420][moc][WARNING][util_funcs.py:111] Provide "objs" in result is deprecated and will be removed in future versions! Please use "objectives" instead.
[2023-04-10 19:31:25,420][moc][INFO][generic_smbo.py:352] Iter 12, objectives: [-5.415091701611823].
[2023-04-10 19:31:25,457][moc][WARNING][util_funcs.py:111] Provide "objs" in result is deprecated and will be removed in future versions! Please use "objectives" instead.
[2023-04-10 19:31:25,457][moc][INFO][generic_smbo.py:352] Iter 13, objectives: [-0.40084297901773724].
[2023-04-10 19:31:25,491][moc][WARNING][util_funcs.py:111] Provide "objs" in result is deprecated and will be removed in future versions! Please use "objectives" instead.
[2023-04-10 19:31:25,491][moc][INFO][generic_smbo.py:352] Iter 14, objectives: [-0.8793059340260568].
[2023-04-10 19:31:25,527][moc][WARNING][util_funcs.py:111] Provide "objs" in result is deprecated and will be removed in future versions! Please use "objectives" instead.
[2023-04-10 19:31:25,527][moc][INFO][generic_smbo.py:352] Iter 15, objectives: [-2.236008034973856].
[2023-04-10 19:31:25,560][moc][WARNING][util_funcs.py:111] Provide "objs" in result is deprecated and will be removed in future versions! Please use "objectives" instead.
[2023-04-10 19:31:25,560][moc][INFO][generic_smbo.py:352] Iter 16, objectives: [-1.538503109211648].
[2023-04-10 19:31:25,597][moc][WARNING][util_funcs.py:111] Provide "objs" in result is deprecated and will be removed in future versions! Please use "objectives" instead.
[2023-04-10 19:31:25,597][moc][INFO][generic_smbo.py:352] Iter 17, objectives: [-1.3826953168540794].
[2023-04-10 19:31:25,642][moc][WARNING][util_funcs.py:111] Provide "objs" in result is deprecated and will be removed in future versions! Please use "objectives" instead.
[2023-04-10 19:31:25,642][moc][INFO][generic_smbo.py:352] Iter 18, objectives: [-0.3215592236973816].
[2023-04-10 19:31:25,688][moc][WARNING][util_funcs.py:111] Provide "objs" in result is deprecated and will be removed in future versions! Please use "objectives" instead.
[2023-04-10 19:31:25,688][moc][INFO][generic_smbo.py:352] Iter 19, objectives: [-0.5264297847392735].
[2023-04-10 19:31:25,718][moc][WARNING][util_funcs.py:111] Provide "objs" in result is deprecated and will be removed in future versions! Please use "objectives" instead.
[2023-04-10 19:31:25,718][moc][INFO][generic_smbo.py:352] Iter 20, objectives: [-10.316790032904851].
[2023-04-10 19:31:25,719][moc][WARNING][util_funcs.py:111] Provide "objs" in result is deprecated and will be removed in future versions! Please use "objectives" instead.
[2023-04-10 19:31:25,719][moc][WARNING][util_funcs.py:123] Unused information in result: {'config': [{'data_parallel_size': 17, 'micro_batch_size': 9, 'model_parallel_size': 12, 'num_reticle_per_pipeline_stage': 14, 'tensor_parallel_size': 4}]}
[2023-04-10 19:31:25,719][moc][INFO][generic_smbo.py:437] Iter 19, objectives: [-10.316790032904851].
[2023-04-10 19:31:29,950][moc][WARNING][util_funcs.py:231] Keyword argument "num_objs" is deprecated and will be removed in a future version. Please use "num_objectives" instead.
