[2023-04-09 19:03:54,781][moc][INFO][color_logger.py:203] Logfile: /home/chenyiqi/wafer_scale_chip_dse_framework/logs/moc_2023-04-09-19-03-54-780580.log
[2023-04-09 19:03:54,783][moc][INFO][generic_advisor.py:157] [BO auto selection]  acq_type: ei.
[2023-04-09 19:03:55,012][moc][WARNING][util_funcs.py:111] Provide "objs" in result is deprecated and will be removed in future versions! Please use "objectives" instead.
[2023-04-09 19:03:55,013][moc][INFO][generic_smbo.py:332] Iter 1, objectives: [-0.008681801808526419].
[2023-04-09 19:03:55,168][moc][WARNING][util_funcs.py:111] Provide "objs" in result is deprecated and will be removed in future versions! Please use "objectives" instead.
[2023-04-09 19:03:55,169][moc][INFO][generic_smbo.py:332] Iter 2, objectives: [-0.017361716893564853].
[2023-04-09 19:03:55,756][moc][WARNING][util_funcs.py:111] Provide "objs" in result is deprecated and will be removed in future versions! Please use "objectives" instead.
[2023-04-09 19:03:55,757][moc][INFO][generic_smbo.py:332] Iter 3, objectives: [-0.003858804317578792].
[2023-04-09 19:03:55,939][moc][WARNING][util_funcs.py:111] Provide "objs" in result is deprecated and will be removed in future versions! Please use "objectives" instead.
[2023-04-09 19:03:55,940][moc][INFO][generic_smbo.py:332] Iter 4, objectives: [-0.011575313164189619].
[2023-04-09 19:03:56,645][moc][WARNING][util_funcs.py:111] Provide "objs" in result is deprecated and will be removed in future versions! Please use "objectives" instead.
[2023-04-09 19:03:56,646][moc][INFO][generic_smbo.py:332] Iter 5, objectives: [-0.004961254430754241].
[2023-04-09 19:03:57,011][moc][WARNING][util_funcs.py:111] Provide "objs" in result is deprecated and will be removed in future versions! Please use "objectives" instead.
[2023-04-09 19:03:57,013][moc][INFO][generic_smbo.py:332] Iter 6, objectives: [-0.008681801413351264].
[2023-04-09 19:03:57,014][moc][INFO][generic_advisor.py:365] Sample random config. rand_prob=0.100000.
[2023-04-09 19:03:57,457][moc][WARNING][util_funcs.py:111] Provide "objs" in result is deprecated and will be removed in future versions! Please use "objectives" instead.
[2023-04-09 19:03:57,458][moc][INFO][generic_smbo.py:332] Iter 7, objectives: [-0.00868180240128922].
[2023-04-09 19:03:58,406][moc][WARNING][util_funcs.py:111] Provide "objs" in result is deprecated and will be removed in future versions! Please use "objectives" instead.
[2023-04-09 19:03:58,407][moc][INFO][generic_smbo.py:332] Iter 8, objectives: [-0.017361703723931553].
[2023-04-09 19:03:59,392][moc][WARNING][util_funcs.py:111] Provide "objs" in result is deprecated and will be removed in future versions! Please use "objectives" instead.
[2023-04-09 19:03:59,393][moc][INFO][generic_smbo.py:332] Iter 9, objectives: [-0.017361716893564853].
[2023-04-09 19:04:00,820][moc][WARNING][util_funcs.py:111] Provide "objs" in result is deprecated and will be removed in future versions! Please use "objectives" instead.
[2023-04-09 19:04:00,822][moc][INFO][generic_smbo.py:332] Iter 10, objectives: [-0.017361736049430775].
[2023-04-09 19:04:01,846][moc][WARNING][util_funcs.py:111] Provide "objs" in result is deprecated and will be removed in future versions! Please use "objectives" instead.
[2023-04-09 19:04:01,847][moc][INFO][generic_smbo.py:332] Iter 11, objectives: [-0.017361736049430775].
[2023-04-09 19:04:03,102][moc][WARNING][util_funcs.py:111] Provide "objs" in result is deprecated and will be removed in future versions! Please use "objectives" instead.
[2023-04-09 19:04:03,103][moc][INFO][generic_smbo.py:332] Iter 12, objectives: [-0.017361716893564853].
[2023-04-09 19:04:03,104][moc][INFO][generic_advisor.py:365] Sample random config. rand_prob=0.100000.
[2023-04-09 19:04:04,071][moc][WARNING][util_funcs.py:111] Provide "objs" in result is deprecated and will be removed in future versions! Please use "objectives" instead.
[2023-04-09 19:04:04,072][moc][INFO][generic_smbo.py:332] Iter 13, objectives: [-0.006945590910933379].
[2023-04-09 19:04:05,025][moc][WARNING][util_funcs.py:111] Provide "objs" in result is deprecated and will be removed in future versions! Please use "objectives" instead.
[2023-04-09 19:04:05,027][moc][INFO][generic_smbo.py:332] Iter 14, objectives: [-0.01736175452119866].
[2023-04-09 19:04:06,820][moc][WARNING][util_funcs.py:111] Provide "objs" in result is deprecated and will be removed in future versions! Please use "objectives" instead.
[2023-04-09 19:04:06,821][moc][INFO][generic_smbo.py:332] Iter 15, objectives: [-0.017361743232891393].
[2023-04-09 19:04:08,700][moc][WARNING][util_funcs.py:111] Provide "objs" in result is deprecated and will be removed in future versions! Please use "objectives" instead.
[2023-04-09 19:04:08,702][moc][INFO][generic_smbo.py:332] Iter 16, objectives: [-0.017361762987438745].
[2023-04-09 19:04:08,702][moc][INFO][generic_advisor.py:365] Sample random config. rand_prob=0.100000.
[2023-04-09 19:04:09,577][moc][WARNING][util_funcs.py:111] Provide "objs" in result is deprecated and will be removed in future versions! Please use "objectives" instead.
[2023-04-09 19:04:09,578][moc][INFO][generic_smbo.py:332] Iter 17, objectives: [-0.0115753087736766].
[2023-04-09 19:04:11,396][moc][WARNING][util_funcs.py:111] Provide "objs" in result is deprecated and will be removed in future versions! Please use "objectives" instead.
[2023-04-09 19:04:11,397][moc][INFO][generic_smbo.py:332] Iter 18, objectives: [-0.017361766473540003].
[2023-04-09 19:04:12,989][moc][WARNING][util_funcs.py:111] Provide "objs" in result is deprecated and will be removed in future versions! Please use "objectives" instead.
[2023-04-09 19:04:12,990][moc][INFO][generic_smbo.py:332] Iter 19, objectives: [-0.017361736049430775].
[2023-04-09 19:04:12,992][moc][INFO][generic_advisor.py:365] Sample random config. rand_prob=0.100000.
[2023-04-09 19:04:13,195][moc][WARNING][util_funcs.py:111] Provide "objs" in result is deprecated and will be removed in future versions! Please use "objectives" instead.
[2023-04-09 19:04:13,196][moc][INFO][generic_smbo.py:332] Iter 20, objectives: [-0.011575319550396316].
