[2023-04-09 19:01:17,410][moc][INFO][color_logger.py:203] Logfile: /home/chenyiqi/wafer_scale_chip_dse_framework/logs/moc_2023-04-09-19-01-17-410526.log
[2023-04-09 19:01:17,412][moc][INFO][generic_advisor.py:157] [BO auto selection]  acq_type: ei.
[2023-04-09 19:01:17,593][moc][WARNING][util_funcs.py:111] Provide "objs" in result is deprecated and will be removed in future versions! Please use "objectives" instead.
[2023-04-09 19:01:17,594][moc][INFO][generic_smbo.py:332] Iter 1, objectives: [-0.011575313164189619].
[2023-04-09 19:01:17,868][moc][WARNING][util_funcs.py:111] Provide "objs" in result is deprecated and will be removed in future versions! Please use "objectives" instead.
[2023-04-09 19:01:17,869][moc][INFO][generic_smbo.py:332] Iter 2, objectives: [-0.008681803805201439].
[2023-04-09 19:01:18,053][moc][WARNING][util_funcs.py:111] Provide "objs" in result is deprecated and will be removed in future versions! Please use "objectives" instead.
[2023-04-09 19:01:18,054][moc][INFO][generic_smbo.py:332] Iter 3, objectives: [-0.017361703723931553].
[2023-04-09 19:01:18,399][moc][WARNING][util_funcs.py:111] Provide "objs" in result is deprecated and will be removed in future versions! Please use "objectives" instead.
[2023-04-09 19:01:18,400][moc][INFO][generic_smbo.py:332] Iter 4, objectives: [-0.01157533564366845].
[2023-04-09 19:01:18,847][moc][WARNING][util_funcs.py:111] Provide "objs" in result is deprecated and will be removed in future versions! Please use "objectives" instead.
[2023-04-09 19:01:18,848][moc][INFO][generic_smbo.py:332] Iter 5, objectives: [-0.005788072109178651].
[2023-04-09 19:01:19,200][moc][WARNING][util_funcs.py:111] Provide "objs" in result is deprecated and will be removed in future versions! Please use "objectives" instead.
[2023-04-09 19:01:19,200][moc][INFO][generic_smbo.py:332] Iter 6, objectives: [-0.008681801808526419].
[2023-04-09 19:01:20,260][moc][WARNING][util_funcs.py:111] Provide "objs" in result is deprecated and will be removed in future versions! Please use "objectives" instead.
[2023-04-09 19:01:20,260][moc][INFO][generic_smbo.py:332] Iter 7, objectives: [-0.017361716893564853].
[2023-04-09 19:01:21,292][moc][WARNING][util_funcs.py:111] Provide "objs" in result is deprecated and will be removed in future versions! Please use "objectives" instead.
[2023-04-09 19:01:21,294][moc][INFO][generic_smbo.py:332] Iter 8, objectives: [-0.017361716893564853].
[2023-04-09 19:01:22,810][moc][WARNING][util_funcs.py:111] Provide "objs" in result is deprecated and will be removed in future versions! Please use "objectives" instead.
[2023-04-09 19:01:22,812][moc][INFO][generic_smbo.py:332] Iter 9, objectives: [-0.017361716893564853].
[2023-04-09 19:01:23,900][moc][WARNING][util_funcs.py:111] Provide "objs" in result is deprecated and will be removed in future versions! Please use "objectives" instead.
[2023-04-09 19:01:23,901][moc][INFO][generic_smbo.py:332] Iter 10, objectives: [-0.017361703723931553].
[2023-04-09 19:01:25,317][moc][WARNING][util_funcs.py:111] Provide "objs" in result is deprecated and will be removed in future versions! Please use "objectives" instead.
[2023-04-09 19:01:25,318][moc][INFO][generic_smbo.py:332] Iter 11, objectives: [-0.017361703723931553].
[2023-04-09 19:01:26,332][moc][WARNING][util_funcs.py:111] Provide "objs" in result is deprecated and will be removed in future versions! Please use "objectives" instead.
[2023-04-09 19:01:26,334][moc][INFO][generic_smbo.py:332] Iter 12, objectives: [-0.017361703723931553].
[2023-04-09 19:01:27,677][moc][WARNING][util_funcs.py:111] Provide "objs" in result is deprecated and will be removed in future versions! Please use "objectives" instead.
[2023-04-09 19:01:27,678][moc][INFO][generic_smbo.py:332] Iter 13, objectives: [-0.017361703723931553].
[2023-04-09 19:01:29,015][moc][WARNING][util_funcs.py:111] Provide "objs" in result is deprecated and will be removed in future versions! Please use "objectives" instead.
[2023-04-09 19:01:29,016][moc][INFO][generic_smbo.py:332] Iter 14, objectives: [-0.017361716893564853].
[2023-04-09 19:01:30,221][moc][WARNING][util_funcs.py:111] Provide "objs" in result is deprecated and will be removed in future versions! Please use "objectives" instead.
[2023-04-09 19:01:30,222][moc][INFO][generic_smbo.py:332] Iter 15, objectives: [-0.017361703723931553].
[2023-04-09 19:01:30,222][moc][INFO][generic_advisor.py:365] Sample random config. rand_prob=0.100000.
[2023-04-09 19:01:32,432][moc][WARNING][util_funcs.py:111] Provide "objs" in result is deprecated and will be removed in future versions! Please use "objectives" instead.
[2023-04-09 19:01:32,433][moc][INFO][generic_smbo.py:332] Iter 16, objectives: [-0.0028941370049427513].
[2023-04-09 19:01:33,576][moc][WARNING][util_funcs.py:111] Provide "objs" in result is deprecated and will be removed in future versions! Please use "objectives" instead.
[2023-04-09 19:01:33,577][moc][INFO][generic_smbo.py:332] Iter 17, objectives: [-0.017361703723931553].
[2023-04-09 19:01:34,885][moc][WARNING][util_funcs.py:111] Provide "objs" in result is deprecated and will be removed in future versions! Please use "objectives" instead.
[2023-04-09 19:01:34,886][moc][INFO][generic_smbo.py:332] Iter 18, objectives: [-0.01736172742928588].
[2023-04-09 19:01:36,347][moc][WARNING][util_funcs.py:111] Provide "objs" in result is deprecated and will be removed in future versions! Please use "objectives" instead.
[2023-04-09 19:01:36,348][moc][INFO][generic_smbo.py:332] Iter 19, objectives: [-0.017361703723931553].
[2023-04-09 19:01:37,692][moc][WARNING][util_funcs.py:111] Provide "objs" in result is deprecated and will be removed in future versions! Please use "objectives" instead.
[2023-04-09 19:01:37,693][moc][INFO][generic_smbo.py:332] Iter 20, objectives: [-0.017361703723931553].
