[2023-04-09 23:25:45,932][moc][INFO][color_logger.py:203] Logfile: /home/chenyiqi/wafer_scale_chip_dse_framework/logs/moc_2023-04-09-23-25-45-931861.log
[2023-04-09 23:25:45,979][moc][WARNING][util_funcs.py:226] Keyword argument "num_objs" is deprecated and will be removed in a future version. Please use "num_objectives" instead.
[2023-04-09 23:25:46,063][moc][WARNING][util_funcs.py:111] Provide "objs" in result is deprecated and will be removed in future versions! Please use "objectives" instead.
[2023-04-09 23:25:46,065][moc][INFO][generic_smbo.py:416] Iter 1, objectives: [10000000000.0].
[2023-04-09 23:25:46,086][moc][WARNING][util_funcs.py:226] Keyword argument "num_objs" is deprecated and will be removed in a future version. Please use "num_objectives" instead.
[2023-04-09 23:25:46,173][moc][WARNING][util_funcs.py:111] Provide "objs" in result is deprecated and will be removed in future versions! Please use "objectives" instead.
[2023-04-09 23:25:46,174][moc][INFO][generic_smbo.py:416] Iter 2, objectives: [10000000000.0].
[2023-04-09 23:25:46,193][moc][WARNING][util_funcs.py:226] Keyword argument "num_objs" is deprecated and will be removed in a future version. Please use "num_objectives" instead.
[2023-04-09 23:25:46,266][moc][WARNING][util_funcs.py:111] Provide "objs" in result is deprecated and will be removed in future versions! Please use "objectives" instead.
[2023-04-09 23:25:46,267][moc][INFO][generic_smbo.py:416] Iter 3, objectives: [10000000000.0].
[2023-04-09 23:25:46,287][moc][WARNING][util_funcs.py:226] Keyword argument "num_objs" is deprecated and will be removed in a future version. Please use "num_objectives" instead.
[2023-04-09 23:25:46,366][moc][WARNING][util_funcs.py:111] Provide "objs" in result is deprecated and will be removed in future versions! Please use "objectives" instead.
[2023-04-09 23:25:46,368][moc][INFO][generic_smbo.py:416] Iter 4, objectives: [10000000000.0].
[2023-04-09 23:25:46,392][moc][WARNING][util_funcs.py:226] Keyword argument "num_objs" is deprecated and will be removed in a future version. Please use "num_objectives" instead.
[2023-04-09 23:25:46,521][moc][WARNING][util_funcs.py:111] Provide "objs" in result is deprecated and will be removed in future versions! Please use "objectives" instead.
[2023-04-09 23:25:46,522][moc][INFO][generic_smbo.py:416] Iter 5, objectives: [10000000000.0].
[2023-04-09 23:25:46,564][moc][WARNING][util_funcs.py:226] Keyword argument "num_objs" is deprecated and will be removed in a future version. Please use "num_objectives" instead.
[2023-04-09 23:25:46,732][moc][WARNING][util_funcs.py:111] Provide "objs" in result is deprecated and will be removed in future versions! Please use "objectives" instead.
[2023-04-09 23:25:46,733][moc][INFO][generic_smbo.py:416] Iter 6, objectives: [10000000000.0].
[2023-04-09 23:25:54,462][moc][WARNING][util_funcs.py:226] Keyword argument "num_objs" is deprecated and will be removed in a future version. Please use "num_objectives" instead.
[2023-04-09 23:25:55,981][moc][WARNING][util_funcs.py:111] Provide "objs" in result is deprecated and will be removed in future versions! Please use "objectives" instead.
[2023-04-09 23:25:55,982][moc][INFO][generic_smbo.py:416] Iter 7, objectives: [-109.69746328777418].
[2023-04-09 23:26:03,486][moc][WARNING][util_funcs.py:226] Keyword argument "num_objs" is deprecated and will be removed in a future version. Please use "num_objectives" instead.
[2023-04-09 23:26:04,923][moc][WARNING][util_funcs.py:111] Provide "objs" in result is deprecated and will be removed in future versions! Please use "objectives" instead.
[2023-04-09 23:26:04,925][moc][INFO][generic_smbo.py:416] Iter 8, objectives: [-85.07932387777609].
[2023-04-09 23:26:12,630][moc][WARNING][util_funcs.py:226] Keyword argument "num_objs" is deprecated and will be removed in a future version. Please use "num_objectives" instead.
[2023-04-09 23:26:16,646][moc][WARNING][util_funcs.py:111] Provide "objs" in result is deprecated and will be removed in future versions! Please use "objectives" instead.
[2023-04-09 23:26:16,647][moc][INFO][generic_smbo.py:416] Iter 9, objectives: [-0.484182112671869].
[2023-04-09 23:26:23,745][moc][WARNING][util_funcs.py:226] Keyword argument "num_objs" is deprecated and will be removed in a future version. Please use "num_objectives" instead.
[2023-04-09 23:26:25,259][moc][WARNING][util_funcs.py:111] Provide "objs" in result is deprecated and will be removed in future versions! Please use "objectives" instead.
[2023-04-09 23:26:25,260][moc][INFO][generic_smbo.py:416] Iter 10, objectives: [-25.196272180195937].
[2023-04-09 23:26:33,027][moc][WARNING][util_funcs.py:226] Keyword argument "num_objs" is deprecated and will be removed in a future version. Please use "num_objectives" instead.
[2023-04-09 23:26:33,875][moc][WARNING][util_funcs.py:111] Provide "objs" in result is deprecated and will be removed in future versions! Please use "objectives" instead.
[2023-04-09 23:26:33,877][moc][INFO][generic_smbo.py:416] Iter 11, objectives: [10000000000.0].
[2023-04-09 23:26:41,354][moc][WARNING][util_funcs.py:226] Keyword argument "num_objs" is deprecated and will be removed in a future version. Please use "num_objectives" instead.
[2023-04-09 23:26:42,795][moc][WARNING][util_funcs.py:111] Provide "objs" in result is deprecated and will be removed in future versions! Please use "objectives" instead.
[2023-04-09 23:26:42,797][moc][INFO][generic_smbo.py:416] Iter 12, objectives: [-89.45337546945132].
[2023-04-09 23:26:50,774][moc][WARNING][util_funcs.py:226] Keyword argument "num_objs" is deprecated and will be removed in a future version. Please use "num_objectives" instead.
[2023-04-09 23:26:54,903][moc][WARNING][util_funcs.py:111] Provide "objs" in result is deprecated and will be removed in future versions! Please use "objectives" instead.
[2023-04-09 23:26:54,904][moc][INFO][generic_smbo.py:416] Iter 13, objectives: [-13.178290300717396].
[2023-04-09 23:27:02,838][moc][WARNING][util_funcs.py:226] Keyword argument "num_objs" is deprecated and will be removed in a future version. Please use "num_objectives" instead.
[2023-04-09 23:27:02,917][moc][WARNING][util_funcs.py:111] Provide "objs" in result is deprecated and will be removed in future versions! Please use "objectives" instead.
[2023-04-09 23:27:02,919][moc][INFO][generic_smbo.py:416] Iter 14, objectives: [10000000000.0].
[2023-04-09 23:27:10,617][moc][WARNING][util_funcs.py:226] Keyword argument "num_objs" is deprecated and will be removed in a future version. Please use "num_objectives" instead.
[2023-04-09 23:27:11,862][moc][WARNING][util_funcs.py:111] Provide "objs" in result is deprecated and will be removed in future versions! Please use "objectives" instead.
[2023-04-09 23:27:11,864][moc][INFO][generic_smbo.py:416] Iter 15, objectives: [-20.59839055180584].
[2023-04-09 23:27:19,933][moc][WARNING][util_funcs.py:226] Keyword argument "num_objs" is deprecated and will be removed in a future version. Please use "num_objectives" instead.
[2023-04-09 23:27:20,041][moc][WARNING][util_funcs.py:111] Provide "objs" in result is deprecated and will be removed in future versions! Please use "objectives" instead.
[2023-04-09 23:27:20,043][moc][INFO][generic_smbo.py:416] Iter 16, objectives: [10000000000.0].
[2023-04-09 23:27:27,860][moc][WARNING][util_funcs.py:226] Keyword argument "num_objs" is deprecated and will be removed in a future version. Please use "num_objectives" instead.
[2023-04-09 23:27:29,033][moc][WARNING][util_funcs.py:111] Provide "objs" in result is deprecated and will be removed in future versions! Please use "objectives" instead.
[2023-04-09 23:27:29,035][moc][INFO][generic_smbo.py:416] Iter 17, objectives: [10000000000.0].
[2023-04-09 23:27:37,412][moc][WARNING][util_funcs.py:226] Keyword argument "num_objs" is deprecated and will be removed in a future version. Please use "num_objectives" instead.
[2023-04-09 23:27:38,860][moc][WARNING][util_funcs.py:111] Provide "objs" in result is deprecated and will be removed in future versions! Please use "objectives" instead.
[2023-04-09 23:27:38,862][moc][INFO][generic_smbo.py:416] Iter 18, objectives: [-83.0725814226492].
[2023-04-09 23:27:47,036][moc][WARNING][util_funcs.py:226] Keyword argument "num_objs" is deprecated and will be removed in a future version. Please use "num_objectives" instead.
[2023-04-09 23:27:52,653][moc][WARNING][util_funcs.py:111] Provide "objs" in result is deprecated and will be removed in future versions! Please use "objectives" instead.
[2023-04-09 23:27:52,655][moc][INFO][generic_smbo.py:416] Iter 19, objectives: [-9.750964999865218].
[2023-04-09 23:28:00,696][moc][WARNING][util_funcs.py:226] Keyword argument "num_objs" is deprecated and will be removed in a future version. Please use "num_objectives" instead.
[2023-04-09 23:28:00,775][moc][WARNING][util_funcs.py:111] Provide "objs" in result is deprecated and will be removed in future versions! Please use "objectives" instead.
[2023-04-09 23:28:00,777][moc][INFO][generic_smbo.py:416] Iter 20, objectives: [10000000000.0].
[2023-04-09 23:28:00,779][moc][INFO][mf_advisor.py:411] Sample random config. rand_prob=0.100000.
[2023-04-09 23:28:00,817][moc][WARNING][util_funcs.py:226] Keyword argument "num_objs" is deprecated and will be removed in a future version. Please use "num_objectives" instead.
[2023-04-09 23:28:00,892][moc][WARNING][util_funcs.py:111] Provide "objs" in result is deprecated and will be removed in future versions! Please use "objectives" instead.
[2023-04-09 23:28:00,894][moc][INFO][generic_smbo.py:416] Iter 21, objectives: [10000000000.0].
[2023-04-09 23:28:09,230][moc][WARNING][util_funcs.py:226] Keyword argument "num_objs" is deprecated and will be removed in a future version. Please use "num_objectives" instead.
[2023-04-09 23:28:10,039][moc][WARNING][util_funcs.py:111] Provide "objs" in result is deprecated and will be removed in future versions! Please use "objectives" instead.
[2023-04-09 23:28:10,040][moc][INFO][generic_smbo.py:416] Iter 22, objectives: [10000000000.0].
[2023-04-09 23:28:18,143][moc][WARNING][util_funcs.py:226] Keyword argument "num_objs" is deprecated and will be removed in a future version. Please use "num_objectives" instead.
[2023-04-09 23:28:18,225][moc][WARNING][util_funcs.py:111] Provide "objs" in result is deprecated and will be removed in future versions! Please use "objectives" instead.
[2023-04-09 23:28:18,227][moc][INFO][generic_smbo.py:416] Iter 23, objectives: [10000000000.0].
[2023-04-09 23:28:18,227][moc][INFO][mf_advisor.py:411] Sample random config. rand_prob=0.100000.
[2023-04-09 23:28:18,253][moc][WARNING][util_funcs.py:226] Keyword argument "num_objs" is deprecated and will be removed in a future version. Please use "num_objectives" instead.
[2023-04-09 23:28:21,459][moc][WARNING][util_funcs.py:111] Provide "objs" in result is deprecated and will be removed in future versions! Please use "objectives" instead.
[2023-04-09 23:28:21,461][moc][INFO][generic_smbo.py:416] Iter 24, objectives: [-13.650311231067066].
[2023-04-09 23:28:29,630][moc][WARNING][util_funcs.py:226] Keyword argument "num_objs" is deprecated and will be removed in a future version. Please use "num_objectives" instead.
[2023-04-09 23:28:32,121][moc][WARNING][util_funcs.py:111] Provide "objs" in result is deprecated and will be removed in future versions! Please use "objectives" instead.
[2023-04-09 23:28:32,122][moc][INFO][generic_smbo.py:416] Iter 25, objectives: [-10.609114145195038].
[2023-04-09 23:28:40,220][moc][WARNING][util_funcs.py:226] Keyword argument "num_objs" is deprecated and will be removed in a future version. Please use "num_objectives" instead.
[2023-04-09 23:28:41,528][moc][WARNING][util_funcs.py:111] Provide "objs" in result is deprecated and will be removed in future versions! Please use "objectives" instead.
[2023-04-09 23:28:41,530][moc][INFO][generic_smbo.py:416] Iter 26, objectives: [-6.1942164895044955].
[2023-04-09 23:28:50,045][moc][WARNING][util_funcs.py:226] Keyword argument "num_objs" is deprecated and will be removed in a future version. Please use "num_objectives" instead.
[2023-04-09 23:28:51,565][moc][WARNING][util_funcs.py:111] Provide "objs" in result is deprecated and will be removed in future versions! Please use "objectives" instead.
[2023-04-09 23:28:51,567][moc][INFO][generic_smbo.py:416] Iter 27, objectives: [-18.398276255176576].
[2023-04-09 23:29:00,230][moc][WARNING][util_funcs.py:226] Keyword argument "num_objs" is deprecated and will be removed in a future version. Please use "num_objectives" instead.
[2023-04-09 23:29:00,335][moc][WARNING][util_funcs.py:111] Provide "objs" in result is deprecated and will be removed in future versions! Please use "objectives" instead.
[2023-04-09 23:29:00,337][moc][INFO][generic_smbo.py:416] Iter 28, objectives: [10000000000.0].
[2023-04-09 23:29:00,338][moc][INFO][mf_advisor.py:411] Sample random config. rand_prob=0.100000.
[2023-04-09 23:29:00,365][moc][WARNING][util_funcs.py:226] Keyword argument "num_objs" is deprecated and will be removed in a future version. Please use "num_objectives" instead.
[2023-04-09 23:29:00,444][moc][WARNING][util_funcs.py:111] Provide "objs" in result is deprecated and will be removed in future versions! Please use "objectives" instead.
[2023-04-09 23:29:00,446][moc][INFO][generic_smbo.py:416] Iter 29, objectives: [10000000000.0].
[2023-04-09 23:29:08,705][moc][WARNING][util_funcs.py:226] Keyword argument "num_objs" is deprecated and will be removed in a future version. Please use "num_objectives" instead.
[2023-04-09 23:29:08,780][moc][WARNING][util_funcs.py:111] Provide "objs" in result is deprecated and will be removed in future versions! Please use "objectives" instead.
[2023-04-09 23:29:08,782][moc][INFO][generic_smbo.py:416] Iter 30, objectives: [10000000000.0].
[2023-04-09 23:29:17,111][moc][WARNING][util_funcs.py:226] Keyword argument "num_objs" is deprecated and will be removed in a future version. Please use "num_objectives" instead.
[2023-04-09 23:29:18,411][moc][WARNING][util_funcs.py:111] Provide "objs" in result is deprecated and will be removed in future versions! Please use "objectives" instead.
[2023-04-09 23:29:18,414][moc][INFO][generic_smbo.py:416] Iter 31, objectives: [-13.211839514025375].
[2023-04-09 23:29:27,422][moc][WARNING][util_funcs.py:226] Keyword argument "num_objs" is deprecated and will be removed in a future version. Please use "num_objectives" instead.
[2023-04-09 23:29:29,963][moc][WARNING][util_funcs.py:111] Provide "objs" in result is deprecated and will be removed in future versions! Please use "objectives" instead.
[2023-04-09 23:29:29,964][moc][INFO][generic_smbo.py:416] Iter 32, objectives: [-15.241858955972171].
[2023-04-09 23:29:39,677][moc][WARNING][util_funcs.py:226] Keyword argument "num_objs" is deprecated and will be removed in a future version. Please use "num_objectives" instead.
[2023-04-09 23:29:40,636][moc][WARNING][util_funcs.py:111] Provide "objs" in result is deprecated and will be removed in future versions! Please use "objectives" instead.
[2023-04-09 23:29:40,638][moc][INFO][generic_smbo.py:416] Iter 33, objectives: [10000000000.0].
[2023-04-09 23:29:54,280][moc][WARNING][util_funcs.py:226] Keyword argument "num_objs" is deprecated and will be removed in a future version. Please use "num_objectives" instead.
[2023-04-09 23:29:55,556][moc][WARNING][util_funcs.py:111] Provide "objs" in result is deprecated and will be removed in future versions! Please use "objectives" instead.
[2023-04-09 23:29:55,557][moc][INFO][generic_smbo.py:416] Iter 34, objectives: [-231.28053858217388].
[2023-04-09 23:29:55,557][moc][INFO][mf_advisor.py:411] Sample random config. rand_prob=0.100000.
[2023-04-09 23:29:55,578][moc][WARNING][util_funcs.py:226] Keyword argument "num_objs" is deprecated and will be removed in a future version. Please use "num_objectives" instead.
[2023-04-09 23:30:13,190][moc][WARNING][util_funcs.py:111] Provide "objs" in result is deprecated and will be removed in future versions! Please use "objectives" instead.
[2023-04-09 23:30:13,191][moc][INFO][generic_smbo.py:416] Iter 35, objectives: [-2.7532651210284187].
[2023-04-09 23:30:25,163][moc][WARNING][util_funcs.py:226] Keyword argument "num_objs" is deprecated and will be removed in a future version. Please use "num_objectives" instead.
[2023-04-09 23:30:30,332][moc][WARNING][util_funcs.py:111] Provide "objs" in result is deprecated and will be removed in future versions! Please use "objectives" instead.
[2023-04-09 23:30:30,334][moc][INFO][generic_smbo.py:416] Iter 36, objectives: [-1.3537297476831425].
[2023-04-09 23:30:43,049][moc][WARNING][util_funcs.py:226] Keyword argument "num_objs" is deprecated and will be removed in a future version. Please use "num_objectives" instead.
[2023-04-09 23:30:44,700][moc][WARNING][util_funcs.py:111] Provide "objs" in result is deprecated and will be removed in future versions! Please use "objectives" instead.
[2023-04-09 23:30:44,703][moc][INFO][generic_smbo.py:416] Iter 37, objectives: [-8.565208721598518].
[2023-04-09 23:30:57,279][moc][WARNING][util_funcs.py:226] Keyword argument "num_objs" is deprecated and will be removed in a future version. Please use "num_objectives" instead.
[2023-04-09 23:30:58,887][moc][WARNING][util_funcs.py:111] Provide "objs" in result is deprecated and will be removed in future versions! Please use "objectives" instead.
[2023-04-09 23:30:58,888][moc][INFO][generic_smbo.py:416] Iter 38, objectives: [-7.198492658463083].
[2023-04-09 23:31:10,891][moc][WARNING][util_funcs.py:226] Keyword argument "num_objs" is deprecated and will be removed in a future version. Please use "num_objectives" instead.
[2023-04-09 23:31:30,293][moc][WARNING][util_funcs.py:111] Provide "objs" in result is deprecated and will be removed in future versions! Please use "objectives" instead.
[2023-04-09 23:31:30,294][moc][INFO][generic_smbo.py:416] Iter 39, objectives: [-6.039698007354174].
[2023-04-09 23:31:46,386][moc][WARNING][util_funcs.py:226] Keyword argument "num_objs" is deprecated and will be removed in a future version. Please use "num_objectives" instead.
[2023-04-09 23:31:48,210][moc][WARNING][util_funcs.py:111] Provide "objs" in result is deprecated and will be removed in future versions! Please use "objectives" instead.
[2023-04-09 23:31:48,212][moc][INFO][generic_smbo.py:416] Iter 40, objectives: [-18.652311098226015].
[2023-04-09 23:32:05,223][moc][WARNING][util_funcs.py:226] Keyword argument "num_objs" is deprecated and will be removed in a future version. Please use "num_objectives" instead.
[2023-04-09 23:32:07,513][moc][WARNING][util_funcs.py:111] Provide "objs" in result is deprecated and will be removed in future versions! Please use "objectives" instead.
[2023-04-09 23:32:07,515][moc][INFO][generic_smbo.py:416] Iter 41, objectives: [-19.481733000921086].
[2023-04-09 23:32:07,516][moc][INFO][mf_advisor.py:411] Sample random config. rand_prob=0.100000.
[2023-04-09 23:32:07,594][moc][WARNING][util_funcs.py:226] Keyword argument "num_objs" is deprecated and will be removed in a future version. Please use "num_objectives" instead.
[2023-04-09 23:32:08,161][moc][WARNING][util_funcs.py:111] Provide "objs" in result is deprecated and will be removed in future versions! Please use "objectives" instead.
[2023-04-09 23:32:08,163][moc][INFO][generic_smbo.py:416] Iter 42, objectives: [10000000000.0].
[2023-04-09 23:32:24,180][moc][WARNING][util_funcs.py:226] Keyword argument "num_objs" is deprecated and will be removed in a future version. Please use "num_objectives" instead.
[2023-04-09 23:32:25,186][moc][WARNING][util_funcs.py:111] Provide "objs" in result is deprecated and will be removed in future versions! Please use "objectives" instead.
[2023-04-09 23:32:25,188][moc][INFO][generic_smbo.py:416] Iter 43, objectives: [10000000000.0].
[2023-04-09 23:32:43,340][moc][WARNING][util_funcs.py:226] Keyword argument "num_objs" is deprecated and will be removed in a future version. Please use "num_objectives" instead.
[2023-04-09 23:32:48,372][moc][WARNING][util_funcs.py:111] Provide "objs" in result is deprecated and will be removed in future versions! Please use "objectives" instead.
[2023-04-09 23:32:48,373][moc][INFO][generic_smbo.py:416] Iter 44, objectives: [-10.280696315820622].
[2023-04-09 23:33:05,322][moc][WARNING][util_funcs.py:226] Keyword argument "num_objs" is deprecated and will be removed in a future version. Please use "num_objectives" instead.
[2023-04-09 23:33:08,949][moc][WARNING][util_funcs.py:111] Provide "objs" in result is deprecated and will be removed in future versions! Please use "objectives" instead.
[2023-04-09 23:33:08,951][moc][INFO][generic_smbo.py:416] Iter 45, objectives: [-221.62397055188333].
[2023-04-09 23:33:28,257][moc][WARNING][util_funcs.py:226] Keyword argument "num_objs" is deprecated and will be removed in a future version. Please use "num_objectives" instead.
[2023-04-09 23:33:32,153][moc][WARNING][util_funcs.py:111] Provide "objs" in result is deprecated and will be removed in future versions! Please use "objectives" instead.
[2023-04-09 23:33:32,155][moc][INFO][generic_smbo.py:416] Iter 46, objectives: [-30.468898791950014].
[2023-04-09 23:33:32,157][moc][INFO][mf_advisor.py:411] Sample random config. rand_prob=0.100000.
[2023-04-09 23:33:32,206][moc][WARNING][util_funcs.py:226] Keyword argument "num_objs" is deprecated and will be removed in a future version. Please use "num_objectives" instead.
[2023-04-09 23:33:32,397][moc][WARNING][util_funcs.py:111] Provide "objs" in result is deprecated and will be removed in future versions! Please use "objectives" instead.
[2023-04-09 23:33:32,398][moc][INFO][generic_smbo.py:416] Iter 47, objectives: [10000000000.0].
[2023-04-09 23:33:49,807][moc][WARNING][util_funcs.py:226] Keyword argument "num_objs" is deprecated and will be removed in a future version. Please use "num_objectives" instead.
[2023-04-09 23:34:10,098][moc][WARNING][util_funcs.py:111] Provide "objs" in result is deprecated and will be removed in future versions! Please use "objectives" instead.
[2023-04-09 23:34:10,100][moc][INFO][generic_smbo.py:416] Iter 48, objectives: [-2.2793380974114505].
[2023-04-09 23:34:28,904][moc][WARNING][util_funcs.py:226] Keyword argument "num_objs" is deprecated and will be removed in a future version. Please use "num_objectives" instead.
[2023-04-09 23:34:30,490][moc][WARNING][util_funcs.py:111] Provide "objs" in result is deprecated and will be removed in future versions! Please use "objectives" instead.
[2023-04-09 23:34:30,493][moc][INFO][generic_smbo.py:416] Iter 49, objectives: [-149.54196170815916].
[2023-04-09 23:34:50,998][moc][WARNING][util_funcs.py:226] Keyword argument "num_objs" is deprecated and will be removed in a future version. Please use "num_objectives" instead.
[2023-04-09 23:34:52,416][moc][WARNING][util_funcs.py:111] Provide "objs" in result is deprecated and will be removed in future versions! Please use "objectives" instead.
[2023-04-09 23:34:52,419][moc][INFO][generic_smbo.py:416] Iter 50, objectives: [-26.810208671624874].
[2023-04-09 23:35:14,166][moc][WARNING][util_funcs.py:226] Keyword argument "num_objs" is deprecated and will be removed in a future version. Please use "num_objectives" instead.
[2023-04-09 23:35:44,239][moc][WARNING][util_funcs.py:111] Provide "objs" in result is deprecated and will be removed in future versions! Please use "objectives" instead.
[2023-04-09 23:35:44,241][moc][INFO][generic_smbo.py:416] Iter 51, objectives: [-4.6254517347358775].
[2023-04-09 23:35:44,241][moc][INFO][mf_advisor.py:411] Sample random config. rand_prob=0.100000.
[2023-04-09 23:35:44,327][moc][WARNING][util_funcs.py:226] Keyword argument "num_objs" is deprecated and will be removed in a future version. Please use "num_objectives" instead.
[2023-04-09 23:35:51,375][moc][WARNING][util_funcs.py:111] Provide "objs" in result is deprecated and will be removed in future versions! Please use "objectives" instead.
[2023-04-09 23:35:51,379][moc][INFO][generic_smbo.py:416] Iter 52, objectives: [-4.702742216346998].
[2023-04-09 23:36:11,797][moc][WARNING][util_funcs.py:226] Keyword argument "num_objs" is deprecated and will be removed in a future version. Please use "num_objectives" instead.
[2023-04-09 23:36:12,509][moc][WARNING][util_funcs.py:111] Provide "objs" in result is deprecated and will be removed in future versions! Please use "objectives" instead.
[2023-04-09 23:36:12,510][moc][INFO][generic_smbo.py:416] Iter 53, objectives: [10000000000.0].
[2023-04-09 23:36:37,140][moc][WARNING][util_funcs.py:226] Keyword argument "num_objs" is deprecated and will be removed in a future version. Please use "num_objectives" instead.
[2023-04-09 23:36:41,301][moc][WARNING][util_funcs.py:111] Provide "objs" in result is deprecated and will be removed in future versions! Please use "objectives" instead.
[2023-04-09 23:36:41,302][moc][INFO][generic_smbo.py:416] Iter 54, objectives: [-3.8150440973416053].
[2023-04-09 23:37:06,251][moc][WARNING][util_funcs.py:226] Keyword argument "num_objs" is deprecated and will be removed in a future version. Please use "num_objectives" instead.
[2023-04-09 23:37:09,446][moc][WARNING][util_funcs.py:111] Provide "objs" in result is deprecated and will be removed in future versions! Please use "objectives" instead.
[2023-04-09 23:37:09,447][moc][INFO][generic_smbo.py:416] Iter 55, objectives: [-86.58327767898042].
[2023-04-09 23:37:36,246][moc][WARNING][util_funcs.py:226] Keyword argument "num_objs" is deprecated and will be removed in a future version. Please use "num_objectives" instead.
[2023-04-09 23:37:36,329][moc][WARNING][util_funcs.py:111] Provide "objs" in result is deprecated and will be removed in future versions! Please use "objectives" instead.
[2023-04-09 23:37:36,331][moc][INFO][generic_smbo.py:416] Iter 56, objectives: [10000000000.0].
[2023-04-09 23:38:04,275][moc][WARNING][util_funcs.py:226] Keyword argument "num_objs" is deprecated and will be removed in a future version. Please use "num_objectives" instead.
[2023-04-09 23:38:07,055][moc][WARNING][util_funcs.py:111] Provide "objs" in result is deprecated and will be removed in future versions! Please use "objectives" instead.
[2023-04-09 23:38:07,056][moc][INFO][generic_smbo.py:416] Iter 57, objectives: [-16.75309194299044].
[2023-04-09 23:38:37,499][moc][WARNING][util_funcs.py:226] Keyword argument "num_objs" is deprecated and will be removed in a future version. Please use "num_objectives" instead.
[2023-04-09 23:38:41,725][moc][WARNING][util_funcs.py:111] Provide "objs" in result is deprecated and will be removed in future versions! Please use "objectives" instead.
[2023-04-09 23:38:41,728][moc][INFO][generic_smbo.py:416] Iter 58, objectives: [-156.5360577737072].
[2023-04-09 23:39:06,979][moc][WARNING][util_funcs.py:226] Keyword argument "num_objs" is deprecated and will be removed in a future version. Please use "num_objectives" instead.
[2023-04-09 23:40:04,717][moc][WARNING][util_funcs.py:111] Provide "objs" in result is deprecated and will be removed in future versions! Please use "objectives" instead.
[2023-04-09 23:40:04,719][moc][INFO][generic_smbo.py:416] Iter 59, objectives: [-2.459317421822732].
[2023-04-09 23:40:35,544][moc][WARNING][util_funcs.py:226] Keyword argument "num_objs" is deprecated and will be removed in a future version. Please use "num_objectives" instead.
[2023-04-09 23:40:40,201][moc][WARNING][util_funcs.py:111] Provide "objs" in result is deprecated and will be removed in future versions! Please use "objectives" instead.
[2023-04-09 23:40:40,204][moc][INFO][generic_smbo.py:416] Iter 60, objectives: [-39.48032125140894].
[2023-04-09 23:41:11,205][moc][WARNING][util_funcs.py:226] Keyword argument "num_objs" is deprecated and will be removed in a future version. Please use "num_objectives" instead.
[2023-04-09 23:41:13,003][moc][WARNING][util_funcs.py:111] Provide "objs" in result is deprecated and will be removed in future versions! Please use "objectives" instead.
[2023-04-09 23:41:13,005][moc][INFO][generic_smbo.py:416] Iter 61, objectives: [-2.0414852187899037].
[2023-04-09 23:41:47,775][moc][WARNING][util_funcs.py:226] Keyword argument "num_objs" is deprecated and will be removed in a future version. Please use "num_objectives" instead.
[2023-04-09 23:42:17,002][moc][WARNING][util_funcs.py:111] Provide "objs" in result is deprecated and will be removed in future versions! Please use "objectives" instead.
[2023-04-09 23:42:17,006][moc][INFO][generic_smbo.py:416] Iter 62, objectives: [-1.2023119293439097].
[2023-04-09 23:42:51,920][moc][WARNING][util_funcs.py:226] Keyword argument "num_objs" is deprecated and will be removed in a future version. Please use "num_objectives" instead.
[2023-04-09 23:42:55,709][moc][WARNING][util_funcs.py:111] Provide "objs" in result is deprecated and will be removed in future versions! Please use "objectives" instead.
[2023-04-09 23:42:55,710][moc][INFO][generic_smbo.py:416] Iter 63, objectives: [-15.356921093092383].
[2023-04-09 23:43:21,840][moc][WARNING][util_funcs.py:226] Keyword argument "num_objs" is deprecated and will be removed in a future version. Please use "num_objectives" instead.
[2023-04-09 23:43:28,272][moc][WARNING][util_funcs.py:111] Provide "objs" in result is deprecated and will be removed in future versions! Please use "objectives" instead.
[2023-04-09 23:43:28,273][moc][INFO][generic_smbo.py:416] Iter 64, objectives: [-7.818047361501855].
[2023-04-09 23:43:59,642][moc][WARNING][util_funcs.py:226] Keyword argument "num_objs" is deprecated and will be removed in a future version. Please use "num_objectives" instead.
[2023-04-09 23:44:22,739][moc][WARNING][util_funcs.py:111] Provide "objs" in result is deprecated and will be removed in future versions! Please use "objectives" instead.
[2023-04-09 23:44:22,742][moc][INFO][generic_smbo.py:416] Iter 65, objectives: [-17.998865114715123].
[2023-04-09 23:44:57,810][moc][WARNING][util_funcs.py:226] Keyword argument "num_objs" is deprecated and will be removed in a future version. Please use "num_objectives" instead.
[2023-04-09 23:45:02,150][moc][WARNING][util_funcs.py:111] Provide "objs" in result is deprecated and will be removed in future versions! Please use "objectives" instead.
[2023-04-09 23:45:02,152][moc][INFO][generic_smbo.py:416] Iter 66, objectives: [-10.724435863372804].
[2023-04-09 23:45:46,876][moc][WARNING][util_funcs.py:226] Keyword argument "num_objs" is deprecated and will be removed in a future version. Please use "num_objectives" instead.
[2023-04-09 23:45:49,244][moc][WARNING][util_funcs.py:111] Provide "objs" in result is deprecated and will be removed in future versions! Please use "objectives" instead.
[2023-04-09 23:45:49,247][moc][INFO][generic_smbo.py:416] Iter 67, objectives: [-62.94731092637727].
[2023-04-09 23:46:31,176][moc][WARNING][util_funcs.py:226] Keyword argument "num_objs" is deprecated and will be removed in a future version. Please use "num_objectives" instead.
[2023-04-09 23:46:48,081][moc][WARNING][util_funcs.py:111] Provide "objs" in result is deprecated and will be removed in future versions! Please use "objectives" instead.
[2023-04-09 23:46:48,082][moc][INFO][generic_smbo.py:416] Iter 68, objectives: [-3.3286132230477095].
[2023-04-09 23:47:30,484][moc][WARNING][util_funcs.py:226] Keyword argument "num_objs" is deprecated and will be removed in a future version. Please use "num_objectives" instead.
[2023-04-09 23:47:33,566][moc][WARNING][util_funcs.py:111] Provide "objs" in result is deprecated and will be removed in future versions! Please use "objectives" instead.
[2023-04-09 23:47:33,568][moc][INFO][generic_smbo.py:416] Iter 69, objectives: [-17.435848476432312].
[2023-04-09 23:48:14,007][moc][WARNING][util_funcs.py:226] Keyword argument "num_objs" is deprecated and will be removed in a future version. Please use "num_objectives" instead.
[2023-04-09 23:48:17,125][moc][WARNING][util_funcs.py:111] Provide "objs" in result is deprecated and will be removed in future versions! Please use "objectives" instead.
[2023-04-09 23:48:17,128][moc][INFO][generic_smbo.py:416] Iter 70, objectives: [-6.86249201579249].
[2023-04-09 23:48:54,288][moc][WARNING][util_funcs.py:226] Keyword argument "num_objs" is deprecated and will be removed in a future version. Please use "num_objectives" instead.
[2023-04-09 23:48:57,932][moc][WARNING][util_funcs.py:111] Provide "objs" in result is deprecated and will be removed in future versions! Please use "objectives" instead.
[2023-04-09 23:48:57,935][moc][INFO][generic_smbo.py:416] Iter 71, objectives: [10000000000.0].
[2023-04-09 23:49:34,896][moc][WARNING][util_funcs.py:226] Keyword argument "num_objs" is deprecated and will be removed in a future version. Please use "num_objectives" instead.
[2023-04-09 23:49:35,107][moc][WARNING][util_funcs.py:111] Provide "objs" in result is deprecated and will be removed in future versions! Please use "objectives" instead.
[2023-04-09 23:49:35,109][moc][INFO][generic_smbo.py:416] Iter 72, objectives: [10000000000.0].
[2023-04-09 23:50:15,860][moc][WARNING][util_funcs.py:226] Keyword argument "num_objs" is deprecated and will be removed in a future version. Please use "num_objectives" instead.
[2023-04-09 23:50:20,442][moc][WARNING][util_funcs.py:111] Provide "objs" in result is deprecated and will be removed in future versions! Please use "objectives" instead.
[2023-04-09 23:50:20,453][moc][INFO][generic_smbo.py:416] Iter 73, objectives: [-491.8570986335187].
[2023-04-09 23:51:02,848][moc][WARNING][util_funcs.py:226] Keyword argument "num_objs" is deprecated and will be removed in a future version. Please use "num_objectives" instead.
[2023-04-09 23:51:23,961][moc][WARNING][util_funcs.py:111] Provide "objs" in result is deprecated and will be removed in future versions! Please use "objectives" instead.
[2023-04-09 23:51:23,963][moc][INFO][generic_smbo.py:416] Iter 74, objectives: [-30.64209351446546].
[2023-04-09 23:51:59,755][moc][WARNING][util_funcs.py:226] Keyword argument "num_objs" is deprecated and will be removed in a future version. Please use "num_objectives" instead.
[2023-04-09 23:52:05,379][moc][WARNING][util_funcs.py:111] Provide "objs" in result is deprecated and will be removed in future versions! Please use "objectives" instead.
[2023-04-09 23:52:05,381][moc][INFO][generic_smbo.py:416] Iter 75, objectives: [-10.87473471396325].
[2023-04-09 23:52:41,495][moc][WARNING][util_funcs.py:226] Keyword argument "num_objs" is deprecated and will be removed in a future version. Please use "num_objectives" instead.
[2023-04-09 23:52:49,075][moc][WARNING][util_funcs.py:111] Provide "objs" in result is deprecated and will be removed in future versions! Please use "objectives" instead.
[2023-04-09 23:52:49,077][moc][INFO][generic_smbo.py:416] Iter 76, objectives: [-82.628214219195].
[2023-04-09 23:53:30,841][moc][WARNING][util_funcs.py:226] Keyword argument "num_objs" is deprecated and will be removed in a future version. Please use "num_objectives" instead.
[2023-04-09 23:53:59,587][moc][WARNING][util_funcs.py:111] Provide "objs" in result is deprecated and will be removed in future versions! Please use "objectives" instead.
[2023-04-09 23:53:59,589][moc][INFO][generic_smbo.py:416] Iter 77, objectives: [-6.2608920861689406].
[2023-04-09 23:54:41,473][moc][WARNING][util_funcs.py:226] Keyword argument "num_objs" is deprecated and will be removed in a future version. Please use "num_objectives" instead.
[2023-04-09 23:54:44,101][moc][WARNING][util_funcs.py:111] Provide "objs" in result is deprecated and will be removed in future versions! Please use "objectives" instead.
[2023-04-09 23:54:44,104][moc][INFO][generic_smbo.py:416] Iter 78, objectives: [10000000000.0].
[2023-04-09 23:55:27,682][moc][WARNING][util_funcs.py:226] Keyword argument "num_objs" is deprecated and will be removed in a future version. Please use "num_objectives" instead.
[2023-04-09 23:55:29,837][moc][WARNING][util_funcs.py:111] Provide "objs" in result is deprecated and will be removed in future versions! Please use "objectives" instead.
[2023-04-09 23:55:29,839][moc][INFO][generic_smbo.py:416] Iter 79, objectives: [10000000000.0].
[2023-04-09 23:56:13,888][moc][WARNING][util_funcs.py:226] Keyword argument "num_objs" is deprecated and will be removed in a future version. Please use "num_objectives" instead.
[2023-04-09 23:56:31,549][moc][WARNING][util_funcs.py:111] Provide "objs" in result is deprecated and will be removed in future versions! Please use "objectives" instead.
[2023-04-09 23:56:31,551][moc][INFO][generic_smbo.py:416] Iter 80, objectives: [-5.653990561984176].
[2023-04-09 23:57:27,409][moc][WARNING][util_funcs.py:226] Keyword argument "num_objs" is deprecated and will be removed in a future version. Please use "num_objectives" instead.
[2023-04-09 23:57:32,681][moc][WARNING][util_funcs.py:111] Provide "objs" in result is deprecated and will be removed in future versions! Please use "objectives" instead.
[2023-04-09 23:57:32,683][moc][INFO][generic_smbo.py:416] Iter 81, objectives: [-33.1971283914442].
[2023-04-09 23:57:32,685][moc][INFO][mf_advisor.py:411] Sample random config. rand_prob=0.100000.
[2023-04-09 23:57:32,822][moc][WARNING][util_funcs.py:226] Keyword argument "num_objs" is deprecated and will be removed in a future version. Please use "num_objectives" instead.
[2023-04-09 23:57:33,462][moc][WARNING][util_funcs.py:111] Provide "objs" in result is deprecated and will be removed in future versions! Please use "objectives" instead.
[2023-04-09 23:57:33,463][moc][INFO][generic_smbo.py:416] Iter 82, objectives: [10000000000.0].
[2023-04-09 23:58:06,025][moc][WARNING][util_funcs.py:226] Keyword argument "num_objs" is deprecated and will be removed in a future version. Please use "num_objectives" instead.
[2023-04-09 23:58:11,044][moc][WARNING][util_funcs.py:111] Provide "objs" in result is deprecated and will be removed in future versions! Please use "objectives" instead.
[2023-04-09 23:58:11,047][moc][INFO][generic_smbo.py:416] Iter 83, objectives: [-136.2449461308878].
[2023-04-09 23:58:55,525][moc][WARNING][util_funcs.py:226] Keyword argument "num_objs" is deprecated and will be removed in a future version. Please use "num_objectives" instead.
[2023-04-09 23:59:13,458][moc][WARNING][util_funcs.py:111] Provide "objs" in result is deprecated and will be removed in future versions! Please use "objectives" instead.
[2023-04-09 23:59:13,461][moc][INFO][generic_smbo.py:416] Iter 84, objectives: [-4.25588956749656].
[2023-04-10 00:00:01,395][moc][WARNING][util_funcs.py:226] Keyword argument "num_objs" is deprecated and will be removed in a future version. Please use "num_objectives" instead.
[2023-04-10 00:00:05,754][moc][WARNING][util_funcs.py:111] Provide "objs" in result is deprecated and will be removed in future versions! Please use "objectives" instead.
[2023-04-10 00:00:05,756][moc][INFO][generic_smbo.py:416] Iter 85, objectives: [-10.778520480180834].
[2023-04-10 00:01:01,747][moc][WARNING][util_funcs.py:226] Keyword argument "num_objs" is deprecated and will be removed in a future version. Please use "num_objectives" instead.
[2023-04-10 00:01:02,684][moc][WARNING][util_funcs.py:111] Provide "objs" in result is deprecated and will be removed in future versions! Please use "objectives" instead.
[2023-04-10 00:01:02,685][moc][INFO][generic_smbo.py:416] Iter 86, objectives: [10000000000.0].
[2023-04-10 00:01:54,830][moc][WARNING][util_funcs.py:226] Keyword argument "num_objs" is deprecated and will be removed in a future version. Please use "num_objectives" instead.
[2023-04-10 00:01:58,463][moc][WARNING][util_funcs.py:111] Provide "objs" in result is deprecated and will be removed in future versions! Please use "objectives" instead.
[2023-04-10 00:01:58,465][moc][INFO][generic_smbo.py:416] Iter 87, objectives: [10000000000.0].
[2023-04-10 00:02:51,666][moc][WARNING][util_funcs.py:226] Keyword argument "num_objs" is deprecated and will be removed in a future version. Please use "num_objectives" instead.
[2023-04-10 00:02:53,776][moc][WARNING][util_funcs.py:111] Provide "objs" in result is deprecated and will be removed in future versions! Please use "objectives" instead.
[2023-04-10 00:02:53,779][moc][INFO][generic_smbo.py:416] Iter 88, objectives: [10000000000.0].
[2023-04-10 00:03:39,792][moc][WARNING][util_funcs.py:226] Keyword argument "num_objs" is deprecated and will be removed in a future version. Please use "num_objectives" instead.
[2023-04-10 00:03:42,063][moc][WARNING][util_funcs.py:111] Provide "objs" in result is deprecated and will be removed in future versions! Please use "objectives" instead.
[2023-04-10 00:03:42,066][moc][INFO][generic_smbo.py:416] Iter 89, objectives: [-246.0022754445355].
[2023-04-10 00:04:35,357][moc][WARNING][util_funcs.py:226] Keyword argument "num_objs" is deprecated and will be removed in a future version. Please use "num_objectives" instead.
[2023-04-10 00:05:05,779][moc][WARNING][util_funcs.py:111] Provide "objs" in result is deprecated and will be removed in future versions! Please use "objectives" instead.
[2023-04-10 00:05:05,781][moc][INFO][generic_smbo.py:416] Iter 90, objectives: [-4.185807017469731].
[2023-04-10 00:05:05,782][moc][INFO][mf_advisor.py:411] Sample random config. rand_prob=0.100000.
[2023-04-10 00:05:05,840][moc][WARNING][util_funcs.py:226] Keyword argument "num_objs" is deprecated and will be removed in a future version. Please use "num_objectives" instead.
[2023-04-10 00:05:22,467][moc][WARNING][util_funcs.py:111] Provide "objs" in result is deprecated and will be removed in future versions! Please use "objectives" instead.
[2023-04-10 00:05:22,470][moc][INFO][generic_smbo.py:416] Iter 91, objectives: [-36.298135345992996].
[2023-04-10 00:06:07,428][moc][WARNING][util_funcs.py:226] Keyword argument "num_objs" is deprecated and will be removed in a future version. Please use "num_objectives" instead.
[2023-04-10 00:06:12,151][moc][WARNING][util_funcs.py:111] Provide "objs" in result is deprecated and will be removed in future versions! Please use "objectives" instead.
[2023-04-10 00:06:12,153][moc][INFO][generic_smbo.py:416] Iter 92, objectives: [-4.456099809966676].
[2023-04-10 00:06:36,560][moc][WARNING][util_funcs.py:226] Keyword argument "num_objs" is deprecated and will be removed in a future version. Please use "num_objectives" instead.
[2023-04-10 00:06:37,480][moc][WARNING][util_funcs.py:111] Provide "objs" in result is deprecated and will be removed in future versions! Please use "objectives" instead.
[2023-04-10 00:06:37,482][moc][INFO][generic_smbo.py:416] Iter 93, objectives: [10000000000.0].
[2023-04-10 00:07:06,436][moc][WARNING][util_funcs.py:226] Keyword argument "num_objs" is deprecated and will be removed in a future version. Please use "num_objectives" instead.
[2023-04-10 00:07:13,248][moc][WARNING][util_funcs.py:111] Provide "objs" in result is deprecated and will be removed in future versions! Please use "objectives" instead.
[2023-04-10 00:07:13,250][moc][INFO][generic_smbo.py:416] Iter 94, objectives: [10000000000.0].
[2023-04-10 00:07:47,011][moc][WARNING][util_funcs.py:226] Keyword argument "num_objs" is deprecated and will be removed in a future version. Please use "num_objectives" instead.
[2023-04-10 00:07:50,994][moc][WARNING][util_funcs.py:111] Provide "objs" in result is deprecated and will be removed in future versions! Please use "objectives" instead.
[2023-04-10 00:07:50,996][moc][INFO][generic_smbo.py:416] Iter 95, objectives: [-11.582202808295525].
[2023-04-10 00:08:21,292][moc][WARNING][util_funcs.py:226] Keyword argument "num_objs" is deprecated and will be removed in a future version. Please use "num_objectives" instead.
[2023-04-10 00:08:22,381][moc][WARNING][util_funcs.py:111] Provide "objs" in result is deprecated and will be removed in future versions! Please use "objectives" instead.
[2023-04-10 00:08:22,384][moc][INFO][generic_smbo.py:416] Iter 96, objectives: [-66.03082371087848].
[2023-04-10 00:08:52,186][moc][WARNING][util_funcs.py:226] Keyword argument "num_objs" is deprecated and will be removed in a future version. Please use "num_objectives" instead.
[2023-04-10 00:09:23,358][moc][WARNING][util_funcs.py:111] Provide "objs" in result is deprecated and will be removed in future versions! Please use "objectives" instead.
[2023-04-10 00:09:23,360][moc][INFO][generic_smbo.py:416] Iter 97, objectives: [-3.069152609486977].
[2023-04-10 00:09:52,600][moc][WARNING][util_funcs.py:226] Keyword argument "num_objs" is deprecated and will be removed in a future version. Please use "num_objectives" instead.
[2023-04-10 00:09:54,873][moc][WARNING][util_funcs.py:111] Provide "objs" in result is deprecated and will be removed in future versions! Please use "objectives" instead.
[2023-04-10 00:09:54,875][moc][INFO][generic_smbo.py:416] Iter 98, objectives: [-393.75342207519554].
[2023-04-10 00:10:20,552][moc][WARNING][util_funcs.py:226] Keyword argument "num_objs" is deprecated and will be removed in a future version. Please use "num_objectives" instead.
[2023-04-10 00:10:23,380][moc][WARNING][util_funcs.py:111] Provide "objs" in result is deprecated and will be removed in future versions! Please use "objectives" instead.
[2023-04-10 00:10:23,382][moc][INFO][generic_smbo.py:416] Iter 99, objectives: [-10.820665247340632].
[2023-04-10 00:10:42,935][moc][WARNING][util_funcs.py:226] Keyword argument "num_objs" is deprecated and will be removed in a future version. Please use "num_objectives" instead.
[2023-04-10 00:10:58,833][moc][WARNING][util_funcs.py:111] Provide "objs" in result is deprecated and will be removed in future versions! Please use "objectives" instead.
[2023-04-10 00:10:58,836][moc][INFO][generic_smbo.py:416] Iter 100, objectives: [-1.376309610841204].
