[2023-04-10 17:11:07,482][moc][INFO][color_logger.py:203] Logfile: /home/chenyiqi/wafer_scale_chip_dse_framework/logs/moc_2023-04-10-17-11-07-482447.log
[2023-04-10 17:11:07,592][moc][WARNING][util_funcs.py:111] Provide "objs" in result is deprecated and will be removed in future versions! Please use "objectives" instead.
[2023-04-10 17:11:07,593][moc][INFO][generic_smbo.py:333] Iter 1, objectives: [-0.10314741752335793].
[2023-04-10 17:11:07,664][moc][WARNING][util_funcs.py:111] Provide "objs" in result is deprecated and will be removed in future versions! Please use "objectives" instead.
[2023-04-10 17:11:07,664][moc][INFO][generic_smbo.py:333] Iter 2, objectives: [-0.8171515995256294].
[2023-04-10 17:11:07,787][moc][WARNING][util_funcs.py:111] Provide "objs" in result is deprecated and will be removed in future versions! Please use "objectives" instead.
[2023-04-10 17:11:07,788][moc][INFO][generic_smbo.py:333] Iter 3, objectives: [-0.057210529549449024].
[2023-04-10 17:11:07,884][moc][WARNING][util_funcs.py:111] Provide "objs" in result is deprecated and will be removed in future versions! Please use "objectives" instead.
[2023-04-10 17:11:07,884][moc][INFO][generic_smbo.py:333] Iter 4, objectives: [-0.06503881566468679].
[2023-04-10 17:11:07,970][moc][WARNING][util_funcs.py:111] Provide "objs" in result is deprecated and will be removed in future versions! Please use "objectives" instead.
[2023-04-10 17:11:07,970][moc][INFO][generic_smbo.py:333] Iter 5, objectives: [-0.24780224388143357].
[2023-04-10 17:11:08,055][moc][WARNING][util_funcs.py:111] Provide "objs" in result is deprecated and will be removed in future versions! Please use "objectives" instead.
[2023-04-10 17:11:08,055][moc][INFO][generic_smbo.py:333] Iter 6, objectives: [-0.4105271510177658].
[2023-04-10 17:11:08,132][moc][WARNING][util_funcs.py:111] Provide "objs" in result is deprecated and will be removed in future versions! Please use "objectives" instead.
[2023-04-10 17:11:08,132][moc][INFO][generic_smbo.py:333] Iter 7, objectives: [-0.4318453035876629].
[2023-04-10 17:11:08,196][moc][WARNING][util_funcs.py:111] Provide "objs" in result is deprecated and will be removed in future versions! Please use "objectives" instead.
[2023-04-10 17:11:08,197][moc][INFO][generic_smbo.py:333] Iter 8, objectives: [-1.2970494842848237].
[2023-04-10 17:11:08,292][moc][WARNING][util_funcs.py:111] Provide "objs" in result is deprecated and will be removed in future versions! Please use "objectives" instead.
[2023-04-10 17:11:08,293][moc][INFO][generic_smbo.py:333] Iter 9, objectives: [-0.04931518519368581].
[2023-04-10 17:11:08,365][moc][WARNING][util_funcs.py:111] Provide "objs" in result is deprecated and will be removed in future versions! Please use "objectives" instead.
[2023-04-10 17:11:08,365][moc][INFO][generic_smbo.py:333] Iter 10, objectives: [-4.157806499810043].
[2023-04-10 17:11:08,432][moc][WARNING][util_funcs.py:111] Provide "objs" in result is deprecated and will be removed in future versions! Please use "objectives" instead.
[2023-04-10 17:11:08,433][moc][INFO][generic_smbo.py:333] Iter 11, objectives: [-0.8830868715586458].
[2023-04-10 17:11:08,503][moc][WARNING][util_funcs.py:111] Provide "objs" in result is deprecated and will be removed in future versions! Please use "objectives" instead.
[2023-04-10 17:11:08,504][moc][INFO][generic_smbo.py:333] Iter 12, objectives: [-0.4351906070798952].
[2023-04-10 17:11:08,596][moc][WARNING][util_funcs.py:111] Provide "objs" in result is deprecated and will be removed in future versions! Please use "objectives" instead.
[2023-04-10 17:11:08,597][moc][INFO][generic_smbo.py:333] Iter 13, objectives: [-0.12302066055819683].
[2023-04-10 17:11:08,662][moc][WARNING][util_funcs.py:111] Provide "objs" in result is deprecated and will be removed in future versions! Please use "objectives" instead.
[2023-04-10 17:11:08,662][moc][INFO][generic_smbo.py:333] Iter 14, objectives: [-0.5022977816961183].
[2023-04-10 17:11:08,742][moc][WARNING][util_funcs.py:111] Provide "objs" in result is deprecated and will be removed in future versions! Please use "objectives" instead.
[2023-04-10 17:11:08,742][moc][INFO][generic_smbo.py:333] Iter 15, objectives: [-0.9777905438111181].
[2023-04-10 17:11:08,952][moc][WARNING][util_funcs.py:111] Provide "objs" in result is deprecated and will be removed in future versions! Please use "objectives" instead.
[2023-04-10 17:11:08,952][moc][INFO][generic_smbo.py:333] Iter 16, objectives: [-0.17842078229742456].
[2023-04-10 17:11:08,953][moc][WARNING][util_funcs.py:111] Provide "objs" in result is deprecated and will be removed in future versions! Please use "objectives" instead.
[2023-04-10 17:11:08,953][moc][INFO][generic_smbo.py:418] Iter 6, objectives: [10000000000.0].
[2023-04-10 17:11:13,739][moc][WARNING][util_funcs.py:231] Keyword argument "num_objs" is deprecated and will be removed in a future version. Please use "num_objectives" instead.
