[2023-04-10 19:29:34,063][moc][INFO][color_logger.py:203] Logfile: /home/chenyiqi/wafer_scale_chip_dse_framework/logs/moc_2023-04-10-19-29-34-062668.log
[2023-04-10 19:29:34,067][moc][WARNING][util_funcs.py:111] Provide "objs" in result is deprecated and will be removed in future versions! Please use "objectives" instead.
[2023-04-10 19:29:34,067][moc][INFO][generic_smbo.py:352] Iter 1, objectives: [-0.45108213728346147].
[2023-04-10 19:29:34,069][moc][WARNING][util_funcs.py:111] Provide "objs" in result is deprecated and will be removed in future versions! Please use "objectives" instead.
[2023-04-10 19:29:34,070][moc][INFO][generic_smbo.py:352] Iter 2, objectives: [-0.5889933771433633].
[2023-04-10 19:29:34,072][moc][WARNING][util_funcs.py:111] Provide "objs" in result is deprecated and will be removed in future versions! Please use "objectives" instead.
[2023-04-10 19:29:34,072][moc][INFO][generic_smbo.py:352] Iter 3, objectives: [-0.8383787402410288].
[2023-04-10 19:29:34,074][moc][WARNING][util_funcs.py:111] Provide "objs" in result is deprecated and will be removed in future versions! Please use "objectives" instead.
[2023-04-10 19:29:34,074][moc][INFO][generic_smbo.py:352] Iter 4, objectives: [-0.7950832020859456].
[2023-04-10 19:29:34,076][moc][WARNING][util_funcs.py:111] Provide "objs" in result is deprecated and will be removed in future versions! Please use "objectives" instead.
[2023-04-10 19:29:34,076][moc][INFO][generic_smbo.py:352] Iter 5, objectives: [-0.309685575133676].
[2023-04-10 19:29:34,079][moc][WARNING][util_funcs.py:111] Provide "objs" in result is deprecated and will be removed in future versions! Please use "objectives" instead.
[2023-04-10 19:29:34,079][moc][INFO][generic_smbo.py:352] Iter 6, objectives: [-7.53786518070875].
[2023-04-10 19:29:34,081][moc][WARNING][util_funcs.py:111] Provide "objs" in result is deprecated and will be removed in future versions! Please use "objectives" instead.
[2023-04-10 19:29:34,081][moc][INFO][generic_smbo.py:352] Iter 7, objectives: [-4.050421553432636].
[2023-04-10 19:29:34,083][moc][WARNING][util_funcs.py:111] Provide "objs" in result is deprecated and will be removed in future versions! Please use "objectives" instead.
[2023-04-10 19:29:34,083][moc][INFO][generic_smbo.py:352] Iter 8, objectives: [-0.48182469431838276].
[2023-04-10 19:29:34,086][moc][WARNING][util_funcs.py:111] Provide "objs" in result is deprecated and will be removed in future versions! Please use "objectives" instead.
[2023-04-10 19:29:34,086][moc][INFO][generic_smbo.py:352] Iter 9, objectives: [-0.3490882264839574].
[2023-04-10 19:29:34,088][moc][WARNING][util_funcs.py:111] Provide "objs" in result is deprecated and will be removed in future versions! Please use "objectives" instead.
[2023-04-10 19:29:34,088][moc][INFO][generic_smbo.py:352] Iter 10, objectives: [-0.4736040317709274].
[2023-04-10 19:29:34,090][moc][WARNING][util_funcs.py:111] Provide "objs" in result is deprecated and will be removed in future versions! Please use "objectives" instead.
[2023-04-10 19:29:34,090][moc][INFO][generic_smbo.py:352] Iter 11, objectives: [-0.7946636191624645].
[2023-04-10 19:29:34,092][moc][WARNING][util_funcs.py:111] Provide "objs" in result is deprecated and will be removed in future versions! Please use "objectives" instead.
[2023-04-10 19:29:34,092][moc][INFO][generic_smbo.py:352] Iter 12, objectives: [-2.548949858293536].
[2023-04-10 19:29:34,094][moc][WARNING][util_funcs.py:111] Provide "objs" in result is deprecated and will be removed in future versions! Please use "objectives" instead.
[2023-04-10 19:29:34,095][moc][INFO][generic_smbo.py:352] Iter 13, objectives: [-17.481533285194555].
[2023-04-10 19:29:34,096][moc][WARNING][util_funcs.py:111] Provide "objs" in result is deprecated and will be removed in future versions! Please use "objectives" instead.
[2023-04-10 19:29:34,096][moc][INFO][generic_smbo.py:352] Iter 14, objectives: [-0.49571713288976105].
[2023-04-10 19:29:34,098][moc][WARNING][util_funcs.py:111] Provide "objs" in result is deprecated and will be removed in future versions! Please use "objectives" instead.
[2023-04-10 19:29:34,099][moc][INFO][generic_smbo.py:352] Iter 15, objectives: [-1.0144201528960024].
[2023-04-10 19:29:34,101][moc][WARNING][util_funcs.py:111] Provide "objs" in result is deprecated and will be removed in future versions! Please use "objectives" instead.
[2023-04-10 19:29:34,101][moc][INFO][generic_smbo.py:352] Iter 16, objectives: [-0.6335689284428101].
[2023-04-10 19:29:34,103][moc][WARNING][util_funcs.py:111] Provide "objs" in result is deprecated and will be removed in future versions! Please use "objectives" instead.
[2023-04-10 19:29:34,103][moc][INFO][generic_smbo.py:352] Iter 17, objectives: [-0.6163842535751547].
[2023-04-10 19:29:34,105][moc][WARNING][util_funcs.py:111] Provide "objs" in result is deprecated and will be removed in future versions! Please use "objectives" instead.
[2023-04-10 19:29:34,105][moc][INFO][generic_smbo.py:352] Iter 18, objectives: [-0.44190977066078607].
[2023-04-10 19:29:34,107][moc][WARNING][util_funcs.py:111] Provide "objs" in result is deprecated and will be removed in future versions! Please use "objectives" instead.
[2023-04-10 19:29:34,107][moc][INFO][generic_smbo.py:352] Iter 19, objectives: [-0.6150309458267809].
[2023-04-10 19:29:34,109][moc][WARNING][util_funcs.py:111] Provide "objs" in result is deprecated and will be removed in future versions! Please use "objectives" instead.
[2023-04-10 19:29:34,109][moc][INFO][generic_smbo.py:352] Iter 20, objectives: [-0.2341746030093568].
[2023-04-10 19:29:34,110][moc][WARNING][util_funcs.py:111] Provide "objs" in result is deprecated and will be removed in future versions! Please use "objectives" instead.
[2023-04-10 19:29:34,110][moc][WARNING][util_funcs.py:123] Unused information in result: {'config': [{'data_parallel_size': 1, 'micro_batch_size': 410, 'model_parallel_size': 24, 'num_reticle_per_pipeline_stage': 2, 'tensor_parallel_size': 1}]}
[2023-04-10 19:29:34,110][moc][INFO][generic_smbo.py:437] Iter 16, objectives: [-17.481533285194555].
[2023-04-10 19:29:38,427][moc][WARNING][util_funcs.py:231] Keyword argument "num_objs" is deprecated and will be removed in a future version. Please use "num_objectives" instead.
