[2023-04-10 17:13:57,301][moc][INFO][color_logger.py:203] Logfile: /home/chenyiqi/wafer_scale_chip_dse_framework/logs/moc_2023-04-10-17-13-57-300751.log
[2023-04-10 17:13:57,306][moc][WARNING][util_funcs.py:111] Provide "objs" in result is deprecated and will be removed in future versions! Please use "objectives" instead.
[2023-04-10 17:13:57,306][moc][INFO][generic_smbo.py:333] Iter 1, objectives: [-1.325209601912789].
[2023-04-10 17:13:57,310][moc][WARNING][util_funcs.py:111] Provide "objs" in result is deprecated and will be removed in future versions! Please use "objectives" instead.
[2023-04-10 17:13:57,310][moc][INFO][generic_smbo.py:333] Iter 2, objectives: [-0.588210662361315].
[2023-04-10 17:13:57,314][moc][WARNING][util_funcs.py:111] Provide "objs" in result is deprecated and will be removed in future versions! Please use "objectives" instead.
[2023-04-10 17:13:57,314][moc][INFO][generic_smbo.py:333] Iter 3, objectives: [-0.44599301774700506].
[2023-04-10 17:13:57,317][moc][WARNING][util_funcs.py:111] Provide "objs" in result is deprecated and will be removed in future versions! Please use "objectives" instead.
[2023-04-10 17:13:57,317][moc][INFO][generic_smbo.py:333] Iter 4, objectives: [-0.5206279124544548].
[2023-04-10 17:13:57,321][moc][WARNING][util_funcs.py:111] Provide "objs" in result is deprecated and will be removed in future versions! Please use "objectives" instead.
[2023-04-10 17:13:57,321][moc][INFO][generic_smbo.py:333] Iter 5, objectives: [-0.810031877530382].
[2023-04-10 17:13:57,324][moc][WARNING][util_funcs.py:111] Provide "objs" in result is deprecated and will be removed in future versions! Please use "objectives" instead.
[2023-04-10 17:13:57,325][moc][INFO][generic_smbo.py:333] Iter 6, objectives: [-69.37808593726248].
[2023-04-10 17:13:57,328][moc][WARNING][util_funcs.py:111] Provide "objs" in result is deprecated and will be removed in future versions! Please use "objectives" instead.
[2023-04-10 17:13:57,328][moc][INFO][generic_smbo.py:333] Iter 7, objectives: [-1.9295124036446236].
[2023-04-10 17:13:57,332][moc][WARNING][util_funcs.py:111] Provide "objs" in result is deprecated and will be removed in future versions! Please use "objectives" instead.
[2023-04-10 17:13:57,332][moc][INFO][generic_smbo.py:333] Iter 8, objectives: [-68.25151546993088].
[2023-04-10 17:13:57,336][moc][WARNING][util_funcs.py:111] Provide "objs" in result is deprecated and will be removed in future versions! Please use "objectives" instead.
[2023-04-10 17:13:57,336][moc][INFO][generic_smbo.py:333] Iter 9, objectives: [-0.7095873121446067].
[2023-04-10 17:13:57,339][moc][WARNING][util_funcs.py:111] Provide "objs" in result is deprecated and will be removed in future versions! Please use "objectives" instead.
[2023-04-10 17:13:57,339][moc][INFO][generic_smbo.py:333] Iter 10, objectives: [-0.5150937247033852].
[2023-04-10 17:13:57,343][moc][WARNING][util_funcs.py:111] Provide "objs" in result is deprecated and will be removed in future versions! Please use "objectives" instead.
[2023-04-10 17:13:57,343][moc][INFO][generic_smbo.py:333] Iter 11, objectives: [-0.7770241860650843].
[2023-04-10 17:13:57,347][moc][WARNING][util_funcs.py:111] Provide "objs" in result is deprecated and will be removed in future versions! Please use "objectives" instead.
[2023-04-10 17:13:57,347][moc][INFO][generic_smbo.py:333] Iter 12, objectives: [-0.535367411618501].
[2023-04-10 17:13:57,351][moc][WARNING][util_funcs.py:111] Provide "objs" in result is deprecated and will be removed in future versions! Please use "objectives" instead.
[2023-04-10 17:13:57,351][moc][INFO][generic_smbo.py:333] Iter 13, objectives: [-3.266643599995673].
[2023-04-10 17:13:57,354][moc][WARNING][util_funcs.py:111] Provide "objs" in result is deprecated and will be removed in future versions! Please use "objectives" instead.
[2023-04-10 17:13:57,354][moc][INFO][generic_smbo.py:333] Iter 14, objectives: [-0.8141808974995619].
[2023-04-10 17:13:57,358][moc][WARNING][util_funcs.py:111] Provide "objs" in result is deprecated and will be removed in future versions! Please use "objectives" instead.
[2023-04-10 17:13:57,358][moc][INFO][generic_smbo.py:333] Iter 15, objectives: [-206.14938852530722].
[2023-04-10 17:13:57,362][moc][WARNING][util_funcs.py:111] Provide "objs" in result is deprecated and will be removed in future versions! Please use "objectives" instead.
[2023-04-10 17:13:57,362][moc][INFO][generic_smbo.py:333] Iter 16, objectives: [-62.81539439755678].
[2023-04-10 17:13:57,366][moc][WARNING][util_funcs.py:111] Provide "objs" in result is deprecated and will be removed in future versions! Please use "objectives" instead.
[2023-04-10 17:13:57,366][moc][INFO][generic_smbo.py:333] Iter 17, objectives: [-0.6821131384940885].
[2023-04-10 17:13:57,370][moc][WARNING][util_funcs.py:111] Provide "objs" in result is deprecated and will be removed in future versions! Please use "objectives" instead.
[2023-04-10 17:13:57,370][moc][INFO][generic_smbo.py:333] Iter 18, objectives: [-19.766857586445578].
[2023-04-10 17:13:57,373][moc][WARNING][util_funcs.py:111] Provide "objs" in result is deprecated and will be removed in future versions! Please use "objectives" instead.
[2023-04-10 17:13:57,374][moc][INFO][generic_smbo.py:333] Iter 19, objectives: [-1.728984744823295].
[2023-04-10 17:13:57,377][moc][WARNING][util_funcs.py:111] Provide "objs" in result is deprecated and will be removed in future versions! Please use "objectives" instead.
[2023-04-10 17:13:57,377][moc][INFO][generic_smbo.py:333] Iter 20, objectives: [-0.7488504858455165].
[2023-04-10 17:13:57,378][moc][WARNING][util_funcs.py:111] Provide "objs" in result is deprecated and will be removed in future versions! Please use "objectives" instead.
[2023-04-10 17:13:57,378][moc][WARNING][util_funcs.py:123] Unused information in result: {'config': [{'data_parallel_size': 1, 'micro_batch_size': 9, 'model_parallel_size': 3, 'num_reticle_per_pipeline_stage': 43, 'tensor_parallel_size': 1}]}
[2023-04-10 17:13:57,378][moc][INFO][generic_smbo.py:418] Iter 9, objectives: [-206.14938852530722].
[2023-04-10 17:14:01,577][moc][WARNING][util_funcs.py:231] Keyword argument "num_objs" is deprecated and will be removed in a future version. Please use "num_objectives" instead.
