[2023-04-10 19:04:43,797][moc][INFO][color_logger.py:203] Logfile: /home/chenyiqi/wafer_scale_chip_dse_framework/logs/moc_2023-04-10-19-04-43-797502.log
[2023-04-10 19:04:43,802][moc][WARNING][util_funcs.py:111] Provide "objs" in result is deprecated and will be removed in future versions! Please use "objectives" instead.
[2023-04-10 19:04:43,803][moc][INFO][generic_smbo.py:333] Iter 1, objectives: [-0.37684985349585914].
[2023-04-10 19:04:43,806][moc][WARNING][util_funcs.py:111] Provide "objs" in result is deprecated and will be removed in future versions! Please use "objectives" instead.
[2023-04-10 19:04:43,806][moc][INFO][generic_smbo.py:333] Iter 2, objectives: [-1.1188833393506534].
[2023-04-10 19:04:43,809][moc][WARNING][util_funcs.py:111] Provide "objs" in result is deprecated and will be removed in future versions! Please use "objectives" instead.
[2023-04-10 19:04:43,809][moc][INFO][generic_smbo.py:333] Iter 3, objectives: [-2.2023298426119124].
[2023-04-10 19:04:43,812][moc][WARNING][util_funcs.py:111] Provide "objs" in result is deprecated and will be removed in future versions! Please use "objectives" instead.
[2023-04-10 19:04:43,812][moc][INFO][generic_smbo.py:333] Iter 4, objectives: [-26.144854848535843].
[2023-04-10 19:04:43,815][moc][WARNING][util_funcs.py:111] Provide "objs" in result is deprecated and will be removed in future versions! Please use "objectives" instead.
[2023-04-10 19:04:43,815][moc][INFO][generic_smbo.py:333] Iter 5, objectives: [-1.4094324870251418].
[2023-04-10 19:04:43,818][moc][WARNING][util_funcs.py:111] Provide "objs" in result is deprecated and will be removed in future versions! Please use "objectives" instead.
[2023-04-10 19:04:43,818][moc][INFO][generic_smbo.py:333] Iter 6, objectives: [-0.7845756806960317].
[2023-04-10 19:04:43,822][moc][WARNING][util_funcs.py:111] Provide "objs" in result is deprecated and will be removed in future versions! Please use "objectives" instead.
[2023-04-10 19:04:43,822][moc][INFO][generic_smbo.py:333] Iter 7, objectives: [-1.2055263662791116].
[2023-04-10 19:04:43,825][moc][WARNING][util_funcs.py:111] Provide "objs" in result is deprecated and will be removed in future versions! Please use "objectives" instead.
[2023-04-10 19:04:43,825][moc][INFO][generic_smbo.py:333] Iter 8, objectives: [-2.663218290169935].
[2023-04-10 19:04:43,828][moc][WARNING][util_funcs.py:111] Provide "objs" in result is deprecated and will be removed in future versions! Please use "objectives" instead.
[2023-04-10 19:04:43,828][moc][INFO][generic_smbo.py:333] Iter 9, objectives: [-1.9037894295129443].
[2023-04-10 19:04:43,831][moc][WARNING][util_funcs.py:111] Provide "objs" in result is deprecated and will be removed in future versions! Please use "objectives" instead.
[2023-04-10 19:04:43,831][moc][INFO][generic_smbo.py:333] Iter 10, objectives: [-0.9090179729887187].
[2023-04-10 19:04:43,834][moc][WARNING][util_funcs.py:111] Provide "objs" in result is deprecated and will be removed in future versions! Please use "objectives" instead.
[2023-04-10 19:04:43,834][moc][INFO][generic_smbo.py:333] Iter 11, objectives: [-1.1933595322426678].
[2023-04-10 19:04:43,838][moc][WARNING][util_funcs.py:111] Provide "objs" in result is deprecated and will be removed in future versions! Please use "objectives" instead.
[2023-04-10 19:04:43,838][moc][INFO][generic_smbo.py:333] Iter 12, objectives: [-5.439785216256985].
[2023-04-10 19:04:43,841][moc][WARNING][util_funcs.py:111] Provide "objs" in result is deprecated and will be removed in future versions! Please use "objectives" instead.
[2023-04-10 19:04:43,841][moc][INFO][generic_smbo.py:333] Iter 13, objectives: [-1.4676036972262745].
[2023-04-10 19:04:43,844][moc][WARNING][util_funcs.py:111] Provide "objs" in result is deprecated and will be removed in future versions! Please use "objectives" instead.
[2023-04-10 19:04:43,844][moc][INFO][generic_smbo.py:333] Iter 14, objectives: [-1.4240441685415708].
[2023-04-10 19:04:43,847][moc][WARNING][util_funcs.py:111] Provide "objs" in result is deprecated and will be removed in future versions! Please use "objectives" instead.
[2023-04-10 19:04:43,847][moc][INFO][generic_smbo.py:333] Iter 15, objectives: [-1.4282120622769967].
[2023-04-10 19:04:43,850][moc][WARNING][util_funcs.py:111] Provide "objs" in result is deprecated and will be removed in future versions! Please use "objectives" instead.
[2023-04-10 19:04:43,850][moc][INFO][generic_smbo.py:333] Iter 16, objectives: [-2.928554096559128].
[2023-04-10 19:04:43,853][moc][WARNING][util_funcs.py:111] Provide "objs" in result is deprecated and will be removed in future versions! Please use "objectives" instead.
[2023-04-10 19:04:43,854][moc][INFO][generic_smbo.py:333] Iter 17, objectives: [-1.0371975373538593].
[2023-04-10 19:04:43,856][moc][WARNING][util_funcs.py:111] Provide "objs" in result is deprecated and will be removed in future versions! Please use "objectives" instead.
[2023-04-10 19:04:43,857][moc][INFO][generic_smbo.py:333] Iter 18, objectives: [-1.1752037044031207].
[2023-04-10 19:04:43,860][moc][WARNING][util_funcs.py:111] Provide "objs" in result is deprecated and will be removed in future versions! Please use "objectives" instead.
[2023-04-10 19:04:43,860][moc][INFO][generic_smbo.py:333] Iter 19, objectives: [-0.9337385623897748].
[2023-04-10 19:04:43,863][moc][WARNING][util_funcs.py:111] Provide "objs" in result is deprecated and will be removed in future versions! Please use "objectives" instead.
[2023-04-10 19:04:43,863][moc][INFO][generic_smbo.py:333] Iter 20, objectives: [-0.3116982877075343].
[2023-04-10 19:04:43,864][moc][WARNING][util_funcs.py:111] Provide "objs" in result is deprecated and will be removed in future versions! Please use "objectives" instead.
[2023-04-10 19:04:43,864][moc][WARNING][util_funcs.py:123] Unused information in result: {'config': [{'data_parallel_size': 3, 'micro_batch_size': 14, 'model_parallel_size': 2, 'num_reticle_per_pipeline_stage': 32, 'tensor_parallel_size': 1}]}
[2023-04-10 19:04:43,864][moc][INFO][generic_smbo.py:418] Iter 8, objectives: [-26.144854848535843].
[2023-04-10 19:04:43,866][moc][WARNING][util_funcs.py:231] Keyword argument "num_objs" is deprecated and will be removed in a future version. Please use "num_objectives" instead.
