[2023-04-09 19:09:12,765][moc][INFO][color_logger.py:203] Logfile: /home/chenyiqi/wafer_scale_chip_dse_framework/logs/moc_2023-04-09-19-09-12-764990.log
[2023-04-09 19:09:12,767][moc][INFO][generic_advisor.py:157] [BO auto selection]  acq_type: ei.
[2023-04-09 19:09:13,593][moc][WARNING][util_funcs.py:111] Provide "objs" in result is deprecated and will be removed in future versions! Please use "objectives" instead.
[2023-04-09 19:09:13,595][moc][INFO][generic_smbo.py:332] Iter 1, objectives: [-0.00496125462628226].
[2023-04-09 19:09:14,101][moc][WARNING][util_funcs.py:111] Provide "objs" in result is deprecated and will be removed in future versions! Please use "objectives" instead.
[2023-04-09 19:09:14,102][moc][INFO][generic_smbo.py:332] Iter 2, objectives: [-0.008681806643613585].
[2023-04-09 19:09:14,440][moc][WARNING][util_funcs.py:111] Provide "objs" in result is deprecated and will be removed in future versions! Please use "objectives" instead.
[2023-04-09 19:09:14,441][moc][INFO][generic_smbo.py:332] Iter 3, objectives: [-0.006945588480245695].
[2023-04-09 19:09:15,121][moc][WARNING][util_funcs.py:111] Provide "objs" in result is deprecated and will be removed in future versions! Please use "objectives" instead.
[2023-04-09 19:09:15,122][moc][INFO][generic_smbo.py:332] Iter 4, objectives: [-0.011575342209205787].
[2023-04-09 19:09:16,631][moc][WARNING][util_funcs.py:111] Provide "objs" in result is deprecated and will be removed in future versions! Please use "objectives" instead.
[2023-04-09 19:09:16,633][moc][INFO][generic_smbo.py:332] Iter 5, objectives: [-0.0038588046427999855].
[2023-04-09 19:09:16,893][moc][WARNING][util_funcs.py:111] Provide "objs" in result is deprecated and will be removed in future versions! Please use "objectives" instead.
[2023-04-09 19:09:16,894][moc][INFO][generic_smbo.py:332] Iter 6, objectives: [-0.008681799437476026].
[2023-04-09 19:09:16,895][moc][INFO][generic_advisor.py:365] Sample random config. rand_prob=0.100000.
[2023-04-09 19:09:17,339][moc][WARNING][util_funcs.py:111] Provide "objs" in result is deprecated and will be removed in future versions! Please use "objectives" instead.
[2023-04-09 19:09:17,340][moc][INFO][generic_smbo.py:332] Iter 7, objectives: [-0.005788070785631281].
[2023-04-09 19:09:19,116][moc][WARNING][util_funcs.py:111] Provide "objs" in result is deprecated and will be removed in future versions! Please use "objectives" instead.
[2023-04-09 19:09:19,117][moc][INFO][generic_smbo.py:332] Iter 8, objectives: [-0.011575342323907762].
[2023-04-09 19:09:20,805][moc][WARNING][util_funcs.py:111] Provide "objs" in result is deprecated and will be removed in future versions! Please use "objectives" instead.
[2023-04-09 19:09:20,806][moc][INFO][generic_smbo.py:332] Iter 9, objectives: [-0.011575341702605418].
[2023-04-09 19:09:23,043][moc][WARNING][util_funcs.py:111] Provide "objs" in result is deprecated and will be removed in future versions! Please use "objectives" instead.
[2023-04-09 19:09:23,044][moc][INFO][generic_smbo.py:332] Iter 10, objectives: [-0.011575341966037603].
[2023-04-09 19:09:24,804][moc][WARNING][util_funcs.py:111] Provide "objs" in result is deprecated and will be removed in future versions! Please use "objectives" instead.
[2023-04-09 19:09:24,805][moc][INFO][generic_smbo.py:332] Iter 11, objectives: [-0.017361803286854736].
[2023-04-09 19:09:27,216][moc][WARNING][util_funcs.py:111] Provide "objs" in result is deprecated and will be removed in future versions! Please use "objectives" instead.
[2023-04-09 19:09:27,218][moc][INFO][generic_smbo.py:332] Iter 12, objectives: [-0.01736180289982464].
[2023-04-09 19:09:29,084][moc][WARNING][util_funcs.py:111] Provide "objs" in result is deprecated and will be removed in future versions! Please use "objectives" instead.
[2023-04-09 19:09:29,089][moc][INFO][generic_smbo.py:332] Iter 13, objectives: [-0.01736180207635641].
[2023-04-09 19:09:31,095][moc][WARNING][util_funcs.py:111] Provide "objs" in result is deprecated and will be removed in future versions! Please use "objectives" instead.
[2023-04-09 19:09:31,096][moc][INFO][generic_smbo.py:332] Iter 14, objectives: [-0.01736180207635641].
[2023-04-09 19:09:32,903][moc][WARNING][util_funcs.py:111] Provide "objs" in result is deprecated and will be removed in future versions! Please use "objectives" instead.
[2023-04-09 19:09:32,904][moc][INFO][generic_smbo.py:332] Iter 15, objectives: [-0.017361798545737262].
[2023-04-09 19:09:34,357][moc][WARNING][util_funcs.py:111] Provide "objs" in result is deprecated and will be removed in future versions! Please use "objectives" instead.
[2023-04-09 19:09:34,359][moc][INFO][generic_smbo.py:332] Iter 16, objectives: [-0.017361800700790336].
[2023-04-09 19:09:34,361][moc][INFO][generic_advisor.py:365] Sample random config. rand_prob=0.100000.
[2023-04-09 19:09:35,183][moc][WARNING][util_funcs.py:111] Provide "objs" in result is deprecated and will be removed in future versions! Please use "objectives" instead.
[2023-04-09 19:09:35,184][moc][INFO][generic_smbo.py:332] Iter 17, objectives: [-0.008681802511060117].
[2023-04-09 19:09:36,356][moc][WARNING][util_funcs.py:111] Provide "objs" in result is deprecated and will be removed in future versions! Please use "objectives" instead.
[2023-04-09 19:09:36,357][moc][INFO][generic_smbo.py:332] Iter 18, objectives: [-0.017361801179691095].
[2023-04-09 19:09:36,358][moc][INFO][generic_advisor.py:365] Sample random config. rand_prob=0.100000.
[2023-04-09 19:09:36,593][moc][WARNING][util_funcs.py:111] Provide "objs" in result is deprecated and will be removed in future versions! Please use "objectives" instead.
[2023-04-09 19:09:36,593][moc][INFO][generic_smbo.py:332] Iter 19, objectives: [-0.01157532853101141].
[2023-04-09 19:09:37,937][moc][WARNING][util_funcs.py:111] Provide "objs" in result is deprecated and will be removed in future versions! Please use "objectives" instead.
[2023-04-09 19:09:37,938][moc][INFO][generic_smbo.py:332] Iter 20, objectives: [-0.01736179912392218].
