[2023-04-10 17:14:33,991][moc][INFO][color_logger.py:203] Logfile: /home/chenyiqi/wafer_scale_chip_dse_framework/logs/moc_2023-04-10-17-14-33-990984.log
[2023-04-10 17:14:33,998][moc][WARNING][util_funcs.py:111] Provide "objs" in result is deprecated and will be removed in future versions! Please use "objectives" instead.
[2023-04-10 17:14:33,998][moc][INFO][generic_smbo.py:333] Iter 1, objectives: [-1.641555155450806].
[2023-04-10 17:14:34,004][moc][WARNING][util_funcs.py:111] Provide "objs" in result is deprecated and will be removed in future versions! Please use "objectives" instead.
[2023-04-10 17:14:34,004][moc][INFO][generic_smbo.py:333] Iter 2, objectives: [-55.04792807475775].
[2023-04-10 17:14:34,009][moc][WARNING][util_funcs.py:111] Provide "objs" in result is deprecated and will be removed in future versions! Please use "objectives" instead.
[2023-04-10 17:14:34,009][moc][INFO][generic_smbo.py:333] Iter 3, objectives: [-2.0947271566713344].
[2023-04-10 17:14:34,014][moc][WARNING][util_funcs.py:111] Provide "objs" in result is deprecated and will be removed in future versions! Please use "objectives" instead.
[2023-04-10 17:14:34,014][moc][INFO][generic_smbo.py:333] Iter 4, objectives: [-0.6058419501549149].
[2023-04-10 17:14:34,125][moc][WARNING][util_funcs.py:111] Provide "objs" in result is deprecated and will be removed in future versions! Please use "objectives" instead.
[2023-04-10 17:14:34,125][moc][INFO][generic_smbo.py:333] Iter 5, objectives: [-0.551513894822458].
[2023-04-10 17:14:34,131][moc][WARNING][util_funcs.py:111] Provide "objs" in result is deprecated and will be removed in future versions! Please use "objectives" instead.
[2023-04-10 17:14:34,131][moc][INFO][generic_smbo.py:333] Iter 6, objectives: [-0.295059390135525].
[2023-04-10 17:14:34,136][moc][WARNING][util_funcs.py:111] Provide "objs" in result is deprecated and will be removed in future versions! Please use "objectives" instead.
[2023-04-10 17:14:34,136][moc][INFO][generic_smbo.py:333] Iter 7, objectives: [-1.1977448053028583].
[2023-04-10 17:14:34,141][moc][WARNING][util_funcs.py:111] Provide "objs" in result is deprecated and will be removed in future versions! Please use "objectives" instead.
[2023-04-10 17:14:34,141][moc][INFO][generic_smbo.py:333] Iter 8, objectives: [-0.986084395115431].
[2023-04-10 17:14:34,146][moc][WARNING][util_funcs.py:111] Provide "objs" in result is deprecated and will be removed in future versions! Please use "objectives" instead.
[2023-04-10 17:14:34,146][moc][INFO][generic_smbo.py:333] Iter 9, objectives: [-24.811003445212876].
[2023-04-10 17:14:34,151][moc][WARNING][util_funcs.py:111] Provide "objs" in result is deprecated and will be removed in future versions! Please use "objectives" instead.
[2023-04-10 17:14:34,152][moc][INFO][generic_smbo.py:333] Iter 10, objectives: [-3.3276893311272318].
[2023-04-10 17:14:34,157][moc][WARNING][util_funcs.py:111] Provide "objs" in result is deprecated and will be removed in future versions! Please use "objectives" instead.
[2023-04-10 17:14:34,157][moc][INFO][generic_smbo.py:333] Iter 11, objectives: [-2.633130867739572].
[2023-04-10 17:14:34,162][moc][WARNING][util_funcs.py:111] Provide "objs" in result is deprecated and will be removed in future versions! Please use "objectives" instead.
[2023-04-10 17:14:34,162][moc][INFO][generic_smbo.py:333] Iter 12, objectives: [-0.19403437948264696].
[2023-04-10 17:14:34,167][moc][WARNING][util_funcs.py:111] Provide "objs" in result is deprecated and will be removed in future versions! Please use "objectives" instead.
[2023-04-10 17:14:34,168][moc][INFO][generic_smbo.py:333] Iter 13, objectives: [-1.9884092884105573].
[2023-04-10 17:14:34,173][moc][WARNING][util_funcs.py:111] Provide "objs" in result is deprecated and will be removed in future versions! Please use "objectives" instead.
[2023-04-10 17:14:34,173][moc][INFO][generic_smbo.py:333] Iter 14, objectives: [-222.76544037200304].
[2023-04-10 17:14:34,178][moc][WARNING][util_funcs.py:111] Provide "objs" in result is deprecated and will be removed in future versions! Please use "objectives" instead.
[2023-04-10 17:14:34,178][moc][INFO][generic_smbo.py:333] Iter 15, objectives: [-0.8404670401878528].
[2023-04-10 17:14:34,184][moc][WARNING][util_funcs.py:111] Provide "objs" in result is deprecated and will be removed in future versions! Please use "objectives" instead.
[2023-04-10 17:14:34,184][moc][INFO][generic_smbo.py:333] Iter 16, objectives: [-0.7586789986101017].
[2023-04-10 17:14:34,189][moc][WARNING][util_funcs.py:111] Provide "objs" in result is deprecated and will be removed in future versions! Please use "objectives" instead.
[2023-04-10 17:14:34,189][moc][INFO][generic_smbo.py:333] Iter 17, objectives: [-1.153087012287226].
[2023-04-10 17:14:34,194][moc][WARNING][util_funcs.py:111] Provide "objs" in result is deprecated and will be removed in future versions! Please use "objectives" instead.
[2023-04-10 17:14:34,195][moc][INFO][generic_smbo.py:333] Iter 18, objectives: [-57.24952516655544].
[2023-04-10 17:14:34,200][moc][WARNING][util_funcs.py:111] Provide "objs" in result is deprecated and will be removed in future versions! Please use "objectives" instead.
[2023-04-10 17:14:34,200][moc][INFO][generic_smbo.py:333] Iter 19, objectives: [-122.11582073360795].
[2023-04-10 17:14:34,205][moc][WARNING][util_funcs.py:111] Provide "objs" in result is deprecated and will be removed in future versions! Please use "objectives" instead.
[2023-04-10 17:14:34,205][moc][INFO][generic_smbo.py:333] Iter 20, objectives: [-0.21919829335159854].
[2023-04-10 17:14:34,206][moc][WARNING][util_funcs.py:111] Provide "objs" in result is deprecated and will be removed in future versions! Please use "objectives" instead.
[2023-04-10 17:14:34,206][moc][WARNING][util_funcs.py:123] Unused information in result: {'config': [{'data_parallel_size': 1, 'micro_batch_size': 43, 'model_parallel_size': 8, 'num_reticle_per_pipeline_stage': 53, 'tensor_parallel_size': 1}]}
[2023-04-10 17:14:34,206][moc][INFO][generic_smbo.py:418] Iter 17, objectives: [-222.76544037200304].
[2023-04-10 17:14:38,399][moc][WARNING][util_funcs.py:231] Keyword argument "num_objs" is deprecated and will be removed in a future version. Please use "num_objectives" instead.
