[2023-04-09 19:02:11,206][moc][INFO][color_logger.py:203] Logfile: /home/chenyiqi/wafer_scale_chip_dse_framework/logs/moc_2023-04-09-19-02-11-203071.log
[2023-04-09 19:02:11,216][moc][INFO][generic_advisor.py:157] [BO auto selection]  acq_type: ei.
[2023-04-09 19:02:11,609][moc][WARNING][util_funcs.py:111] Provide "objs" in result is deprecated and will be removed in future versions! Please use "objectives" instead.
[2023-04-09 19:02:11,610][moc][INFO][generic_smbo.py:332] Iter 1, objectives: [-0.011575332482486465].
[2023-04-09 19:02:11,886][moc][WARNING][util_funcs.py:111] Provide "objs" in result is deprecated and will be removed in future versions! Please use "objectives" instead.
[2023-04-09 19:02:11,887][moc][INFO][generic_smbo.py:332] Iter 2, objectives: [-0.017361788386208537].
[2023-04-09 19:02:12,197][moc][WARNING][util_funcs.py:111] Provide "objs" in result is deprecated and will be removed in future versions! Please use "objectives" instead.
[2023-04-09 19:02:12,198][moc][INFO][generic_smbo.py:332] Iter 3, objectives: [-0.011575336130004294].
[2023-04-09 19:02:12,590][moc][WARNING][util_funcs.py:111] Provide "objs" in result is deprecated and will be removed in future versions! Please use "objectives" instead.
[2023-04-09 19:02:12,591][moc][INFO][generic_smbo.py:332] Iter 4, objectives: [-0.008681805213113862].
[2023-04-09 19:02:12,869][moc][WARNING][util_funcs.py:111] Provide "objs" in result is deprecated and will be removed in future versions! Please use "objectives" instead.
[2023-04-09 19:02:12,870][moc][INFO][generic_smbo.py:332] Iter 5, objectives: [-0.006945586711555101].
[2023-04-09 19:02:13,106][moc][WARNING][util_funcs.py:111] Provide "objs" in result is deprecated and will be removed in future versions! Please use "objectives" instead.
[2023-04-09 19:02:13,106][moc][INFO][generic_smbo.py:332] Iter 6, objectives: [-0.017361743232891393].
[2023-04-09 19:02:13,107][moc][INFO][generic_advisor.py:365] Sample random config. rand_prob=0.100000.
[2023-04-09 19:02:13,456][moc][WARNING][util_funcs.py:111] Provide "objs" in result is deprecated and will be removed in future versions! Please use "objectives" instead.
[2023-04-09 19:02:13,457][moc][INFO][generic_smbo.py:332] Iter 7, objectives: [-0.01157532853101141].
[2023-04-09 19:02:14,504][moc][WARNING][util_funcs.py:111] Provide "objs" in result is deprecated and will be removed in future versions! Please use "objectives" instead.
[2023-04-09 19:02:14,505][moc][INFO][generic_smbo.py:332] Iter 8, objectives: [-0.017361743232891393].
[2023-04-09 19:02:15,396][moc][WARNING][util_funcs.py:111] Provide "objs" in result is deprecated and will be removed in future versions! Please use "objectives" instead.
[2023-04-09 19:02:15,397][moc][INFO][generic_smbo.py:332] Iter 9, objectives: [-0.017361749311208867].
[2023-04-09 19:02:17,216][moc][WARNING][util_funcs.py:111] Provide "objs" in result is deprecated and will be removed in future versions! Please use "objectives" instead.
[2023-04-09 19:02:17,217][moc][INFO][generic_smbo.py:332] Iter 10, objectives: [-0.017361762987438745].
[2023-04-09 19:02:18,517][moc][WARNING][util_funcs.py:111] Provide "objs" in result is deprecated and will be removed in future versions! Please use "objectives" instead.
[2023-04-09 19:02:18,518][moc][INFO][generic_smbo.py:332] Iter 11, objectives: [-0.017361774840188735].
[2023-04-09 19:02:20,154][moc][WARNING][util_funcs.py:111] Provide "objs" in result is deprecated and will be removed in future versions! Please use "objectives" instead.
[2023-04-09 19:02:20,154][moc][INFO][generic_smbo.py:332] Iter 12, objectives: [-0.01736177709785723].
[2023-04-09 19:02:21,918][moc][WARNING][util_funcs.py:111] Provide "objs" in result is deprecated and will be removed in future versions! Please use "objectives" instead.
[2023-04-09 19:02:21,920][moc][INFO][generic_smbo.py:332] Iter 13, objectives: [-0.017361774840188735].
[2023-04-09 19:02:23,490][moc][WARNING][util_funcs.py:111] Provide "objs" in result is deprecated and will be removed in future versions! Please use "objectives" instead.
[2023-04-09 19:02:23,492][moc][INFO][generic_smbo.py:332] Iter 14, objectives: [-0.01736178274203105].
[2023-04-09 19:02:25,617][moc][WARNING][util_funcs.py:111] Provide "objs" in result is deprecated and will be removed in future versions! Please use "objectives" instead.
[2023-04-09 19:02:25,618][moc][INFO][generic_smbo.py:332] Iter 15, objectives: [-0.017361766473540003].
[2023-04-09 19:02:27,276][moc][WARNING][util_funcs.py:111] Provide "objs" in result is deprecated and will be removed in future versions! Please use "objectives" instead.
[2023-04-09 19:02:27,277][moc][INFO][generic_smbo.py:332] Iter 16, objectives: [-0.017361766473540003].
[2023-04-09 19:02:28,514][moc][WARNING][util_funcs.py:111] Provide "objs" in result is deprecated and will be removed in future versions! Please use "objectives" instead.
[2023-04-09 19:02:28,515][moc][INFO][generic_smbo.py:332] Iter 17, objectives: [-0.017361772344871605].
[2023-04-09 19:02:29,892][moc][WARNING][util_funcs.py:111] Provide "objs" in result is deprecated and will be removed in future versions! Please use "objectives" instead.
[2023-04-09 19:02:29,893][moc][INFO][generic_smbo.py:332] Iter 18, objectives: [-0.017361762987438745].
[2023-04-09 19:02:32,101][moc][WARNING][util_funcs.py:111] Provide "objs" in result is deprecated and will be removed in future versions! Please use "objectives" instead.
[2023-04-09 19:02:32,102][moc][INFO][generic_smbo.py:332] Iter 19, objectives: [-0.01736177915028365].
[2023-04-09 19:02:34,967][moc][WARNING][util_funcs.py:111] Provide "objs" in result is deprecated and will be removed in future versions! Please use "objectives" instead.
[2023-04-09 19:02:34,969][moc][INFO][generic_smbo.py:332] Iter 20, objectives: [-0.017361759036525676].
