[2023-04-10 19:28:51,441][moc][INFO][color_logger.py:203] Logfile: /home/chenyiqi/wafer_scale_chip_dse_framework/logs/moc_2023-04-10-19-28-51-440741.log
[2023-04-10 19:28:51,444][moc][WARNING][util_funcs.py:111] Provide "objs" in result is deprecated and will be removed in future versions! Please use "objectives" instead.
[2023-04-10 19:28:51,445][moc][INFO][generic_smbo.py:352] Iter 1, objectives: [-0.3228747200228802].
[2023-04-10 19:28:51,446][moc][WARNING][util_funcs.py:111] Provide "objs" in result is deprecated and will be removed in future versions! Please use "objectives" instead.
[2023-04-10 19:28:51,446][moc][INFO][generic_smbo.py:352] Iter 2, objectives: [-0.6497557513031562].
[2023-04-10 19:28:51,448][moc][WARNING][util_funcs.py:111] Provide "objs" in result is deprecated and will be removed in future versions! Please use "objectives" instead.
[2023-04-10 19:28:51,448][moc][INFO][generic_smbo.py:352] Iter 3, objectives: [-1.5253955167527475].
[2023-04-10 19:28:51,450][moc][WARNING][util_funcs.py:111] Provide "objs" in result is deprecated and will be removed in future versions! Please use "objectives" instead.
[2023-04-10 19:28:51,450][moc][INFO][generic_smbo.py:352] Iter 4, objectives: [-0.3000605321473389].
[2023-04-10 19:28:51,451][moc][WARNING][util_funcs.py:111] Provide "objs" in result is deprecated and will be removed in future versions! Please use "objectives" instead.
[2023-04-10 19:28:51,452][moc][INFO][generic_smbo.py:352] Iter 5, objectives: [-0.7266404285527601].
[2023-04-10 19:28:51,453][moc][WARNING][util_funcs.py:111] Provide "objs" in result is deprecated and will be removed in future versions! Please use "objectives" instead.
[2023-04-10 19:28:51,453][moc][INFO][generic_smbo.py:352] Iter 6, objectives: [-107.31573973340366].
[2023-04-10 19:28:51,455][moc][WARNING][util_funcs.py:111] Provide "objs" in result is deprecated and will be removed in future versions! Please use "objectives" instead.
[2023-04-10 19:28:51,455][moc][INFO][generic_smbo.py:352] Iter 7, objectives: [-0.8918482840781936].
[2023-04-10 19:28:51,457][moc][WARNING][util_funcs.py:111] Provide "objs" in result is deprecated and will be removed in future versions! Please use "objectives" instead.
[2023-04-10 19:28:51,457][moc][INFO][generic_smbo.py:352] Iter 8, objectives: [-0.5074917111906603].
[2023-04-10 19:28:51,459][moc][WARNING][util_funcs.py:111] Provide "objs" in result is deprecated and will be removed in future versions! Please use "objectives" instead.
[2023-04-10 19:28:51,459][moc][INFO][generic_smbo.py:352] Iter 9, objectives: [-0.21119839842922136].
[2023-04-10 19:28:51,460][moc][WARNING][util_funcs.py:111] Provide "objs" in result is deprecated and will be removed in future versions! Please use "objectives" instead.
[2023-04-10 19:28:51,461][moc][INFO][generic_smbo.py:352] Iter 10, objectives: [-0.4394749155396716].
[2023-04-10 19:28:51,462][moc][WARNING][util_funcs.py:111] Provide "objs" in result is deprecated and will be removed in future versions! Please use "objectives" instead.
[2023-04-10 19:28:51,462][moc][INFO][generic_smbo.py:352] Iter 11, objectives: [-0.38588530584812464].
[2023-04-10 19:28:51,464][moc][WARNING][util_funcs.py:111] Provide "objs" in result is deprecated and will be removed in future versions! Please use "objectives" instead.
[2023-04-10 19:28:51,464][moc][INFO][generic_smbo.py:352] Iter 12, objectives: [-171.55617999509712].
[2023-04-10 19:28:51,465][moc][WARNING][util_funcs.py:111] Provide "objs" in result is deprecated and will be removed in future versions! Please use "objectives" instead.
[2023-04-10 19:28:51,466][moc][INFO][generic_smbo.py:352] Iter 13, objectives: [-1.5742070630867635].
[2023-04-10 19:28:51,467][moc][WARNING][util_funcs.py:111] Provide "objs" in result is deprecated and will be removed in future versions! Please use "objectives" instead.
[2023-04-10 19:28:51,467][moc][INFO][generic_smbo.py:352] Iter 14, objectives: [-0.3865165799904782].
[2023-04-10 19:28:51,469][moc][WARNING][util_funcs.py:111] Provide "objs" in result is deprecated and will be removed in future versions! Please use "objectives" instead.
[2023-04-10 19:28:51,469][moc][INFO][generic_smbo.py:352] Iter 15, objectives: [-0.5363764915332199].
[2023-04-10 19:28:51,471][moc][WARNING][util_funcs.py:111] Provide "objs" in result is deprecated and will be removed in future versions! Please use "objectives" instead.
[2023-04-10 19:28:51,471][moc][INFO][generic_smbo.py:352] Iter 16, objectives: [-0.6521551563806711].
[2023-04-10 19:28:51,473][moc][WARNING][util_funcs.py:111] Provide "objs" in result is deprecated and will be removed in future versions! Please use "objectives" instead.
[2023-04-10 19:28:51,473][moc][INFO][generic_smbo.py:352] Iter 17, objectives: [-0.6480858120863222].
[2023-04-10 19:28:51,474][moc][WARNING][util_funcs.py:111] Provide "objs" in result is deprecated and will be removed in future versions! Please use "objectives" instead.
[2023-04-10 19:28:51,475][moc][INFO][generic_smbo.py:352] Iter 18, objectives: [-0.8317846434870405].
[2023-04-10 19:28:51,476][moc][WARNING][util_funcs.py:111] Provide "objs" in result is deprecated and will be removed in future versions! Please use "objectives" instead.
[2023-04-10 19:28:51,476][moc][INFO][generic_smbo.py:352] Iter 19, objectives: [-0.6526074514096476].
[2023-04-10 19:28:51,478][moc][WARNING][util_funcs.py:111] Provide "objs" in result is deprecated and will be removed in future versions! Please use "objectives" instead.
[2023-04-10 19:28:51,478][moc][INFO][generic_smbo.py:352] Iter 20, objectives: [-135.8446642997962].
[2023-04-10 19:28:51,478][moc][WARNING][util_funcs.py:111] Provide "objs" in result is deprecated and will be removed in future versions! Please use "objectives" instead.
[2023-04-10 19:28:51,478][moc][WARNING][util_funcs.py:123] Unused information in result: {'config': [{'data_parallel_size': 1, 'micro_batch_size': 326, 'model_parallel_size': 1, 'num_reticle_per_pipeline_stage': 22, 'tensor_parallel_size': 1}]}
[2023-04-10 19:28:51,479][moc][INFO][generic_smbo.py:437] Iter 8, objectives: [-171.55617999509712].
[2023-04-10 19:28:55,530][moc][WARNING][util_funcs.py:231] Keyword argument "num_objs" is deprecated and will be removed in a future version. Please use "num_objectives" instead.
