[2023-04-09 19:22:17,038][moc][INFO][color_logger.py:203] Logfile: /home/chenyiqi/wafer_scale_chip_dse_framework/logs/moc_2023-04-09-19-22-17-037421.log
[2023-04-09 19:22:17,038][moc][INFO][color_logger.py:203] Logfile: /home/chenyiqi/wafer_scale_chip_dse_framework/logs/moc_2023-04-09-19-22-17-037421.log
[2023-04-09 19:22:17,040][moc][INFO][generic_advisor.py:157] [BO auto selection]  acq_type: ei.
[2023-04-09 19:22:17,618][moc][WARNING][util_funcs.py:111] Provide "objs" in result is deprecated and will be removed in future versions! Please use "objectives" instead.
[2023-04-09 19:22:17,620][moc][INFO][generic_smbo.py:332] Iter 1, objectives: [-0.006945590900560596].
[2023-04-09 19:22:17,966][moc][WARNING][util_funcs.py:111] Provide "objs" in result is deprecated and will be removed in future versions! Please use "objectives" instead.
[2023-04-09 19:22:17,967][moc][INFO][generic_smbo.py:332] Iter 2, objectives: [-0.017361793517282162].
[2023-04-09 19:22:18,227][moc][WARNING][util_funcs.py:111] Provide "objs" in result is deprecated and will be removed in future versions! Please use "objectives" instead.
[2023-04-09 19:22:18,228][moc][INFO][generic_smbo.py:332] Iter 3, objectives: [-0.011575319550396316].
[2023-04-09 19:22:18,693][moc][WARNING][util_funcs.py:111] Provide "objs" in result is deprecated and will be removed in future versions! Please use "objectives" instead.
[2023-04-09 19:22:18,695][moc][INFO][generic_smbo.py:332] Iter 4, objectives: [-0.011575339256449978].
[2023-04-09 19:22:18,827][moc][WARNING][util_funcs.py:111] Provide "objs" in result is deprecated and will be removed in future versions! Please use "objectives" instead.
[2023-04-09 19:22:18,828][moc][INFO][generic_smbo.py:332] Iter 1, objectives: [-0.004341130349512759].
[2023-04-09 19:22:18,999][moc][WARNING][util_funcs.py:111] Provide "objs" in result is deprecated and will be removed in future versions! Please use "objectives" instead.
[2023-04-09 19:22:19,000][moc][INFO][generic_smbo.py:332] Iter 5, objectives: [-0.011575332482486465].
[2023-04-09 19:22:19,189][moc][WARNING][util_funcs.py:111] Provide "objs" in result is deprecated and will be removed in future versions! Please use "objectives" instead.
[2023-04-09 19:22:19,190][moc][INFO][generic_smbo.py:332] Iter 6, objectives: [-0.011575308146460727].
[2023-04-09 19:22:19,306][moc][WARNING][util_funcs.py:111] Provide "objs" in result is deprecated and will be removed in future versions! Please use "objectives" instead.
[2023-04-09 19:22:19,307][moc][INFO][generic_smbo.py:332] Iter 2, objectives: [-0.005788071882782347].
[2023-04-09 19:22:19,593][moc][WARNING][util_funcs.py:111] Provide "objs" in result is deprecated and will be removed in future versions! Please use "objectives" instead.
[2023-04-09 19:22:19,594][moc][INFO][generic_smbo.py:332] Iter 3, objectives: [-0.011575327213853657].
[2023-04-09 19:22:19,844][moc][WARNING][util_funcs.py:111] Provide "objs" in result is deprecated and will be removed in future versions! Please use "objectives" instead.
[2023-04-09 19:22:19,845][moc][INFO][generic_smbo.py:332] Iter 4, objectives: [-0.011575312160643492].
[2023-04-09 19:22:20,266][moc][WARNING][util_funcs.py:111] Provide "objs" in result is deprecated and will be removed in future versions! Please use "objectives" instead.
[2023-04-09 19:22:20,267][moc][INFO][generic_smbo.py:332] Iter 5, objectives: [-0.008681798120226368].
[2023-04-09 19:22:20,303][moc][WARNING][util_funcs.py:111] Provide "objs" in result is deprecated and will be removed in future versions! Please use "objectives" instead.
[2023-04-09 19:22:20,304][moc][INFO][generic_smbo.py:332] Iter 7, objectives: [-0.006945591228188721].
[2023-04-09 19:22:20,682][moc][WARNING][util_funcs.py:111] Provide "objs" in result is deprecated and will be removed in future versions! Please use "objectives" instead.
[2023-04-09 19:22:20,684][moc][INFO][generic_smbo.py:332] Iter 8, objectives: [-0.008681801808526419].
[2023-04-09 19:22:20,974][moc][WARNING][util_funcs.py:111] Provide "objs" in result is deprecated and will be removed in future versions! Please use "objectives" instead.
[2023-04-09 19:22:20,975][moc][INFO][generic_smbo.py:332] Iter 6, objectives: [-0.008681806776445726].
[2023-04-09 19:22:20,976][moc][INFO][generic_advisor.py:365] Sample random config. rand_prob=0.100000.
[2023-04-09 19:22:21,345][moc][WARNING][util_funcs.py:111] Provide "objs" in result is deprecated and will be removed in future versions! Please use "objectives" instead.
[2023-04-09 19:22:21,347][moc][INFO][generic_smbo.py:332] Iter 9, objectives: [-0.0057880712199201954].
[2023-04-09 19:22:21,460][moc][WARNING][util_funcs.py:111] Provide "objs" in result is deprecated and will be removed in future versions! Please use "objectives" instead.
[2023-04-09 19:22:21,461][moc][INFO][generic_smbo.py:332] Iter 7, objectives: [-0.006945588020386053].
[2023-04-09 19:22:22,223][moc][WARNING][util_funcs.py:111] Provide "objs" in result is deprecated and will be removed in future versions! Please use "objectives" instead.
[2023-04-09 19:22:22,224][moc][INFO][generic_smbo.py:332] Iter 10, objectives: [-0.00868180702056967].
[2023-04-09 19:22:22,533][moc][WARNING][util_funcs.py:111] Provide "objs" in result is deprecated and will be removed in future versions! Please use "objectives" instead.
[2023-04-09 19:22:22,534][moc][INFO][generic_smbo.py:332] Iter 11, objectives: [-0.008681798359726278].
[2023-04-09 19:22:22,767][moc][WARNING][util_funcs.py:111] Provide "objs" in result is deprecated and will be removed in future versions! Please use "objectives" instead.
[2023-04-09 19:22:22,768][moc][INFO][generic_smbo.py:332] Iter 8, objectives: [-0.011575308146460727].
[2023-04-09 19:22:23,321][moc][WARNING][util_funcs.py:111] Provide "objs" in result is deprecated and will be removed in future versions! Please use "objectives" instead.
[2023-04-09 19:22:23,322][moc][INFO][generic_smbo.py:332] Iter 12, objectives: [-0.004961254098356646].
[2023-04-09 19:22:23,837][moc][WARNING][util_funcs.py:111] Provide "objs" in result is deprecated and will be removed in future versions! Please use "objectives" instead.
[2023-04-09 19:22:23,838][moc][INFO][generic_smbo.py:332] Iter 9, objectives: [-0.008681800754726084].
[2023-04-09 19:22:24,268][moc][WARNING][util_funcs.py:111] Provide "objs" in result is deprecated and will be removed in future versions! Please use "objectives" instead.
[2023-04-09 19:22:24,269][moc][INFO][generic_smbo.py:332] Iter 13, objectives: [-0.00496125387607221].
[2023-04-09 19:22:25,000][moc][WARNING][util_funcs.py:111] Provide "objs" in result is deprecated and will be removed in future versions! Please use "objectives" instead.
[2023-04-09 19:22:25,005][moc][INFO][generic_smbo.py:332] Iter 14, objectives: [-0.011575340915381028].
[2023-04-09 19:22:25,480][moc][WARNING][util_funcs.py:111] Provide "objs" in result is deprecated and will be removed in future versions! Please use "objectives" instead.
[2023-04-09 19:22:25,481][moc][INFO][generic_smbo.py:332] Iter 10, objectives: [-0.008681801413351264].
[2023-04-09 19:22:26,602][moc][WARNING][util_funcs.py:111] Provide "objs" in result is deprecated and will be removed in future versions! Please use "objectives" instead.
[2023-04-09 19:22:26,603][moc][INFO][generic_smbo.py:332] Iter 11, objectives: [-0.011575308146460727].
[2023-04-09 19:22:27,353][moc][WARNING][util_funcs.py:111] Provide "objs" in result is deprecated and will be removed in future versions! Please use "objectives" instead.
[2023-04-09 19:22:27,354][moc][INFO][generic_smbo.py:332] Iter 15, objectives: [-0.008681808701423438].
[2023-04-09 19:22:27,684][moc][WARNING][util_funcs.py:111] Provide "objs" in result is deprecated and will be removed in future versions! Please use "objectives" instead.
[2023-04-09 19:22:27,686][moc][INFO][generic_smbo.py:332] Iter 16, objectives: [-0.011575313164189619].
[2023-04-09 19:22:27,818][moc][WARNING][util_funcs.py:111] Provide "objs" in result is deprecated and will be removed in future versions! Please use "objectives" instead.
[2023-04-09 19:22:27,819][moc][INFO][generic_smbo.py:332] Iter 12, objectives: [-0.011575308146460727].
[2023-04-09 19:22:28,458][moc][WARNING][util_funcs.py:111] Provide "objs" in result is deprecated and will be removed in future versions! Please use "objectives" instead.
[2023-04-09 19:22:28,459][moc][INFO][generic_smbo.py:332] Iter 17, objectives: [-0.00868180451829988].
[2023-04-09 19:22:29,209][moc][WARNING][util_funcs.py:111] Provide "objs" in result is deprecated and will be removed in future versions! Please use "objectives" instead.
[2023-04-09 19:22:29,211][moc][INFO][generic_smbo.py:332] Iter 13, objectives: [-0.011575325708530879].
[2023-04-09 19:22:31,391][moc][WARNING][util_funcs.py:111] Provide "objs" in result is deprecated and will be removed in future versions! Please use "objectives" instead.
[2023-04-09 19:22:31,391][moc][INFO][generic_smbo.py:332] Iter 14, objectives: [-0.011575325708530879].
[2023-04-09 19:22:32,146][moc][WARNING][util_funcs.py:111] Provide "objs" in result is deprecated and will be removed in future versions! Please use "objectives" instead.
[2023-04-09 19:22:32,147][moc][INFO][generic_smbo.py:332] Iter 18, objectives: [-0.0038588048579257157].
[2023-04-09 19:22:32,636][moc][WARNING][util_funcs.py:111] Provide "objs" in result is deprecated and will be removed in future versions! Please use "objectives" instead.
[2023-04-09 19:22:32,638][moc][INFO][generic_smbo.py:332] Iter 15, objectives: [-0.011575308146460727].
[2023-04-09 19:22:32,920][moc][WARNING][util_funcs.py:111] Provide "objs" in result is deprecated and will be removed in future versions! Please use "objectives" instead.
[2023-04-09 19:22:32,921][moc][INFO][generic_smbo.py:332] Iter 19, objectives: [-0.005788071882782347].
[2023-04-09 19:22:35,007][moc][WARNING][util_funcs.py:111] Provide "objs" in result is deprecated and will be removed in future versions! Please use "objectives" instead.
[2023-04-09 19:22:35,008][moc][INFO][generic_smbo.py:332] Iter 16, objectives: [-0.011575323971620467].
[2023-04-09 19:22:35,024][moc][WARNING][util_funcs.py:111] Provide "objs" in result is deprecated and will be removed in future versions! Please use "objectives" instead.
[2023-04-09 19:22:35,025][moc][INFO][generic_smbo.py:332] Iter 20, objectives: [-0.0038588046852140786].
[2023-04-09 19:22:36,284][moc][WARNING][util_funcs.py:111] Provide "objs" in result is deprecated and will be removed in future versions! Please use "objectives" instead.
[2023-04-09 19:22:36,285][moc][INFO][generic_smbo.py:332] Iter 17, objectives: [-0.011575323971620467].
[2023-04-09 19:22:38,287][moc][WARNING][util_funcs.py:111] Provide "objs" in result is deprecated and will be removed in future versions! Please use "objectives" instead.
[2023-04-09 19:22:38,288][moc][INFO][generic_smbo.py:332] Iter 18, objectives: [-0.011575308146460727].
[2023-04-09 19:22:40,088][moc][WARNING][util_funcs.py:111] Provide "objs" in result is deprecated and will be removed in future versions! Please use "objectives" instead.
[2023-04-09 19:22:40,089][moc][INFO][generic_smbo.py:332] Iter 19, objectives: [-0.011575323971620467].
[2023-04-09 19:22:41,755][moc][WARNING][util_funcs.py:111] Provide "objs" in result is deprecated and will be removed in future versions! Please use "objectives" instead.
[2023-04-09 19:22:41,756][moc][INFO][generic_smbo.py:332] Iter 20, objectives: [-0.011575321945225646].
