[2023-04-09 19:22:17,064][moc][INFO][color_logger.py:203] Logfile: /home/chenyiqi/wafer_scale_chip_dse_framework/logs/moc_2023-04-09-19-22-17-064225.log
[2023-04-09 19:22:17,067][moc][INFO][generic_advisor.py:157] [BO auto selection]  acq_type: ei.
[2023-04-09 19:22:17,366][moc][WARNING][util_funcs.py:111] Provide "objs" in result is deprecated and will be removed in future versions! Please use "objectives" instead.
[2023-04-09 19:22:17,367][moc][INFO][generic_smbo.py:332] Iter 1, objectives: [-0.006945588863462108].
[2023-04-09 19:22:17,896][moc][WARNING][util_funcs.py:111] Provide "objs" in result is deprecated and will be removed in future versions! Please use "objectives" instead.
[2023-04-09 19:22:17,897][moc][INFO][generic_smbo.py:332] Iter 2, objectives: [-0.011575340761776281].
[2023-04-09 19:22:18,975][moc][WARNING][util_funcs.py:111] Provide "objs" in result is deprecated and will be removed in future versions! Please use "objectives" instead.
[2023-04-09 19:22:18,976][moc][INFO][generic_smbo.py:332] Iter 3, objectives: [-0.004341130089104357].
[2023-04-09 19:22:19,734][moc][WARNING][util_funcs.py:111] Provide "objs" in result is deprecated and will be removed in future versions! Please use "objectives" instead.
[2023-04-09 19:22:19,734][moc][INFO][generic_smbo.py:332] Iter 4, objectives: [-0.008681806981731769].
[2023-04-09 19:22:20,361][moc][WARNING][util_funcs.py:111] Provide "objs" in result is deprecated and will be removed in future versions! Please use "objectives" instead.
[2023-04-09 19:22:20,362][moc][INFO][generic_smbo.py:332] Iter 5, objectives: [-0.008681806023730315].
[2023-04-09 19:22:20,605][moc][WARNING][util_funcs.py:111] Provide "objs" in result is deprecated and will be removed in future versions! Please use "objectives" instead.
[2023-04-09 19:22:20,606][moc][INFO][generic_smbo.py:332] Iter 6, objectives: [-0.01157531667660243].
[2023-04-09 19:22:20,606][moc][INFO][generic_advisor.py:365] Sample random config. rand_prob=0.100000.
[2023-04-09 19:22:20,949][moc][WARNING][util_funcs.py:111] Provide "objs" in result is deprecated and will be removed in future versions! Please use "objectives" instead.
[2023-04-09 19:22:20,950][moc][INFO][generic_smbo.py:332] Iter 7, objectives: [-0.01736178274203105].
[2023-04-09 19:22:22,330][moc][WARNING][util_funcs.py:111] Provide "objs" in result is deprecated and will be removed in future versions! Please use "objectives" instead.
[2023-04-09 19:22:22,331][moc][INFO][generic_smbo.py:332] Iter 8, objectives: [-0.01736178102423863].
[2023-04-09 19:22:23,424][moc][WARNING][util_funcs.py:111] Provide "objs" in result is deprecated and will be removed in future versions! Please use "objectives" instead.
[2023-04-09 19:22:23,426][moc][INFO][generic_smbo.py:332] Iter 9, objectives: [-0.01736178432240038].
[2023-04-09 19:22:25,602][moc][WARNING][util_funcs.py:111] Provide "objs" in result is deprecated and will be removed in future versions! Please use "objectives" instead.
[2023-04-09 19:22:25,603][moc][INFO][generic_smbo.py:332] Iter 10, objectives: [-0.017361785781203086].
[2023-04-09 19:22:27,353][moc][WARNING][util_funcs.py:111] Provide "objs" in result is deprecated and will be removed in future versions! Please use "objectives" instead.
[2023-04-09 19:22:27,354][moc][INFO][generic_smbo.py:332] Iter 11, objectives: [-0.017361785781203086].
[2023-04-09 19:22:28,917][moc][WARNING][util_funcs.py:111] Provide "objs" in result is deprecated and will be removed in future versions! Please use "objectives" instead.
[2023-04-09 19:22:28,918][moc][INFO][generic_smbo.py:332] Iter 12, objectives: [-0.017361787131946558].
[2023-04-09 19:22:30,492][moc][WARNING][util_funcs.py:111] Provide "objs" in result is deprecated and will be removed in future versions! Please use "objectives" instead.
[2023-04-09 19:22:30,493][moc][INFO][generic_smbo.py:332] Iter 13, objectives: [-0.01736177709785723].
[2023-04-09 19:22:32,126][moc][WARNING][util_funcs.py:111] Provide "objs" in result is deprecated and will be removed in future versions! Please use "objectives" instead.
[2023-04-09 19:22:32,127][moc][INFO][generic_smbo.py:332] Iter 14, objectives: [-0.011575333837278531].
[2023-04-09 19:22:33,590][moc][WARNING][util_funcs.py:111] Provide "objs" in result is deprecated and will be removed in future versions! Please use "objectives" instead.
[2023-04-09 19:22:33,591][moc][INFO][generic_smbo.py:332] Iter 15, objectives: [-0.011575334393090756].
[2023-04-09 19:22:35,368][moc][WARNING][util_funcs.py:111] Provide "objs" in result is deprecated and will be removed in future versions! Please use "objectives" instead.
[2023-04-09 19:22:35,369][moc][INFO][generic_smbo.py:332] Iter 16, objectives: [-0.017361766473540003].
[2023-04-09 19:22:36,644][moc][WARNING][util_funcs.py:111] Provide "objs" in result is deprecated and will be removed in future versions! Please use "objectives" instead.
[2023-04-09 19:22:36,645][moc][INFO][generic_smbo.py:332] Iter 17, objectives: [-0.017361769572297854].
[2023-04-09 19:22:38,327][moc][WARNING][util_funcs.py:111] Provide "objs" in result is deprecated and will be removed in future versions! Please use "objectives" instead.
[2023-04-09 19:22:38,328][moc][INFO][generic_smbo.py:332] Iter 18, objectives: [-0.017361774840188735].
[2023-04-09 19:22:40,095][moc][WARNING][util_funcs.py:111] Provide "objs" in result is deprecated and will be removed in future versions! Please use "objectives" instead.
[2023-04-09 19:22:40,096][moc][INFO][generic_smbo.py:332] Iter 19, objectives: [-0.01736175452119866].
[2023-04-09 19:22:41,757][moc][WARNING][util_funcs.py:111] Provide "objs" in result is deprecated and will be removed in future versions! Please use "objectives" instead.
[2023-04-09 19:22:41,758][moc][INFO][generic_smbo.py:332] Iter 20, objectives: [-0.017361769572297854].
