[2023-04-09 19:25:42,017][moc][INFO][color_logger.py:203] Logfile: /home/chenyiqi/wafer_scale_chip_dse_framework/logs/moc_2023-04-09-19-25-42-015587.log
[2023-04-09 19:25:42,021][moc][INFO][generic_advisor.py:157] [BO auto selection]  acq_type: ei.
[2023-04-09 19:25:42,464][moc][WARNING][util_funcs.py:111] Provide "objs" in result is deprecated and will be removed in future versions! Please use "objectives" instead.
[2023-04-09 19:25:42,465][moc][INFO][generic_smbo.py:332] Iter 1, objectives: [-0.01736179261934406].
[2023-04-09 19:25:42,924][moc][WARNING][util_funcs.py:111] Provide "objs" in result is deprecated and will be removed in future versions! Please use "objectives" instead.
[2023-04-09 19:25:42,925][moc][INFO][generic_smbo.py:332] Iter 2, objectives: [-0.011575339256449978].
[2023-04-09 19:25:43,122][moc][WARNING][util_funcs.py:111] Provide "objs" in result is deprecated and will be removed in future versions! Please use "objectives" instead.
[2023-04-09 19:25:43,123][moc][INFO][generic_smbo.py:332] Iter 3, objectives: [-0.011575312160643492].
[2023-04-09 19:25:43,381][moc][WARNING][util_funcs.py:111] Provide "objs" in result is deprecated and will be removed in future versions! Please use "objectives" instead.
[2023-04-09 19:25:43,381][moc][INFO][generic_smbo.py:332] Iter 4, objectives: [-0.011575329693209674].
[2023-04-09 19:25:43,656][moc][WARNING][util_funcs.py:111] Provide "objs" in result is deprecated and will be removed in future versions! Please use "objectives" instead.
[2023-04-09 19:25:43,657][moc][INFO][generic_smbo.py:332] Iter 5, objectives: [-0.011575329693209674].
[2023-04-09 19:25:43,994][moc][WARNING][util_funcs.py:111] Provide "objs" in result is deprecated and will be removed in future versions! Please use "objectives" instead.
[2023-04-09 19:25:43,995][moc][INFO][generic_smbo.py:332] Iter 6, objectives: [-0.008681800349418331].
[2023-04-09 19:25:45,296][moc][WARNING][util_funcs.py:111] Provide "objs" in result is deprecated and will be removed in future versions! Please use "objectives" instead.
[2023-04-09 19:25:45,297][moc][INFO][generic_smbo.py:332] Iter 7, objectives: [-0.01736179166347457].
[2023-04-09 19:25:46,495][moc][WARNING][util_funcs.py:111] Provide "objs" in result is deprecated and will be removed in future versions! Please use "objectives" instead.
[2023-04-09 19:25:46,496][moc][INFO][generic_smbo.py:332] Iter 8, objectives: [-0.017361793517282162].
[2023-04-09 19:25:48,115][moc][WARNING][util_funcs.py:111] Provide "objs" in result is deprecated and will be removed in future versions! Please use "objectives" instead.
[2023-04-09 19:25:48,117][moc][INFO][generic_smbo.py:332] Iter 9, objectives: [-0.017361788386208537].
[2023-04-09 19:25:49,600][moc][WARNING][util_funcs.py:111] Provide "objs" in result is deprecated and will be removed in future versions! Please use "objectives" instead.
[2023-04-09 19:25:49,601][moc][INFO][generic_smbo.py:332] Iter 10, objectives: [-0.017361797298075198].
[2023-04-09 19:25:51,405][moc][WARNING][util_funcs.py:111] Provide "objs" in result is deprecated and will be removed in future versions! Please use "objectives" instead.
[2023-04-09 19:25:51,405][moc][INFO][generic_smbo.py:332] Iter 11, objectives: [-0.017361797937901876].
[2023-04-09 19:25:52,796][moc][WARNING][util_funcs.py:111] Provide "objs" in result is deprecated and will be removed in future versions! Please use "objectives" instead.
[2023-04-09 19:25:52,797][moc][INFO][generic_smbo.py:332] Iter 12, objectives: [-0.01736179912392218].
[2023-04-09 19:25:52,798][moc][INFO][generic_advisor.py:365] Sample random config. rand_prob=0.100000.
[2023-04-09 19:25:53,310][moc][WARNING][util_funcs.py:111] Provide "objs" in result is deprecated and will be removed in future versions! Please use "objectives" instead.
[2023-04-09 19:25:53,311][moc][INFO][generic_smbo.py:332] Iter 13, objectives: [-0.017361769572297854].
[2023-04-09 19:25:54,540][moc][WARNING][util_funcs.py:111] Provide "objs" in result is deprecated and will be removed in future versions! Please use "objectives" instead.
[2023-04-09 19:25:54,541][moc][INFO][generic_smbo.py:332] Iter 14, objectives: [-0.017361769572297854].
[2023-04-09 19:25:55,916][moc][WARNING][util_funcs.py:111] Provide "objs" in result is deprecated and will be removed in future versions! Please use "objectives" instead.
[2023-04-09 19:25:55,917][moc][INFO][generic_smbo.py:332] Iter 15, objectives: [-0.017361772344871605].
[2023-04-09 19:25:57,467][moc][WARNING][util_funcs.py:111] Provide "objs" in result is deprecated and will be removed in future versions! Please use "objectives" instead.
[2023-04-09 19:25:57,468][moc][INFO][generic_smbo.py:332] Iter 16, objectives: [-0.017361793517282162].
[2023-04-09 19:25:58,749][moc][WARNING][util_funcs.py:111] Provide "objs" in result is deprecated and will be removed in future versions! Please use "objectives" instead.
[2023-04-09 19:25:58,751][moc][INFO][generic_smbo.py:332] Iter 17, objectives: [-0.011575330726274995].
[2023-04-09 19:26:00,860][moc][WARNING][util_funcs.py:111] Provide "objs" in result is deprecated and will be removed in future versions! Please use "objectives" instead.
[2023-04-09 19:26:00,861][moc][INFO][generic_smbo.py:332] Iter 18, objectives: [-0.01736179591178423].
[2023-04-09 19:26:02,602][moc][WARNING][util_funcs.py:111] Provide "objs" in result is deprecated and will be removed in future versions! Please use "objectives" instead.
[2023-04-09 19:26:02,603][moc][INFO][generic_smbo.py:332] Iter 19, objectives: [-0.017361797298075198].
[2023-04-09 19:26:04,373][moc][WARNING][util_funcs.py:111] Provide "objs" in result is deprecated and will be removed in future versions! Please use "objectives" instead.
[2023-04-09 19:26:04,374][moc][INFO][generic_smbo.py:332] Iter 20, objectives: [-0.01736179967457452].
[2023-04-09 19:26:06,314][moc][WARNING][util_funcs.py:111] Provide "objs" in result is deprecated and will be removed in future versions! Please use "objectives" instead.
[2023-04-09 19:26:06,316][moc][INFO][generic_smbo.py:332] Iter 21, objectives: [-0.017361797937901876].
[2023-04-09 19:26:08,498][moc][WARNING][util_funcs.py:111] Provide "objs" in result is deprecated and will be removed in future versions! Please use "objectives" instead.
[2023-04-09 19:26:08,499][moc][INFO][generic_smbo.py:332] Iter 22, objectives: [-0.017361800700790336].
[2023-04-09 19:26:10,464][moc][WARNING][util_funcs.py:111] Provide "objs" in result is deprecated and will be removed in future versions! Please use "objectives" instead.
[2023-04-09 19:26:10,465][moc][INFO][generic_smbo.py:332] Iter 23, objectives: [-0.017361801179691095].
[2023-04-09 19:26:12,861][moc][WARNING][util_funcs.py:111] Provide "objs" in result is deprecated and will be removed in future versions! Please use "objectives" instead.
[2023-04-09 19:26:12,862][moc][INFO][generic_smbo.py:332] Iter 24, objectives: [-0.017361801637770104].
[2023-04-09 19:26:14,635][moc][WARNING][util_funcs.py:111] Provide "objs" in result is deprecated and will be removed in future versions! Please use "objectives" instead.
[2023-04-09 19:26:14,636][moc][INFO][generic_smbo.py:332] Iter 25, objectives: [-0.01736178955396985].
[2023-04-09 19:26:16,558][moc][WARNING][util_funcs.py:111] Provide "objs" in result is deprecated and will be removed in future versions! Please use "objectives" instead.
[2023-04-09 19:26:16,560][moc][INFO][generic_smbo.py:332] Iter 26, objectives: [-0.01736180207635641].
[2023-04-09 19:26:18,552][moc][WARNING][util_funcs.py:111] Provide "objs" in result is deprecated and will be removed in future versions! Please use "objectives" instead.
[2023-04-09 19:26:18,553][moc][INFO][generic_smbo.py:332] Iter 27, objectives: [-0.01736180207635641].
[2023-04-09 19:26:20,802][moc][WARNING][util_funcs.py:111] Provide "objs" in result is deprecated and will be removed in future versions! Please use "objectives" instead.
[2023-04-09 19:26:20,803][moc][INFO][generic_smbo.py:332] Iter 28, objectives: [-0.01736180289982464].
[2023-04-09 19:26:23,202][moc][WARNING][util_funcs.py:111] Provide "objs" in result is deprecated and will be removed in future versions! Please use "objectives" instead.
[2023-04-09 19:26:23,203][moc][INFO][generic_smbo.py:332] Iter 29, objectives: [-0.01736180289982464].
[2023-04-09 19:26:23,206][moc][INFO][generic_advisor.py:365] Sample random config. rand_prob=0.100000.
[2023-04-09 19:26:24,447][moc][WARNING][util_funcs.py:111] Provide "objs" in result is deprecated and will be removed in future versions! Please use "objectives" instead.
[2023-04-09 19:26:24,448][moc][INFO][generic_smbo.py:332] Iter 30, objectives: [-0.006945590910933379].
[2023-04-09 19:26:26,469][moc][WARNING][util_funcs.py:111] Provide "objs" in result is deprecated and will be removed in future versions! Please use "objectives" instead.
[2023-04-09 19:26:26,470][moc][INFO][generic_smbo.py:332] Iter 31, objectives: [-0.01736177915028365].
[2023-04-09 19:26:28,991][moc][WARNING][util_funcs.py:111] Provide "objs" in result is deprecated and will be removed in future versions! Please use "objectives" instead.
[2023-04-09 19:26:28,993][moc][INFO][generic_smbo.py:332] Iter 32, objectives: [-0.01736177915028365].
[2023-04-09 19:26:32,649][moc][WARNING][util_funcs.py:111] Provide "objs" in result is deprecated and will be removed in future versions! Please use "objectives" instead.
[2023-04-09 19:26:32,651][moc][INFO][generic_smbo.py:332] Iter 33, objectives: [-0.01736178102423863].
[2023-04-09 19:26:36,406][moc][WARNING][util_funcs.py:111] Provide "objs" in result is deprecated and will be removed in future versions! Please use "objectives" instead.
[2023-04-09 19:26:36,408][moc][INFO][generic_smbo.py:332] Iter 34, objectives: [-0.017361790643880562].
[2023-04-09 19:26:40,453][moc][WARNING][util_funcs.py:111] Provide "objs" in result is deprecated and will be removed in future versions! Please use "objectives" instead.
[2023-04-09 19:26:40,454][moc][INFO][generic_smbo.py:332] Iter 35, objectives: [-0.0173618036587072].
[2023-04-09 19:26:43,665][moc][WARNING][util_funcs.py:111] Provide "objs" in result is deprecated and will be removed in future versions! Please use "objectives" instead.
[2023-04-09 19:26:43,666][moc][INFO][generic_smbo.py:332] Iter 36, objectives: [-0.01736179166347457].
[2023-04-09 19:26:47,287][moc][WARNING][util_funcs.py:111] Provide "objs" in result is deprecated and will be removed in future versions! Please use "objectives" instead.
[2023-04-09 19:26:47,288][moc][INFO][generic_smbo.py:332] Iter 37, objectives: [-0.017361785781203086].
[2023-04-09 19:26:52,518][moc][WARNING][util_funcs.py:111] Provide "objs" in result is deprecated and will be removed in future versions! Please use "objectives" instead.
[2023-04-09 19:26:52,519][moc][INFO][generic_smbo.py:332] Iter 38, objectives: [-0.017361774840188735].
[2023-04-09 19:26:56,603][moc][WARNING][util_funcs.py:111] Provide "objs" in result is deprecated and will be removed in future versions! Please use "objectives" instead.
[2023-04-09 19:26:56,604][moc][INFO][generic_smbo.py:332] Iter 39, objectives: [-0.01736178102423863].
[2023-04-09 19:27:01,406][moc][WARNING][util_funcs.py:111] Provide "objs" in result is deprecated and will be removed in future versions! Please use "objectives" instead.
[2023-04-09 19:27:01,407][moc][INFO][generic_smbo.py:332] Iter 40, objectives: [-0.017361769572297854].
[2023-04-09 19:27:04,641][moc][WARNING][util_funcs.py:111] Provide "objs" in result is deprecated and will be removed in future versions! Please use "objectives" instead.
[2023-04-09 19:27:04,642][moc][INFO][generic_smbo.py:332] Iter 41, objectives: [-0.017361772344871605].
[2023-04-09 19:27:08,768][moc][WARNING][util_funcs.py:111] Provide "objs" in result is deprecated and will be removed in future versions! Please use "objectives" instead.
[2023-04-09 19:27:08,770][moc][INFO][generic_smbo.py:332] Iter 42, objectives: [-0.01736178274203105].
[2023-04-09 19:27:12,263][moc][WARNING][util_funcs.py:111] Provide "objs" in result is deprecated and will be removed in future versions! Please use "objectives" instead.
[2023-04-09 19:27:12,265][moc][INFO][generic_smbo.py:332] Iter 43, objectives: [-0.01736178102423863].
[2023-04-09 19:27:16,180][moc][WARNING][util_funcs.py:111] Provide "objs" in result is deprecated and will be removed in future versions! Please use "objectives" instead.
[2023-04-09 19:27:16,182][moc][INFO][generic_smbo.py:332] Iter 44, objectives: [-0.017361769572297854].
[2023-04-09 19:27:20,651][moc][WARNING][util_funcs.py:111] Provide "objs" in result is deprecated and will be removed in future versions! Please use "objectives" instead.
[2023-04-09 19:27:20,652][moc][INFO][generic_smbo.py:332] Iter 45, objectives: [-0.017361787131946558].
[2023-04-09 19:27:26,027][moc][WARNING][util_funcs.py:111] Provide "objs" in result is deprecated and will be removed in future versions! Please use "objectives" instead.
[2023-04-09 19:27:26,029][moc][INFO][generic_smbo.py:332] Iter 46, objectives: [-0.01736179166347457].
[2023-04-09 19:27:30,797][moc][WARNING][util_funcs.py:111] Provide "objs" in result is deprecated and will be removed in future versions! Please use "objectives" instead.
[2023-04-09 19:27:30,799][moc][INFO][generic_smbo.py:332] Iter 47, objectives: [-0.017361788386208537].
[2023-04-09 19:27:36,425][moc][WARNING][util_funcs.py:111] Provide "objs" in result is deprecated and will be removed in future versions! Please use "objectives" instead.
[2023-04-09 19:27:36,426][moc][INFO][generic_smbo.py:332] Iter 48, objectives: [-0.01736178955396985].
[2023-04-09 19:27:39,484][moc][WARNING][util_funcs.py:111] Provide "objs" in result is deprecated and will be removed in future versions! Please use "objectives" instead.
[2023-04-09 19:27:39,485][moc][INFO][generic_smbo.py:332] Iter 49, objectives: [-0.017361790643880562].
[2023-04-09 19:27:42,924][moc][WARNING][util_funcs.py:111] Provide "objs" in result is deprecated and will be removed in future versions! Please use "objectives" instead.
[2023-04-09 19:27:42,925][moc][INFO][generic_smbo.py:332] Iter 50, objectives: [-0.01736179261934406].
