[2023-04-09 19:02:11,206][moc][INFO][color_logger.py:203] Logfile: /home/chenyiqi/wafer_scale_chip_dse_framework/logs/moc_2023-04-09-19-02-11-203118.log
[2023-04-09 19:02:11,216][moc][INFO][generic_advisor.py:157] [BO auto selection]  acq_type: ei.
[2023-04-09 19:02:12,131][moc][WARNING][util_funcs.py:111] Provide "objs" in result is deprecated and will be removed in future versions! Please use "objectives" instead.
[2023-04-09 19:02:12,132][moc][INFO][generic_smbo.py:332] Iter 1, objectives: [-0.00496125462628226].
[2023-04-09 19:02:12,324][moc][WARNING][util_funcs.py:111] Provide "objs" in result is deprecated and will be removed in future versions! Please use "objectives" instead.
[2023-04-09 19:02:12,325][moc][INFO][generic_smbo.py:332] Iter 2, objectives: [-0.011575315444976917].
[2023-04-09 19:02:12,659][moc][WARNING][util_funcs.py:111] Provide "objs" in result is deprecated and will be removed in future versions! Please use "objectives" instead.
[2023-04-09 19:02:12,659][moc][INFO][generic_smbo.py:332] Iter 3, objectives: [-0.008681803805201439].
[2023-04-09 19:02:13,492][moc][WARNING][util_funcs.py:111] Provide "objs" in result is deprecated and will be removed in future versions! Please use "objectives" instead.
[2023-04-09 19:02:13,493][moc][INFO][generic_smbo.py:332] Iter 4, objectives: [-0.0043411300257005766].
[2023-04-09 19:02:13,754][moc][WARNING][util_funcs.py:111] Provide "objs" in result is deprecated and will be removed in future versions! Please use "objectives" instead.
[2023-04-09 19:02:13,755][moc][INFO][generic_smbo.py:332] Iter 5, objectives: [-0.008681795485728252].
[2023-04-09 19:02:14,652][moc][WARNING][util_funcs.py:111] Provide "objs" in result is deprecated and will be removed in future versions! Please use "objectives" instead.
[2023-04-09 19:02:14,653][moc][INFO][generic_smbo.py:332] Iter 6, objectives: [-0.005788072785992881].
[2023-04-09 19:02:14,654][moc][INFO][generic_advisor.py:365] Sample random config. rand_prob=0.100000.
[2023-04-09 19:02:15,137][moc][WARNING][util_funcs.py:111] Provide "objs" in result is deprecated and will be removed in future versions! Please use "objectives" instead.
[2023-04-09 19:02:15,138][moc][INFO][generic_smbo.py:332] Iter 7, objectives: [-0.011575335116804667].
[2023-04-09 19:02:16,674][moc][WARNING][util_funcs.py:111] Provide "objs" in result is deprecated and will be removed in future versions! Please use "objectives" instead.
[2023-04-09 19:02:16,675][moc][INFO][generic_smbo.py:332] Iter 8, objectives: [-0.011575315444976917].
[2023-04-09 19:02:17,702][moc][WARNING][util_funcs.py:111] Provide "objs" in result is deprecated and will be removed in future versions! Please use "objectives" instead.
[2023-04-09 19:02:17,703][moc][INFO][generic_smbo.py:332] Iter 9, objectives: [-0.011575315444976917].
[2023-04-09 19:02:19,092][moc][WARNING][util_funcs.py:111] Provide "objs" in result is deprecated and will be removed in future versions! Please use "objectives" instead.
[2023-04-09 19:02:19,093][moc][INFO][generic_smbo.py:332] Iter 10, objectives: [-0.011575315444976917].
[2023-04-09 19:02:20,081][moc][WARNING][util_funcs.py:111] Provide "objs" in result is deprecated and will be removed in future versions! Please use "objectives" instead.
[2023-04-09 19:02:20,082][moc][INFO][generic_smbo.py:332] Iter 11, objectives: [-0.011575315444976917].
[2023-04-09 19:02:21,920][moc][WARNING][util_funcs.py:111] Provide "objs" in result is deprecated and will be removed in future versions! Please use "objectives" instead.
[2023-04-09 19:02:21,921][moc][INFO][generic_smbo.py:332] Iter 12, objectives: [-0.011575335116804667].
[2023-04-09 19:02:23,103][moc][WARNING][util_funcs.py:111] Provide "objs" in result is deprecated and will be removed in future versions! Please use "objectives" instead.
[2023-04-09 19:02:23,103][moc][INFO][generic_smbo.py:332] Iter 13, objectives: [-0.017361736049430775].
[2023-04-09 19:02:24,637][moc][WARNING][util_funcs.py:111] Provide "objs" in result is deprecated and will be removed in future versions! Please use "objectives" instead.
[2023-04-09 19:02:24,637][moc][INFO][generic_smbo.py:332] Iter 14, objectives: [-0.017361743232891393].
[2023-04-09 19:02:25,814][moc][WARNING][util_funcs.py:111] Provide "objs" in result is deprecated and will be removed in future versions! Please use "objectives" instead.
[2023-04-09 19:02:25,815][moc][INFO][generic_smbo.py:332] Iter 15, objectives: [-0.01736172742928588].
[2023-04-09 19:02:28,277][moc][WARNING][util_funcs.py:111] Provide "objs" in result is deprecated and will be removed in future versions! Please use "objectives" instead.
[2023-04-09 19:02:28,278][moc][INFO][generic_smbo.py:332] Iter 16, objectives: [-0.01736172742928588].
[2023-04-09 19:02:29,707][moc][WARNING][util_funcs.py:111] Provide "objs" in result is deprecated and will be removed in future versions! Please use "objectives" instead.
[2023-04-09 19:02:29,708][moc][INFO][generic_smbo.py:332] Iter 17, objectives: [-0.01736172742928588].
[2023-04-09 19:02:31,099][moc][WARNING][util_funcs.py:111] Provide "objs" in result is deprecated and will be removed in future versions! Please use "objectives" instead.
[2023-04-09 19:02:31,100][moc][INFO][generic_smbo.py:332] Iter 18, objectives: [-0.017361716893564853].
[2023-04-09 19:02:32,297][moc][WARNING][util_funcs.py:111] Provide "objs" in result is deprecated and will be removed in future versions! Please use "objectives" instead.
[2023-04-09 19:02:32,298][moc][INFO][generic_smbo.py:332] Iter 19, objectives: [-0.017361716893564853].
[2023-04-09 19:02:33,438][moc][WARNING][util_funcs.py:111] Provide "objs" in result is deprecated and will be removed in future versions! Please use "objectives" instead.
[2023-04-09 19:02:33,439][moc][INFO][generic_smbo.py:332] Iter 20, objectives: [-0.017361703723931553].
