[2023-04-10 17:20:54,190][moc][INFO][color_logger.py:203] Logfile: /home/chenyiqi/wafer_scale_chip_dse_framework/logs/moc_2023-04-10-17-20-54-190260.log
[2023-04-10 17:20:54,315][moc][WARNING][util_funcs.py:111] Provide "objs" in result is deprecated and will be removed in future versions! Please use "objectives" instead.
[2023-04-10 17:20:54,316][moc][INFO][generic_smbo.py:333] Iter 1, objectives: [-0.24036602510643973].
[2023-04-10 17:20:54,439][moc][WARNING][util_funcs.py:111] Provide "objs" in result is deprecated and will be removed in future versions! Please use "objectives" instead.
[2023-04-10 17:20:54,439][moc][INFO][generic_smbo.py:333] Iter 2, objectives: [-0.13565374035241018].
[2023-04-10 17:20:54,566][moc][WARNING][util_funcs.py:111] Provide "objs" in result is deprecated and will be removed in future versions! Please use "objectives" instead.
[2023-04-10 17:20:54,566][moc][INFO][generic_smbo.py:333] Iter 3, objectives: [-0.2870807581010386].
[2023-04-10 17:20:54,670][moc][WARNING][util_funcs.py:111] Provide "objs" in result is deprecated and will be removed in future versions! Please use "objectives" instead.
[2023-04-10 17:20:54,670][moc][INFO][generic_smbo.py:333] Iter 4, objectives: [-3.2560203174345648].
[2023-04-10 17:20:54,763][moc][WARNING][util_funcs.py:111] Provide "objs" in result is deprecated and will be removed in future versions! Please use "objectives" instead.
[2023-04-10 17:20:54,763][moc][INFO][generic_smbo.py:333] Iter 5, objectives: [-0.5169981582755402].
[2023-04-10 17:20:54,894][moc][WARNING][util_funcs.py:111] Provide "objs" in result is deprecated and will be removed in future versions! Please use "objectives" instead.
[2023-04-10 17:20:54,895][moc][INFO][generic_smbo.py:333] Iter 6, objectives: [-0.08792468735359835].
[2023-04-10 17:20:54,993][moc][WARNING][util_funcs.py:111] Provide "objs" in result is deprecated and will be removed in future versions! Please use "objectives" instead.
[2023-04-10 17:20:54,993][moc][INFO][generic_smbo.py:333] Iter 7, objectives: [-0.794509699496448].
[2023-04-10 17:20:55,097][moc][WARNING][util_funcs.py:111] Provide "objs" in result is deprecated and will be removed in future versions! Please use "objectives" instead.
[2023-04-10 17:20:55,097][moc][INFO][generic_smbo.py:333] Iter 8, objectives: [-0.5401584302479538].
[2023-04-10 17:20:55,225][moc][WARNING][util_funcs.py:111] Provide "objs" in result is deprecated and will be removed in future versions! Please use "objectives" instead.
[2023-04-10 17:20:55,225][moc][INFO][generic_smbo.py:333] Iter 9, objectives: [-0.12248876090165652].
[2023-04-10 17:20:55,353][moc][WARNING][util_funcs.py:111] Provide "objs" in result is deprecated and will be removed in future versions! Please use "objectives" instead.
[2023-04-10 17:20:55,354][moc][INFO][generic_smbo.py:333] Iter 10, objectives: [-0.7163585990008225].
[2023-04-10 17:20:55,457][moc][WARNING][util_funcs.py:111] Provide "objs" in result is deprecated and will be removed in future versions! Please use "objectives" instead.
[2023-04-10 17:20:55,457][moc][INFO][generic_smbo.py:333] Iter 11, objectives: [-1.1161715651061268].
[2023-04-10 17:20:55,576][moc][WARNING][util_funcs.py:111] Provide "objs" in result is deprecated and will be removed in future versions! Please use "objectives" instead.
[2023-04-10 17:20:55,577][moc][INFO][generic_smbo.py:333] Iter 12, objectives: [-0.08558828248439529].
[2023-04-10 17:20:55,694][moc][WARNING][util_funcs.py:111] Provide "objs" in result is deprecated and will be removed in future versions! Please use "objectives" instead.
[2023-04-10 17:20:55,695][moc][INFO][generic_smbo.py:333] Iter 13, objectives: [-0.07540027212853362].
[2023-04-10 17:20:55,791][moc][WARNING][util_funcs.py:111] Provide "objs" in result is deprecated and will be removed in future versions! Please use "objectives" instead.
[2023-04-10 17:20:55,791][moc][INFO][generic_smbo.py:333] Iter 14, objectives: [-0.19178297220740817].
[2023-04-10 17:20:55,882][moc][WARNING][util_funcs.py:111] Provide "objs" in result is deprecated and will be removed in future versions! Please use "objectives" instead.
[2023-04-10 17:20:55,882][moc][INFO][generic_smbo.py:333] Iter 15, objectives: [-2.5567481919985844].
[2023-04-10 17:20:56,007][moc][WARNING][util_funcs.py:111] Provide "objs" in result is deprecated and will be removed in future versions! Please use "objectives" instead.
[2023-04-10 17:20:56,007][moc][INFO][generic_smbo.py:333] Iter 16, objectives: [-0.044119608170216165].
[2023-04-10 17:20:56,151][moc][WARNING][util_funcs.py:111] Provide "objs" in result is deprecated and will be removed in future versions! Please use "objectives" instead.
[2023-04-10 17:20:56,151][moc][INFO][generic_smbo.py:333] Iter 17, objectives: [-0.03994167212174048].
[2023-04-10 17:20:56,247][moc][WARNING][util_funcs.py:111] Provide "objs" in result is deprecated and will be removed in future versions! Please use "objectives" instead.
[2023-04-10 17:20:56,247][moc][INFO][generic_smbo.py:333] Iter 18, objectives: [-0.7252117562632024].
[2023-04-10 17:20:56,353][moc][WARNING][util_funcs.py:111] Provide "objs" in result is deprecated and will be removed in future versions! Please use "objectives" instead.
[2023-04-10 17:20:56,353][moc][INFO][generic_smbo.py:333] Iter 19, objectives: [-2.530139835363599].
[2023-04-10 17:20:56,621][moc][WARNING][util_funcs.py:111] Provide "objs" in result is deprecated and will be removed in future versions! Please use "objectives" instead.
[2023-04-10 17:20:56,621][moc][INFO][generic_smbo.py:333] Iter 20, objectives: [-0.10851194141934684].
[2023-04-10 17:20:56,622][moc][WARNING][util_funcs.py:111] Provide "objs" in result is deprecated and will be removed in future versions! Please use "objectives" instead.
[2023-04-10 17:20:56,622][moc][WARNING][util_funcs.py:123] Unused information in result: {'config': [{'data_parallel_size': 4, 'micro_batch_size': 2, 'model_parallel_size': 3, 'num_reticle_per_pipeline_stage': 58, 'tensor_parallel_size': 4}]}
[2023-04-10 17:20:56,622][moc][INFO][generic_smbo.py:418] Iter 9, objectives: [-3.2560203174345648].
[2023-04-10 17:21:01,223][moc][WARNING][util_funcs.py:231] Keyword argument "num_objs" is deprecated and will be removed in a future version. Please use "num_objectives" instead.
