[2023-04-10 16:41:07,577][moc][INFO][color_logger.py:203] Logfile: /home/chenyiqi/wafer_scale_chip_dse_framework/logs/moc_2023-04-10-16-41-07-577626.log
[2023-04-10 16:41:07,739][moc][WARNING][util_funcs.py:111] Provide "objs" in result is deprecated and will be removed in future versions! Please use "objectives" instead.
[2023-04-10 16:41:07,739][moc][INFO][generic_smbo.py:333] Iter 1, objectives: [-15.416949507422386].
[2023-04-10 16:41:07,830][moc][WARNING][util_funcs.py:111] Provide "objs" in result is deprecated and will be removed in future versions! Please use "objectives" instead.
[2023-04-10 16:41:07,830][moc][INFO][generic_smbo.py:333] Iter 2, objectives: [-0.7107623245353507].
[2023-04-10 16:41:07,911][moc][WARNING][util_funcs.py:111] Provide "objs" in result is deprecated and will be removed in future versions! Please use "objectives" instead.
[2023-04-10 16:41:07,911][moc][INFO][generic_smbo.py:333] Iter 3, objectives: [-3.1861004584715866].
[2023-04-10 16:41:08,021][moc][WARNING][util_funcs.py:111] Provide "objs" in result is deprecated and will be removed in future versions! Please use "objectives" instead.
[2023-04-10 16:41:08,021][moc][INFO][generic_smbo.py:333] Iter 4, objectives: [-0.9245448590870592].
[2023-04-10 16:41:08,126][moc][WARNING][util_funcs.py:111] Provide "objs" in result is deprecated and will be removed in future versions! Please use "objectives" instead.
[2023-04-10 16:41:08,126][moc][INFO][generic_smbo.py:333] Iter 5, objectives: [-1.1277053772169146].
[2023-04-10 16:41:08,222][moc][WARNING][util_funcs.py:111] Provide "objs" in result is deprecated and will be removed in future versions! Please use "objectives" instead.
[2023-04-10 16:41:08,222][moc][INFO][generic_smbo.py:333] Iter 6, objectives: [-3.180841569688324].
[2023-04-10 16:41:08,318][moc][WARNING][util_funcs.py:111] Provide "objs" in result is deprecated and will be removed in future versions! Please use "objectives" instead.
[2023-04-10 16:41:08,318][moc][INFO][generic_smbo.py:333] Iter 7, objectives: [-0.9294602187767597].
[2023-04-10 16:41:08,411][moc][WARNING][util_funcs.py:111] Provide "objs" in result is deprecated and will be removed in future versions! Please use "objectives" instead.
[2023-04-10 16:41:08,411][moc][INFO][generic_smbo.py:333] Iter 8, objectives: [-6.308915792970526].
[2023-04-10 16:41:08,614][moc][WARNING][util_funcs.py:111] Provide "objs" in result is deprecated and will be removed in future versions! Please use "objectives" instead.
[2023-04-10 16:41:08,614][moc][INFO][generic_smbo.py:333] Iter 9, objectives: [-6.733035187271017].
[2023-04-10 16:41:08,738][moc][WARNING][util_funcs.py:111] Provide "objs" in result is deprecated and will be removed in future versions! Please use "objectives" instead.
[2023-04-10 16:41:08,738][moc][INFO][generic_smbo.py:333] Iter 10, objectives: [-1.5299566110129839].
[2023-04-10 16:41:08,738][moc][WARNING][util_funcs.py:111] Provide "objs" in result is deprecated and will be removed in future versions! Please use "objectives" instead.
[2023-04-10 16:41:08,739][moc][WARNING][util_funcs.py:123] Unused information in result: {'config': [Configuration(values={
  'data_parallel_size': 11,
  'micro_batch_size': 1,
  'model_parallel_size': 12,
  'num_reticle_per_pipeline_stage': 41,
  'tensor_parallel_size': 2,
})
]}
[2023-04-10 16:41:08,739][moc][INFO][generic_smbo.py:418] Iter 9, objectives: [-15.416949507422386].
[2023-04-10 16:41:08,739][moc][INFO][mf_advisor.py:411] Sample random config. rand_prob=0.100000.
[2023-04-10 16:41:08,740][moc][WARNING][util_funcs.py:231] Keyword argument "num_objs" is deprecated and will be removed in a future version. Please use "num_objectives" instead.
