[2023-04-10 19:04:43,463][moc][INFO][color_logger.py:203] Logfile: /home/chenyiqi/wafer_scale_chip_dse_framework/logs/moc_2023-04-10-19-04-43-463208.log
[2023-04-10 19:04:43,473][moc][WARNING][util_funcs.py:111] Provide "objs" in result is deprecated and will be removed in future versions! Please use "objectives" instead.
[2023-04-10 19:04:43,473][moc][INFO][generic_smbo.py:333] Iter 1, objectives: [-3.3039147228421073].
[2023-04-10 19:04:43,481][moc][WARNING][util_funcs.py:111] Provide "objs" in result is deprecated and will be removed in future versions! Please use "objectives" instead.
[2023-04-10 19:04:43,481][moc][INFO][generic_smbo.py:333] Iter 2, objectives: [-0.35600316733994386].
[2023-04-10 19:04:43,488][moc][WARNING][util_funcs.py:111] Provide "objs" in result is deprecated and will be removed in future versions! Please use "objectives" instead.
[2023-04-10 19:04:43,488][moc][INFO][generic_smbo.py:333] Iter 3, objectives: [-0.5965747537119284].
[2023-04-10 19:04:43,495][moc][WARNING][util_funcs.py:111] Provide "objs" in result is deprecated and will be removed in future versions! Please use "objectives" instead.
[2023-04-10 19:04:43,495][moc][INFO][generic_smbo.py:333] Iter 4, objectives: [-0.4946526732227126].
[2023-04-10 19:04:43,502][moc][WARNING][util_funcs.py:111] Provide "objs" in result is deprecated and will be removed in future versions! Please use "objectives" instead.
[2023-04-10 19:04:43,502][moc][INFO][generic_smbo.py:333] Iter 5, objectives: [-3.8026890864940563].
[2023-04-10 19:04:43,510][moc][WARNING][util_funcs.py:111] Provide "objs" in result is deprecated and will be removed in future versions! Please use "objectives" instead.
[2023-04-10 19:04:43,510][moc][INFO][generic_smbo.py:333] Iter 6, objectives: [-1.556637578348932].
[2023-04-10 19:04:43,517][moc][WARNING][util_funcs.py:111] Provide "objs" in result is deprecated and will be removed in future versions! Please use "objectives" instead.
[2023-04-10 19:04:43,517][moc][INFO][generic_smbo.py:333] Iter 7, objectives: [-0.22427843600643224].
[2023-04-10 19:04:43,524][moc][WARNING][util_funcs.py:111] Provide "objs" in result is deprecated and will be removed in future versions! Please use "objectives" instead.
[2023-04-10 19:04:43,524][moc][INFO][generic_smbo.py:333] Iter 8, objectives: [-0.9108258740629014].
[2023-04-10 19:04:43,531][moc][WARNING][util_funcs.py:111] Provide "objs" in result is deprecated and will be removed in future versions! Please use "objectives" instead.
[2023-04-10 19:04:43,531][moc][INFO][generic_smbo.py:333] Iter 9, objectives: [-1.9020709895012744].
[2023-04-10 19:04:43,538][moc][WARNING][util_funcs.py:111] Provide "objs" in result is deprecated and will be removed in future versions! Please use "objectives" instead.
[2023-04-10 19:04:43,538][moc][INFO][generic_smbo.py:333] Iter 10, objectives: [-0.5735163011550725].
[2023-04-10 19:04:43,682][moc][WARNING][util_funcs.py:111] Provide "objs" in result is deprecated and will be removed in future versions! Please use "objectives" instead.
[2023-04-10 19:04:43,682][moc][INFO][generic_smbo.py:333] Iter 11, objectives: [-17.20386775978666].
[2023-04-10 19:04:43,688][moc][WARNING][util_funcs.py:111] Provide "objs" in result is deprecated and will be removed in future versions! Please use "objectives" instead.
[2023-04-10 19:04:43,689][moc][INFO][generic_smbo.py:333] Iter 12, objectives: [-0.44587998108293186].
[2023-04-10 19:04:43,695][moc][WARNING][util_funcs.py:111] Provide "objs" in result is deprecated and will be removed in future versions! Please use "objectives" instead.
[2023-04-10 19:04:43,696][moc][INFO][generic_smbo.py:333] Iter 13, objectives: [-0.7565263981905435].
[2023-04-10 19:04:43,702][moc][WARNING][util_funcs.py:111] Provide "objs" in result is deprecated and will be removed in future versions! Please use "objectives" instead.
[2023-04-10 19:04:43,703][moc][INFO][generic_smbo.py:333] Iter 14, objectives: [-0.4670526355535553].
[2023-04-10 19:04:43,709][moc][WARNING][util_funcs.py:111] Provide "objs" in result is deprecated and will be removed in future versions! Please use "objectives" instead.
[2023-04-10 19:04:43,710][moc][INFO][generic_smbo.py:333] Iter 15, objectives: [-0.43983148866364946].
[2023-04-10 19:04:43,716][moc][WARNING][util_funcs.py:111] Provide "objs" in result is deprecated and will be removed in future versions! Please use "objectives" instead.
[2023-04-10 19:04:43,716][moc][INFO][generic_smbo.py:333] Iter 16, objectives: [-0.2537178320862868].
[2023-04-10 19:04:43,723][moc][WARNING][util_funcs.py:111] Provide "objs" in result is deprecated and will be removed in future versions! Please use "objectives" instead.
[2023-04-10 19:04:43,723][moc][INFO][generic_smbo.py:333] Iter 17, objectives: [-8.072819362283953].
[2023-04-10 19:04:43,730][moc][WARNING][util_funcs.py:111] Provide "objs" in result is deprecated and will be removed in future versions! Please use "objectives" instead.
[2023-04-10 19:04:43,730][moc][INFO][generic_smbo.py:333] Iter 18, objectives: [-0.3695764846021026].
[2023-04-10 19:04:43,737][moc][WARNING][util_funcs.py:111] Provide "objs" in result is deprecated and will be removed in future versions! Please use "objectives" instead.
[2023-04-10 19:04:43,737][moc][INFO][generic_smbo.py:333] Iter 19, objectives: [-0.3900828097996656].
[2023-04-10 19:04:43,743][moc][WARNING][util_funcs.py:111] Provide "objs" in result is deprecated and will be removed in future versions! Please use "objectives" instead.
[2023-04-10 19:04:43,743][moc][INFO][generic_smbo.py:333] Iter 20, objectives: [-0.7173236117536289].
[2023-04-10 19:04:43,744][moc][WARNING][util_funcs.py:111] Provide "objs" in result is deprecated and will be removed in future versions! Please use "objectives" instead.
[2023-04-10 19:04:43,744][moc][WARNING][util_funcs.py:123] Unused information in result: {'config': [{'data_parallel_size': 1, 'micro_batch_size': 165, 'model_parallel_size': 24, 'num_reticle_per_pipeline_stage': 11, 'tensor_parallel_size': 1}]}
[2023-04-10 19:04:43,744][moc][INFO][generic_smbo.py:418] Iter 6, objectives: [-17.20386775978666].
[2023-04-10 19:04:43,746][moc][WARNING][util_funcs.py:231] Keyword argument "num_objs" is deprecated and will be removed in a future version. Please use "num_objectives" instead.
