[2023-04-10 17:20:37,716][moc][INFO][color_logger.py:203] Logfile: /home/chenyiqi/wafer_scale_chip_dse_framework/logs/moc_2023-04-10-17-20-37-716291.log
[2023-04-10 17:20:37,721][moc][WARNING][util_funcs.py:111] Provide "objs" in result is deprecated and will be removed in future versions! Please use "objectives" instead.
[2023-04-10 17:20:37,721][moc][INFO][generic_smbo.py:333] Iter 1, objectives: [-0.29074060634586385].
[2023-04-10 17:20:37,723][moc][WARNING][util_funcs.py:111] Provide "objs" in result is deprecated and will be removed in future versions! Please use "objectives" instead.
[2023-04-10 17:20:37,723][moc][INFO][generic_smbo.py:333] Iter 2, objectives: [-0.5393708854179574].
[2023-04-10 17:20:37,726][moc][WARNING][util_funcs.py:111] Provide "objs" in result is deprecated and will be removed in future versions! Please use "objectives" instead.
[2023-04-10 17:20:37,726][moc][INFO][generic_smbo.py:333] Iter 3, objectives: [-1.9612849954453733].
[2023-04-10 17:20:37,730][moc][WARNING][util_funcs.py:111] Provide "objs" in result is deprecated and will be removed in future versions! Please use "objectives" instead.
[2023-04-10 17:20:37,731][moc][INFO][generic_smbo.py:333] Iter 4, objectives: [-0.7024626071822141].
[2023-04-10 17:20:37,733][moc][WARNING][util_funcs.py:111] Provide "objs" in result is deprecated and will be removed in future versions! Please use "objectives" instead.
[2023-04-10 17:20:37,733][moc][INFO][generic_smbo.py:333] Iter 5, objectives: [-0.4177359816627137].
[2023-04-10 17:20:37,736][moc][WARNING][util_funcs.py:111] Provide "objs" in result is deprecated and will be removed in future versions! Please use "objectives" instead.
[2023-04-10 17:20:37,736][moc][INFO][generic_smbo.py:333] Iter 6, objectives: [-4.746564189794721].
[2023-04-10 17:20:37,739][moc][WARNING][util_funcs.py:111] Provide "objs" in result is deprecated and will be removed in future versions! Please use "objectives" instead.
[2023-04-10 17:20:37,739][moc][INFO][generic_smbo.py:333] Iter 7, objectives: [-1.7941416349286585].
[2023-04-10 17:20:37,742][moc][WARNING][util_funcs.py:111] Provide "objs" in result is deprecated and will be removed in future versions! Please use "objectives" instead.
[2023-04-10 17:20:37,742][moc][INFO][generic_smbo.py:333] Iter 8, objectives: [-1.5800777966598338].
[2023-04-10 17:20:37,744][moc][WARNING][util_funcs.py:111] Provide "objs" in result is deprecated and will be removed in future versions! Please use "objectives" instead.
[2023-04-10 17:20:37,744][moc][INFO][generic_smbo.py:333] Iter 9, objectives: [-2.2744454570345543].
[2023-04-10 17:20:37,747][moc][WARNING][util_funcs.py:111] Provide "objs" in result is deprecated and will be removed in future versions! Please use "objectives" instead.
[2023-04-10 17:20:37,747][moc][INFO][generic_smbo.py:333] Iter 10, objectives: [-2.1395682758874974].
[2023-04-10 17:20:37,750][moc][WARNING][util_funcs.py:111] Provide "objs" in result is deprecated and will be removed in future versions! Please use "objectives" instead.
[2023-04-10 17:20:37,750][moc][INFO][generic_smbo.py:333] Iter 11, objectives: [-1.2768222807590994].
[2023-04-10 17:20:37,753][moc][WARNING][util_funcs.py:111] Provide "objs" in result is deprecated and will be removed in future versions! Please use "objectives" instead.
[2023-04-10 17:20:37,753][moc][INFO][generic_smbo.py:333] Iter 12, objectives: [-1.731221327390172].
[2023-04-10 17:20:37,755][moc][WARNING][util_funcs.py:111] Provide "objs" in result is deprecated and will be removed in future versions! Please use "objectives" instead.
[2023-04-10 17:20:37,755][moc][INFO][generic_smbo.py:333] Iter 13, objectives: [-0.5058502239504453].
[2023-04-10 17:20:37,758][moc][WARNING][util_funcs.py:111] Provide "objs" in result is deprecated and will be removed in future versions! Please use "objectives" instead.
[2023-04-10 17:20:37,758][moc][INFO][generic_smbo.py:333] Iter 14, objectives: [-0.9763066215204598].
[2023-04-10 17:20:37,761][moc][WARNING][util_funcs.py:111] Provide "objs" in result is deprecated and will be removed in future versions! Please use "objectives" instead.
[2023-04-10 17:20:37,761][moc][INFO][generic_smbo.py:333] Iter 15, objectives: [-4.783237040851741].
[2023-04-10 17:20:37,764][moc][WARNING][util_funcs.py:111] Provide "objs" in result is deprecated and will be removed in future versions! Please use "objectives" instead.
[2023-04-10 17:20:37,764][moc][INFO][generic_smbo.py:333] Iter 16, objectives: [-0.6029709602137576].
[2023-04-10 17:20:37,766][moc][WARNING][util_funcs.py:111] Provide "objs" in result is deprecated and will be removed in future versions! Please use "objectives" instead.
[2023-04-10 17:20:37,766][moc][INFO][generic_smbo.py:333] Iter 17, objectives: [-1.9963399349769109].
[2023-04-10 17:20:37,769][moc][WARNING][util_funcs.py:111] Provide "objs" in result is deprecated and will be removed in future versions! Please use "objectives" instead.
[2023-04-10 17:20:37,769][moc][INFO][generic_smbo.py:333] Iter 18, objectives: [-1.5219911374974138].
[2023-04-10 17:20:37,772][moc][WARNING][util_funcs.py:111] Provide "objs" in result is deprecated and will be removed in future versions! Please use "objectives" instead.
[2023-04-10 17:20:37,772][moc][INFO][generic_smbo.py:333] Iter 19, objectives: [-157.20015472342007].
[2023-04-10 17:20:37,774][moc][WARNING][util_funcs.py:111] Provide "objs" in result is deprecated and will be removed in future versions! Please use "objectives" instead.
[2023-04-10 17:20:37,775][moc][INFO][generic_smbo.py:333] Iter 20, objectives: [-30.4751161637636].
[2023-04-10 17:20:37,775][moc][WARNING][util_funcs.py:111] Provide "objs" in result is deprecated and will be removed in future versions! Please use "objectives" instead.
[2023-04-10 17:20:37,775][moc][WARNING][util_funcs.py:123] Unused information in result: {'config': [{'data_parallel_size': 7, 'micro_batch_size': 24, 'model_parallel_size': 6, 'num_reticle_per_pipeline_stage': 128, 'tensor_parallel_size': 1}]}
[2023-04-10 17:20:37,775][moc][INFO][generic_smbo.py:418] Iter 5, objectives: [-157.20015472342007].
[2023-04-10 17:20:37,777][moc][WARNING][util_funcs.py:231] Keyword argument "num_objs" is deprecated and will be removed in a future version. Please use "num_objectives" instead.
