[2023-04-10 16:50:19,944][moc][INFO][color_logger.py:203] Logfile: /home/chenyiqi/wafer_scale_chip_dse_framework/logs/moc_2023-04-10-16-50-19-943818.log
[2023-04-10 16:50:19,950][moc][WARNING][util_funcs.py:111] Provide "objs" in result is deprecated and will be removed in future versions! Please use "objectives" instead.
[2023-04-10 16:50:19,950][moc][INFO][generic_smbo.py:333] Iter 1, objectives: [-3.0042172094506654].
[2023-04-10 16:50:19,955][moc][WARNING][util_funcs.py:111] Provide "objs" in result is deprecated and will be removed in future versions! Please use "objectives" instead.
[2023-04-10 16:50:19,955][moc][INFO][generic_smbo.py:333] Iter 2, objectives: [-51.644706751423286].
[2023-04-10 16:50:19,959][moc][WARNING][util_funcs.py:111] Provide "objs" in result is deprecated and will be removed in future versions! Please use "objectives" instead.
[2023-04-10 16:50:19,959][moc][INFO][generic_smbo.py:333] Iter 3, objectives: [-1.7993147704153105].
[2023-04-10 16:50:19,963][moc][WARNING][util_funcs.py:111] Provide "objs" in result is deprecated and will be removed in future versions! Please use "objectives" instead.
[2023-04-10 16:50:19,963][moc][INFO][generic_smbo.py:333] Iter 4, objectives: [-1.6585481766486088].
[2023-04-10 16:50:19,967][moc][WARNING][util_funcs.py:111] Provide "objs" in result is deprecated and will be removed in future versions! Please use "objectives" instead.
[2023-04-10 16:50:19,967][moc][INFO][generic_smbo.py:333] Iter 5, objectives: [-1.9945192286758182].
[2023-04-10 16:50:19,972][moc][WARNING][util_funcs.py:111] Provide "objs" in result is deprecated and will be removed in future versions! Please use "objectives" instead.
[2023-04-10 16:50:19,972][moc][INFO][generic_smbo.py:333] Iter 6, objectives: [-1.2686160369084394].
[2023-04-10 16:50:20,094][moc][WARNING][util_funcs.py:111] Provide "objs" in result is deprecated and will be removed in future versions! Please use "objectives" instead.
[2023-04-10 16:50:20,094][moc][INFO][generic_smbo.py:333] Iter 7, objectives: [-1.1019766057973006].
[2023-04-10 16:50:20,099][moc][WARNING][util_funcs.py:111] Provide "objs" in result is deprecated and will be removed in future versions! Please use "objectives" instead.
[2023-04-10 16:50:20,099][moc][INFO][generic_smbo.py:333] Iter 8, objectives: [-1.2153879327037016].
[2023-04-10 16:50:20,103][moc][WARNING][util_funcs.py:111] Provide "objs" in result is deprecated and will be removed in future versions! Please use "objectives" instead.
[2023-04-10 16:50:20,103][moc][INFO][generic_smbo.py:333] Iter 9, objectives: [-0.6727768027389699].
[2023-04-10 16:50:20,107][moc][WARNING][util_funcs.py:111] Provide "objs" in result is deprecated and will be removed in future versions! Please use "objectives" instead.
[2023-04-10 16:50:20,107][moc][INFO][generic_smbo.py:333] Iter 10, objectives: [-0.6753969310917199].
[2023-04-10 16:50:20,108][moc][WARNING][util_funcs.py:111] Provide "objs" in result is deprecated and will be removed in future versions! Please use "objectives" instead.
[2023-04-10 16:50:20,108][moc][WARNING][util_funcs.py:123] Unused information in result: {'config': [Configuration(values={
  'data_parallel_size': 3,
  'micro_batch_size': 158,
  'model_parallel_size': 1,
  'num_reticle_per_pipeline_stage': 225,
  'tensor_parallel_size': 1,
})
]}
[2023-04-10 16:50:20,108][moc][INFO][generic_smbo.py:418] Iter 20, objectives: [-51.644706751423286].
