[2023-04-10 16:47:38,233][moc][INFO][color_logger.py:203] Logfile: /home/chenyiqi/wafer_scale_chip_dse_framework/logs/moc_2023-04-10-16-47-38-233663.log
[2023-04-10 16:47:38,234][moc][WARNING][generic_smbo.py:387] Exception when calling objective function: local variable '_history' referenced before assignment
config: Configuration(values={
  'fidelity': 1,
  'var00': 64,
  'var01': 512,
  'var02': 64,
  'var03': 4096,
  'var04': 4,
  'var05': 4,
  'var06': 1,
  'var07': 32,
  'var08': 16,
  'var09': 900,
  'var10': 6,
  'var11': 8,
})

[2023-04-10 16:47:38,234][moc][INFO][generic_smbo.py:418] Iter 11, objectives: [inf].
[2023-04-10 16:47:38,234][moc][WARNING][mf_advisor.py:421] No enough successful initial trials! Sample random configuration.
[2023-04-10 16:47:38,236][moc][WARNING][util_funcs.py:231] Keyword argument "num_objs" is deprecated and will be removed in a future version. Please use "num_objectives" instead.
