[2023-04-10 16:57:39,544][moc][INFO][color_logger.py:203] Logfile: /home/chenyiqi/wafer_scale_chip_dse_framework/logs/moc_2023-04-10-16-57-39-543726.log
[2023-04-10 16:57:39,549][moc][WARNING][util_funcs.py:111] Provide "objs" in result is deprecated and will be removed in future versions! Please use "objectives" instead.
[2023-04-10 16:57:39,549][moc][INFO][generic_smbo.py:333] Iter 1, objectives: [-0.4967751714952463].
[2023-04-10 16:57:39,552][moc][WARNING][util_funcs.py:111] Provide "objs" in result is deprecated and will be removed in future versions! Please use "objectives" instead.
[2023-04-10 16:57:39,552][moc][INFO][generic_smbo.py:333] Iter 2, objectives: [-2.937478868952008].
[2023-04-10 16:57:39,554][moc][WARNING][util_funcs.py:111] Provide "objs" in result is deprecated and will be removed in future versions! Please use "objectives" instead.
[2023-04-10 16:57:39,554][moc][INFO][generic_smbo.py:333] Iter 3, objectives: [-8.509722683577783].
[2023-04-10 16:57:39,556][moc][WARNING][util_funcs.py:111] Provide "objs" in result is deprecated and will be removed in future versions! Please use "objectives" instead.
[2023-04-10 16:57:39,556][moc][INFO][generic_smbo.py:333] Iter 4, objectives: [-0.8056609425604856].
[2023-04-10 16:57:39,559][moc][WARNING][util_funcs.py:111] Provide "objs" in result is deprecated and will be removed in future versions! Please use "objectives" instead.
[2023-04-10 16:57:39,559][moc][INFO][generic_smbo.py:333] Iter 5, objectives: [-3.017266682733008].
[2023-04-10 16:57:39,562][moc][WARNING][util_funcs.py:111] Provide "objs" in result is deprecated and will be removed in future versions! Please use "objectives" instead.
[2023-04-10 16:57:39,562][moc][INFO][generic_smbo.py:333] Iter 6, objectives: [-2.6256037762826554].
[2023-04-10 16:57:39,564][moc][WARNING][util_funcs.py:111] Provide "objs" in result is deprecated and will be removed in future versions! Please use "objectives" instead.
[2023-04-10 16:57:39,564][moc][INFO][generic_smbo.py:333] Iter 7, objectives: [-1.8531565443417466].
[2023-04-10 16:57:39,567][moc][WARNING][util_funcs.py:111] Provide "objs" in result is deprecated and will be removed in future versions! Please use "objectives" instead.
[2023-04-10 16:57:39,567][moc][INFO][generic_smbo.py:333] Iter 8, objectives: [-1.2925292525338608].
[2023-04-10 16:57:39,569][moc][WARNING][util_funcs.py:111] Provide "objs" in result is deprecated and will be removed in future versions! Please use "objectives" instead.
[2023-04-10 16:57:39,570][moc][INFO][generic_smbo.py:333] Iter 9, objectives: [-1.3269125204153454].
[2023-04-10 16:57:39,572][moc][WARNING][util_funcs.py:111] Provide "objs" in result is deprecated and will be removed in future versions! Please use "objectives" instead.
[2023-04-10 16:57:39,572][moc][INFO][generic_smbo.py:333] Iter 10, objectives: [-1.7555621782664057].
[2023-04-10 16:57:39,572][moc][WARNING][util_funcs.py:111] Provide "objs" in result is deprecated and will be removed in future versions! Please use "objectives" instead.
[2023-04-10 16:57:39,572][moc][WARNING][util_funcs.py:123] Unused information in result: {'config': [{'data_parallel_size': 10, 'micro_batch_size': 20, 'model_parallel_size': 24, 'num_reticle_per_pipeline_stage': 63, 'tensor_parallel_size': 2}]}
[2023-04-10 16:57:39,573][moc][INFO][generic_smbo.py:418] Iter 7, objectives: [-8.509722683577783].
[2023-04-10 16:57:44,006][moc][WARNING][util_funcs.py:231] Keyword argument "num_objs" is deprecated and will be removed in a future version. Please use "num_objectives" instead.
