[2023-04-10 19:04:46,360][moc][INFO][color_logger.py:203] Logfile: /home/chenyiqi/wafer_scale_chip_dse_framework/logs/moc_2023-04-10-19-04-46-360070.log
[2023-04-10 19:04:46,373][moc][WARNING][util_funcs.py:111] Provide "objs" in result is deprecated and will be removed in future versions! Please use "objectives" instead.
[2023-04-10 19:04:46,374][moc][INFO][generic_smbo.py:333] Iter 1, objectives: [-1.673909349815334].
[2023-04-10 19:04:46,386][moc][WARNING][util_funcs.py:111] Provide "objs" in result is deprecated and will be removed in future versions! Please use "objectives" instead.
[2023-04-10 19:04:46,386][moc][INFO][generic_smbo.py:333] Iter 2, objectives: [-37.80525197709095].
[2023-04-10 19:04:46,397][moc][WARNING][util_funcs.py:111] Provide "objs" in result is deprecated and will be removed in future versions! Please use "objectives" instead.
[2023-04-10 19:04:46,397][moc][INFO][generic_smbo.py:333] Iter 3, objectives: [-1.1797179583382094].
[2023-04-10 19:04:46,408][moc][WARNING][util_funcs.py:111] Provide "objs" in result is deprecated and will be removed in future versions! Please use "objectives" instead.
[2023-04-10 19:04:46,408][moc][INFO][generic_smbo.py:333] Iter 4, objectives: [-2.171493110956267].
[2023-04-10 19:04:46,419][moc][WARNING][util_funcs.py:111] Provide "objs" in result is deprecated and will be removed in future versions! Please use "objectives" instead.
[2023-04-10 19:04:46,419][moc][INFO][generic_smbo.py:333] Iter 5, objectives: [-0.35935211084608804].
[2023-04-10 19:04:46,430][moc][WARNING][util_funcs.py:111] Provide "objs" in result is deprecated and will be removed in future versions! Please use "objectives" instead.
[2023-04-10 19:04:46,430][moc][INFO][generic_smbo.py:333] Iter 6, objectives: [-0.629268916394408].
[2023-04-10 19:04:46,439][moc][WARNING][util_funcs.py:111] Provide "objs" in result is deprecated and will be removed in future versions! Please use "objectives" instead.
[2023-04-10 19:04:46,439][moc][INFO][generic_smbo.py:333] Iter 7, objectives: [-0.8187802392751636].
[2023-04-10 19:04:46,447][moc][WARNING][util_funcs.py:111] Provide "objs" in result is deprecated and will be removed in future versions! Please use "objectives" instead.
[2023-04-10 19:04:46,447][moc][INFO][generic_smbo.py:333] Iter 8, objectives: [-50.05910637521506].
[2023-04-10 19:04:46,457][moc][WARNING][util_funcs.py:111] Provide "objs" in result is deprecated and will be removed in future versions! Please use "objectives" instead.
[2023-04-10 19:04:46,457][moc][INFO][generic_smbo.py:333] Iter 9, objectives: [-0.4845307403548862].
[2023-04-10 19:04:46,464][moc][WARNING][util_funcs.py:111] Provide "objs" in result is deprecated and will be removed in future versions! Please use "objectives" instead.
[2023-04-10 19:04:46,465][moc][INFO][generic_smbo.py:333] Iter 10, objectives: [-2.321231354789331].
[2023-04-10 19:04:46,472][moc][WARNING][util_funcs.py:111] Provide "objs" in result is deprecated and will be removed in future versions! Please use "objectives" instead.
[2023-04-10 19:04:46,472][moc][INFO][generic_smbo.py:333] Iter 11, objectives: [-2.112520777147493].
[2023-04-10 19:04:46,479][moc][WARNING][util_funcs.py:111] Provide "objs" in result is deprecated and will be removed in future versions! Please use "objectives" instead.
[2023-04-10 19:04:46,479][moc][INFO][generic_smbo.py:333] Iter 12, objectives: [-0.6294484751476088].
[2023-04-10 19:04:46,638][moc][WARNING][util_funcs.py:111] Provide "objs" in result is deprecated and will be removed in future versions! Please use "objectives" instead.
[2023-04-10 19:04:46,638][moc][INFO][generic_smbo.py:333] Iter 13, objectives: [-0.785880142889274].
[2023-04-10 19:04:46,646][moc][WARNING][util_funcs.py:111] Provide "objs" in result is deprecated and will be removed in future versions! Please use "objectives" instead.
[2023-04-10 19:04:46,646][moc][INFO][generic_smbo.py:333] Iter 14, objectives: [-0.4541636635838894].
[2023-04-10 19:04:46,653][moc][WARNING][util_funcs.py:111] Provide "objs" in result is deprecated and will be removed in future versions! Please use "objectives" instead.
[2023-04-10 19:04:46,653][moc][INFO][generic_smbo.py:333] Iter 15, objectives: [-1.153139755978868].
[2023-04-10 19:04:46,660][moc][WARNING][util_funcs.py:111] Provide "objs" in result is deprecated and will be removed in future versions! Please use "objectives" instead.
[2023-04-10 19:04:46,660][moc][INFO][generic_smbo.py:333] Iter 16, objectives: [-0.9842948609315606].
[2023-04-10 19:04:46,668][moc][WARNING][util_funcs.py:111] Provide "objs" in result is deprecated and will be removed in future versions! Please use "objectives" instead.
[2023-04-10 19:04:46,668][moc][INFO][generic_smbo.py:333] Iter 17, objectives: [-1.831458577880832].
[2023-04-10 19:04:46,675][moc][WARNING][util_funcs.py:111] Provide "objs" in result is deprecated and will be removed in future versions! Please use "objectives" instead.
[2023-04-10 19:04:46,675][moc][INFO][generic_smbo.py:333] Iter 18, objectives: [-1.3611978286194413].
[2023-04-10 19:04:46,683][moc][WARNING][util_funcs.py:111] Provide "objs" in result is deprecated and will be removed in future versions! Please use "objectives" instead.
[2023-04-10 19:04:46,683][moc][INFO][generic_smbo.py:333] Iter 19, objectives: [-2.3662276830208384].
[2023-04-10 19:04:46,690][moc][WARNING][util_funcs.py:111] Provide "objs" in result is deprecated and will be removed in future versions! Please use "objectives" instead.
[2023-04-10 19:04:46,690][moc][INFO][generic_smbo.py:333] Iter 20, objectives: [-30.884140895354115].
[2023-04-10 19:04:46,690][moc][WARNING][util_funcs.py:111] Provide "objs" in result is deprecated and will be removed in future versions! Please use "objectives" instead.
[2023-04-10 19:04:46,691][moc][WARNING][util_funcs.py:123] Unused information in result: {'config': [{'data_parallel_size': 1, 'micro_batch_size': 251, 'model_parallel_size': 4, 'num_reticle_per_pipeline_stage': 173, 'tensor_parallel_size': 1}]}
[2023-04-10 19:04:46,691][moc][INFO][generic_smbo.py:418] Iter 17, objectives: [-50.05910637521506].
[2023-04-10 19:04:46,692][moc][WARNING][util_funcs.py:231] Keyword argument "num_objs" is deprecated and will be removed in a future version. Please use "num_objectives" instead.
