[2023-04-09 19:22:17,421][moc][INFO][color_logger.py:203] Logfile: /home/chenyiqi/wafer_scale_chip_dse_framework/logs/moc_2023-04-09-19-22-17-421142.log
[2023-04-09 19:22:17,423][moc][INFO][generic_advisor.py:157] [BO auto selection]  acq_type: ei.
[2023-04-09 19:22:17,747][moc][WARNING][util_funcs.py:111] Provide "objs" in result is deprecated and will be removed in future versions! Please use "objectives" instead.
[2023-04-09 19:22:17,748][moc][INFO][generic_smbo.py:332] Iter 1, objectives: [-0.008681800349418331].
[2023-04-09 19:22:18,405][moc][WARNING][util_funcs.py:111] Provide "objs" in result is deprecated and will be removed in future versions! Please use "objectives" instead.
[2023-04-09 19:22:18,406][moc][INFO][generic_smbo.py:332] Iter 2, objectives: [-0.003858804356504878].
[2023-04-09 19:22:18,635][moc][WARNING][util_funcs.py:111] Provide "objs" in result is deprecated and will be removed in future versions! Please use "objectives" instead.
[2023-04-09 19:22:18,637][moc][INFO][generic_smbo.py:332] Iter 3, objectives: [-0.011575327213853657].
[2023-04-09 19:22:18,975][moc][WARNING][util_funcs.py:111] Provide "objs" in result is deprecated and will be removed in future versions! Please use "objectives" instead.
[2023-04-09 19:22:18,976][moc][INFO][generic_smbo.py:332] Iter 4, objectives: [-0.008681804179578105].
[2023-04-09 19:22:19,364][moc][WARNING][util_funcs.py:111] Provide "objs" in result is deprecated and will be removed in future versions! Please use "objectives" instead.
[2023-04-09 19:22:19,365][moc][INFO][generic_smbo.py:332] Iter 5, objectives: [-0.005788071017252027].
[2023-04-09 19:22:19,727][moc][WARNING][util_funcs.py:111] Provide "objs" in result is deprecated and will be removed in future versions! Please use "objectives" instead.
[2023-04-09 19:22:19,728][moc][INFO][generic_smbo.py:332] Iter 6, objectives: [-0.011575321945225646].
[2023-04-09 19:22:19,728][moc][INFO][generic_advisor.py:365] Sample random config. rand_prob=0.100000.
[2023-04-09 19:22:20,042][moc][WARNING][util_funcs.py:111] Provide "objs" in result is deprecated and will be removed in future versions! Please use "objectives" instead.
[2023-04-09 19:22:20,043][moc][INFO][generic_smbo.py:332] Iter 7, objectives: [-0.011575327036756839].
[2023-04-09 19:22:21,077][moc][WARNING][util_funcs.py:111] Provide "objs" in result is deprecated and will be removed in future versions! Please use "objectives" instead.
[2023-04-09 19:22:21,078][moc][INFO][generic_smbo.py:332] Iter 8, objectives: [-0.011575321945225646].
[2023-04-09 19:22:22,126][moc][WARNING][util_funcs.py:111] Provide "objs" in result is deprecated and will be removed in future versions! Please use "objectives" instead.
[2023-04-09 19:22:22,127][moc][INFO][generic_smbo.py:332] Iter 9, objectives: [-0.011575325708530879].
[2023-04-09 19:22:23,472][moc][WARNING][util_funcs.py:111] Provide "objs" in result is deprecated and will be removed in future versions! Please use "objectives" instead.
[2023-04-09 19:22:23,484][moc][INFO][generic_smbo.py:332] Iter 10, objectives: [-0.008681801413351264].
[2023-04-09 19:22:24,838][moc][WARNING][util_funcs.py:111] Provide "objs" in result is deprecated and will be removed in future versions! Please use "objectives" instead.
[2023-04-09 19:22:24,839][moc][INFO][generic_smbo.py:332] Iter 11, objectives: [-0.006945588020386053].
[2023-04-09 19:22:26,007][moc][WARNING][util_funcs.py:111] Provide "objs" in result is deprecated and will be removed in future versions! Please use "objectives" instead.
[2023-04-09 19:22:26,008][moc][INFO][generic_smbo.py:332] Iter 12, objectives: [-0.011575325708530879].
[2023-04-09 19:22:27,662][moc][WARNING][util_funcs.py:111] Provide "objs" in result is deprecated and will be removed in future versions! Please use "objectives" instead.
[2023-04-09 19:22:27,663][moc][INFO][generic_smbo.py:332] Iter 13, objectives: [-0.01157532248284053].
[2023-04-09 19:22:29,163][moc][WARNING][util_funcs.py:111] Provide "objs" in result is deprecated and will be removed in future versions! Please use "objectives" instead.
[2023-04-09 19:22:29,164][moc][INFO][generic_smbo.py:332] Iter 14, objectives: [-0.01157532248284053].
[2023-04-09 19:22:31,111][moc][WARNING][util_funcs.py:111] Provide "objs" in result is deprecated and will be removed in future versions! Please use "objectives" instead.
[2023-04-09 19:22:31,113][moc][INFO][generic_smbo.py:332] Iter 15, objectives: [-0.01157531818192286].
[2023-04-09 19:22:32,464][moc][WARNING][util_funcs.py:111] Provide "objs" in result is deprecated and will be removed in future versions! Please use "objectives" instead.
[2023-04-09 19:22:32,466][moc][INFO][generic_smbo.py:332] Iter 16, objectives: [-0.011575325708530879].
[2023-04-09 19:22:33,822][moc][WARNING][util_funcs.py:111] Provide "objs" in result is deprecated and will be removed in future versions! Please use "objectives" instead.
[2023-04-09 19:22:33,823][moc][INFO][generic_smbo.py:332] Iter 17, objectives: [-0.011575325708530879].
[2023-04-09 19:22:35,336][moc][WARNING][util_funcs.py:111] Provide "objs" in result is deprecated and will be removed in future versions! Please use "objectives" instead.
[2023-04-09 19:22:35,337][moc][INFO][generic_smbo.py:332] Iter 18, objectives: [-0.011575327213853657].
[2023-04-09 19:22:36,430][moc][WARNING][util_funcs.py:111] Provide "objs" in result is deprecated and will be removed in future versions! Please use "objectives" instead.
[2023-04-09 19:22:36,432][moc][INFO][generic_smbo.py:332] Iter 19, objectives: [-0.011575324203208491].
[2023-04-09 19:22:38,328][moc][WARNING][util_funcs.py:111] Provide "objs" in result is deprecated and will be removed in future versions! Please use "objectives" instead.
[2023-04-09 19:22:38,330][moc][INFO][generic_smbo.py:332] Iter 20, objectives: [-0.011575321945225646].
