[2023-04-10 16:41:02,986][moc][INFO][color_logger.py:203] Logfile: /home/chenyiqi/wafer_scale_chip_dse_framework/logs/moc_2023-04-10-16-41-02-986309.log
[2023-04-10 16:41:03,235][moc][WARNING][util_funcs.py:111] Provide "objs" in result is deprecated and will be removed in future versions! Please use "objectives" instead.
[2023-04-10 16:41:03,236][moc][INFO][generic_smbo.py:333] Iter 1, objectives: [-0.3026144243918452].
[2023-04-10 16:41:03,442][moc][WARNING][util_funcs.py:111] Provide "objs" in result is deprecated and will be removed in future versions! Please use "objectives" instead.
[2023-04-10 16:41:03,442][moc][INFO][generic_smbo.py:333] Iter 2, objectives: [-2.124096963116378].
[2023-04-10 16:41:03,729][moc][WARNING][util_funcs.py:111] Provide "objs" in result is deprecated and will be removed in future versions! Please use "objectives" instead.
[2023-04-10 16:41:03,729][moc][INFO][generic_smbo.py:333] Iter 3, objectives: [-1.7018668275538043].
[2023-04-10 16:41:03,948][moc][WARNING][util_funcs.py:111] Provide "objs" in result is deprecated and will be removed in future versions! Please use "objectives" instead.
[2023-04-10 16:41:03,948][moc][INFO][generic_smbo.py:333] Iter 4, objectives: [-0.21244795738869118].
[2023-04-10 16:41:04,169][moc][WARNING][util_funcs.py:111] Provide "objs" in result is deprecated and will be removed in future versions! Please use "objectives" instead.
[2023-04-10 16:41:04,169][moc][INFO][generic_smbo.py:333] Iter 5, objectives: [-2.0457684422129927].
[2023-04-10 16:41:04,394][moc][WARNING][util_funcs.py:111] Provide "objs" in result is deprecated and will be removed in future versions! Please use "objectives" instead.
[2023-04-10 16:41:04,394][moc][INFO][generic_smbo.py:333] Iter 6, objectives: [-0.2335885819927766].
[2023-04-10 16:41:04,579][moc][WARNING][util_funcs.py:111] Provide "objs" in result is deprecated and will be removed in future versions! Please use "objectives" instead.
[2023-04-10 16:41:04,579][moc][INFO][generic_smbo.py:333] Iter 7, objectives: [-0.7367691259701021].
[2023-04-10 16:41:04,809][moc][WARNING][util_funcs.py:111] Provide "objs" in result is deprecated and will be removed in future versions! Please use "objectives" instead.
[2023-04-10 16:41:04,810][moc][INFO][generic_smbo.py:333] Iter 8, objectives: [-1.2297799772898794].
[2023-04-10 16:41:05,115][moc][WARNING][util_funcs.py:111] Provide "objs" in result is deprecated and will be removed in future versions! Please use "objectives" instead.
[2023-04-10 16:41:05,115][moc][INFO][generic_smbo.py:333] Iter 9, objectives: [-0.948008003066527].
[2023-04-10 16:41:05,302][moc][WARNING][util_funcs.py:111] Provide "objs" in result is deprecated and will be removed in future versions! Please use "objectives" instead.
[2023-04-10 16:41:05,302][moc][INFO][generic_smbo.py:333] Iter 10, objectives: [-2.49395435623343].
[2023-04-10 16:41:05,303][moc][WARNING][util_funcs.py:111] Provide "objs" in result is deprecated and will be removed in future versions! Please use "objectives" instead.
[2023-04-10 16:41:05,303][moc][WARNING][util_funcs.py:123] Unused information in result: {'config': [Configuration(values={
  'data_parallel_size': 4,
  'micro_batch_size': 45,
  'model_parallel_size': 3,
  'num_reticle_per_pipeline_stage': 23,
  'tensor_parallel_size': 4,
})
]}
[2023-04-10 16:41:05,303][moc][INFO][generic_smbo.py:418] Iter 4, objectives: [-2.49395435623343].
[2023-04-10 16:41:05,304][moc][WARNING][util_funcs.py:231] Keyword argument "num_objs" is deprecated and will be removed in a future version. Please use "num_objectives" instead.
