[2023-04-10 16:41:33,816][moc][INFO][color_logger.py:203] Logfile: /home/chenyiqi/wafer_scale_chip_dse_framework/logs/moc_2023-04-10-16-41-33-816079.log
[2023-04-10 16:41:33,823][moc][WARNING][util_funcs.py:111] Provide "objs" in result is deprecated and will be removed in future versions! Please use "objectives" instead.
[2023-04-10 16:41:33,824][moc][INFO][generic_smbo.py:333] Iter 1, objectives: [-0.4153265823252176].
[2023-04-10 16:41:33,828][moc][WARNING][util_funcs.py:111] Provide "objs" in result is deprecated and will be removed in future versions! Please use "objectives" instead.
[2023-04-10 16:41:33,828][moc][INFO][generic_smbo.py:333] Iter 2, objectives: [-0.9676743883431975].
[2023-04-10 16:41:33,833][moc][WARNING][util_funcs.py:111] Provide "objs" in result is deprecated and will be removed in future versions! Please use "objectives" instead.
[2023-04-10 16:41:33,833][moc][INFO][generic_smbo.py:333] Iter 3, objectives: [-0.40975876760507235].
[2023-04-10 16:41:33,838][moc][WARNING][util_funcs.py:111] Provide "objs" in result is deprecated and will be removed in future versions! Please use "objectives" instead.
[2023-04-10 16:41:33,838][moc][INFO][generic_smbo.py:333] Iter 4, objectives: [-32.13679372286745].
[2023-04-10 16:41:33,842][moc][WARNING][util_funcs.py:111] Provide "objs" in result is deprecated and will be removed in future versions! Please use "objectives" instead.
[2023-04-10 16:41:33,843][moc][INFO][generic_smbo.py:333] Iter 5, objectives: [-0.5711172361683264].
[2023-04-10 16:41:33,847][moc][WARNING][util_funcs.py:111] Provide "objs" in result is deprecated and will be removed in future versions! Please use "objectives" instead.
[2023-04-10 16:41:33,847][moc][INFO][generic_smbo.py:333] Iter 6, objectives: [-0.8111322565319263].
[2023-04-10 16:41:33,852][moc][WARNING][util_funcs.py:111] Provide "objs" in result is deprecated and will be removed in future versions! Please use "objectives" instead.
[2023-04-10 16:41:33,852][moc][INFO][generic_smbo.py:333] Iter 7, objectives: [-0.3590584880543984].
[2023-04-10 16:41:33,857][moc][WARNING][util_funcs.py:111] Provide "objs" in result is deprecated and will be removed in future versions! Please use "objectives" instead.
[2023-04-10 16:41:33,857][moc][INFO][generic_smbo.py:333] Iter 8, objectives: [-0.6827150004051573].
[2023-04-10 16:41:33,862][moc][WARNING][util_funcs.py:111] Provide "objs" in result is deprecated and will be removed in future versions! Please use "objectives" instead.
[2023-04-10 16:41:33,862][moc][INFO][generic_smbo.py:333] Iter 9, objectives: [-0.6089500892425288].
[2023-04-10 16:41:33,867][moc][WARNING][util_funcs.py:111] Provide "objs" in result is deprecated and will be removed in future versions! Please use "objectives" instead.
[2023-04-10 16:41:33,867][moc][INFO][generic_smbo.py:333] Iter 10, objectives: [-0.9043702242119513].
[2023-04-10 16:41:33,868][moc][WARNING][util_funcs.py:111] Provide "objs" in result is deprecated and will be removed in future versions! Please use "objectives" instead.
[2023-04-10 16:41:33,868][moc][WARNING][util_funcs.py:123] Unused information in result: {'config': [Configuration(values={
  'data_parallel_size': 2,
  'micro_batch_size': 149,
  'model_parallel_size': 3,
  'num_reticle_per_pipeline_stage': 44,
  'tensor_parallel_size': 1,
})
]}
[2023-04-10 16:41:33,868][moc][INFO][generic_smbo.py:418] Iter 20, objectives: [-32.13679372286745].
