[2023-04-09 19:24:03,221][moc][INFO][color_logger.py:203] Logfile: /home/chenyiqi/wafer_scale_chip_dse_framework/logs/moc_2023-04-09-19-24-03-220331.log
[2023-04-09 19:24:03,225][moc][INFO][generic_advisor.py:157] [BO auto selection]  acq_type: ei.
[2023-04-09 19:24:03,454][moc][WARNING][util_funcs.py:111] Provide "objs" in result is deprecated and will be removed in future versions! Please use "objectives" instead.
[2023-04-09 19:24:03,455][moc][INFO][generic_smbo.py:332] Iter 1, objectives: [-0.011575308146460727].
[2023-04-09 19:24:03,731][moc][WARNING][util_funcs.py:111] Provide "objs" in result is deprecated and will be removed in future versions! Please use "objectives" instead.
[2023-04-09 19:24:03,732][moc][INFO][generic_smbo.py:332] Iter 2, objectives: [-0.00868180240128922].
[2023-04-09 19:24:03,977][moc][WARNING][util_funcs.py:111] Provide "objs" in result is deprecated and will be removed in future versions! Please use "objectives" instead.
[2023-04-09 19:24:03,978][moc][INFO][generic_smbo.py:332] Iter 3, objectives: [-0.008681796922727025].
[2023-04-09 19:24:04,287][moc][WARNING][util_funcs.py:111] Provide "objs" in result is deprecated and will be removed in future versions! Please use "objectives" instead.
[2023-04-09 19:24:04,288][moc][INFO][generic_smbo.py:332] Iter 4, objectives: [-0.008681802973253402].
[2023-04-09 19:24:04,817][moc][WARNING][util_funcs.py:111] Provide "objs" in result is deprecated and will be removed in future versions! Please use "objectives" instead.
[2023-04-09 19:24:04,818][moc][INFO][generic_smbo.py:332] Iter 5, objectives: [-0.005788072389159903].
[2023-04-09 19:24:05,833][moc][WARNING][util_funcs.py:111] Provide "objs" in result is deprecated and will be removed in future versions! Please use "objectives" instead.
[2023-04-09 19:24:05,834][moc][INFO][generic_smbo.py:332] Iter 6, objectives: [-0.006945591464442716].
[2023-04-09 19:24:07,239][moc][WARNING][util_funcs.py:111] Provide "objs" in result is deprecated and will be removed in future versions! Please use "objectives" instead.
[2023-04-09 19:24:07,240][moc][INFO][generic_smbo.py:332] Iter 7, objectives: [-0.011575308146460727].
[2023-04-09 19:24:07,241][moc][INFO][generic_advisor.py:365] Sample random config. rand_prob=0.100000.
[2023-04-09 19:24:07,448][moc][WARNING][util_funcs.py:111] Provide "objs" in result is deprecated and will be removed in future versions! Please use "objectives" instead.
[2023-04-09 19:24:07,448][moc][INFO][generic_smbo.py:332] Iter 8, objectives: [-0.011575308146460727].
[2023-04-09 19:24:07,449][moc][INFO][generic_advisor.py:365] Sample random config. rand_prob=0.100000.
[2023-04-09 19:24:07,794][moc][WARNING][util_funcs.py:111] Provide "objs" in result is deprecated and will be removed in future versions! Please use "objectives" instead.
[2023-04-09 19:24:07,795][moc][INFO][generic_smbo.py:332] Iter 9, objectives: [-0.006945587659067808].
[2023-04-09 19:24:07,796][moc][INFO][generic_advisor.py:365] Sample random config. rand_prob=0.100000.
[2023-04-09 19:24:08,648][moc][WARNING][util_funcs.py:111] Provide "objs" in result is deprecated and will be removed in future versions! Please use "objectives" instead.
[2023-04-09 19:24:08,649][moc][INFO][generic_smbo.py:332] Iter 10, objectives: [-0.008681807984291658].
[2023-04-09 19:24:08,650][moc][INFO][generic_advisor.py:365] Sample random config. rand_prob=0.100000.
[2023-04-09 19:24:09,164][moc][WARNING][util_funcs.py:111] Provide "objs" in result is deprecated and will be removed in future versions! Please use "objectives" instead.
[2023-04-09 19:24:09,170][moc][INFO][generic_smbo.py:332] Iter 11, objectives: [-0.005788071398745061].
[2023-04-09 19:24:10,134][moc][WARNING][util_funcs.py:111] Provide "objs" in result is deprecated and will be removed in future versions! Please use "objectives" instead.
[2023-04-09 19:24:10,136][moc][INFO][generic_smbo.py:332] Iter 12, objectives: [-0.011575308146460727].
[2023-04-09 19:24:11,632][moc][WARNING][util_funcs.py:111] Provide "objs" in result is deprecated and will be removed in future versions! Please use "objectives" instead.
[2023-04-09 19:24:11,633][moc][INFO][generic_smbo.py:332] Iter 13, objectives: [-0.017361716893564853].
[2023-04-09 19:24:11,634][moc][INFO][generic_advisor.py:365] Sample random config. rand_prob=0.100000.
[2023-04-09 19:24:12,513][moc][WARNING][util_funcs.py:111] Provide "objs" in result is deprecated and will be removed in future versions! Please use "objectives" instead.
[2023-04-09 19:24:12,515][moc][INFO][generic_smbo.py:332] Iter 14, objectives: [-0.0038588045105873085].
[2023-04-09 19:24:13,619][moc][WARNING][util_funcs.py:111] Provide "objs" in result is deprecated and will be removed in future versions! Please use "objectives" instead.
[2023-04-09 19:24:13,619][moc][INFO][generic_smbo.py:332] Iter 15, objectives: [-0.017361703723931553].
[2023-04-09 19:24:15,123][moc][WARNING][util_funcs.py:111] Provide "objs" in result is deprecated and will be removed in future versions! Please use "objectives" instead.
[2023-04-09 19:24:15,124][moc][INFO][generic_smbo.py:332] Iter 16, objectives: [-0.017361703723931553].
[2023-04-09 19:24:15,124][moc][INFO][generic_advisor.py:365] Sample random config. rand_prob=0.100000.
[2023-04-09 19:24:15,454][moc][WARNING][util_funcs.py:111] Provide "objs" in result is deprecated and will be removed in future versions! Please use "objectives" instead.
[2023-04-09 19:24:15,455][moc][INFO][generic_smbo.py:332] Iter 17, objectives: [-0.011575323971620467].
[2023-04-09 19:24:16,747][moc][WARNING][util_funcs.py:111] Provide "objs" in result is deprecated and will be removed in future versions! Please use "objectives" instead.
[2023-04-09 19:24:16,748][moc][INFO][generic_smbo.py:332] Iter 18, objectives: [-0.017361703723931553].
[2023-04-09 19:24:18,549][moc][WARNING][util_funcs.py:111] Provide "objs" in result is deprecated and will be removed in future versions! Please use "objectives" instead.
[2023-04-09 19:24:18,550][moc][INFO][generic_smbo.py:332] Iter 19, objectives: [-0.011575308146460727].
[2023-04-09 19:24:20,292][moc][WARNING][util_funcs.py:111] Provide "objs" in result is deprecated and will be removed in future versions! Please use "objectives" instead.
[2023-04-09 19:24:20,293][moc][INFO][generic_smbo.py:332] Iter 20, objectives: [-0.017361703723931553].
