[2023-04-09 19:24:46,835][moc][INFO][color_logger.py:203] Logfile: /home/chenyiqi/wafer_scale_chip_dse_framework/logs/moc_2023-04-09-19-24-46-831654.log
[2023-04-09 19:24:46,843][moc][INFO][generic_advisor.py:157] [BO auto selection]  acq_type: ei.
[2023-04-09 19:24:47,613][moc][WARNING][util_funcs.py:111] Provide "objs" in result is deprecated and will be removed in future versions! Please use "objectives" instead.
[2023-04-09 19:24:47,614][moc][INFO][generic_smbo.py:332] Iter 1, objectives: [-0.008681808131333795].
[2023-04-09 19:24:48,194][moc][WARNING][util_funcs.py:111] Provide "objs" in result is deprecated and will be removed in future versions! Please use "objectives" instead.
[2023-04-09 19:24:48,195][moc][INFO][generic_smbo.py:332] Iter 2, objectives: [-0.008681807108526096].
[2023-04-09 19:24:49,002][moc][WARNING][util_funcs.py:111] Provide "objs" in result is deprecated and will be removed in future versions! Please use "objectives" instead.
[2023-04-09 19:24:49,003][moc][INFO][generic_smbo.py:332] Iter 3, objectives: [-0.00496125462628226].
[2023-04-09 19:24:49,828][moc][WARNING][util_funcs.py:111] Provide "objs" in result is deprecated and will be removed in future versions! Please use "objectives" instead.
[2023-04-09 19:24:49,830][moc][INFO][generic_smbo.py:332] Iter 4, objectives: [-0.006945590408690013].
[2023-04-09 19:24:50,031][moc][WARNING][util_funcs.py:111] Provide "objs" in result is deprecated and will be removed in future versions! Please use "objectives" instead.
[2023-04-09 19:24:50,032][moc][INFO][generic_smbo.py:332] Iter 5, objectives: [-0.008681798120226368].
[2023-04-09 19:24:50,615][moc][WARNING][util_funcs.py:111] Provide "objs" in result is deprecated and will be removed in future versions! Please use "objectives" instead.
[2023-04-09 19:24:50,616][moc][INFO][generic_smbo.py:332] Iter 6, objectives: [-0.006945588615498541].
[2023-04-09 19:24:50,616][moc][INFO][generic_advisor.py:365] Sample random config. rand_prob=0.100000.
[2023-04-09 19:24:51,355][moc][WARNING][util_funcs.py:111] Provide "objs" in result is deprecated and will be removed in future versions! Please use "objectives" instead.
[2023-04-09 19:24:51,356][moc][INFO][generic_smbo.py:332] Iter 7, objectives: [-0.005788072587126461].
[2023-04-09 19:24:53,558][moc][WARNING][util_funcs.py:111] Provide "objs" in result is deprecated and will be removed in future versions! Please use "objectives" instead.
[2023-04-09 19:24:53,559][moc][INFO][generic_smbo.py:332] Iter 8, objectives: [-0.008681808200060013].
[2023-04-09 19:24:53,560][moc][INFO][generic_advisor.py:365] Sample random config. rand_prob=0.100000.
[2023-04-09 19:24:53,986][moc][WARNING][util_funcs.py:111] Provide "objs" in result is deprecated and will be removed in future versions! Please use "objectives" instead.
[2023-04-09 19:24:53,987][moc][INFO][generic_smbo.py:332] Iter 9, objectives: [-0.01736177915028365].
[2023-04-09 19:24:55,195][moc][WARNING][util_funcs.py:111] Provide "objs" in result is deprecated and will be removed in future versions! Please use "objectives" instead.
[2023-04-09 19:24:55,196][moc][INFO][generic_smbo.py:332] Iter 10, objectives: [-0.017361774840188735].
[2023-04-09 19:24:56,931][moc][WARNING][util_funcs.py:111] Provide "objs" in result is deprecated and will be removed in future versions! Please use "objectives" instead.
[2023-04-09 19:24:56,932][moc][INFO][generic_smbo.py:332] Iter 11, objectives: [-0.01736177709785723].
[2023-04-09 19:24:58,012][moc][WARNING][util_funcs.py:111] Provide "objs" in result is deprecated and will be removed in future versions! Please use "objectives" instead.
[2023-04-09 19:24:58,013][moc][INFO][generic_smbo.py:332] Iter 12, objectives: [-0.017361766473540003].
[2023-04-09 19:24:59,629][moc][WARNING][util_funcs.py:111] Provide "objs" in result is deprecated and will be removed in future versions! Please use "objectives" instead.
[2023-04-09 19:24:59,630][moc][INFO][generic_smbo.py:332] Iter 13, objectives: [-0.01736175452119866].
[2023-04-09 19:25:00,699][moc][WARNING][util_funcs.py:111] Provide "objs" in result is deprecated and will be removed in future versions! Please use "objectives" instead.
[2023-04-09 19:25:00,700][moc][INFO][generic_smbo.py:332] Iter 14, objectives: [-0.017361743232891393].
[2023-04-09 19:25:01,939][moc][WARNING][util_funcs.py:111] Provide "objs" in result is deprecated and will be removed in future versions! Please use "objectives" instead.
[2023-04-09 19:25:01,940][moc][INFO][generic_smbo.py:332] Iter 15, objectives: [-0.017361749311208867].
[2023-04-09 19:25:03,464][moc][WARNING][util_funcs.py:111] Provide "objs" in result is deprecated and will be removed in future versions! Please use "objectives" instead.
[2023-04-09 19:25:03,466][moc][INFO][generic_smbo.py:332] Iter 16, objectives: [-0.017361759036525676].
[2023-04-09 19:25:05,087][moc][WARNING][util_funcs.py:111] Provide "objs" in result is deprecated and will be removed in future versions! Please use "objectives" instead.
[2023-04-09 19:25:05,088][moc][INFO][generic_smbo.py:332] Iter 17, objectives: [-0.01736175452119866].
[2023-04-09 19:25:06,810][moc][WARNING][util_funcs.py:111] Provide "objs" in result is deprecated and will be removed in future versions! Please use "objectives" instead.
[2023-04-09 19:25:06,812][moc][INFO][generic_smbo.py:332] Iter 18, objectives: [-0.017361716893564853].
[2023-04-09 19:25:08,787][moc][WARNING][util_funcs.py:111] Provide "objs" in result is deprecated and will be removed in future versions! Please use "objectives" instead.
[2023-04-09 19:25:08,787][moc][INFO][generic_smbo.py:332] Iter 19, objectives: [-0.017361716893564853].
[2023-04-09 19:25:10,286][moc][WARNING][util_funcs.py:111] Provide "objs" in result is deprecated and will be removed in future versions! Please use "objectives" instead.
[2023-04-09 19:25:10,288][moc][INFO][generic_smbo.py:332] Iter 20, objectives: [-0.01736172742928588].
