[2023-04-10 16:57:47,832][moc][INFO][color_logger.py:203] Logfile: /home/chenyiqi/wafer_scale_chip_dse_framework/logs/moc_2023-04-10-16-57-47-831850.log
[2023-04-10 16:57:47,939][moc][WARNING][util_funcs.py:111] Provide "objs" in result is deprecated and will be removed in future versions! Please use "objectives" instead.
[2023-04-10 16:57:47,939][moc][INFO][generic_smbo.py:333] Iter 1, objectives: [-0.08185228025115812].
[2023-04-10 16:57:48,038][moc][WARNING][util_funcs.py:111] Provide "objs" in result is deprecated and will be removed in future versions! Please use "objectives" instead.
[2023-04-10 16:57:48,038][moc][INFO][generic_smbo.py:333] Iter 2, objectives: [-0.41292230420097564].
[2023-04-10 16:57:48,138][moc][WARNING][util_funcs.py:111] Provide "objs" in result is deprecated and will be removed in future versions! Please use "objectives" instead.
[2023-04-10 16:57:48,138][moc][INFO][generic_smbo.py:333] Iter 3, objectives: [-0.7476887718126193].
[2023-04-10 16:57:48,226][moc][WARNING][util_funcs.py:111] Provide "objs" in result is deprecated and will be removed in future versions! Please use "objectives" instead.
[2023-04-10 16:57:48,227][moc][INFO][generic_smbo.py:333] Iter 4, objectives: [-0.775356370021409].
[2023-04-10 16:57:48,332][moc][WARNING][util_funcs.py:111] Provide "objs" in result is deprecated and will be removed in future versions! Please use "objectives" instead.
[2023-04-10 16:57:48,332][moc][INFO][generic_smbo.py:333] Iter 5, objectives: [-0.21206270539341812].
[2023-04-10 16:57:48,432][moc][WARNING][util_funcs.py:111] Provide "objs" in result is deprecated and will be removed in future versions! Please use "objectives" instead.
[2023-04-10 16:57:48,432][moc][INFO][generic_smbo.py:333] Iter 6, objectives: [-0.21076425890903058].
[2023-04-10 16:57:48,534][moc][WARNING][util_funcs.py:111] Provide "objs" in result is deprecated and will be removed in future versions! Please use "objectives" instead.
[2023-04-10 16:57:48,534][moc][INFO][generic_smbo.py:333] Iter 7, objectives: [-0.25813760953899234].
[2023-04-10 16:57:48,790][moc][WARNING][util_funcs.py:111] Provide "objs" in result is deprecated and will be removed in future versions! Please use "objectives" instead.
[2023-04-10 16:57:48,790][moc][INFO][generic_smbo.py:333] Iter 8, objectives: [-1.6097042553472063].
[2023-04-10 16:57:48,791][moc][WARNING][util_funcs.py:111] Provide "objs" in result is deprecated and will be removed in future versions! Please use "objectives" instead.
[2023-04-10 16:57:48,791][moc][INFO][generic_smbo.py:418] Iter 5, objectives: [10000000000.0].
[2023-04-10 16:57:48,792][moc][WARNING][util_funcs.py:231] Keyword argument "num_objs" is deprecated and will be removed in a future version. Please use "num_objectives" instead.
