[2023-04-10 17:20:24,178][moc][INFO][color_logger.py:203] Logfile: /home/chenyiqi/wafer_scale_chip_dse_framework/logs/moc_2023-04-10-17-20-24-178228.log
[2023-04-10 17:20:24,890][moc][WARNING][util_funcs.py:111] Provide "objs" in result is deprecated and will be removed in future versions! Please use "objectives" instead.
[2023-04-10 17:20:24,890][moc][INFO][generic_smbo.py:333] Iter 1, objectives: [-0.7942569590877318].
[2023-04-10 17:20:25,545][moc][WARNING][util_funcs.py:111] Provide "objs" in result is deprecated and will be removed in future versions! Please use "objectives" instead.
[2023-04-10 17:20:25,546][moc][INFO][generic_smbo.py:333] Iter 2, objectives: [-7.23529695606839].
[2023-04-10 17:20:26,245][moc][WARNING][util_funcs.py:111] Provide "objs" in result is deprecated and will be removed in future versions! Please use "objectives" instead.
[2023-04-10 17:20:26,246][moc][INFO][generic_smbo.py:333] Iter 3, objectives: [-0.30803181649888456].
[2023-04-10 17:20:26,763][moc][WARNING][util_funcs.py:111] Provide "objs" in result is deprecated and will be removed in future versions! Please use "objectives" instead.
[2023-04-10 17:20:26,763][moc][INFO][generic_smbo.py:333] Iter 4, objectives: [-0.8873161114156634].
[2023-04-10 17:20:27,233][moc][WARNING][util_funcs.py:111] Provide "objs" in result is deprecated and will be removed in future versions! Please use "objectives" instead.
[2023-04-10 17:20:27,234][moc][INFO][generic_smbo.py:333] Iter 5, objectives: [-21.59097808060645].
[2023-04-10 17:20:27,911][moc][WARNING][util_funcs.py:111] Provide "objs" in result is deprecated and will be removed in future versions! Please use "objectives" instead.
[2023-04-10 17:20:27,911][moc][INFO][generic_smbo.py:333] Iter 6, objectives: [-0.3269972727336217].
[2023-04-10 17:20:28,727][moc][WARNING][util_funcs.py:111] Provide "objs" in result is deprecated and will be removed in future versions! Please use "objectives" instead.
[2023-04-10 17:20:28,728][moc][INFO][generic_smbo.py:333] Iter 7, objectives: [-0.5802538176992887].
[2023-04-10 17:20:29,183][moc][WARNING][util_funcs.py:111] Provide "objs" in result is deprecated and will be removed in future versions! Please use "objectives" instead.
[2023-04-10 17:20:29,183][moc][INFO][generic_smbo.py:333] Iter 8, objectives: [-21.76118231353484].
[2023-04-10 17:20:29,867][moc][WARNING][util_funcs.py:111] Provide "objs" in result is deprecated and will be removed in future versions! Please use "objectives" instead.
[2023-04-10 17:20:29,867][moc][INFO][generic_smbo.py:333] Iter 9, objectives: [-0.65379627850706].
[2023-04-10 17:20:30,237][moc][WARNING][util_funcs.py:111] Provide "objs" in result is deprecated and will be removed in future versions! Please use "objectives" instead.
[2023-04-10 17:20:30,237][moc][INFO][generic_smbo.py:333] Iter 10, objectives: [-4.261484153349248].
[2023-04-10 17:20:30,684][moc][WARNING][util_funcs.py:111] Provide "objs" in result is deprecated and will be removed in future versions! Please use "objectives" instead.
[2023-04-10 17:20:30,684][moc][INFO][generic_smbo.py:333] Iter 11, objectives: [-1.3384896323793072].
[2023-04-10 17:20:31,477][moc][WARNING][util_funcs.py:111] Provide "objs" in result is deprecated and will be removed in future versions! Please use "objectives" instead.
[2023-04-10 17:20:31,477][moc][INFO][generic_smbo.py:333] Iter 12, objectives: [-0.24130677195583788].
[2023-04-10 17:20:32,149][moc][WARNING][util_funcs.py:111] Provide "objs" in result is deprecated and will be removed in future versions! Please use "objectives" instead.
[2023-04-10 17:20:32,149][moc][INFO][generic_smbo.py:333] Iter 13, objectives: [-0.23623918323903056].
[2023-04-10 17:20:32,786][moc][WARNING][util_funcs.py:111] Provide "objs" in result is deprecated and will be removed in future versions! Please use "objectives" instead.
[2023-04-10 17:20:32,787][moc][INFO][generic_smbo.py:333] Iter 14, objectives: [-12.290572782418181].
[2023-04-10 17:20:33,464][moc][WARNING][util_funcs.py:111] Provide "objs" in result is deprecated and will be removed in future versions! Please use "objectives" instead.
[2023-04-10 17:20:33,465][moc][INFO][generic_smbo.py:333] Iter 15, objectives: [-1.5397864535583043].
[2023-04-10 17:20:34,138][moc][WARNING][util_funcs.py:111] Provide "objs" in result is deprecated and will be removed in future versions! Please use "objectives" instead.
[2023-04-10 17:20:34,138][moc][INFO][generic_smbo.py:333] Iter 16, objectives: [-0.1103738128972744].
[2023-04-10 17:20:34,794][moc][WARNING][util_funcs.py:111] Provide "objs" in result is deprecated and will be removed in future versions! Please use "objectives" instead.
[2023-04-10 17:20:34,794][moc][INFO][generic_smbo.py:333] Iter 17, objectives: [-0.6572450079496992].
[2023-04-10 17:20:35,457][moc][WARNING][util_funcs.py:111] Provide "objs" in result is deprecated and will be removed in future versions! Please use "objectives" instead.
[2023-04-10 17:20:35,457][moc][INFO][generic_smbo.py:333] Iter 18, objectives: [-1.8021873312823116].
[2023-04-10 17:20:36,024][moc][WARNING][util_funcs.py:111] Provide "objs" in result is deprecated and will be removed in future versions! Please use "objectives" instead.
[2023-04-10 17:20:36,024][moc][INFO][generic_smbo.py:333] Iter 19, objectives: [-3.3067176648845376].
[2023-04-10 17:20:36,816][moc][WARNING][util_funcs.py:111] Provide "objs" in result is deprecated and will be removed in future versions! Please use "objectives" instead.
[2023-04-10 17:20:36,817][moc][INFO][generic_smbo.py:333] Iter 20, objectives: [-0.10417354378733332].
[2023-04-10 17:20:36,817][moc][WARNING][util_funcs.py:111] Provide "objs" in result is deprecated and will be removed in future versions! Please use "objectives" instead.
[2023-04-10 17:20:36,817][moc][WARNING][util_funcs.py:123] Unused information in result: {'config': [{'data_parallel_size': 5, 'micro_batch_size': 95, 'model_parallel_size': 2, 'num_reticle_per_pipeline_stage': 835, 'tensor_parallel_size': 1}]}
[2023-04-10 17:20:36,818][moc][INFO][generic_smbo.py:418] Iter 2, objectives: [-21.76118231353484].
[2023-04-10 17:20:36,819][moc][WARNING][util_funcs.py:231] Keyword argument "num_objs" is deprecated and will be removed in a future version. Please use "num_objectives" instead.
