[2023-04-10 17:21:11,032][moc][INFO][color_logger.py:203] Logfile: /home/chenyiqi/wafer_scale_chip_dse_framework/logs/moc_2023-04-10-17-21-11-032108.log
[2023-04-10 17:21:11,085][moc][WARNING][util_funcs.py:111] Provide "objs" in result is deprecated and will be removed in future versions! Please use "objectives" instead.
[2023-04-10 17:21:11,085][moc][INFO][generic_smbo.py:333] Iter 1, objectives: [-3.333070828517399].
[2023-04-10 17:21:11,150][moc][WARNING][util_funcs.py:111] Provide "objs" in result is deprecated and will be removed in future versions! Please use "objectives" instead.
[2023-04-10 17:21:11,150][moc][INFO][generic_smbo.py:333] Iter 2, objectives: [-0.24989703066350635].
[2023-04-10 17:21:11,211][moc][WARNING][util_funcs.py:111] Provide "objs" in result is deprecated and will be removed in future versions! Please use "objectives" instead.
[2023-04-10 17:21:11,211][moc][INFO][generic_smbo.py:333] Iter 3, objectives: [-1.2858594181383143].
[2023-04-10 17:21:11,276][moc][WARNING][util_funcs.py:111] Provide "objs" in result is deprecated and will be removed in future versions! Please use "objectives" instead.
[2023-04-10 17:21:11,277][moc][INFO][generic_smbo.py:333] Iter 4, objectives: [-0.7767751718669715].
[2023-04-10 17:21:11,321][moc][WARNING][util_funcs.py:111] Provide "objs" in result is deprecated and will be removed in future versions! Please use "objectives" instead.
[2023-04-10 17:21:11,321][moc][INFO][generic_smbo.py:333] Iter 5, objectives: [-8.952747156152492].
[2023-04-10 17:21:11,366][moc][WARNING][util_funcs.py:111] Provide "objs" in result is deprecated and will be removed in future versions! Please use "objectives" instead.
[2023-04-10 17:21:11,366][moc][INFO][generic_smbo.py:333] Iter 6, objectives: [-1.7911568014503985].
[2023-04-10 17:21:11,410][moc][WARNING][util_funcs.py:111] Provide "objs" in result is deprecated and will be removed in future versions! Please use "objectives" instead.
[2023-04-10 17:21:11,410][moc][INFO][generic_smbo.py:333] Iter 7, objectives: [-10.139601626197146].
[2023-04-10 17:21:11,460][moc][WARNING][util_funcs.py:111] Provide "objs" in result is deprecated and will be removed in future versions! Please use "objectives" instead.
[2023-04-10 17:21:11,460][moc][INFO][generic_smbo.py:333] Iter 8, objectives: [-5.610477790650959].
[2023-04-10 17:21:11,502][moc][WARNING][util_funcs.py:111] Provide "objs" in result is deprecated and will be removed in future versions! Please use "objectives" instead.
[2023-04-10 17:21:11,502][moc][INFO][generic_smbo.py:333] Iter 9, objectives: [-7.388890557908873].
[2023-04-10 17:21:11,545][moc][WARNING][util_funcs.py:111] Provide "objs" in result is deprecated and will be removed in future versions! Please use "objectives" instead.
[2023-04-10 17:21:11,545][moc][INFO][generic_smbo.py:333] Iter 10, objectives: [-7.247136970716366].
[2023-04-10 17:21:11,633][moc][WARNING][util_funcs.py:111] Provide "objs" in result is deprecated and will be removed in future versions! Please use "objectives" instead.
[2023-04-10 17:21:11,633][moc][INFO][generic_smbo.py:333] Iter 11, objectives: [-0.22629988502696427].
[2023-04-10 17:21:11,687][moc][WARNING][util_funcs.py:111] Provide "objs" in result is deprecated and will be removed in future versions! Please use "objectives" instead.
[2023-04-10 17:21:11,687][moc][INFO][generic_smbo.py:333] Iter 12, objectives: [-0.5722652483821412].
[2023-04-10 17:21:11,753][moc][WARNING][util_funcs.py:111] Provide "objs" in result is deprecated and will be removed in future versions! Please use "objectives" instead.
[2023-04-10 17:21:11,753][moc][INFO][generic_smbo.py:333] Iter 13, objectives: [-0.5212693673754828].
[2023-04-10 17:21:11,793][moc][WARNING][util_funcs.py:111] Provide "objs" in result is deprecated and will be removed in future versions! Please use "objectives" instead.
[2023-04-10 17:21:11,793][moc][INFO][generic_smbo.py:333] Iter 14, objectives: [-18.419135125479645].
[2023-04-10 17:21:11,842][moc][WARNING][util_funcs.py:111] Provide "objs" in result is deprecated and will be removed in future versions! Please use "objectives" instead.
[2023-04-10 17:21:11,843][moc][INFO][generic_smbo.py:333] Iter 15, objectives: [-7.991950312077949].
[2023-04-10 17:21:11,886][moc][WARNING][util_funcs.py:111] Provide "objs" in result is deprecated and will be removed in future versions! Please use "objectives" instead.
[2023-04-10 17:21:11,886][moc][INFO][generic_smbo.py:333] Iter 16, objectives: [-3.6589781909609598].
[2023-04-10 17:21:11,934][moc][WARNING][util_funcs.py:111] Provide "objs" in result is deprecated and will be removed in future versions! Please use "objectives" instead.
[2023-04-10 17:21:11,934][moc][INFO][generic_smbo.py:333] Iter 17, objectives: [-2.464861674329104].
[2023-04-10 17:21:11,976][moc][WARNING][util_funcs.py:111] Provide "objs" in result is deprecated and will be removed in future versions! Please use "objectives" instead.
[2023-04-10 17:21:11,976][moc][INFO][generic_smbo.py:333] Iter 18, objectives: [-2.1854965013625813].
[2023-04-10 17:21:12,022][moc][WARNING][util_funcs.py:111] Provide "objs" in result is deprecated and will be removed in future versions! Please use "objectives" instead.
[2023-04-10 17:21:12,023][moc][INFO][generic_smbo.py:333] Iter 19, objectives: [-3.69250274520637].
[2023-04-10 17:21:12,092][moc][WARNING][util_funcs.py:111] Provide "objs" in result is deprecated and will be removed in future versions! Please use "objectives" instead.
[2023-04-10 17:21:12,092][moc][INFO][generic_smbo.py:333] Iter 20, objectives: [-0.2952659477315167].
[2023-04-10 17:21:12,093][moc][WARNING][util_funcs.py:111] Provide "objs" in result is deprecated and will be removed in future versions! Please use "objectives" instead.
[2023-04-10 17:21:12,093][moc][WARNING][util_funcs.py:123] Unused information in result: {'config': [{'data_parallel_size': 5, 'micro_batch_size': 25, 'model_parallel_size': 12, 'num_reticle_per_pipeline_stage': 81, 'tensor_parallel_size': 1}]}
[2023-04-10 17:21:12,093][moc][INFO][generic_smbo.py:418] Iter 12, objectives: [-18.419135125479645].
[2023-04-10 17:21:16,964][moc][WARNING][util_funcs.py:231] Keyword argument "num_objs" is deprecated and will be removed in a future version. Please use "num_objectives" instead.
