[2023-04-10 16:58:30,859][moc][INFO][color_logger.py:203] Logfile: /home/chenyiqi/wafer_scale_chip_dse_framework/logs/moc_2023-04-10-16-58-30-859160.log
[2023-04-10 16:58:31,102][moc][WARNING][util_funcs.py:111] Provide "objs" in result is deprecated and will be removed in future versions! Please use "objectives" instead.
[2023-04-10 16:58:31,102][moc][INFO][generic_smbo.py:333] Iter 1, objectives: [-0.08452741265871751].
[2023-04-10 16:58:31,415][moc][WARNING][util_funcs.py:111] Provide "objs" in result is deprecated and will be removed in future versions! Please use "objectives" instead.
[2023-04-10 16:58:31,415][moc][INFO][generic_smbo.py:333] Iter 2, objectives: [-0.2150564451253579].
[2023-04-10 16:58:31,652][moc][WARNING][util_funcs.py:111] Provide "objs" in result is deprecated and will be removed in future versions! Please use "objectives" instead.
[2023-04-10 16:58:31,652][moc][INFO][generic_smbo.py:333] Iter 3, objectives: [-0.48957115108726407].
[2023-04-10 16:58:31,909][moc][WARNING][util_funcs.py:111] Provide "objs" in result is deprecated and will be removed in future versions! Please use "objectives" instead.
[2023-04-10 16:58:31,909][moc][INFO][generic_smbo.py:333] Iter 4, objectives: [-0.261146282519265].
[2023-04-10 16:58:32,212][moc][WARNING][util_funcs.py:111] Provide "objs" in result is deprecated and will be removed in future versions! Please use "objectives" instead.
[2023-04-10 16:58:32,212][moc][INFO][generic_smbo.py:333] Iter 5, objectives: [-0.8572651831880584].
[2023-04-10 16:58:32,458][moc][WARNING][util_funcs.py:111] Provide "objs" in result is deprecated and will be removed in future versions! Please use "objectives" instead.
[2023-04-10 16:58:32,458][moc][INFO][generic_smbo.py:333] Iter 6, objectives: [-3.5643046408422845].
[2023-04-10 16:58:32,707][moc][WARNING][util_funcs.py:111] Provide "objs" in result is deprecated and will be removed in future versions! Please use "objectives" instead.
[2023-04-10 16:58:32,707][moc][INFO][generic_smbo.py:333] Iter 7, objectives: [-0.08788449898588833].
[2023-04-10 16:58:32,930][moc][WARNING][util_funcs.py:111] Provide "objs" in result is deprecated and will be removed in future versions! Please use "objectives" instead.
[2023-04-10 16:58:32,930][moc][INFO][generic_smbo.py:333] Iter 8, objectives: [-0.3400983321029284].
[2023-04-10 16:58:33,184][moc][WARNING][util_funcs.py:111] Provide "objs" in result is deprecated and will be removed in future versions! Please use "objectives" instead.
[2023-04-10 16:58:33,184][moc][INFO][generic_smbo.py:333] Iter 9, objectives: [-0.7760831414086867].
[2023-04-10 16:58:33,426][moc][WARNING][util_funcs.py:111] Provide "objs" in result is deprecated and will be removed in future versions! Please use "objectives" instead.
[2023-04-10 16:58:33,426][moc][INFO][generic_smbo.py:333] Iter 10, objectives: [-2.866540364019352].
[2023-04-10 16:58:33,427][moc][WARNING][util_funcs.py:111] Provide "objs" in result is deprecated and will be removed in future versions! Please use "objectives" instead.
[2023-04-10 16:58:33,427][moc][WARNING][util_funcs.py:123] Unused information in result: {'config': [{'data_parallel_size': 1, 'micro_batch_size': 15, 'model_parallel_size': 3, 'num_reticle_per_pipeline_stage': 192, 'tensor_parallel_size': 2}]}
[2023-04-10 16:58:33,427][moc][INFO][generic_smbo.py:418] Iter 15, objectives: [-3.5643046408422845].
[2023-04-10 16:58:38,363][moc][WARNING][util_funcs.py:231] Keyword argument "num_objs" is deprecated and will be removed in a future version. Please use "num_objectives" instead.
