[2023-04-10 17:07:57,328][moc][INFO][color_logger.py:203] Logfile: /home/chenyiqi/wafer_scale_chip_dse_framework/logs/moc_2023-04-10-17-07-57-328188.log
[2023-04-10 17:07:57,334][moc][WARNING][util_funcs.py:111] Provide "objs" in result is deprecated and will be removed in future versions! Please use "objectives" instead.
[2023-04-10 17:07:57,335][moc][INFO][generic_smbo.py:333] Iter 1, objectives: [-327.53723443281035].
[2023-04-10 17:07:57,338][moc][WARNING][util_funcs.py:111] Provide "objs" in result is deprecated and will be removed in future versions! Please use "objectives" instead.
[2023-04-10 17:07:57,338][moc][INFO][generic_smbo.py:333] Iter 2, objectives: [-0.40766528668379676].
[2023-04-10 17:07:57,341][moc][WARNING][util_funcs.py:111] Provide "objs" in result is deprecated and will be removed in future versions! Please use "objectives" instead.
[2023-04-10 17:07:57,341][moc][INFO][generic_smbo.py:333] Iter 3, objectives: [-1.018902848673038].
[2023-04-10 17:07:57,344][moc][WARNING][util_funcs.py:111] Provide "objs" in result is deprecated and will be removed in future versions! Please use "objectives" instead.
[2023-04-10 17:07:57,344][moc][INFO][generic_smbo.py:333] Iter 4, objectives: [-0.3382955436101479].
[2023-04-10 17:07:57,348][moc][WARNING][util_funcs.py:111] Provide "objs" in result is deprecated and will be removed in future versions! Please use "objectives" instead.
[2023-04-10 17:07:57,348][moc][INFO][generic_smbo.py:333] Iter 5, objectives: [-0.6673177471662665].
[2023-04-10 17:07:57,350][moc][WARNING][util_funcs.py:111] Provide "objs" in result is deprecated and will be removed in future versions! Please use "objectives" instead.
[2023-04-10 17:07:57,350][moc][INFO][generic_smbo.py:333] Iter 6, objectives: [-1.7836356367432253].
[2023-04-10 17:07:57,352][moc][WARNING][util_funcs.py:111] Provide "objs" in result is deprecated and will be removed in future versions! Please use "objectives" instead.
[2023-04-10 17:07:57,352][moc][INFO][generic_smbo.py:333] Iter 7, objectives: [-41.6323710191441].
[2023-04-10 17:07:57,354][moc][WARNING][util_funcs.py:111] Provide "objs" in result is deprecated and will be removed in future versions! Please use "objectives" instead.
[2023-04-10 17:07:57,354][moc][INFO][generic_smbo.py:333] Iter 8, objectives: [-0.6169122521723178].
[2023-04-10 17:07:57,357][moc][WARNING][util_funcs.py:111] Provide "objs" in result is deprecated and will be removed in future versions! Please use "objectives" instead.
[2023-04-10 17:07:57,357][moc][INFO][generic_smbo.py:333] Iter 9, objectives: [-0.801511838560691].
[2023-04-10 17:07:57,359][moc][WARNING][util_funcs.py:111] Provide "objs" in result is deprecated and will be removed in future versions! Please use "objectives" instead.
[2023-04-10 17:07:57,359][moc][INFO][generic_smbo.py:333] Iter 10, objectives: [-1.8146251001963396].
[2023-04-10 17:07:57,361][moc][WARNING][util_funcs.py:111] Provide "objs" in result is deprecated and will be removed in future versions! Please use "objectives" instead.
[2023-04-10 17:07:57,361][moc][INFO][generic_smbo.py:333] Iter 11, objectives: [-260.4185815091778].
[2023-04-10 17:07:57,363][moc][WARNING][util_funcs.py:111] Provide "objs" in result is deprecated and will be removed in future versions! Please use "objectives" instead.
[2023-04-10 17:07:57,364][moc][INFO][generic_smbo.py:333] Iter 12, objectives: [-1.894448828451627].
[2023-04-10 17:07:57,366][moc][WARNING][util_funcs.py:111] Provide "objs" in result is deprecated and will be removed in future versions! Please use "objectives" instead.
[2023-04-10 17:07:57,367][moc][INFO][generic_smbo.py:333] Iter 13, objectives: [-1.2481769128011626].
[2023-04-10 17:07:57,367][moc][WARNING][util_funcs.py:111] Provide "objs" in result is deprecated and will be removed in future versions! Please use "objectives" instead.
[2023-04-10 17:07:57,367][moc][INFO][generic_smbo.py:418] Iter 8, objectives: [10000000000.0].
[2023-04-10 17:08:01,746][moc][WARNING][util_funcs.py:231] Keyword argument "num_objs" is deprecated and will be removed in a future version. Please use "num_objectives" instead.
