[2023-04-10 16:41:28,980][moc][INFO][color_logger.py:203] Logfile: /home/chenyiqi/wafer_scale_chip_dse_framework/logs/moc_2023-04-10-16-41-28-979687.log
[2023-04-10 16:41:28,985][moc][WARNING][util_funcs.py:111] Provide "objs" in result is deprecated and will be removed in future versions! Please use "objectives" instead.
[2023-04-10 16:41:28,985][moc][INFO][generic_smbo.py:333] Iter 1, objectives: [-3.1103047249700237].
[2023-04-10 16:41:28,988][moc][WARNING][util_funcs.py:111] Provide "objs" in result is deprecated and will be removed in future versions! Please use "objectives" instead.
[2023-04-10 16:41:28,988][moc][INFO][generic_smbo.py:333] Iter 2, objectives: [-0.6071494349598037].
[2023-04-10 16:41:28,991][moc][WARNING][util_funcs.py:111] Provide "objs" in result is deprecated and will be removed in future versions! Please use "objectives" instead.
[2023-04-10 16:41:28,991][moc][INFO][generic_smbo.py:333] Iter 3, objectives: [-0.6488689189830222].
[2023-04-10 16:41:28,994][moc][WARNING][util_funcs.py:111] Provide "objs" in result is deprecated and will be removed in future versions! Please use "objectives" instead.
[2023-04-10 16:41:28,994][moc][INFO][generic_smbo.py:333] Iter 4, objectives: [-0.5610445960918888].
[2023-04-10 16:41:28,997][moc][WARNING][util_funcs.py:111] Provide "objs" in result is deprecated and will be removed in future versions! Please use "objectives" instead.
[2023-04-10 16:41:28,997][moc][INFO][generic_smbo.py:333] Iter 5, objectives: [-1.0914064238032632].
[2023-04-10 16:41:29,000][moc][WARNING][util_funcs.py:111] Provide "objs" in result is deprecated and will be removed in future versions! Please use "objectives" instead.
[2023-04-10 16:41:29,000][moc][INFO][generic_smbo.py:333] Iter 6, objectives: [-1.0467042296271176].
[2023-04-10 16:41:29,003][moc][WARNING][util_funcs.py:111] Provide "objs" in result is deprecated and will be removed in future versions! Please use "objectives" instead.
[2023-04-10 16:41:29,003][moc][INFO][generic_smbo.py:333] Iter 7, objectives: [-0.735512762549083].
[2023-04-10 16:41:29,006][moc][WARNING][util_funcs.py:111] Provide "objs" in result is deprecated and will be removed in future versions! Please use "objectives" instead.
[2023-04-10 16:41:29,006][moc][INFO][generic_smbo.py:333] Iter 8, objectives: [-0.8920852342608262].
[2023-04-10 16:41:29,008][moc][WARNING][util_funcs.py:111] Provide "objs" in result is deprecated and will be removed in future versions! Please use "objectives" instead.
[2023-04-10 16:41:29,009][moc][INFO][generic_smbo.py:333] Iter 9, objectives: [-0.6756130086651579].
[2023-04-10 16:41:29,012][moc][WARNING][util_funcs.py:111] Provide "objs" in result is deprecated and will be removed in future versions! Please use "objectives" instead.
[2023-04-10 16:41:29,012][moc][INFO][generic_smbo.py:333] Iter 10, objectives: [-0.969540240438923].
[2023-04-10 16:41:29,012][moc][WARNING][util_funcs.py:111] Provide "objs" in result is deprecated and will be removed in future versions! Please use "objectives" instead.
[2023-04-10 16:41:29,012][moc][WARNING][util_funcs.py:123] Unused information in result: {'config': [Configuration(values={
  'data_parallel_size': 1,
  'micro_batch_size': 14,
  'model_parallel_size': 8,
  'num_reticle_per_pipeline_stage': 2,
  'tensor_parallel_size': 4,
})
]}
[2023-04-10 16:41:29,013][moc][INFO][generic_smbo.py:418] Iter 19, objectives: [-3.1103047249700237].
[2023-04-10 16:41:33,815][moc][WARNING][util_funcs.py:231] Keyword argument "num_objs" is deprecated and will be removed in a future version. Please use "num_objectives" instead.
