[2023-04-09 19:03:55,033][moc][INFO][color_logger.py:203] Logfile: /home/chenyiqi/wafer_scale_chip_dse_framework/logs/moc_2023-04-09-19-03-55-028968.log
[2023-04-09 19:03:55,043][moc][INFO][generic_advisor.py:157] [BO auto selection]  acq_type: ei.
[2023-04-09 19:03:55,346][moc][WARNING][util_funcs.py:111] Provide "objs" in result is deprecated and will be removed in future versions! Please use "objectives" instead.
[2023-04-09 19:03:55,347][moc][INFO][generic_smbo.py:332] Iter 1, objectives: [-0.017361749311208867].
[2023-04-09 19:03:55,831][moc][WARNING][util_funcs.py:111] Provide "objs" in result is deprecated and will be removed in future versions! Please use "objectives" instead.
[2023-04-09 19:03:55,832][moc][INFO][generic_smbo.py:332] Iter 2, objectives: [-0.0069455901226020515].
[2023-04-09 19:03:56,039][moc][WARNING][util_funcs.py:111] Provide "objs" in result is deprecated and will be removed in future versions! Please use "objectives" instead.
[2023-04-09 19:03:56,041][moc][INFO][generic_smbo.py:332] Iter 3, objectives: [-0.011575321945225646].
[2023-04-09 19:03:56,359][moc][WARNING][util_funcs.py:111] Provide "objs" in result is deprecated and will be removed in future versions! Please use "objectives" instead.
[2023-04-09 19:03:56,360][moc][INFO][generic_smbo.py:332] Iter 4, objectives: [-0.00694558872227711].
[2023-04-09 19:03:56,625][moc][WARNING][util_funcs.py:111] Provide "objs" in result is deprecated and will be removed in future versions! Please use "objectives" instead.
[2023-04-09 19:03:56,627][moc][INFO][generic_smbo.py:332] Iter 5, objectives: [-0.011575319550396316].
[2023-04-09 19:03:57,233][moc][WARNING][util_funcs.py:111] Provide "objs" in result is deprecated and will be removed in future versions! Please use "objectives" instead.
[2023-04-09 19:03:57,234][moc][INFO][generic_smbo.py:332] Iter 6, objectives: [-0.004961253977952574].
[2023-04-09 19:03:57,235][moc][INFO][generic_advisor.py:365] Sample random config. rand_prob=0.100000.
[2023-04-09 19:03:57,651][moc][WARNING][util_funcs.py:111] Provide "objs" in result is deprecated and will be removed in future versions! Please use "objectives" instead.
[2023-04-09 19:03:57,652][moc][INFO][generic_smbo.py:332] Iter 7, objectives: [-0.008681803805201439].
[2023-04-09 19:03:58,798][moc][WARNING][util_funcs.py:111] Provide "objs" in result is deprecated and will be removed in future versions! Please use "objectives" instead.
[2023-04-09 19:03:58,799][moc][INFO][generic_smbo.py:332] Iter 8, objectives: [-0.017361743232891393].
[2023-04-09 19:03:59,900][moc][WARNING][util_funcs.py:111] Provide "objs" in result is deprecated and will be removed in future versions! Please use "objectives" instead.
[2023-04-09 19:03:59,901][moc][INFO][generic_smbo.py:332] Iter 9, objectives: [-0.017361749311208867].
[2023-04-09 19:04:01,264][moc][WARNING][util_funcs.py:111] Provide "objs" in result is deprecated and will be removed in future versions! Please use "objectives" instead.
[2023-04-09 19:04:01,265][moc][INFO][generic_smbo.py:332] Iter 10, objectives: [-0.017361762987438745].
[2023-04-09 19:04:02,425][moc][WARNING][util_funcs.py:111] Provide "objs" in result is deprecated and will be removed in future versions! Please use "objectives" instead.
[2023-04-09 19:04:02,426][moc][INFO][generic_smbo.py:332] Iter 11, objectives: [-0.01736175452119866].
[2023-04-09 19:04:03,702][moc][WARNING][util_funcs.py:111] Provide "objs" in result is deprecated and will be removed in future versions! Please use "objectives" instead.
[2023-04-09 19:04:03,704][moc][INFO][generic_smbo.py:332] Iter 12, objectives: [-0.011575324203208491].
[2023-04-09 19:04:03,705][moc][INFO][generic_advisor.py:365] Sample random config. rand_prob=0.100000.
[2023-04-09 19:04:04,414][moc][WARNING][util_funcs.py:111] Provide "objs" in result is deprecated and will be removed in future versions! Please use "objectives" instead.
[2023-04-09 19:04:04,415][moc][INFO][generic_smbo.py:332] Iter 13, objectives: [-0.011575339507337669].
[2023-04-09 19:04:05,445][moc][WARNING][util_funcs.py:111] Provide "objs" in result is deprecated and will be removed in future versions! Please use "objectives" instead.
[2023-04-09 19:04:05,446][moc][INFO][generic_smbo.py:332] Iter 14, objectives: [-0.017361766473540003].
[2023-04-09 19:04:06,966][moc][WARNING][util_funcs.py:111] Provide "objs" in result is deprecated and will be removed in future versions! Please use "objectives" instead.
[2023-04-09 19:04:06,967][moc][INFO][generic_smbo.py:332] Iter 15, objectives: [-0.017361769572297854].
[2023-04-09 19:04:08,632][moc][WARNING][util_funcs.py:111] Provide "objs" in result is deprecated and will be removed in future versions! Please use "objectives" instead.
[2023-04-09 19:04:08,633][moc][INFO][generic_smbo.py:332] Iter 16, objectives: [-0.01736172742928588].
[2023-04-09 19:04:08,634][moc][INFO][generic_advisor.py:365] Sample random config. rand_prob=0.100000.
[2023-04-09 19:04:09,349][moc][WARNING][util_funcs.py:111] Provide "objs" in result is deprecated and will be removed in future versions! Please use "objectives" instead.
[2023-04-09 19:04:09,350][moc][INFO][generic_smbo.py:332] Iter 17, objectives: [-0.008681793729397062].
[2023-04-09 19:04:10,599][moc][WARNING][util_funcs.py:111] Provide "objs" in result is deprecated and will be removed in future versions! Please use "objectives" instead.
[2023-04-09 19:04:10,600][moc][INFO][generic_smbo.py:332] Iter 18, objectives: [-0.017361703723931553].
[2023-04-09 19:04:11,607][moc][WARNING][util_funcs.py:111] Provide "objs" in result is deprecated and will be removed in future versions! Please use "objectives" instead.
[2023-04-09 19:04:11,608][moc][INFO][generic_smbo.py:332] Iter 19, objectives: [-0.01736172742928588].
[2023-04-09 19:04:11,609][moc][INFO][generic_advisor.py:365] Sample random config. rand_prob=0.100000.
[2023-04-09 19:04:11,925][moc][WARNING][util_funcs.py:111] Provide "objs" in result is deprecated and will be removed in future versions! Please use "objectives" instead.
[2023-04-09 19:04:11,926][moc][INFO][generic_smbo.py:332] Iter 20, objectives: [-0.011575320497801208].
