[2023-04-09 19:22:17,076][moc][INFO][color_logger.py:203] Logfile: /home/chenyiqi/wafer_scale_chip_dse_framework/logs/moc_2023-04-09-19-22-17-075859.log
[2023-04-09 19:22:17,078][moc][INFO][generic_advisor.py:157] [BO auto selection]  acq_type: ei.
[2023-04-09 19:22:17,257][moc][WARNING][util_funcs.py:111] Provide "objs" in result is deprecated and will be removed in future versions! Please use "objectives" instead.
[2023-04-09 19:22:17,258][moc][INFO][generic_smbo.py:332] Iter 1, objectives: [-0.017361743232891393].
[2023-04-09 19:22:18,047][moc][WARNING][util_funcs.py:111] Provide "objs" in result is deprecated and will be removed in future versions! Please use "objectives" instead.
[2023-04-09 19:22:18,048][moc][INFO][generic_smbo.py:332] Iter 2, objectives: [-0.004341130017397701].
[2023-04-09 19:22:22,030][moc][WARNING][util_funcs.py:111] Provide "objs" in result is deprecated and will be removed in future versions! Please use "objectives" instead.
[2023-04-09 19:22:22,031][moc][INFO][generic_smbo.py:332] Iter 3, objectives: [-0.002315325669846248].
[2023-04-09 19:22:22,659][moc][WARNING][util_funcs.py:111] Provide "objs" in result is deprecated and will be removed in future versions! Please use "objectives" instead.
[2023-04-09 19:22:22,660][moc][INFO][generic_smbo.py:332] Iter 4, objectives: [-0.011575334393090756].
[2023-04-09 19:22:23,282][moc][WARNING][util_funcs.py:111] Provide "objs" in result is deprecated and will be removed in future versions! Please use "objectives" instead.
[2023-04-09 19:22:23,283][moc][INFO][generic_smbo.py:332] Iter 5, objectives: [-0.005788071017252027].
[2023-04-09 19:22:23,787][moc][WARNING][util_funcs.py:111] Provide "objs" in result is deprecated and will be removed in future versions! Please use "objectives" instead.
[2023-04-09 19:22:23,788][moc][INFO][generic_smbo.py:332] Iter 6, objectives: [-0.011575331650596755].
[2023-04-09 19:22:23,789][moc][INFO][generic_advisor.py:365] Sample random config. rand_prob=0.100000.
[2023-04-09 19:22:24,764][moc][WARNING][util_funcs.py:111] Provide "objs" in result is deprecated and will be removed in future versions! Please use "objectives" instead.
[2023-04-09 19:22:24,765][moc][INFO][generic_smbo.py:332] Iter 7, objectives: [-0.004341129851340191].
[2023-04-09 19:22:26,157][moc][WARNING][util_funcs.py:111] Provide "objs" in result is deprecated and will be removed in future versions! Please use "objectives" instead.
[2023-04-09 19:22:26,158][moc][INFO][generic_smbo.py:332] Iter 8, objectives: [-0.017361743232891393].
[2023-04-09 19:22:27,592][moc][WARNING][util_funcs.py:111] Provide "objs" in result is deprecated and will be removed in future versions! Please use "objectives" instead.
[2023-04-09 19:22:27,593][moc][INFO][generic_smbo.py:332] Iter 9, objectives: [-0.017361743232891393].
[2023-04-09 19:22:28,800][moc][WARNING][util_funcs.py:111] Provide "objs" in result is deprecated and will be removed in future versions! Please use "objectives" instead.
[2023-04-09 19:22:28,801][moc][INFO][generic_smbo.py:332] Iter 10, objectives: [-0.017361703723931553].
[2023-04-09 19:22:29,954][moc][WARNING][util_funcs.py:111] Provide "objs" in result is deprecated and will be removed in future versions! Please use "objectives" instead.
[2023-04-09 19:22:29,955][moc][INFO][generic_smbo.py:332] Iter 11, objectives: [-0.017361703723931553].
[2023-04-09 19:22:31,340][moc][WARNING][util_funcs.py:111] Provide "objs" in result is deprecated and will be removed in future versions! Please use "objectives" instead.
[2023-04-09 19:22:31,342][moc][INFO][generic_smbo.py:332] Iter 12, objectives: [-0.017361703723931553].
[2023-04-09 19:22:32,350][moc][WARNING][util_funcs.py:111] Provide "objs" in result is deprecated and will be removed in future versions! Please use "objectives" instead.
[2023-04-09 19:22:32,351][moc][INFO][generic_smbo.py:332] Iter 13, objectives: [-0.017361716893564853].
[2023-04-09 19:22:33,594][moc][WARNING][util_funcs.py:111] Provide "objs" in result is deprecated and will be removed in future versions! Please use "objectives" instead.
[2023-04-09 19:22:33,595][moc][INFO][generic_smbo.py:332] Iter 14, objectives: [-0.017361749311208867].
[2023-04-09 19:22:35,217][moc][WARNING][util_funcs.py:111] Provide "objs" in result is deprecated and will be removed in future versions! Please use "objectives" instead.
[2023-04-09 19:22:35,217][moc][INFO][generic_smbo.py:332] Iter 15, objectives: [-0.017361716893564853].
[2023-04-09 19:22:36,732][moc][WARNING][util_funcs.py:111] Provide "objs" in result is deprecated and will be removed in future versions! Please use "objectives" instead.
[2023-04-09 19:22:36,733][moc][INFO][generic_smbo.py:332] Iter 16, objectives: [-0.01736175452119866].
[2023-04-09 19:22:38,090][moc][WARNING][util_funcs.py:111] Provide "objs" in result is deprecated and will be removed in future versions! Please use "objectives" instead.
[2023-04-09 19:22:38,091][moc][INFO][generic_smbo.py:332] Iter 17, objectives: [-0.01736178102423863].
[2023-04-09 19:22:40,199][moc][WARNING][util_funcs.py:111] Provide "objs" in result is deprecated and will be removed in future versions! Please use "objectives" instead.
[2023-04-09 19:22:40,200][moc][INFO][generic_smbo.py:332] Iter 18, objectives: [-0.01736178102423863].
[2023-04-09 19:22:41,757][moc][WARNING][util_funcs.py:111] Provide "objs" in result is deprecated and will be removed in future versions! Please use "objectives" instead.
[2023-04-09 19:22:41,758][moc][INFO][generic_smbo.py:332] Iter 19, objectives: [-0.01736178432240038].
[2023-04-09 19:22:42,585][moc][WARNING][util_funcs.py:111] Provide "objs" in result is deprecated and will be removed in future versions! Please use "objectives" instead.
[2023-04-09 19:22:42,587][moc][INFO][generic_smbo.py:332] Iter 20, objectives: [-0.017361785781203086].
