[2023-04-10 17:17:46,829][moc][INFO][color_logger.py:203] Logfile: /home/chenyiqi/wafer_scale_chip_dse_framework/logs/moc_2023-04-10-17-17-46-829204.log
[2023-04-10 17:17:46,834][moc][WARNING][util_funcs.py:111] Provide "objs" in result is deprecated and will be removed in future versions! Please use "objectives" instead.
[2023-04-10 17:17:46,834][moc][INFO][generic_smbo.py:333] Iter 1, objectives: [-0.839245074621932].
[2023-04-10 17:17:46,838][moc][WARNING][util_funcs.py:111] Provide "objs" in result is deprecated and will be removed in future versions! Please use "objectives" instead.
[2023-04-10 17:17:46,838][moc][INFO][generic_smbo.py:333] Iter 2, objectives: [-1.2822870593113425].
[2023-04-10 17:17:46,841][moc][WARNING][util_funcs.py:111] Provide "objs" in result is deprecated and will be removed in future versions! Please use "objectives" instead.
[2023-04-10 17:17:46,841][moc][INFO][generic_smbo.py:333] Iter 3, objectives: [-4.075197245284549].
[2023-04-10 17:17:46,844][moc][WARNING][util_funcs.py:111] Provide "objs" in result is deprecated and will be removed in future versions! Please use "objectives" instead.
[2023-04-10 17:17:46,844][moc][INFO][generic_smbo.py:333] Iter 4, objectives: [-0.5355543543721669].
[2023-04-10 17:17:46,847][moc][WARNING][util_funcs.py:111] Provide "objs" in result is deprecated and will be removed in future versions! Please use "objectives" instead.
[2023-04-10 17:17:46,848][moc][INFO][generic_smbo.py:333] Iter 5, objectives: [-4.2497788584101865].
[2023-04-10 17:17:46,851][moc][WARNING][util_funcs.py:111] Provide "objs" in result is deprecated and will be removed in future versions! Please use "objectives" instead.
[2023-04-10 17:17:46,851][moc][INFO][generic_smbo.py:333] Iter 6, objectives: [-0.5752702454303374].
[2023-04-10 17:17:46,854][moc][WARNING][util_funcs.py:111] Provide "objs" in result is deprecated and will be removed in future versions! Please use "objectives" instead.
[2023-04-10 17:17:46,854][moc][INFO][generic_smbo.py:333] Iter 7, objectives: [-5.134741398057746].
[2023-04-10 17:17:46,857][moc][WARNING][util_funcs.py:111] Provide "objs" in result is deprecated and will be removed in future versions! Please use "objectives" instead.
[2023-04-10 17:17:46,857][moc][INFO][generic_smbo.py:333] Iter 8, objectives: [-62.39698736325367].
[2023-04-10 17:17:46,861][moc][WARNING][util_funcs.py:111] Provide "objs" in result is deprecated and will be removed in future versions! Please use "objectives" instead.
[2023-04-10 17:17:46,861][moc][INFO][generic_smbo.py:333] Iter 9, objectives: [-2.2973083855728764].
[2023-04-10 17:17:46,864][moc][WARNING][util_funcs.py:111] Provide "objs" in result is deprecated and will be removed in future versions! Please use "objectives" instead.
[2023-04-10 17:17:46,864][moc][INFO][generic_smbo.py:333] Iter 10, objectives: [-0.96635402348789].
[2023-04-10 17:17:46,867][moc][WARNING][util_funcs.py:111] Provide "objs" in result is deprecated and will be removed in future versions! Please use "objectives" instead.
[2023-04-10 17:17:46,868][moc][INFO][generic_smbo.py:333] Iter 11, objectives: [-0.7123213093980848].
[2023-04-10 17:17:46,871][moc][WARNING][util_funcs.py:111] Provide "objs" in result is deprecated and will be removed in future versions! Please use "objectives" instead.
[2023-04-10 17:17:46,871][moc][INFO][generic_smbo.py:333] Iter 12, objectives: [-0.6481710467348872].
[2023-04-10 17:17:46,874][moc][WARNING][util_funcs.py:111] Provide "objs" in result is deprecated and will be removed in future versions! Please use "objectives" instead.
[2023-04-10 17:17:46,874][moc][INFO][generic_smbo.py:333] Iter 13, objectives: [-0.37741901214575296].
[2023-04-10 17:17:46,877][moc][WARNING][util_funcs.py:111] Provide "objs" in result is deprecated and will be removed in future versions! Please use "objectives" instead.
[2023-04-10 17:17:46,877][moc][INFO][generic_smbo.py:333] Iter 14, objectives: [-0.6835944335944335].
[2023-04-10 17:17:46,881][moc][WARNING][util_funcs.py:111] Provide "objs" in result is deprecated and will be removed in future versions! Please use "objectives" instead.
[2023-04-10 17:17:46,881][moc][INFO][generic_smbo.py:333] Iter 15, objectives: [-1.4782044600775177].
[2023-04-10 17:17:46,884][moc][WARNING][util_funcs.py:111] Provide "objs" in result is deprecated and will be removed in future versions! Please use "objectives" instead.
[2023-04-10 17:17:46,884][moc][INFO][generic_smbo.py:333] Iter 16, objectives: [-1.8981556278374296].
[2023-04-10 17:17:46,887][moc][WARNING][util_funcs.py:111] Provide "objs" in result is deprecated and will be removed in future versions! Please use "objectives" instead.
[2023-04-10 17:17:46,887][moc][INFO][generic_smbo.py:333] Iter 17, objectives: [-0.7134104843663157].
[2023-04-10 17:17:46,890][moc][WARNING][util_funcs.py:111] Provide "objs" in result is deprecated and will be removed in future versions! Please use "objectives" instead.
[2023-04-10 17:17:46,891][moc][INFO][generic_smbo.py:333] Iter 18, objectives: [-0.2594779791293683].
[2023-04-10 17:17:46,894][moc][WARNING][util_funcs.py:111] Provide "objs" in result is deprecated and will be removed in future versions! Please use "objectives" instead.
[2023-04-10 17:17:46,894][moc][INFO][generic_smbo.py:333] Iter 19, objectives: [-0.701113020616827].
[2023-04-10 17:17:46,897][moc][WARNING][util_funcs.py:111] Provide "objs" in result is deprecated and will be removed in future versions! Please use "objectives" instead.
[2023-04-10 17:17:46,897][moc][INFO][generic_smbo.py:333] Iter 20, objectives: [-73.56712311427505].
[2023-04-10 17:17:46,898][moc][WARNING][util_funcs.py:111] Provide "objs" in result is deprecated and will be removed in future versions! Please use "objectives" instead.
[2023-04-10 17:17:46,898][moc][WARNING][util_funcs.py:123] Unused information in result: {'config': [{'data_parallel_size': 7, 'micro_batch_size': 60, 'model_parallel_size': 3, 'num_reticle_per_pipeline_stage': 298, 'tensor_parallel_size': 1}]}
[2023-04-10 17:17:46,898][moc][INFO][generic_smbo.py:418] Iter 10, objectives: [-73.56712311427505].
[2023-04-10 17:17:51,030][moc][WARNING][util_funcs.py:231] Keyword argument "num_objs" is deprecated and will be removed in a future version. Please use "num_objectives" instead.
