[2023-04-09 19:01:17,392][moc][INFO][color_logger.py:203] Logfile: /home/chenyiqi/wafer_scale_chip_dse_framework/logs/moc_2023-04-09-19-01-17-391945.log
[2023-04-09 19:01:17,394][moc][INFO][generic_advisor.py:157] [BO auto selection]  acq_type: ei.
[2023-04-09 19:01:17,585][moc][WARNING][util_funcs.py:111] Provide "objs" in result is deprecated and will be removed in future versions! Please use "objectives" instead.
[2023-04-09 19:01:17,586][moc][INFO][generic_smbo.py:332] Iter 1, objectives: [-0.011575313164189619].
[2023-04-09 19:01:17,853][moc][WARNING][util_funcs.py:111] Provide "objs" in result is deprecated and will be removed in future versions! Please use "objectives" instead.
[2023-04-09 19:01:17,854][moc][INFO][generic_smbo.py:332] Iter 2, objectives: [-0.011575327036756839].
[2023-04-09 19:01:18,284][moc][WARNING][util_funcs.py:111] Provide "objs" in result is deprecated and will be removed in future versions! Please use "objectives" instead.
[2023-04-09 19:01:18,285][moc][INFO][generic_smbo.py:332] Iter 3, objectives: [-0.011575337966170602].
[2023-04-09 19:01:18,590][moc][WARNING][util_funcs.py:111] Provide "objs" in result is deprecated and will be removed in future versions! Please use "objectives" instead.
[2023-04-09 19:01:18,590][moc][INFO][generic_smbo.py:332] Iter 4, objectives: [-0.008681796922727025].
[2023-04-09 19:01:18,777][moc][WARNING][util_funcs.py:111] Provide "objs" in result is deprecated and will be removed in future versions! Please use "objectives" instead.
[2023-04-09 19:01:18,778][moc][INFO][generic_smbo.py:332] Iter 5, objectives: [-0.0115753087736766].
[2023-04-09 19:01:20,096][moc][WARNING][util_funcs.py:111] Provide "objs" in result is deprecated and will be removed in future versions! Please use "objectives" instead.
[2023-04-09 19:01:20,097][moc][INFO][generic_smbo.py:332] Iter 6, objectives: [-0.00434113012432868].
[2023-04-09 19:01:21,411][moc][WARNING][util_funcs.py:111] Provide "objs" in result is deprecated and will be removed in future versions! Please use "objectives" instead.
[2023-04-09 19:01:21,412][moc][INFO][generic_smbo.py:332] Iter 7, objectives: [-0.011575303128736187].
[2023-04-09 19:01:22,841][moc][WARNING][util_funcs.py:111] Provide "objs" in result is deprecated and will be removed in future versions! Please use "objectives" instead.
[2023-04-09 19:01:22,843][moc][INFO][generic_smbo.py:332] Iter 8, objectives: [-0.011575339886586523].
[2023-04-09 19:01:24,302][moc][WARNING][util_funcs.py:111] Provide "objs" in result is deprecated and will be removed in future versions! Please use "objectives" instead.
[2023-04-09 19:01:24,302][moc][INFO][generic_smbo.py:332] Iter 9, objectives: [-0.011575308146460727].
[2023-04-09 19:01:25,569][moc][WARNING][util_funcs.py:111] Provide "objs" in result is deprecated and will be removed in future versions! Please use "objectives" instead.
[2023-04-09 19:01:25,569][moc][INFO][generic_smbo.py:332] Iter 10, objectives: [-0.011575323971620467].
[2023-04-09 19:01:27,336][moc][WARNING][util_funcs.py:111] Provide "objs" in result is deprecated and will be removed in future versions! Please use "objectives" instead.
[2023-04-09 19:01:27,337][moc][INFO][generic_smbo.py:332] Iter 11, objectives: [-0.011575337340580706].
[2023-04-09 19:01:28,473][moc][WARNING][util_funcs.py:111] Provide "objs" in result is deprecated and will be removed in future versions! Please use "objectives" instead.
[2023-04-09 19:01:28,474][moc][INFO][generic_smbo.py:332] Iter 12, objectives: [-0.01736172742928588].
[2023-04-09 19:01:30,170][moc][WARNING][util_funcs.py:111] Provide "objs" in result is deprecated and will be removed in future versions! Please use "objectives" instead.
[2023-04-09 19:01:30,171][moc][INFO][generic_smbo.py:332] Iter 13, objectives: [-0.01736172742928588].
[2023-04-09 19:01:31,220][moc][WARNING][util_funcs.py:111] Provide "objs" in result is deprecated and will be removed in future versions! Please use "objectives" instead.
[2023-04-09 19:01:31,221][moc][INFO][generic_smbo.py:332] Iter 14, objectives: [-0.017361736049430775].
[2023-04-09 19:01:32,493][moc][WARNING][util_funcs.py:111] Provide "objs" in result is deprecated and will be removed in future versions! Please use "objectives" instead.
[2023-04-09 19:01:32,494][moc][INFO][generic_smbo.py:332] Iter 15, objectives: [-0.017361736049430775].
[2023-04-09 19:01:32,495][moc][INFO][generic_advisor.py:365] Sample random config. rand_prob=0.100000.
[2023-04-09 19:01:33,644][moc][WARNING][util_funcs.py:111] Provide "objs" in result is deprecated and will be removed in future versions! Please use "objectives" instead.
[2023-04-09 19:01:33,644][moc][INFO][generic_smbo.py:332] Iter 16, objectives: [-0.01157534156248192].
[2023-04-09 19:01:34,917][moc][WARNING][util_funcs.py:111] Provide "objs" in result is deprecated and will be removed in future versions! Please use "objectives" instead.
[2023-04-09 19:01:34,918][moc][INFO][generic_smbo.py:332] Iter 17, objectives: [-0.017361736049430775].
[2023-04-09 19:01:36,548][moc][WARNING][util_funcs.py:111] Provide "objs" in result is deprecated and will be removed in future versions! Please use "objectives" instead.
[2023-04-09 19:01:36,549][moc][INFO][generic_smbo.py:332] Iter 18, objectives: [-0.01736172742928588].
[2023-04-09 19:01:37,765][moc][WARNING][util_funcs.py:111] Provide "objs" in result is deprecated and will be removed in future versions! Please use "objectives" instead.
[2023-04-09 19:01:37,766][moc][INFO][generic_smbo.py:332] Iter 19, objectives: [-0.017361716893564853].
[2023-04-09 19:01:38,886][moc][WARNING][util_funcs.py:111] Provide "objs" in result is deprecated and will be removed in future versions! Please use "objectives" instead.
[2023-04-09 19:01:38,887][moc][INFO][generic_smbo.py:332] Iter 20, objectives: [-0.01736172742928588].
