[2023-04-10 16:58:15,089][moc][INFO][color_logger.py:203] Logfile: /home/chenyiqi/wafer_scale_chip_dse_framework/logs/moc_2023-04-10-16-58-15-088771.log
[2023-04-10 16:58:15,097][moc][WARNING][util_funcs.py:111] Provide "objs" in result is deprecated and will be removed in future versions! Please use "objectives" instead.
[2023-04-10 16:58:15,098][moc][INFO][generic_smbo.py:333] Iter 1, objectives: [-56.03446575505867].
[2023-04-10 16:58:15,103][moc][WARNING][util_funcs.py:111] Provide "objs" in result is deprecated and will be removed in future versions! Please use "objectives" instead.
[2023-04-10 16:58:15,104][moc][INFO][generic_smbo.py:333] Iter 2, objectives: [-0.5084117612570084].
[2023-04-10 16:58:15,109][moc][WARNING][util_funcs.py:111] Provide "objs" in result is deprecated and will be removed in future versions! Please use "objectives" instead.
[2023-04-10 16:58:15,110][moc][INFO][generic_smbo.py:333] Iter 3, objectives: [-0.883814370392946].
[2023-04-10 16:58:15,116][moc][WARNING][util_funcs.py:111] Provide "objs" in result is deprecated and will be removed in future versions! Please use "objectives" instead.
[2023-04-10 16:58:15,116][moc][INFO][generic_smbo.py:333] Iter 4, objectives: [-0.8945369113757499].
[2023-04-10 16:58:15,123][moc][WARNING][util_funcs.py:111] Provide "objs" in result is deprecated and will be removed in future versions! Please use "objectives" instead.
[2023-04-10 16:58:15,123][moc][INFO][generic_smbo.py:333] Iter 5, objectives: [-0.9935572812230706].
[2023-04-10 16:58:15,130][moc][WARNING][util_funcs.py:111] Provide "objs" in result is deprecated and will be removed in future versions! Please use "objectives" instead.
[2023-04-10 16:58:15,130][moc][INFO][generic_smbo.py:333] Iter 6, objectives: [-2.093034311424737].
[2023-04-10 16:58:15,137][moc][WARNING][util_funcs.py:111] Provide "objs" in result is deprecated and will be removed in future versions! Please use "objectives" instead.
[2023-04-10 16:58:15,137][moc][INFO][generic_smbo.py:333] Iter 7, objectives: [-1.6104788804529477].
[2023-04-10 16:58:15,144][moc][WARNING][util_funcs.py:111] Provide "objs" in result is deprecated and will be removed in future versions! Please use "objectives" instead.
[2023-04-10 16:58:15,144][moc][INFO][generic_smbo.py:333] Iter 8, objectives: [-0.6834420122044503].
[2023-04-10 16:58:15,150][moc][WARNING][util_funcs.py:111] Provide "objs" in result is deprecated and will be removed in future versions! Please use "objectives" instead.
[2023-04-10 16:58:15,150][moc][INFO][generic_smbo.py:333] Iter 9, objectives: [-1.3767671698770498].
[2023-04-10 16:58:15,156][moc][WARNING][util_funcs.py:111] Provide "objs" in result is deprecated and will be removed in future versions! Please use "objectives" instead.
[2023-04-10 16:58:15,157][moc][INFO][generic_smbo.py:333] Iter 10, objectives: [-0.5990908381480969].
[2023-04-10 16:58:15,157][moc][WARNING][util_funcs.py:111] Provide "objs" in result is deprecated and will be removed in future versions! Please use "objectives" instead.
[2023-04-10 16:58:15,157][moc][WARNING][util_funcs.py:123] Unused information in result: {'config': [{'data_parallel_size': 7, 'micro_batch_size': 9, 'model_parallel_size': 4, 'num_reticle_per_pipeline_stage': 208, 'tensor_parallel_size': 1}]}
[2023-04-10 16:58:15,158][moc][INFO][generic_smbo.py:418] Iter 16, objectives: [-56.03446575505867].
[2023-04-10 16:58:19,959][moc][WARNING][util_funcs.py:231] Keyword argument "num_objs" is deprecated and will be removed in a future version. Please use "num_objectives" instead.
