[2023-04-09 19:25:42,041][moc][INFO][color_logger.py:203] Logfile: /home/chenyiqi/wafer_scale_chip_dse_framework/logs/moc_2023-04-09-19-25-42-040881.log
[2023-04-09 19:25:42,043][moc][INFO][generic_advisor.py:157] [BO auto selection]  acq_type: ei.
[2023-04-09 19:25:42,481][moc][WARNING][util_funcs.py:111] Provide "objs" in result is deprecated and will be removed in future versions! Please use "objectives" instead.
[2023-04-09 19:25:42,482][moc][INFO][generic_smbo.py:332] Iter 1, objectives: [-0.005788071557700507].
[2023-04-09 19:25:42,691][moc][WARNING][util_funcs.py:111] Provide "objs" in result is deprecated and will be removed in future versions! Please use "objectives" instead.
[2023-04-09 19:25:42,692][moc][INFO][generic_smbo.py:332] Iter 2, objectives: [-0.01157531818192286].
[2023-04-09 19:25:42,945][moc][WARNING][util_funcs.py:111] Provide "objs" in result is deprecated and will be removed in future versions! Please use "objectives" instead.
[2023-04-09 19:25:42,946][moc][INFO][generic_smbo.py:332] Iter 3, objectives: [-0.011575323971620467].
[2023-04-09 19:25:43,199][moc][WARNING][util_funcs.py:111] Provide "objs" in result is deprecated and will be removed in future versions! Please use "objectives" instead.
[2023-04-09 19:25:43,200][moc][INFO][generic_smbo.py:332] Iter 4, objectives: [-0.01736177709785723].
[2023-04-09 19:25:43,456][moc][WARNING][util_funcs.py:111] Provide "objs" in result is deprecated and will be removed in future versions! Please use "objectives" instead.
[2023-04-09 19:25:43,457][moc][INFO][generic_smbo.py:332] Iter 5, objectives: [-0.011575325708530879].
[2023-04-09 19:25:43,715][moc][WARNING][util_funcs.py:111] Provide "objs" in result is deprecated and will be removed in future versions! Please use "objectives" instead.
[2023-04-09 19:25:43,716][moc][INFO][generic_smbo.py:332] Iter 6, objectives: [-0.008681798120226368].
[2023-04-09 19:25:45,008][moc][WARNING][util_funcs.py:111] Provide "objs" in result is deprecated and will be removed in future versions! Please use "objectives" instead.
[2023-04-09 19:25:45,009][moc][INFO][generic_smbo.py:332] Iter 7, objectives: [-0.01736178274203105].
[2023-04-09 19:25:46,259][moc][WARNING][util_funcs.py:111] Provide "objs" in result is deprecated and will be removed in future versions! Please use "objectives" instead.
[2023-04-09 19:25:46,260][moc][INFO][generic_smbo.py:332] Iter 8, objectives: [-0.017361785781203086].
[2023-04-09 19:25:47,951][moc][WARNING][util_funcs.py:111] Provide "objs" in result is deprecated and will be removed in future versions! Please use "objectives" instead.
[2023-04-09 19:25:47,952][moc][INFO][generic_smbo.py:332] Iter 9, objectives: [-0.017361787131946558].
[2023-04-09 19:25:49,300][moc][WARNING][util_funcs.py:111] Provide "objs" in result is deprecated and will be removed in future versions! Please use "objectives" instead.
[2023-04-09 19:25:49,304][moc][INFO][generic_smbo.py:332] Iter 10, objectives: [-0.017361766473540003].
[2023-04-09 19:25:50,897][moc][WARNING][util_funcs.py:111] Provide "objs" in result is deprecated and will be removed in future versions! Please use "objectives" instead.
[2023-04-09 19:25:50,899][moc][INFO][generic_smbo.py:332] Iter 11, objectives: [-0.011575333235148685].
[2023-04-09 19:25:51,931][moc][WARNING][util_funcs.py:111] Provide "objs" in result is deprecated and will be removed in future versions! Please use "objectives" instead.
[2023-04-09 19:25:51,934][moc][INFO][generic_smbo.py:332] Iter 12, objectives: [-0.017361743232891393].
[2023-04-09 19:25:51,935][moc][INFO][generic_advisor.py:365] Sample random config. rand_prob=0.100000.
[2023-04-09 19:25:52,259][moc][WARNING][util_funcs.py:111] Provide "objs" in result is deprecated and will be removed in future versions! Please use "objectives" instead.
[2023-04-09 19:25:52,260][moc][INFO][generic_smbo.py:332] Iter 13, objectives: [-0.008681795485728252].
[2023-04-09 19:25:53,678][moc][WARNING][util_funcs.py:111] Provide "objs" in result is deprecated and will be removed in future versions! Please use "objectives" instead.
[2023-04-09 19:25:53,679][moc][INFO][generic_smbo.py:332] Iter 14, objectives: [-0.01736177915028365].
[2023-04-09 19:25:55,016][moc][WARNING][util_funcs.py:111] Provide "objs" in result is deprecated and will be removed in future versions! Please use "objectives" instead.
[2023-04-09 19:25:55,017][moc][INFO][generic_smbo.py:332] Iter 15, objectives: [-0.01736178432240038].
[2023-04-09 19:25:56,661][moc][WARNING][util_funcs.py:111] Provide "objs" in result is deprecated and will be removed in future versions! Please use "objectives" instead.
[2023-04-09 19:25:56,662][moc][INFO][generic_smbo.py:332] Iter 16, objectives: [-0.017361787131946558].
[2023-04-09 19:25:58,072][moc][WARNING][util_funcs.py:111] Provide "objs" in result is deprecated and will be removed in future versions! Please use "objectives" instead.
[2023-04-09 19:25:58,073][moc][INFO][generic_smbo.py:332] Iter 17, objectives: [-0.017361788386208537].
[2023-04-09 19:25:59,489][moc][WARNING][util_funcs.py:111] Provide "objs" in result is deprecated and will be removed in future versions! Please use "objectives" instead.
[2023-04-09 19:25:59,490][moc][INFO][generic_smbo.py:332] Iter 18, objectives: [-0.017361743232891393].
[2023-04-09 19:26:00,640][moc][WARNING][util_funcs.py:111] Provide "objs" in result is deprecated and will be removed in future versions! Please use "objectives" instead.
[2023-04-09 19:26:00,641][moc][INFO][generic_smbo.py:332] Iter 19, objectives: [-0.01736178102423863].
[2023-04-09 19:26:02,338][moc][WARNING][util_funcs.py:111] Provide "objs" in result is deprecated and will be removed in future versions! Please use "objectives" instead.
[2023-04-09 19:26:02,339][moc][INFO][generic_smbo.py:332] Iter 20, objectives: [-0.01736178102423863].
[2023-04-09 19:26:04,013][moc][WARNING][util_funcs.py:111] Provide "objs" in result is deprecated and will be removed in future versions! Please use "objectives" instead.
[2023-04-09 19:26:04,014][moc][INFO][generic_smbo.py:332] Iter 21, objectives: [-0.01736179166347457].
[2023-04-09 19:26:05,967][moc][WARNING][util_funcs.py:111] Provide "objs" in result is deprecated and will be removed in future versions! Please use "objectives" instead.
[2023-04-09 19:26:05,968][moc][INFO][generic_smbo.py:332] Iter 22, objectives: [-0.017361766473540003].
[2023-04-09 19:26:07,331][moc][WARNING][util_funcs.py:111] Provide "objs" in result is deprecated and will be removed in future versions! Please use "objectives" instead.
[2023-04-09 19:26:07,332][moc][INFO][generic_smbo.py:332] Iter 23, objectives: [-0.017361743232891393].
[2023-04-09 19:26:09,073][moc][WARNING][util_funcs.py:111] Provide "objs" in result is deprecated and will be removed in future versions! Please use "objectives" instead.
[2023-04-09 19:26:09,074][moc][INFO][generic_smbo.py:332] Iter 24, objectives: [-0.017361774840188735].
[2023-04-09 19:26:11,027][moc][WARNING][util_funcs.py:111] Provide "objs" in result is deprecated and will be removed in future versions! Please use "objectives" instead.
[2023-04-09 19:26:11,029][moc][INFO][generic_smbo.py:332] Iter 25, objectives: [-0.017361788386208537].
[2023-04-09 19:26:12,691][moc][WARNING][util_funcs.py:111] Provide "objs" in result is deprecated and will be removed in future versions! Please use "objectives" instead.
[2023-04-09 19:26:12,692][moc][INFO][generic_smbo.py:332] Iter 26, objectives: [-0.01736177709785723].
[2023-04-09 19:26:14,652][moc][WARNING][util_funcs.py:111] Provide "objs" in result is deprecated and will be removed in future versions! Please use "objectives" instead.
[2023-04-09 19:26:14,653][moc][INFO][generic_smbo.py:332] Iter 27, objectives: [-0.01736178102423863].
[2023-04-09 19:26:16,204][moc][WARNING][util_funcs.py:111] Provide "objs" in result is deprecated and will be removed in future versions! Please use "objectives" instead.
[2023-04-09 19:26:16,206][moc][INFO][generic_smbo.py:332] Iter 28, objectives: [-0.017361762987438745].
[2023-04-09 19:26:17,969][moc][WARNING][util_funcs.py:111] Provide "objs" in result is deprecated and will be removed in future versions! Please use "objectives" instead.
[2023-04-09 19:26:17,970][moc][INFO][generic_smbo.py:332] Iter 29, objectives: [-0.01736178274203105].
[2023-04-09 19:26:17,971][moc][INFO][generic_advisor.py:365] Sample random config. rand_prob=0.100000.
[2023-04-09 19:26:18,650][moc][WARNING][util_funcs.py:111] Provide "objs" in result is deprecated and will be removed in future versions! Please use "objectives" instead.
[2023-04-09 19:26:18,651][moc][INFO][generic_smbo.py:332] Iter 30, objectives: [-0.008681801131083317].
[2023-04-09 19:26:20,521][moc][WARNING][util_funcs.py:111] Provide "objs" in result is deprecated and will be removed in future versions! Please use "objectives" instead.
[2023-04-09 19:26:20,522][moc][INFO][generic_smbo.py:332] Iter 31, objectives: [-0.01736178432240038].
[2023-04-09 19:26:22,465][moc][WARNING][util_funcs.py:111] Provide "objs" in result is deprecated and will be removed in future versions! Please use "objectives" instead.
[2023-04-09 19:26:22,466][moc][INFO][generic_smbo.py:332] Iter 32, objectives: [-0.01736179261934406].
[2023-04-09 19:26:24,859][moc][WARNING][util_funcs.py:111] Provide "objs" in result is deprecated and will be removed in future versions! Please use "objectives" instead.
[2023-04-09 19:26:24,860][moc][INFO][generic_smbo.py:332] Iter 33, objectives: [-0.017361793517282162].
[2023-04-09 19:26:27,569][moc][WARNING][util_funcs.py:111] Provide "objs" in result is deprecated and will be removed in future versions! Please use "objectives" instead.
[2023-04-09 19:26:27,571][moc][INFO][generic_smbo.py:332] Iter 34, objectives: [-0.01736175452119866].
[2023-04-09 19:26:31,119][moc][WARNING][util_funcs.py:111] Provide "objs" in result is deprecated and will be removed in future versions! Please use "objectives" instead.
[2023-04-09 19:26:31,121][moc][INFO][generic_smbo.py:332] Iter 35, objectives: [-0.017361766473540003].
[2023-04-09 19:26:35,094][moc][WARNING][util_funcs.py:111] Provide "objs" in result is deprecated and will be removed in future versions! Please use "objectives" instead.
[2023-04-09 19:26:35,096][moc][INFO][generic_smbo.py:332] Iter 36, objectives: [-0.017361772344871605].
[2023-04-09 19:26:39,145][moc][WARNING][util_funcs.py:111] Provide "objs" in result is deprecated and will be removed in future versions! Please use "objectives" instead.
[2023-04-09 19:26:39,146][moc][INFO][generic_smbo.py:332] Iter 37, objectives: [-0.017361774840188735].
[2023-04-09 19:26:43,342][moc][WARNING][util_funcs.py:111] Provide "objs" in result is deprecated and will be removed in future versions! Please use "objectives" instead.
[2023-04-09 19:26:43,343][moc][INFO][generic_smbo.py:332] Iter 38, objectives: [-0.01736177709785723].
[2023-04-09 19:26:46,365][moc][WARNING][util_funcs.py:111] Provide "objs" in result is deprecated and will be removed in future versions! Please use "objectives" instead.
[2023-04-09 19:26:46,366][moc][INFO][generic_smbo.py:332] Iter 39, objectives: [-0.01736178274203105].
[2023-04-09 19:26:51,035][moc][WARNING][util_funcs.py:111] Provide "objs" in result is deprecated and will be removed in future versions! Please use "objectives" instead.
[2023-04-09 19:26:51,036][moc][INFO][generic_smbo.py:332] Iter 40, objectives: [-0.017361793517282162].
[2023-04-09 19:26:53,662][moc][WARNING][util_funcs.py:111] Provide "objs" in result is deprecated and will be removed in future versions! Please use "objectives" instead.
[2023-04-09 19:26:53,663][moc][INFO][generic_smbo.py:332] Iter 41, objectives: [-0.01736179591178423].
[2023-04-09 19:26:58,377][moc][WARNING][util_funcs.py:111] Provide "objs" in result is deprecated and will be removed in future versions! Please use "objectives" instead.
[2023-04-09 19:26:58,379][moc][INFO][generic_smbo.py:332] Iter 42, objectives: [-0.017361797298075198].
[2023-04-09 19:27:03,571][moc][WARNING][util_funcs.py:111] Provide "objs" in result is deprecated and will be removed in future versions! Please use "objectives" instead.
[2023-04-09 19:27:03,573][moc][INFO][generic_smbo.py:332] Iter 43, objectives: [-0.017361797937901876].
[2023-04-09 19:27:08,471][moc][WARNING][util_funcs.py:111] Provide "objs" in result is deprecated and will be removed in future versions! Please use "objectives" instead.
[2023-04-09 19:27:08,472][moc][INFO][generic_smbo.py:332] Iter 44, objectives: [-0.017361797298075198].
[2023-04-09 19:27:12,260][moc][WARNING][util_funcs.py:111] Provide "objs" in result is deprecated and will be removed in future versions! Please use "objectives" instead.
[2023-04-09 19:27:12,261][moc][INFO][generic_smbo.py:332] Iter 45, objectives: [-0.017361797937901876].
[2023-04-09 19:27:17,285][moc][WARNING][util_funcs.py:111] Provide "objs" in result is deprecated and will be removed in future versions! Please use "objectives" instead.
[2023-04-09 19:27:17,287][moc][INFO][generic_smbo.py:332] Iter 46, objectives: [-0.01736179967457452].
[2023-04-09 19:27:21,778][moc][WARNING][util_funcs.py:111] Provide "objs" in result is deprecated and will be removed in future versions! Please use "objectives" instead.
[2023-04-09 19:27:21,780][moc][INFO][generic_smbo.py:332] Iter 47, objectives: [-0.017361800700790336].
[2023-04-09 19:27:28,014][moc][WARNING][util_funcs.py:111] Provide "objs" in result is deprecated and will be removed in future versions! Please use "objectives" instead.
[2023-04-09 19:27:28,015][moc][INFO][generic_smbo.py:332] Iter 48, objectives: [-0.017361801179691095].
[2023-04-09 19:27:33,802][moc][WARNING][util_funcs.py:111] Provide "objs" in result is deprecated and will be removed in future versions! Please use "objectives" instead.
[2023-04-09 19:27:33,803][moc][INFO][generic_smbo.py:332] Iter 49, objectives: [-0.01736180207635641].
[2023-04-09 19:27:38,265][moc][WARNING][util_funcs.py:111] Provide "objs" in result is deprecated and will be removed in future versions! Please use "objectives" instead.
[2023-04-09 19:27:38,266][moc][INFO][generic_smbo.py:332] Iter 50, objectives: [-0.017361801637770104].
