[2023-04-10 17:13:47,975][moc][INFO][color_logger.py:203] Logfile: /home/chenyiqi/wafer_scale_chip_dse_framework/logs/moc_2023-04-10-17-13-47-975253.log
[2023-04-10 17:13:47,982][moc][WARNING][util_funcs.py:111] Provide "objs" in result is deprecated and will be removed in future versions! Please use "objectives" instead.
[2023-04-10 17:13:47,982][moc][INFO][generic_smbo.py:333] Iter 1, objectives: [-0.526213250685238].
[2023-04-10 17:13:47,986][moc][WARNING][util_funcs.py:111] Provide "objs" in result is deprecated and will be removed in future versions! Please use "objectives" instead.
[2023-04-10 17:13:47,986][moc][INFO][generic_smbo.py:333] Iter 2, objectives: [-0.4368278388760611].
[2023-04-10 17:13:47,991][moc][WARNING][util_funcs.py:111] Provide "objs" in result is deprecated and will be removed in future versions! Please use "objectives" instead.
[2023-04-10 17:13:47,991][moc][INFO][generic_smbo.py:333] Iter 3, objectives: [-1.378684865173633].
[2023-04-10 17:13:47,996][moc][WARNING][util_funcs.py:111] Provide "objs" in result is deprecated and will be removed in future versions! Please use "objectives" instead.
[2023-04-10 17:13:47,996][moc][INFO][generic_smbo.py:333] Iter 4, objectives: [-0.8688003235019892].
[2023-04-10 17:13:48,000][moc][WARNING][util_funcs.py:111] Provide "objs" in result is deprecated and will be removed in future versions! Please use "objectives" instead.
[2023-04-10 17:13:48,001][moc][INFO][generic_smbo.py:333] Iter 5, objectives: [-1.423321028448138].
[2023-04-10 17:13:48,005][moc][WARNING][util_funcs.py:111] Provide "objs" in result is deprecated and will be removed in future versions! Please use "objectives" instead.
[2023-04-10 17:13:48,005][moc][INFO][generic_smbo.py:333] Iter 6, objectives: [-0.6653881810162428].
[2023-04-10 17:13:48,104][moc][WARNING][util_funcs.py:111] Provide "objs" in result is deprecated and will be removed in future versions! Please use "objectives" instead.
[2023-04-10 17:13:48,105][moc][INFO][generic_smbo.py:333] Iter 7, objectives: [-1.3289224906174746].
[2023-04-10 17:13:48,109][moc][WARNING][util_funcs.py:111] Provide "objs" in result is deprecated and will be removed in future versions! Please use "objectives" instead.
[2023-04-10 17:13:48,110][moc][INFO][generic_smbo.py:333] Iter 8, objectives: [-4.4732424655038034].
[2023-04-10 17:13:48,114][moc][WARNING][util_funcs.py:111] Provide "objs" in result is deprecated and will be removed in future versions! Please use "objectives" instead.
[2023-04-10 17:13:48,114][moc][INFO][generic_smbo.py:333] Iter 9, objectives: [-409.6004856745848].
[2023-04-10 17:13:48,118][moc][WARNING][util_funcs.py:111] Provide "objs" in result is deprecated and will be removed in future versions! Please use "objectives" instead.
[2023-04-10 17:13:48,118][moc][INFO][generic_smbo.py:333] Iter 10, objectives: [-0.5442555945454469].
[2023-04-10 17:13:48,123][moc][WARNING][util_funcs.py:111] Provide "objs" in result is deprecated and will be removed in future versions! Please use "objectives" instead.
[2023-04-10 17:13:48,123][moc][INFO][generic_smbo.py:333] Iter 11, objectives: [-0.4110856250867444].
[2023-04-10 17:13:48,127][moc][WARNING][util_funcs.py:111] Provide "objs" in result is deprecated and will be removed in future versions! Please use "objectives" instead.
[2023-04-10 17:13:48,127][moc][INFO][generic_smbo.py:333] Iter 12, objectives: [-45.239169501317626].
[2023-04-10 17:13:48,132][moc][WARNING][util_funcs.py:111] Provide "objs" in result is deprecated and will be removed in future versions! Please use "objectives" instead.
[2023-04-10 17:13:48,132][moc][INFO][generic_smbo.py:333] Iter 13, objectives: [-0.7457465052483194].
[2023-04-10 17:13:48,136][moc][WARNING][util_funcs.py:111] Provide "objs" in result is deprecated and will be removed in future versions! Please use "objectives" instead.
[2023-04-10 17:13:48,136][moc][INFO][generic_smbo.py:333] Iter 14, objectives: [-0.4319638423929024].
[2023-04-10 17:13:48,141][moc][WARNING][util_funcs.py:111] Provide "objs" in result is deprecated and will be removed in future versions! Please use "objectives" instead.
[2023-04-10 17:13:48,141][moc][INFO][generic_smbo.py:333] Iter 15, objectives: [-0.5270063910748046].
[2023-04-10 17:13:48,145][moc][WARNING][util_funcs.py:111] Provide "objs" in result is deprecated and will be removed in future versions! Please use "objectives" instead.
[2023-04-10 17:13:48,145][moc][INFO][generic_smbo.py:333] Iter 16, objectives: [-0.4791946845996259].
[2023-04-10 17:13:48,150][moc][WARNING][util_funcs.py:111] Provide "objs" in result is deprecated and will be removed in future versions! Please use "objectives" instead.
[2023-04-10 17:13:48,150][moc][INFO][generic_smbo.py:333] Iter 17, objectives: [-1.203421054645157].
[2023-04-10 17:13:48,154][moc][WARNING][util_funcs.py:111] Provide "objs" in result is deprecated and will be removed in future versions! Please use "objectives" instead.
[2023-04-10 17:13:48,154][moc][INFO][generic_smbo.py:333] Iter 18, objectives: [-0.4843749734285729].
[2023-04-10 17:13:48,159][moc][WARNING][util_funcs.py:111] Provide "objs" in result is deprecated and will be removed in future versions! Please use "objectives" instead.
[2023-04-10 17:13:48,159][moc][INFO][generic_smbo.py:333] Iter 19, objectives: [-0.38051485995204315].
[2023-04-10 17:13:48,164][moc][WARNING][util_funcs.py:111] Provide "objs" in result is deprecated and will be removed in future versions! Please use "objectives" instead.
[2023-04-10 17:13:48,164][moc][INFO][generic_smbo.py:333] Iter 20, objectives: [-1.009935940324912].
[2023-04-10 17:13:48,164][moc][WARNING][util_funcs.py:111] Provide "objs" in result is deprecated and will be removed in future versions! Please use "objectives" instead.
[2023-04-10 17:13:48,165][moc][WARNING][util_funcs.py:123] Unused information in result: {'config': [{'data_parallel_size': 1, 'micro_batch_size': 305, 'model_parallel_size': 2, 'num_reticle_per_pipeline_stage': 443, 'tensor_parallel_size': 1}]}
[2023-04-10 17:13:48,165][moc][INFO][generic_smbo.py:418] Iter 4, objectives: [-409.6004856745848].
[2023-04-10 17:13:48,166][moc][WARNING][util_funcs.py:231] Keyword argument "num_objs" is deprecated and will be removed in a future version. Please use "num_objectives" instead.
