[2023-04-10 19:04:44,570][moc][INFO][color_logger.py:203] Logfile: /home/chenyiqi/wafer_scale_chip_dse_framework/logs/moc_2023-04-10-19-04-44-570414.log
[2023-04-10 19:04:44,643][moc][WARNING][util_funcs.py:111] Provide "objs" in result is deprecated and will be removed in future versions! Please use "objectives" instead.
[2023-04-10 19:04:44,643][moc][INFO][generic_smbo.py:333] Iter 1, objectives: [-0.29955792484677635].
[2023-04-10 19:04:44,712][moc][WARNING][util_funcs.py:111] Provide "objs" in result is deprecated and will be removed in future versions! Please use "objectives" instead.
[2023-04-10 19:04:44,712][moc][INFO][generic_smbo.py:333] Iter 2, objectives: [-0.08716988249453614].
[2023-04-10 19:04:44,787][moc][WARNING][util_funcs.py:111] Provide "objs" in result is deprecated and will be removed in future versions! Please use "objectives" instead.
[2023-04-10 19:04:44,788][moc][INFO][generic_smbo.py:333] Iter 3, objectives: [-0.18841419119273722].
[2023-04-10 19:04:44,873][moc][WARNING][util_funcs.py:111] Provide "objs" in result is deprecated and will be removed in future versions! Please use "objectives" instead.
[2023-04-10 19:04:44,873][moc][INFO][generic_smbo.py:333] Iter 4, objectives: [-0.19946371938861265].
[2023-04-10 19:04:44,950][moc][WARNING][util_funcs.py:111] Provide "objs" in result is deprecated and will be removed in future versions! Please use "objectives" instead.
[2023-04-10 19:04:44,950][moc][INFO][generic_smbo.py:333] Iter 5, objectives: [-0.2625359770901853].
[2023-04-10 19:04:45,010][moc][WARNING][util_funcs.py:111] Provide "objs" in result is deprecated and will be removed in future versions! Please use "objectives" instead.
[2023-04-10 19:04:45,010][moc][INFO][generic_smbo.py:333] Iter 6, objectives: [-0.8027733293955945].
[2023-04-10 19:04:45,082][moc][WARNING][util_funcs.py:111] Provide "objs" in result is deprecated and will be removed in future versions! Please use "objectives" instead.
[2023-04-10 19:04:45,082][moc][INFO][generic_smbo.py:333] Iter 7, objectives: [-0.22818941422433037].
[2023-04-10 19:04:45,155][moc][WARNING][util_funcs.py:111] Provide "objs" in result is deprecated and will be removed in future versions! Please use "objectives" instead.
[2023-04-10 19:04:45,155][moc][INFO][generic_smbo.py:333] Iter 8, objectives: [-0.15281469960555488].
[2023-04-10 19:04:45,228][moc][WARNING][util_funcs.py:111] Provide "objs" in result is deprecated and will be removed in future versions! Please use "objectives" instead.
[2023-04-10 19:04:45,228][moc][INFO][generic_smbo.py:333] Iter 9, objectives: [-0.2979826483052703].
[2023-04-10 19:04:45,304][moc][WARNING][util_funcs.py:111] Provide "objs" in result is deprecated and will be removed in future versions! Please use "objectives" instead.
[2023-04-10 19:04:45,304][moc][INFO][generic_smbo.py:333] Iter 10, objectives: [-0.06826259998965667].
[2023-04-10 19:04:45,378][moc][WARNING][util_funcs.py:111] Provide "objs" in result is deprecated and will be removed in future versions! Please use "objectives" instead.
[2023-04-10 19:04:45,378][moc][INFO][generic_smbo.py:333] Iter 11, objectives: [-0.24378612266344488].
[2023-04-10 19:04:45,455][moc][WARNING][util_funcs.py:111] Provide "objs" in result is deprecated and will be removed in future versions! Please use "objectives" instead.
[2023-04-10 19:04:45,455][moc][INFO][generic_smbo.py:333] Iter 12, objectives: [-0.0524926046738772].
[2023-04-10 19:04:45,526][moc][WARNING][util_funcs.py:111] Provide "objs" in result is deprecated and will be removed in future versions! Please use "objectives" instead.
[2023-04-10 19:04:45,526][moc][INFO][generic_smbo.py:333] Iter 13, objectives: [-0.1216389247080735].
[2023-04-10 19:04:45,592][moc][WARNING][util_funcs.py:111] Provide "objs" in result is deprecated and will be removed in future versions! Please use "objectives" instead.
[2023-04-10 19:04:45,592][moc][INFO][generic_smbo.py:333] Iter 14, objectives: [-0.8088228707017581].
[2023-04-10 19:04:45,657][moc][WARNING][util_funcs.py:111] Provide "objs" in result is deprecated and will be removed in future versions! Please use "objectives" instead.
[2023-04-10 19:04:45,658][moc][INFO][generic_smbo.py:333] Iter 15, objectives: [-0.18575202414135372].
[2023-04-10 19:04:45,765][moc][WARNING][util_funcs.py:111] Provide "objs" in result is deprecated and will be removed in future versions! Please use "objectives" instead.
[2023-04-10 19:04:45,766][moc][INFO][generic_smbo.py:333] Iter 16, objectives: [-0.12085594670629339].
[2023-04-10 19:04:46,006][moc][WARNING][util_funcs.py:111] Provide "objs" in result is deprecated and will be removed in future versions! Please use "objectives" instead.
[2023-04-10 19:04:46,006][moc][INFO][generic_smbo.py:333] Iter 17, objectives: [-0.2501930161713106].
[2023-04-10 19:04:46,097][moc][WARNING][util_funcs.py:111] Provide "objs" in result is deprecated and will be removed in future versions! Please use "objectives" instead.
[2023-04-10 19:04:46,098][moc][INFO][generic_smbo.py:333] Iter 18, objectives: [-0.1808514073956324].
[2023-04-10 19:04:46,184][moc][WARNING][util_funcs.py:111] Provide "objs" in result is deprecated and will be removed in future versions! Please use "objectives" instead.
[2023-04-10 19:04:46,184][moc][INFO][generic_smbo.py:333] Iter 19, objectives: [-0.44221493914457055].
[2023-04-10 19:04:46,259][moc][WARNING][util_funcs.py:111] Provide "objs" in result is deprecated and will be removed in future versions! Please use "objectives" instead.
[2023-04-10 19:04:46,260][moc][INFO][generic_smbo.py:333] Iter 20, objectives: [-0.1777051554997831].
[2023-04-10 19:04:46,260][moc][WARNING][util_funcs.py:111] Provide "objs" in result is deprecated and will be removed in future versions! Please use "objectives" instead.
[2023-04-10 19:04:46,260][moc][WARNING][util_funcs.py:123] Unused information in result: {'config': [{'data_parallel_size': 3, 'micro_batch_size': 40, 'model_parallel_size': 4, 'num_reticle_per_pipeline_stage': 7, 'tensor_parallel_size': 4}]}
[2023-04-10 19:04:46,261][moc][INFO][generic_smbo.py:418] Iter 15, objectives: [-0.8088228707017581].
[2023-04-10 19:04:46,265][moc][WARNING][util_funcs.py:231] Keyword argument "num_objs" is deprecated and will be removed in a future version. Please use "num_objectives" instead.
