[2023-04-10 16:47:34,702][moc][INFO][color_logger.py:203] Logfile: /home/chenyiqi/wafer_scale_chip_dse_framework/logs/moc_2023-04-10-16-47-34-701780.log
[2023-04-10 16:47:34,707][moc][WARNING][util_funcs.py:111] Provide "objs" in result is deprecated and will be removed in future versions! Please use "objectives" instead.
[2023-04-10 16:47:34,707][moc][INFO][generic_smbo.py:333] Iter 1, objectives: [-0.6960917874248926].
[2023-04-10 16:47:34,709][moc][WARNING][util_funcs.py:111] Provide "objs" in result is deprecated and will be removed in future versions! Please use "objectives" instead.
[2023-04-10 16:47:34,709][moc][INFO][generic_smbo.py:333] Iter 2, objectives: [-0.41013983907461904].
[2023-04-10 16:47:34,711][moc][WARNING][util_funcs.py:111] Provide "objs" in result is deprecated and will be removed in future versions! Please use "objectives" instead.
[2023-04-10 16:47:34,712][moc][INFO][generic_smbo.py:333] Iter 3, objectives: [-1.5269826880719832].
[2023-04-10 16:47:34,714][moc][WARNING][util_funcs.py:111] Provide "objs" in result is deprecated and will be removed in future versions! Please use "objectives" instead.
[2023-04-10 16:47:34,714][moc][INFO][generic_smbo.py:333] Iter 4, objectives: [-1.3741331176793004].
[2023-04-10 16:47:34,716][moc][WARNING][util_funcs.py:111] Provide "objs" in result is deprecated and will be removed in future versions! Please use "objectives" instead.
[2023-04-10 16:47:34,716][moc][INFO][generic_smbo.py:333] Iter 5, objectives: [-4.487118738495028].
[2023-04-10 16:47:34,718][moc][WARNING][util_funcs.py:111] Provide "objs" in result is deprecated and will be removed in future versions! Please use "objectives" instead.
[2023-04-10 16:47:34,719][moc][INFO][generic_smbo.py:333] Iter 6, objectives: [-0.9965533349859855].
[2023-04-10 16:47:34,721][moc][WARNING][util_funcs.py:111] Provide "objs" in result is deprecated and will be removed in future versions! Please use "objectives" instead.
[2023-04-10 16:47:34,721][moc][INFO][generic_smbo.py:333] Iter 7, objectives: [-0.6739632930561654].
[2023-04-10 16:47:34,724][moc][WARNING][util_funcs.py:111] Provide "objs" in result is deprecated and will be removed in future versions! Please use "objectives" instead.
[2023-04-10 16:47:34,724][moc][INFO][generic_smbo.py:333] Iter 8, objectives: [-0.8295247925609343].
[2023-04-10 16:47:34,726][moc][WARNING][util_funcs.py:111] Provide "objs" in result is deprecated and will be removed in future versions! Please use "objectives" instead.
[2023-04-10 16:47:34,727][moc][INFO][generic_smbo.py:333] Iter 9, objectives: [-0.8583014742812338].
[2023-04-10 16:47:34,729][moc][WARNING][util_funcs.py:111] Provide "objs" in result is deprecated and will be removed in future versions! Please use "objectives" instead.
[2023-04-10 16:47:34,729][moc][INFO][generic_smbo.py:333] Iter 10, objectives: [-0.5626011989033348].
[2023-04-10 16:47:34,730][moc][WARNING][util_funcs.py:111] Provide "objs" in result is deprecated and will be removed in future versions! Please use "objectives" instead.
[2023-04-10 16:47:34,730][moc][WARNING][util_funcs.py:123] Unused information in result: {'config': [Configuration(values={
  'data_parallel_size': 2,
  'micro_batch_size': 27,
  'model_parallel_size': 24,
  'num_reticle_per_pipeline_stage': 1,
  'tensor_parallel_size': 6,
})
]}
[2023-04-10 16:47:34,730][moc][INFO][generic_smbo.py:418] Iter 1, objectives: [-4.487118738495028].
[2023-04-10 16:47:34,731][moc][WARNING][util_funcs.py:231] Keyword argument "num_objs" is deprecated and will be removed in a future version. Please use "num_objectives" instead.
