[2023-04-10 17:08:30,644][moc][INFO][color_logger.py:203] Logfile: /home/chenyiqi/wafer_scale_chip_dse_framework/logs/moc_2023-04-10-17-08-30-644306.log
[2023-04-10 17:08:30,750][moc][WARNING][util_funcs.py:111] Provide "objs" in result is deprecated and will be removed in future versions! Please use "objectives" instead.
[2023-04-10 17:08:30,750][moc][INFO][generic_smbo.py:333] Iter 1, objectives: [-0.6872749342196833].
[2023-04-10 17:08:31,023][moc][WARNING][util_funcs.py:111] Provide "objs" in result is deprecated and will be removed in future versions! Please use "objectives" instead.
[2023-04-10 17:08:31,024][moc][INFO][generic_smbo.py:333] Iter 2, objectives: [-0.1540200265897414].
[2023-04-10 17:08:31,161][moc][WARNING][util_funcs.py:111] Provide "objs" in result is deprecated and will be removed in future versions! Please use "objectives" instead.
[2023-04-10 17:08:31,161][moc][INFO][generic_smbo.py:333] Iter 3, objectives: [-0.12991625906413887].
[2023-04-10 17:08:31,277][moc][WARNING][util_funcs.py:111] Provide "objs" in result is deprecated and will be removed in future versions! Please use "objectives" instead.
[2023-04-10 17:08:31,277][moc][INFO][generic_smbo.py:333] Iter 4, objectives: [-0.39530386397041734].
[2023-04-10 17:08:31,410][moc][WARNING][util_funcs.py:111] Provide "objs" in result is deprecated and will be removed in future versions! Please use "objectives" instead.
[2023-04-10 17:08:31,410][moc][INFO][generic_smbo.py:333] Iter 5, objectives: [-0.11999423229003402].
[2023-04-10 17:08:31,550][moc][WARNING][util_funcs.py:111] Provide "objs" in result is deprecated and will be removed in future versions! Please use "objectives" instead.
[2023-04-10 17:08:31,550][moc][INFO][generic_smbo.py:333] Iter 6, objectives: [-0.1532868487163087].
[2023-04-10 17:08:31,688][moc][WARNING][util_funcs.py:111] Provide "objs" in result is deprecated and will be removed in future versions! Please use "objectives" instead.
[2023-04-10 17:08:31,689][moc][INFO][generic_smbo.py:333] Iter 7, objectives: [-0.07649023898587748].
[2023-04-10 17:08:31,857][moc][WARNING][util_funcs.py:111] Provide "objs" in result is deprecated and will be removed in future versions! Please use "objectives" instead.
[2023-04-10 17:08:31,857][moc][INFO][generic_smbo.py:333] Iter 8, objectives: [-0.23810043523641294].
[2023-04-10 17:08:31,991][moc][WARNING][util_funcs.py:111] Provide "objs" in result is deprecated and will be removed in future versions! Please use "objectives" instead.
[2023-04-10 17:08:31,991][moc][INFO][generic_smbo.py:333] Iter 9, objectives: [-0.219590031300089].
[2023-04-10 17:08:32,139][moc][WARNING][util_funcs.py:111] Provide "objs" in result is deprecated and will be removed in future versions! Please use "objectives" instead.
[2023-04-10 17:08:32,140][moc][INFO][generic_smbo.py:333] Iter 10, objectives: [-0.18969374103941397].
[2023-04-10 17:08:32,306][moc][WARNING][util_funcs.py:111] Provide "objs" in result is deprecated and will be removed in future versions! Please use "objectives" instead.
[2023-04-10 17:08:32,306][moc][INFO][generic_smbo.py:333] Iter 11, objectives: [-0.30981598235345265].
[2023-04-10 17:08:32,433][moc][WARNING][util_funcs.py:111] Provide "objs" in result is deprecated and will be removed in future versions! Please use "objectives" instead.
[2023-04-10 17:08:32,433][moc][INFO][generic_smbo.py:333] Iter 12, objectives: [-4.253887446163641].
[2023-04-10 17:08:32,549][moc][WARNING][util_funcs.py:111] Provide "objs" in result is deprecated and will be removed in future versions! Please use "objectives" instead.
[2023-04-10 17:08:32,549][moc][INFO][generic_smbo.py:333] Iter 13, objectives: [-0.20884842850477647].
[2023-04-10 17:08:32,655][moc][WARNING][util_funcs.py:111] Provide "objs" in result is deprecated and will be removed in future versions! Please use "objectives" instead.
[2023-04-10 17:08:32,655][moc][INFO][generic_smbo.py:333] Iter 14, objectives: [-1.2019395496977114].
[2023-04-10 17:08:32,767][moc][WARNING][util_funcs.py:111] Provide "objs" in result is deprecated and will be removed in future versions! Please use "objectives" instead.
[2023-04-10 17:08:32,767][moc][INFO][generic_smbo.py:333] Iter 15, objectives: [-0.31947634096232624].
[2023-04-10 17:08:32,885][moc][WARNING][util_funcs.py:111] Provide "objs" in result is deprecated and will be removed in future versions! Please use "objectives" instead.
[2023-04-10 17:08:32,885][moc][INFO][generic_smbo.py:333] Iter 16, objectives: [-0.23715912288262514].
[2023-04-10 17:08:33,181][moc][WARNING][util_funcs.py:111] Provide "objs" in result is deprecated and will be removed in future versions! Please use "objectives" instead.
[2023-04-10 17:08:33,181][moc][INFO][generic_smbo.py:333] Iter 17, objectives: [-0.3460151552733542].
[2023-04-10 17:08:33,334][moc][WARNING][util_funcs.py:111] Provide "objs" in result is deprecated and will be removed in future versions! Please use "objectives" instead.
[2023-04-10 17:08:33,335][moc][INFO][generic_smbo.py:333] Iter 18, objectives: [-0.48317545045929283].
[2023-04-10 17:08:33,476][moc][WARNING][util_funcs.py:111] Provide "objs" in result is deprecated and will be removed in future versions! Please use "objectives" instead.
[2023-04-10 17:08:33,477][moc][INFO][generic_smbo.py:333] Iter 19, objectives: [-0.09010256955897611].
[2023-04-10 17:08:33,613][moc][WARNING][util_funcs.py:111] Provide "objs" in result is deprecated and will be removed in future versions! Please use "objectives" instead.
[2023-04-10 17:08:33,613][moc][INFO][generic_smbo.py:333] Iter 20, objectives: [-0.06542314243144255].
[2023-04-10 17:08:33,614][moc][WARNING][util_funcs.py:111] Provide "objs" in result is deprecated and will be removed in future versions! Please use "objectives" instead.
[2023-04-10 17:08:33,614][moc][WARNING][util_funcs.py:123] Unused information in result: {'config': [{'data_parallel_size': 1, 'micro_batch_size': 30, 'model_parallel_size': 2, 'num_reticle_per_pipeline_stage': 214, 'tensor_parallel_size': 1}]}
[2023-04-10 17:08:33,614][moc][INFO][generic_smbo.py:418] Iter 16, objectives: [-4.253887446163641].
[2023-04-10 17:08:38,447][moc][WARNING][util_funcs.py:231] Keyword argument "num_objs" is deprecated and will be removed in a future version. Please use "num_objectives" instead.
