[2023-04-09 19:22:17,366][moc][INFO][color_logger.py:203] Logfile: /home/chenyiqi/wafer_scale_chip_dse_framework/logs/moc_2023-04-09-19-22-17-361136.log
[2023-04-09 19:22:17,376][moc][INFO][generic_advisor.py:157] [BO auto selection]  acq_type: ei.
[2023-04-09 19:22:17,698][moc][WARNING][util_funcs.py:111] Provide "objs" in result is deprecated and will be removed in future versions! Please use "objectives" instead.
[2023-04-09 19:22:17,699][moc][INFO][generic_smbo.py:332] Iter 1, objectives: [-0.008681798359726278].
[2023-04-09 19:22:17,962][moc][WARNING][util_funcs.py:111] Provide "objs" in result is deprecated and will be removed in future versions! Please use "objectives" instead.
[2023-04-09 19:22:17,964][moc][INFO][generic_smbo.py:332] Iter 2, objectives: [-0.006945586755772356].
[2023-04-09 19:22:18,189][moc][WARNING][util_funcs.py:111] Provide "objs" in result is deprecated and will be removed in future versions! Please use "objectives" instead.
[2023-04-09 19:22:18,190][moc][INFO][generic_smbo.py:332] Iter 3, objectives: [-0.011575320497801208].
[2023-04-09 19:22:18,526][moc][WARNING][util_funcs.py:111] Provide "objs" in result is deprecated and will be removed in future versions! Please use "objectives" instead.
[2023-04-09 19:22:18,527][moc][INFO][generic_smbo.py:332] Iter 4, objectives: [-0.008681803805201439].
[2023-04-09 19:22:18,907][moc][WARNING][util_funcs.py:111] Provide "objs" in result is deprecated and will be removed in future versions! Please use "objectives" instead.
[2023-04-09 19:22:18,908][moc][INFO][generic_smbo.py:332] Iter 5, objectives: [-0.006945589085324262].
[2023-04-09 19:22:19,158][moc][WARNING][util_funcs.py:111] Provide "objs" in result is deprecated and will be removed in future versions! Please use "objectives" instead.
[2023-04-09 19:22:19,159][moc][INFO][generic_smbo.py:332] Iter 6, objectives: [-0.017361772344871605].
[2023-04-09 19:22:19,160][moc][INFO][generic_advisor.py:365] Sample random config. rand_prob=0.100000.
[2023-04-09 19:22:19,412][moc][WARNING][util_funcs.py:111] Provide "objs" in result is deprecated and will be removed in future versions! Please use "objectives" instead.
[2023-04-09 19:22:19,413][moc][INFO][generic_smbo.py:332] Iter 7, objectives: [-0.011575313164189619].
[2023-04-09 19:22:20,669][moc][WARNING][util_funcs.py:111] Provide "objs" in result is deprecated and will be removed in future versions! Please use "objectives" instead.
[2023-04-09 19:22:20,670][moc][INFO][generic_smbo.py:332] Iter 8, objectives: [-0.017361772344871605].
[2023-04-09 19:22:21,813][moc][WARNING][util_funcs.py:111] Provide "objs" in result is deprecated and will be removed in future versions! Please use "objectives" instead.
[2023-04-09 19:22:21,814][moc][INFO][generic_smbo.py:332] Iter 9, objectives: [-0.017361772344871605].
[2023-04-09 19:22:23,322][moc][WARNING][util_funcs.py:111] Provide "objs" in result is deprecated and will be removed in future versions! Please use "objectives" instead.
[2023-04-09 19:22:23,322][moc][INFO][generic_smbo.py:332] Iter 10, objectives: [-0.017361772344871605].
[2023-04-09 19:22:24,787][moc][WARNING][util_funcs.py:111] Provide "objs" in result is deprecated and will be removed in future versions! Please use "objectives" instead.
[2023-04-09 19:22:24,788][moc][INFO][generic_smbo.py:332] Iter 11, objectives: [-0.011575329273769672].
[2023-04-09 19:22:26,290][moc][WARNING][util_funcs.py:111] Provide "objs" in result is deprecated and will be removed in future versions! Please use "objectives" instead.
[2023-04-09 19:22:26,291][moc][INFO][generic_smbo.py:332] Iter 12, objectives: [-0.01736177709785723].
[2023-04-09 19:22:27,740][moc][WARNING][util_funcs.py:111] Provide "objs" in result is deprecated and will be removed in future versions! Please use "objectives" instead.
[2023-04-09 19:22:27,741][moc][INFO][generic_smbo.py:332] Iter 13, objectives: [-0.017361762987438745].
[2023-04-09 19:22:29,163][moc][WARNING][util_funcs.py:111] Provide "objs" in result is deprecated and will be removed in future versions! Please use "objectives" instead.
[2023-04-09 19:22:29,164][moc][INFO][generic_smbo.py:332] Iter 14, objectives: [-0.017361769572297854].
[2023-04-09 19:22:31,098][moc][WARNING][util_funcs.py:111] Provide "objs" in result is deprecated and will be removed in future versions! Please use "objectives" instead.
[2023-04-09 19:22:31,099][moc][INFO][generic_smbo.py:332] Iter 15, objectives: [-0.017361769572297854].
[2023-04-09 19:22:33,135][moc][WARNING][util_funcs.py:111] Provide "objs" in result is deprecated and will be removed in future versions! Please use "objectives" instead.
[2023-04-09 19:22:33,136][moc][INFO][generic_smbo.py:332] Iter 16, objectives: [-0.017361769572297854].
[2023-04-09 19:22:35,015][moc][WARNING][util_funcs.py:111] Provide "objs" in result is deprecated and will be removed in future versions! Please use "objectives" instead.
[2023-04-09 19:22:35,016][moc][INFO][generic_smbo.py:332] Iter 17, objectives: [-0.01736178102423863].
[2023-04-09 19:22:36,378][moc][WARNING][util_funcs.py:111] Provide "objs" in result is deprecated and will be removed in future versions! Please use "objectives" instead.
[2023-04-09 19:22:36,380][moc][INFO][generic_smbo.py:332] Iter 18, objectives: [-0.01736177915028365].
[2023-04-09 19:22:38,089][moc][WARNING][util_funcs.py:111] Provide "objs" in result is deprecated and will be removed in future versions! Please use "objectives" instead.
[2023-04-09 19:22:38,090][moc][INFO][generic_smbo.py:332] Iter 19, objectives: [-0.01736177709785723].
[2023-04-09 19:22:40,192][moc][WARNING][util_funcs.py:111] Provide "objs" in result is deprecated and will be removed in future versions! Please use "objectives" instead.
[2023-04-09 19:22:40,194][moc][INFO][generic_smbo.py:332] Iter 20, objectives: [-0.01736178102423863].
