[2023-04-10 17:17:38,137][moc][INFO][color_logger.py:203] Logfile: /home/chenyiqi/wafer_scale_chip_dse_framework/logs/moc_2023-04-10-17-17-38-137687.log
[2023-04-10 17:17:38,145][moc][WARNING][util_funcs.py:111] Provide "objs" in result is deprecated and will be removed in future versions! Please use "objectives" instead.
[2023-04-10 17:17:38,146][moc][INFO][generic_smbo.py:333] Iter 1, objectives: [-0.6269562846895966].
[2023-04-10 17:17:38,151][moc][WARNING][util_funcs.py:111] Provide "objs" in result is deprecated and will be removed in future versions! Please use "objectives" instead.
[2023-04-10 17:17:38,151][moc][INFO][generic_smbo.py:333] Iter 2, objectives: [-0.8797925696856377].
[2023-04-10 17:17:38,157][moc][WARNING][util_funcs.py:111] Provide "objs" in result is deprecated and will be removed in future versions! Please use "objectives" instead.
[2023-04-10 17:17:38,157][moc][INFO][generic_smbo.py:333] Iter 3, objectives: [-0.3795479928576257].
[2023-04-10 17:17:38,163][moc][WARNING][util_funcs.py:111] Provide "objs" in result is deprecated and will be removed in future versions! Please use "objectives" instead.
[2023-04-10 17:17:38,163][moc][INFO][generic_smbo.py:333] Iter 4, objectives: [-2.183080638726674].
[2023-04-10 17:17:38,169][moc][WARNING][util_funcs.py:111] Provide "objs" in result is deprecated and will be removed in future versions! Please use "objectives" instead.
[2023-04-10 17:17:38,169][moc][INFO][generic_smbo.py:333] Iter 5, objectives: [-1.0140386887026809].
[2023-04-10 17:17:38,175][moc][WARNING][util_funcs.py:111] Provide "objs" in result is deprecated and will be removed in future versions! Please use "objectives" instead.
[2023-04-10 17:17:38,175][moc][INFO][generic_smbo.py:333] Iter 6, objectives: [-1.7479949101810937].
[2023-04-10 17:17:38,181][moc][WARNING][util_funcs.py:111] Provide "objs" in result is deprecated and will be removed in future versions! Please use "objectives" instead.
[2023-04-10 17:17:38,181][moc][INFO][generic_smbo.py:333] Iter 7, objectives: [-0.5343493077333175].
[2023-04-10 17:17:38,186][moc][WARNING][util_funcs.py:111] Provide "objs" in result is deprecated and will be removed in future versions! Please use "objectives" instead.
[2023-04-10 17:17:38,187][moc][INFO][generic_smbo.py:333] Iter 8, objectives: [-0.8627868257118708].
[2023-04-10 17:17:38,192][moc][WARNING][util_funcs.py:111] Provide "objs" in result is deprecated and will be removed in future versions! Please use "objectives" instead.
[2023-04-10 17:17:38,193][moc][INFO][generic_smbo.py:333] Iter 9, objectives: [-0.7466059590412516].
[2023-04-10 17:17:38,198][moc][WARNING][util_funcs.py:111] Provide "objs" in result is deprecated and will be removed in future versions! Please use "objectives" instead.
[2023-04-10 17:17:38,198][moc][INFO][generic_smbo.py:333] Iter 10, objectives: [-12.748072890859047].
[2023-04-10 17:17:38,204][moc][WARNING][util_funcs.py:111] Provide "objs" in result is deprecated and will be removed in future versions! Please use "objectives" instead.
[2023-04-10 17:17:38,204][moc][INFO][generic_smbo.py:333] Iter 11, objectives: [-2.064878058623251].
[2023-04-10 17:17:38,210][moc][WARNING][util_funcs.py:111] Provide "objs" in result is deprecated and will be removed in future versions! Please use "objectives" instead.
[2023-04-10 17:17:38,210][moc][INFO][generic_smbo.py:333] Iter 12, objectives: [-0.698990652959208].
[2023-04-10 17:17:38,216][moc][WARNING][util_funcs.py:111] Provide "objs" in result is deprecated and will be removed in future versions! Please use "objectives" instead.
[2023-04-10 17:17:38,216][moc][INFO][generic_smbo.py:333] Iter 13, objectives: [-16.097546867527985].
[2023-04-10 17:17:38,222][moc][WARNING][util_funcs.py:111] Provide "objs" in result is deprecated and will be removed in future versions! Please use "objectives" instead.
[2023-04-10 17:17:38,222][moc][INFO][generic_smbo.py:333] Iter 14, objectives: [-0.3976026563178201].
[2023-04-10 17:17:38,228][moc][WARNING][util_funcs.py:111] Provide "objs" in result is deprecated and will be removed in future versions! Please use "objectives" instead.
[2023-04-10 17:17:38,228][moc][INFO][generic_smbo.py:333] Iter 15, objectives: [-0.3656496859292507].
[2023-04-10 17:17:38,233][moc][WARNING][util_funcs.py:111] Provide "objs" in result is deprecated and will be removed in future versions! Please use "objectives" instead.
[2023-04-10 17:17:38,233][moc][INFO][generic_smbo.py:333] Iter 16, objectives: [-0.44541175323582344].
[2023-04-10 17:17:38,239][moc][WARNING][util_funcs.py:111] Provide "objs" in result is deprecated and will be removed in future versions! Please use "objectives" instead.
[2023-04-10 17:17:38,239][moc][INFO][generic_smbo.py:333] Iter 17, objectives: [-2.3382197146760704].
[2023-04-10 17:17:38,245][moc][WARNING][util_funcs.py:111] Provide "objs" in result is deprecated and will be removed in future versions! Please use "objectives" instead.
[2023-04-10 17:17:38,245][moc][INFO][generic_smbo.py:333] Iter 18, objectives: [-5.351879918522123].
[2023-04-10 17:17:38,251][moc][WARNING][util_funcs.py:111] Provide "objs" in result is deprecated and will be removed in future versions! Please use "objectives" instead.
[2023-04-10 17:17:38,251][moc][INFO][generic_smbo.py:333] Iter 19, objectives: [-4.227293210481613].
[2023-04-10 17:17:38,256][moc][WARNING][util_funcs.py:111] Provide "objs" in result is deprecated and will be removed in future versions! Please use "objectives" instead.
[2023-04-10 17:17:38,257][moc][INFO][generic_smbo.py:333] Iter 20, objectives: [-35.04787160398191].
[2023-04-10 17:17:38,257][moc][WARNING][util_funcs.py:111] Provide "objs" in result is deprecated and will be removed in future versions! Please use "objectives" instead.
[2023-04-10 17:17:38,257][moc][WARNING][util_funcs.py:123] Unused information in result: {'config': [{'data_parallel_size': 2, 'micro_batch_size': 203, 'model_parallel_size': 6, 'num_reticle_per_pipeline_stage': 348, 'tensor_parallel_size': 1}]}
[2023-04-10 17:17:38,257][moc][INFO][generic_smbo.py:418] Iter 8, objectives: [-35.04787160398191].
[2023-04-10 17:17:42,705][moc][WARNING][util_funcs.py:231] Keyword argument "num_objs" is deprecated and will be removed in a future version. Please use "num_objectives" instead.
