[2023-04-10 17:11:22,919][moc][INFO][color_logger.py:203] Logfile: /home/chenyiqi/wafer_scale_chip_dse_framework/logs/moc_2023-04-10-17-11-22-919715.log
[2023-04-10 17:11:23,072][moc][WARNING][util_funcs.py:111] Provide "objs" in result is deprecated and will be removed in future versions! Please use "objectives" instead.
[2023-04-10 17:11:23,072][moc][INFO][generic_smbo.py:333] Iter 1, objectives: [-0.34111694251727104].
[2023-04-10 17:11:23,220][moc][WARNING][util_funcs.py:111] Provide "objs" in result is deprecated and will be removed in future versions! Please use "objectives" instead.
[2023-04-10 17:11:23,221][moc][INFO][generic_smbo.py:333] Iter 2, objectives: [-0.20003856308212312].
[2023-04-10 17:11:23,373][moc][WARNING][util_funcs.py:111] Provide "objs" in result is deprecated and will be removed in future versions! Please use "objectives" instead.
[2023-04-10 17:11:23,373][moc][INFO][generic_smbo.py:333] Iter 3, objectives: [-2.573873208551301].
[2023-04-10 17:11:23,523][moc][WARNING][util_funcs.py:111] Provide "objs" in result is deprecated and will be removed in future versions! Please use "objectives" instead.
[2023-04-10 17:11:23,523][moc][INFO][generic_smbo.py:333] Iter 4, objectives: [-0.48250451296893065].
[2023-04-10 17:11:23,677][moc][WARNING][util_funcs.py:111] Provide "objs" in result is deprecated and will be removed in future versions! Please use "objectives" instead.
[2023-04-10 17:11:23,678][moc][INFO][generic_smbo.py:333] Iter 5, objectives: [-0.08456137044626114].
[2023-04-10 17:11:23,825][moc][WARNING][util_funcs.py:111] Provide "objs" in result is deprecated and will be removed in future versions! Please use "objectives" instead.
[2023-04-10 17:11:23,825][moc][INFO][generic_smbo.py:333] Iter 6, objectives: [-0.09587201429083893].
[2023-04-10 17:11:23,941][moc][WARNING][util_funcs.py:111] Provide "objs" in result is deprecated and will be removed in future versions! Please use "objectives" instead.
[2023-04-10 17:11:23,941][moc][INFO][generic_smbo.py:333] Iter 7, objectives: [-0.47859960123467166].
[2023-04-10 17:11:24,088][moc][WARNING][util_funcs.py:111] Provide "objs" in result is deprecated and will be removed in future versions! Please use "objectives" instead.
[2023-04-10 17:11:24,088][moc][INFO][generic_smbo.py:333] Iter 8, objectives: [-2.0852170021478638].
[2023-04-10 17:11:24,195][moc][WARNING][util_funcs.py:111] Provide "objs" in result is deprecated and will be removed in future versions! Please use "objectives" instead.
[2023-04-10 17:11:24,196][moc][INFO][generic_smbo.py:333] Iter 9, objectives: [-1.2167353203170204].
[2023-04-10 17:11:24,486][moc][WARNING][util_funcs.py:111] Provide "objs" in result is deprecated and will be removed in future versions! Please use "objectives" instead.
[2023-04-10 17:11:24,486][moc][INFO][generic_smbo.py:333] Iter 10, objectives: [-0.543024409567561].
[2023-04-10 17:11:24,635][moc][WARNING][util_funcs.py:111] Provide "objs" in result is deprecated and will be removed in future versions! Please use "objectives" instead.
[2023-04-10 17:11:24,636][moc][INFO][generic_smbo.py:333] Iter 11, objectives: [-0.12654914402358763].
[2023-04-10 17:11:24,760][moc][WARNING][util_funcs.py:111] Provide "objs" in result is deprecated and will be removed in future versions! Please use "objectives" instead.
[2023-04-10 17:11:24,760][moc][INFO][generic_smbo.py:333] Iter 12, objectives: [-0.5176446789214655].
[2023-04-10 17:11:24,876][moc][WARNING][util_funcs.py:111] Provide "objs" in result is deprecated and will be removed in future versions! Please use "objectives" instead.
[2023-04-10 17:11:24,876][moc][INFO][generic_smbo.py:333] Iter 13, objectives: [-0.7331042273653042].
[2023-04-10 17:11:24,986][moc][WARNING][util_funcs.py:111] Provide "objs" in result is deprecated and will be removed in future versions! Please use "objectives" instead.
[2023-04-10 17:11:24,986][moc][INFO][generic_smbo.py:333] Iter 14, objectives: [-0.5645144041676012].
[2023-04-10 17:11:25,096][moc][WARNING][util_funcs.py:111] Provide "objs" in result is deprecated and will be removed in future versions! Please use "objectives" instead.
[2023-04-10 17:11:25,096][moc][INFO][generic_smbo.py:333] Iter 15, objectives: [-2.528438691723952].
[2023-04-10 17:11:25,250][moc][WARNING][util_funcs.py:111] Provide "objs" in result is deprecated and will be removed in future versions! Please use "objectives" instead.
[2023-04-10 17:11:25,250][moc][INFO][generic_smbo.py:333] Iter 16, objectives: [-0.02099948475099749].
[2023-04-10 17:11:25,372][moc][WARNING][util_funcs.py:111] Provide "objs" in result is deprecated and will be removed in future versions! Please use "objectives" instead.
[2023-04-10 17:11:25,372][moc][INFO][generic_smbo.py:333] Iter 17, objectives: [-1.3165347363101974].
[2023-04-10 17:11:25,508][moc][WARNING][util_funcs.py:111] Provide "objs" in result is deprecated and will be removed in future versions! Please use "objectives" instead.
[2023-04-10 17:11:25,509][moc][INFO][generic_smbo.py:333] Iter 18, objectives: [-0.581780178417543].
[2023-04-10 17:11:25,664][moc][WARNING][util_funcs.py:111] Provide "objs" in result is deprecated and will be removed in future versions! Please use "objectives" instead.
[2023-04-10 17:11:25,664][moc][INFO][generic_smbo.py:333] Iter 19, objectives: [-0.038778515725904794].
[2023-04-10 17:11:25,786][moc][WARNING][util_funcs.py:111] Provide "objs" in result is deprecated and will be removed in future versions! Please use "objectives" instead.
[2023-04-10 17:11:25,786][moc][INFO][generic_smbo.py:333] Iter 20, objectives: [-2.2622580361196825].
[2023-04-10 17:11:25,787][moc][WARNING][util_funcs.py:111] Provide "objs" in result is deprecated and will be removed in future versions! Please use "objectives" instead.
[2023-04-10 17:11:25,787][moc][WARNING][util_funcs.py:123] Unused information in result: {'config': [{'data_parallel_size': 1, 'micro_batch_size': 65, 'model_parallel_size': 2, 'num_reticle_per_pipeline_stage': 45, 'tensor_parallel_size': 6}]}
[2023-04-10 17:11:25,787][moc][INFO][generic_smbo.py:418] Iter 9, objectives: [-2.573873208551301].
[2023-04-10 17:11:30,329][moc][WARNING][util_funcs.py:231] Keyword argument "num_objs" is deprecated and will be removed in a future version. Please use "num_objectives" instead.
