[2023-04-10 17:18:02,874][moc][INFO][color_logger.py:203] Logfile: /home/chenyiqi/wafer_scale_chip_dse_framework/logs/moc_2023-04-10-17-18-02-874044.log
[2023-04-10 17:18:02,879][moc][WARNING][util_funcs.py:111] Provide "objs" in result is deprecated and will be removed in future versions! Please use "objectives" instead.
[2023-04-10 17:18:02,880][moc][INFO][generic_smbo.py:333] Iter 1, objectives: [-0.49078146606724155].
[2023-04-10 17:18:02,883][moc][WARNING][util_funcs.py:111] Provide "objs" in result is deprecated and will be removed in future versions! Please use "objectives" instead.
[2023-04-10 17:18:02,883][moc][INFO][generic_smbo.py:333] Iter 2, objectives: [-31.168406705001996].
[2023-04-10 17:18:02,886][moc][WARNING][util_funcs.py:111] Provide "objs" in result is deprecated and will be removed in future versions! Please use "objectives" instead.
[2023-04-10 17:18:02,886][moc][INFO][generic_smbo.py:333] Iter 3, objectives: [-2.5862852608971267].
[2023-04-10 17:18:02,889][moc][WARNING][util_funcs.py:111] Provide "objs" in result is deprecated and will be removed in future versions! Please use "objectives" instead.
[2023-04-10 17:18:02,890][moc][INFO][generic_smbo.py:333] Iter 4, objectives: [-1.0452865809462388].
[2023-04-10 17:18:02,893][moc][WARNING][util_funcs.py:111] Provide "objs" in result is deprecated and will be removed in future versions! Please use "objectives" instead.
[2023-04-10 17:18:02,893][moc][INFO][generic_smbo.py:333] Iter 5, objectives: [-0.3840867893500681].
[2023-04-10 17:18:02,896][moc][WARNING][util_funcs.py:111] Provide "objs" in result is deprecated and will be removed in future versions! Please use "objectives" instead.
[2023-04-10 17:18:02,896][moc][INFO][generic_smbo.py:333] Iter 6, objectives: [-1.9607900082551275].
[2023-04-10 17:18:02,900][moc][WARNING][util_funcs.py:111] Provide "objs" in result is deprecated and will be removed in future versions! Please use "objectives" instead.
[2023-04-10 17:18:02,900][moc][INFO][generic_smbo.py:333] Iter 7, objectives: [-13.470683094538325].
[2023-04-10 17:18:02,903][moc][WARNING][util_funcs.py:111] Provide "objs" in result is deprecated and will be removed in future versions! Please use "objectives" instead.
[2023-04-10 17:18:02,903][moc][INFO][generic_smbo.py:333] Iter 8, objectives: [-7.409960461060714].
[2023-04-10 17:18:02,906][moc][WARNING][util_funcs.py:111] Provide "objs" in result is deprecated and will be removed in future versions! Please use "objectives" instead.
[2023-04-10 17:18:02,906][moc][INFO][generic_smbo.py:333] Iter 9, objectives: [-1.0334189207340334].
[2023-04-10 17:18:02,910][moc][WARNING][util_funcs.py:111] Provide "objs" in result is deprecated and will be removed in future versions! Please use "objectives" instead.
[2023-04-10 17:18:02,910][moc][INFO][generic_smbo.py:333] Iter 10, objectives: [-4.087997706011912].
[2023-04-10 17:18:02,913][moc][WARNING][util_funcs.py:111] Provide "objs" in result is deprecated and will be removed in future versions! Please use "objectives" instead.
[2023-04-10 17:18:02,913][moc][INFO][generic_smbo.py:333] Iter 11, objectives: [-1.3979824531965572].
[2023-04-10 17:18:02,917][moc][WARNING][util_funcs.py:111] Provide "objs" in result is deprecated and will be removed in future versions! Please use "objectives" instead.
[2023-04-10 17:18:02,917][moc][INFO][generic_smbo.py:333] Iter 12, objectives: [-11.993009015707194].
[2023-04-10 17:18:02,919][moc][WARNING][util_funcs.py:111] Provide "objs" in result is deprecated and will be removed in future versions! Please use "objectives" instead.
[2023-04-10 17:18:02,920][moc][INFO][generic_smbo.py:333] Iter 13, objectives: [-0.4759275112051112].
[2023-04-10 17:18:02,923][moc][WARNING][util_funcs.py:111] Provide "objs" in result is deprecated and will be removed in future versions! Please use "objectives" instead.
[2023-04-10 17:18:02,923][moc][INFO][generic_smbo.py:333] Iter 14, objectives: [-14.364985552928815].
[2023-04-10 17:18:02,926][moc][WARNING][util_funcs.py:111] Provide "objs" in result is deprecated and will be removed in future versions! Please use "objectives" instead.
[2023-04-10 17:18:02,926][moc][INFO][generic_smbo.py:333] Iter 15, objectives: [-0.7067566825406468].
[2023-04-10 17:18:02,930][moc][WARNING][util_funcs.py:111] Provide "objs" in result is deprecated and will be removed in future versions! Please use "objectives" instead.
[2023-04-10 17:18:02,930][moc][INFO][generic_smbo.py:333] Iter 16, objectives: [-3.9303124960472293].
[2023-04-10 17:18:02,933][moc][WARNING][util_funcs.py:111] Provide "objs" in result is deprecated and will be removed in future versions! Please use "objectives" instead.
[2023-04-10 17:18:02,933][moc][INFO][generic_smbo.py:333] Iter 17, objectives: [-1.4018358352380784].
[2023-04-10 17:18:02,936][moc][WARNING][util_funcs.py:111] Provide "objs" in result is deprecated and will be removed in future versions! Please use "objectives" instead.
[2023-04-10 17:18:02,936][moc][INFO][generic_smbo.py:333] Iter 18, objectives: [-2.3444538720367816].
[2023-04-10 17:18:02,939][moc][WARNING][util_funcs.py:111] Provide "objs" in result is deprecated and will be removed in future versions! Please use "objectives" instead.
[2023-04-10 17:18:02,940][moc][INFO][generic_smbo.py:333] Iter 19, objectives: [-24.201784957519994].
[2023-04-10 17:18:02,943][moc][WARNING][util_funcs.py:111] Provide "objs" in result is deprecated and will be removed in future versions! Please use "objectives" instead.
[2023-04-10 17:18:02,943][moc][INFO][generic_smbo.py:333] Iter 20, objectives: [-0.36795965108404355].
[2023-04-10 17:18:02,943][moc][WARNING][util_funcs.py:111] Provide "objs" in result is deprecated and will be removed in future versions! Please use "objectives" instead.
[2023-04-10 17:18:02,943][moc][WARNING][util_funcs.py:123] Unused information in result: {'config': [{'data_parallel_size': 2, 'micro_batch_size': 197, 'model_parallel_size': 12, 'num_reticle_per_pipeline_stage': 199, 'tensor_parallel_size': 1}]}
[2023-04-10 17:18:02,943][moc][INFO][generic_smbo.py:418] Iter 14, objectives: [-31.168406705001996].
[2023-04-10 17:18:02,944][moc][INFO][mf_advisor.py:411] Sample random config. rand_prob=0.100000.
[2023-04-10 17:18:02,945][moc][WARNING][util_funcs.py:231] Keyword argument "num_objs" is deprecated and will be removed in a future version. Please use "num_objectives" instead.
