[2023-04-10 17:08:29,013][moc][INFO][color_logger.py:203] Logfile: /home/chenyiqi/wafer_scale_chip_dse_framework/logs/moc_2023-04-10-17-08-29-013416.log
[2023-04-10 17:08:29,222][moc][WARNING][util_funcs.py:111] Provide "objs" in result is deprecated and will be removed in future versions! Please use "objectives" instead.
[2023-04-10 17:08:29,223][moc][INFO][generic_smbo.py:333] Iter 1, objectives: [-0.285600067592401].
[2023-04-10 17:08:29,417][moc][WARNING][util_funcs.py:111] Provide "objs" in result is deprecated and will be removed in future versions! Please use "objectives" instead.
[2023-04-10 17:08:29,417][moc][INFO][generic_smbo.py:333] Iter 2, objectives: [-0.31521816553452736].
[2023-04-10 17:08:29,754][moc][WARNING][util_funcs.py:111] Provide "objs" in result is deprecated and will be removed in future versions! Please use "objectives" instead.
[2023-04-10 17:08:29,754][moc][INFO][generic_smbo.py:333] Iter 3, objectives: [-0.0848918419143894].
[2023-04-10 17:08:29,875][moc][WARNING][util_funcs.py:111] Provide "objs" in result is deprecated and will be removed in future versions! Please use "objectives" instead.
[2023-04-10 17:08:29,875][moc][INFO][generic_smbo.py:333] Iter 4, objectives: [-3.409714987052595].
[2023-04-10 17:08:30,032][moc][WARNING][util_funcs.py:111] Provide "objs" in result is deprecated and will be removed in future versions! Please use "objectives" instead.
[2023-04-10 17:08:30,032][moc][INFO][generic_smbo.py:333] Iter 5, objectives: [-0.3648799464856916].
[2023-04-10 17:08:30,166][moc][WARNING][util_funcs.py:111] Provide "objs" in result is deprecated and will be removed in future versions! Please use "objectives" instead.
[2023-04-10 17:08:30,166][moc][INFO][generic_smbo.py:333] Iter 6, objectives: [-0.7590931010462361].
[2023-04-10 17:08:30,348][moc][WARNING][util_funcs.py:111] Provide "objs" in result is deprecated and will be removed in future versions! Please use "objectives" instead.
[2023-04-10 17:08:30,348][moc][INFO][generic_smbo.py:333] Iter 7, objectives: [-0.11163625313888102].
[2023-04-10 17:08:30,558][moc][WARNING][util_funcs.py:111] Provide "objs" in result is deprecated and will be removed in future versions! Please use "objectives" instead.
[2023-04-10 17:08:30,558][moc][INFO][generic_smbo.py:333] Iter 8, objectives: [-0.0771870609118978].
[2023-04-10 17:08:30,777][moc][WARNING][util_funcs.py:111] Provide "objs" in result is deprecated and will be removed in future versions! Please use "objectives" instead.
[2023-04-10 17:08:30,778][moc][INFO][generic_smbo.py:333] Iter 9, objectives: [-0.16782610995510297].
[2023-04-10 17:08:31,133][moc][WARNING][util_funcs.py:111] Provide "objs" in result is deprecated and will be removed in future versions! Please use "objectives" instead.
[2023-04-10 17:08:31,133][moc][INFO][generic_smbo.py:333] Iter 10, objectives: [-0.05379380121061155].
[2023-04-10 17:08:31,322][moc][WARNING][util_funcs.py:111] Provide "objs" in result is deprecated and will be removed in future versions! Please use "objectives" instead.
[2023-04-10 17:08:31,322][moc][INFO][generic_smbo.py:333] Iter 11, objectives: [-0.4105635448494422].
[2023-04-10 17:08:31,529][moc][WARNING][util_funcs.py:111] Provide "objs" in result is deprecated and will be removed in future versions! Please use "objectives" instead.
[2023-04-10 17:08:31,529][moc][INFO][generic_smbo.py:333] Iter 12, objectives: [-0.09061439557630561].
[2023-04-10 17:08:31,749][moc][WARNING][util_funcs.py:111] Provide "objs" in result is deprecated and will be removed in future versions! Please use "objectives" instead.
[2023-04-10 17:08:31,749][moc][INFO][generic_smbo.py:333] Iter 13, objectives: [-0.25212589344016595].
[2023-04-10 17:08:31,954][moc][WARNING][util_funcs.py:111] Provide "objs" in result is deprecated and will be removed in future versions! Please use "objectives" instead.
[2023-04-10 17:08:31,955][moc][INFO][generic_smbo.py:333] Iter 14, objectives: [-0.3483938000437391].
[2023-04-10 17:08:32,162][moc][WARNING][util_funcs.py:111] Provide "objs" in result is deprecated and will be removed in future versions! Please use "objectives" instead.
[2023-04-10 17:08:32,162][moc][INFO][generic_smbo.py:333] Iter 15, objectives: [-0.19335854501325028].
[2023-04-10 17:08:32,339][moc][WARNING][util_funcs.py:111] Provide "objs" in result is deprecated and will be removed in future versions! Please use "objectives" instead.
[2023-04-10 17:08:32,339][moc][INFO][generic_smbo.py:333] Iter 16, objectives: [-0.6750537302845856].
[2023-04-10 17:08:32,649][moc][WARNING][util_funcs.py:111] Provide "objs" in result is deprecated and will be removed in future versions! Please use "objectives" instead.
[2023-04-10 17:08:32,650][moc][INFO][generic_smbo.py:333] Iter 17, objectives: [-9.429240194180364].
[2023-04-10 17:08:32,758][moc][WARNING][util_funcs.py:111] Provide "objs" in result is deprecated and will be removed in future versions! Please use "objectives" instead.
[2023-04-10 17:08:32,758][moc][INFO][generic_smbo.py:333] Iter 18, objectives: [-8.811437195413108].
[2023-04-10 17:08:32,888][moc][WARNING][util_funcs.py:111] Provide "objs" in result is deprecated and will be removed in future versions! Please use "objectives" instead.
[2023-04-10 17:08:32,888][moc][INFO][generic_smbo.py:333] Iter 19, objectives: [-3.2080196465252078].
[2023-04-10 17:08:33,053][moc][WARNING][util_funcs.py:111] Provide "objs" in result is deprecated and will be removed in future versions! Please use "objectives" instead.
[2023-04-10 17:08:33,053][moc][INFO][generic_smbo.py:333] Iter 20, objectives: [-0.09170075009412769].
[2023-04-10 17:08:33,054][moc][WARNING][util_funcs.py:111] Provide "objs" in result is deprecated and will be removed in future versions! Please use "objectives" instead.
[2023-04-10 17:08:33,054][moc][WARNING][util_funcs.py:123] Unused information in result: {'config': [{'data_parallel_size': 3, 'micro_batch_size': 31, 'model_parallel_size': 12, 'num_reticle_per_pipeline_stage': 175, 'tensor_parallel_size': 1}]}
[2023-04-10 17:08:33,054][moc][INFO][generic_smbo.py:418] Iter 15, objectives: [-9.429240194180364].
[2023-04-10 17:08:37,395][moc][WARNING][util_funcs.py:231] Keyword argument "num_objs" is deprecated and will be removed in a future version. Please use "num_objectives" instead.
