[2023-04-10 15:57:41,614][moc][INFO][color_logger.py:203] Logfile: /home/chenyiqi/wafer_scale_chip_dse_framework/logs/moc_2023-04-10-15-57-41-614405.log
[2023-04-10 15:57:41,651][moc][WARNING][util_funcs.py:226] Keyword argument "num_objs" is deprecated and will be removed in a future version. Please use "num_objectives" instead.
[2023-04-10 15:57:42,398][moc][WARNING][util_funcs.py:111] Provide "objs" in result is deprecated and will be removed in future versions! Please use "objectives" instead.
[2023-04-10 15:57:42,400][moc][INFO][generic_smbo.py:416] Iter 1, objectives: [10000000000.0].
[2023-04-10 15:57:42,422][moc][WARNING][util_funcs.py:226] Keyword argument "num_objs" is deprecated and will be removed in a future version. Please use "num_objectives" instead.
[2023-04-10 15:58:00,926][moc][WARNING][util_funcs.py:111] Provide "objs" in result is deprecated and will be removed in future versions! Please use "objectives" instead.
[2023-04-10 15:58:00,927][moc][INFO][generic_smbo.py:416] Iter 2, objectives: [-0.7329937540123277].
[2023-04-10 15:58:00,949][moc][WARNING][util_funcs.py:226] Keyword argument "num_objs" is deprecated and will be removed in a future version. Please use "num_objectives" instead.
[2023-04-10 15:58:02,198][moc][WARNING][util_funcs.py:111] Provide "objs" in result is deprecated and will be removed in future versions! Please use "objectives" instead.
[2023-04-10 15:58:02,199][moc][INFO][generic_smbo.py:416] Iter 3, objectives: [-2.3129822686170085].
[2023-04-10 15:58:02,218][moc][WARNING][util_funcs.py:226] Keyword argument "num_objs" is deprecated and will be removed in a future version. Please use "num_objectives" instead.
[2023-04-10 15:58:03,451][moc][WARNING][util_funcs.py:111] Provide "objs" in result is deprecated and will be removed in future versions! Please use "objectives" instead.
[2023-04-10 15:58:03,453][moc][INFO][generic_smbo.py:416] Iter 4, objectives: [10000000000.0].
[2023-04-10 15:58:03,474][moc][WARNING][util_funcs.py:226] Keyword argument "num_objs" is deprecated and will be removed in a future version. Please use "num_objectives" instead.
[2023-04-10 15:58:04,757][moc][WARNING][util_funcs.py:111] Provide "objs" in result is deprecated and will be removed in future versions! Please use "objectives" instead.
[2023-04-10 15:58:04,758][moc][INFO][generic_smbo.py:416] Iter 5, objectives: [10000000000.0].
[2023-04-10 15:58:04,780][moc][WARNING][util_funcs.py:226] Keyword argument "num_objs" is deprecated and will be removed in a future version. Please use "num_objectives" instead.
[2023-04-10 15:58:06,006][moc][WARNING][util_funcs.py:111] Provide "objs" in result is deprecated and will be removed in future versions! Please use "objectives" instead.
[2023-04-10 15:58:06,007][moc][INFO][generic_smbo.py:416] Iter 6, objectives: [-2.305035789134634].
[2023-04-10 15:58:10,870][moc][WARNING][util_funcs.py:226] Keyword argument "num_objs" is deprecated and will be removed in a future version. Please use "num_objectives" instead.
[2023-04-10 15:58:12,244][moc][WARNING][util_funcs.py:111] Provide "objs" in result is deprecated and will be removed in future versions! Please use "objectives" instead.
[2023-04-10 15:58:12,245][moc][INFO][generic_smbo.py:416] Iter 7, objectives: [-2.9877508789928107].
[2023-04-10 15:58:17,436][moc][WARNING][util_funcs.py:226] Keyword argument "num_objs" is deprecated and will be removed in a future version. Please use "num_objectives" instead.
[2023-04-10 15:58:18,762][moc][WARNING][util_funcs.py:111] Provide "objs" in result is deprecated and will be removed in future versions! Please use "objectives" instead.
[2023-04-10 15:58:18,764][moc][INFO][generic_smbo.py:416] Iter 8, objectives: [-45.24011177615992].
[2023-04-10 15:58:23,240][moc][WARNING][util_funcs.py:226] Keyword argument "num_objs" is deprecated and will be removed in a future version. Please use "num_objectives" instead.
[2023-04-10 15:58:23,330][moc][WARNING][util_funcs.py:111] Provide "objs" in result is deprecated and will be removed in future versions! Please use "objectives" instead.
[2023-04-10 15:58:23,331][moc][INFO][generic_smbo.py:416] Iter 9, objectives: [10000000000.0].
[2023-04-10 15:58:27,790][moc][WARNING][util_funcs.py:226] Keyword argument "num_objs" is deprecated and will be removed in a future version. Please use "num_objectives" instead.
[2023-04-10 15:58:29,222][moc][WARNING][util_funcs.py:111] Provide "objs" in result is deprecated and will be removed in future versions! Please use "objectives" instead.
[2023-04-10 15:58:29,224][moc][INFO][generic_smbo.py:416] Iter 10, objectives: [-10.497882379268022].
[2023-04-10 15:58:29,225][moc][INFO][mf_advisor.py:411] Sample random config. rand_prob=0.100000.
[2023-04-10 15:58:29,251][moc][WARNING][util_funcs.py:226] Keyword argument "num_objs" is deprecated and will be removed in a future version. Please use "num_objectives" instead.
[2023-04-10 15:58:37,839][moc][WARNING][util_funcs.py:111] Provide "objs" in result is deprecated and will be removed in future versions! Please use "objectives" instead.
[2023-04-10 15:58:37,841][moc][INFO][generic_smbo.py:416] Iter 11, objectives: [-7.480989714606309].
[2023-04-10 15:58:37,842][moc][INFO][mf_advisor.py:411] Sample random config. rand_prob=0.100000.
[2023-04-10 15:58:37,870][moc][WARNING][util_funcs.py:226] Keyword argument "num_objs" is deprecated and will be removed in a future version. Please use "num_objectives" instead.
[2023-04-10 15:58:38,321][moc][WARNING][util_funcs.py:111] Provide "objs" in result is deprecated and will be removed in future versions! Please use "objectives" instead.
[2023-04-10 15:58:38,323][moc][INFO][generic_smbo.py:416] Iter 12, objectives: [10000000000.0].
[2023-04-10 15:58:42,851][moc][WARNING][util_funcs.py:226] Keyword argument "num_objs" is deprecated and will be removed in a future version. Please use "num_objectives" instead.
[2023-04-10 15:58:44,231][moc][WARNING][util_funcs.py:111] Provide "objs" in result is deprecated and will be removed in future versions! Please use "objectives" instead.
[2023-04-10 15:58:44,234][moc][INFO][generic_smbo.py:416] Iter 13, objectives: [-104.24973145499122].
[2023-04-10 15:58:49,242][moc][WARNING][util_funcs.py:226] Keyword argument "num_objs" is deprecated and will be removed in a future version. Please use "num_objectives" instead.
[2023-04-10 15:59:18,041][moc][WARNING][util_funcs.py:111] Provide "objs" in result is deprecated and will be removed in future versions! Please use "objectives" instead.
[2023-04-10 15:59:18,043][moc][INFO][generic_smbo.py:416] Iter 14, objectives: [-2.8237707487872856].
[2023-04-10 15:59:23,099][moc][WARNING][util_funcs.py:226] Keyword argument "num_objs" is deprecated and will be removed in a future version. Please use "num_objectives" instead.
[2023-04-10 15:59:24,359][moc][WARNING][util_funcs.py:111] Provide "objs" in result is deprecated and will be removed in future versions! Please use "objectives" instead.
[2023-04-10 15:59:24,361][moc][INFO][generic_smbo.py:416] Iter 15, objectives: [-32.087277439036036].
[2023-04-10 15:59:29,205][moc][WARNING][util_funcs.py:226] Keyword argument "num_objs" is deprecated and will be removed in a future version. Please use "num_objectives" instead.
[2023-04-10 15:59:30,587][moc][WARNING][util_funcs.py:111] Provide "objs" in result is deprecated and will be removed in future versions! Please use "objectives" instead.
[2023-04-10 15:59:30,590][moc][INFO][generic_smbo.py:416] Iter 16, objectives: [-3.3387340929775697].
[2023-04-10 15:59:35,492][moc][WARNING][util_funcs.py:226] Keyword argument "num_objs" is deprecated and will be removed in a future version. Please use "num_objectives" instead.
[2023-04-10 15:59:36,786][moc][WARNING][util_funcs.py:111] Provide "objs" in result is deprecated and will be removed in future versions! Please use "objectives" instead.
[2023-04-10 15:59:36,788][moc][INFO][generic_smbo.py:416] Iter 17, objectives: [-30.850017187161573].
[2023-04-10 15:59:41,721][moc][WARNING][util_funcs.py:226] Keyword argument "num_objs" is deprecated and will be removed in a future version. Please use "num_objectives" instead.
[2023-04-10 15:59:55,916][moc][WARNING][util_funcs.py:111] Provide "objs" in result is deprecated and will be removed in future versions! Please use "objectives" instead.
[2023-04-10 15:59:55,918][moc][INFO][generic_smbo.py:416] Iter 18, objectives: [-3.5016824245803595].
[2023-04-10 16:00:00,174][moc][WARNING][util_funcs.py:226] Keyword argument "num_objs" is deprecated and will be removed in a future version. Please use "num_objectives" instead.
[2023-04-10 16:00:01,402][moc][WARNING][util_funcs.py:111] Provide "objs" in result is deprecated and will be removed in future versions! Please use "objectives" instead.
[2023-04-10 16:00:01,404][moc][INFO][generic_smbo.py:416] Iter 19, objectives: [-33.69040434920605].
[2023-04-10 16:00:05,994][moc][WARNING][util_funcs.py:226] Keyword argument "num_objs" is deprecated and will be removed in a future version. Please use "num_objectives" instead.
[2023-04-10 16:00:07,290][moc][WARNING][util_funcs.py:111] Provide "objs" in result is deprecated and will be removed in future versions! Please use "objectives" instead.
[2023-04-10 16:00:07,292][moc][INFO][generic_smbo.py:416] Iter 20, objectives: [-34.122243791584644].
