[2023-04-09 19:02:11,147][moc][INFO][color_logger.py:203] Logfile: /home/chenyiqi/wafer_scale_chip_dse_framework/logs/moc_2023-04-09-19-02-11-147572.log
[2023-04-09 19:02:11,149][moc][INFO][generic_advisor.py:157] [BO auto selection]  acq_type: ei.
[2023-04-09 19:02:12,310][moc][WARNING][util_funcs.py:111] Provide "objs" in result is deprecated and will be removed in future versions! Please use "objectives" instead.
[2023-04-09 19:02:12,311][moc][INFO][generic_smbo.py:332] Iter 1, objectives: [-0.0057880732780728915].
[2023-04-09 19:02:12,622][moc][WARNING][util_funcs.py:111] Provide "objs" in result is deprecated and will be removed in future versions! Please use "objectives" instead.
[2023-04-09 19:02:12,623][moc][INFO][generic_smbo.py:332] Iter 2, objectives: [-0.017361788386208537].
[2023-04-09 19:02:12,947][moc][WARNING][util_funcs.py:111] Provide "objs" in result is deprecated and will be removed in future versions! Please use "objectives" instead.
[2023-04-09 19:02:12,948][moc][INFO][generic_smbo.py:332] Iter 3, objectives: [-0.008681803805201439].
[2023-04-09 19:02:13,315][moc][WARNING][util_funcs.py:111] Provide "objs" in result is deprecated and will be removed in future versions! Please use "objectives" instead.
[2023-04-09 19:02:13,317][moc][INFO][generic_smbo.py:332] Iter 4, objectives: [-0.008681802511060117].
[2023-04-09 19:02:13,709][moc][WARNING][util_funcs.py:111] Provide "objs" in result is deprecated and will be removed in future versions! Please use "objectives" instead.
[2023-04-09 19:02:13,710][moc][INFO][generic_smbo.py:332] Iter 5, objectives: [-0.011575328217402394].
[2023-04-09 19:02:18,006][moc][WARNING][util_funcs.py:111] Provide "objs" in result is deprecated and will be removed in future versions! Please use "objectives" instead.
[2023-04-09 19:02:18,007][moc][INFO][generic_smbo.py:332] Iter 6, objectives: [-0.002315325666472723].
[2023-04-09 19:02:18,007][moc][INFO][generic_advisor.py:365] Sample random config. rand_prob=0.100000.
[2023-04-09 19:02:18,479][moc][WARNING][util_funcs.py:111] Provide "objs" in result is deprecated and will be removed in future versions! Please use "objectives" instead.
[2023-04-09 19:02:18,479][moc][INFO][generic_smbo.py:332] Iter 7, objectives: [-0.01736178102423863].
[2023-04-09 19:02:19,893][moc][WARNING][util_funcs.py:111] Provide "objs" in result is deprecated and will be removed in future versions! Please use "objectives" instead.
[2023-04-09 19:02:19,895][moc][INFO][generic_smbo.py:332] Iter 8, objectives: [-0.017361785781203086].
[2023-04-09 19:02:21,106][moc][WARNING][util_funcs.py:111] Provide "objs" in result is deprecated and will be removed in future versions! Please use "objectives" instead.
[2023-04-09 19:02:21,107][moc][INFO][generic_smbo.py:332] Iter 9, objectives: [-0.01736178274203105].
[2023-04-09 19:02:22,753][moc][WARNING][util_funcs.py:111] Provide "objs" in result is deprecated and will be removed in future versions! Please use "objectives" instead.
[2023-04-09 19:02:22,754][moc][INFO][generic_smbo.py:332] Iter 10, objectives: [-0.017361787131946558].
[2023-04-09 19:02:23,792][moc][WARNING][util_funcs.py:111] Provide "objs" in result is deprecated and will be removed in future versions! Please use "objectives" instead.
[2023-04-09 19:02:23,793][moc][INFO][generic_smbo.py:332] Iter 11, objectives: [-0.01736178274203105].
[2023-04-09 19:02:26,173][moc][WARNING][util_funcs.py:111] Provide "objs" in result is deprecated and will be removed in future versions! Please use "objectives" instead.
[2023-04-09 19:02:26,174][moc][INFO][generic_smbo.py:332] Iter 12, objectives: [-0.017361795159226368].
[2023-04-09 19:02:27,588][moc][WARNING][util_funcs.py:111] Provide "objs" in result is deprecated and will be removed in future versions! Please use "objectives" instead.
[2023-04-09 19:02:27,590][moc][INFO][generic_smbo.py:332] Iter 13, objectives: [-0.017361785781203086].
[2023-04-09 19:02:29,474][moc][WARNING][util_funcs.py:111] Provide "objs" in result is deprecated and will be removed in future versions! Please use "objectives" instead.
[2023-04-09 19:02:29,475][moc][INFO][generic_smbo.py:332] Iter 14, objectives: [-0.01736178432240038].
[2023-04-09 19:02:30,837][moc][WARNING][util_funcs.py:111] Provide "objs" in result is deprecated and will be removed in future versions! Please use "objectives" instead.
[2023-04-09 19:02:30,838][moc][INFO][generic_smbo.py:332] Iter 15, objectives: [-0.01736178102423863].
[2023-04-09 19:02:33,285][moc][WARNING][util_funcs.py:111] Provide "objs" in result is deprecated and will be removed in future versions! Please use "objectives" instead.
[2023-04-09 19:02:33,286][moc][INFO][generic_smbo.py:332] Iter 16, objectives: [-0.017361793517282162].
[2023-04-09 19:02:35,143][moc][WARNING][util_funcs.py:111] Provide "objs" in result is deprecated and will be removed in future versions! Please use "objectives" instead.
[2023-04-09 19:02:35,145][moc][INFO][generic_smbo.py:332] Iter 17, objectives: [-0.017361785781203086].
[2023-04-09 19:02:36,338][moc][WARNING][util_funcs.py:111] Provide "objs" in result is deprecated and will be removed in future versions! Please use "objectives" instead.
[2023-04-09 19:02:36,339][moc][INFO][generic_smbo.py:332] Iter 18, objectives: [-0.017361788386208537].
[2023-04-09 19:02:37,058][moc][WARNING][util_funcs.py:111] Provide "objs" in result is deprecated and will be removed in future versions! Please use "objectives" instead.
[2023-04-09 19:02:37,059][moc][INFO][generic_smbo.py:332] Iter 19, objectives: [-0.01736178955396985].
[2023-04-09 19:02:37,871][moc][WARNING][util_funcs.py:111] Provide "objs" in result is deprecated and will be removed in future versions! Please use "objectives" instead.
[2023-04-09 19:02:37,872][moc][INFO][generic_smbo.py:332] Iter 20, objectives: [-0.01736178432240038].
