[2023-04-10 16:58:17,139][moc][INFO][color_logger.py:203] Logfile: /home/chenyiqi/wafer_scale_chip_dse_framework/logs/moc_2023-04-10-16-58-17-139375.log
[2023-04-10 16:58:17,144][moc][WARNING][util_funcs.py:111] Provide "objs" in result is deprecated and will be removed in future versions! Please use "objectives" instead.
[2023-04-10 16:58:17,144][moc][INFO][generic_smbo.py:333] Iter 1, objectives: [-1.7850206776795303].
[2023-04-10 16:58:17,146][moc][WARNING][util_funcs.py:111] Provide "objs" in result is deprecated and will be removed in future versions! Please use "objectives" instead.
[2023-04-10 16:58:17,147][moc][INFO][generic_smbo.py:333] Iter 2, objectives: [-0.9338449309402996].
[2023-04-10 16:58:17,149][moc][WARNING][util_funcs.py:111] Provide "objs" in result is deprecated and will be removed in future versions! Please use "objectives" instead.
[2023-04-10 16:58:17,149][moc][INFO][generic_smbo.py:333] Iter 3, objectives: [-2.1966715694970227].
[2023-04-10 16:58:17,152][moc][WARNING][util_funcs.py:111] Provide "objs" in result is deprecated and will be removed in future versions! Please use "objectives" instead.
[2023-04-10 16:58:17,152][moc][INFO][generic_smbo.py:333] Iter 4, objectives: [-3.863457857834394].
[2023-04-10 16:58:17,154][moc][WARNING][util_funcs.py:111] Provide "objs" in result is deprecated and will be removed in future versions! Please use "objectives" instead.
[2023-04-10 16:58:17,155][moc][INFO][generic_smbo.py:333] Iter 5, objectives: [-4.201903046727176].
[2023-04-10 16:58:17,157][moc][WARNING][util_funcs.py:111] Provide "objs" in result is deprecated and will be removed in future versions! Please use "objectives" instead.
[2023-04-10 16:58:17,157][moc][INFO][generic_smbo.py:333] Iter 6, objectives: [-0.804017442315801].
[2023-04-10 16:58:17,160][moc][WARNING][util_funcs.py:111] Provide "objs" in result is deprecated and will be removed in future versions! Please use "objectives" instead.
[2023-04-10 16:58:17,160][moc][INFO][generic_smbo.py:333] Iter 7, objectives: [-0.5955218358705231].
[2023-04-10 16:58:17,162][moc][WARNING][util_funcs.py:111] Provide "objs" in result is deprecated and will be removed in future versions! Please use "objectives" instead.
[2023-04-10 16:58:17,163][moc][INFO][generic_smbo.py:333] Iter 8, objectives: [-9.07374354784244].
[2023-04-10 16:58:17,165][moc][WARNING][util_funcs.py:111] Provide "objs" in result is deprecated and will be removed in future versions! Please use "objectives" instead.
[2023-04-10 16:58:17,165][moc][INFO][generic_smbo.py:333] Iter 9, objectives: [-6.412158355073116].
[2023-04-10 16:58:17,168][moc][WARNING][util_funcs.py:111] Provide "objs" in result is deprecated and will be removed in future versions! Please use "objectives" instead.
[2023-04-10 16:58:17,168][moc][INFO][generic_smbo.py:333] Iter 10, objectives: [-0.9069843044697262].
[2023-04-10 16:58:17,168][moc][WARNING][util_funcs.py:111] Provide "objs" in result is deprecated and will be removed in future versions! Please use "objectives" instead.
[2023-04-10 16:58:17,169][moc][WARNING][util_funcs.py:123] Unused information in result: {'config': [{'data_parallel_size': 20, 'micro_batch_size': 14, 'model_parallel_size': 24, 'num_reticle_per_pipeline_stage': 28, 'tensor_parallel_size': 2}]}
[2023-04-10 16:58:17,169][moc][INFO][generic_smbo.py:418] Iter 11, objectives: [-9.07374354784244].
[2023-04-10 16:58:17,169][moc][INFO][mf_advisor.py:411] Sample random config. rand_prob=0.100000.
[2023-04-10 16:58:17,170][moc][WARNING][util_funcs.py:231] Keyword argument "num_objs" is deprecated and will be removed in a future version. Please use "num_objectives" instead.
