[2023-04-10 16:47:46,366][moc][INFO][color_logger.py:203] Logfile: /home/chenyiqi/wafer_scale_chip_dse_framework/logs/moc_2023-04-10-16-47-46-366041.log
[2023-04-10 16:47:46,371][moc][WARNING][util_funcs.py:111] Provide "objs" in result is deprecated and will be removed in future versions! Please use "objectives" instead.
[2023-04-10 16:47:46,371][moc][INFO][generic_smbo.py:333] Iter 1, objectives: [-1.8869489659506244].
[2023-04-10 16:47:46,373][moc][WARNING][util_funcs.py:111] Provide "objs" in result is deprecated and will be removed in future versions! Please use "objectives" instead.
[2023-04-10 16:47:46,374][moc][INFO][generic_smbo.py:333] Iter 2, objectives: [-0.5716408760189414].
[2023-04-10 16:47:46,376][moc][WARNING][util_funcs.py:111] Provide "objs" in result is deprecated and will be removed in future versions! Please use "objectives" instead.
[2023-04-10 16:47:46,376][moc][INFO][generic_smbo.py:333] Iter 3, objectives: [-52.23811292719168].
[2023-04-10 16:47:46,378][moc][WARNING][util_funcs.py:111] Provide "objs" in result is deprecated and will be removed in future versions! Please use "objectives" instead.
[2023-04-10 16:47:46,379][moc][INFO][generic_smbo.py:333] Iter 4, objectives: [-1.599136246954079].
[2023-04-10 16:47:46,381][moc][WARNING][util_funcs.py:111] Provide "objs" in result is deprecated and will be removed in future versions! Please use "objectives" instead.
[2023-04-10 16:47:46,381][moc][INFO][generic_smbo.py:333] Iter 5, objectives: [-0.4579357316858533].
[2023-04-10 16:47:46,384][moc][WARNING][util_funcs.py:111] Provide "objs" in result is deprecated and will be removed in future versions! Please use "objectives" instead.
[2023-04-10 16:47:46,384][moc][INFO][generic_smbo.py:333] Iter 6, objectives: [-0.6880619936238033].
[2023-04-10 16:47:46,387][moc][WARNING][util_funcs.py:111] Provide "objs" in result is deprecated and will be removed in future versions! Please use "objectives" instead.
[2023-04-10 16:47:46,387][moc][INFO][generic_smbo.py:333] Iter 7, objectives: [-0.3235954657801034].
[2023-04-10 16:47:46,389][moc][WARNING][util_funcs.py:111] Provide "objs" in result is deprecated and will be removed in future versions! Please use "objectives" instead.
[2023-04-10 16:47:46,389][moc][INFO][generic_smbo.py:333] Iter 8, objectives: [-1.2999615072731285].
[2023-04-10 16:47:46,392][moc][WARNING][util_funcs.py:111] Provide "objs" in result is deprecated and will be removed in future versions! Please use "objectives" instead.
[2023-04-10 16:47:46,392][moc][INFO][generic_smbo.py:333] Iter 9, objectives: [-45.77278267457105].
[2023-04-10 16:47:46,394][moc][WARNING][util_funcs.py:111] Provide "objs" in result is deprecated and will be removed in future versions! Please use "objectives" instead.
[2023-04-10 16:47:46,395][moc][INFO][generic_smbo.py:333] Iter 10, objectives: [-0.49517952198775783].
[2023-04-10 16:47:46,395][moc][WARNING][util_funcs.py:111] Provide "objs" in result is deprecated and will be removed in future versions! Please use "objectives" instead.
[2023-04-10 16:47:46,395][moc][WARNING][util_funcs.py:123] Unused information in result: {'config': [Configuration(values={
  'data_parallel_size': 1,
  'micro_batch_size': 34,
  'model_parallel_size': 2,
  'num_reticle_per_pipeline_stage': 9,
  'tensor_parallel_size': 1,
})
]}
[2023-04-10 16:47:46,395][moc][INFO][generic_smbo.py:418] Iter 14, objectives: [-52.23811292719168].
[2023-04-10 16:47:51,170][moc][WARNING][util_funcs.py:231] Keyword argument "num_objs" is deprecated and will be removed in a future version. Please use "num_objectives" instead.
