[2023-04-10 16:41:33,594][moc][INFO][color_logger.py:203] Logfile: /home/chenyiqi/wafer_scale_chip_dse_framework/logs/moc_2023-04-10-16-41-33-594345.log
[2023-04-10 16:41:33,600][moc][WARNING][util_funcs.py:111] Provide "objs" in result is deprecated and will be removed in future versions! Please use "objectives" instead.
[2023-04-10 16:41:33,600][moc][INFO][generic_smbo.py:333] Iter 1, objectives: [-0.4066591012867101].
[2023-04-10 16:41:33,603][moc][WARNING][util_funcs.py:111] Provide "objs" in result is deprecated and will be removed in future versions! Please use "objectives" instead.
[2023-04-10 16:41:33,603][moc][INFO][generic_smbo.py:333] Iter 2, objectives: [-0.9587602986963252].
[2023-04-10 16:41:33,607][moc][WARNING][util_funcs.py:111] Provide "objs" in result is deprecated and will be removed in future versions! Please use "objectives" instead.
[2023-04-10 16:41:33,607][moc][INFO][generic_smbo.py:333] Iter 3, objectives: [-0.4146548705087125].
[2023-04-10 16:41:33,610][moc][WARNING][util_funcs.py:111] Provide "objs" in result is deprecated and will be removed in future versions! Please use "objectives" instead.
[2023-04-10 16:41:33,610][moc][INFO][generic_smbo.py:333] Iter 4, objectives: [-37.86828009309492].
[2023-04-10 16:41:33,614][moc][WARNING][util_funcs.py:111] Provide "objs" in result is deprecated and will be removed in future versions! Please use "objectives" instead.
[2023-04-10 16:41:33,614][moc][INFO][generic_smbo.py:333] Iter 5, objectives: [-0.5781032066044645].
[2023-04-10 16:41:33,617][moc][WARNING][util_funcs.py:111] Provide "objs" in result is deprecated and will be removed in future versions! Please use "objectives" instead.
[2023-04-10 16:41:33,617][moc][INFO][generic_smbo.py:333] Iter 6, objectives: [-0.7939755220776519].
[2023-04-10 16:41:33,623][moc][WARNING][util_funcs.py:111] Provide "objs" in result is deprecated and will be removed in future versions! Please use "objectives" instead.
[2023-04-10 16:41:33,623][moc][INFO][generic_smbo.py:333] Iter 7, objectives: [-0.3581318577093652].
[2023-04-10 16:41:33,629][moc][WARNING][util_funcs.py:111] Provide "objs" in result is deprecated and will be removed in future versions! Please use "objectives" instead.
[2023-04-10 16:41:33,630][moc][INFO][generic_smbo.py:333] Iter 8, objectives: [-0.5771899355464508].
[2023-04-10 16:41:33,639][moc][WARNING][util_funcs.py:111] Provide "objs" in result is deprecated and will be removed in future versions! Please use "objectives" instead.
[2023-04-10 16:41:33,639][moc][INFO][generic_smbo.py:333] Iter 9, objectives: [-0.6270727513552397].
[2023-04-10 16:41:33,646][moc][WARNING][util_funcs.py:111] Provide "objs" in result is deprecated and will be removed in future versions! Please use "objectives" instead.
[2023-04-10 16:41:33,647][moc][INFO][generic_smbo.py:333] Iter 10, objectives: [-0.9058435526565469].
[2023-04-10 16:41:33,647][moc][WARNING][util_funcs.py:111] Provide "objs" in result is deprecated and will be removed in future versions! Please use "objectives" instead.
[2023-04-10 16:41:33,647][moc][WARNING][util_funcs.py:123] Unused information in result: {'config': [Configuration(values={
  'data_parallel_size': 3,
  'micro_batch_size': 149,
  'model_parallel_size': 3,
  'num_reticle_per_pipeline_stage': 39,
  'tensor_parallel_size': 1,
})
]}
[2023-04-10 16:41:33,648][moc][INFO][generic_smbo.py:418] Iter 20, objectives: [-37.86828009309492].
