[2023-04-10 17:12:23,261][moc][INFO][color_logger.py:203] Logfile: /home/chenyiqi/wafer_scale_chip_dse_framework/logs/moc_2023-04-10-17-12-23-261612.log
[2023-04-10 17:12:23,592][moc][WARNING][util_funcs.py:111] Provide "objs" in result is deprecated and will be removed in future versions! Please use "objectives" instead.
[2023-04-10 17:12:23,593][moc][INFO][generic_smbo.py:333] Iter 1, objectives: [-1.5030011787621775].
[2023-04-10 17:12:24,033][moc][WARNING][util_funcs.py:111] Provide "objs" in result is deprecated and will be removed in future versions! Please use "objectives" instead.
[2023-04-10 17:12:24,033][moc][INFO][generic_smbo.py:333] Iter 2, objectives: [-0.36224948905571075].
[2023-04-10 17:12:24,276][moc][WARNING][util_funcs.py:111] Provide "objs" in result is deprecated and will be removed in future versions! Please use "objectives" instead.
[2023-04-10 17:12:24,277][moc][INFO][generic_smbo.py:333] Iter 3, objectives: [-2.9149862175098598].
[2023-04-10 17:12:24,633][moc][WARNING][util_funcs.py:111] Provide "objs" in result is deprecated and will be removed in future versions! Please use "objectives" instead.
[2023-04-10 17:12:24,634][moc][INFO][generic_smbo.py:333] Iter 4, objectives: [-0.0910834657352798].
[2023-04-10 17:12:24,968][moc][WARNING][util_funcs.py:111] Provide "objs" in result is deprecated and will be removed in future versions! Please use "objectives" instead.
[2023-04-10 17:12:24,968][moc][INFO][generic_smbo.py:333] Iter 5, objectives: [-0.2911368954800471].
[2023-04-10 17:12:25,278][moc][WARNING][util_funcs.py:111] Provide "objs" in result is deprecated and will be removed in future versions! Please use "objectives" instead.
[2023-04-10 17:12:25,279][moc][INFO][generic_smbo.py:333] Iter 6, objectives: [-1.2224924093445864].
[2023-04-10 17:12:25,620][moc][WARNING][util_funcs.py:111] Provide "objs" in result is deprecated and will be removed in future versions! Please use "objectives" instead.
[2023-04-10 17:12:25,620][moc][INFO][generic_smbo.py:333] Iter 7, objectives: [-2.6728920675063916].
[2023-04-10 17:12:25,947][moc][WARNING][util_funcs.py:111] Provide "objs" in result is deprecated and will be removed in future versions! Please use "objectives" instead.
[2023-04-10 17:12:25,948][moc][INFO][generic_smbo.py:333] Iter 8, objectives: [-0.5369231485751482].
[2023-04-10 17:12:26,280][moc][WARNING][util_funcs.py:111] Provide "objs" in result is deprecated and will be removed in future versions! Please use "objectives" instead.
[2023-04-10 17:12:26,280][moc][INFO][generic_smbo.py:333] Iter 9, objectives: [-0.14662439089630372].
[2023-04-10 17:12:26,606][moc][WARNING][util_funcs.py:111] Provide "objs" in result is deprecated and will be removed in future versions! Please use "objectives" instead.
[2023-04-10 17:12:26,606][moc][INFO][generic_smbo.py:333] Iter 10, objectives: [-0.1441047734008491].
[2023-04-10 17:12:26,947][moc][WARNING][util_funcs.py:111] Provide "objs" in result is deprecated and will be removed in future versions! Please use "objectives" instead.
[2023-04-10 17:12:26,947][moc][INFO][generic_smbo.py:333] Iter 11, objectives: [-0.03424271228281953].
[2023-04-10 17:12:27,396][moc][WARNING][util_funcs.py:111] Provide "objs" in result is deprecated and will be removed in future versions! Please use "objectives" instead.
[2023-04-10 17:12:27,397][moc][INFO][generic_smbo.py:333] Iter 12, objectives: [-0.7177639771913396].
[2023-04-10 17:12:27,718][moc][WARNING][util_funcs.py:111] Provide "objs" in result is deprecated and will be removed in future versions! Please use "objectives" instead.
[2023-04-10 17:12:27,718][moc][INFO][generic_smbo.py:333] Iter 13, objectives: [-1.5772373386259766].
[2023-04-10 17:12:28,011][moc][WARNING][util_funcs.py:111] Provide "objs" in result is deprecated and will be removed in future versions! Please use "objectives" instead.
[2023-04-10 17:12:28,011][moc][INFO][generic_smbo.py:333] Iter 14, objectives: [-0.26406548596527074].
[2023-04-10 17:12:28,339][moc][WARNING][util_funcs.py:111] Provide "objs" in result is deprecated and will be removed in future versions! Please use "objectives" instead.
[2023-04-10 17:12:28,339][moc][INFO][generic_smbo.py:333] Iter 15, objectives: [-0.5696336809236563].
[2023-04-10 17:12:28,798][moc][WARNING][util_funcs.py:111] Provide "objs" in result is deprecated and will be removed in future versions! Please use "objectives" instead.
[2023-04-10 17:12:28,799][moc][INFO][generic_smbo.py:333] Iter 16, objectives: [-0.3685981331513255].
[2023-04-10 17:12:29,079][moc][WARNING][util_funcs.py:111] Provide "objs" in result is deprecated and will be removed in future versions! Please use "objectives" instead.
[2023-04-10 17:12:29,079][moc][INFO][generic_smbo.py:333] Iter 17, objectives: [-0.9146163027655089].
[2023-04-10 17:12:29,341][moc][WARNING][util_funcs.py:111] Provide "objs" in result is deprecated and will be removed in future versions! Please use "objectives" instead.
[2023-04-10 17:12:29,341][moc][INFO][generic_smbo.py:333] Iter 18, objectives: [-2.5411378599713528].
[2023-04-10 17:12:29,696][moc][WARNING][util_funcs.py:111] Provide "objs" in result is deprecated and will be removed in future versions! Please use "objectives" instead.
[2023-04-10 17:12:29,696][moc][INFO][generic_smbo.py:333] Iter 19, objectives: [-0.07762677319088204].
[2023-04-10 17:12:30,018][moc][WARNING][util_funcs.py:111] Provide "objs" in result is deprecated and will be removed in future versions! Please use "objectives" instead.
[2023-04-10 17:12:30,018][moc][INFO][generic_smbo.py:333] Iter 20, objectives: [-0.5487939668661335].
[2023-04-10 17:12:30,019][moc][WARNING][util_funcs.py:111] Provide "objs" in result is deprecated and will be removed in future versions! Please use "objectives" instead.
[2023-04-10 17:12:30,019][moc][WARNING][util_funcs.py:123] Unused information in result: {'config': [{'data_parallel_size': 1, 'micro_batch_size': 261, 'model_parallel_size': 3, 'num_reticle_per_pipeline_stage': 108, 'tensor_parallel_size': 3}]}
[2023-04-10 17:12:30,019][moc][INFO][generic_smbo.py:418] Iter 19, objectives: [-2.9149862175098598].
[2023-04-10 17:12:34,734][moc][WARNING][util_funcs.py:231] Keyword argument "num_objs" is deprecated and will be removed in a future version. Please use "num_objectives" instead.
