[2023-04-10 19:30:21,727][moc][INFO][color_logger.py:203] Logfile: /home/chenyiqi/wafer_scale_chip_dse_framework/logs/moc_2023-04-10-19-30-21-727697.log
[2023-04-10 19:30:21,732][moc][WARNING][util_funcs.py:111] Provide "objs" in result is deprecated and will be removed in future versions! Please use "objectives" instead.
[2023-04-10 19:30:21,732][moc][INFO][generic_smbo.py:352] Iter 1, objectives: [-2.1960687675217008].
[2023-04-10 19:30:21,735][moc][WARNING][util_funcs.py:111] Provide "objs" in result is deprecated and will be removed in future versions! Please use "objectives" instead.
[2023-04-10 19:30:21,735][moc][INFO][generic_smbo.py:352] Iter 2, objectives: [-0.8927948731477865].
[2023-04-10 19:30:21,737][moc][WARNING][util_funcs.py:111] Provide "objs" in result is deprecated and will be removed in future versions! Please use "objectives" instead.
[2023-04-10 19:30:21,737][moc][INFO][generic_smbo.py:352] Iter 3, objectives: [-1.1310346944259138].
[2023-04-10 19:30:21,739][moc][WARNING][util_funcs.py:111] Provide "objs" in result is deprecated and will be removed in future versions! Please use "objectives" instead.
[2023-04-10 19:30:21,739][moc][INFO][generic_smbo.py:352] Iter 4, objectives: [-1.7798419599061501].
[2023-04-10 19:30:21,741][moc][WARNING][util_funcs.py:111] Provide "objs" in result is deprecated and will be removed in future versions! Please use "objectives" instead.
[2023-04-10 19:30:21,742][moc][INFO][generic_smbo.py:352] Iter 5, objectives: [-0.3369093313303901].
[2023-04-10 19:30:21,744][moc][WARNING][util_funcs.py:111] Provide "objs" in result is deprecated and will be removed in future versions! Please use "objectives" instead.
[2023-04-10 19:30:21,745][moc][INFO][generic_smbo.py:352] Iter 6, objectives: [-0.3697494683544186].
[2023-04-10 19:30:21,747][moc][WARNING][util_funcs.py:111] Provide "objs" in result is deprecated and will be removed in future versions! Please use "objectives" instead.
[2023-04-10 19:30:21,747][moc][INFO][generic_smbo.py:352] Iter 7, objectives: [-0.78509042909512].
[2023-04-10 19:30:21,749][moc][WARNING][util_funcs.py:111] Provide "objs" in result is deprecated and will be removed in future versions! Please use "objectives" instead.
[2023-04-10 19:30:21,749][moc][INFO][generic_smbo.py:352] Iter 8, objectives: [-8.410635564911729].
[2023-04-10 19:30:21,751][moc][WARNING][util_funcs.py:111] Provide "objs" in result is deprecated and will be removed in future versions! Please use "objectives" instead.
[2023-04-10 19:30:21,751][moc][INFO][generic_smbo.py:352] Iter 9, objectives: [-0.30250295159908525].
[2023-04-10 19:30:21,754][moc][WARNING][util_funcs.py:111] Provide "objs" in result is deprecated and will be removed in future versions! Please use "objectives" instead.
[2023-04-10 19:30:21,754][moc][INFO][generic_smbo.py:352] Iter 10, objectives: [-0.7561815093533856].
[2023-04-10 19:30:21,756][moc][WARNING][util_funcs.py:111] Provide "objs" in result is deprecated and will be removed in future versions! Please use "objectives" instead.
[2023-04-10 19:30:21,757][moc][INFO][generic_smbo.py:352] Iter 11, objectives: [-2.4359906946870398].
[2023-04-10 19:30:21,759][moc][WARNING][util_funcs.py:111] Provide "objs" in result is deprecated and will be removed in future versions! Please use "objectives" instead.
[2023-04-10 19:30:21,759][moc][INFO][generic_smbo.py:352] Iter 12, objectives: [-16.256796715887763].
[2023-04-10 19:30:21,761][moc][WARNING][util_funcs.py:111] Provide "objs" in result is deprecated and will be removed in future versions! Please use "objectives" instead.
[2023-04-10 19:30:21,761][moc][INFO][generic_smbo.py:352] Iter 13, objectives: [-0.2964713164440218].
[2023-04-10 19:30:21,764][moc][WARNING][util_funcs.py:111] Provide "objs" in result is deprecated and will be removed in future versions! Please use "objectives" instead.
[2023-04-10 19:30:21,764][moc][INFO][generic_smbo.py:352] Iter 14, objectives: [-4.1822600440010085].
[2023-04-10 19:30:21,766][moc][WARNING][util_funcs.py:111] Provide "objs" in result is deprecated and will be removed in future versions! Please use "objectives" instead.
[2023-04-10 19:30:21,766][moc][INFO][generic_smbo.py:352] Iter 15, objectives: [-0.5557081715626742].
[2023-04-10 19:30:21,768][moc][WARNING][util_funcs.py:111] Provide "objs" in result is deprecated and will be removed in future versions! Please use "objectives" instead.
[2023-04-10 19:30:21,769][moc][INFO][generic_smbo.py:352] Iter 16, objectives: [-0.7262340153633824].
[2023-04-10 19:30:21,771][moc][WARNING][util_funcs.py:111] Provide "objs" in result is deprecated and will be removed in future versions! Please use "objectives" instead.
[2023-04-10 19:30:21,771][moc][INFO][generic_smbo.py:352] Iter 17, objectives: [-0.5581866045770887].
[2023-04-10 19:30:21,773][moc][WARNING][util_funcs.py:111] Provide "objs" in result is deprecated and will be removed in future versions! Please use "objectives" instead.
[2023-04-10 19:30:21,773][moc][INFO][generic_smbo.py:352] Iter 18, objectives: [-1.6800543982797553].
[2023-04-10 19:30:21,776][moc][WARNING][util_funcs.py:111] Provide "objs" in result is deprecated and will be removed in future versions! Please use "objectives" instead.
[2023-04-10 19:30:21,776][moc][INFO][generic_smbo.py:352] Iter 19, objectives: [-1.2836549385300928].
[2023-04-10 19:30:21,778][moc][WARNING][util_funcs.py:111] Provide "objs" in result is deprecated and will be removed in future versions! Please use "objectives" instead.
[2023-04-10 19:30:21,779][moc][INFO][generic_smbo.py:352] Iter 20, objectives: [-1.4384164438847278].
[2023-04-10 19:30:21,779][moc][WARNING][util_funcs.py:111] Provide "objs" in result is deprecated and will be removed in future versions! Please use "objectives" instead.
[2023-04-10 19:30:21,779][moc][WARNING][util_funcs.py:123] Unused information in result: {'config': [{'data_parallel_size': 2, 'micro_batch_size': 26, 'model_parallel_size': 4, 'num_reticle_per_pipeline_stage': 5, 'tensor_parallel_size': 1}]}
[2023-04-10 19:30:21,779][moc][INFO][generic_smbo.py:437] Iter 3, objectives: [-16.256796715887763].
[2023-04-10 19:30:21,780][moc][WARNING][util_funcs.py:231] Keyword argument "num_objs" is deprecated and will be removed in a future version. Please use "num_objectives" instead.
