[2023-04-09 19:02:11,206][moc][INFO][color_logger.py:203] Logfile: /home/chenyiqi/wafer_scale_chip_dse_framework/logs/moc_2023-04-09-19-02-11-202954.log
[2023-04-09 19:02:11,215][moc][INFO][generic_advisor.py:157] [BO auto selection]  acq_type: ei.
[2023-04-09 19:02:11,500][moc][WARNING][util_funcs.py:111] Provide "objs" in result is deprecated and will be removed in future versions! Please use "objectives" instead.
[2023-04-09 19:02:11,501][moc][INFO][generic_smbo.py:332] Iter 1, objectives: [-0.017361703723931553].
[2023-04-09 19:02:11,982][moc][WARNING][util_funcs.py:111] Provide "objs" in result is deprecated and will be removed in future versions! Please use "objectives" instead.
[2023-04-09 19:02:11,983][moc][INFO][generic_smbo.py:332] Iter 2, objectives: [-0.0049612539575765].
[2023-04-09 19:02:12,179][moc][WARNING][util_funcs.py:111] Provide "objs" in result is deprecated and will be removed in future versions! Please use "objectives" instead.
[2023-04-09 19:02:12,180][moc][INFO][generic_smbo.py:332] Iter 3, objectives: [-0.011575313164189619].
[2023-04-09 19:02:12,667][moc][WARNING][util_funcs.py:111] Provide "objs" in result is deprecated and will be removed in future versions! Please use "objectives" instead.
[2023-04-09 19:02:12,668][moc][INFO][generic_smbo.py:332] Iter 4, objectives: [-0.008681806703602293].
[2023-04-09 19:02:12,868][moc][WARNING][util_funcs.py:111] Provide "objs" in result is deprecated and will be removed in future versions! Please use "objectives" instead.
[2023-04-09 19:02:12,870][moc][INFO][generic_smbo.py:332] Iter 5, objectives: [-0.01736172742928588].
[2023-04-09 19:02:13,288][moc][WARNING][util_funcs.py:111] Provide "objs" in result is deprecated and will be removed in future versions! Please use "objectives" instead.
[2023-04-09 19:02:13,289][moc][INFO][generic_smbo.py:332] Iter 6, objectives: [-0.005788071437064676].
[2023-04-09 19:02:13,290][moc][INFO][generic_advisor.py:365] Sample random config. rand_prob=0.100000.
[2023-04-09 19:02:13,740][moc][WARNING][util_funcs.py:111] Provide "objs" in result is deprecated and will be removed in future versions! Please use "objectives" instead.
[2023-04-09 19:02:13,741][moc][INFO][generic_smbo.py:332] Iter 7, objectives: [-0.008681802924315286].
[2023-04-09 19:02:14,906][moc][WARNING][util_funcs.py:111] Provide "objs" in result is deprecated and will be removed in future versions! Please use "objectives" instead.
[2023-04-09 19:02:14,908][moc][INFO][generic_smbo.py:332] Iter 8, objectives: [-0.01736172742928588].
[2023-04-09 19:02:15,895][moc][WARNING][util_funcs.py:111] Provide "objs" in result is deprecated and will be removed in future versions! Please use "objectives" instead.
[2023-04-09 19:02:15,896][moc][INFO][generic_smbo.py:332] Iter 9, objectives: [-0.017361703723931553].
[2023-04-09 19:02:17,135][moc][WARNING][util_funcs.py:111] Provide "objs" in result is deprecated and will be removed in future versions! Please use "objectives" instead.
[2023-04-09 19:02:17,136][moc][INFO][generic_smbo.py:332] Iter 10, objectives: [-0.017361716893564853].
[2023-04-09 19:02:18,542][moc][WARNING][util_funcs.py:111] Provide "objs" in result is deprecated and will be removed in future versions! Please use "objectives" instead.
[2023-04-09 19:02:18,544][moc][INFO][generic_smbo.py:332] Iter 11, objectives: [-0.017361703723931553].
[2023-04-09 19:02:20,462][moc][WARNING][util_funcs.py:111] Provide "objs" in result is deprecated and will be removed in future versions! Please use "objectives" instead.
[2023-04-09 19:02:20,463][moc][INFO][generic_smbo.py:332] Iter 12, objectives: [-0.017361716893564853].
[2023-04-09 19:02:22,074][moc][WARNING][util_funcs.py:111] Provide "objs" in result is deprecated and will be removed in future versions! Please use "objectives" instead.
[2023-04-09 19:02:22,075][moc][INFO][generic_smbo.py:332] Iter 13, objectives: [-0.017361703723931553].
[2023-04-09 19:02:23,393][moc][WARNING][util_funcs.py:111] Provide "objs" in result is deprecated and will be removed in future versions! Please use "objectives" instead.
[2023-04-09 19:02:23,394][moc][INFO][generic_smbo.py:332] Iter 14, objectives: [-0.017361716893564853].
[2023-04-09 19:02:24,541][moc][WARNING][util_funcs.py:111] Provide "objs" in result is deprecated and will be removed in future versions! Please use "objectives" instead.
[2023-04-09 19:02:24,543][moc][INFO][generic_smbo.py:332] Iter 15, objectives: [-0.017361716893564853].
[2023-04-09 19:02:25,808][moc][WARNING][util_funcs.py:111] Provide "objs" in result is deprecated and will be removed in future versions! Please use "objectives" instead.
[2023-04-09 19:02:25,809][moc][INFO][generic_smbo.py:332] Iter 16, objectives: [-0.01736172742928588].
[2023-04-09 19:02:27,117][moc][WARNING][util_funcs.py:111] Provide "objs" in result is deprecated and will be removed in future versions! Please use "objectives" instead.
[2023-04-09 19:02:27,119][moc][INFO][generic_smbo.py:332] Iter 17, objectives: [-0.017361736049430775].
[2023-04-09 19:02:28,655][moc][WARNING][util_funcs.py:111] Provide "objs" in result is deprecated and will be removed in future versions! Please use "objectives" instead.
[2023-04-09 19:02:28,656][moc][INFO][generic_smbo.py:332] Iter 18, objectives: [-0.017361736049430775].
[2023-04-09 19:02:29,755][moc][WARNING][util_funcs.py:111] Provide "objs" in result is deprecated and will be removed in future versions! Please use "objectives" instead.
[2023-04-09 19:02:29,756][moc][INFO][generic_smbo.py:332] Iter 19, objectives: [-0.017361736049430775].
[2023-04-09 19:02:32,100][moc][WARNING][util_funcs.py:111] Provide "objs" in result is deprecated and will be removed in future versions! Please use "objectives" instead.
[2023-04-09 19:02:32,101][moc][INFO][generic_smbo.py:332] Iter 20, objectives: [-0.01736172742928588].
