[2023-04-10 16:41:15,338][moc][INFO][color_logger.py:203] Logfile: /home/chenyiqi/wafer_scale_chip_dse_framework/logs/moc_2023-04-10-16-41-15-337820.log
[2023-04-10 16:41:15,343][moc][WARNING][util_funcs.py:111] Provide "objs" in result is deprecated and will be removed in future versions! Please use "objectives" instead.
[2023-04-10 16:41:15,343][moc][INFO][generic_smbo.py:333] Iter 1, objectives: [-17.425520070500205].
[2023-04-10 16:41:15,345][moc][WARNING][util_funcs.py:111] Provide "objs" in result is deprecated and will be removed in future versions! Please use "objectives" instead.
[2023-04-10 16:41:15,346][moc][INFO][generic_smbo.py:333] Iter 2, objectives: [-1.6009888465807038].
[2023-04-10 16:41:15,348][moc][WARNING][util_funcs.py:111] Provide "objs" in result is deprecated and will be removed in future versions! Please use "objectives" instead.
[2023-04-10 16:41:15,348][moc][INFO][generic_smbo.py:333] Iter 3, objectives: [-7.7442337295550825].
[2023-04-10 16:41:15,351][moc][WARNING][util_funcs.py:111] Provide "objs" in result is deprecated and will be removed in future versions! Please use "objectives" instead.
[2023-04-10 16:41:15,351][moc][INFO][generic_smbo.py:333] Iter 4, objectives: [-1.6265248390261169].
[2023-04-10 16:41:15,354][moc][WARNING][util_funcs.py:111] Provide "objs" in result is deprecated and will be removed in future versions! Please use "objectives" instead.
[2023-04-10 16:41:15,354][moc][INFO][generic_smbo.py:333] Iter 5, objectives: [-3.354738862493114].
[2023-04-10 16:41:15,356][moc][WARNING][util_funcs.py:111] Provide "objs" in result is deprecated and will be removed in future versions! Please use "objectives" instead.
[2023-04-10 16:41:15,356][moc][INFO][generic_smbo.py:333] Iter 6, objectives: [-61.4119857354035].
[2023-04-10 16:41:15,359][moc][WARNING][util_funcs.py:111] Provide "objs" in result is deprecated and will be removed in future versions! Please use "objectives" instead.
[2023-04-10 16:41:15,359][moc][INFO][generic_smbo.py:333] Iter 7, objectives: [-1.811782390407785].
[2023-04-10 16:41:15,361][moc][WARNING][util_funcs.py:111] Provide "objs" in result is deprecated and will be removed in future versions! Please use "objectives" instead.
[2023-04-10 16:41:15,361][moc][INFO][generic_smbo.py:333] Iter 8, objectives: [-0.8542834276076641].
[2023-04-10 16:41:15,364][moc][WARNING][util_funcs.py:111] Provide "objs" in result is deprecated and will be removed in future versions! Please use "objectives" instead.
[2023-04-10 16:41:15,365][moc][INFO][generic_smbo.py:333] Iter 9, objectives: [-0.4133589978878995].
[2023-04-10 16:41:15,367][moc][WARNING][util_funcs.py:111] Provide "objs" in result is deprecated and will be removed in future versions! Please use "objectives" instead.
[2023-04-10 16:41:15,367][moc][INFO][generic_smbo.py:333] Iter 10, objectives: [-55.13445863704797].
[2023-04-10 16:41:15,367][moc][WARNING][util_funcs.py:111] Provide "objs" in result is deprecated and will be removed in future versions! Please use "objectives" instead.
[2023-04-10 16:41:15,368][moc][WARNING][util_funcs.py:123] Unused information in result: {'config': [Configuration(values={
  'data_parallel_size': 14,
  'micro_batch_size': 13,
  'model_parallel_size': 3,
  'num_reticle_per_pipeline_stage': 124,
  'tensor_parallel_size': 1,
})
]}
[2023-04-10 16:41:15,368][moc][INFO][generic_smbo.py:418] Iter 16, objectives: [-61.4119857354035].
[2023-04-10 16:41:19,843][moc][WARNING][util_funcs.py:231] Keyword argument "num_objs" is deprecated and will be removed in a future version. Please use "num_objectives" instead.
