[2023-04-09 19:25:42,023][moc][INFO][color_logger.py:203] Logfile: /home/chenyiqi/wafer_scale_chip_dse_framework/logs/moc_2023-04-09-19-25-42-019593.log
[2023-04-09 19:25:42,032][moc][INFO][generic_advisor.py:157] [BO auto selection]  acq_type: ei.
[2023-04-09 19:25:45,286][moc][WARNING][util_funcs.py:111] Provide "objs" in result is deprecated and will be removed in future versions! Please use "objectives" instead.
[2023-04-09 19:25:45,287][moc][INFO][generic_smbo.py:332] Iter 1, objectives: [-0.0034729403671950455].
[2023-04-09 19:25:45,558][moc][WARNING][util_funcs.py:111] Provide "objs" in result is deprecated and will be removed in future versions! Please use "objectives" instead.
[2023-04-09 19:25:45,559][moc][INFO][generic_smbo.py:332] Iter 2, objectives: [-0.008681795485728252].
[2023-04-09 19:25:45,966][moc][WARNING][util_funcs.py:111] Provide "objs" in result is deprecated and will be removed in future versions! Please use "objectives" instead.
[2023-04-09 19:25:45,967][moc][INFO][generic_smbo.py:332] Iter 3, objectives: [-0.01157532853101141].
[2023-04-09 19:25:46,419][moc][WARNING][util_funcs.py:111] Provide "objs" in result is deprecated and will be removed in future versions! Please use "objectives" instead.
[2023-04-09 19:25:46,420][moc][INFO][generic_smbo.py:332] Iter 4, objectives: [-0.011575331650596755].
[2023-04-09 19:25:47,126][moc][WARNING][util_funcs.py:111] Provide "objs" in result is deprecated and will be removed in future versions! Please use "objectives" instead.
[2023-04-09 19:25:47,127][moc][INFO][generic_smbo.py:332] Iter 5, objectives: [-0.0069455901226020515].
[2023-04-09 19:25:47,559][moc][WARNING][util_funcs.py:111] Provide "objs" in result is deprecated and will be removed in future versions! Please use "objectives" instead.
[2023-04-09 19:25:47,560][moc][INFO][generic_smbo.py:332] Iter 6, objectives: [-0.008681801131083317].
[2023-04-09 19:25:49,147][moc][WARNING][util_funcs.py:111] Provide "objs" in result is deprecated and will be removed in future versions! Please use "objectives" instead.
[2023-04-09 19:25:49,148][moc][INFO][generic_smbo.py:332] Iter 7, objectives: [-0.011575329693209674].
[2023-04-09 19:25:50,260][moc][WARNING][util_funcs.py:111] Provide "objs" in result is deprecated and will be removed in future versions! Please use "objectives" instead.
[2023-04-09 19:25:50,261][moc][INFO][generic_smbo.py:332] Iter 8, objectives: [-0.01157532853101141].
[2023-04-09 19:25:51,789][moc][WARNING][util_funcs.py:111] Provide "objs" in result is deprecated and will be removed in future versions! Please use "objectives" instead.
[2023-04-09 19:25:51,790][moc][INFO][generic_smbo.py:332] Iter 9, objectives: [-0.011575327213853657].
[2023-04-09 19:25:53,069][moc][WARNING][util_funcs.py:111] Provide "objs" in result is deprecated and will be removed in future versions! Please use "objectives" instead.
[2023-04-09 19:25:53,070][moc][INFO][generic_smbo.py:332] Iter 10, objectives: [-0.01157532853101141].
[2023-04-09 19:25:54,651][moc][WARNING][util_funcs.py:111] Provide "objs" in result is deprecated and will be removed in future versions! Please use "objectives" instead.
[2023-04-09 19:25:54,652][moc][INFO][generic_smbo.py:332] Iter 11, objectives: [-0.011575329693209674].
[2023-04-09 19:25:55,949][moc][WARNING][util_funcs.py:111] Provide "objs" in result is deprecated and will be removed in future versions! Please use "objectives" instead.
[2023-04-09 19:25:55,950][moc][INFO][generic_smbo.py:332] Iter 12, objectives: [-0.011575329693209674].
[2023-04-09 19:25:55,951][moc][INFO][generic_advisor.py:365] Sample random config. rand_prob=0.100000.
[2023-04-09 19:25:56,516][moc][WARNING][util_funcs.py:111] Provide "objs" in result is deprecated and will be removed in future versions! Please use "objectives" instead.
[2023-04-09 19:25:56,517][moc][INFO][generic_smbo.py:332] Iter 13, objectives: [-0.004961253441382704].
[2023-04-09 19:25:57,906][moc][WARNING][util_funcs.py:111] Provide "objs" in result is deprecated and will be removed in future versions! Please use "objectives" instead.
[2023-04-09 19:25:57,907][moc][INFO][generic_smbo.py:332] Iter 14, objectives: [-0.011575330726274995].
[2023-04-09 19:25:59,350][moc][WARNING][util_funcs.py:111] Provide "objs" in result is deprecated and will be removed in future versions! Please use "objectives" instead.
[2023-04-09 19:25:59,351][moc][INFO][generic_smbo.py:332] Iter 15, objectives: [-0.011575332482486465].
[2023-04-09 19:26:00,830][moc][WARNING][util_funcs.py:111] Provide "objs" in result is deprecated and will be removed in future versions! Please use "objectives" instead.
[2023-04-09 19:26:00,832][moc][INFO][generic_smbo.py:332] Iter 16, objectives: [-0.01157532248284053].
[2023-04-09 19:26:02,323][moc][WARNING][util_funcs.py:111] Provide "objs" in result is deprecated and will be removed in future versions! Please use "objectives" instead.
[2023-04-09 19:26:02,324][moc][INFO][generic_smbo.py:332] Iter 17, objectives: [-0.011575325708530879].
[2023-04-09 19:26:03,877][moc][WARNING][util_funcs.py:111] Provide "objs" in result is deprecated and will be removed in future versions! Please use "objectives" instead.
[2023-04-09 19:26:03,878][moc][INFO][generic_smbo.py:332] Iter 18, objectives: [-0.011575324203208491].
[2023-04-09 19:26:05,466][moc][WARNING][util_funcs.py:111] Provide "objs" in result is deprecated and will be removed in future versions! Please use "objectives" instead.
[2023-04-09 19:26:05,468][moc][INFO][generic_smbo.py:332] Iter 19, objectives: [-0.011575327213853657].
[2023-04-09 19:26:07,048][moc][WARNING][util_funcs.py:111] Provide "objs" in result is deprecated and will be removed in future versions! Please use "objectives" instead.
[2023-04-09 19:26:07,049][moc][INFO][generic_smbo.py:332] Iter 20, objectives: [-0.011575325708530879].
[2023-04-09 19:26:08,517][moc][WARNING][util_funcs.py:111] Provide "objs" in result is deprecated and will be removed in future versions! Please use "objectives" instead.
[2023-04-09 19:26:08,518][moc][INFO][generic_smbo.py:332] Iter 21, objectives: [-0.011575325708530879].
[2023-04-09 19:26:10,097][moc][WARNING][util_funcs.py:111] Provide "objs" in result is deprecated and will be removed in future versions! Please use "objectives" instead.
[2023-04-09 19:26:10,099][moc][INFO][generic_smbo.py:332] Iter 22, objectives: [-0.011575323971620467].
[2023-04-09 19:26:11,431][moc][WARNING][util_funcs.py:111] Provide "objs" in result is deprecated and will be removed in future versions! Please use "objectives" instead.
[2023-04-09 19:26:11,433][moc][INFO][generic_smbo.py:332] Iter 23, objectives: [-0.011575320497801208].
[2023-04-09 19:26:13,311][moc][WARNING][util_funcs.py:111] Provide "objs" in result is deprecated and will be removed in future versions! Please use "objectives" instead.
[2023-04-09 19:26:13,313][moc][INFO][generic_smbo.py:332] Iter 24, objectives: [-0.01157531818192286].
[2023-04-09 19:26:14,956][moc][WARNING][util_funcs.py:111] Provide "objs" in result is deprecated and will be removed in future versions! Please use "objectives" instead.
[2023-04-09 19:26:14,957][moc][INFO][generic_smbo.py:332] Iter 25, objectives: [-0.01157532248284053].
[2023-04-09 19:26:16,613][moc][WARNING][util_funcs.py:111] Provide "objs" in result is deprecated and will be removed in future versions! Please use "objectives" instead.
[2023-04-09 19:26:16,615][moc][INFO][generic_smbo.py:332] Iter 26, objectives: [-0.00868180376558486].
[2023-04-09 19:26:18,402][moc][WARNING][util_funcs.py:111] Provide "objs" in result is deprecated and will be removed in future versions! Please use "objectives" instead.
[2023-04-09 19:26:18,403][moc][INFO][generic_smbo.py:332] Iter 27, objectives: [-0.0086818033892274].
[2023-04-09 19:26:20,146][moc][WARNING][util_funcs.py:111] Provide "objs" in result is deprecated and will be removed in future versions! Please use "objectives" instead.
[2023-04-09 19:26:20,147][moc][INFO][generic_smbo.py:332] Iter 28, objectives: [-0.008681802973253402].
[2023-04-09 19:26:22,341][moc][WARNING][util_funcs.py:111] Provide "objs" in result is deprecated and will be removed in future versions! Please use "objectives" instead.
[2023-04-09 19:26:22,342][moc][INFO][generic_smbo.py:332] Iter 29, objectives: [-0.008681802973253402].
[2023-04-09 19:26:22,342][moc][INFO][generic_advisor.py:365] Sample random config. rand_prob=0.100000.
[2023-04-09 19:26:22,983][moc][WARNING][util_funcs.py:111] Provide "objs" in result is deprecated and will be removed in future versions! Please use "objectives" instead.
[2023-04-09 19:26:22,984][moc][INFO][generic_smbo.py:332] Iter 30, objectives: [-0.008681801413351264].
[2023-04-09 19:26:24,988][moc][WARNING][util_funcs.py:111] Provide "objs" in result is deprecated and will be removed in future versions! Please use "objectives" instead.
[2023-04-09 19:26:24,990][moc][INFO][generic_smbo.py:332] Iter 31, objectives: [-0.01157531818192286].
[2023-04-09 19:26:28,262][moc][WARNING][util_funcs.py:111] Provide "objs" in result is deprecated and will be removed in future versions! Please use "objectives" instead.
[2023-04-09 19:26:28,264][moc][INFO][generic_smbo.py:332] Iter 32, objectives: [-0.011575320497801208].
[2023-04-09 19:26:31,153][moc][WARNING][util_funcs.py:111] Provide "objs" in result is deprecated and will be removed in future versions! Please use "objectives" instead.
[2023-04-09 19:26:31,154][moc][INFO][generic_smbo.py:332] Iter 33, objectives: [-0.011575315444976917].
[2023-04-09 19:26:34,804][moc][WARNING][util_funcs.py:111] Provide "objs" in result is deprecated and will be removed in future versions! Please use "objectives" instead.
[2023-04-09 19:26:34,805][moc][INFO][generic_smbo.py:332] Iter 34, objectives: [-0.011575321945225646].
[2023-04-09 19:26:39,530][moc][WARNING][util_funcs.py:111] Provide "objs" in result is deprecated and will be removed in future versions! Please use "objectives" instead.
[2023-04-09 19:26:39,531][moc][INFO][generic_smbo.py:332] Iter 35, objectives: [-0.011575321945225646].
[2023-04-09 19:26:45,792][moc][WARNING][util_funcs.py:111] Provide "objs" in result is deprecated and will be removed in future versions! Please use "objectives" instead.
[2023-04-09 19:26:45,794][moc][INFO][generic_smbo.py:332] Iter 36, objectives: [-0.011575315444976917].
[2023-04-09 19:26:50,271][moc][WARNING][util_funcs.py:111] Provide "objs" in result is deprecated and will be removed in future versions! Please use "objectives" instead.
[2023-04-09 19:26:50,272][moc][INFO][generic_smbo.py:332] Iter 37, objectives: [-0.011575319550396316].
[2023-04-09 19:26:56,017][moc][WARNING][util_funcs.py:111] Provide "objs" in result is deprecated and will be removed in future versions! Please use "objectives" instead.
[2023-04-09 19:26:56,018][moc][INFO][generic_smbo.py:332] Iter 38, objectives: [-0.011575321945225646].
[2023-04-09 19:27:00,081][moc][WARNING][util_funcs.py:111] Provide "objs" in result is deprecated and will be removed in future versions! Please use "objectives" instead.
[2023-04-09 19:27:00,097][moc][INFO][generic_smbo.py:332] Iter 39, objectives: [-0.011575312160643492].
[2023-04-09 19:27:04,716][moc][WARNING][util_funcs.py:111] Provide "objs" in result is deprecated and will be removed in future versions! Please use "objectives" instead.
[2023-04-09 19:27:04,717][moc][INFO][generic_smbo.py:332] Iter 40, objectives: [-0.011575312160643492].
[2023-04-09 19:27:08,567][moc][WARNING][util_funcs.py:111] Provide "objs" in result is deprecated and will be removed in future versions! Please use "objectives" instead.
[2023-04-09 19:27:08,568][moc][INFO][generic_smbo.py:332] Iter 41, objectives: [-0.011575312160643492].
[2023-04-09 19:27:13,836][moc][WARNING][util_funcs.py:111] Provide "objs" in result is deprecated and will be removed in future versions! Please use "objectives" instead.
[2023-04-09 19:27:13,838][moc][INFO][generic_smbo.py:332] Iter 42, objectives: [-0.01157531818192286].
[2023-04-09 19:27:18,573][moc][WARNING][util_funcs.py:111] Provide "objs" in result is deprecated and will be removed in future versions! Please use "objectives" instead.
[2023-04-09 19:27:18,574][moc][INFO][generic_smbo.py:332] Iter 43, objectives: [-0.01157532248284053].
[2023-04-09 19:27:23,335][moc][WARNING][util_funcs.py:111] Provide "objs" in result is deprecated and will be removed in future versions! Please use "objectives" instead.
[2023-04-09 19:27:23,336][moc][INFO][generic_smbo.py:332] Iter 44, objectives: [-0.011575320497801208].
[2023-04-09 19:27:28,711][moc][WARNING][util_funcs.py:111] Provide "objs" in result is deprecated and will be removed in future versions! Please use "objectives" instead.
[2023-04-09 19:27:28,712][moc][INFO][generic_smbo.py:332] Iter 45, objectives: [-0.011575303128736187].
[2023-04-09 19:27:34,387][moc][WARNING][util_funcs.py:111] Provide "objs" in result is deprecated and will be removed in future versions! Please use "objectives" instead.
[2023-04-09 19:27:34,388][moc][INFO][generic_smbo.py:332] Iter 46, objectives: [-0.011575303128736187].
[2023-04-09 19:27:38,191][moc][WARNING][util_funcs.py:111] Provide "objs" in result is deprecated and will be removed in future versions! Please use "objectives" instead.
[2023-04-09 19:27:38,192][moc][INFO][generic_smbo.py:332] Iter 47, objectives: [-0.011575303128736187].
[2023-04-09 19:27:41,146][moc][WARNING][util_funcs.py:111] Provide "objs" in result is deprecated and will be removed in future versions! Please use "objectives" instead.
[2023-04-09 19:27:41,149][moc][INFO][generic_smbo.py:332] Iter 48, objectives: [-0.011575313164189619].
[2023-04-09 19:27:43,966][moc][WARNING][util_funcs.py:111] Provide "objs" in result is deprecated and will be removed in future versions! Please use "objectives" instead.
[2023-04-09 19:27:43,967][moc][INFO][generic_smbo.py:332] Iter 49, objectives: [-0.011575313164189619].
[2023-04-09 19:27:46,235][moc][WARNING][util_funcs.py:111] Provide "objs" in result is deprecated and will be removed in future versions! Please use "objectives" instead.
[2023-04-09 19:27:46,236][moc][INFO][generic_smbo.py:332] Iter 50, objectives: [-0.0115753087736766].
