[2023-04-10 19:29:46,273][moc][INFO][color_logger.py:203] Logfile: /home/chenyiqi/wafer_scale_chip_dse_framework/logs/moc_2023-04-10-19-29-46-273016.log
[2023-04-10 19:29:46,279][moc][WARNING][util_funcs.py:111] Provide "objs" in result is deprecated and will be removed in future versions! Please use "objectives" instead.
[2023-04-10 19:29:46,280][moc][INFO][generic_smbo.py:352] Iter 1, objectives: [-1.704028916907224].
[2023-04-10 19:29:46,283][moc][WARNING][util_funcs.py:111] Provide "objs" in result is deprecated and will be removed in future versions! Please use "objectives" instead.
[2023-04-10 19:29:46,283][moc][INFO][generic_smbo.py:352] Iter 2, objectives: [-2.2373444546995787].
[2023-04-10 19:29:46,286][moc][WARNING][util_funcs.py:111] Provide "objs" in result is deprecated and will be removed in future versions! Please use "objectives" instead.
[2023-04-10 19:29:46,286][moc][INFO][generic_smbo.py:352] Iter 3, objectives: [-5.231075058501951].
[2023-04-10 19:29:46,289][moc][WARNING][util_funcs.py:111] Provide "objs" in result is deprecated and will be removed in future versions! Please use "objectives" instead.
[2023-04-10 19:29:46,289][moc][INFO][generic_smbo.py:352] Iter 4, objectives: [-1.1939467777114854].
[2023-04-10 19:29:46,292][moc][WARNING][util_funcs.py:111] Provide "objs" in result is deprecated and will be removed in future versions! Please use "objectives" instead.
[2023-04-10 19:29:46,292][moc][INFO][generic_smbo.py:352] Iter 5, objectives: [-2.1491205355353853].
[2023-04-10 19:29:46,296][moc][WARNING][util_funcs.py:111] Provide "objs" in result is deprecated and will be removed in future versions! Please use "objectives" instead.
[2023-04-10 19:29:46,296][moc][INFO][generic_smbo.py:352] Iter 6, objectives: [-1.0954550538822667].
[2023-04-10 19:29:46,299][moc][WARNING][util_funcs.py:111] Provide "objs" in result is deprecated and will be removed in future versions! Please use "objectives" instead.
[2023-04-10 19:29:46,299][moc][INFO][generic_smbo.py:352] Iter 7, objectives: [-2.2089583515772255].
[2023-04-10 19:29:46,302][moc][WARNING][util_funcs.py:111] Provide "objs" in result is deprecated and will be removed in future versions! Please use "objectives" instead.
[2023-04-10 19:29:46,302][moc][INFO][generic_smbo.py:352] Iter 8, objectives: [-0.4005563447662461].
[2023-04-10 19:29:46,306][moc][WARNING][util_funcs.py:111] Provide "objs" in result is deprecated and will be removed in future versions! Please use "objectives" instead.
[2023-04-10 19:29:46,306][moc][INFO][generic_smbo.py:352] Iter 9, objectives: [-0.6761226488203469].
[2023-04-10 19:29:46,308][moc][WARNING][util_funcs.py:111] Provide "objs" in result is deprecated and will be removed in future versions! Please use "objectives" instead.
[2023-04-10 19:29:46,309][moc][INFO][generic_smbo.py:352] Iter 10, objectives: [-1.27825427631085].
[2023-04-10 19:29:46,312][moc][WARNING][util_funcs.py:111] Provide "objs" in result is deprecated and will be removed in future versions! Please use "objectives" instead.
[2023-04-10 19:29:46,312][moc][INFO][generic_smbo.py:352] Iter 11, objectives: [-16.889700795572466].
[2023-04-10 19:29:46,315][moc][WARNING][util_funcs.py:111] Provide "objs" in result is deprecated and will be removed in future versions! Please use "objectives" instead.
[2023-04-10 19:29:46,315][moc][INFO][generic_smbo.py:352] Iter 12, objectives: [-1.3753846971158752].
[2023-04-10 19:29:46,318][moc][WARNING][util_funcs.py:111] Provide "objs" in result is deprecated and will be removed in future versions! Please use "objectives" instead.
[2023-04-10 19:29:46,318][moc][INFO][generic_smbo.py:352] Iter 13, objectives: [-1.9153692415113288].
[2023-04-10 19:29:46,321][moc][WARNING][util_funcs.py:111] Provide "objs" in result is deprecated and will be removed in future versions! Please use "objectives" instead.
[2023-04-10 19:29:46,321][moc][INFO][generic_smbo.py:352] Iter 14, objectives: [-0.7401076283967474].
[2023-04-10 19:29:46,325][moc][WARNING][util_funcs.py:111] Provide "objs" in result is deprecated and will be removed in future versions! Please use "objectives" instead.
[2023-04-10 19:29:46,325][moc][INFO][generic_smbo.py:352] Iter 15, objectives: [-0.7796878269207431].
[2023-04-10 19:29:46,327][moc][WARNING][util_funcs.py:111] Provide "objs" in result is deprecated and will be removed in future versions! Please use "objectives" instead.
[2023-04-10 19:29:46,328][moc][INFO][generic_smbo.py:352] Iter 16, objectives: [-5.094008510870468].
[2023-04-10 19:29:46,330][moc][WARNING][util_funcs.py:111] Provide "objs" in result is deprecated and will be removed in future versions! Please use "objectives" instead.
[2023-04-10 19:29:46,331][moc][INFO][generic_smbo.py:352] Iter 17, objectives: [-1.9820271080541316].
[2023-04-10 19:29:46,334][moc][WARNING][util_funcs.py:111] Provide "objs" in result is deprecated and will be removed in future versions! Please use "objectives" instead.
[2023-04-10 19:29:46,334][moc][INFO][generic_smbo.py:352] Iter 18, objectives: [-3.649225328823422].
[2023-04-10 19:29:46,337][moc][WARNING][util_funcs.py:111] Provide "objs" in result is deprecated and will be removed in future versions! Please use "objectives" instead.
[2023-04-10 19:29:46,337][moc][INFO][generic_smbo.py:352] Iter 19, objectives: [-2.6807708423897436].
[2023-04-10 19:29:46,340][moc][WARNING][util_funcs.py:111] Provide "objs" in result is deprecated and will be removed in future versions! Please use "objectives" instead.
[2023-04-10 19:29:46,340][moc][INFO][generic_smbo.py:352] Iter 20, objectives: [-1.3465378925714524].
[2023-04-10 19:29:46,341][moc][WARNING][util_funcs.py:111] Provide "objs" in result is deprecated and will be removed in future versions! Please use "objectives" instead.
[2023-04-10 19:29:46,341][moc][WARNING][util_funcs.py:123] Unused information in result: {'config': [{'data_parallel_size': 25, 'micro_batch_size': 3, 'model_parallel_size': 8, 'num_reticle_per_pipeline_stage': 31, 'tensor_parallel_size': 1}]}
[2023-04-10 19:29:46,341][moc][INFO][generic_smbo.py:437] Iter 1, objectives: [-16.889700795572466].
[2023-04-10 19:29:46,342][moc][WARNING][util_funcs.py:231] Keyword argument "num_objs" is deprecated and will be removed in a future version. Please use "num_objectives" instead.
