[2023-04-10 16:58:12,457][moc][INFO][color_logger.py:203] Logfile: /home/chenyiqi/wafer_scale_chip_dse_framework/logs/moc_2023-04-10-16-58-12-456948.log
[2023-04-10 16:58:12,463][moc][WARNING][util_funcs.py:111] Provide "objs" in result is deprecated and will be removed in future versions! Please use "objectives" instead.
[2023-04-10 16:58:12,463][moc][INFO][generic_smbo.py:333] Iter 1, objectives: [-0.8684488579108549].
[2023-04-10 16:58:12,467][moc][WARNING][util_funcs.py:111] Provide "objs" in result is deprecated and will be removed in future versions! Please use "objectives" instead.
[2023-04-10 16:58:12,467][moc][INFO][generic_smbo.py:333] Iter 2, objectives: [-0.5230112150482344].
[2023-04-10 16:58:12,471][moc][WARNING][util_funcs.py:111] Provide "objs" in result is deprecated and will be removed in future versions! Please use "objectives" instead.
[2023-04-10 16:58:12,471][moc][INFO][generic_smbo.py:333] Iter 3, objectives: [-2.9332159105451936].
[2023-04-10 16:58:12,475][moc][WARNING][util_funcs.py:111] Provide "objs" in result is deprecated and will be removed in future versions! Please use "objectives" instead.
[2023-04-10 16:58:12,475][moc][INFO][generic_smbo.py:333] Iter 4, objectives: [-2.70575399216768].
[2023-04-10 16:58:12,479][moc][WARNING][util_funcs.py:111] Provide "objs" in result is deprecated and will be removed in future versions! Please use "objectives" instead.
[2023-04-10 16:58:12,479][moc][INFO][generic_smbo.py:333] Iter 5, objectives: [-0.9677594685197038].
[2023-04-10 16:58:12,483][moc][WARNING][util_funcs.py:111] Provide "objs" in result is deprecated and will be removed in future versions! Please use "objectives" instead.
[2023-04-10 16:58:12,483][moc][INFO][generic_smbo.py:333] Iter 6, objectives: [-1.4499189672856596].
[2023-04-10 16:58:12,487][moc][WARNING][util_funcs.py:111] Provide "objs" in result is deprecated and will be removed in future versions! Please use "objectives" instead.
[2023-04-10 16:58:12,487][moc][INFO][generic_smbo.py:333] Iter 7, objectives: [-9.5234983784639].
[2023-04-10 16:58:12,491][moc][WARNING][util_funcs.py:111] Provide "objs" in result is deprecated and will be removed in future versions! Please use "objectives" instead.
[2023-04-10 16:58:12,491][moc][INFO][generic_smbo.py:333] Iter 8, objectives: [-44.56009719232317].
[2023-04-10 16:58:12,495][moc][WARNING][util_funcs.py:111] Provide "objs" in result is deprecated and will be removed in future versions! Please use "objectives" instead.
[2023-04-10 16:58:12,495][moc][INFO][generic_smbo.py:333] Iter 9, objectives: [-1.8083531382743612].
[2023-04-10 16:58:12,498][moc][WARNING][util_funcs.py:111] Provide "objs" in result is deprecated and will be removed in future versions! Please use "objectives" instead.
[2023-04-10 16:58:12,499][moc][INFO][generic_smbo.py:333] Iter 10, objectives: [-2.8382678742478187].
[2023-04-10 16:58:12,499][moc][WARNING][util_funcs.py:111] Provide "objs" in result is deprecated and will be removed in future versions! Please use "objectives" instead.
[2023-04-10 16:58:12,499][moc][WARNING][util_funcs.py:123] Unused information in result: {'config': [{'data_parallel_size': 1, 'micro_batch_size': 244, 'model_parallel_size': 2, 'num_reticle_per_pipeline_stage': 300, 'tensor_parallel_size': 1}]}
[2023-04-10 16:58:12,499][moc][INFO][generic_smbo.py:418] Iter 10, objectives: [-44.56009719232317].
[2023-04-10 16:58:17,139][moc][WARNING][util_funcs.py:231] Keyword argument "num_objs" is deprecated and will be removed in a future version. Please use "num_objectives" instead.
