[2023-04-09 19:25:42,023][moc][INFO][color_logger.py:203] Logfile: /home/chenyiqi/wafer_scale_chip_dse_framework/logs/moc_2023-04-09-19-25-42-019595.log
[2023-04-09 19:25:42,032][moc][INFO][generic_advisor.py:157] [BO auto selection]  acq_type: ei.
[2023-04-09 19:25:42,901][moc][WARNING][util_funcs.py:111] Provide "objs" in result is deprecated and will be removed in future versions! Please use "objectives" instead.
[2023-04-09 19:25:42,902][moc][INFO][generic_smbo.py:332] Iter 1, objectives: [-0.006945591239404818].
[2023-04-09 19:25:43,197][moc][WARNING][util_funcs.py:111] Provide "objs" in result is deprecated and will be removed in future versions! Please use "objectives" instead.
[2023-04-09 19:25:43,198][moc][INFO][generic_smbo.py:332] Iter 2, objectives: [-0.008681800002011715].
[2023-04-09 19:25:43,725][moc][WARNING][util_funcs.py:111] Provide "objs" in result is deprecated and will be removed in future versions! Please use "objectives" instead.
[2023-04-09 19:25:43,726][moc][INFO][generic_smbo.py:332] Iter 3, objectives: [-0.00868180635304329].
[2023-04-09 19:25:44,733][moc][WARNING][util_funcs.py:111] Provide "objs" in result is deprecated and will be removed in future versions! Please use "objectives" instead.
[2023-04-09 19:25:44,734][moc][INFO][generic_smbo.py:332] Iter 4, objectives: [-0.008681807700233].
[2023-04-09 19:25:45,718][moc][WARNING][util_funcs.py:111] Provide "objs" in result is deprecated and will be removed in future versions! Please use "objectives" instead.
[2023-04-09 19:25:45,719][moc][INFO][generic_smbo.py:332] Iter 5, objectives: [-0.005788072646869943].
[2023-04-09 19:25:46,064][moc][WARNING][util_funcs.py:111] Provide "objs" in result is deprecated and will be removed in future versions! Please use "objectives" instead.
[2023-04-09 19:25:46,065][moc][INFO][generic_smbo.py:332] Iter 6, objectives: [-0.008681795485728252].
[2023-04-09 19:25:47,745][moc][WARNING][util_funcs.py:111] Provide "objs" in result is deprecated and will be removed in future versions! Please use "objectives" instead.
[2023-04-09 19:25:47,746][moc][INFO][generic_smbo.py:332] Iter 7, objectives: [-0.0086818033892274].
[2023-04-09 19:25:49,020][moc][WARNING][util_funcs.py:111] Provide "objs" in result is deprecated and will be removed in future versions! Please use "objectives" instead.
[2023-04-09 19:25:49,021][moc][INFO][generic_smbo.py:332] Iter 8, objectives: [-0.008681806023730315].
[2023-04-09 19:25:50,691][moc][WARNING][util_funcs.py:111] Provide "objs" in result is deprecated and will be removed in future versions! Please use "objectives" instead.
[2023-04-09 19:25:50,692][moc][INFO][generic_smbo.py:332] Iter 9, objectives: [-0.008681804107728034].
[2023-04-09 19:25:52,347][moc][WARNING][util_funcs.py:111] Provide "objs" in result is deprecated and will be removed in future versions! Please use "objectives" instead.
[2023-04-09 19:25:52,349][moc][INFO][generic_smbo.py:332] Iter 10, objectives: [-0.00868180702056967].
[2023-04-09 19:25:54,385][moc][WARNING][util_funcs.py:111] Provide "objs" in result is deprecated and will be removed in future versions! Please use "objectives" instead.
[2023-04-09 19:25:54,386][moc][INFO][generic_smbo.py:332] Iter 11, objectives: [-0.00868180734098237].
[2023-04-09 19:25:56,160][moc][WARNING][util_funcs.py:111] Provide "objs" in result is deprecated and will be removed in future versions! Please use "objectives" instead.
[2023-04-09 19:25:56,161][moc][INFO][generic_smbo.py:332] Iter 12, objectives: [-0.008681807132995177].
[2023-04-09 19:25:56,162][moc][INFO][generic_advisor.py:365] Sample random config. rand_prob=0.100000.
[2023-04-09 19:25:56,927][moc][WARNING][util_funcs.py:111] Provide "objs" in result is deprecated and will be removed in future versions! Please use "objectives" instead.
[2023-04-09 19:25:56,927][moc][INFO][generic_smbo.py:332] Iter 13, objectives: [-0.008681806211909154].
[2023-04-09 19:25:59,079][moc][WARNING][util_funcs.py:111] Provide "objs" in result is deprecated and will be removed in future versions! Please use "objectives" instead.
[2023-04-09 19:25:59,081][moc][INFO][generic_smbo.py:332] Iter 14, objectives: [-0.00868180702056967].
[2023-04-09 19:26:00,805][moc][WARNING][util_funcs.py:111] Provide "objs" in result is deprecated and will be removed in future versions! Please use "objectives" instead.
[2023-04-09 19:26:00,806][moc][INFO][generic_smbo.py:332] Iter 15, objectives: [-0.008681806211909154].
[2023-04-09 19:26:03,140][moc][WARNING][util_funcs.py:111] Provide "objs" in result is deprecated and will be removed in future versions! Please use "objectives" instead.
[2023-04-09 19:26:03,141][moc][INFO][generic_smbo.py:332] Iter 16, objectives: [-0.008681807447786608].
[2023-04-09 19:26:04,906][moc][WARNING][util_funcs.py:111] Provide "objs" in result is deprecated and will be removed in future versions! Please use "objectives" instead.
[2023-04-09 19:26:04,908][moc][INFO][generic_smbo.py:332] Iter 17, objectives: [-0.008681804107728034].
[2023-04-09 19:26:06,621][moc][WARNING][util_funcs.py:111] Provide "objs" in result is deprecated and will be removed in future versions! Please use "objectives" instead.
[2023-04-09 19:26:06,622][moc][INFO][generic_smbo.py:332] Iter 18, objectives: [-0.008681799133495302].
[2023-04-09 19:26:08,770][moc][WARNING][util_funcs.py:111] Provide "objs" in result is deprecated and will be removed in future versions! Please use "objectives" instead.
[2023-04-09 19:26:08,772][moc][INFO][generic_smbo.py:332] Iter 19, objectives: [-0.008681806847012802].
[2023-04-09 19:26:11,203][moc][WARNING][util_funcs.py:111] Provide "objs" in result is deprecated and will be removed in future versions! Please use "objectives" instead.
[2023-04-09 19:26:11,205][moc][INFO][generic_smbo.py:332] Iter 20, objectives: [-0.00868180734098237].
[2023-04-09 19:26:13,228][moc][WARNING][util_funcs.py:111] Provide "objs" in result is deprecated and will be removed in future versions! Please use "objectives" instead.
[2023-04-09 19:26:13,229][moc][INFO][generic_smbo.py:332] Iter 21, objectives: [-0.008681806550631088].
[2023-04-09 19:26:15,332][moc][WARNING][util_funcs.py:111] Provide "objs" in result is deprecated and will be removed in future versions! Please use "objectives" instead.
[2023-04-09 19:26:15,333][moc][INFO][generic_smbo.py:332] Iter 22, objectives: [-0.008681806193698297].
[2023-04-09 19:26:17,448][moc][WARNING][util_funcs.py:111] Provide "objs" in result is deprecated and will be removed in future versions! Please use "objectives" instead.
[2023-04-09 19:26:17,449][moc][INFO][generic_smbo.py:332] Iter 23, objectives: [-0.00868180635304329].
[2023-04-09 19:26:19,967][moc][WARNING][util_funcs.py:111] Provide "objs" in result is deprecated and will be removed in future versions! Please use "objectives" instead.
[2023-04-09 19:26:19,968][moc][INFO][generic_smbo.py:332] Iter 24, objectives: [-0.008681804706478656].
[2023-04-09 19:26:22,024][moc][WARNING][util_funcs.py:111] Provide "objs" in result is deprecated and will be removed in future versions! Please use "objectives" instead.
[2023-04-09 19:26:22,025][moc][INFO][generic_smbo.py:332] Iter 25, objectives: [-0.008681800754726084].
[2023-04-09 19:26:24,441][moc][WARNING][util_funcs.py:111] Provide "objs" in result is deprecated and will be removed in future versions! Please use "objectives" instead.
[2023-04-09 19:26:24,442][moc][INFO][generic_smbo.py:332] Iter 26, objectives: [-0.008681807780066478].
[2023-04-09 19:26:27,107][moc][WARNING][util_funcs.py:111] Provide "objs" in result is deprecated and will be removed in future versions! Please use "objectives" instead.
[2023-04-09 19:26:27,108][moc][INFO][generic_smbo.py:332] Iter 27, objectives: [-0.008681806023730315].
[2023-04-09 19:26:29,779][moc][WARNING][util_funcs.py:111] Provide "objs" in result is deprecated and will be removed in future versions! Please use "objectives" instead.
[2023-04-09 19:26:29,781][moc][INFO][generic_smbo.py:332] Iter 28, objectives: [-0.008681806550631088].
[2023-04-09 19:26:34,040][moc][WARNING][util_funcs.py:111] Provide "objs" in result is deprecated and will be removed in future versions! Please use "objectives" instead.
[2023-04-09 19:26:34,042][moc][INFO][generic_smbo.py:332] Iter 29, objectives: [-0.008681806847012802].
[2023-04-09 19:26:34,043][moc][INFO][generic_advisor.py:365] Sample random config. rand_prob=0.100000.
[2023-04-09 19:26:34,950][moc][WARNING][util_funcs.py:111] Provide "objs" in result is deprecated and will be removed in future versions! Please use "objectives" instead.
[2023-04-09 19:26:34,951][moc][INFO][generic_smbo.py:332] Iter 30, objectives: [-0.017361797298075198].
[2023-04-09 19:26:39,120][moc][WARNING][util_funcs.py:111] Provide "objs" in result is deprecated and will be removed in future versions! Please use "objectives" instead.
[2023-04-09 19:26:39,121][moc][INFO][generic_smbo.py:332] Iter 31, objectives: [-0.017361794362400467].
[2023-04-09 19:26:42,703][moc][WARNING][util_funcs.py:111] Provide "objs" in result is deprecated and will be removed in future versions! Please use "objectives" instead.
[2023-04-09 19:26:42,704][moc][INFO][generic_smbo.py:332] Iter 32, objectives: [-0.01736179591178423].
[2023-04-09 19:26:47,392][moc][WARNING][util_funcs.py:111] Provide "objs" in result is deprecated and will be removed in future versions! Please use "objectives" instead.
[2023-04-09 19:26:47,394][moc][INFO][generic_smbo.py:332] Iter 33, objectives: [-0.01736179166347457].
[2023-04-09 19:26:50,713][moc][WARNING][util_funcs.py:111] Provide "objs" in result is deprecated and will be removed in future versions! Please use "objectives" instead.
[2023-04-09 19:26:50,714][moc][INFO][generic_smbo.py:332] Iter 34, objectives: [-0.017361790643880562].
[2023-04-09 19:26:55,285][moc][WARNING][util_funcs.py:111] Provide "objs" in result is deprecated and will be removed in future versions! Please use "objectives" instead.
[2023-04-09 19:26:55,287][moc][INFO][generic_smbo.py:332] Iter 35, objectives: [-0.017361790643880562].
[2023-04-09 19:27:00,337][moc][WARNING][util_funcs.py:111] Provide "objs" in result is deprecated and will be removed in future versions! Please use "objectives" instead.
[2023-04-09 19:27:00,338][moc][INFO][generic_smbo.py:332] Iter 36, objectives: [-0.017361788386208537].
[2023-04-09 19:27:04,266][moc][WARNING][util_funcs.py:111] Provide "objs" in result is deprecated and will be removed in future versions! Please use "objectives" instead.
[2023-04-09 19:27:04,267][moc][INFO][generic_smbo.py:332] Iter 37, objectives: [-0.017361787131946558].
[2023-04-09 19:27:08,246][moc][WARNING][util_funcs.py:111] Provide "objs" in result is deprecated and will be removed in future versions! Please use "objectives" instead.
[2023-04-09 19:27:08,247][moc][INFO][generic_smbo.py:332] Iter 38, objectives: [-0.01736178432240038].
[2023-04-09 19:27:12,628][moc][WARNING][util_funcs.py:111] Provide "objs" in result is deprecated and will be removed in future versions! Please use "objectives" instead.
[2023-04-09 19:27:12,629][moc][INFO][generic_smbo.py:332] Iter 39, objectives: [-0.01736179261934406].
[2023-04-09 19:27:18,470][moc][WARNING][util_funcs.py:111] Provide "objs" in result is deprecated and will be removed in future versions! Please use "objectives" instead.
[2023-04-09 19:27:18,472][moc][INFO][generic_smbo.py:332] Iter 40, objectives: [-0.017361787131946558].
[2023-04-09 19:27:21,644][moc][WARNING][util_funcs.py:111] Provide "objs" in result is deprecated and will be removed in future versions! Please use "objectives" instead.
[2023-04-09 19:27:21,645][moc][INFO][generic_smbo.py:332] Iter 41, objectives: [-0.01736178274203105].
[2023-04-09 19:27:27,253][moc][WARNING][util_funcs.py:111] Provide "objs" in result is deprecated and will be removed in future versions! Please use "objectives" instead.
[2023-04-09 19:27:27,255][moc][INFO][generic_smbo.py:332] Iter 42, objectives: [-0.017361785781203086].
[2023-04-09 19:27:32,797][moc][WARNING][util_funcs.py:111] Provide "objs" in result is deprecated and will be removed in future versions! Please use "objectives" instead.
[2023-04-09 19:27:32,799][moc][INFO][generic_smbo.py:332] Iter 43, objectives: [-0.01736177709785723].
[2023-04-09 19:27:37,086][moc][WARNING][util_funcs.py:111] Provide "objs" in result is deprecated and will be removed in future versions! Please use "objectives" instead.
[2023-04-09 19:27:37,087][moc][INFO][generic_smbo.py:332] Iter 44, objectives: [-0.017361774840188735].
[2023-04-09 19:27:39,379][moc][WARNING][util_funcs.py:111] Provide "objs" in result is deprecated and will be removed in future versions! Please use "objectives" instead.
[2023-04-09 19:27:39,380][moc][INFO][generic_smbo.py:332] Iter 45, objectives: [-0.017361772344871605].
[2023-04-09 19:27:42,185][moc][WARNING][util_funcs.py:111] Provide "objs" in result is deprecated and will be removed in future versions! Please use "objectives" instead.
[2023-04-09 19:27:42,186][moc][INFO][generic_smbo.py:332] Iter 46, objectives: [-0.017361787131946558].
[2023-04-09 19:27:44,349][moc][WARNING][util_funcs.py:111] Provide "objs" in result is deprecated and will be removed in future versions! Please use "objectives" instead.
[2023-04-09 19:27:44,350][moc][INFO][generic_smbo.py:332] Iter 47, objectives: [-0.01736178432240038].
[2023-04-09 19:27:46,544][moc][WARNING][util_funcs.py:111] Provide "objs" in result is deprecated and will be removed in future versions! Please use "objectives" instead.
[2023-04-09 19:27:46,545][moc][INFO][generic_smbo.py:332] Iter 48, objectives: [-0.01736177915028365].
[2023-04-09 19:27:48,219][moc][WARNING][util_funcs.py:111] Provide "objs" in result is deprecated and will be removed in future versions! Please use "objectives" instead.
[2023-04-09 19:27:48,221][moc][INFO][generic_smbo.py:332] Iter 49, objectives: [-0.017361769572297854].
[2023-04-09 19:27:49,714][moc][WARNING][util_funcs.py:111] Provide "objs" in result is deprecated and will be removed in future versions! Please use "objectives" instead.
[2023-04-09 19:27:49,715][moc][INFO][generic_smbo.py:332] Iter 50, objectives: [-0.01736177709785723].
