[2023-04-10 19:04:44,438][moc][INFO][color_logger.py:203] Logfile: /home/chenyiqi/wafer_scale_chip_dse_framework/logs/moc_2023-04-10-19-04-44-437933.log
[2023-04-10 19:04:44,443][moc][WARNING][util_funcs.py:111] Provide "objs" in result is deprecated and will be removed in future versions! Please use "objectives" instead.
[2023-04-10 19:04:44,443][moc][INFO][generic_smbo.py:333] Iter 1, objectives: [-0.6445075417900752].
[2023-04-10 19:04:44,446][moc][WARNING][util_funcs.py:111] Provide "objs" in result is deprecated and will be removed in future versions! Please use "objectives" instead.
[2023-04-10 19:04:44,446][moc][INFO][generic_smbo.py:333] Iter 2, objectives: [-1.2189227982191306].
[2023-04-10 19:04:44,448][moc][WARNING][util_funcs.py:111] Provide "objs" in result is deprecated and will be removed in future versions! Please use "objectives" instead.
[2023-04-10 19:04:44,449][moc][INFO][generic_smbo.py:333] Iter 3, objectives: [-0.37517611066775636].
[2023-04-10 19:04:44,451][moc][WARNING][util_funcs.py:111] Provide "objs" in result is deprecated and will be removed in future versions! Please use "objectives" instead.
[2023-04-10 19:04:44,452][moc][INFO][generic_smbo.py:333] Iter 4, objectives: [-0.5357621087585629].
[2023-04-10 19:04:44,454][moc][WARNING][util_funcs.py:111] Provide "objs" in result is deprecated and will be removed in future versions! Please use "objectives" instead.
[2023-04-10 19:04:44,454][moc][INFO][generic_smbo.py:333] Iter 5, objectives: [-1.726003595699062].
[2023-04-10 19:04:44,457][moc][WARNING][util_funcs.py:111] Provide "objs" in result is deprecated and will be removed in future versions! Please use "objectives" instead.
[2023-04-10 19:04:44,457][moc][INFO][generic_smbo.py:333] Iter 6, objectives: [-0.5206425976531583].
[2023-04-10 19:04:44,460][moc][WARNING][util_funcs.py:111] Provide "objs" in result is deprecated and will be removed in future versions! Please use "objectives" instead.
[2023-04-10 19:04:44,460][moc][INFO][generic_smbo.py:333] Iter 7, objectives: [-17.442927160959595].
[2023-04-10 19:04:44,462][moc][WARNING][util_funcs.py:111] Provide "objs" in result is deprecated and will be removed in future versions! Please use "objectives" instead.
[2023-04-10 19:04:44,462][moc][INFO][generic_smbo.py:333] Iter 8, objectives: [-0.3830800807468575].
[2023-04-10 19:04:44,465][moc][WARNING][util_funcs.py:111] Provide "objs" in result is deprecated and will be removed in future versions! Please use "objectives" instead.
[2023-04-10 19:04:44,465][moc][INFO][generic_smbo.py:333] Iter 9, objectives: [-0.4681516927736014].
[2023-04-10 19:04:44,468][moc][WARNING][util_funcs.py:111] Provide "objs" in result is deprecated and will be removed in future versions! Please use "objectives" instead.
[2023-04-10 19:04:44,468][moc][INFO][generic_smbo.py:333] Iter 10, objectives: [-0.703151601982982].
[2023-04-10 19:04:44,471][moc][WARNING][util_funcs.py:111] Provide "objs" in result is deprecated and will be removed in future versions! Please use "objectives" instead.
[2023-04-10 19:04:44,471][moc][INFO][generic_smbo.py:333] Iter 11, objectives: [-0.7815016223101972].
[2023-04-10 19:04:44,473][moc][WARNING][util_funcs.py:111] Provide "objs" in result is deprecated and will be removed in future versions! Please use "objectives" instead.
[2023-04-10 19:04:44,474][moc][INFO][generic_smbo.py:333] Iter 12, objectives: [-97.31379391251333].
[2023-04-10 19:04:44,476][moc][WARNING][util_funcs.py:111] Provide "objs" in result is deprecated and will be removed in future versions! Please use "objectives" instead.
[2023-04-10 19:04:44,477][moc][INFO][generic_smbo.py:333] Iter 13, objectives: [-0.5199397579328199].
[2023-04-10 19:04:44,479][moc][WARNING][util_funcs.py:111] Provide "objs" in result is deprecated and will be removed in future versions! Please use "objectives" instead.
[2023-04-10 19:04:44,479][moc][INFO][generic_smbo.py:333] Iter 14, objectives: [-0.9282494704938278].
[2023-04-10 19:04:44,482][moc][WARNING][util_funcs.py:111] Provide "objs" in result is deprecated and will be removed in future versions! Please use "objectives" instead.
[2023-04-10 19:04:44,482][moc][INFO][generic_smbo.py:333] Iter 15, objectives: [-0.5175844253333878].
[2023-04-10 19:04:44,485][moc][WARNING][util_funcs.py:111] Provide "objs" in result is deprecated and will be removed in future versions! Please use "objectives" instead.
[2023-04-10 19:04:44,485][moc][INFO][generic_smbo.py:333] Iter 16, objectives: [-25.595687409247926].
[2023-04-10 19:04:44,488][moc][WARNING][util_funcs.py:111] Provide "objs" in result is deprecated and will be removed in future versions! Please use "objectives" instead.
[2023-04-10 19:04:44,488][moc][INFO][generic_smbo.py:333] Iter 17, objectives: [-0.5304296652742014].
[2023-04-10 19:04:44,491][moc][WARNING][util_funcs.py:111] Provide "objs" in result is deprecated and will be removed in future versions! Please use "objectives" instead.
[2023-04-10 19:04:44,491][moc][INFO][generic_smbo.py:333] Iter 18, objectives: [-0.9903481713032455].
[2023-04-10 19:04:44,494][moc][WARNING][util_funcs.py:111] Provide "objs" in result is deprecated and will be removed in future versions! Please use "objectives" instead.
[2023-04-10 19:04:44,494][moc][INFO][generic_smbo.py:333] Iter 19, objectives: [-246.32522181093574].
[2023-04-10 19:04:44,497][moc][WARNING][util_funcs.py:111] Provide "objs" in result is deprecated and will be removed in future versions! Please use "objectives" instead.
[2023-04-10 19:04:44,497][moc][INFO][generic_smbo.py:333] Iter 20, objectives: [-0.75942615786219].
[2023-04-10 19:04:44,497][moc][WARNING][util_funcs.py:111] Provide "objs" in result is deprecated and will be removed in future versions! Please use "objectives" instead.
[2023-04-10 19:04:44,497][moc][WARNING][util_funcs.py:123] Unused information in result: {'config': [{'data_parallel_size': 1, 'micro_batch_size': 7, 'model_parallel_size': 4, 'num_reticle_per_pipeline_stage': 30, 'tensor_parallel_size': 1}]}
[2023-04-10 19:04:44,498][moc][INFO][generic_smbo.py:418] Iter 13, objectives: [-246.32522181093574].
[2023-04-10 19:04:44,499][moc][WARNING][util_funcs.py:231] Keyword argument "num_objs" is deprecated and will be removed in a future version. Please use "num_objectives" instead.
