[2023-04-10 16:51:14,639][moc][INFO][color_logger.py:203] Logfile: /home/chenyiqi/wafer_scale_chip_dse_framework/logs/moc_2023-04-10-16-51-14-639112.log
[2023-04-10 16:51:14,646][moc][WARNING][util_funcs.py:111] Provide "objs" in result is deprecated and will be removed in future versions! Please use "objectives" instead.
[2023-04-10 16:51:14,647][moc][INFO][generic_smbo.py:333] Iter 1, objectives: [-0.6111299599051812].
[2023-04-10 16:51:14,651][moc][WARNING][util_funcs.py:111] Provide "objs" in result is deprecated and will be removed in future versions! Please use "objectives" instead.
[2023-04-10 16:51:14,651][moc][INFO][generic_smbo.py:333] Iter 2, objectives: [-3.99057665572321].
[2023-04-10 16:51:14,655][moc][WARNING][util_funcs.py:111] Provide "objs" in result is deprecated and will be removed in future versions! Please use "objectives" instead.
[2023-04-10 16:51:14,656][moc][INFO][generic_smbo.py:333] Iter 3, objectives: [-1.053384288148683].
[2023-04-10 16:51:14,660][moc][WARNING][util_funcs.py:111] Provide "objs" in result is deprecated and will be removed in future versions! Please use "objectives" instead.
[2023-04-10 16:51:14,660][moc][INFO][generic_smbo.py:333] Iter 4, objectives: [-0.9741313678386032].
[2023-04-10 16:51:14,665][moc][WARNING][util_funcs.py:111] Provide "objs" in result is deprecated and will be removed in future versions! Please use "objectives" instead.
[2023-04-10 16:51:14,680][moc][INFO][generic_smbo.py:333] Iter 5, objectives: [-0.6868504790202937].
[2023-04-10 16:51:14,684][moc][WARNING][util_funcs.py:111] Provide "objs" in result is deprecated and will be removed in future versions! Please use "objectives" instead.
[2023-04-10 16:51:14,684][moc][INFO][generic_smbo.py:333] Iter 6, objectives: [-0.8063039517523073].
[2023-04-10 16:51:14,688][moc][WARNING][util_funcs.py:111] Provide "objs" in result is deprecated and will be removed in future versions! Please use "objectives" instead.
[2023-04-10 16:51:14,689][moc][INFO][generic_smbo.py:333] Iter 7, objectives: [-0.4021720627958905].
[2023-04-10 16:51:14,694][moc][WARNING][util_funcs.py:111] Provide "objs" in result is deprecated and will be removed in future versions! Please use "objectives" instead.
[2023-04-10 16:51:14,694][moc][INFO][generic_smbo.py:333] Iter 8, objectives: [-1.32923289475905].
[2023-04-10 16:51:14,698][moc][WARNING][util_funcs.py:111] Provide "objs" in result is deprecated and will be removed in future versions! Please use "objectives" instead.
[2023-04-10 16:51:14,698][moc][INFO][generic_smbo.py:333] Iter 9, objectives: [-0.3538095349944048].
[2023-04-10 16:51:14,703][moc][WARNING][util_funcs.py:111] Provide "objs" in result is deprecated and will be removed in future versions! Please use "objectives" instead.
[2023-04-10 16:51:14,703][moc][INFO][generic_smbo.py:333] Iter 10, objectives: [-2.3499639119585067].
[2023-04-10 16:51:14,704][moc][WARNING][util_funcs.py:111] Provide "objs" in result is deprecated and will be removed in future versions! Please use "objectives" instead.
[2023-04-10 16:51:14,704][moc][INFO][generic_smbo.py:418] Iter 7, objectives: [-3.99057665572321].
[2023-04-10 16:51:14,704][moc][INFO][mf_advisor.py:411] Sample random config. rand_prob=0.100000.
[2023-04-10 16:51:14,706][moc][WARNING][util_funcs.py:231] Keyword argument "num_objs" is deprecated and will be removed in a future version. Please use "num_objectives" instead.
