[2023-04-10 16:49:55,219][moc][INFO][color_logger.py:203] Logfile: /home/chenyiqi/wafer_scale_chip_dse_framework/logs/moc_2023-04-10-16-49-55-219580.log
[2023-04-10 16:49:55,228][moc][WARNING][util_funcs.py:111] Provide "objs" in result is deprecated and will be removed in future versions! Please use "objectives" instead.
[2023-04-10 16:49:55,228][moc][INFO][generic_smbo.py:333] Iter 1, objectives: [-0.49932580854770164].
[2023-04-10 16:49:55,234][moc][WARNING][util_funcs.py:111] Provide "objs" in result is deprecated and will be removed in future versions! Please use "objectives" instead.
[2023-04-10 16:49:55,234][moc][INFO][generic_smbo.py:333] Iter 2, objectives: [-0.538462617040869].
[2023-04-10 16:49:55,240][moc][WARNING][util_funcs.py:111] Provide "objs" in result is deprecated and will be removed in future versions! Please use "objectives" instead.
[2023-04-10 16:49:55,240][moc][INFO][generic_smbo.py:333] Iter 3, objectives: [-0.40918746244055526].
[2023-04-10 16:49:55,246][moc][WARNING][util_funcs.py:111] Provide "objs" in result is deprecated and will be removed in future versions! Please use "objectives" instead.
[2023-04-10 16:49:55,246][moc][INFO][generic_smbo.py:333] Iter 4, objectives: [-0.6021528663786018].
[2023-04-10 16:49:55,253][moc][WARNING][util_funcs.py:111] Provide "objs" in result is deprecated and will be removed in future versions! Please use "objectives" instead.
[2023-04-10 16:49:55,253][moc][INFO][generic_smbo.py:333] Iter 5, objectives: [-1.8023827304854685].
[2023-04-10 16:49:55,259][moc][WARNING][util_funcs.py:111] Provide "objs" in result is deprecated and will be removed in future versions! Please use "objectives" instead.
[2023-04-10 16:49:55,259][moc][INFO][generic_smbo.py:333] Iter 6, objectives: [-2.202749385819192].
[2023-04-10 16:49:55,265][moc][WARNING][util_funcs.py:111] Provide "objs" in result is deprecated and will be removed in future versions! Please use "objectives" instead.
[2023-04-10 16:49:55,265][moc][INFO][generic_smbo.py:333] Iter 7, objectives: [-0.9902017634563504].
[2023-04-10 16:49:55,271][moc][WARNING][util_funcs.py:111] Provide "objs" in result is deprecated and will be removed in future versions! Please use "objectives" instead.
[2023-04-10 16:49:55,271][moc][INFO][generic_smbo.py:333] Iter 8, objectives: [-0.44384351356682966].
[2023-04-10 16:49:55,277][moc][WARNING][util_funcs.py:111] Provide "objs" in result is deprecated and will be removed in future versions! Please use "objectives" instead.
[2023-04-10 16:49:55,277][moc][INFO][generic_smbo.py:333] Iter 9, objectives: [-0.41512446365756234].
[2023-04-10 16:49:55,282][moc][WARNING][util_funcs.py:111] Provide "objs" in result is deprecated and will be removed in future versions! Please use "objectives" instead.
[2023-04-10 16:49:55,283][moc][INFO][generic_smbo.py:333] Iter 10, objectives: [-40.41219740400992].
[2023-04-10 16:49:55,283][moc][WARNING][util_funcs.py:111] Provide "objs" in result is deprecated and will be removed in future versions! Please use "objectives" instead.
[2023-04-10 16:49:55,283][moc][WARNING][util_funcs.py:123] Unused information in result: {'config': [Configuration(values={
  'data_parallel_size': 2,
  'micro_batch_size': 142,
  'model_parallel_size': 12,
  'num_reticle_per_pipeline_stage': 33,
  'tensor_parallel_size': 1,
})
]}
[2023-04-10 16:49:55,283][moc][INFO][generic_smbo.py:418] Iter 14, objectives: [-40.41219740400992].
[2023-04-10 16:49:55,284][moc][INFO][mf_advisor.py:411] Sample random config. rand_prob=0.100000.
[2023-04-10 16:49:55,285][moc][WARNING][util_funcs.py:231] Keyword argument "num_objs" is deprecated and will be removed in a future version. Please use "num_objectives" instead.
