[2023-04-10 19:29:46,342][moc][INFO][color_logger.py:203] Logfile: /home/chenyiqi/wafer_scale_chip_dse_framework/logs/moc_2023-04-10-19-29-46-342674.log
[2023-04-10 19:29:46,349][moc][WARNING][util_funcs.py:111] Provide "objs" in result is deprecated and will be removed in future versions! Please use "objectives" instead.
[2023-04-10 19:29:46,349][moc][INFO][generic_smbo.py:352] Iter 1, objectives: [-0.3370820178048192].
[2023-04-10 19:29:46,353][moc][WARNING][util_funcs.py:111] Provide "objs" in result is deprecated and will be removed in future versions! Please use "objectives" instead.
[2023-04-10 19:29:46,354][moc][INFO][generic_smbo.py:352] Iter 2, objectives: [-4.0703887762945445].
[2023-04-10 19:29:46,357][moc][WARNING][util_funcs.py:111] Provide "objs" in result is deprecated and will be removed in future versions! Please use "objectives" instead.
[2023-04-10 19:29:46,357][moc][INFO][generic_smbo.py:352] Iter 3, objectives: [-0.4844763252058214].
[2023-04-10 19:29:46,361][moc][WARNING][util_funcs.py:111] Provide "objs" in result is deprecated and will be removed in future versions! Please use "objectives" instead.
[2023-04-10 19:29:46,362][moc][INFO][generic_smbo.py:352] Iter 4, objectives: [-0.29168001767777985].
[2023-04-10 19:29:46,365][moc][WARNING][util_funcs.py:111] Provide "objs" in result is deprecated and will be removed in future versions! Please use "objectives" instead.
[2023-04-10 19:29:46,365][moc][INFO][generic_smbo.py:352] Iter 5, objectives: [-0.8890130135413297].
[2023-04-10 19:29:46,369][moc][WARNING][util_funcs.py:111] Provide "objs" in result is deprecated and will be removed in future versions! Please use "objectives" instead.
[2023-04-10 19:29:46,369][moc][INFO][generic_smbo.py:352] Iter 6, objectives: [-0.6796180785375636].
[2023-04-10 19:29:46,373][moc][WARNING][util_funcs.py:111] Provide "objs" in result is deprecated and will be removed in future versions! Please use "objectives" instead.
[2023-04-10 19:29:46,373][moc][INFO][generic_smbo.py:352] Iter 7, objectives: [-0.5785543399521593].
[2023-04-10 19:29:46,377][moc][WARNING][util_funcs.py:111] Provide "objs" in result is deprecated and will be removed in future versions! Please use "objectives" instead.
[2023-04-10 19:29:46,377][moc][INFO][generic_smbo.py:352] Iter 8, objectives: [-0.42536885839652017].
[2023-04-10 19:29:46,381][moc][WARNING][util_funcs.py:111] Provide "objs" in result is deprecated and will be removed in future versions! Please use "objectives" instead.
[2023-04-10 19:29:46,381][moc][INFO][generic_smbo.py:352] Iter 9, objectives: [-0.39077653085711833].
[2023-04-10 19:29:46,385][moc][WARNING][util_funcs.py:111] Provide "objs" in result is deprecated and will be removed in future versions! Please use "objectives" instead.
[2023-04-10 19:29:46,385][moc][INFO][generic_smbo.py:352] Iter 10, objectives: [-0.24824916283051143].
[2023-04-10 19:29:46,389][moc][WARNING][util_funcs.py:111] Provide "objs" in result is deprecated and will be removed in future versions! Please use "objectives" instead.
[2023-04-10 19:29:46,389][moc][INFO][generic_smbo.py:352] Iter 11, objectives: [-84.96354588085855].
[2023-04-10 19:29:46,393][moc][WARNING][util_funcs.py:111] Provide "objs" in result is deprecated and will be removed in future versions! Please use "objectives" instead.
[2023-04-10 19:29:46,393][moc][INFO][generic_smbo.py:352] Iter 12, objectives: [-0.792539395348997].
[2023-04-10 19:29:46,397][moc][WARNING][util_funcs.py:111] Provide "objs" in result is deprecated and will be removed in future versions! Please use "objectives" instead.
[2023-04-10 19:29:46,397][moc][INFO][generic_smbo.py:352] Iter 13, objectives: [-0.5672105486427796].
[2023-04-10 19:29:46,401][moc][WARNING][util_funcs.py:111] Provide "objs" in result is deprecated and will be removed in future versions! Please use "objectives" instead.
[2023-04-10 19:29:46,401][moc][INFO][generic_smbo.py:352] Iter 14, objectives: [-0.589130088738865].
[2023-04-10 19:29:46,405][moc][WARNING][util_funcs.py:111] Provide "objs" in result is deprecated and will be removed in future versions! Please use "objectives" instead.
[2023-04-10 19:29:46,405][moc][INFO][generic_smbo.py:352] Iter 15, objectives: [-0.3436377803897035].
[2023-04-10 19:29:46,409][moc][WARNING][util_funcs.py:111] Provide "objs" in result is deprecated and will be removed in future versions! Please use "objectives" instead.
[2023-04-10 19:29:46,409][moc][INFO][generic_smbo.py:352] Iter 16, objectives: [-1.0099671341042957].
[2023-04-10 19:29:46,413][moc][WARNING][util_funcs.py:111] Provide "objs" in result is deprecated and will be removed in future versions! Please use "objectives" instead.
[2023-04-10 19:29:46,413][moc][INFO][generic_smbo.py:352] Iter 17, objectives: [-0.5453804176881507].
[2023-04-10 19:29:46,417][moc][WARNING][util_funcs.py:111] Provide "objs" in result is deprecated and will be removed in future versions! Please use "objectives" instead.
[2023-04-10 19:29:46,417][moc][INFO][generic_smbo.py:352] Iter 18, objectives: [-0.5466065768151103].
[2023-04-10 19:29:46,420][moc][WARNING][util_funcs.py:111] Provide "objs" in result is deprecated and will be removed in future versions! Please use "objectives" instead.
[2023-04-10 19:29:46,420][moc][INFO][generic_smbo.py:352] Iter 19, objectives: [-0.43772752306248347].
[2023-04-10 19:29:46,424][moc][WARNING][util_funcs.py:111] Provide "objs" in result is deprecated and will be removed in future versions! Please use "objectives" instead.
[2023-04-10 19:29:46,424][moc][INFO][generic_smbo.py:352] Iter 20, objectives: [-0.8253001558943137].
[2023-04-10 19:29:46,425][moc][WARNING][util_funcs.py:111] Provide "objs" in result is deprecated and will be removed in future versions! Please use "objectives" instead.
[2023-04-10 19:29:46,425][moc][WARNING][util_funcs.py:123] Unused information in result: {'config': [{'data_parallel_size': 1, 'micro_batch_size': 405, 'model_parallel_size': 2, 'num_reticle_per_pipeline_stage': 90, 'tensor_parallel_size': 1}]}
[2023-04-10 19:29:46,425][moc][INFO][generic_smbo.py:437] Iter 2, objectives: [-84.96354588085855].
[2023-04-10 19:29:46,426][moc][WARNING][util_funcs.py:231] Keyword argument "num_objs" is deprecated and will be removed in a future version. Please use "num_objectives" instead.
