[2023-04-10 16:41:09,561][moc][INFO][color_logger.py:203] Logfile: /home/chenyiqi/wafer_scale_chip_dse_framework/logs/moc_2023-04-10-16-41-09-561625.log
[2023-04-10 16:41:09,566][moc][WARNING][util_funcs.py:111] Provide "objs" in result is deprecated and will be removed in future versions! Please use "objectives" instead.
[2023-04-10 16:41:09,566][moc][INFO][generic_smbo.py:333] Iter 1, objectives: [-77.20039006335067].
[2023-04-10 16:41:09,568][moc][WARNING][util_funcs.py:111] Provide "objs" in result is deprecated and will be removed in future versions! Please use "objectives" instead.
[2023-04-10 16:41:09,568][moc][INFO][generic_smbo.py:333] Iter 2, objectives: [-0.3795278338547863].
[2023-04-10 16:41:09,570][moc][WARNING][util_funcs.py:111] Provide "objs" in result is deprecated and will be removed in future versions! Please use "objectives" instead.
[2023-04-10 16:41:09,571][moc][INFO][generic_smbo.py:333] Iter 3, objectives: [-1.4415568407938164].
[2023-04-10 16:41:09,573][moc][WARNING][util_funcs.py:111] Provide "objs" in result is deprecated and will be removed in future versions! Please use "objectives" instead.
[2023-04-10 16:41:09,573][moc][INFO][generic_smbo.py:333] Iter 4, objectives: [-48.280031687886094].
[2023-04-10 16:41:09,575][moc][WARNING][util_funcs.py:111] Provide "objs" in result is deprecated and will be removed in future versions! Please use "objectives" instead.
[2023-04-10 16:41:09,575][moc][INFO][generic_smbo.py:333] Iter 5, objectives: [-0.3726223356290737].
[2023-04-10 16:41:09,577][moc][WARNING][util_funcs.py:111] Provide "objs" in result is deprecated and will be removed in future versions! Please use "objectives" instead.
[2023-04-10 16:41:09,577][moc][INFO][generic_smbo.py:333] Iter 6, objectives: [-0.7230268384389374].
[2023-04-10 16:41:09,579][moc][WARNING][util_funcs.py:111] Provide "objs" in result is deprecated and will be removed in future versions! Please use "objectives" instead.
[2023-04-10 16:41:09,579][moc][INFO][generic_smbo.py:333] Iter 7, objectives: [-0.36201990294707176].
[2023-04-10 16:41:09,581][moc][WARNING][util_funcs.py:111] Provide "objs" in result is deprecated and will be removed in future versions! Please use "objectives" instead.
[2023-04-10 16:41:09,582][moc][INFO][generic_smbo.py:333] Iter 8, objectives: [-1.513946067454439].
[2023-04-10 16:41:09,584][moc][WARNING][util_funcs.py:111] Provide "objs" in result is deprecated and will be removed in future versions! Please use "objectives" instead.
[2023-04-10 16:41:09,584][moc][INFO][generic_smbo.py:333] Iter 9, objectives: [-0.7307990443720913].
[2023-04-10 16:41:09,586][moc][WARNING][util_funcs.py:111] Provide "objs" in result is deprecated and will be removed in future versions! Please use "objectives" instead.
[2023-04-10 16:41:09,587][moc][INFO][generic_smbo.py:333] Iter 10, objectives: [-46.06127536784821].
[2023-04-10 16:41:09,587][moc][WARNING][util_funcs.py:111] Provide "objs" in result is deprecated and will be removed in future versions! Please use "objectives" instead.
[2023-04-10 16:41:09,587][moc][WARNING][util_funcs.py:123] Unused information in result: {'config': [Configuration(values={
  'data_parallel_size': 1,
  'micro_batch_size': 355,
  'model_parallel_size': 1,
  'num_reticle_per_pipeline_stage': 65,
  'tensor_parallel_size': 1,
})
]}
[2023-04-10 16:41:09,587][moc][INFO][generic_smbo.py:418] Iter 15, objectives: [-77.20039006335067].
[2023-04-10 16:41:14,222][moc][WARNING][util_funcs.py:231] Keyword argument "num_objs" is deprecated and will be removed in a future version. Please use "num_objectives" instead.
