[2023-04-10 17:08:23,864][moc][INFO][color_logger.py:203] Logfile: /home/chenyiqi/wafer_scale_chip_dse_framework/logs/moc_2023-04-10-17-08-23-864345.log
[2023-04-10 17:08:23,876][moc][WARNING][util_funcs.py:111] Provide "objs" in result is deprecated and will be removed in future versions! Please use "objectives" instead.
[2023-04-10 17:08:23,876][moc][INFO][generic_smbo.py:333] Iter 1, objectives: [-3.37062019003103].
[2023-04-10 17:08:23,885][moc][WARNING][util_funcs.py:111] Provide "objs" in result is deprecated and will be removed in future versions! Please use "objectives" instead.
[2023-04-10 17:08:23,886][moc][INFO][generic_smbo.py:333] Iter 2, objectives: [-2.897719936453048].
[2023-04-10 17:08:23,895][moc][WARNING][util_funcs.py:111] Provide "objs" in result is deprecated and will be removed in future versions! Please use "objectives" instead.
[2023-04-10 17:08:23,895][moc][INFO][generic_smbo.py:333] Iter 3, objectives: [-0.5841542373385676].
[2023-04-10 17:08:24,026][moc][WARNING][util_funcs.py:111] Provide "objs" in result is deprecated and will be removed in future versions! Please use "objectives" instead.
[2023-04-10 17:08:24,026][moc][INFO][generic_smbo.py:333] Iter 4, objectives: [-0.6952610357352162].
[2023-04-10 17:08:24,035][moc][WARNING][util_funcs.py:111] Provide "objs" in result is deprecated and will be removed in future versions! Please use "objectives" instead.
[2023-04-10 17:08:24,035][moc][INFO][generic_smbo.py:333] Iter 5, objectives: [-1.8742807241088708].
[2023-04-10 17:08:24,044][moc][WARNING][util_funcs.py:111] Provide "objs" in result is deprecated and will be removed in future versions! Please use "objectives" instead.
[2023-04-10 17:08:24,044][moc][INFO][generic_smbo.py:333] Iter 6, objectives: [-1.069448007448567].
[2023-04-10 17:08:24,053][moc][WARNING][util_funcs.py:111] Provide "objs" in result is deprecated and will be removed in future versions! Please use "objectives" instead.
[2023-04-10 17:08:24,054][moc][INFO][generic_smbo.py:333] Iter 7, objectives: [-2.6096366639437525].
[2023-04-10 17:08:24,063][moc][WARNING][util_funcs.py:111] Provide "objs" in result is deprecated and will be removed in future versions! Please use "objectives" instead.
[2023-04-10 17:08:24,063][moc][INFO][generic_smbo.py:333] Iter 8, objectives: [-1.2825165283108357].
[2023-04-10 17:08:24,072][moc][WARNING][util_funcs.py:111] Provide "objs" in result is deprecated and will be removed in future versions! Please use "objectives" instead.
[2023-04-10 17:08:24,072][moc][INFO][generic_smbo.py:333] Iter 9, objectives: [-0.5073192275853136].
[2023-04-10 17:08:24,082][moc][WARNING][util_funcs.py:111] Provide "objs" in result is deprecated and will be removed in future versions! Please use "objectives" instead.
[2023-04-10 17:08:24,082][moc][INFO][generic_smbo.py:333] Iter 10, objectives: [-1.6210274658020516].
[2023-04-10 17:08:24,091][moc][WARNING][util_funcs.py:111] Provide "objs" in result is deprecated and will be removed in future versions! Please use "objectives" instead.
[2023-04-10 17:08:24,091][moc][INFO][generic_smbo.py:333] Iter 11, objectives: [-0.33098413949786254].
[2023-04-10 17:08:24,102][moc][WARNING][util_funcs.py:111] Provide "objs" in result is deprecated and will be removed in future versions! Please use "objectives" instead.
[2023-04-10 17:08:24,103][moc][INFO][generic_smbo.py:333] Iter 12, objectives: [-0.6869622566122945].
[2023-04-10 17:08:24,113][moc][WARNING][util_funcs.py:111] Provide "objs" in result is deprecated and will be removed in future versions! Please use "objectives" instead.
[2023-04-10 17:08:24,114][moc][INFO][generic_smbo.py:333] Iter 13, objectives: [-0.8664278264788772].
[2023-04-10 17:08:24,124][moc][WARNING][util_funcs.py:111] Provide "objs" in result is deprecated and will be removed in future versions! Please use "objectives" instead.
[2023-04-10 17:08:24,124][moc][INFO][generic_smbo.py:333] Iter 14, objectives: [-1.8265288632820786].
[2023-04-10 17:08:24,135][moc][WARNING][util_funcs.py:111] Provide "objs" in result is deprecated and will be removed in future versions! Please use "objectives" instead.
[2023-04-10 17:08:24,135][moc][INFO][generic_smbo.py:333] Iter 15, objectives: [-1.612977380546088].
[2023-04-10 17:08:24,147][moc][WARNING][util_funcs.py:111] Provide "objs" in result is deprecated and will be removed in future versions! Please use "objectives" instead.
[2023-04-10 17:08:24,147][moc][INFO][generic_smbo.py:333] Iter 16, objectives: [-3.200676597070959].
[2023-04-10 17:08:24,301][moc][WARNING][util_funcs.py:111] Provide "objs" in result is deprecated and will be removed in future versions! Please use "objectives" instead.
[2023-04-10 17:08:24,301][moc][INFO][generic_smbo.py:333] Iter 17, objectives: [-0.9301775994150007].
[2023-04-10 17:08:24,312][moc][WARNING][util_funcs.py:111] Provide "objs" in result is deprecated and will be removed in future versions! Please use "objectives" instead.
[2023-04-10 17:08:24,312][moc][INFO][generic_smbo.py:333] Iter 18, objectives: [-2.50245690360811].
[2023-04-10 17:08:24,322][moc][WARNING][util_funcs.py:111] Provide "objs" in result is deprecated and will be removed in future versions! Please use "objectives" instead.
[2023-04-10 17:08:24,323][moc][INFO][generic_smbo.py:333] Iter 19, objectives: [-1.8395634408615047].
[2023-04-10 17:08:24,334][moc][WARNING][util_funcs.py:111] Provide "objs" in result is deprecated and will be removed in future versions! Please use "objectives" instead.
[2023-04-10 17:08:24,334][moc][INFO][generic_smbo.py:333] Iter 20, objectives: [-1.2768178622344255].
[2023-04-10 17:08:24,334][moc][WARNING][util_funcs.py:111] Provide "objs" in result is deprecated and will be removed in future versions! Please use "objectives" instead.
[2023-04-10 17:08:24,334][moc][WARNING][util_funcs.py:123] Unused information in result: {'config': [{'data_parallel_size': 9, 'micro_batch_size': 2, 'model_parallel_size': 8, 'num_reticle_per_pipeline_stage': 207, 'tensor_parallel_size': 6}]}
[2023-04-10 17:08:24,335][moc][INFO][generic_smbo.py:418] Iter 14, objectives: [-3.37062019003103].
[2023-04-10 17:08:29,013][moc][WARNING][util_funcs.py:231] Keyword argument "num_objs" is deprecated and will be removed in a future version. Please use "num_objectives" instead.
