[2023-04-10 19:29:19,512][moc][INFO][color_logger.py:203] Logfile: /home/chenyiqi/wafer_scale_chip_dse_framework/logs/moc_2023-04-10-19-29-19-511909.log
[2023-04-10 19:29:19,515][moc][WARNING][util_funcs.py:111] Provide "objs" in result is deprecated and will be removed in future versions! Please use "objectives" instead.
[2023-04-10 19:29:19,516][moc][INFO][generic_smbo.py:352] Iter 1, objectives: [-0.39582885486912234].
[2023-04-10 19:29:19,517][moc][WARNING][util_funcs.py:111] Provide "objs" in result is deprecated and will be removed in future versions! Please use "objectives" instead.
[2023-04-10 19:29:19,517][moc][INFO][generic_smbo.py:352] Iter 2, objectives: [-0.3946602470379921].
[2023-04-10 19:29:19,519][moc][WARNING][util_funcs.py:111] Provide "objs" in result is deprecated and will be removed in future versions! Please use "objectives" instead.
[2023-04-10 19:29:19,519][moc][INFO][generic_smbo.py:352] Iter 3, objectives: [-0.30504631051847525].
[2023-04-10 19:29:19,520][moc][WARNING][util_funcs.py:111] Provide "objs" in result is deprecated and will be removed in future versions! Please use "objectives" instead.
[2023-04-10 19:29:19,521][moc][INFO][generic_smbo.py:352] Iter 4, objectives: [-3.961791773802572].
[2023-04-10 19:29:19,522][moc][WARNING][util_funcs.py:111] Provide "objs" in result is deprecated and will be removed in future versions! Please use "objectives" instead.
[2023-04-10 19:29:19,522][moc][INFO][generic_smbo.py:352] Iter 5, objectives: [-1.514332186705231].
[2023-04-10 19:29:19,524][moc][WARNING][util_funcs.py:111] Provide "objs" in result is deprecated and will be removed in future versions! Please use "objectives" instead.
[2023-04-10 19:29:19,524][moc][INFO][generic_smbo.py:352] Iter 6, objectives: [-0.46265075350548196].
[2023-04-10 19:29:19,526][moc][WARNING][util_funcs.py:111] Provide "objs" in result is deprecated and will be removed in future versions! Please use "objectives" instead.
[2023-04-10 19:29:19,526][moc][INFO][generic_smbo.py:352] Iter 7, objectives: [-0.5853698479123569].
[2023-04-10 19:29:19,528][moc][WARNING][util_funcs.py:111] Provide "objs" in result is deprecated and will be removed in future versions! Please use "objectives" instead.
[2023-04-10 19:29:19,528][moc][INFO][generic_smbo.py:352] Iter 8, objectives: [-0.6048103655322887].
[2023-04-10 19:29:19,529][moc][WARNING][util_funcs.py:111] Provide "objs" in result is deprecated and will be removed in future versions! Please use "objectives" instead.
[2023-04-10 19:29:19,529][moc][INFO][generic_smbo.py:352] Iter 9, objectives: [-0.3515556478037576].
[2023-04-10 19:29:19,531][moc][WARNING][util_funcs.py:111] Provide "objs" in result is deprecated and will be removed in future versions! Please use "objectives" instead.
[2023-04-10 19:29:19,531][moc][INFO][generic_smbo.py:352] Iter 10, objectives: [-0.9120815548594289].
[2023-04-10 19:29:19,532][moc][WARNING][util_funcs.py:111] Provide "objs" in result is deprecated and will be removed in future versions! Please use "objectives" instead.
[2023-04-10 19:29:19,533][moc][INFO][generic_smbo.py:352] Iter 11, objectives: [-1.352849267847562].
[2023-04-10 19:29:19,534][moc][WARNING][util_funcs.py:111] Provide "objs" in result is deprecated and will be removed in future versions! Please use "objectives" instead.
[2023-04-10 19:29:19,534][moc][INFO][generic_smbo.py:352] Iter 12, objectives: [-1.0020268885383994].
[2023-04-10 19:29:19,536][moc][WARNING][util_funcs.py:111] Provide "objs" in result is deprecated and will be removed in future versions! Please use "objectives" instead.
[2023-04-10 19:29:19,536][moc][INFO][generic_smbo.py:352] Iter 13, objectives: [-1.1364049011442026].
[2023-04-10 19:29:19,538][moc][WARNING][util_funcs.py:111] Provide "objs" in result is deprecated and will be removed in future versions! Please use "objectives" instead.
[2023-04-10 19:29:19,538][moc][INFO][generic_smbo.py:352] Iter 14, objectives: [-0.6913690734861279].
[2023-04-10 19:29:19,540][moc][WARNING][util_funcs.py:111] Provide "objs" in result is deprecated and will be removed in future versions! Please use "objectives" instead.
[2023-04-10 19:29:19,540][moc][INFO][generic_smbo.py:352] Iter 15, objectives: [-180.8150854749072].
[2023-04-10 19:29:19,542][moc][WARNING][util_funcs.py:111] Provide "objs" in result is deprecated and will be removed in future versions! Please use "objectives" instead.
[2023-04-10 19:29:19,542][moc][INFO][generic_smbo.py:352] Iter 16, objectives: [-0.7702280896775986].
[2023-04-10 19:29:19,543][moc][WARNING][util_funcs.py:111] Provide "objs" in result is deprecated and will be removed in future versions! Please use "objectives" instead.
[2023-04-10 19:29:19,543][moc][INFO][generic_smbo.py:352] Iter 17, objectives: [-0.3893817610535709].
[2023-04-10 19:29:19,545][moc][WARNING][util_funcs.py:111] Provide "objs" in result is deprecated and will be removed in future versions! Please use "objectives" instead.
[2023-04-10 19:29:19,545][moc][INFO][generic_smbo.py:352] Iter 18, objectives: [-1.124002481838586].
[2023-04-10 19:29:19,546][moc][WARNING][util_funcs.py:111] Provide "objs" in result is deprecated and will be removed in future versions! Please use "objectives" instead.
[2023-04-10 19:29:19,547][moc][INFO][generic_smbo.py:352] Iter 19, objectives: [-1.4599771508069697].
[2023-04-10 19:29:19,548][moc][WARNING][util_funcs.py:111] Provide "objs" in result is deprecated and will be removed in future versions! Please use "objectives" instead.
[2023-04-10 19:29:19,548][moc][INFO][generic_smbo.py:352] Iter 20, objectives: [-2.0257315412031343].
[2023-04-10 19:29:19,549][moc][WARNING][util_funcs.py:111] Provide "objs" in result is deprecated and will be removed in future versions! Please use "objectives" instead.
[2023-04-10 19:29:19,549][moc][WARNING][util_funcs.py:123] Unused information in result: {'config': [{'data_parallel_size': 1, 'micro_batch_size': 51, 'model_parallel_size': 4, 'num_reticle_per_pipeline_stage': 8, 'tensor_parallel_size': 1}]}
[2023-04-10 19:29:19,549][moc][INFO][generic_smbo.py:437] Iter 14, objectives: [-180.8150854749072].
[2023-04-10 19:29:23,904][moc][WARNING][util_funcs.py:231] Keyword argument "num_objs" is deprecated and will be removed in a future version. Please use "num_objectives" instead.
