[2023-04-09 18:58:52,426][moc][INFO][color_logger.py:203] Logfile: /home/chenyiqi/wafer_scale_chip_dse_framework/logs/moc_2023-04-09-18-58-52-425613.log
[2023-04-09 18:58:52,428][moc][INFO][generic_advisor.py:157] [BO auto selection]  acq_type: ei.
[2023-04-09 18:58:52,651][moc][WARNING][util_funcs.py:111] Provide "objs" in result is deprecated and will be removed in future versions! Please use "objectives" instead.
[2023-04-09 18:58:52,652][moc][INFO][generic_smbo.py:332] Iter 1, objectives: [-0.008681800349418331].
[2023-04-09 18:58:52,832][moc][WARNING][util_funcs.py:111] Provide "objs" in result is deprecated and will be removed in future versions! Please use "objectives" instead.
[2023-04-09 18:58:52,833][moc][INFO][generic_smbo.py:332] Iter 2, objectives: [-0.011575312160643492].
[2023-04-09 18:58:53,622][moc][WARNING][util_funcs.py:111] Provide "objs" in result is deprecated and will be removed in future versions! Please use "objectives" instead.
[2023-04-09 18:58:53,623][moc][INFO][generic_smbo.py:332] Iter 3, objectives: [-0.011575342090005696].
[2023-04-09 18:58:54,103][moc][WARNING][util_funcs.py:111] Provide "objs" in result is deprecated and will be removed in future versions! Please use "objectives" instead.
[2023-04-09 18:58:54,104][moc][INFO][generic_smbo.py:332] Iter 4, objectives: [-0.011575340385444667].
[2023-04-09 18:58:55,918][moc][WARNING][util_funcs.py:111] Provide "objs" in result is deprecated and will be removed in future versions! Please use "objectives" instead.
[2023-04-09 18:58:55,919][moc][INFO][generic_smbo.py:332] Iter 5, objectives: [-0.006945591675882168].
[2023-04-09 18:58:56,349][moc][WARNING][util_funcs.py:111] Provide "objs" in result is deprecated and will be removed in future versions! Please use "objectives" instead.
[2023-04-09 18:58:56,349][moc][INFO][generic_smbo.py:332] Iter 6, objectives: [-0.005788070785631281].
[2023-04-09 18:58:57,885][moc][WARNING][util_funcs.py:111] Provide "objs" in result is deprecated and will be removed in future versions! Please use "objectives" instead.
[2023-04-09 18:58:57,886][moc][INFO][generic_smbo.py:332] Iter 7, objectives: [-0.01157533699846126].
[2023-04-09 18:58:59,330][moc][WARNING][util_funcs.py:111] Provide "objs" in result is deprecated and will be removed in future versions! Please use "objectives" instead.
[2023-04-09 18:58:59,331][moc][INFO][generic_smbo.py:332] Iter 8, objectives: [-0.011575338524129215].
[2023-04-09 18:59:00,698][moc][WARNING][util_funcs.py:111] Provide "objs" in result is deprecated and will be removed in future versions! Please use "objectives" instead.
[2023-04-09 18:59:00,699][moc][INFO][generic_smbo.py:332] Iter 9, objectives: [-0.011575329273769672].
[2023-04-09 18:59:02,163][moc][WARNING][util_funcs.py:111] Provide "objs" in result is deprecated and will be removed in future versions! Please use "objectives" instead.
[2023-04-09 18:59:02,164][moc][INFO][generic_smbo.py:332] Iter 10, objectives: [-0.011575335385612713].
[2023-04-09 18:59:03,984][moc][WARNING][util_funcs.py:111] Provide "objs" in result is deprecated and will be removed in future versions! Please use "objectives" instead.
[2023-04-09 18:59:03,985][moc][INFO][generic_smbo.py:332] Iter 11, objectives: [-0.011575339744663871].
[2023-04-09 18:59:05,339][moc][WARNING][util_funcs.py:111] Provide "objs" in result is deprecated and will be removed in future versions! Please use "objectives" instead.
[2023-04-09 18:59:05,340][moc][INFO][generic_smbo.py:332] Iter 12, objectives: [-0.011575331650596755].
[2023-04-09 18:59:07,591][moc][WARNING][util_funcs.py:111] Provide "objs" in result is deprecated and will be removed in future versions! Please use "objectives" instead.
[2023-04-09 18:59:07,593][moc][INFO][generic_smbo.py:332] Iter 13, objectives: [-0.011575341837009593].
[2023-04-09 18:59:09,212][moc][WARNING][util_funcs.py:111] Provide "objs" in result is deprecated and will be removed in future versions! Please use "objectives" instead.
[2023-04-09 18:59:09,213][moc][INFO][generic_smbo.py:332] Iter 14, objectives: [-0.011575320497801208].
[2023-04-09 18:59:10,332][moc][WARNING][util_funcs.py:111] Provide "objs" in result is deprecated and will be removed in future versions! Please use "objectives" instead.
[2023-04-09 18:59:10,333][moc][INFO][generic_smbo.py:332] Iter 15, objectives: [-0.011575323971620467].
[2023-04-09 18:59:12,471][moc][WARNING][util_funcs.py:111] Provide "objs" in result is deprecated and will be removed in future versions! Please use "objectives" instead.
[2023-04-09 18:59:12,473][moc][INFO][generic_smbo.py:332] Iter 16, objectives: [-0.01157534156248192].
[2023-04-09 18:59:12,474][moc][INFO][generic_advisor.py:365] Sample random config. rand_prob=0.100000.
[2023-04-09 18:59:12,844][moc][WARNING][util_funcs.py:111] Provide "objs" in result is deprecated and will be removed in future versions! Please use "objectives" instead.
[2023-04-09 18:59:12,845][moc][INFO][generic_smbo.py:332] Iter 17, objectives: [-0.011575331650596755].
[2023-04-09 18:59:12,845][moc][INFO][generic_advisor.py:365] Sample random config. rand_prob=0.100000.
[2023-04-09 18:59:13,710][moc][WARNING][util_funcs.py:111] Provide "objs" in result is deprecated and will be removed in future versions! Please use "objectives" instead.
[2023-04-09 18:59:13,710][moc][INFO][generic_smbo.py:332] Iter 18, objectives: [-0.008681793729397062].
[2023-04-09 18:59:15,260][moc][WARNING][util_funcs.py:111] Provide "objs" in result is deprecated and will be removed in future versions! Please use "objectives" instead.
[2023-04-09 18:59:15,261][moc][INFO][generic_smbo.py:332] Iter 19, objectives: [-0.01157531667660243].
[2023-04-09 18:59:16,886][moc][WARNING][util_funcs.py:111] Provide "objs" in result is deprecated and will be removed in future versions! Please use "objectives" instead.
[2023-04-09 18:59:16,887][moc][INFO][generic_smbo.py:332] Iter 20, objectives: [-0.011575330726274995].
