[2023-04-10 16:41:08,741][moc][INFO][color_logger.py:203] Logfile: /home/chenyiqi/wafer_scale_chip_dse_framework/logs/moc_2023-04-10-16-41-08-740993.log
[2023-04-10 16:41:08,864][moc][WARNING][util_funcs.py:111] Provide "objs" in result is deprecated and will be removed in future versions! Please use "objectives" instead.
[2023-04-10 16:41:08,864][moc][INFO][generic_smbo.py:333] Iter 1, objectives: [-1.0429743733204975].
[2023-04-10 16:41:09,034][moc][WARNING][util_funcs.py:111] Provide "objs" in result is deprecated and will be removed in future versions! Please use "objectives" instead.
[2023-04-10 16:41:09,035][moc][INFO][generic_smbo.py:333] Iter 2, objectives: [-0.3401210325380399].
[2023-04-10 16:41:09,189][moc][WARNING][util_funcs.py:111] Provide "objs" in result is deprecated and will be removed in future versions! Please use "objectives" instead.
[2023-04-10 16:41:09,189][moc][INFO][generic_smbo.py:333] Iter 3, objectives: [-1.470758201243099].
[2023-04-10 16:41:09,311][moc][WARNING][util_funcs.py:111] Provide "objs" in result is deprecated and will be removed in future versions! Please use "objectives" instead.
[2023-04-10 16:41:09,311][moc][INFO][generic_smbo.py:333] Iter 4, objectives: [-25.596707713538137].
[2023-04-10 16:41:09,503][moc][WARNING][util_funcs.py:111] Provide "objs" in result is deprecated and will be removed in future versions! Please use "objectives" instead.
[2023-04-10 16:41:09,503][moc][INFO][generic_smbo.py:333] Iter 5, objectives: [-0.17525447360831758].
[2023-04-10 16:41:09,749][moc][WARNING][util_funcs.py:111] Provide "objs" in result is deprecated and will be removed in future versions! Please use "objectives" instead.
[2023-04-10 16:41:09,749][moc][INFO][generic_smbo.py:333] Iter 6, objectives: [-0.530621579910444].
[2023-04-10 16:41:10,026][moc][WARNING][util_funcs.py:111] Provide "objs" in result is deprecated and will be removed in future versions! Please use "objectives" instead.
[2023-04-10 16:41:10,027][moc][INFO][generic_smbo.py:333] Iter 7, objectives: [-2.7768209438232003].
[2023-04-10 16:41:10,215][moc][WARNING][util_funcs.py:111] Provide "objs" in result is deprecated and will be removed in future versions! Please use "objectives" instead.
[2023-04-10 16:41:10,215][moc][INFO][generic_smbo.py:333] Iter 8, objectives: [-0.5129545191050563].
[2023-04-10 16:41:10,381][moc][WARNING][util_funcs.py:111] Provide "objs" in result is deprecated and will be removed in future versions! Please use "objectives" instead.
[2023-04-10 16:41:10,381][moc][INFO][generic_smbo.py:333] Iter 9, objectives: [-0.4650366267311566].
[2023-04-10 16:41:10,560][moc][WARNING][util_funcs.py:111] Provide "objs" in result is deprecated and will be removed in future versions! Please use "objectives" instead.
[2023-04-10 16:41:10,560][moc][INFO][generic_smbo.py:333] Iter 10, objectives: [-1.601555752111764].
[2023-04-10 16:41:10,560][moc][WARNING][util_funcs.py:111] Provide "objs" in result is deprecated and will be removed in future versions! Please use "objectives" instead.
[2023-04-10 16:41:10,560][moc][WARNING][util_funcs.py:123] Unused information in result: {'config': [Configuration(values={
  'data_parallel_size': 13,
  'micro_batch_size': 19,
  'model_parallel_size': 8,
  'num_reticle_per_pipeline_stage': 286,
  'tensor_parallel_size': 1,
})
]}
[2023-04-10 16:41:10,561][moc][INFO][generic_smbo.py:418] Iter 10, objectives: [-25.596707713538137].
[2023-04-10 16:41:10,561][moc][WARNING][mf_advisor.py:421] No enough successful initial trials! Sample random configuration.
[2023-04-10 16:41:10,563][moc][WARNING][util_funcs.py:231] Keyword argument "num_objs" is deprecated and will be removed in a future version. Please use "num_objectives" instead.
