[2023-04-09 19:09:12,921][moc][INFO][color_logger.py:203] Logfile: /home/chenyiqi/wafer_scale_chip_dse_framework/logs/moc_2023-04-09-19-09-12-915112.log
[2023-04-09 19:09:12,930][moc][INFO][generic_advisor.py:157] [BO auto selection]  acq_type: ei.
[2023-04-09 19:09:13,341][moc][WARNING][util_funcs.py:111] Provide "objs" in result is deprecated and will be removed in future versions! Please use "objectives" instead.
[2023-04-09 19:09:13,342][moc][INFO][generic_smbo.py:332] Iter 1, objectives: [-0.008681800349418331].
[2023-04-09 19:09:13,506][moc][WARNING][util_funcs.py:111] Provide "objs" in result is deprecated and will be removed in future versions! Please use "objectives" instead.
[2023-04-09 19:09:13,507][moc][INFO][generic_smbo.py:332] Iter 2, objectives: [-0.017361736049430775].
[2023-04-09 19:09:13,818][moc][WARNING][util_funcs.py:111] Provide "objs" in result is deprecated and will be removed in future versions! Please use "objectives" instead.
[2023-04-09 19:09:13,819][moc][INFO][generic_smbo.py:332] Iter 3, objectives: [-0.017361785781203086].
[2023-04-09 19:09:14,255][moc][WARNING][util_funcs.py:111] Provide "objs" in result is deprecated and will be removed in future versions! Please use "objectives" instead.
[2023-04-09 19:09:14,256][moc][INFO][generic_smbo.py:332] Iter 4, objectives: [-0.006945589895198816].
[2023-04-09 19:09:14,704][moc][WARNING][util_funcs.py:111] Provide "objs" in result is deprecated and will be removed in future versions! Please use "objectives" instead.
[2023-04-09 19:09:14,705][moc][INFO][generic_smbo.py:332] Iter 5, objectives: [-0.011575337340580706].
[2023-04-09 19:09:14,933][moc][WARNING][util_funcs.py:111] Provide "objs" in result is deprecated and will be removed in future versions! Please use "objectives" instead.
[2023-04-09 19:09:14,934][moc][INFO][generic_smbo.py:332] Iter 6, objectives: [-0.008681795485728252].
[2023-04-09 19:09:14,935][moc][INFO][generic_advisor.py:365] Sample random config. rand_prob=0.100000.
[2023-04-09 19:09:15,583][moc][WARNING][util_funcs.py:111] Provide "objs" in result is deprecated and will be removed in future versions! Please use "objectives" instead.
[2023-04-09 19:09:15,584][moc][INFO][generic_smbo.py:332] Iter 7, objectives: [-0.011575338409704105].
[2023-04-09 19:09:16,716][moc][WARNING][util_funcs.py:111] Provide "objs" in result is deprecated and will be removed in future versions! Please use "objectives" instead.
[2023-04-09 19:09:16,717][moc][INFO][generic_smbo.py:332] Iter 8, objectives: [-0.017361772344871605].
[2023-04-09 19:09:17,648][moc][WARNING][util_funcs.py:111] Provide "objs" in result is deprecated and will be removed in future versions! Please use "objectives" instead.
[2023-04-09 19:09:17,649][moc][INFO][generic_smbo.py:332] Iter 9, objectives: [-0.017361743232891393].
[2023-04-09 19:09:18,789][moc][WARNING][util_funcs.py:111] Provide "objs" in result is deprecated and will be removed in future versions! Please use "objectives" instead.
[2023-04-09 19:09:18,791][moc][INFO][generic_smbo.py:332] Iter 10, objectives: [-0.017361772344871605].
[2023-04-09 19:09:19,885][moc][WARNING][util_funcs.py:111] Provide "objs" in result is deprecated and will be removed in future versions! Please use "objectives" instead.
[2023-04-09 19:09:19,885][moc][INFO][generic_smbo.py:332] Iter 11, objectives: [-0.017361743232891393].
[2023-04-09 19:09:21,363][moc][WARNING][util_funcs.py:111] Provide "objs" in result is deprecated and will be removed in future versions! Please use "objectives" instead.
[2023-04-09 19:09:21,364][moc][INFO][generic_smbo.py:332] Iter 12, objectives: [-0.017361736049430775].
[2023-04-09 19:09:22,459][moc][WARNING][util_funcs.py:111] Provide "objs" in result is deprecated and will be removed in future versions! Please use "objectives" instead.
[2023-04-09 19:09:22,460][moc][INFO][generic_smbo.py:332] Iter 13, objectives: [-0.017361772344871605].
[2023-04-09 19:09:23,891][moc][WARNING][util_funcs.py:111] Provide "objs" in result is deprecated and will be removed in future versions! Please use "objectives" instead.
[2023-04-09 19:09:23,892][moc][INFO][generic_smbo.py:332] Iter 14, objectives: [-0.01736177709785723].
[2023-04-09 19:09:25,106][moc][WARNING][util_funcs.py:111] Provide "objs" in result is deprecated and will be removed in future versions! Please use "objectives" instead.
[2023-04-09 19:09:25,107][moc][INFO][generic_smbo.py:332] Iter 15, objectives: [-0.017361749311208867].
[2023-04-09 19:09:27,208][moc][WARNING][util_funcs.py:111] Provide "objs" in result is deprecated and will be removed in future versions! Please use "objectives" instead.
[2023-04-09 19:09:27,208][moc][INFO][generic_smbo.py:332] Iter 16, objectives: [-0.017361787131946558].
[2023-04-09 19:09:27,209][moc][INFO][generic_advisor.py:365] Sample random config. rand_prob=0.100000.
[2023-04-09 19:09:28,233][moc][WARNING][util_funcs.py:111] Provide "objs" in result is deprecated and will be removed in future versions! Please use "objectives" instead.
[2023-04-09 19:09:28,234][moc][INFO][generic_smbo.py:332] Iter 17, objectives: [-0.004961253893052271].
[2023-04-09 19:09:29,474][moc][WARNING][util_funcs.py:111] Provide "objs" in result is deprecated and will be removed in future versions! Please use "objectives" instead.
[2023-04-09 19:09:29,475][moc][INFO][generic_smbo.py:332] Iter 18, objectives: [-0.017361787131946558].
[2023-04-09 19:09:29,475][moc][INFO][generic_advisor.py:365] Sample random config. rand_prob=0.100000.
[2023-04-09 19:09:29,860][moc][WARNING][util_funcs.py:111] Provide "objs" in result is deprecated and will be removed in future versions! Please use "objectives" instead.
[2023-04-09 19:09:29,861][moc][INFO][generic_smbo.py:332] Iter 19, objectives: [-0.008681801994491211].
[2023-04-09 19:09:31,356][moc][WARNING][util_funcs.py:111] Provide "objs" in result is deprecated and will be removed in future versions! Please use "objectives" instead.
[2023-04-09 19:09:31,357][moc][INFO][generic_smbo.py:332] Iter 20, objectives: [-0.017361769572297854].
