[2023-04-10 17:20:37,670][moc][INFO][color_logger.py:203] Logfile: /home/chenyiqi/wafer_scale_chip_dse_framework/logs/moc_2023-04-10-17-20-37-670453.log
[2023-04-10 17:20:37,675][moc][WARNING][util_funcs.py:111] Provide "objs" in result is deprecated and will be removed in future versions! Please use "objectives" instead.
[2023-04-10 17:20:37,675][moc][INFO][generic_smbo.py:333] Iter 1, objectives: [-0.9623240089534679].
[2023-04-10 17:20:37,677][moc][WARNING][util_funcs.py:111] Provide "objs" in result is deprecated and will be removed in future versions! Please use "objectives" instead.
[2023-04-10 17:20:37,677][moc][INFO][generic_smbo.py:333] Iter 2, objectives: [-0.3221727405738068].
[2023-04-10 17:20:37,679][moc][WARNING][util_funcs.py:111] Provide "objs" in result is deprecated and will be removed in future versions! Please use "objectives" instead.
[2023-04-10 17:20:37,679][moc][INFO][generic_smbo.py:333] Iter 3, objectives: [-1.9988808679503134].
[2023-04-10 17:20:37,682][moc][WARNING][util_funcs.py:111] Provide "objs" in result is deprecated and will be removed in future versions! Please use "objectives" instead.
[2023-04-10 17:20:37,682][moc][INFO][generic_smbo.py:333] Iter 4, objectives: [-0.4202095896245788].
[2023-04-10 17:20:37,684][moc][WARNING][util_funcs.py:111] Provide "objs" in result is deprecated and will be removed in future versions! Please use "objectives" instead.
[2023-04-10 17:20:37,684][moc][INFO][generic_smbo.py:333] Iter 5, objectives: [-2.0485144867797986].
[2023-04-10 17:20:37,686][moc][WARNING][util_funcs.py:111] Provide "objs" in result is deprecated and will be removed in future versions! Please use "objectives" instead.
[2023-04-10 17:20:37,686][moc][INFO][generic_smbo.py:333] Iter 6, objectives: [-5.379584040085665].
[2023-04-10 17:20:37,688][moc][WARNING][util_funcs.py:111] Provide "objs" in result is deprecated and will be removed in future versions! Please use "objectives" instead.
[2023-04-10 17:20:37,688][moc][INFO][generic_smbo.py:333] Iter 7, objectives: [-1.0396781524878072].
[2023-04-10 17:20:37,690][moc][WARNING][util_funcs.py:111] Provide "objs" in result is deprecated and will be removed in future versions! Please use "objectives" instead.
[2023-04-10 17:20:37,690][moc][INFO][generic_smbo.py:333] Iter 8, objectives: [-0.5252342561589965].
[2023-04-10 17:20:37,692][moc][WARNING][util_funcs.py:111] Provide "objs" in result is deprecated and will be removed in future versions! Please use "objectives" instead.
[2023-04-10 17:20:37,692][moc][INFO][generic_smbo.py:333] Iter 9, objectives: [-0.9651975198206874].
[2023-04-10 17:20:37,694][moc][WARNING][util_funcs.py:111] Provide "objs" in result is deprecated and will be removed in future versions! Please use "objectives" instead.
[2023-04-10 17:20:37,694][moc][INFO][generic_smbo.py:333] Iter 10, objectives: [-0.47610829671145316].
[2023-04-10 17:20:37,696][moc][WARNING][util_funcs.py:111] Provide "objs" in result is deprecated and will be removed in future versions! Please use "objectives" instead.
[2023-04-10 17:20:37,696][moc][INFO][generic_smbo.py:333] Iter 11, objectives: [-0.3325021433354161].
[2023-04-10 17:20:37,698][moc][WARNING][util_funcs.py:111] Provide "objs" in result is deprecated and will be removed in future versions! Please use "objectives" instead.
[2023-04-10 17:20:37,698][moc][INFO][generic_smbo.py:333] Iter 12, objectives: [-0.6712707231690365].
[2023-04-10 17:20:37,700][moc][WARNING][util_funcs.py:111] Provide "objs" in result is deprecated and will be removed in future versions! Please use "objectives" instead.
[2023-04-10 17:20:37,700][moc][INFO][generic_smbo.py:333] Iter 13, objectives: [-3.9081040045397546].
[2023-04-10 17:20:37,702][moc][WARNING][util_funcs.py:111] Provide "objs" in result is deprecated and will be removed in future versions! Please use "objectives" instead.
[2023-04-10 17:20:37,702][moc][INFO][generic_smbo.py:333] Iter 14, objectives: [-0.5424573445567166].
[2023-04-10 17:20:37,704][moc][WARNING][util_funcs.py:111] Provide "objs" in result is deprecated and will be removed in future versions! Please use "objectives" instead.
[2023-04-10 17:20:37,704][moc][INFO][generic_smbo.py:333] Iter 15, objectives: [-1.4092683661548533].
[2023-04-10 17:20:37,706][moc][WARNING][util_funcs.py:111] Provide "objs" in result is deprecated and will be removed in future versions! Please use "objectives" instead.
[2023-04-10 17:20:37,706][moc][INFO][generic_smbo.py:333] Iter 16, objectives: [-0.5920620390485927].
[2023-04-10 17:20:37,707][moc][WARNING][util_funcs.py:111] Provide "objs" in result is deprecated and will be removed in future versions! Please use "objectives" instead.
[2023-04-10 17:20:37,708][moc][INFO][generic_smbo.py:333] Iter 17, objectives: [-1.595236662850136].
[2023-04-10 17:20:37,709][moc][WARNING][util_funcs.py:111] Provide "objs" in result is deprecated and will be removed in future versions! Please use "objectives" instead.
[2023-04-10 17:20:37,709][moc][INFO][generic_smbo.py:333] Iter 18, objectives: [-7.893458923154235].
[2023-04-10 17:20:37,712][moc][WARNING][util_funcs.py:111] Provide "objs" in result is deprecated and will be removed in future versions! Please use "objectives" instead.
[2023-04-10 17:20:37,712][moc][INFO][generic_smbo.py:333] Iter 19, objectives: [-1.3478141275556454].
[2023-04-10 17:20:37,714][moc][WARNING][util_funcs.py:111] Provide "objs" in result is deprecated and will be removed in future versions! Please use "objectives" instead.
[2023-04-10 17:20:37,714][moc][INFO][generic_smbo.py:333] Iter 20, objectives: [-8.056477769056524].
[2023-04-10 17:20:37,714][moc][WARNING][util_funcs.py:111] Provide "objs" in result is deprecated and will be removed in future versions! Please use "objectives" instead.
[2023-04-10 17:20:37,715][moc][WARNING][util_funcs.py:123] Unused information in result: {'config': [{'data_parallel_size': 1, 'micro_batch_size': 150, 'model_parallel_size': 12, 'num_reticle_per_pipeline_stage': 2, 'tensor_parallel_size': 1}]}
[2023-04-10 17:20:37,715][moc][INFO][generic_smbo.py:418] Iter 4, objectives: [-8.056477769056524].
[2023-04-10 17:20:37,716][moc][WARNING][util_funcs.py:231] Keyword argument "num_objs" is deprecated and will be removed in a future version. Please use "num_objectives" instead.
