[2023-04-10 19:29:15,141][moc][INFO][color_logger.py:203] Logfile: /home/chenyiqi/wafer_scale_chip_dse_framework/logs/moc_2023-04-10-19-29-15-141649.log
[2023-04-10 19:29:15,146][moc][WARNING][util_funcs.py:111] Provide "objs" in result is deprecated and will be removed in future versions! Please use "objectives" instead.
[2023-04-10 19:29:15,146][moc][INFO][generic_smbo.py:352] Iter 1, objectives: [-0.5569302157635695].
[2023-04-10 19:29:15,148][moc][WARNING][util_funcs.py:111] Provide "objs" in result is deprecated and will be removed in future versions! Please use "objectives" instead.
[2023-04-10 19:29:15,148][moc][INFO][generic_smbo.py:352] Iter 2, objectives: [-0.3102915976061829].
[2023-04-10 19:29:15,150][moc][WARNING][util_funcs.py:111] Provide "objs" in result is deprecated and will be removed in future versions! Please use "objectives" instead.
[2023-04-10 19:29:15,150][moc][INFO][generic_smbo.py:352] Iter 3, objectives: [-1.1862973867535078].
[2023-04-10 19:29:15,153][moc][WARNING][util_funcs.py:111] Provide "objs" in result is deprecated and will be removed in future versions! Please use "objectives" instead.
[2023-04-10 19:29:15,153][moc][INFO][generic_smbo.py:352] Iter 4, objectives: [-45.848604324469704].
[2023-04-10 19:29:15,155][moc][WARNING][util_funcs.py:111] Provide "objs" in result is deprecated and will be removed in future versions! Please use "objectives" instead.
[2023-04-10 19:29:15,155][moc][INFO][generic_smbo.py:352] Iter 5, objectives: [-1.2831825673887243].
[2023-04-10 19:29:15,157][moc][WARNING][util_funcs.py:111] Provide "objs" in result is deprecated and will be removed in future versions! Please use "objectives" instead.
[2023-04-10 19:29:15,158][moc][INFO][generic_smbo.py:352] Iter 6, objectives: [-0.7593556208800645].
[2023-04-10 19:29:15,159][moc][WARNING][util_funcs.py:111] Provide "objs" in result is deprecated and will be removed in future versions! Please use "objectives" instead.
[2023-04-10 19:29:15,160][moc][INFO][generic_smbo.py:352] Iter 7, objectives: [-0.368765728025474].
[2023-04-10 19:29:15,162][moc][WARNING][util_funcs.py:111] Provide "objs" in result is deprecated and will be removed in future versions! Please use "objectives" instead.
[2023-04-10 19:29:15,162][moc][INFO][generic_smbo.py:352] Iter 8, objectives: [-0.410559625088249].
[2023-04-10 19:29:15,164][moc][WARNING][util_funcs.py:111] Provide "objs" in result is deprecated and will be removed in future versions! Please use "objectives" instead.
[2023-04-10 19:29:15,164][moc][INFO][generic_smbo.py:352] Iter 9, objectives: [-0.38005448171947914].
[2023-04-10 19:29:15,166][moc][WARNING][util_funcs.py:111] Provide "objs" in result is deprecated and will be removed in future versions! Please use "objectives" instead.
[2023-04-10 19:29:15,166][moc][INFO][generic_smbo.py:352] Iter 10, objectives: [-1.1069796465940025].
[2023-04-10 19:29:15,168][moc][WARNING][util_funcs.py:111] Provide "objs" in result is deprecated and will be removed in future versions! Please use "objectives" instead.
[2023-04-10 19:29:15,168][moc][INFO][generic_smbo.py:352] Iter 11, objectives: [-1.0012234469935006].
[2023-04-10 19:29:15,171][moc][WARNING][util_funcs.py:111] Provide "objs" in result is deprecated and will be removed in future versions! Please use "objectives" instead.
[2023-04-10 19:29:15,171][moc][INFO][generic_smbo.py:352] Iter 12, objectives: [-4.9365767574655575].
[2023-04-10 19:29:15,173][moc][WARNING][util_funcs.py:111] Provide "objs" in result is deprecated and will be removed in future versions! Please use "objectives" instead.
[2023-04-10 19:29:15,174][moc][INFO][generic_smbo.py:352] Iter 13, objectives: [-0.40506823448942525].
[2023-04-10 19:29:15,175][moc][WARNING][util_funcs.py:111] Provide "objs" in result is deprecated and will be removed in future versions! Please use "objectives" instead.
[2023-04-10 19:29:15,176][moc][INFO][generic_smbo.py:352] Iter 14, objectives: [-0.7843092137745118].
[2023-04-10 19:29:15,178][moc][WARNING][util_funcs.py:111] Provide "objs" in result is deprecated and will be removed in future versions! Please use "objectives" instead.
[2023-04-10 19:29:15,178][moc][INFO][generic_smbo.py:352] Iter 15, objectives: [-0.550093263427986].
[2023-04-10 19:29:15,180][moc][WARNING][util_funcs.py:111] Provide "objs" in result is deprecated and will be removed in future versions! Please use "objectives" instead.
[2023-04-10 19:29:15,180][moc][INFO][generic_smbo.py:352] Iter 16, objectives: [-1.4601177139892452].
[2023-04-10 19:29:15,182][moc][WARNING][util_funcs.py:111] Provide "objs" in result is deprecated and will be removed in future versions! Please use "objectives" instead.
[2023-04-10 19:29:15,182][moc][INFO][generic_smbo.py:352] Iter 17, objectives: [-3.0365682103393974].
[2023-04-10 19:29:15,184][moc][WARNING][util_funcs.py:111] Provide "objs" in result is deprecated and will be removed in future versions! Please use "objectives" instead.
[2023-04-10 19:29:15,184][moc][INFO][generic_smbo.py:352] Iter 18, objectives: [-0.6112281017997372].
[2023-04-10 19:29:15,187][moc][WARNING][util_funcs.py:111] Provide "objs" in result is deprecated and will be removed in future versions! Please use "objectives" instead.
[2023-04-10 19:29:15,187][moc][INFO][generic_smbo.py:352] Iter 19, objectives: [-0.6456460883921188].
[2023-04-10 19:29:15,189][moc][WARNING][util_funcs.py:111] Provide "objs" in result is deprecated and will be removed in future versions! Please use "objectives" instead.
[2023-04-10 19:29:15,189][moc][INFO][generic_smbo.py:352] Iter 20, objectives: [-0.5107034954541015].
[2023-04-10 19:29:15,189][moc][WARNING][util_funcs.py:111] Provide "objs" in result is deprecated and will be removed in future versions! Please use "objectives" instead.
[2023-04-10 19:29:15,189][moc][WARNING][util_funcs.py:123] Unused information in result: {'config': [{'data_parallel_size': 1, 'micro_batch_size': 446, 'model_parallel_size': 8, 'num_reticle_per_pipeline_stage': 14, 'tensor_parallel_size': 1}]}
[2023-04-10 19:29:15,190][moc][INFO][generic_smbo.py:437] Iter 13, objectives: [-45.848604324469704].
[2023-04-10 19:29:19,511][moc][WARNING][util_funcs.py:231] Keyword argument "num_objs" is deprecated and will be removed in a future version. Please use "num_objectives" instead.
