[2023-04-09 19:09:12,921][moc][INFO][color_logger.py:203] Logfile: /home/chenyiqi/wafer_scale_chip_dse_framework/logs/moc_2023-04-09-19-09-12-914831.log
[2023-04-09 19:09:12,930][moc][INFO][generic_advisor.py:157] [BO auto selection]  acq_type: ei.
[2023-04-09 19:09:13,923][moc][WARNING][util_funcs.py:111] Provide "objs" in result is deprecated and will be removed in future versions! Please use "objectives" instead.
[2023-04-09 19:09:13,924][moc][INFO][generic_smbo.py:332] Iter 1, objectives: [-0.0038588046338532624].
[2023-04-09 19:09:15,115][moc][WARNING][util_funcs.py:111] Provide "objs" in result is deprecated and will be removed in future versions! Please use "objectives" instead.
[2023-04-09 19:09:15,116][moc][INFO][generic_smbo.py:332] Iter 2, objectives: [-0.006945591673717102].
[2023-04-09 19:09:16,915][moc][WARNING][util_funcs.py:111] Provide "objs" in result is deprecated and will be removed in future versions! Please use "objectives" instead.
[2023-04-09 19:09:16,917][moc][INFO][generic_smbo.py:332] Iter 3, objectives: [-0.003472940288693487].
[2023-04-09 19:09:17,267][moc][WARNING][util_funcs.py:111] Provide "objs" in result is deprecated and will be removed in future versions! Please use "objectives" instead.
[2023-04-09 19:09:17,268][moc][INFO][generic_smbo.py:332] Iter 4, objectives: [-0.017361743232891393].
[2023-04-09 19:09:18,232][moc][WARNING][util_funcs.py:111] Provide "objs" in result is deprecated and will be removed in future versions! Please use "objectives" instead.
[2023-04-09 19:09:18,233][moc][INFO][generic_smbo.py:332] Iter 5, objectives: [-0.0038588044851302107].
[2023-04-09 19:09:18,637][moc][WARNING][util_funcs.py:111] Provide "objs" in result is deprecated and will be removed in future versions! Please use "objectives" instead.
[2023-04-09 19:09:18,638][moc][INFO][generic_smbo.py:332] Iter 6, objectives: [-0.008681798120226368].
[2023-04-09 19:09:18,639][moc][INFO][generic_advisor.py:365] Sample random config. rand_prob=0.100000.
[2023-04-09 19:09:23,307][moc][WARNING][util_funcs.py:111] Provide "objs" in result is deprecated and will be removed in future versions! Please use "objectives" instead.
[2023-04-09 19:09:23,308][moc][INFO][generic_smbo.py:332] Iter 7, objectives: [-0.002170621570978612].
[2023-04-09 19:09:24,795][moc][WARNING][util_funcs.py:111] Provide "objs" in result is deprecated and will be removed in future versions! Please use "objectives" instead.
[2023-04-09 19:09:24,795][moc][INFO][generic_smbo.py:332] Iter 8, objectives: [-0.011575320497801208].
[2023-04-09 19:09:26,289][moc][WARNING][util_funcs.py:111] Provide "objs" in result is deprecated and will be removed in future versions! Please use "objectives" instead.
[2023-04-09 19:09:26,290][moc][INFO][generic_smbo.py:332] Iter 9, objectives: [-0.017361766473540003].
[2023-04-09 19:09:27,395][moc][WARNING][util_funcs.py:111] Provide "objs" in result is deprecated and will be removed in future versions! Please use "objectives" instead.
[2023-04-09 19:09:27,396][moc][INFO][generic_smbo.py:332] Iter 10, objectives: [-0.017361743232891393].
[2023-04-09 19:09:28,543][moc][WARNING][util_funcs.py:111] Provide "objs" in result is deprecated and will be removed in future versions! Please use "objectives" instead.
[2023-04-09 19:09:28,544][moc][INFO][generic_smbo.py:332] Iter 11, objectives: [-0.017361749311208867].
[2023-04-09 19:09:29,804][moc][WARNING][util_funcs.py:111] Provide "objs" in result is deprecated and will be removed in future versions! Please use "objectives" instead.
[2023-04-09 19:09:29,805][moc][INFO][generic_smbo.py:332] Iter 12, objectives: [-0.017361743232891393].
[2023-04-09 19:09:31,325][moc][WARNING][util_funcs.py:111] Provide "objs" in result is deprecated and will be removed in future versions! Please use "objectives" instead.
[2023-04-09 19:09:31,329][moc][INFO][generic_smbo.py:332] Iter 13, objectives: [-0.017361749311208867].
[2023-04-09 19:09:32,709][moc][WARNING][util_funcs.py:111] Provide "objs" in result is deprecated and will be removed in future versions! Please use "objectives" instead.
[2023-04-09 19:09:32,710][moc][INFO][generic_smbo.py:332] Iter 14, objectives: [-0.017361769572297854].
[2023-04-09 19:09:34,101][moc][WARNING][util_funcs.py:111] Provide "objs" in result is deprecated and will be removed in future versions! Please use "objectives" instead.
[2023-04-09 19:09:34,102][moc][INFO][generic_smbo.py:332] Iter 15, objectives: [-0.017361772344871605].
[2023-04-09 19:09:35,364][moc][WARNING][util_funcs.py:111] Provide "objs" in result is deprecated and will be removed in future versions! Please use "objectives" instead.
[2023-04-09 19:09:35,365][moc][INFO][generic_smbo.py:332] Iter 16, objectives: [-0.017361749311208867].
[2023-04-09 19:09:35,366][moc][INFO][generic_advisor.py:365] Sample random config. rand_prob=0.100000.
[2023-04-09 19:09:35,568][moc][WARNING][util_funcs.py:111] Provide "objs" in result is deprecated and will be removed in future versions! Please use "objectives" instead.
[2023-04-09 19:09:35,569][moc][INFO][generic_smbo.py:332] Iter 17, objectives: [-0.011575313164189619].
[2023-04-09 19:09:36,394][moc][WARNING][util_funcs.py:111] Provide "objs" in result is deprecated and will be removed in future versions! Please use "objectives" instead.
[2023-04-09 19:09:36,395][moc][INFO][generic_smbo.py:332] Iter 18, objectives: [-0.017361703723931553].
[2023-04-09 19:09:36,396][moc][INFO][generic_advisor.py:365] Sample random config. rand_prob=0.100000.
[2023-04-09 19:09:37,498][moc][WARNING][util_funcs.py:111] Provide "objs" in result is deprecated and will be removed in future versions! Please use "objectives" instead.
[2023-04-09 19:09:37,500][moc][INFO][generic_smbo.py:332] Iter 19, objectives: [-0.008681808503263928].
[2023-04-09 19:09:38,883][moc][WARNING][util_funcs.py:111] Provide "objs" in result is deprecated and will be removed in future versions! Please use "objectives" instead.
[2023-04-09 19:09:38,884][moc][INFO][generic_smbo.py:332] Iter 20, objectives: [-0.017361703723931553].
