[2023-04-10 17:17:51,031][moc][INFO][color_logger.py:203] Logfile: /home/chenyiqi/wafer_scale_chip_dse_framework/logs/moc_2023-04-10-17-17-51-030883.log
[2023-04-10 17:17:51,036][moc][WARNING][util_funcs.py:111] Provide "objs" in result is deprecated and will be removed in future versions! Please use "objectives" instead.
[2023-04-10 17:17:51,036][moc][INFO][generic_smbo.py:333] Iter 1, objectives: [-23.96746345102048].
[2023-04-10 17:17:51,039][moc][WARNING][util_funcs.py:111] Provide "objs" in result is deprecated and will be removed in future versions! Please use "objectives" instead.
[2023-04-10 17:17:51,039][moc][INFO][generic_smbo.py:333] Iter 2, objectives: [-0.7354120083143704].
[2023-04-10 17:17:51,043][moc][WARNING][util_funcs.py:111] Provide "objs" in result is deprecated and will be removed in future versions! Please use "objectives" instead.
[2023-04-10 17:17:51,043][moc][INFO][generic_smbo.py:333] Iter 3, objectives: [-0.611092163515596].
[2023-04-10 17:17:51,046][moc][WARNING][util_funcs.py:111] Provide "objs" in result is deprecated and will be removed in future versions! Please use "objectives" instead.
[2023-04-10 17:17:51,046][moc][INFO][generic_smbo.py:333] Iter 4, objectives: [-1.8445103321423535].
[2023-04-10 17:17:51,049][moc][WARNING][util_funcs.py:111] Provide "objs" in result is deprecated and will be removed in future versions! Please use "objectives" instead.
[2023-04-10 17:17:51,049][moc][INFO][generic_smbo.py:333] Iter 5, objectives: [-0.6754684851572306].
[2023-04-10 17:17:51,052][moc][WARNING][util_funcs.py:111] Provide "objs" in result is deprecated and will be removed in future versions! Please use "objectives" instead.
[2023-04-10 17:17:51,052][moc][INFO][generic_smbo.py:333] Iter 6, objectives: [-1.3527654248093555].
[2023-04-10 17:17:51,055][moc][WARNING][util_funcs.py:111] Provide "objs" in result is deprecated and will be removed in future versions! Please use "objectives" instead.
[2023-04-10 17:17:51,055][moc][INFO][generic_smbo.py:333] Iter 7, objectives: [-0.34420909731464155].
[2023-04-10 17:17:51,058][moc][WARNING][util_funcs.py:111] Provide "objs" in result is deprecated and will be removed in future versions! Please use "objectives" instead.
[2023-04-10 17:17:51,058][moc][INFO][generic_smbo.py:333] Iter 8, objectives: [-1.370852906661433].
[2023-04-10 17:17:51,062][moc][WARNING][util_funcs.py:111] Provide "objs" in result is deprecated and will be removed in future versions! Please use "objectives" instead.
[2023-04-10 17:17:51,062][moc][INFO][generic_smbo.py:333] Iter 9, objectives: [-0.765911601958879].
[2023-04-10 17:17:51,065][moc][WARNING][util_funcs.py:111] Provide "objs" in result is deprecated and will be removed in future versions! Please use "objectives" instead.
[2023-04-10 17:17:51,065][moc][INFO][generic_smbo.py:333] Iter 10, objectives: [-0.35722712740817236].
[2023-04-10 17:17:51,068][moc][WARNING][util_funcs.py:111] Provide "objs" in result is deprecated and will be removed in future versions! Please use "objectives" instead.
[2023-04-10 17:17:51,068][moc][INFO][generic_smbo.py:333] Iter 11, objectives: [-1.3872938600141658].
[2023-04-10 17:17:51,071][moc][WARNING][util_funcs.py:111] Provide "objs" in result is deprecated and will be removed in future versions! Please use "objectives" instead.
[2023-04-10 17:17:51,071][moc][INFO][generic_smbo.py:333] Iter 12, objectives: [-1.9317555708604794].
[2023-04-10 17:17:51,075][moc][WARNING][util_funcs.py:111] Provide "objs" in result is deprecated and will be removed in future versions! Please use "objectives" instead.
[2023-04-10 17:17:51,075][moc][INFO][generic_smbo.py:333] Iter 13, objectives: [-2.055770111279888].
[2023-04-10 17:17:51,078][moc][WARNING][util_funcs.py:111] Provide "objs" in result is deprecated and will be removed in future versions! Please use "objectives" instead.
[2023-04-10 17:17:51,078][moc][INFO][generic_smbo.py:333] Iter 14, objectives: [-4.118804798129644].
[2023-04-10 17:17:51,081][moc][WARNING][util_funcs.py:111] Provide "objs" in result is deprecated and will be removed in future versions! Please use "objectives" instead.
[2023-04-10 17:17:51,081][moc][INFO][generic_smbo.py:333] Iter 15, objectives: [-46.43047862260036].
[2023-04-10 17:17:51,084][moc][WARNING][util_funcs.py:111] Provide "objs" in result is deprecated and will be removed in future versions! Please use "objectives" instead.
[2023-04-10 17:17:51,085][moc][INFO][generic_smbo.py:333] Iter 16, objectives: [-1.178973279097145].
[2023-04-10 17:17:51,087][moc][WARNING][util_funcs.py:111] Provide "objs" in result is deprecated and will be removed in future versions! Please use "objectives" instead.
[2023-04-10 17:17:51,088][moc][INFO][generic_smbo.py:333] Iter 17, objectives: [-2.7035747351384365].
[2023-04-10 17:17:51,091][moc][WARNING][util_funcs.py:111] Provide "objs" in result is deprecated and will be removed in future versions! Please use "objectives" instead.
[2023-04-10 17:17:51,091][moc][INFO][generic_smbo.py:333] Iter 18, objectives: [-0.32217252273157143].
[2023-04-10 17:17:51,094][moc][WARNING][util_funcs.py:111] Provide "objs" in result is deprecated and will be removed in future versions! Please use "objectives" instead.
[2023-04-10 17:17:51,094][moc][INFO][generic_smbo.py:333] Iter 19, objectives: [-0.45695410308813156].
[2023-04-10 17:17:51,098][moc][WARNING][util_funcs.py:111] Provide "objs" in result is deprecated and will be removed in future versions! Please use "objectives" instead.
[2023-04-10 17:17:51,098][moc][INFO][generic_smbo.py:333] Iter 20, objectives: [-2.317521922775851].
[2023-04-10 17:17:51,098][moc][WARNING][util_funcs.py:111] Provide "objs" in result is deprecated and will be removed in future versions! Please use "objectives" instead.
[2023-04-10 17:17:51,098][moc][WARNING][util_funcs.py:123] Unused information in result: {'config': [{'data_parallel_size': 22, 'micro_batch_size': 1, 'model_parallel_size': 24, 'num_reticle_per_pipeline_stage': 38, 'tensor_parallel_size': 1}]}
[2023-04-10 17:17:51,099][moc][INFO][generic_smbo.py:418] Iter 11, objectives: [-46.43047862260036].
[2023-04-10 17:17:55,248][moc][WARNING][util_funcs.py:231] Keyword argument "num_objs" is deprecated and will be removed in a future version. Please use "num_objectives" instead.
