[2023-04-10 16:47:37,265][moc][INFO][color_logger.py:203] Logfile: /home/chenyiqi/wafer_scale_chip_dse_framework/logs/moc_2023-04-10-16-47-37-265515.log
[2023-04-10 16:47:37,344][moc][WARNING][util_funcs.py:111] Provide "objs" in result is deprecated and will be removed in future versions! Please use "objectives" instead.
[2023-04-10 16:47:37,344][moc][INFO][generic_smbo.py:333] Iter 1, objectives: [-0.013730172285505932].
[2023-04-10 16:47:37,418][moc][WARNING][util_funcs.py:111] Provide "objs" in result is deprecated and will be removed in future versions! Please use "objectives" instead.
[2023-04-10 16:47:37,418][moc][INFO][generic_smbo.py:333] Iter 2, objectives: [-0.07026796011506423].
[2023-04-10 16:47:37,491][moc][WARNING][util_funcs.py:111] Provide "objs" in result is deprecated and will be removed in future versions! Please use "objectives" instead.
[2023-04-10 16:47:37,491][moc][INFO][generic_smbo.py:333] Iter 3, objectives: [-0.047469574026510496].
[2023-04-10 16:47:37,563][moc][WARNING][util_funcs.py:111] Provide "objs" in result is deprecated and will be removed in future versions! Please use "objectives" instead.
[2023-04-10 16:47:37,563][moc][INFO][generic_smbo.py:333] Iter 4, objectives: [-0.20329853537633413].
[2023-04-10 16:47:37,628][moc][WARNING][util_funcs.py:111] Provide "objs" in result is deprecated and will be removed in future versions! Please use "objectives" instead.
[2023-04-10 16:47:37,629][moc][INFO][generic_smbo.py:333] Iter 5, objectives: [-0.38135523099999474].
[2023-04-10 16:47:37,699][moc][WARNING][util_funcs.py:111] Provide "objs" in result is deprecated and will be removed in future versions! Please use "objectives" instead.
[2023-04-10 16:47:37,699][moc][INFO][generic_smbo.py:333] Iter 6, objectives: [-0.05389611623999983].
[2023-04-10 16:47:37,778][moc][WARNING][util_funcs.py:111] Provide "objs" in result is deprecated and will be removed in future versions! Please use "objectives" instead.
[2023-04-10 16:47:37,778][moc][INFO][generic_smbo.py:333] Iter 7, objectives: [-0.055121700570707595].
[2023-04-10 16:47:37,853][moc][WARNING][util_funcs.py:111] Provide "objs" in result is deprecated and will be removed in future versions! Please use "objectives" instead.
[2023-04-10 16:47:37,853][moc][INFO][generic_smbo.py:333] Iter 8, objectives: [-0.04111446322770442].
[2023-04-10 16:47:37,933][moc][WARNING][util_funcs.py:111] Provide "objs" in result is deprecated and will be removed in future versions! Please use "objectives" instead.
[2023-04-10 16:47:37,933][moc][INFO][generic_smbo.py:333] Iter 9, objectives: [-0.14866472800521557].
[2023-04-10 16:47:37,993][moc][WARNING][util_funcs.py:111] Provide "objs" in result is deprecated and will be removed in future versions! Please use "objectives" instead.
[2023-04-10 16:47:37,993][moc][INFO][generic_smbo.py:333] Iter 10, objectives: [-0.288788955920523].
[2023-04-10 16:47:37,994][moc][WARNING][util_funcs.py:111] Provide "objs" in result is deprecated and will be removed in future versions! Please use "objectives" instead.
[2023-04-10 16:47:37,994][moc][WARNING][util_funcs.py:123] Unused information in result: {'config': [Configuration(values={
  'data_parallel_size': 1,
  'micro_batch_size': 61,
  'model_parallel_size': 3,
  'num_reticle_per_pipeline_stage': 5,
  'tensor_parallel_size': 8,
})
]}
[2023-04-10 16:47:37,994][moc][INFO][generic_smbo.py:418] Iter 7, objectives: [-0.38135523099999474].
[2023-04-10 16:47:37,994][moc][WARNING][mf_advisor.py:421] No enough successful initial trials! Sample random configuration.
[2023-04-10 16:47:37,996][moc][WARNING][util_funcs.py:231] Keyword argument "num_objs" is deprecated and will be removed in a future version. Please use "num_objectives" instead.
