[2023-04-10 16:41:03,465][moc][INFO][color_logger.py:203] Logfile: /home/chenyiqi/wafer_scale_chip_dse_framework/logs/moc_2023-04-10-16-41-03-465749.log
[2023-04-10 16:41:03,477][moc][WARNING][util_funcs.py:111] Provide "objs" in result is deprecated and will be removed in future versions! Please use "objectives" instead.
[2023-04-10 16:41:03,477][moc][INFO][generic_smbo.py:333] Iter 1, objectives: [-0.5398459723584057].
[2023-04-10 16:41:03,486][moc][WARNING][util_funcs.py:111] Provide "objs" in result is deprecated and will be removed in future versions! Please use "objectives" instead.
[2023-04-10 16:41:03,487][moc][INFO][generic_smbo.py:333] Iter 2, objectives: [-0.9239443873248158].
[2023-04-10 16:41:03,496][moc][WARNING][util_funcs.py:111] Provide "objs" in result is deprecated and will be removed in future versions! Please use "objectives" instead.
[2023-04-10 16:41:03,496][moc][INFO][generic_smbo.py:333] Iter 3, objectives: [-0.4345326476476972].
[2023-04-10 16:41:03,600][moc][WARNING][util_funcs.py:111] Provide "objs" in result is deprecated and will be removed in future versions! Please use "objectives" instead.
[2023-04-10 16:41:03,600][moc][INFO][generic_smbo.py:333] Iter 4, objectives: [-0.4848374870150088].
[2023-04-10 16:41:03,609][moc][WARNING][util_funcs.py:111] Provide "objs" in result is deprecated and will be removed in future versions! Please use "objectives" instead.
[2023-04-10 16:41:03,609][moc][INFO][generic_smbo.py:333] Iter 5, objectives: [-3.8445117906408184].
[2023-04-10 16:41:03,618][moc][WARNING][util_funcs.py:111] Provide "objs" in result is deprecated and will be removed in future versions! Please use "objectives" instead.
[2023-04-10 16:41:03,619][moc][INFO][generic_smbo.py:333] Iter 6, objectives: [-1.5148199150733783].
[2023-04-10 16:41:03,627][moc][WARNING][util_funcs.py:111] Provide "objs" in result is deprecated and will be removed in future versions! Please use "objectives" instead.
[2023-04-10 16:41:03,627][moc][INFO][generic_smbo.py:333] Iter 7, objectives: [-0.5444122296103582].
[2023-04-10 16:41:03,636][moc][WARNING][util_funcs.py:111] Provide "objs" in result is deprecated and will be removed in future versions! Please use "objectives" instead.
[2023-04-10 16:41:03,636][moc][INFO][generic_smbo.py:333] Iter 8, objectives: [-0.5084643685390143].
[2023-04-10 16:41:03,645][moc][WARNING][util_funcs.py:111] Provide "objs" in result is deprecated and will be removed in future versions! Please use "objectives" instead.
[2023-04-10 16:41:03,645][moc][INFO][generic_smbo.py:333] Iter 9, objectives: [-0.28890435499038003].
[2023-04-10 16:41:03,655][moc][WARNING][util_funcs.py:111] Provide "objs" in result is deprecated and will be removed in future versions! Please use "objectives" instead.
[2023-04-10 16:41:03,655][moc][INFO][generic_smbo.py:333] Iter 10, objectives: [-1.3067213361464192].
[2023-04-10 16:41:03,655][moc][WARNING][util_funcs.py:111] Provide "objs" in result is deprecated and will be removed in future versions! Please use "objectives" instead.
[2023-04-10 16:41:03,655][moc][WARNING][util_funcs.py:123] Unused information in result: {'config': [Configuration(values={
  'data_parallel_size': 2,
  'micro_batch_size': 12,
  'model_parallel_size': 12,
  'num_reticle_per_pipeline_stage': 10,
  'tensor_parallel_size': 8,
})
]}
[2023-04-10 16:41:03,655][moc][INFO][generic_smbo.py:418] Iter 4, objectives: [-3.8445117906408184].
[2023-04-10 16:41:03,656][moc][WARNING][util_funcs.py:231] Keyword argument "num_objs" is deprecated and will be removed in a future version. Please use "num_objectives" instead.
