[2023-04-10 16:41:03,143][moc][INFO][color_logger.py:203] Logfile: /home/chenyiqi/wafer_scale_chip_dse_framework/logs/moc_2023-04-10-16-41-03-143450.log
[2023-04-10 16:41:03,227][moc][WARNING][util_funcs.py:111] Provide "objs" in result is deprecated and will be removed in future versions! Please use "objectives" instead.
[2023-04-10 16:41:03,227][moc][INFO][generic_smbo.py:333] Iter 1, objectives: [-2.3448770664503833].
[2023-04-10 16:41:03,305][moc][WARNING][util_funcs.py:111] Provide "objs" in result is deprecated and will be removed in future versions! Please use "objectives" instead.
[2023-04-10 16:41:03,305][moc][INFO][generic_smbo.py:333] Iter 2, objectives: [-19.305515197591845].
[2023-04-10 16:41:03,381][moc][WARNING][util_funcs.py:111] Provide "objs" in result is deprecated and will be removed in future versions! Please use "objectives" instead.
[2023-04-10 16:41:03,381][moc][INFO][generic_smbo.py:333] Iter 3, objectives: [-18.88403619460779].
[2023-04-10 16:41:03,460][moc][WARNING][util_funcs.py:111] Provide "objs" in result is deprecated and will be removed in future versions! Please use "objectives" instead.
[2023-04-10 16:41:03,460][moc][INFO][generic_smbo.py:333] Iter 4, objectives: [-3.972775006813839].
[2023-04-10 16:41:03,461][moc][WARNING][generic_smbo.py:387] Exception when calling objective function: local variable '_history' referenced before assignment
config: Configuration(values={
  'fidelity': 1,
  'var00': 48,
  'var01': 256,
  'var02': 4,
  'var03': 512,
  'var04': 4,
  'var05': 4,
  'var06': 1,
  'var07': 40,
  'var08': 16,
  'var09': 900,
  'var10': 7,
  'var11': 26,
})

[2023-04-10 16:41:03,461][moc][INFO][generic_smbo.py:418] Iter 2, objectives: [inf].
[2023-04-10 16:41:03,462][moc][WARNING][util_funcs.py:231] Keyword argument "num_objs" is deprecated and will be removed in a future version. Please use "num_objectives" instead.
