[2023-04-10 16:47:38,236][moc][INFO][color_logger.py:203] Logfile: /home/chenyiqi/wafer_scale_chip_dse_framework/logs/moc_2023-04-10-16-47-38-236164.log
[2023-04-10 16:47:38,366][moc][WARNING][util_funcs.py:111] Provide "objs" in result is deprecated and will be removed in future versions! Please use "objectives" instead.
[2023-04-10 16:47:38,366][moc][INFO][generic_smbo.py:333] Iter 1, objectives: [-0.045772436834079014].
[2023-04-10 16:47:38,479][moc][WARNING][util_funcs.py:111] Provide "objs" in result is deprecated and will be removed in future versions! Please use "objectives" instead.
[2023-04-10 16:47:38,479][moc][INFO][generic_smbo.py:333] Iter 2, objectives: [-0.3782481853770256].
[2023-04-10 16:47:38,572][moc][WARNING][util_funcs.py:111] Provide "objs" in result is deprecated and will be removed in future versions! Please use "objectives" instead.
[2023-04-10 16:47:38,573][moc][INFO][generic_smbo.py:333] Iter 3, objectives: [-5.884935996963213].
[2023-04-10 16:47:38,850][moc][WARNING][util_funcs.py:111] Provide "objs" in result is deprecated and will be removed in future versions! Please use "objectives" instead.
[2023-04-10 16:47:38,850][moc][INFO][generic_smbo.py:333] Iter 4, objectives: [-0.45028154923795605].
[2023-04-10 16:47:38,971][moc][WARNING][util_funcs.py:111] Provide "objs" in result is deprecated and will be removed in future versions! Please use "objectives" instead.
[2023-04-10 16:47:38,972][moc][INFO][generic_smbo.py:333] Iter 5, objectives: [-0.17403836916488022].
[2023-04-10 16:47:39,063][moc][WARNING][util_funcs.py:111] Provide "objs" in result is deprecated and will be removed in future versions! Please use "objectives" instead.
[2023-04-10 16:47:39,063][moc][INFO][generic_smbo.py:333] Iter 6, objectives: [-5.585715943281192].
[2023-04-10 16:47:39,187][moc][WARNING][util_funcs.py:111] Provide "objs" in result is deprecated and will be removed in future versions! Please use "objectives" instead.
[2023-04-10 16:47:39,188][moc][INFO][generic_smbo.py:333] Iter 7, objectives: [-0.028212972538933286].
[2023-04-10 16:47:39,295][moc][WARNING][util_funcs.py:111] Provide "objs" in result is deprecated and will be removed in future versions! Please use "objectives" instead.
[2023-04-10 16:47:39,295][moc][INFO][generic_smbo.py:333] Iter 8, objectives: [-0.27736118206545296].
[2023-04-10 16:47:39,407][moc][WARNING][util_funcs.py:111] Provide "objs" in result is deprecated and will be removed in future versions! Please use "objectives" instead.
[2023-04-10 16:47:39,407][moc][INFO][generic_smbo.py:333] Iter 9, objectives: [-0.4562698821001654].
[2023-04-10 16:47:39,526][moc][WARNING][util_funcs.py:111] Provide "objs" in result is deprecated and will be removed in future versions! Please use "objectives" instead.
[2023-04-10 16:47:39,527][moc][INFO][generic_smbo.py:333] Iter 10, objectives: [-0.12083532483595946].
[2023-04-10 16:47:39,527][moc][WARNING][util_funcs.py:111] Provide "objs" in result is deprecated and will be removed in future versions! Please use "objectives" instead.
[2023-04-10 16:47:39,527][moc][WARNING][util_funcs.py:123] Unused information in result: {'config': [Configuration(values={
  'data_parallel_size': 6,
  'micro_batch_size': 49,
  'model_parallel_size': 6,
  'num_reticle_per_pipeline_stage': 26,
  'tensor_parallel_size': 8,
})
]}
[2023-04-10 16:47:39,528][moc][INFO][generic_smbo.py:418] Iter 12, objectives: [-5.884935996963213].
[2023-04-10 16:47:44,405][moc][WARNING][util_funcs.py:231] Keyword argument "num_objs" is deprecated and will be removed in a future version. Please use "num_objectives" instead.
