[2023-04-10 16:49:23,767][moc][INFO][color_logger.py:203] Logfile: /home/chenyiqi/wafer_scale_chip_dse_framework/logs/moc_2023-04-10-16-49-23-766995.log
[2023-04-10 16:49:23,775][moc][WARNING][util_funcs.py:111] Provide "objs" in result is deprecated and will be removed in future versions! Please use "objectives" instead.
[2023-04-10 16:49:23,775][moc][INFO][generic_smbo.py:333] Iter 1, objectives: [-0.8626234691418477].
[2023-04-10 16:49:23,780][moc][WARNING][util_funcs.py:111] Provide "objs" in result is deprecated and will be removed in future versions! Please use "objectives" instead.
[2023-04-10 16:49:23,780][moc][INFO][generic_smbo.py:333] Iter 2, objectives: [-2.501246383768434].
[2023-04-10 16:49:23,786][moc][WARNING][util_funcs.py:111] Provide "objs" in result is deprecated and will be removed in future versions! Please use "objectives" instead.
[2023-04-10 16:49:23,786][moc][INFO][generic_smbo.py:333] Iter 3, objectives: [-0.937867055924718].
[2023-04-10 16:49:23,791][moc][WARNING][util_funcs.py:111] Provide "objs" in result is deprecated and will be removed in future versions! Please use "objectives" instead.
[2023-04-10 16:49:23,792][moc][INFO][generic_smbo.py:333] Iter 4, objectives: [-2.467197852586656].
[2023-04-10 16:49:23,797][moc][WARNING][util_funcs.py:111] Provide "objs" in result is deprecated and will be removed in future versions! Please use "objectives" instead.
[2023-04-10 16:49:23,797][moc][INFO][generic_smbo.py:333] Iter 5, objectives: [-0.8457678582125998].
[2023-04-10 16:49:23,803][moc][WARNING][util_funcs.py:111] Provide "objs" in result is deprecated and will be removed in future versions! Please use "objectives" instead.
[2023-04-10 16:49:23,803][moc][INFO][generic_smbo.py:333] Iter 6, objectives: [-0.6976139382525767].
[2023-04-10 16:49:23,916][moc][WARNING][util_funcs.py:111] Provide "objs" in result is deprecated and will be removed in future versions! Please use "objectives" instead.
[2023-04-10 16:49:23,917][moc][INFO][generic_smbo.py:333] Iter 7, objectives: [-7.263595984412016].
[2023-04-10 16:49:23,922][moc][WARNING][util_funcs.py:111] Provide "objs" in result is deprecated and will be removed in future versions! Please use "objectives" instead.
[2023-04-10 16:49:23,922][moc][INFO][generic_smbo.py:333] Iter 8, objectives: [-0.7287540704609313].
[2023-04-10 16:49:23,927][moc][WARNING][util_funcs.py:111] Provide "objs" in result is deprecated and will be removed in future versions! Please use "objectives" instead.
[2023-04-10 16:49:23,927][moc][INFO][generic_smbo.py:333] Iter 9, objectives: [-1.6742952234945514].
[2023-04-10 16:49:23,932][moc][WARNING][util_funcs.py:111] Provide "objs" in result is deprecated and will be removed in future versions! Please use "objectives" instead.
[2023-04-10 16:49:23,933][moc][INFO][generic_smbo.py:333] Iter 10, objectives: [-2.6822719741921954].
[2023-04-10 16:49:23,933][moc][WARNING][util_funcs.py:111] Provide "objs" in result is deprecated and will be removed in future versions! Please use "objectives" instead.
[2023-04-10 16:49:23,933][moc][WARNING][util_funcs.py:123] Unused information in result: {'config': [Configuration(values={
  'data_parallel_size': 1,
  'micro_batch_size': 4,
  'model_parallel_size': 24,
  'num_reticle_per_pipeline_stage': 1,
  'tensor_parallel_size': 24,
})
]}
[2023-04-10 16:49:23,933][moc][INFO][generic_smbo.py:418] Iter 6, objectives: [-7.263595984412016].
[2023-04-10 16:49:29,158][moc][WARNING][util_funcs.py:231] Keyword argument "num_objs" is deprecated and will be removed in a future version. Please use "num_objectives" instead.
