[2023-04-09 23:25:45,933][moc][INFO][color_logger.py:203] Logfile: /home/chenyiqi/wafer_scale_chip_dse_framework/logs/moc_2023-04-09-23-25-45-932419.log
[2023-04-09 23:25:45,978][moc][WARNING][util_funcs.py:226] Keyword argument "num_objs" is deprecated and will be removed in a future version. Please use "num_objectives" instead.
[2023-04-09 23:25:46,064][moc][WARNING][util_funcs.py:111] Provide "objs" in result is deprecated and will be removed in future versions! Please use "objectives" instead.
[2023-04-09 23:25:46,066][moc][INFO][generic_smbo.py:416] Iter 1, objectives: [10000000000.0].
[2023-04-09 23:25:46,089][moc][WARNING][util_funcs.py:226] Keyword argument "num_objs" is deprecated and will be removed in a future version. Please use "num_objectives" instead.
[2023-04-09 23:25:46,159][moc][WARNING][util_funcs.py:111] Provide "objs" in result is deprecated and will be removed in future versions! Please use "objectives" instead.
[2023-04-09 23:25:46,161][moc][INFO][generic_smbo.py:416] Iter 2, objectives: [10000000000.0].
[2023-04-09 23:25:46,183][moc][WARNING][util_funcs.py:226] Keyword argument "num_objs" is deprecated and will be removed in a future version. Please use "num_objectives" instead.
[2023-04-09 23:25:46,256][moc][WARNING][util_funcs.py:111] Provide "objs" in result is deprecated and will be removed in future versions! Please use "objectives" instead.
[2023-04-09 23:25:46,257][moc][INFO][generic_smbo.py:416] Iter 3, objectives: [10000000000.0].
[2023-04-09 23:25:46,278][moc][WARNING][util_funcs.py:226] Keyword argument "num_objs" is deprecated and will be removed in a future version. Please use "num_objectives" instead.
[2023-04-09 23:25:46,358][moc][WARNING][util_funcs.py:111] Provide "objs" in result is deprecated and will be removed in future versions! Please use "objectives" instead.
[2023-04-09 23:25:46,359][moc][INFO][generic_smbo.py:416] Iter 4, objectives: [10000000000.0].
[2023-04-09 23:25:46,385][moc][WARNING][util_funcs.py:226] Keyword argument "num_objs" is deprecated and will be removed in a future version. Please use "num_objectives" instead.
[2023-04-09 23:25:46,500][moc][WARNING][util_funcs.py:111] Provide "objs" in result is deprecated and will be removed in future versions! Please use "objectives" instead.
[2023-04-09 23:25:46,502][moc][INFO][generic_smbo.py:416] Iter 5, objectives: [10000000000.0].
[2023-04-09 23:25:46,543][moc][WARNING][util_funcs.py:226] Keyword argument "num_objs" is deprecated and will be removed in a future version. Please use "num_objectives" instead.
[2023-04-09 23:25:46,704][moc][WARNING][util_funcs.py:111] Provide "objs" in result is deprecated and will be removed in future versions! Please use "objectives" instead.
[2023-04-09 23:25:46,705][moc][INFO][generic_smbo.py:416] Iter 6, objectives: [10000000000.0].
[2023-04-09 23:25:54,031][moc][WARNING][util_funcs.py:226] Keyword argument "num_objs" is deprecated and will be removed in a future version. Please use "num_objectives" instead.
[2023-04-09 23:25:55,566][moc][WARNING][util_funcs.py:111] Provide "objs" in result is deprecated and will be removed in future versions! Please use "objectives" instead.
[2023-04-09 23:25:55,567][moc][INFO][generic_smbo.py:416] Iter 7, objectives: [-53.68593519303867].
[2023-04-09 23:26:02,890][moc][WARNING][util_funcs.py:226] Keyword argument "num_objs" is deprecated and will be removed in a future version. Please use "num_objectives" instead.
[2023-04-09 23:26:04,169][moc][WARNING][util_funcs.py:111] Provide "objs" in result is deprecated and will be removed in future versions! Please use "objectives" instead.
[2023-04-09 23:26:04,170][moc][INFO][generic_smbo.py:416] Iter 8, objectives: [10000000000.0].
[2023-04-09 23:26:11,942][moc][WARNING][util_funcs.py:226] Keyword argument "num_objs" is deprecated and will be removed in a future version. Please use "num_objectives" instead.
[2023-04-09 23:26:14,483][moc][WARNING][util_funcs.py:111] Provide "objs" in result is deprecated and will be removed in future versions! Please use "objectives" instead.
[2023-04-09 23:26:14,484][moc][INFO][generic_smbo.py:416] Iter 9, objectives: [-0.26547242318133585].
[2023-04-09 23:26:21,650][moc][WARNING][util_funcs.py:226] Keyword argument "num_objs" is deprecated and will be removed in a future version. Please use "num_objectives" instead.
[2023-04-09 23:26:23,236][moc][WARNING][util_funcs.py:111] Provide "objs" in result is deprecated and will be removed in future versions! Please use "objectives" instead.
[2023-04-09 23:26:23,237][moc][INFO][generic_smbo.py:416] Iter 10, objectives: [-90.96876386378013].
[2023-04-09 23:26:31,129][moc][WARNING][util_funcs.py:226] Keyword argument "num_objs" is deprecated and will be removed in a future version. Please use "num_objectives" instead.
[2023-04-09 23:26:31,958][moc][WARNING][util_funcs.py:111] Provide "objs" in result is deprecated and will be removed in future versions! Please use "objectives" instead.
[2023-04-09 23:26:31,960][moc][INFO][generic_smbo.py:416] Iter 11, objectives: [10000000000.0].
[2023-04-09 23:26:39,710][moc][WARNING][util_funcs.py:226] Keyword argument "num_objs" is deprecated and will be removed in a future version. Please use "num_objectives" instead.
[2023-04-09 23:26:42,608][moc][WARNING][util_funcs.py:111] Provide "objs" in result is deprecated and will be removed in future versions! Please use "objectives" instead.
[2023-04-09 23:26:42,610][moc][INFO][generic_smbo.py:416] Iter 12, objectives: [-2.8911605330448147].
[2023-04-09 23:26:50,335][moc][WARNING][util_funcs.py:226] Keyword argument "num_objs" is deprecated and will be removed in a future version. Please use "num_objectives" instead.
[2023-04-09 23:26:51,776][moc][WARNING][util_funcs.py:111] Provide "objs" in result is deprecated and will be removed in future versions! Please use "objectives" instead.
[2023-04-09 23:26:51,777][moc][INFO][generic_smbo.py:416] Iter 13, objectives: [-61.19744327156831].
[2023-04-09 23:26:59,643][moc][WARNING][util_funcs.py:226] Keyword argument "num_objs" is deprecated and will be removed in a future version. Please use "num_objectives" instead.
[2023-04-09 23:26:59,763][moc][WARNING][util_funcs.py:111] Provide "objs" in result is deprecated and will be removed in future versions! Please use "objectives" instead.
[2023-04-09 23:26:59,765][moc][INFO][generic_smbo.py:416] Iter 14, objectives: [10000000000.0].
[2023-04-09 23:27:07,282][moc][WARNING][util_funcs.py:226] Keyword argument "num_objs" is deprecated and will be removed in a future version. Please use "num_objectives" instead.
[2023-04-09 23:27:09,629][moc][WARNING][util_funcs.py:111] Provide "objs" in result is deprecated and will be removed in future versions! Please use "objectives" instead.
[2023-04-09 23:27:09,631][moc][INFO][generic_smbo.py:416] Iter 15, objectives: [-11.03700181756233].
[2023-04-09 23:27:17,490][moc][WARNING][util_funcs.py:226] Keyword argument "num_objs" is deprecated and will be removed in a future version. Please use "num_objectives" instead.
[2023-04-09 23:27:17,637][moc][WARNING][util_funcs.py:111] Provide "objs" in result is deprecated and will be removed in future versions! Please use "objectives" instead.
[2023-04-09 23:27:17,638][moc][INFO][generic_smbo.py:416] Iter 16, objectives: [10000000000.0].
[2023-04-09 23:27:26,330][moc][WARNING][util_funcs.py:226] Keyword argument "num_objs" is deprecated and will be removed in a future version. Please use "num_objectives" instead.
[2023-04-09 23:27:27,856][moc][WARNING][util_funcs.py:111] Provide "objs" in result is deprecated and will be removed in future versions! Please use "objectives" instead.
[2023-04-09 23:27:27,858][moc][INFO][generic_smbo.py:416] Iter 17, objectives: [-14.212753061897233].
[2023-04-09 23:27:35,450][moc][WARNING][util_funcs.py:226] Keyword argument "num_objs" is deprecated and will be removed in a future version. Please use "num_objectives" instead.
[2023-04-09 23:27:35,562][moc][WARNING][util_funcs.py:111] Provide "objs" in result is deprecated and will be removed in future versions! Please use "objectives" instead.
[2023-04-09 23:27:35,565][moc][INFO][generic_smbo.py:416] Iter 18, objectives: [10000000000.0].
[2023-04-09 23:27:43,561][moc][WARNING][util_funcs.py:226] Keyword argument "num_objs" is deprecated and will be removed in a future version. Please use "num_objectives" instead.
[2023-04-09 23:27:44,752][moc][WARNING][util_funcs.py:111] Provide "objs" in result is deprecated and will be removed in future versions! Please use "objectives" instead.
[2023-04-09 23:27:44,754][moc][INFO][generic_smbo.py:416] Iter 19, objectives: [-13.298981985450279].
[2023-04-09 23:27:53,715][moc][WARNING][util_funcs.py:226] Keyword argument "num_objs" is deprecated and will be removed in a future version. Please use "num_objectives" instead.
[2023-04-09 23:27:53,815][moc][WARNING][util_funcs.py:111] Provide "objs" in result is deprecated and will be removed in future versions! Please use "objectives" instead.
[2023-04-09 23:27:53,816][moc][INFO][generic_smbo.py:416] Iter 20, objectives: [10000000000.0].
[2023-04-09 23:27:53,817][moc][INFO][mf_advisor.py:411] Sample random config. rand_prob=0.100000.
[2023-04-09 23:27:53,840][moc][WARNING][util_funcs.py:226] Keyword argument "num_objs" is deprecated and will be removed in a future version. Please use "num_objectives" instead.
[2023-04-09 23:27:53,958][moc][WARNING][util_funcs.py:111] Provide "objs" in result is deprecated and will be removed in future versions! Please use "objectives" instead.
[2023-04-09 23:27:53,960][moc][INFO][generic_smbo.py:416] Iter 21, objectives: [10000000000.0].
[2023-04-09 23:28:02,343][moc][WARNING][util_funcs.py:226] Keyword argument "num_objs" is deprecated and will be removed in a future version. Please use "num_objectives" instead.
[2023-04-09 23:28:05,437][moc][WARNING][util_funcs.py:111] Provide "objs" in result is deprecated and will be removed in future versions! Please use "objectives" instead.
[2023-04-09 23:28:05,439][moc][INFO][generic_smbo.py:416] Iter 22, objectives: [-11.663821178131785].
[2023-04-09 23:28:14,443][moc][WARNING][util_funcs.py:226] Keyword argument "num_objs" is deprecated and will be removed in a future version. Please use "num_objectives" instead.
[2023-04-09 23:28:15,920][moc][WARNING][util_funcs.py:111] Provide "objs" in result is deprecated and will be removed in future versions! Please use "objectives" instead.
[2023-04-09 23:28:15,922][moc][INFO][generic_smbo.py:416] Iter 23, objectives: [-12.662242962519638].
[2023-04-09 23:28:15,924][moc][INFO][mf_advisor.py:411] Sample random config. rand_prob=0.100000.
[2023-04-09 23:28:16,012][moc][WARNING][util_funcs.py:226] Keyword argument "num_objs" is deprecated and will be removed in a future version. Please use "num_objectives" instead.
[2023-04-09 23:28:18,577][moc][WARNING][util_funcs.py:111] Provide "objs" in result is deprecated and will be removed in future versions! Please use "objectives" instead.
[2023-04-09 23:28:18,578][moc][INFO][generic_smbo.py:416] Iter 24, objectives: [-8.452365043994956].
[2023-04-09 23:28:26,252][moc][WARNING][util_funcs.py:226] Keyword argument "num_objs" is deprecated and will be removed in a future version. Please use "num_objectives" instead.
[2023-04-09 23:28:26,331][moc][WARNING][util_funcs.py:111] Provide "objs" in result is deprecated and will be removed in future versions! Please use "objectives" instead.
[2023-04-09 23:28:26,333][moc][INFO][generic_smbo.py:416] Iter 25, objectives: [10000000000.0].
[2023-04-09 23:28:34,365][moc][WARNING][util_funcs.py:226] Keyword argument "num_objs" is deprecated and will be removed in a future version. Please use "num_objectives" instead.
[2023-04-09 23:28:34,466][moc][WARNING][util_funcs.py:111] Provide "objs" in result is deprecated and will be removed in future versions! Please use "objectives" instead.
[2023-04-09 23:28:34,468][moc][INFO][generic_smbo.py:416] Iter 26, objectives: [10000000000.0].
[2023-04-09 23:28:42,603][moc][WARNING][util_funcs.py:226] Keyword argument "num_objs" is deprecated and will be removed in a future version. Please use "num_objectives" instead.
[2023-04-09 23:28:42,673][moc][WARNING][util_funcs.py:111] Provide "objs" in result is deprecated and will be removed in future versions! Please use "objectives" instead.
[2023-04-09 23:28:42,674][moc][INFO][generic_smbo.py:416] Iter 27, objectives: [10000000000.0].
[2023-04-09 23:28:50,766][moc][WARNING][util_funcs.py:226] Keyword argument "num_objs" is deprecated and will be removed in a future version. Please use "num_objectives" instead.
[2023-04-09 23:28:50,923][moc][WARNING][util_funcs.py:111] Provide "objs" in result is deprecated and will be removed in future versions! Please use "objectives" instead.
[2023-04-09 23:28:50,924][moc][INFO][generic_smbo.py:416] Iter 28, objectives: [10000000000.0].
[2023-04-09 23:28:50,925][moc][INFO][mf_advisor.py:411] Sample random config. rand_prob=0.100000.
[2023-04-09 23:28:50,946][moc][WARNING][util_funcs.py:226] Keyword argument "num_objs" is deprecated and will be removed in a future version. Please use "num_objectives" instead.
[2023-04-09 23:28:51,059][moc][WARNING][util_funcs.py:111] Provide "objs" in result is deprecated and will be removed in future versions! Please use "objectives" instead.
[2023-04-09 23:28:51,060][moc][INFO][generic_smbo.py:416] Iter 29, objectives: [10000000000.0].
[2023-04-09 23:28:59,479][moc][WARNING][util_funcs.py:226] Keyword argument "num_objs" is deprecated and will be removed in a future version. Please use "num_objectives" instead.
[2023-04-09 23:29:04,510][moc][WARNING][util_funcs.py:111] Provide "objs" in result is deprecated and will be removed in future versions! Please use "objectives" instead.
[2023-04-09 23:29:04,512][moc][INFO][generic_smbo.py:416] Iter 30, objectives: [-13.474757910522076].
[2023-04-09 23:29:12,973][moc][WARNING][util_funcs.py:226] Keyword argument "num_objs" is deprecated and will be removed in a future version. Please use "num_objectives" instead.
[2023-04-09 23:29:13,261][moc][WARNING][util_funcs.py:111] Provide "objs" in result is deprecated and will be removed in future versions! Please use "objectives" instead.
[2023-04-09 23:29:13,264][moc][INFO][generic_smbo.py:416] Iter 31, objectives: [10000000000.0].
[2023-04-09 23:29:22,239][moc][WARNING][util_funcs.py:226] Keyword argument "num_objs" is deprecated and will be removed in a future version. Please use "num_objectives" instead.
[2023-04-09 23:29:23,623][moc][WARNING][util_funcs.py:111] Provide "objs" in result is deprecated and will be removed in future versions! Please use "objectives" instead.
[2023-04-09 23:29:23,624][moc][INFO][generic_smbo.py:416] Iter 32, objectives: [-13.704990542486923].
[2023-04-09 23:29:32,836][moc][WARNING][util_funcs.py:226] Keyword argument "num_objs" is deprecated and will be removed in a future version. Please use "num_objectives" instead.
[2023-04-09 23:29:37,353][moc][WARNING][util_funcs.py:111] Provide "objs" in result is deprecated and will be removed in future versions! Please use "objectives" instead.
[2023-04-09 23:29:37,355][moc][INFO][generic_smbo.py:416] Iter 33, objectives: [-14.291377637845317].
[2023-04-09 23:29:47,939][moc][WARNING][util_funcs.py:226] Keyword argument "num_objs" is deprecated and will be removed in a future version. Please use "num_objectives" instead.
[2023-04-09 23:29:49,571][moc][WARNING][util_funcs.py:111] Provide "objs" in result is deprecated and will be removed in future versions! Please use "objectives" instead.
[2023-04-09 23:29:49,572][moc][INFO][generic_smbo.py:416] Iter 34, objectives: [-408.3801907846531].
[2023-04-09 23:29:49,573][moc][INFO][mf_advisor.py:411] Sample random config. rand_prob=0.100000.
[2023-04-09 23:29:49,604][moc][WARNING][util_funcs.py:226] Keyword argument "num_objs" is deprecated and will be removed in a future version. Please use "num_objectives" instead.
[2023-04-09 23:29:49,677][moc][WARNING][util_funcs.py:111] Provide "objs" in result is deprecated and will be removed in future versions! Please use "objectives" instead.
[2023-04-09 23:29:49,679][moc][INFO][generic_smbo.py:416] Iter 35, objectives: [10000000000.0].
[2023-04-09 23:29:58,720][moc][WARNING][util_funcs.py:226] Keyword argument "num_objs" is deprecated and will be removed in a future version. Please use "num_objectives" instead.
[2023-04-09 23:29:59,136][moc][WARNING][util_funcs.py:111] Provide "objs" in result is deprecated and will be removed in future versions! Please use "objectives" instead.
[2023-04-09 23:29:59,137][moc][INFO][generic_smbo.py:416] Iter 36, objectives: [10000000000.0].
[2023-04-09 23:30:10,513][moc][WARNING][util_funcs.py:226] Keyword argument "num_objs" is deprecated and will be removed in a future version. Please use "num_objectives" instead.
[2023-04-09 23:30:13,453][moc][WARNING][util_funcs.py:111] Provide "objs" in result is deprecated and will be removed in future versions! Please use "objectives" instead.
[2023-04-09 23:30:13,455][moc][INFO][generic_smbo.py:416] Iter 37, objectives: [-8.193946387690987].
[2023-04-09 23:30:26,417][moc][WARNING][util_funcs.py:226] Keyword argument "num_objs" is deprecated and will be removed in a future version. Please use "num_objectives" instead.
[2023-04-09 23:30:27,194][moc][WARNING][util_funcs.py:111] Provide "objs" in result is deprecated and will be removed in future versions! Please use "objectives" instead.
[2023-04-09 23:30:27,197][moc][INFO][generic_smbo.py:416] Iter 38, objectives: [10000000000.0].
[2023-04-09 23:30:41,211][moc][WARNING][util_funcs.py:226] Keyword argument "num_objs" is deprecated and will be removed in a future version. Please use "num_objectives" instead.
[2023-04-09 23:30:42,544][moc][WARNING][util_funcs.py:111] Provide "objs" in result is deprecated and will be removed in future versions! Please use "objectives" instead.
[2023-04-09 23:30:42,546][moc][INFO][generic_smbo.py:416] Iter 39, objectives: [-57.65938812259618].
[2023-04-09 23:30:55,390][moc][WARNING][util_funcs.py:226] Keyword argument "num_objs" is deprecated and will be removed in a future version. Please use "num_objectives" instead.
[2023-04-09 23:30:59,904][moc][WARNING][util_funcs.py:111] Provide "objs" in result is deprecated and will be removed in future versions! Please use "objectives" instead.
[2023-04-09 23:30:59,907][moc][INFO][generic_smbo.py:416] Iter 40, objectives: [-30.39483669814413].
[2023-04-09 23:31:12,357][moc][WARNING][util_funcs.py:226] Keyword argument "num_objs" is deprecated and will be removed in a future version. Please use "num_objectives" instead.
[2023-04-09 23:31:13,764][moc][WARNING][util_funcs.py:111] Provide "objs" in result is deprecated and will be removed in future versions! Please use "objectives" instead.
[2023-04-09 23:31:13,765][moc][INFO][generic_smbo.py:416] Iter 41, objectives: [-7.867044489207208].
[2023-04-09 23:31:13,766][moc][INFO][mf_advisor.py:411] Sample random config. rand_prob=0.100000.
[2023-04-09 23:31:13,795][moc][WARNING][util_funcs.py:226] Keyword argument "num_objs" is deprecated and will be removed in a future version. Please use "num_objectives" instead.
[2023-04-09 23:31:13,968][moc][WARNING][util_funcs.py:111] Provide "objs" in result is deprecated and will be removed in future versions! Please use "objectives" instead.
[2023-04-09 23:31:13,970][moc][INFO][generic_smbo.py:416] Iter 42, objectives: [10000000000.0].
[2023-04-09 23:31:27,345][moc][WARNING][util_funcs.py:226] Keyword argument "num_objs" is deprecated and will be removed in a future version. Please use "num_objectives" instead.
[2023-04-09 23:31:28,738][moc][WARNING][util_funcs.py:111] Provide "objs" in result is deprecated and will be removed in future versions! Please use "objectives" instead.
[2023-04-09 23:31:28,740][moc][INFO][generic_smbo.py:416] Iter 43, objectives: [-3.0029769063868756].
[2023-04-09 23:31:44,933][moc][WARNING][util_funcs.py:226] Keyword argument "num_objs" is deprecated and will be removed in a future version. Please use "num_objectives" instead.
[2023-04-09 23:31:47,694][moc][WARNING][util_funcs.py:111] Provide "objs" in result is deprecated and will be removed in future versions! Please use "objectives" instead.
[2023-04-09 23:31:47,696][moc][INFO][generic_smbo.py:416] Iter 44, objectives: [-34.3851488607535].
[2023-04-09 23:32:04,688][moc][WARNING][util_funcs.py:226] Keyword argument "num_objs" is deprecated and will be removed in a future version. Please use "num_objectives" instead.
[2023-04-09 23:32:06,675][moc][WARNING][util_funcs.py:111] Provide "objs" in result is deprecated and will be removed in future versions! Please use "objectives" instead.
[2023-04-09 23:32:06,676][moc][INFO][generic_smbo.py:416] Iter 45, objectives: [-83.39917491961079].
[2023-04-09 23:32:24,521][moc][WARNING][util_funcs.py:226] Keyword argument "num_objs" is deprecated and will be removed in a future version. Please use "num_objectives" instead.
[2023-04-09 23:32:24,599][moc][WARNING][util_funcs.py:111] Provide "objs" in result is deprecated and will be removed in future versions! Please use "objectives" instead.
[2023-04-09 23:32:24,601][moc][INFO][generic_smbo.py:416] Iter 46, objectives: [10000000000.0].
[2023-04-09 23:32:24,602][moc][INFO][mf_advisor.py:411] Sample random config. rand_prob=0.100000.
[2023-04-09 23:32:24,630][moc][WARNING][util_funcs.py:226] Keyword argument "num_objs" is deprecated and will be removed in a future version. Please use "num_objectives" instead.
[2023-04-09 23:32:29,571][moc][WARNING][util_funcs.py:111] Provide "objs" in result is deprecated and will be removed in future versions! Please use "objectives" instead.
[2023-04-09 23:32:29,573][moc][INFO][generic_smbo.py:416] Iter 47, objectives: [-14.958411333194483].
[2023-04-09 23:32:45,723][moc][WARNING][util_funcs.py:226] Keyword argument "num_objs" is deprecated and will be removed in a future version. Please use "num_objectives" instead.
[2023-04-09 23:32:48,067][moc][WARNING][util_funcs.py:111] Provide "objs" in result is deprecated and will be removed in future versions! Please use "objectives" instead.
[2023-04-09 23:32:48,069][moc][INFO][generic_smbo.py:416] Iter 48, objectives: [10000000000.0].
[2023-04-09 23:33:05,088][moc][WARNING][util_funcs.py:226] Keyword argument "num_objs" is deprecated and will be removed in a future version. Please use "num_objectives" instead.
[2023-04-09 23:33:07,681][moc][WARNING][util_funcs.py:111] Provide "objs" in result is deprecated and will be removed in future versions! Please use "objectives" instead.
[2023-04-09 23:33:07,683][moc][INFO][generic_smbo.py:416] Iter 49, objectives: [-140.37240063969338].
[2023-04-09 23:33:26,575][moc][WARNING][util_funcs.py:226] Keyword argument "num_objs" is deprecated and will be removed in a future version. Please use "num_objectives" instead.
[2023-04-09 23:33:26,719][moc][WARNING][util_funcs.py:111] Provide "objs" in result is deprecated and will be removed in future versions! Please use "objectives" instead.
[2023-04-09 23:33:26,721][moc][INFO][generic_smbo.py:416] Iter 50, objectives: [10000000000.0].
[2023-04-09 23:33:48,115][moc][WARNING][util_funcs.py:226] Keyword argument "num_objs" is deprecated and will be removed in a future version. Please use "num_objectives" instead.
[2023-04-09 23:33:48,500][moc][WARNING][util_funcs.py:111] Provide "objs" in result is deprecated and will be removed in future versions! Please use "objectives" instead.
[2023-04-09 23:33:48,502][moc][INFO][generic_smbo.py:416] Iter 51, objectives: [10000000000.0].
[2023-04-09 23:33:48,504][moc][INFO][mf_advisor.py:411] Sample random config. rand_prob=0.100000.
[2023-04-09 23:33:48,594][moc][WARNING][util_funcs.py:226] Keyword argument "num_objs" is deprecated and will be removed in a future version. Please use "num_objectives" instead.
[2023-04-09 23:33:48,744][moc][WARNING][util_funcs.py:111] Provide "objs" in result is deprecated and will be removed in future versions! Please use "objectives" instead.
[2023-04-09 23:33:48,746][moc][INFO][generic_smbo.py:416] Iter 52, objectives: [10000000000.0].
[2023-04-09 23:34:08,213][moc][WARNING][util_funcs.py:226] Keyword argument "num_objs" is deprecated and will be removed in a future version. Please use "num_objectives" instead.
[2023-04-09 23:34:16,345][moc][WARNING][util_funcs.py:111] Provide "objs" in result is deprecated and will be removed in future versions! Please use "objectives" instead.
[2023-04-09 23:34:16,348][moc][INFO][generic_smbo.py:416] Iter 53, objectives: [-0.7202918414043636].
[2023-04-09 23:34:32,023][moc][WARNING][util_funcs.py:226] Keyword argument "num_objs" is deprecated and will be removed in a future version. Please use "num_objectives" instead.
[2023-04-09 23:34:32,864][moc][WARNING][util_funcs.py:111] Provide "objs" in result is deprecated and will be removed in future versions! Please use "objectives" instead.
[2023-04-09 23:34:32,866][moc][INFO][generic_smbo.py:416] Iter 54, objectives: [10000000000.0].
[2023-04-09 23:34:54,152][moc][WARNING][util_funcs.py:226] Keyword argument "num_objs" is deprecated and will be removed in a future version. Please use "num_objectives" instead.
[2023-04-09 23:34:58,748][moc][WARNING][util_funcs.py:111] Provide "objs" in result is deprecated and will be removed in future versions! Please use "objectives" instead.
[2023-04-09 23:34:58,750][moc][INFO][generic_smbo.py:416] Iter 55, objectives: [-3.073002963613892].
[2023-04-09 23:35:19,717][moc][WARNING][util_funcs.py:226] Keyword argument "num_objs" is deprecated and will be removed in a future version. Please use "num_objectives" instead.
[2023-04-09 23:35:19,892][moc][WARNING][util_funcs.py:111] Provide "objs" in result is deprecated and will be removed in future versions! Please use "objectives" instead.
[2023-04-09 23:35:19,893][moc][INFO][generic_smbo.py:416] Iter 56, objectives: [10000000000.0].
[2023-04-09 23:35:41,475][moc][WARNING][util_funcs.py:226] Keyword argument "num_objs" is deprecated and will be removed in a future version. Please use "num_objectives" instead.
[2023-04-09 23:35:44,815][moc][WARNING][util_funcs.py:111] Provide "objs" in result is deprecated and will be removed in future versions! Please use "objectives" instead.
[2023-04-09 23:35:44,818][moc][INFO][generic_smbo.py:416] Iter 57, objectives: [-4.667741959226808].
[2023-04-09 23:36:09,969][moc][WARNING][util_funcs.py:226] Keyword argument "num_objs" is deprecated and will be removed in a future version. Please use "num_objectives" instead.
[2023-04-09 23:36:10,080][moc][WARNING][util_funcs.py:111] Provide "objs" in result is deprecated and will be removed in future versions! Please use "objectives" instead.
[2023-04-09 23:36:10,082][moc][INFO][generic_smbo.py:416] Iter 58, objectives: [10000000000.0].
[2023-04-09 23:36:33,933][moc][WARNING][util_funcs.py:226] Keyword argument "num_objs" is deprecated and will be removed in a future version. Please use "num_objectives" instead.
[2023-04-09 23:36:41,989][moc][WARNING][util_funcs.py:111] Provide "objs" in result is deprecated and will be removed in future versions! Please use "objectives" instead.
[2023-04-09 23:36:41,991][moc][INFO][generic_smbo.py:416] Iter 59, objectives: [-11.252427701239167].
[2023-04-09 23:37:09,061][moc][WARNING][util_funcs.py:226] Keyword argument "num_objs" is deprecated and will be removed in a future version. Please use "num_objectives" instead.
[2023-04-09 23:37:12,291][moc][WARNING][util_funcs.py:111] Provide "objs" in result is deprecated and will be removed in future versions! Please use "objectives" instead.
[2023-04-09 23:37:12,293][moc][INFO][generic_smbo.py:416] Iter 60, objectives: [-335.07526518047956].
[2023-04-09 23:37:37,456][moc][WARNING][util_funcs.py:226] Keyword argument "num_objs" is deprecated and will be removed in a future version. Please use "num_objectives" instead.
[2023-04-09 23:37:37,696][moc][WARNING][util_funcs.py:111] Provide "objs" in result is deprecated and will be removed in future versions! Please use "objectives" instead.
[2023-04-09 23:37:37,698][moc][INFO][generic_smbo.py:416] Iter 61, objectives: [10000000000.0].
[2023-04-09 23:38:02,360][moc][WARNING][util_funcs.py:226] Keyword argument "num_objs" is deprecated and will be removed in a future version. Please use "num_objectives" instead.
[2023-04-09 23:38:02,584][moc][WARNING][util_funcs.py:111] Provide "objs" in result is deprecated and will be removed in future versions! Please use "objectives" instead.
[2023-04-09 23:38:02,587][moc][INFO][generic_smbo.py:416] Iter 62, objectives: [10000000000.0].
[2023-04-09 23:38:29,650][moc][WARNING][util_funcs.py:226] Keyword argument "num_objs" is deprecated and will be removed in a future version. Please use "num_objectives" instead.
[2023-04-09 23:38:29,730][moc][WARNING][util_funcs.py:111] Provide "objs" in result is deprecated and will be removed in future versions! Please use "objectives" instead.
[2023-04-09 23:38:29,733][moc][INFO][generic_smbo.py:416] Iter 63, objectives: [10000000000.0].
[2023-04-09 23:38:58,475][moc][WARNING][util_funcs.py:226] Keyword argument "num_objs" is deprecated and will be removed in a future version. Please use "num_objectives" instead.
[2023-04-09 23:38:59,704][moc][WARNING][util_funcs.py:111] Provide "objs" in result is deprecated and will be removed in future versions! Please use "objectives" instead.
[2023-04-09 23:38:59,706][moc][INFO][generic_smbo.py:416] Iter 64, objectives: [-5.835248031771715].
[2023-04-09 23:39:35,000][moc][WARNING][util_funcs.py:226] Keyword argument "num_objs" is deprecated and will be removed in a future version. Please use "num_objectives" instead.
[2023-04-09 23:39:45,781][moc][WARNING][util_funcs.py:111] Provide "objs" in result is deprecated and will be removed in future versions! Please use "objectives" instead.
[2023-04-09 23:39:45,783][moc][INFO][generic_smbo.py:416] Iter 65, objectives: [-1.4902859593913589].
[2023-04-09 23:40:19,154][moc][WARNING][util_funcs.py:226] Keyword argument "num_objs" is deprecated and will be removed in a future version. Please use "num_objectives" instead.
[2023-04-09 23:40:19,317][moc][WARNING][util_funcs.py:111] Provide "objs" in result is deprecated and will be removed in future versions! Please use "objectives" instead.
[2023-04-09 23:40:19,319][moc][INFO][generic_smbo.py:416] Iter 66, objectives: [10000000000.0].
[2023-04-09 23:40:57,176][moc][WARNING][util_funcs.py:226] Keyword argument "num_objs" is deprecated and will be removed in a future version. Please use "num_objectives" instead.
[2023-04-09 23:40:57,497][moc][WARNING][util_funcs.py:111] Provide "objs" in result is deprecated and will be removed in future versions! Please use "objectives" instead.
[2023-04-09 23:40:57,500][moc][INFO][generic_smbo.py:416] Iter 67, objectives: [10000000000.0].
[2023-04-09 23:41:30,477][moc][WARNING][util_funcs.py:226] Keyword argument "num_objs" is deprecated and will be removed in a future version. Please use "num_objectives" instead.
[2023-04-09 23:41:43,009][moc][WARNING][util_funcs.py:111] Provide "objs" in result is deprecated and will be removed in future versions! Please use "objectives" instead.
[2023-04-09 23:41:43,019][moc][INFO][generic_smbo.py:416] Iter 68, objectives: [-11.283765358919785].
[2023-04-09 23:42:22,323][moc][WARNING][util_funcs.py:226] Keyword argument "num_objs" is deprecated and will be removed in a future version. Please use "num_objectives" instead.
[2023-04-09 23:42:22,780][moc][WARNING][util_funcs.py:111] Provide "objs" in result is deprecated and will be removed in future versions! Please use "objectives" instead.
[2023-04-09 23:42:22,784][moc][INFO][generic_smbo.py:416] Iter 69, objectives: [10000000000.0].
[2023-04-09 23:42:58,407][moc][WARNING][util_funcs.py:226] Keyword argument "num_objs" is deprecated and will be removed in a future version. Please use "num_objectives" instead.
[2023-04-09 23:43:04,299][moc][WARNING][util_funcs.py:111] Provide "objs" in result is deprecated and will be removed in future versions! Please use "objectives" instead.
[2023-04-09 23:43:04,302][moc][INFO][generic_smbo.py:416] Iter 70, objectives: [-7.691989287217746].
[2023-04-09 23:43:41,293][moc][WARNING][util_funcs.py:226] Keyword argument "num_objs" is deprecated and will be removed in a future version. Please use "num_objectives" instead.
[2023-04-09 23:43:41,657][moc][WARNING][util_funcs.py:111] Provide "objs" in result is deprecated and will be removed in future versions! Please use "objectives" instead.
[2023-04-09 23:43:41,659][moc][INFO][generic_smbo.py:416] Iter 71, objectives: [10000000000.0].
[2023-04-09 23:44:21,069][moc][WARNING][util_funcs.py:226] Keyword argument "num_objs" is deprecated and will be removed in a future version. Please use "num_objectives" instead.
[2023-04-09 23:44:21,277][moc][WARNING][util_funcs.py:111] Provide "objs" in result is deprecated and will be removed in future versions! Please use "objectives" instead.
[2023-04-09 23:44:21,279][moc][INFO][generic_smbo.py:416] Iter 72, objectives: [10000000000.0].
[2023-04-09 23:45:04,997][moc][WARNING][util_funcs.py:226] Keyword argument "num_objs" is deprecated and will be removed in a future version. Please use "num_objectives" instead.
[2023-04-09 23:45:07,937][moc][WARNING][util_funcs.py:111] Provide "objs" in result is deprecated and will be removed in future versions! Please use "objectives" instead.
[2023-04-09 23:45:07,938][moc][INFO][generic_smbo.py:416] Iter 73, objectives: [-18.526684671888997].
[2023-04-09 23:45:52,873][moc][WARNING][util_funcs.py:226] Keyword argument "num_objs" is deprecated and will be removed in a future version. Please use "num_objectives" instead.
[2023-04-09 23:46:01,484][moc][WARNING][util_funcs.py:111] Provide "objs" in result is deprecated and will be removed in future versions! Please use "objectives" instead.
[2023-04-09 23:46:01,486][moc][INFO][generic_smbo.py:416] Iter 74, objectives: [-3.2004512789925044].
[2023-04-09 23:46:34,106][moc][WARNING][util_funcs.py:226] Keyword argument "num_objs" is deprecated and will be removed in a future version. Please use "num_objectives" instead.
[2023-04-09 23:46:37,294][moc][WARNING][util_funcs.py:111] Provide "objs" in result is deprecated and will be removed in future versions! Please use "objectives" instead.
[2023-04-09 23:46:37,296][moc][INFO][generic_smbo.py:416] Iter 75, objectives: [-30.68729225278855].
[2023-04-09 23:47:22,918][moc][WARNING][util_funcs.py:226] Keyword argument "num_objs" is deprecated and will be removed in a future version. Please use "num_objectives" instead.
[2023-04-09 23:47:25,843][moc][WARNING][util_funcs.py:111] Provide "objs" in result is deprecated and will be removed in future versions! Please use "objectives" instead.
[2023-04-09 23:47:25,851][moc][INFO][generic_smbo.py:416] Iter 76, objectives: [-47.69791489021994].
[2023-04-09 23:48:09,313][moc][WARNING][util_funcs.py:226] Keyword argument "num_objs" is deprecated and will be removed in a future version. Please use "num_objectives" instead.
[2023-04-09 23:48:15,552][moc][WARNING][util_funcs.py:111] Provide "objs" in result is deprecated and will be removed in future versions! Please use "objectives" instead.
[2023-04-09 23:48:15,554][moc][INFO][generic_smbo.py:416] Iter 77, objectives: [-8.604096549015855].
[2023-04-09 23:48:51,701][moc][WARNING][util_funcs.py:226] Keyword argument "num_objs" is deprecated and will be removed in a future version. Please use "num_objectives" instead.
[2023-04-09 23:48:53,074][moc][WARNING][util_funcs.py:111] Provide "objs" in result is deprecated and will be removed in future versions! Please use "objectives" instead.
[2023-04-09 23:48:53,076][moc][INFO][generic_smbo.py:416] Iter 78, objectives: [10000000000.0].
[2023-04-09 23:49:44,547][moc][WARNING][util_funcs.py:226] Keyword argument "num_objs" is deprecated and will be removed in a future version. Please use "num_objectives" instead.
[2023-04-09 23:49:46,180][moc][WARNING][util_funcs.py:111] Provide "objs" in result is deprecated and will be removed in future versions! Please use "objectives" instead.
[2023-04-09 23:49:46,185][moc][INFO][generic_smbo.py:416] Iter 79, objectives: [10000000000.0].
[2023-04-09 23:50:30,318][moc][WARNING][util_funcs.py:226] Keyword argument "num_objs" is deprecated and will be removed in a future version. Please use "num_objectives" instead.
[2023-04-09 23:50:39,826][moc][WARNING][util_funcs.py:111] Provide "objs" in result is deprecated and will be removed in future versions! Please use "objectives" instead.
[2023-04-09 23:50:39,828][moc][INFO][generic_smbo.py:416] Iter 80, objectives: [-10.48847806522064].
[2023-04-09 23:51:18,477][moc][WARNING][util_funcs.py:226] Keyword argument "num_objs" is deprecated and will be removed in a future version. Please use "num_objectives" instead.
[2023-04-09 23:51:23,948][moc][WARNING][util_funcs.py:111] Provide "objs" in result is deprecated and will be removed in future versions! Please use "objectives" instead.
[2023-04-09 23:51:23,950][moc][INFO][generic_smbo.py:416] Iter 81, objectives: [-24.819658264019676].
[2023-04-09 23:51:23,951][moc][INFO][mf_advisor.py:411] Sample random config. rand_prob=0.100000.
[2023-04-09 23:51:24,076][moc][WARNING][util_funcs.py:226] Keyword argument "num_objs" is deprecated and will be removed in a future version. Please use "num_objectives" instead.
[2023-04-09 23:51:24,542][moc][WARNING][util_funcs.py:111] Provide "objs" in result is deprecated and will be removed in future versions! Please use "objectives" instead.
[2023-04-09 23:51:24,546][moc][INFO][generic_smbo.py:416] Iter 82, objectives: [10000000000.0].
[2023-04-09 23:52:02,195][moc][WARNING][util_funcs.py:226] Keyword argument "num_objs" is deprecated and will be removed in a future version. Please use "num_objectives" instead.
[2023-04-09 23:52:07,351][moc][WARNING][util_funcs.py:111] Provide "objs" in result is deprecated and will be removed in future versions! Please use "objectives" instead.
[2023-04-09 23:52:07,353][moc][INFO][generic_smbo.py:416] Iter 83, objectives: [-56.29502867011602].
[2023-04-09 23:52:59,328][moc][WARNING][util_funcs.py:226] Keyword argument "num_objs" is deprecated and will be removed in a future version. Please use "num_objectives" instead.
[2023-04-09 23:53:02,866][moc][WARNING][util_funcs.py:111] Provide "objs" in result is deprecated and will be removed in future versions! Please use "objectives" instead.
[2023-04-09 23:53:02,868][moc][INFO][generic_smbo.py:416] Iter 84, objectives: [10000000000.0].
[2023-04-09 23:53:55,557][moc][WARNING][util_funcs.py:226] Keyword argument "num_objs" is deprecated and will be removed in a future version. Please use "num_objectives" instead.
[2023-04-09 23:53:55,994][moc][WARNING][util_funcs.py:111] Provide "objs" in result is deprecated and will be removed in future versions! Please use "objectives" instead.
[2023-04-09 23:53:55,995][moc][INFO][generic_smbo.py:416] Iter 85, objectives: [10000000000.0].
[2023-04-09 23:54:50,254][moc][WARNING][util_funcs.py:226] Keyword argument "num_objs" is deprecated and will be removed in a future version. Please use "num_objectives" instead.
[2023-04-09 23:54:51,945][moc][WARNING][util_funcs.py:111] Provide "objs" in result is deprecated and will be removed in future versions! Please use "objectives" instead.
[2023-04-09 23:54:51,947][moc][INFO][generic_smbo.py:416] Iter 86, objectives: [10000000000.0].
[2023-04-09 23:55:45,440][moc][WARNING][util_funcs.py:226] Keyword argument "num_objs" is deprecated and will be removed in a future version. Please use "num_objectives" instead.
[2023-04-09 23:55:51,831][moc][WARNING][util_funcs.py:111] Provide "objs" in result is deprecated and will be removed in future versions! Please use "objectives" instead.
[2023-04-09 23:55:51,833][moc][INFO][generic_smbo.py:416] Iter 87, objectives: [10000000000.0].
[2023-04-09 23:56:42,163][moc][WARNING][util_funcs.py:226] Keyword argument "num_objs" is deprecated and will be removed in a future version. Please use "num_objectives" instead.
[2023-04-09 23:56:42,292][moc][WARNING][util_funcs.py:111] Provide "objs" in result is deprecated and will be removed in future versions! Please use "objectives" instead.
[2023-04-09 23:56:42,294][moc][INFO][generic_smbo.py:416] Iter 88, objectives: [10000000000.0].
[2023-04-09 23:57:43,024][moc][WARNING][util_funcs.py:226] Keyword argument "num_objs" is deprecated and will be removed in a future version. Please use "num_objectives" instead.
[2023-04-09 23:57:45,586][moc][WARNING][util_funcs.py:111] Provide "objs" in result is deprecated and will be removed in future versions! Please use "objectives" instead.
[2023-04-09 23:57:45,588][moc][INFO][generic_smbo.py:416] Iter 89, objectives: [10000000000.0].
[2023-04-09 23:58:34,692][moc][WARNING][util_funcs.py:226] Keyword argument "num_objs" is deprecated and will be removed in a future version. Please use "num_objectives" instead.
[2023-04-09 23:58:39,431][moc][WARNING][util_funcs.py:111] Provide "objs" in result is deprecated and will be removed in future versions! Please use "objectives" instead.
[2023-04-09 23:58:39,434][moc][INFO][generic_smbo.py:416] Iter 90, objectives: [10000000000.0].
[2023-04-09 23:58:39,436][moc][INFO][mf_advisor.py:411] Sample random config. rand_prob=0.100000.
[2023-04-09 23:58:39,507][moc][WARNING][util_funcs.py:226] Keyword argument "num_objs" is deprecated and will be removed in a future version. Please use "num_objectives" instead.
[2023-04-09 23:59:07,207][moc][WARNING][util_funcs.py:111] Provide "objs" in result is deprecated and will be removed in future versions! Please use "objectives" instead.
[2023-04-09 23:59:07,209][moc][INFO][generic_smbo.py:416] Iter 91, objectives: [-0.7464878541048661].
[2023-04-10 00:00:07,634][moc][WARNING][util_funcs.py:226] Keyword argument "num_objs" is deprecated and will be removed in a future version. Please use "num_objectives" instead.
[2023-04-10 00:00:11,143][moc][WARNING][util_funcs.py:111] Provide "objs" in result is deprecated and will be removed in future versions! Please use "objectives" instead.
[2023-04-10 00:00:11,144][moc][INFO][generic_smbo.py:416] Iter 92, objectives: [-20.69858152129049].
[2023-04-10 00:01:13,832][moc][WARNING][util_funcs.py:226] Keyword argument "num_objs" is deprecated and will be removed in a future version. Please use "num_objectives" instead.
[2023-04-10 00:01:14,749][moc][WARNING][util_funcs.py:111] Provide "objs" in result is deprecated and will be removed in future versions! Please use "objectives" instead.
[2023-04-10 00:01:14,751][moc][INFO][generic_smbo.py:416] Iter 93, objectives: [10000000000.0].
[2023-04-10 00:02:11,279][moc][WARNING][util_funcs.py:226] Keyword argument "num_objs" is deprecated and will be removed in a future version. Please use "num_objectives" instead.
[2023-04-10 00:02:17,276][moc][WARNING][util_funcs.py:111] Provide "objs" in result is deprecated and will be removed in future versions! Please use "objectives" instead.
[2023-04-10 00:02:17,278][moc][INFO][generic_smbo.py:416] Iter 94, objectives: [10000000000.0].
[2023-04-10 00:03:11,083][moc][WARNING][util_funcs.py:226] Keyword argument "num_objs" is deprecated and will be removed in a future version. Please use "num_objectives" instead.
[2023-04-10 00:03:11,277][moc][WARNING][util_funcs.py:111] Provide "objs" in result is deprecated and will be removed in future versions! Please use "objectives" instead.
[2023-04-10 00:03:11,279][moc][INFO][generic_smbo.py:416] Iter 95, objectives: [10000000000.0].
[2023-04-10 00:04:00,063][moc][WARNING][util_funcs.py:226] Keyword argument "num_objs" is deprecated and will be removed in a future version. Please use "num_objectives" instead.
[2023-04-10 00:04:04,218][moc][WARNING][util_funcs.py:111] Provide "objs" in result is deprecated and will be removed in future versions! Please use "objectives" instead.
[2023-04-10 00:04:04,220][moc][INFO][generic_smbo.py:416] Iter 96, objectives: [-80.79794319097685].
[2023-04-10 00:05:00,451][moc][WARNING][util_funcs.py:226] Keyword argument "num_objs" is deprecated and will be removed in a future version. Please use "num_objectives" instead.
[2023-04-10 00:05:08,003][moc][WARNING][util_funcs.py:111] Provide "objs" in result is deprecated and will be removed in future versions! Please use "objectives" instead.
[2023-04-10 00:05:08,005][moc][INFO][generic_smbo.py:416] Iter 97, objectives: [-6.794717057766897].
[2023-04-10 00:06:06,977][moc][WARNING][util_funcs.py:226] Keyword argument "num_objs" is deprecated and will be removed in a future version. Please use "num_objectives" instead.
[2023-04-10 00:06:11,267][moc][WARNING][util_funcs.py:111] Provide "objs" in result is deprecated and will be removed in future versions! Please use "objectives" instead.
[2023-04-10 00:06:11,269][moc][INFO][generic_smbo.py:416] Iter 98, objectives: [-53.37286295675538].
[2023-04-10 00:06:41,330][moc][WARNING][util_funcs.py:226] Keyword argument "num_objs" is deprecated and will be removed in a future version. Please use "num_objectives" instead.
[2023-04-10 00:06:46,279][moc][WARNING][util_funcs.py:111] Provide "objs" in result is deprecated and will be removed in future versions! Please use "objectives" instead.
[2023-04-10 00:06:46,281][moc][INFO][generic_smbo.py:416] Iter 99, objectives: [-31.382173345551912].
[2023-04-10 00:07:10,167][moc][WARNING][util_funcs.py:226] Keyword argument "num_objs" is deprecated and will be removed in a future version. Please use "num_objectives" instead.
[2023-04-10 00:07:10,317][moc][WARNING][util_funcs.py:111] Provide "objs" in result is deprecated and will be removed in future versions! Please use "objectives" instead.
[2023-04-10 00:07:10,319][moc][INFO][generic_smbo.py:416] Iter 100, objectives: [10000000000.0].
