[2023-04-10 16:58:42,723][moc][INFO][color_logger.py:203] Logfile: /home/chenyiqi/wafer_scale_chip_dse_framework/logs/moc_2023-04-10-16-58-42-722820.log
[2023-04-10 16:58:42,731][moc][WARNING][util_funcs.py:111] Provide "objs" in result is deprecated and will be removed in future versions! Please use "objectives" instead.
[2023-04-10 16:58:42,731][moc][INFO][generic_smbo.py:333] Iter 1, objectives: [-3.8922694420058126].
[2023-04-10 16:58:42,737][moc][WARNING][util_funcs.py:111] Provide "objs" in result is deprecated and will be removed in future versions! Please use "objectives" instead.
[2023-04-10 16:58:42,737][moc][INFO][generic_smbo.py:333] Iter 2, objectives: [-1.0601168679426118].
[2023-04-10 16:58:42,743][moc][WARNING][util_funcs.py:111] Provide "objs" in result is deprecated and will be removed in future versions! Please use "objectives" instead.
[2023-04-10 16:58:42,744][moc][INFO][generic_smbo.py:333] Iter 3, objectives: [-1.3951012437249461].
[2023-04-10 16:58:42,749][moc][WARNING][util_funcs.py:111] Provide "objs" in result is deprecated and will be removed in future versions! Please use "objectives" instead.
[2023-04-10 16:58:42,750][moc][INFO][generic_smbo.py:333] Iter 4, objectives: [-1.7883950387804168].
[2023-04-10 16:58:42,755][moc][WARNING][util_funcs.py:111] Provide "objs" in result is deprecated and will be removed in future versions! Please use "objectives" instead.
[2023-04-10 16:58:42,755][moc][INFO][generic_smbo.py:333] Iter 5, objectives: [-0.9234357942399544].
[2023-04-10 16:58:42,761][moc][WARNING][util_funcs.py:111] Provide "objs" in result is deprecated and will be removed in future versions! Please use "objectives" instead.
[2023-04-10 16:58:42,761][moc][INFO][generic_smbo.py:333] Iter 6, objectives: [-1.3149258834155095].
[2023-04-10 16:58:42,767][moc][WARNING][util_funcs.py:111] Provide "objs" in result is deprecated and will be removed in future versions! Please use "objectives" instead.
[2023-04-10 16:58:42,767][moc][INFO][generic_smbo.py:333] Iter 7, objectives: [-2.2768374362259656].
[2023-04-10 16:58:42,773][moc][WARNING][util_funcs.py:111] Provide "objs" in result is deprecated and will be removed in future versions! Please use "objectives" instead.
[2023-04-10 16:58:42,773][moc][INFO][generic_smbo.py:333] Iter 8, objectives: [-1.2086900303316603].
[2023-04-10 16:58:42,779][moc][WARNING][util_funcs.py:111] Provide "objs" in result is deprecated and will be removed in future versions! Please use "objectives" instead.
[2023-04-10 16:58:42,779][moc][INFO][generic_smbo.py:333] Iter 9, objectives: [-4.920079564703841].
[2023-04-10 16:58:42,785][moc][WARNING][util_funcs.py:111] Provide "objs" in result is deprecated and will be removed in future versions! Please use "objectives" instead.
[2023-04-10 16:58:42,785][moc][INFO][generic_smbo.py:333] Iter 10, objectives: [-0.768915315606012].
[2023-04-10 16:58:42,786][moc][WARNING][util_funcs.py:111] Provide "objs" in result is deprecated and will be removed in future versions! Please use "objectives" instead.
[2023-04-10 16:58:42,786][moc][WARNING][util_funcs.py:123] Unused information in result: {'config': [{'data_parallel_size': 20, 'micro_batch_size': 21, 'model_parallel_size': 24, 'num_reticle_per_pipeline_stage': 71, 'tensor_parallel_size': 8}]}
[2023-04-10 16:58:42,786][moc][INFO][generic_smbo.py:418] Iter 17, objectives: [-4.920079564703841].
[2023-04-10 16:58:47,107][moc][WARNING][util_funcs.py:231] Keyword argument "num_objs" is deprecated and will be removed in a future version. Please use "num_objectives" instead.
