[2023-04-10 19:04:43,746][moc][INFO][color_logger.py:203] Logfile: /home/chenyiqi/wafer_scale_chip_dse_framework/logs/moc_2023-04-10-19-04-43-746454.log
[2023-04-10 19:04:43,750][moc][WARNING][util_funcs.py:111] Provide "objs" in result is deprecated and will be removed in future versions! Please use "objectives" instead.
[2023-04-10 19:04:43,750][moc][INFO][generic_smbo.py:333] Iter 1, objectives: [-2.022059113527806].
[2023-04-10 19:04:43,752][moc][WARNING][util_funcs.py:111] Provide "objs" in result is deprecated and will be removed in future versions! Please use "objectives" instead.
[2023-04-10 19:04:43,753][moc][INFO][generic_smbo.py:333] Iter 2, objectives: [-0.5508025748724887].
[2023-04-10 19:04:43,755][moc][WARNING][util_funcs.py:111] Provide "objs" in result is deprecated and will be removed in future versions! Please use "objectives" instead.
[2023-04-10 19:04:43,755][moc][INFO][generic_smbo.py:333] Iter 3, objectives: [-2.1467787556148283].
[2023-04-10 19:04:43,757][moc][WARNING][util_funcs.py:111] Provide "objs" in result is deprecated and will be removed in future versions! Please use "objectives" instead.
[2023-04-10 19:04:43,757][moc][INFO][generic_smbo.py:333] Iter 4, objectives: [-1.5433998709727585].
[2023-04-10 19:04:43,759][moc][WARNING][util_funcs.py:111] Provide "objs" in result is deprecated and will be removed in future versions! Please use "objectives" instead.
[2023-04-10 19:04:43,760][moc][INFO][generic_smbo.py:333] Iter 5, objectives: [-0.3132680966161127].
[2023-04-10 19:04:43,762][moc][WARNING][util_funcs.py:111] Provide "objs" in result is deprecated and will be removed in future versions! Please use "objectives" instead.
[2023-04-10 19:04:43,762][moc][INFO][generic_smbo.py:333] Iter 6, objectives: [-0.3869995111793694].
[2023-04-10 19:04:43,764][moc][WARNING][util_funcs.py:111] Provide "objs" in result is deprecated and will be removed in future versions! Please use "objectives" instead.
[2023-04-10 19:04:43,764][moc][INFO][generic_smbo.py:333] Iter 7, objectives: [-0.9973419194227899].
[2023-04-10 19:04:43,767][moc][WARNING][util_funcs.py:111] Provide "objs" in result is deprecated and will be removed in future versions! Please use "objectives" instead.
[2023-04-10 19:04:43,767][moc][INFO][generic_smbo.py:333] Iter 8, objectives: [-0.3662169800801714].
[2023-04-10 19:04:43,769][moc][WARNING][util_funcs.py:111] Provide "objs" in result is deprecated and will be removed in future versions! Please use "objectives" instead.
[2023-04-10 19:04:43,769][moc][INFO][generic_smbo.py:333] Iter 9, objectives: [-0.7079938225420664].
[2023-04-10 19:04:43,771][moc][WARNING][util_funcs.py:111] Provide "objs" in result is deprecated and will be removed in future versions! Please use "objectives" instead.
[2023-04-10 19:04:43,771][moc][INFO][generic_smbo.py:333] Iter 10, objectives: [-5.2040867985057515].
[2023-04-10 19:04:43,773][moc][WARNING][util_funcs.py:111] Provide "objs" in result is deprecated and will be removed in future versions! Please use "objectives" instead.
[2023-04-10 19:04:43,773][moc][INFO][generic_smbo.py:333] Iter 11, objectives: [-17.42291470662748].
[2023-04-10 19:04:43,775][moc][WARNING][util_funcs.py:111] Provide "objs" in result is deprecated and will be removed in future versions! Please use "objectives" instead.
[2023-04-10 19:04:43,775][moc][INFO][generic_smbo.py:333] Iter 12, objectives: [-2.562994719492735].
[2023-04-10 19:04:43,778][moc][WARNING][util_funcs.py:111] Provide "objs" in result is deprecated and will be removed in future versions! Please use "objectives" instead.
[2023-04-10 19:04:43,778][moc][INFO][generic_smbo.py:333] Iter 13, objectives: [-1.0516444448081919].
[2023-04-10 19:04:43,780][moc][WARNING][util_funcs.py:111] Provide "objs" in result is deprecated and will be removed in future versions! Please use "objectives" instead.
[2023-04-10 19:04:43,781][moc][INFO][generic_smbo.py:333] Iter 14, objectives: [-0.7728608530603146].
[2023-04-10 19:04:43,783][moc][WARNING][util_funcs.py:111] Provide "objs" in result is deprecated and will be removed in future versions! Please use "objectives" instead.
[2023-04-10 19:04:43,783][moc][INFO][generic_smbo.py:333] Iter 15, objectives: [-0.47050836558123943].
[2023-04-10 19:04:43,785][moc][WARNING][util_funcs.py:111] Provide "objs" in result is deprecated and will be removed in future versions! Please use "objectives" instead.
[2023-04-10 19:04:43,785][moc][INFO][generic_smbo.py:333] Iter 16, objectives: [-91.72638910710505].
[2023-04-10 19:04:43,787][moc][WARNING][util_funcs.py:111] Provide "objs" in result is deprecated and will be removed in future versions! Please use "objectives" instead.
[2023-04-10 19:04:43,787][moc][INFO][generic_smbo.py:333] Iter 17, objectives: [-0.5847499897208749].
[2023-04-10 19:04:43,790][moc][WARNING][util_funcs.py:111] Provide "objs" in result is deprecated and will be removed in future versions! Please use "objectives" instead.
[2023-04-10 19:04:43,790][moc][INFO][generic_smbo.py:333] Iter 18, objectives: [-0.7523981396576789].
[2023-04-10 19:04:43,792][moc][WARNING][util_funcs.py:111] Provide "objs" in result is deprecated and will be removed in future versions! Please use "objectives" instead.
[2023-04-10 19:04:43,792][moc][INFO][generic_smbo.py:333] Iter 19, objectives: [-1.538930964492603].
[2023-04-10 19:04:43,794][moc][WARNING][util_funcs.py:111] Provide "objs" in result is deprecated and will be removed in future versions! Please use "objectives" instead.
[2023-04-10 19:04:43,795][moc][INFO][generic_smbo.py:333] Iter 20, objectives: [-5.005406586587565].
[2023-04-10 19:04:43,795][moc][WARNING][util_funcs.py:111] Provide "objs" in result is deprecated and will be removed in future versions! Please use "objectives" instead.
[2023-04-10 19:04:43,795][moc][WARNING][util_funcs.py:123] Unused information in result: {'config': [{'data_parallel_size': 1, 'micro_batch_size': 408, 'model_parallel_size': 6, 'num_reticle_per_pipeline_stage': 44, 'tensor_parallel_size': 1}]}
[2023-04-10 19:04:43,795][moc][INFO][generic_smbo.py:418] Iter 7, objectives: [-91.72638910710505].
[2023-04-10 19:04:43,797][moc][WARNING][util_funcs.py:231] Keyword argument "num_objs" is deprecated and will be removed in a future version. Please use "num_objectives" instead.
