[2023-04-10 17:17:19,688][moc][INFO][color_logger.py:203] Logfile: /home/chenyiqi/wafer_scale_chip_dse_framework/logs/moc_2023-04-10-17-17-19-688339.log
[2023-04-10 17:17:20,141][moc][WARNING][util_funcs.py:111] Provide "objs" in result is deprecated and will be removed in future versions! Please use "objectives" instead.
[2023-04-10 17:17:20,142][moc][INFO][generic_smbo.py:333] Iter 1, objectives: [-1.9273652041922678].
[2023-04-10 17:17:20,595][moc][WARNING][util_funcs.py:111] Provide "objs" in result is deprecated and will be removed in future versions! Please use "objectives" instead.
[2023-04-10 17:17:20,595][moc][INFO][generic_smbo.py:333] Iter 2, objectives: [-2.197573744148917].
[2023-04-10 17:17:21,031][moc][WARNING][util_funcs.py:111] Provide "objs" in result is deprecated and will be removed in future versions! Please use "objectives" instead.
[2023-04-10 17:17:21,031][moc][INFO][generic_smbo.py:333] Iter 3, objectives: [-0.08717007046057175].
[2023-04-10 17:17:21,350][moc][WARNING][util_funcs.py:111] Provide "objs" in result is deprecated and will be removed in future versions! Please use "objectives" instead.
[2023-04-10 17:17:21,350][moc][INFO][generic_smbo.py:333] Iter 4, objectives: [-7.031349813446976].
[2023-04-10 17:17:21,741][moc][WARNING][util_funcs.py:111] Provide "objs" in result is deprecated and will be removed in future versions! Please use "objectives" instead.
[2023-04-10 17:17:21,741][moc][INFO][generic_smbo.py:333] Iter 5, objectives: [-2.854030908316717].
[2023-04-10 17:17:22,176][moc][WARNING][util_funcs.py:111] Provide "objs" in result is deprecated and will be removed in future versions! Please use "objectives" instead.
[2023-04-10 17:17:22,176][moc][INFO][generic_smbo.py:333] Iter 6, objectives: [-0.23416697636154735].
[2023-04-10 17:17:22,590][moc][WARNING][util_funcs.py:111] Provide "objs" in result is deprecated and will be removed in future versions! Please use "objectives" instead.
[2023-04-10 17:17:22,591][moc][INFO][generic_smbo.py:333] Iter 7, objectives: [-2.3293397195171286].
[2023-04-10 17:17:22,999][moc][WARNING][util_funcs.py:111] Provide "objs" in result is deprecated and will be removed in future versions! Please use "objectives" instead.
[2023-04-10 17:17:23,000][moc][INFO][generic_smbo.py:333] Iter 8, objectives: [-0.3761667162797463].
[2023-04-10 17:17:23,489][moc][WARNING][util_funcs.py:111] Provide "objs" in result is deprecated and will be removed in future versions! Please use "objectives" instead.
[2023-04-10 17:17:23,490][moc][INFO][generic_smbo.py:333] Iter 9, objectives: [-0.25163098380803123].
[2023-04-10 17:17:23,794][moc][WARNING][util_funcs.py:111] Provide "objs" in result is deprecated and will be removed in future versions! Please use "objectives" instead.
[2023-04-10 17:17:23,794][moc][INFO][generic_smbo.py:333] Iter 10, objectives: [-1.4849153103845145].
[2023-04-10 17:17:24,141][moc][WARNING][util_funcs.py:111] Provide "objs" in result is deprecated and will be removed in future versions! Please use "objectives" instead.
[2023-04-10 17:17:24,141][moc][INFO][generic_smbo.py:333] Iter 11, objectives: [-0.3149965380015694].
[2023-04-10 17:17:24,543][moc][WARNING][util_funcs.py:111] Provide "objs" in result is deprecated and will be removed in future versions! Please use "objectives" instead.
[2023-04-10 17:17:24,543][moc][INFO][generic_smbo.py:333] Iter 12, objectives: [-1.5631762639950602].
[2023-04-10 17:17:24,914][moc][WARNING][util_funcs.py:111] Provide "objs" in result is deprecated and will be removed in future versions! Please use "objectives" instead.
[2023-04-10 17:17:24,914][moc][INFO][generic_smbo.py:333] Iter 13, objectives: [-0.500646063432934].
[2023-04-10 17:17:25,261][moc][WARNING][util_funcs.py:111] Provide "objs" in result is deprecated and will be removed in future versions! Please use "objectives" instead.
[2023-04-10 17:17:25,261][moc][INFO][generic_smbo.py:333] Iter 14, objectives: [-3.758727273699312].
[2023-04-10 17:17:25,783][moc][WARNING][util_funcs.py:111] Provide "objs" in result is deprecated and will be removed in future versions! Please use "objectives" instead.
[2023-04-10 17:17:25,783][moc][INFO][generic_smbo.py:333] Iter 15, objectives: [-0.9298140023107915].
[2023-04-10 17:17:26,188][moc][WARNING][util_funcs.py:111] Provide "objs" in result is deprecated and will be removed in future versions! Please use "objectives" instead.
[2023-04-10 17:17:26,188][moc][INFO][generic_smbo.py:333] Iter 16, objectives: [-0.10455389185389438].
[2023-04-10 17:17:26,603][moc][WARNING][util_funcs.py:111] Provide "objs" in result is deprecated and will be removed in future versions! Please use "objectives" instead.
[2023-04-10 17:17:26,603][moc][INFO][generic_smbo.py:333] Iter 17, objectives: [-0.978792958139091].
[2023-04-10 17:17:27,167][moc][WARNING][util_funcs.py:111] Provide "objs" in result is deprecated and will be removed in future versions! Please use "objectives" instead.
[2023-04-10 17:17:27,167][moc][INFO][generic_smbo.py:333] Iter 18, objectives: [-0.114502891636501].
[2023-04-10 17:17:27,620][moc][WARNING][util_funcs.py:111] Provide "objs" in result is deprecated and will be removed in future versions! Please use "objectives" instead.
[2023-04-10 17:17:27,620][moc][INFO][generic_smbo.py:333] Iter 19, objectives: [-0.5735269727771541].
[2023-04-10 17:17:28,024][moc][WARNING][util_funcs.py:111] Provide "objs" in result is deprecated and will be removed in future versions! Please use "objectives" instead.
[2023-04-10 17:17:28,024][moc][INFO][generic_smbo.py:333] Iter 20, objectives: [-0.23339289549900757].
[2023-04-10 17:17:28,025][moc][WARNING][util_funcs.py:111] Provide "objs" in result is deprecated and will be removed in future versions! Please use "objectives" instead.
[2023-04-10 17:17:28,025][moc][WARNING][util_funcs.py:123] Unused information in result: {'config': [{'data_parallel_size': 2, 'micro_batch_size': 36, 'model_parallel_size': 3, 'num_reticle_per_pipeline_stage': 266, 'tensor_parallel_size': 2}]}
[2023-04-10 17:17:28,025][moc][INFO][generic_smbo.py:418] Iter 1, objectives: [-7.031349813446976].
[2023-04-10 17:17:28,026][moc][WARNING][util_funcs.py:231] Keyword argument "num_objs" is deprecated and will be removed in a future version. Please use "num_objectives" instead.
