[2023-04-10 16:47:34,934][moc][INFO][color_logger.py:203] Logfile: /home/chenyiqi/wafer_scale_chip_dse_framework/logs/moc_2023-04-10-16-47-34-934141.log
[2023-04-10 16:47:34,941][moc][WARNING][util_funcs.py:111] Provide "objs" in result is deprecated and will be removed in future versions! Please use "objectives" instead.
[2023-04-10 16:47:34,941][moc][INFO][generic_smbo.py:333] Iter 1, objectives: [-1.1782542156938243].
[2023-04-10 16:47:34,945][moc][WARNING][util_funcs.py:111] Provide "objs" in result is deprecated and will be removed in future versions! Please use "objectives" instead.
[2023-04-10 16:47:34,945][moc][INFO][generic_smbo.py:333] Iter 2, objectives: [-0.4058247253709911].
[2023-04-10 16:47:34,949][moc][WARNING][util_funcs.py:111] Provide "objs" in result is deprecated and will be removed in future versions! Please use "objectives" instead.
[2023-04-10 16:47:34,949][moc][INFO][generic_smbo.py:333] Iter 3, objectives: [-2.0264485443986078].
[2023-04-10 16:47:34,952][moc][WARNING][util_funcs.py:111] Provide "objs" in result is deprecated and will be removed in future versions! Please use "objectives" instead.
[2023-04-10 16:47:34,952][moc][INFO][generic_smbo.py:333] Iter 4, objectives: [-1.4227707696957355].
[2023-04-10 16:47:34,956][moc][WARNING][util_funcs.py:111] Provide "objs" in result is deprecated and will be removed in future versions! Please use "objectives" instead.
[2023-04-10 16:47:34,956][moc][INFO][generic_smbo.py:333] Iter 5, objectives: [-2.34988755510194].
[2023-04-10 16:47:34,959][moc][WARNING][util_funcs.py:111] Provide "objs" in result is deprecated and will be removed in future versions! Please use "objectives" instead.
[2023-04-10 16:47:34,959][moc][INFO][generic_smbo.py:333] Iter 6, objectives: [-1.1298939516402289].
[2023-04-10 16:47:34,963][moc][WARNING][util_funcs.py:111] Provide "objs" in result is deprecated and will be removed in future versions! Please use "objectives" instead.
[2023-04-10 16:47:34,963][moc][INFO][generic_smbo.py:333] Iter 7, objectives: [-0.8287829976493305].
[2023-04-10 16:47:34,967][moc][WARNING][util_funcs.py:111] Provide "objs" in result is deprecated and will be removed in future versions! Please use "objectives" instead.
[2023-04-10 16:47:34,967][moc][INFO][generic_smbo.py:333] Iter 8, objectives: [-0.8731496835201384].
[2023-04-10 16:47:34,970][moc][WARNING][util_funcs.py:111] Provide "objs" in result is deprecated and will be removed in future versions! Please use "objectives" instead.
[2023-04-10 16:47:34,970][moc][INFO][generic_smbo.py:333] Iter 9, objectives: [-1.9573511037018736].
[2023-04-10 16:47:34,974][moc][WARNING][util_funcs.py:111] Provide "objs" in result is deprecated and will be removed in future versions! Please use "objectives" instead.
[2023-04-10 16:47:34,974][moc][INFO][generic_smbo.py:333] Iter 10, objectives: [-0.913569494049675].
[2023-04-10 16:47:34,974][moc][WARNING][util_funcs.py:111] Provide "objs" in result is deprecated and will be removed in future versions! Please use "objectives" instead.
[2023-04-10 16:47:34,975][moc][WARNING][util_funcs.py:123] Unused information in result: {'config': [Configuration(values={
  'data_parallel_size': 4,
  'micro_batch_size': 52,
  'model_parallel_size': 24,
  'num_reticle_per_pipeline_stage': 1,
  'tensor_parallel_size': 6,
})
]}
[2023-04-10 16:47:34,975][moc][INFO][generic_smbo.py:418] Iter 1, objectives: [-2.34988755510194].
[2023-04-10 16:47:34,976][moc][WARNING][util_funcs.py:231] Keyword argument "num_objs" is deprecated and will be removed in a future version. Please use "num_objectives" instead.
