[2023-04-10 19:30:54,817][moc][INFO][color_logger.py:203] Logfile: /home/chenyiqi/wafer_scale_chip_dse_framework/logs/moc_2023-04-10-19-30-54-817432.log
[2023-04-10 19:30:55,137][moc][WARNING][util_funcs.py:111] Provide "objs" in result is deprecated and will be removed in future versions! Please use "objectives" instead.
[2023-04-10 19:30:55,137][moc][INFO][generic_smbo.py:352] Iter 1, objectives: [-1.381525141411423].
[2023-04-10 19:30:55,550][moc][WARNING][util_funcs.py:111] Provide "objs" in result is deprecated and will be removed in future versions! Please use "objectives" instead.
[2023-04-10 19:30:55,551][moc][INFO][generic_smbo.py:352] Iter 2, objectives: [-0.36563005019789435].
[2023-04-10 19:30:55,876][moc][WARNING][util_funcs.py:111] Provide "objs" in result is deprecated and will be removed in future versions! Please use "objectives" instead.
[2023-04-10 19:30:55,876][moc][INFO][generic_smbo.py:352] Iter 3, objectives: [-0.20343961297009958].
[2023-04-10 19:30:56,082][moc][WARNING][util_funcs.py:111] Provide "objs" in result is deprecated and will be removed in future versions! Please use "objectives" instead.
[2023-04-10 19:30:56,082][moc][INFO][generic_smbo.py:352] Iter 4, objectives: [-16.71485999041143].
[2023-04-10 19:30:56,421][moc][WARNING][util_funcs.py:111] Provide "objs" in result is deprecated and will be removed in future versions! Please use "objectives" instead.
[2023-04-10 19:30:56,421][moc][INFO][generic_smbo.py:352] Iter 5, objectives: [-1.283687412065574].
[2023-04-10 19:30:56,747][moc][WARNING][util_funcs.py:111] Provide "objs" in result is deprecated and will be removed in future versions! Please use "objectives" instead.
[2023-04-10 19:30:56,747][moc][INFO][generic_smbo.py:352] Iter 6, objectives: [-0.25912302713316865].
[2023-04-10 19:30:57,276][moc][WARNING][util_funcs.py:111] Provide "objs" in result is deprecated and will be removed in future versions! Please use "objectives" instead.
[2023-04-10 19:30:57,276][moc][INFO][generic_smbo.py:352] Iter 7, objectives: [-0.1918021300558683].
[2023-04-10 19:30:57,609][moc][WARNING][util_funcs.py:111] Provide "objs" in result is deprecated and will be removed in future versions! Please use "objectives" instead.
[2023-04-10 19:30:57,609][moc][INFO][generic_smbo.py:352] Iter 8, objectives: [-0.10081572018517253].
[2023-04-10 19:30:57,881][moc][WARNING][util_funcs.py:111] Provide "objs" in result is deprecated and will be removed in future versions! Please use "objectives" instead.
[2023-04-10 19:30:57,881][moc][INFO][generic_smbo.py:352] Iter 9, objectives: [-2.9742859394079075].
[2023-04-10 19:30:58,197][moc][WARNING][util_funcs.py:111] Provide "objs" in result is deprecated and will be removed in future versions! Please use "objectives" instead.
[2023-04-10 19:30:58,197][moc][INFO][generic_smbo.py:352] Iter 10, objectives: [-0.23895579345242135].
[2023-04-10 19:30:58,685][moc][WARNING][util_funcs.py:111] Provide "objs" in result is deprecated and will be removed in future versions! Please use "objectives" instead.
[2023-04-10 19:30:58,686][moc][INFO][generic_smbo.py:352] Iter 11, objectives: [-0.42735585836298157].
[2023-04-10 19:30:58,976][moc][WARNING][util_funcs.py:111] Provide "objs" in result is deprecated and will be removed in future versions! Please use "objectives" instead.
[2023-04-10 19:30:58,976][moc][INFO][generic_smbo.py:352] Iter 12, objectives: [-0.6742631646115796].
[2023-04-10 19:30:59,300][moc][WARNING][util_funcs.py:111] Provide "objs" in result is deprecated and will be removed in future versions! Please use "objectives" instead.
[2023-04-10 19:30:59,300][moc][INFO][generic_smbo.py:352] Iter 13, objectives: [-0.1333606389229122].
[2023-04-10 19:30:59,612][moc][WARNING][util_funcs.py:111] Provide "objs" in result is deprecated and will be removed in future versions! Please use "objectives" instead.
[2023-04-10 19:30:59,612][moc][INFO][generic_smbo.py:352] Iter 14, objectives: [-0.571992065277374].
[2023-04-10 19:30:59,929][moc][WARNING][util_funcs.py:111] Provide "objs" in result is deprecated and will be removed in future versions! Please use "objectives" instead.
[2023-04-10 19:30:59,930][moc][INFO][generic_smbo.py:352] Iter 15, objectives: [-0.4470115873426494].
[2023-04-10 19:31:00,390][moc][WARNING][util_funcs.py:111] Provide "objs" in result is deprecated and will be removed in future versions! Please use "objectives" instead.
[2023-04-10 19:31:00,390][moc][INFO][generic_smbo.py:352] Iter 16, objectives: [-0.3674681952127216].
[2023-04-10 19:31:00,711][moc][WARNING][util_funcs.py:111] Provide "objs" in result is deprecated and will be removed in future versions! Please use "objectives" instead.
[2023-04-10 19:31:00,712][moc][INFO][generic_smbo.py:352] Iter 17, objectives: [-3.801087665765445].
[2023-04-10 19:31:00,969][moc][WARNING][util_funcs.py:111] Provide "objs" in result is deprecated and will be removed in future versions! Please use "objectives" instead.
[2023-04-10 19:31:00,969][moc][INFO][generic_smbo.py:352] Iter 18, objectives: [-1.143459869655483].
[2023-04-10 19:31:01,303][moc][WARNING][util_funcs.py:111] Provide "objs" in result is deprecated and will be removed in future versions! Please use "objectives" instead.
[2023-04-10 19:31:01,303][moc][INFO][generic_smbo.py:352] Iter 19, objectives: [-0.9569860675163451].
[2023-04-10 19:31:01,778][moc][WARNING][util_funcs.py:111] Provide "objs" in result is deprecated and will be removed in future versions! Please use "objectives" instead.
[2023-04-10 19:31:01,779][moc][INFO][generic_smbo.py:352] Iter 20, objectives: [-0.204508639019591].
[2023-04-10 19:31:01,779][moc][WARNING][util_funcs.py:111] Provide "objs" in result is deprecated and will be removed in future versions! Please use "objectives" instead.
[2023-04-10 19:31:01,779][moc][WARNING][util_funcs.py:123] Unused information in result: {'config': [{'data_parallel_size': 4, 'micro_batch_size': 89, 'model_parallel_size': 4, 'num_reticle_per_pipeline_stage': 219, 'tensor_parallel_size': 2}]}
[2023-04-10 19:31:01,780][moc][INFO][generic_smbo.py:437] Iter 13, objectives: [-16.71485999041143].
[2023-04-10 19:31:06,062][moc][WARNING][util_funcs.py:231] Keyword argument "num_objs" is deprecated and will be removed in a future version. Please use "num_objectives" instead.
