[2023-04-10 19:30:24,413][moc][INFO][color_logger.py:203] Logfile: /home/chenyiqi/wafer_scale_chip_dse_framework/logs/moc_2023-04-10-19-30-24-413439.log
[2023-04-10 19:30:24,808][moc][WARNING][util_funcs.py:111] Provide "objs" in result is deprecated and will be removed in future versions! Please use "objectives" instead.
[2023-04-10 19:30:24,809][moc][INFO][generic_smbo.py:352] Iter 1, objectives: [-0.7277283556261355].
[2023-04-10 19:30:25,201][moc][WARNING][util_funcs.py:111] Provide "objs" in result is deprecated and will be removed in future versions! Please use "objectives" instead.
[2023-04-10 19:30:25,201][moc][INFO][generic_smbo.py:352] Iter 2, objectives: [-2.4007020538773007].
[2023-04-10 19:30:25,498][moc][WARNING][util_funcs.py:111] Provide "objs" in result is deprecated and will be removed in future versions! Please use "objectives" instead.
[2023-04-10 19:30:25,498][moc][INFO][generic_smbo.py:352] Iter 3, objectives: [-1.1178839635913016].
[2023-04-10 19:30:25,896][moc][WARNING][util_funcs.py:111] Provide "objs" in result is deprecated and will be removed in future versions! Please use "objectives" instead.
[2023-04-10 19:30:25,896][moc][INFO][generic_smbo.py:352] Iter 4, objectives: [-0.34764566944103414].
[2023-04-10 19:30:26,143][moc][WARNING][util_funcs.py:111] Provide "objs" in result is deprecated and will be removed in future versions! Please use "objectives" instead.
[2023-04-10 19:30:26,143][moc][INFO][generic_smbo.py:352] Iter 5, objectives: [-10.161433659818181].
[2023-04-10 19:30:26,667][moc][WARNING][util_funcs.py:111] Provide "objs" in result is deprecated and will be removed in future versions! Please use "objectives" instead.
[2023-04-10 19:30:26,667][moc][INFO][generic_smbo.py:352] Iter 6, objectives: [-0.11654824058760138].
[2023-04-10 19:30:26,989][moc][WARNING][util_funcs.py:111] Provide "objs" in result is deprecated and will be removed in future versions! Please use "objectives" instead.
[2023-04-10 19:30:26,989][moc][INFO][generic_smbo.py:352] Iter 7, objectives: [-2.7536504536656734].
[2023-04-10 19:30:27,403][moc][WARNING][util_funcs.py:111] Provide "objs" in result is deprecated and will be removed in future versions! Please use "objectives" instead.
[2023-04-10 19:30:27,403][moc][INFO][generic_smbo.py:352] Iter 8, objectives: [-0.022091643564737053].
[2023-04-10 19:30:27,912][moc][WARNING][util_funcs.py:111] Provide "objs" in result is deprecated and will be removed in future versions! Please use "objectives" instead.
[2023-04-10 19:30:27,912][moc][INFO][generic_smbo.py:352] Iter 9, objectives: [-0.18790299221743562].
[2023-04-10 19:30:28,326][moc][WARNING][util_funcs.py:111] Provide "objs" in result is deprecated and will be removed in future versions! Please use "objectives" instead.
[2023-04-10 19:30:28,326][moc][INFO][generic_smbo.py:352] Iter 10, objectives: [-0.17580247905713142].
[2023-04-10 19:30:28,670][moc][WARNING][util_funcs.py:111] Provide "objs" in result is deprecated and will be removed in future versions! Please use "objectives" instead.
[2023-04-10 19:30:28,671][moc][INFO][generic_smbo.py:352] Iter 11, objectives: [-0.6409918233848612].
[2023-04-10 19:30:29,074][moc][WARNING][util_funcs.py:111] Provide "objs" in result is deprecated and will be removed in future versions! Please use "objectives" instead.
[2023-04-10 19:30:29,075][moc][INFO][generic_smbo.py:352] Iter 12, objectives: [-0.206972335072119].
[2023-04-10 19:30:29,374][moc][WARNING][util_funcs.py:111] Provide "objs" in result is deprecated and will be removed in future versions! Please use "objectives" instead.
[2023-04-10 19:30:29,375][moc][INFO][generic_smbo.py:352] Iter 13, objectives: [-4.260640206154885].
[2023-04-10 19:30:29,735][moc][WARNING][util_funcs.py:111] Provide "objs" in result is deprecated and will be removed in future versions! Please use "objectives" instead.
[2023-04-10 19:30:29,736][moc][INFO][generic_smbo.py:352] Iter 14, objectives: [-2.7516483912625076].
[2023-04-10 19:30:30,073][moc][WARNING][util_funcs.py:111] Provide "objs" in result is deprecated and will be removed in future versions! Please use "objectives" instead.
[2023-04-10 19:30:30,073][moc][INFO][generic_smbo.py:352] Iter 15, objectives: [-1.7578498504253655].
[2023-04-10 19:30:30,557][moc][WARNING][util_funcs.py:111] Provide "objs" in result is deprecated and will be removed in future versions! Please use "objectives" instead.
[2023-04-10 19:30:30,558][moc][INFO][generic_smbo.py:352] Iter 16, objectives: [-0.22129818160233353].
[2023-04-10 19:30:30,939][moc][WARNING][util_funcs.py:111] Provide "objs" in result is deprecated and will be removed in future versions! Please use "objectives" instead.
[2023-04-10 19:30:30,939][moc][INFO][generic_smbo.py:352] Iter 17, objectives: [-0.25694246099480234].
[2023-04-10 19:30:31,344][moc][WARNING][util_funcs.py:111] Provide "objs" in result is deprecated and will be removed in future versions! Please use "objectives" instead.
[2023-04-10 19:30:31,344][moc][INFO][generic_smbo.py:352] Iter 18, objectives: [-0.1125640742389171].
[2023-04-10 19:30:31,606][moc][WARNING][util_funcs.py:111] Provide "objs" in result is deprecated and will be removed in future versions! Please use "objectives" instead.
[2023-04-10 19:30:31,607][moc][INFO][generic_smbo.py:352] Iter 19, objectives: [-1.6701450293369968].
[2023-04-10 19:30:32,025][moc][WARNING][util_funcs.py:111] Provide "objs" in result is deprecated and will be removed in future versions! Please use "objectives" instead.
[2023-04-10 19:30:32,025][moc][INFO][generic_smbo.py:352] Iter 20, objectives: [-9.383793003581365].
[2023-04-10 19:30:32,026][moc][WARNING][util_funcs.py:111] Provide "objs" in result is deprecated and will be removed in future versions! Please use "objectives" instead.
[2023-04-10 19:30:32,026][moc][WARNING][util_funcs.py:123] Unused information in result: {'config': [{'data_parallel_size': 3, 'micro_batch_size': 155, 'model_parallel_size': 3, 'num_reticle_per_pipeline_stage': 198, 'tensor_parallel_size': 2}]}
[2023-04-10 19:30:32,026][moc][INFO][generic_smbo.py:437] Iter 6, objectives: [-10.161433659818181].
[2023-04-10 19:30:36,622][moc][WARNING][util_funcs.py:231] Keyword argument "num_objs" is deprecated and will be removed in a future version. Please use "num_objectives" instead.
