[2023-04-09 19:24:02,930][moc][INFO][color_logger.py:203] Logfile: /home/chenyiqi/wafer_scale_chip_dse_framework/logs/moc_2023-04-09-19-24-02-929783.log
[2023-04-09 19:24:02,932][moc][INFO][generic_advisor.py:157] [BO auto selection]  acq_type: ei.
[2023-04-09 19:24:03,241][moc][WARNING][util_funcs.py:111] Provide "objs" in result is deprecated and will be removed in future versions! Please use "objectives" instead.
[2023-04-09 19:24:03,242][moc][INFO][generic_smbo.py:332] Iter 1, objectives: [-0.0057880712199201954].
[2023-04-09 19:24:03,429][moc][WARNING][util_funcs.py:111] Provide "objs" in result is deprecated and will be removed in future versions! Please use "objectives" instead.
[2023-04-09 19:24:03,430][moc][INFO][generic_smbo.py:332] Iter 2, objectives: [-0.011575312160643492].
[2023-04-09 19:24:03,703][moc][WARNING][util_funcs.py:111] Provide "objs" in result is deprecated and will be removed in future versions! Please use "objectives" instead.
[2023-04-09 19:24:03,703][moc][INFO][generic_smbo.py:332] Iter 3, objectives: [-0.006945586711555101].
[2023-04-09 19:24:03,883][moc][WARNING][util_funcs.py:111] Provide "objs" in result is deprecated and will be removed in future versions! Please use "objectives" instead.
[2023-04-09 19:24:03,884][moc][INFO][generic_smbo.py:332] Iter 4, objectives: [-0.011575313164189619].
[2023-04-09 19:24:04,131][moc][WARNING][util_funcs.py:111] Provide "objs" in result is deprecated and will be removed in future versions! Please use "objectives" instead.
[2023-04-09 19:24:04,132][moc][INFO][generic_smbo.py:332] Iter 5, objectives: [-0.008681799437476026].
[2023-04-09 19:24:04,606][moc][WARNING][util_funcs.py:111] Provide "objs" in result is deprecated and will be removed in future versions! Please use "objectives" instead.
[2023-04-09 19:24:04,607][moc][INFO][generic_smbo.py:332] Iter 6, objectives: [-0.011575339744663871].
[2023-04-09 19:24:05,295][moc][WARNING][util_funcs.py:111] Provide "objs" in result is deprecated and will be removed in future versions! Please use "objectives" instead.
[2023-04-09 19:24:05,296][moc][INFO][generic_smbo.py:332] Iter 7, objectives: [-0.011575308146460727].
[2023-04-09 19:24:05,297][moc][INFO][generic_advisor.py:365] Sample random config. rand_prob=0.100000.
[2023-04-09 19:24:05,626][moc][WARNING][util_funcs.py:111] Provide "objs" in result is deprecated and will be removed in future versions! Please use "objectives" instead.
[2023-04-09 19:24:05,627][moc][INFO][generic_smbo.py:332] Iter 8, objectives: [-0.008681796922727025].
[2023-04-09 19:24:05,627][moc][INFO][generic_advisor.py:365] Sample random config. rand_prob=0.100000.
[2023-04-09 19:24:06,294][moc][WARNING][util_funcs.py:111] Provide "objs" in result is deprecated and will be removed in future versions! Please use "objectives" instead.
[2023-04-09 19:24:06,295][moc][INFO][generic_smbo.py:332] Iter 9, objectives: [-0.008681806211909154].
[2023-04-09 19:24:06,296][moc][INFO][generic_advisor.py:365] Sample random config. rand_prob=0.100000.
[2023-04-09 19:24:06,601][moc][WARNING][util_funcs.py:111] Provide "objs" in result is deprecated and will be removed in future versions! Please use "objectives" instead.
[2023-04-09 19:24:06,602][moc][INFO][generic_smbo.py:332] Iter 10, objectives: [-0.011575313164189619].
[2023-04-09 19:24:06,603][moc][INFO][generic_advisor.py:365] Sample random config. rand_prob=0.100000.
[2023-04-09 19:24:07,069][moc][WARNING][util_funcs.py:111] Provide "objs" in result is deprecated and will be removed in future versions! Please use "objectives" instead.
[2023-04-09 19:24:07,070][moc][INFO][generic_smbo.py:332] Iter 11, objectives: [-0.008681804179578105].
[2023-04-09 19:24:08,355][moc][WARNING][util_funcs.py:111] Provide "objs" in result is deprecated and will be removed in future versions! Please use "objectives" instead.
[2023-04-09 19:24:08,356][moc][INFO][generic_smbo.py:332] Iter 12, objectives: [-0.011575339744663871].
[2023-04-09 19:24:09,448][moc][WARNING][util_funcs.py:111] Provide "objs" in result is deprecated and will be removed in future versions! Please use "objectives" instead.
[2023-04-09 19:24:09,450][moc][INFO][generic_smbo.py:332] Iter 13, objectives: [-0.0115753087736766].
[2023-04-09 19:24:09,451][moc][INFO][generic_advisor.py:365] Sample random config. rand_prob=0.100000.
[2023-04-09 19:24:10,152][moc][WARNING][util_funcs.py:111] Provide "objs" in result is deprecated and will be removed in future versions! Please use "objectives" instead.
[2023-04-09 19:24:10,153][moc][INFO][generic_smbo.py:332] Iter 14, objectives: [-0.0069455901226020515].
[2023-04-09 19:24:11,382][moc][WARNING][util_funcs.py:111] Provide "objs" in result is deprecated and will be removed in future versions! Please use "objectives" instead.
[2023-04-09 19:24:11,383][moc][INFO][generic_smbo.py:332] Iter 15, objectives: [-0.011575323971620467].
[2023-04-09 19:24:12,753][moc][WARNING][util_funcs.py:111] Provide "objs" in result is deprecated and will be removed in future versions! Please use "objectives" instead.
[2023-04-09 19:24:12,754][moc][INFO][generic_smbo.py:332] Iter 16, objectives: [-0.011575313164189619].
[2023-04-09 19:24:12,755][moc][INFO][generic_advisor.py:365] Sample random config. rand_prob=0.100000.
[2023-04-09 19:24:13,190][moc][WARNING][util_funcs.py:111] Provide "objs" in result is deprecated and will be removed in future versions! Please use "objectives" instead.
[2023-04-09 19:24:13,191][moc][INFO][generic_smbo.py:332] Iter 17, objectives: [-0.006945586711555101].
[2023-04-09 19:24:14,596][moc][WARNING][util_funcs.py:111] Provide "objs" in result is deprecated and will be removed in future versions! Please use "objectives" instead.
[2023-04-09 19:24:14,597][moc][INFO][generic_smbo.py:332] Iter 18, objectives: [-0.01157531667660243].
[2023-04-09 19:24:15,718][moc][WARNING][util_funcs.py:111] Provide "objs" in result is deprecated and will be removed in future versions! Please use "objectives" instead.
[2023-04-09 19:24:15,719][moc][INFO][generic_smbo.py:332] Iter 19, objectives: [-0.011575319550396316].
[2023-04-09 19:24:17,630][moc][WARNING][util_funcs.py:111] Provide "objs" in result is deprecated and will be removed in future versions! Please use "objectives" instead.
[2023-04-09 19:24:17,633][moc][INFO][generic_smbo.py:332] Iter 20, objectives: [-0.011575321945225646].
