[2023-04-10 19:29:04,944][moc][INFO][color_logger.py:203] Logfile: /home/chenyiqi/wafer_scale_chip_dse_framework/logs/moc_2023-04-10-19-29-04-944241.log
[2023-04-10 19:29:04,948][moc][WARNING][util_funcs.py:111] Provide "objs" in result is deprecated and will be removed in future versions! Please use "objectives" instead.
[2023-04-10 19:29:04,948][moc][INFO][generic_smbo.py:352] Iter 1, objectives: [-0.6135514634637623].
[2023-04-10 19:29:04,950][moc][WARNING][util_funcs.py:111] Provide "objs" in result is deprecated and will be removed in future versions! Please use "objectives" instead.
[2023-04-10 19:29:04,950][moc][INFO][generic_smbo.py:352] Iter 2, objectives: [-0.45913851058152955].
[2023-04-10 19:29:04,952][moc][WARNING][util_funcs.py:111] Provide "objs" in result is deprecated and will be removed in future versions! Please use "objectives" instead.
[2023-04-10 19:29:04,952][moc][INFO][generic_smbo.py:352] Iter 3, objectives: [-0.5350735892100782].
[2023-04-10 19:29:04,954][moc][WARNING][util_funcs.py:111] Provide "objs" in result is deprecated and will be removed in future versions! Please use "objectives" instead.
[2023-04-10 19:29:04,954][moc][INFO][generic_smbo.py:352] Iter 4, objectives: [-0.4296002106072072].
[2023-04-10 19:29:04,956][moc][WARNING][util_funcs.py:111] Provide "objs" in result is deprecated and will be removed in future versions! Please use "objectives" instead.
[2023-04-10 19:29:04,957][moc][INFO][generic_smbo.py:352] Iter 5, objectives: [-0.6348466957166014].
[2023-04-10 19:29:04,958][moc][WARNING][util_funcs.py:111] Provide "objs" in result is deprecated and will be removed in future versions! Please use "objectives" instead.
[2023-04-10 19:29:04,958][moc][INFO][generic_smbo.py:352] Iter 6, objectives: [-3.99923501352906].
[2023-04-10 19:29:04,960][moc][WARNING][util_funcs.py:111] Provide "objs" in result is deprecated and will be removed in future versions! Please use "objectives" instead.
[2023-04-10 19:29:04,960][moc][INFO][generic_smbo.py:352] Iter 7, objectives: [-0.4116563348435232].
[2023-04-10 19:29:04,962][moc][WARNING][util_funcs.py:111] Provide "objs" in result is deprecated and will be removed in future versions! Please use "objectives" instead.
[2023-04-10 19:29:04,962][moc][INFO][generic_smbo.py:352] Iter 8, objectives: [-0.605312895397647].
[2023-04-10 19:29:04,964][moc][WARNING][util_funcs.py:111] Provide "objs" in result is deprecated and will be removed in future versions! Please use "objectives" instead.
[2023-04-10 19:29:04,964][moc][INFO][generic_smbo.py:352] Iter 9, objectives: [-0.4815322860910621].
[2023-04-10 19:29:04,966][moc][WARNING][util_funcs.py:111] Provide "objs" in result is deprecated and will be removed in future versions! Please use "objectives" instead.
[2023-04-10 19:29:04,966][moc][INFO][generic_smbo.py:352] Iter 10, objectives: [-0.36165521311743387].
[2023-04-10 19:29:04,968][moc][WARNING][util_funcs.py:111] Provide "objs" in result is deprecated and will be removed in future versions! Please use "objectives" instead.
[2023-04-10 19:29:04,968][moc][INFO][generic_smbo.py:352] Iter 11, objectives: [-0.2773890366450783].
[2023-04-10 19:29:04,971][moc][WARNING][util_funcs.py:111] Provide "objs" in result is deprecated and will be removed in future versions! Please use "objectives" instead.
[2023-04-10 19:29:04,971][moc][INFO][generic_smbo.py:352] Iter 12, objectives: [-2.5296006174265377].
[2023-04-10 19:29:04,973][moc][WARNING][util_funcs.py:111] Provide "objs" in result is deprecated and will be removed in future versions! Please use "objectives" instead.
[2023-04-10 19:29:04,973][moc][INFO][generic_smbo.py:352] Iter 13, objectives: [-1.1052583232388766].
[2023-04-10 19:29:04,975][moc][WARNING][util_funcs.py:111] Provide "objs" in result is deprecated and will be removed in future versions! Please use "objectives" instead.
[2023-04-10 19:29:04,975][moc][INFO][generic_smbo.py:352] Iter 14, objectives: [-0.3028596338073675].
[2023-04-10 19:29:04,977][moc][WARNING][util_funcs.py:111] Provide "objs" in result is deprecated and will be removed in future versions! Please use "objectives" instead.
[2023-04-10 19:29:04,977][moc][INFO][generic_smbo.py:352] Iter 15, objectives: [-2.1830568549459244].
[2023-04-10 19:29:04,979][moc][WARNING][util_funcs.py:111] Provide "objs" in result is deprecated and will be removed in future versions! Please use "objectives" instead.
[2023-04-10 19:29:04,979][moc][INFO][generic_smbo.py:352] Iter 16, objectives: [-103.94505580768471].
[2023-04-10 19:29:04,981][moc][WARNING][util_funcs.py:111] Provide "objs" in result is deprecated and will be removed in future versions! Please use "objectives" instead.
[2023-04-10 19:29:04,981][moc][INFO][generic_smbo.py:352] Iter 17, objectives: [-0.8667859164380213].
[2023-04-10 19:29:04,983][moc][WARNING][util_funcs.py:111] Provide "objs" in result is deprecated and will be removed in future versions! Please use "objectives" instead.
[2023-04-10 19:29:04,984][moc][INFO][generic_smbo.py:352] Iter 18, objectives: [-0.3382073459994874].
[2023-04-10 19:29:04,986][moc][WARNING][util_funcs.py:111] Provide "objs" in result is deprecated and will be removed in future versions! Please use "objectives" instead.
[2023-04-10 19:29:04,986][moc][INFO][generic_smbo.py:352] Iter 19, objectives: [-0.7698406687496757].
[2023-04-10 19:29:04,988][moc][WARNING][util_funcs.py:111] Provide "objs" in result is deprecated and will be removed in future versions! Please use "objectives" instead.
[2023-04-10 19:29:04,988][moc][INFO][generic_smbo.py:352] Iter 20, objectives: [-0.7855032803220251].
[2023-04-10 19:29:04,989][moc][WARNING][util_funcs.py:111] Provide "objs" in result is deprecated and will be removed in future versions! Please use "objectives" instead.
[2023-04-10 19:29:04,989][moc][WARNING][util_funcs.py:123] Unused information in result: {'config': [{'data_parallel_size': 1, 'micro_batch_size': 261, 'model_parallel_size': 8, 'num_reticle_per_pipeline_stage': 10, 'tensor_parallel_size': 1}]}
[2023-04-10 19:29:04,989][moc][INFO][generic_smbo.py:437] Iter 11, objectives: [-103.94505580768471].
[2023-04-10 19:29:09,158][moc][WARNING][util_funcs.py:231] Keyword argument "num_objs" is deprecated and will be removed in a future version. Please use "num_objectives" instead.
