[2023-04-10 16:47:34,735][moc][INFO][color_logger.py:203] Logfile: /home/chenyiqi/wafer_scale_chip_dse_framework/logs/moc_2023-04-10-16-47-34-735719.log
[2023-04-10 16:47:34,741][moc][WARNING][util_funcs.py:111] Provide "objs" in result is deprecated and will be removed in future versions! Please use "objectives" instead.
[2023-04-10 16:47:34,741][moc][INFO][generic_smbo.py:333] Iter 1, objectives: [-298.4289629793387].
[2023-04-10 16:47:34,744][moc][WARNING][util_funcs.py:111] Provide "objs" in result is deprecated and will be removed in future versions! Please use "objectives" instead.
[2023-04-10 16:47:34,744][moc][INFO][generic_smbo.py:333] Iter 2, objectives: [-0.7157161990033003].
[2023-04-10 16:47:34,747][moc][WARNING][util_funcs.py:111] Provide "objs" in result is deprecated and will be removed in future versions! Please use "objectives" instead.
[2023-04-10 16:47:34,747][moc][INFO][generic_smbo.py:333] Iter 3, objectives: [-49.8613226145057].
[2023-04-10 16:47:34,750][moc][WARNING][util_funcs.py:111] Provide "objs" in result is deprecated and will be removed in future versions! Please use "objectives" instead.
[2023-04-10 16:47:34,751][moc][INFO][generic_smbo.py:333] Iter 4, objectives: [-3.1206764752985263].
[2023-04-10 16:47:34,754][moc][WARNING][util_funcs.py:111] Provide "objs" in result is deprecated and will be removed in future versions! Please use "objectives" instead.
[2023-04-10 16:47:34,754][moc][INFO][generic_smbo.py:333] Iter 5, objectives: [-88.11799534504767].
[2023-04-10 16:47:34,757][moc][WARNING][util_funcs.py:111] Provide "objs" in result is deprecated and will be removed in future versions! Please use "objectives" instead.
[2023-04-10 16:47:34,757][moc][INFO][generic_smbo.py:333] Iter 6, objectives: [-1.5525040601436864].
[2023-04-10 16:47:34,760][moc][WARNING][util_funcs.py:111] Provide "objs" in result is deprecated and will be removed in future versions! Please use "objectives" instead.
[2023-04-10 16:47:34,760][moc][INFO][generic_smbo.py:333] Iter 7, objectives: [-4.5560249560531405].
[2023-04-10 16:47:34,764][moc][WARNING][util_funcs.py:111] Provide "objs" in result is deprecated and will be removed in future versions! Please use "objectives" instead.
[2023-04-10 16:47:34,764][moc][INFO][generic_smbo.py:333] Iter 8, objectives: [-0.42810036000133783].
[2023-04-10 16:47:34,767][moc][WARNING][util_funcs.py:111] Provide "objs" in result is deprecated and will be removed in future versions! Please use "objectives" instead.
[2023-04-10 16:47:34,767][moc][INFO][generic_smbo.py:333] Iter 9, objectives: [-0.5512315215277007].
[2023-04-10 16:47:34,770][moc][WARNING][util_funcs.py:111] Provide "objs" in result is deprecated and will be removed in future versions! Please use "objectives" instead.
[2023-04-10 16:47:34,770][moc][INFO][generic_smbo.py:333] Iter 10, objectives: [-0.7097547190868964].
[2023-04-10 16:47:34,771][moc][WARNING][util_funcs.py:111] Provide "objs" in result is deprecated and will be removed in future versions! Please use "objectives" instead.
[2023-04-10 16:47:34,771][moc][WARNING][util_funcs.py:123] Unused information in result: {'config': [Configuration(values={
  'data_parallel_size': 1,
  'micro_batch_size': 216,
  'model_parallel_size': 1,
  'num_reticle_per_pipeline_stage': 173,
  'tensor_parallel_size': 1,
})
]}
[2023-04-10 16:47:34,771][moc][INFO][generic_smbo.py:418] Iter 4, objectives: [-298.4289629793387].
[2023-04-10 16:47:34,772][moc][WARNING][util_funcs.py:231] Keyword argument "num_objs" is deprecated and will be removed in a future version. Please use "num_objectives" instead.
