[2023-04-10 19:28:41,457][moc][INFO][color_logger.py:203] Logfile: /home/chenyiqi/wafer_scale_chip_dse_framework/logs/moc_2023-04-10-19-28-41-457247.log
[2023-04-10 19:28:41,515][moc][WARNING][util_funcs.py:111] Provide "objs" in result is deprecated and will be removed in future versions! Please use "objectives" instead.
[2023-04-10 19:28:41,515][moc][INFO][generic_smbo.py:352] Iter 1, objectives: [-0.11444290421338563].
[2023-04-10 19:28:41,567][moc][WARNING][util_funcs.py:111] Provide "objs" in result is deprecated and will be removed in future versions! Please use "objectives" instead.
[2023-04-10 19:28:41,567][moc][INFO][generic_smbo.py:352] Iter 2, objectives: [-0.09995626519108869].
[2023-04-10 19:28:41,615][moc][WARNING][util_funcs.py:111] Provide "objs" in result is deprecated and will be removed in future versions! Please use "objectives" instead.
[2023-04-10 19:28:41,615][moc][INFO][generic_smbo.py:352] Iter 3, objectives: [-0.49600830321151723].
[2023-04-10 19:28:41,671][moc][WARNING][util_funcs.py:111] Provide "objs" in result is deprecated and will be removed in future versions! Please use "objectives" instead.
[2023-04-10 19:28:41,671][moc][INFO][generic_smbo.py:352] Iter 4, objectives: [-0.05305025170565211].
[2023-04-10 19:28:41,720][moc][WARNING][util_funcs.py:111] Provide "objs" in result is deprecated and will be removed in future versions! Please use "objectives" instead.
[2023-04-10 19:28:41,721][moc][INFO][generic_smbo.py:352] Iter 5, objectives: [-0.22852228688170714].
[2023-04-10 19:28:41,774][moc][WARNING][util_funcs.py:111] Provide "objs" in result is deprecated and will be removed in future versions! Please use "objectives" instead.
[2023-04-10 19:28:41,774][moc][INFO][generic_smbo.py:352] Iter 6, objectives: [-0.11949034138966735].
[2023-04-10 19:28:41,829][moc][WARNING][util_funcs.py:111] Provide "objs" in result is deprecated and will be removed in future versions! Please use "objectives" instead.
[2023-04-10 19:28:41,829][moc][INFO][generic_smbo.py:352] Iter 7, objectives: [-0.058666418919787564].
[2023-04-10 19:28:41,883][moc][WARNING][util_funcs.py:111] Provide "objs" in result is deprecated and will be removed in future versions! Please use "objectives" instead.
[2023-04-10 19:28:41,883][moc][INFO][generic_smbo.py:352] Iter 8, objectives: [-0.6343505784786526].
[2023-04-10 19:28:41,937][moc][WARNING][util_funcs.py:111] Provide "objs" in result is deprecated and will be removed in future versions! Please use "objectives" instead.
[2023-04-10 19:28:41,937][moc][INFO][generic_smbo.py:352] Iter 9, objectives: [-0.08246071326014223].
[2023-04-10 19:28:41,992][moc][WARNING][util_funcs.py:111] Provide "objs" in result is deprecated and will be removed in future versions! Please use "objectives" instead.
[2023-04-10 19:28:41,992][moc][INFO][generic_smbo.py:352] Iter 10, objectives: [-0.031022655442758052].
[2023-04-10 19:28:42,047][moc][WARNING][util_funcs.py:111] Provide "objs" in result is deprecated and will be removed in future versions! Please use "objectives" instead.
[2023-04-10 19:28:42,047][moc][INFO][generic_smbo.py:352] Iter 11, objectives: [-0.07464326688327401].
[2023-04-10 19:28:42,100][moc][WARNING][util_funcs.py:111] Provide "objs" in result is deprecated and will be removed in future versions! Please use "objectives" instead.
[2023-04-10 19:28:42,100][moc][INFO][generic_smbo.py:352] Iter 12, objectives: [-0.044912207039392575].
[2023-04-10 19:28:42,149][moc][WARNING][util_funcs.py:111] Provide "objs" in result is deprecated and will be removed in future versions! Please use "objectives" instead.
[2023-04-10 19:28:42,149][moc][INFO][generic_smbo.py:352] Iter 13, objectives: [-0.21759229011079298].
[2023-04-10 19:28:42,196][moc][WARNING][util_funcs.py:111] Provide "objs" in result is deprecated and will be removed in future versions! Please use "objectives" instead.
[2023-04-10 19:28:42,196][moc][INFO][generic_smbo.py:352] Iter 14, objectives: [-0.11285332909203716].
[2023-04-10 19:28:42,244][moc][WARNING][util_funcs.py:111] Provide "objs" in result is deprecated and will be removed in future versions! Please use "objectives" instead.
[2023-04-10 19:28:42,244][moc][INFO][generic_smbo.py:352] Iter 15, objectives: [-0.39776654034063114].
[2023-04-10 19:28:42,299][moc][WARNING][util_funcs.py:111] Provide "objs" in result is deprecated and will be removed in future versions! Please use "objectives" instead.
[2023-04-10 19:28:42,299][moc][INFO][generic_smbo.py:352] Iter 16, objectives: [-0.07976027409868616].
[2023-04-10 19:28:42,348][moc][WARNING][util_funcs.py:111] Provide "objs" in result is deprecated and will be removed in future versions! Please use "objectives" instead.
[2023-04-10 19:28:42,348][moc][INFO][generic_smbo.py:352] Iter 17, objectives: [-0.36967285267436223].
[2023-04-10 19:28:42,404][moc][WARNING][util_funcs.py:111] Provide "objs" in result is deprecated and will be removed in future versions! Please use "objectives" instead.
[2023-04-10 19:28:42,405][moc][INFO][generic_smbo.py:352] Iter 18, objectives: [-0.025224819436663038].
[2023-04-10 19:28:42,459][moc][WARNING][util_funcs.py:111] Provide "objs" in result is deprecated and will be removed in future versions! Please use "objectives" instead.
[2023-04-10 19:28:42,459][moc][INFO][generic_smbo.py:352] Iter 19, objectives: [-0.10317037480065935].
[2023-04-10 19:28:42,627][moc][WARNING][util_funcs.py:111] Provide "objs" in result is deprecated and will be removed in future versions! Please use "objectives" instead.
[2023-04-10 19:28:42,628][moc][INFO][generic_smbo.py:352] Iter 20, objectives: [-0.7941640357828559].
[2023-04-10 19:28:42,628][moc][WARNING][util_funcs.py:111] Provide "objs" in result is deprecated and will be removed in future versions! Please use "objectives" instead.
[2023-04-10 19:28:42,628][moc][WARNING][util_funcs.py:123] Unused information in result: {'config': [{'data_parallel_size': 1, 'micro_batch_size': 1, 'model_parallel_size': 24, 'num_reticle_per_pipeline_stage': 1, 'tensor_parallel_size': 6}]}
[2023-04-10 19:28:42,628][moc][INFO][generic_smbo.py:437] Iter 5, objectives: [-0.7941640357828559].
[2023-04-10 19:28:42,629][moc][WARNING][util_funcs.py:231] Keyword argument "num_objs" is deprecated and will be removed in a future version. Please use "num_objectives" instead.
