[2023-04-09 19:25:42,023][moc][INFO][color_logger.py:203] Logfile: /home/chenyiqi/wafer_scale_chip_dse_framework/logs/moc_2023-04-09-19-25-42-019592.log
[2023-04-09 19:25:42,031][moc][INFO][generic_advisor.py:157] [BO auto selection]  acq_type: ei.
[2023-04-09 19:25:42,274][moc][WARNING][util_funcs.py:111] Provide "objs" in result is deprecated and will be removed in future versions! Please use "objectives" instead.
[2023-04-09 19:25:42,275][moc][INFO][generic_smbo.py:332] Iter 1, objectives: [-0.011575313164189619].
[2023-04-09 19:25:42,436][moc][WARNING][util_funcs.py:111] Provide "objs" in result is deprecated and will be removed in future versions! Please use "objectives" instead.
[2023-04-09 19:25:42,437][moc][INFO][generic_smbo.py:332] Iter 2, objectives: [-0.011575303128736187].
[2023-04-09 19:25:42,648][moc][WARNING][util_funcs.py:111] Provide "objs" in result is deprecated and will be removed in future versions! Please use "objectives" instead.
[2023-04-09 19:25:42,649][moc][INFO][generic_smbo.py:332] Iter 3, objectives: [-0.017361762987438745].
[2023-04-09 19:25:42,844][moc][WARNING][util_funcs.py:111] Provide "objs" in result is deprecated and will be removed in future versions! Please use "objectives" instead.
[2023-04-09 19:25:42,845][moc][INFO][generic_smbo.py:332] Iter 4, objectives: [-0.008681793729397062].
[2023-04-09 19:25:43,323][moc][WARNING][util_funcs.py:111] Provide "objs" in result is deprecated and will be removed in future versions! Please use "objectives" instead.
[2023-04-09 19:25:43,324][moc][INFO][generic_smbo.py:332] Iter 5, objectives: [-0.008681806193698297].
[2023-04-09 19:25:43,715][moc][WARNING][util_funcs.py:111] Provide "objs" in result is deprecated and will be removed in future versions! Please use "objectives" instead.
[2023-04-09 19:25:43,716][moc][INFO][generic_smbo.py:332] Iter 6, objectives: [-0.006945588863462108].
[2023-04-09 19:25:44,764][moc][WARNING][util_funcs.py:111] Provide "objs" in result is deprecated and will be removed in future versions! Please use "objectives" instead.
[2023-04-09 19:25:44,766][moc][INFO][generic_smbo.py:332] Iter 7, objectives: [-0.017361759036525676].
[2023-04-09 19:25:45,731][moc][WARNING][util_funcs.py:111] Provide "objs" in result is deprecated and will be removed in future versions! Please use "objectives" instead.
[2023-04-09 19:25:45,732][moc][INFO][generic_smbo.py:332] Iter 8, objectives: [-0.017361759036525676].
[2023-04-09 19:25:47,018][moc][WARNING][util_funcs.py:111] Provide "objs" in result is deprecated and will be removed in future versions! Please use "objectives" instead.
[2023-04-09 19:25:47,019][moc][INFO][generic_smbo.py:332] Iter 9, objectives: [-0.01736175452119866].
[2023-04-09 19:25:48,166][moc][WARNING][util_funcs.py:111] Provide "objs" in result is deprecated and will be removed in future versions! Please use "objectives" instead.
[2023-04-09 19:25:48,167][moc][INFO][generic_smbo.py:332] Iter 10, objectives: [-0.01736175452119866].
[2023-04-09 19:25:49,608][moc][WARNING][util_funcs.py:111] Provide "objs" in result is deprecated and will be removed in future versions! Please use "objectives" instead.
[2023-04-09 19:25:49,609][moc][INFO][generic_smbo.py:332] Iter 11, objectives: [-0.017361749311208867].
[2023-04-09 19:25:50,703][moc][WARNING][util_funcs.py:111] Provide "objs" in result is deprecated and will be removed in future versions! Please use "objectives" instead.
[2023-04-09 19:25:50,704][moc][INFO][generic_smbo.py:332] Iter 12, objectives: [-0.017361769572297854].
[2023-04-09 19:25:50,705][moc][INFO][generic_advisor.py:365] Sample random config. rand_prob=0.100000.
[2023-04-09 19:25:51,356][moc][WARNING][util_funcs.py:111] Provide "objs" in result is deprecated and will be removed in future versions! Please use "objectives" instead.
[2023-04-09 19:25:51,357][moc][INFO][generic_smbo.py:332] Iter 13, objectives: [-0.004961253893052271].
[2023-04-09 19:25:52,783][moc][WARNING][util_funcs.py:111] Provide "objs" in result is deprecated and will be removed in future versions! Please use "objectives" instead.
[2023-04-09 19:25:52,784][moc][INFO][generic_smbo.py:332] Iter 14, objectives: [-0.017361766473540003].
[2023-04-09 19:25:53,863][moc][WARNING][util_funcs.py:111] Provide "objs" in result is deprecated and will be removed in future versions! Please use "objectives" instead.
[2023-04-09 19:25:53,864][moc][INFO][generic_smbo.py:332] Iter 15, objectives: [-0.017361772344871605].
[2023-04-09 19:25:55,541][moc][WARNING][util_funcs.py:111] Provide "objs" in result is deprecated and will be removed in future versions! Please use "objectives" instead.
[2023-04-09 19:25:55,542][moc][INFO][generic_smbo.py:332] Iter 16, objectives: [-0.017361774840188735].
[2023-04-09 19:25:56,739][moc][WARNING][util_funcs.py:111] Provide "objs" in result is deprecated and will be removed in future versions! Please use "objectives" instead.
[2023-04-09 19:25:56,740][moc][INFO][generic_smbo.py:332] Iter 17, objectives: [-0.017361774840188735].
[2023-04-09 19:25:58,535][moc][WARNING][util_funcs.py:111] Provide "objs" in result is deprecated and will be removed in future versions! Please use "objectives" instead.
[2023-04-09 19:25:58,536][moc][INFO][generic_smbo.py:332] Iter 18, objectives: [-0.01736177709785723].
[2023-04-09 19:25:59,946][moc][WARNING][util_funcs.py:111] Provide "objs" in result is deprecated and will be removed in future versions! Please use "objectives" instead.
[2023-04-09 19:25:59,947][moc][INFO][generic_smbo.py:332] Iter 19, objectives: [-0.017361759036525676].
[2023-04-09 19:26:01,350][moc][WARNING][util_funcs.py:111] Provide "objs" in result is deprecated and will be removed in future versions! Please use "objectives" instead.
[2023-04-09 19:26:01,351][moc][INFO][generic_smbo.py:332] Iter 20, objectives: [-0.017361762987438745].
[2023-04-09 19:26:02,681][moc][WARNING][util_funcs.py:111] Provide "objs" in result is deprecated and will be removed in future versions! Please use "objectives" instead.
[2023-04-09 19:26:02,682][moc][INFO][generic_smbo.py:332] Iter 21, objectives: [-0.017361743232891393].
[2023-04-09 19:26:04,234][moc][WARNING][util_funcs.py:111] Provide "objs" in result is deprecated and will be removed in future versions! Please use "objectives" instead.
[2023-04-09 19:26:04,236][moc][INFO][generic_smbo.py:332] Iter 22, objectives: [-0.017361736049430775].
[2023-04-09 19:26:05,876][moc][WARNING][util_funcs.py:111] Provide "objs" in result is deprecated and will be removed in future versions! Please use "objectives" instead.
[2023-04-09 19:26:05,877][moc][INFO][generic_smbo.py:332] Iter 23, objectives: [-0.017361743232891393].
[2023-04-09 19:26:07,525][moc][WARNING][util_funcs.py:111] Provide "objs" in result is deprecated and will be removed in future versions! Please use "objectives" instead.
[2023-04-09 19:26:07,526][moc][INFO][generic_smbo.py:332] Iter 24, objectives: [-0.017361743232891393].
[2023-04-09 19:26:08,863][moc][WARNING][util_funcs.py:111] Provide "objs" in result is deprecated and will be removed in future versions! Please use "objectives" instead.
[2023-04-09 19:26:08,865][moc][INFO][generic_smbo.py:332] Iter 25, objectives: [-0.017361716893564853].
[2023-04-09 19:26:10,562][moc][WARNING][util_funcs.py:111] Provide "objs" in result is deprecated and will be removed in future versions! Please use "objectives" instead.
[2023-04-09 19:26:10,563][moc][INFO][generic_smbo.py:332] Iter 26, objectives: [-0.017361716893564853].
[2023-04-09 19:26:12,397][moc][WARNING][util_funcs.py:111] Provide "objs" in result is deprecated and will be removed in future versions! Please use "objectives" instead.
[2023-04-09 19:26:12,398][moc][INFO][generic_smbo.py:332] Iter 27, objectives: [-0.017361716893564853].
[2023-04-09 19:26:14,125][moc][WARNING][util_funcs.py:111] Provide "objs" in result is deprecated and will be removed in future versions! Please use "objectives" instead.
[2023-04-09 19:26:14,126][moc][INFO][generic_smbo.py:332] Iter 28, objectives: [-0.017361736049430775].
[2023-04-09 19:26:15,371][moc][WARNING][util_funcs.py:111] Provide "objs" in result is deprecated and will be removed in future versions! Please use "objectives" instead.
[2023-04-09 19:26:15,372][moc][INFO][generic_smbo.py:332] Iter 29, objectives: [-0.01736172742928588].
[2023-04-09 19:26:15,373][moc][INFO][generic_advisor.py:365] Sample random config. rand_prob=0.100000.
[2023-04-09 19:26:17,601][moc][WARNING][util_funcs.py:111] Provide "objs" in result is deprecated and will be removed in future versions! Please use "objectives" instead.
[2023-04-09 19:26:17,602][moc][INFO][generic_smbo.py:332] Iter 30, objectives: [-0.008681809137235819].
[2023-04-09 19:26:19,083][moc][WARNING][util_funcs.py:111] Provide "objs" in result is deprecated and will be removed in future versions! Please use "objectives" instead.
[2023-04-09 19:26:19,084][moc][INFO][generic_smbo.py:332] Iter 31, objectives: [-0.017361736049430775].
[2023-04-09 19:26:21,037][moc][WARNING][util_funcs.py:111] Provide "objs" in result is deprecated and will be removed in future versions! Please use "objectives" instead.
[2023-04-09 19:26:21,038][moc][INFO][generic_smbo.py:332] Iter 32, objectives: [-0.017361743232891393].
[2023-04-09 19:26:23,472][moc][WARNING][util_funcs.py:111] Provide "objs" in result is deprecated and will be removed in future versions! Please use "objectives" instead.
[2023-04-09 19:26:23,473][moc][INFO][generic_smbo.py:332] Iter 33, objectives: [-0.017361749311208867].
[2023-04-09 19:26:25,242][moc][WARNING][util_funcs.py:111] Provide "objs" in result is deprecated and will be removed in future versions! Please use "objectives" instead.
[2023-04-09 19:26:25,243][moc][INFO][generic_smbo.py:332] Iter 34, objectives: [-0.017361743232891393].
[2023-04-09 19:26:28,531][moc][WARNING][util_funcs.py:111] Provide "objs" in result is deprecated and will be removed in future versions! Please use "objectives" instead.
[2023-04-09 19:26:28,533][moc][INFO][generic_smbo.py:332] Iter 35, objectives: [-0.017361736049430775].
[2023-04-09 19:26:31,445][moc][WARNING][util_funcs.py:111] Provide "objs" in result is deprecated and will be removed in future versions! Please use "objectives" instead.
[2023-04-09 19:26:31,446][moc][INFO][generic_smbo.py:332] Iter 36, objectives: [-0.01736172742928588].
[2023-04-09 19:26:34,510][moc][WARNING][util_funcs.py:111] Provide "objs" in result is deprecated and will be removed in future versions! Please use "objectives" instead.
[2023-04-09 19:26:34,512][moc][INFO][generic_smbo.py:332] Iter 37, objectives: [-0.017361716893564853].
[2023-04-09 19:26:38,308][moc][WARNING][util_funcs.py:111] Provide "objs" in result is deprecated and will be removed in future versions! Please use "objectives" instead.
[2023-04-09 19:26:38,310][moc][INFO][generic_smbo.py:332] Iter 38, objectives: [-0.01736172742928588].
[2023-04-09 19:26:40,356][moc][WARNING][util_funcs.py:111] Provide "objs" in result is deprecated and will be removed in future versions! Please use "objectives" instead.
[2023-04-09 19:26:40,377][moc][INFO][generic_smbo.py:332] Iter 39, objectives: [-0.017361716893564853].
[2023-04-09 19:26:44,234][moc][WARNING][util_funcs.py:111] Provide "objs" in result is deprecated and will be removed in future versions! Please use "objectives" instead.
[2023-04-09 19:26:44,235][moc][INFO][generic_smbo.py:332] Iter 40, objectives: [-0.01736172742928588].
[2023-04-09 19:26:48,741][moc][WARNING][util_funcs.py:111] Provide "objs" in result is deprecated and will be removed in future versions! Please use "objectives" instead.
[2023-04-09 19:26:48,743][moc][INFO][generic_smbo.py:332] Iter 41, objectives: [-0.017361736049430775].
[2023-04-09 19:26:53,099][moc][WARNING][util_funcs.py:111] Provide "objs" in result is deprecated and will be removed in future versions! Please use "objectives" instead.
[2023-04-09 19:26:53,101][moc][INFO][generic_smbo.py:332] Iter 42, objectives: [-0.011575312160643492].
[2023-04-09 19:26:57,743][moc][WARNING][util_funcs.py:111] Provide "objs" in result is deprecated and will be removed in future versions! Please use "objectives" instead.
[2023-04-09 19:26:57,744][moc][INFO][generic_smbo.py:332] Iter 43, objectives: [-0.017361703723931553].
[2023-04-09 19:27:02,290][moc][WARNING][util_funcs.py:111] Provide "objs" in result is deprecated and will be removed in future versions! Please use "objectives" instead.
[2023-04-09 19:27:02,291][moc][INFO][generic_smbo.py:332] Iter 44, objectives: [-0.017361703723931553].
[2023-04-09 19:27:05,272][moc][WARNING][util_funcs.py:111] Provide "objs" in result is deprecated and will be removed in future versions! Please use "objectives" instead.
[2023-04-09 19:27:05,273][moc][INFO][generic_smbo.py:332] Iter 45, objectives: [-0.017361716893564853].
[2023-04-09 19:27:10,090][moc][WARNING][util_funcs.py:111] Provide "objs" in result is deprecated and will be removed in future versions! Please use "objectives" instead.
[2023-04-09 19:27:10,091][moc][INFO][generic_smbo.py:332] Iter 46, objectives: [-0.017361703723931553].
[2023-04-09 19:27:15,457][moc][WARNING][util_funcs.py:111] Provide "objs" in result is deprecated and will be removed in future versions! Please use "objectives" instead.
[2023-04-09 19:27:15,458][moc][INFO][generic_smbo.py:332] Iter 47, objectives: [-0.017361716893564853].
[2023-04-09 19:27:23,067][moc][WARNING][util_funcs.py:111] Provide "objs" in result is deprecated and will be removed in future versions! Please use "objectives" instead.
[2023-04-09 19:27:23,068][moc][INFO][generic_smbo.py:332] Iter 48, objectives: [-0.017361716893564853].
[2023-04-09 19:27:29,078][moc][WARNING][util_funcs.py:111] Provide "objs" in result is deprecated and will be removed in future versions! Please use "objectives" instead.
[2023-04-09 19:27:29,079][moc][INFO][generic_smbo.py:332] Iter 49, objectives: [-0.017361703723931553].
[2023-04-09 19:27:33,195][moc][WARNING][util_funcs.py:111] Provide "objs" in result is deprecated and will be removed in future versions! Please use "objectives" instead.
[2023-04-09 19:27:33,196][moc][INFO][generic_smbo.py:332] Iter 50, objectives: [-0.017361703723931553].
