[2023-04-09 19:01:17,718][moc][INFO][color_logger.py:203] Logfile: /home/chenyiqi/wafer_scale_chip_dse_framework/logs/moc_2023-04-09-19-01-17-718218.log
[2023-04-09 19:01:17,721][moc][INFO][generic_advisor.py:157] [BO auto selection]  acq_type: ei.
[2023-04-09 19:01:18,031][moc][WARNING][util_funcs.py:111] Provide "objs" in result is deprecated and will be removed in future versions! Please use "objectives" instead.
[2023-04-09 19:01:18,032][moc][INFO][generic_smbo.py:332] Iter 1, objectives: [-0.006945586711555101].
[2023-04-09 19:01:18,259][moc][WARNING][util_funcs.py:111] Provide "objs" in result is deprecated and will be removed in future versions! Please use "objectives" instead.
[2023-04-09 19:01:18,260][moc][INFO][generic_smbo.py:332] Iter 2, objectives: [-0.017361703723931553].
[2023-04-09 19:01:18,429][moc][WARNING][util_funcs.py:111] Provide "objs" in result is deprecated and will be removed in future versions! Please use "objectives" instead.
[2023-04-09 19:01:18,430][moc][INFO][generic_smbo.py:332] Iter 3, objectives: [-0.017361703723931553].
[2023-04-09 19:01:20,535][moc][WARNING][util_funcs.py:111] Provide "objs" in result is deprecated and will be removed in future versions! Please use "objectives" instead.
[2023-04-09 19:01:20,536][moc][INFO][generic_smbo.py:332] Iter 4, objectives: [-0.004341130189065275].
[2023-04-09 19:01:20,988][moc][WARNING][util_funcs.py:111] Provide "objs" in result is deprecated and will be removed in future versions! Please use "objectives" instead.
[2023-04-09 19:01:20,990][moc][INFO][generic_smbo.py:332] Iter 5, objectives: [-0.011575329693209674].
[2023-04-09 19:01:21,754][moc][WARNING][util_funcs.py:111] Provide "objs" in result is deprecated and will be removed in future versions! Please use "objectives" instead.
[2023-04-09 19:01:21,754][moc][INFO][generic_smbo.py:332] Iter 6, objectives: [-0.011575338781083858].
[2023-04-09 19:01:23,726][moc][WARNING][util_funcs.py:111] Provide "objs" in result is deprecated and will be removed in future versions! Please use "objectives" instead.
[2023-04-09 19:01:23,727][moc][INFO][generic_smbo.py:332] Iter 7, objectives: [-0.017361703723931553].
[2023-04-09 19:01:24,750][moc][WARNING][util_funcs.py:111] Provide "objs" in result is deprecated and will be removed in future versions! Please use "objectives" instead.
[2023-04-09 19:01:24,751][moc][INFO][generic_smbo.py:332] Iter 8, objectives: [-0.017361703723931553].
[2023-04-09 19:01:26,143][moc][WARNING][util_funcs.py:111] Provide "objs" in result is deprecated and will be removed in future versions! Please use "objectives" instead.
[2023-04-09 19:01:26,147][moc][INFO][generic_smbo.py:332] Iter 9, objectives: [-0.017361703723931553].
[2023-04-09 19:01:27,181][moc][WARNING][util_funcs.py:111] Provide "objs" in result is deprecated and will be removed in future versions! Please use "objectives" instead.
[2023-04-09 19:01:27,182][moc][INFO][generic_smbo.py:332] Iter 10, objectives: [-0.017361703723931553].
[2023-04-09 19:01:28,479][moc][WARNING][util_funcs.py:111] Provide "objs" in result is deprecated and will be removed in future versions! Please use "objectives" instead.
[2023-04-09 19:01:28,480][moc][INFO][generic_smbo.py:332] Iter 11, objectives: [-0.011575303128736187].
[2023-04-09 19:01:30,196][moc][WARNING][util_funcs.py:111] Provide "objs" in result is deprecated and will be removed in future versions! Please use "objectives" instead.
[2023-04-09 19:01:30,198][moc][INFO][generic_smbo.py:332] Iter 12, objectives: [-0.017361703723931553].
[2023-04-09 19:01:32,316][moc][WARNING][util_funcs.py:111] Provide "objs" in result is deprecated and will be removed in future versions! Please use "objectives" instead.
[2023-04-09 19:01:32,317][moc][INFO][generic_smbo.py:332] Iter 13, objectives: [-0.017361703723931553].
[2023-04-09 19:01:33,306][moc][WARNING][util_funcs.py:111] Provide "objs" in result is deprecated and will be removed in future versions! Please use "objectives" instead.
[2023-04-09 19:01:33,307][moc][INFO][generic_smbo.py:332] Iter 14, objectives: [-0.017361703723931553].
[2023-04-09 19:01:34,861][moc][WARNING][util_funcs.py:111] Provide "objs" in result is deprecated and will be removed in future versions! Please use "objectives" instead.
[2023-04-09 19:01:34,863][moc][INFO][generic_smbo.py:332] Iter 15, objectives: [-0.017361703723931553].
[2023-04-09 19:01:34,865][moc][INFO][generic_advisor.py:365] Sample random config. rand_prob=0.100000.
[2023-04-09 19:01:35,181][moc][WARNING][util_funcs.py:111] Provide "objs" in result is deprecated and will be removed in future versions! Please use "objectives" instead.
[2023-04-09 19:01:35,182][moc][INFO][generic_smbo.py:332] Iter 16, objectives: [-0.01157531667660243].
[2023-04-09 19:01:36,356][moc][WARNING][util_funcs.py:111] Provide "objs" in result is deprecated and will be removed in future versions! Please use "objectives" instead.
[2023-04-09 19:01:36,356][moc][INFO][generic_smbo.py:332] Iter 17, objectives: [-0.017361736049430775].
[2023-04-09 19:01:37,905][moc][WARNING][util_funcs.py:111] Provide "objs" in result is deprecated and will be removed in future versions! Please use "objectives" instead.
[2023-04-09 19:01:37,907][moc][INFO][generic_smbo.py:332] Iter 18, objectives: [-0.017361716893564853].
[2023-04-09 19:01:38,882][moc][WARNING][util_funcs.py:111] Provide "objs" in result is deprecated and will be removed in future versions! Please use "objectives" instead.
[2023-04-09 19:01:38,883][moc][INFO][generic_smbo.py:332] Iter 19, objectives: [-0.017361716893564853].
[2023-04-09 19:01:40,353][moc][WARNING][util_funcs.py:111] Provide "objs" in result is deprecated and will be removed in future versions! Please use "objectives" instead.
[2023-04-09 19:01:40,354][moc][INFO][generic_smbo.py:332] Iter 20, objectives: [-0.017361743232891393].
