[2023-04-10 16:49:40,391][moc][INFO][color_logger.py:203] Logfile: /home/chenyiqi/wafer_scale_chip_dse_framework/logs/moc_2023-04-10-16-49-40-391108.log
[2023-04-10 16:49:40,443][moc][WARNING][util_funcs.py:111] Provide "objs" in result is deprecated and will be removed in future versions! Please use "objectives" instead.
[2023-04-10 16:49:40,443][moc][INFO][generic_smbo.py:333] Iter 1, objectives: [-0.2665210963162479].
[2023-04-10 16:49:40,492][moc][WARNING][util_funcs.py:111] Provide "objs" in result is deprecated and will be removed in future versions! Please use "objectives" instead.
[2023-04-10 16:49:40,492][moc][INFO][generic_smbo.py:333] Iter 2, objectives: [-1.065927667663917].
[2023-04-10 16:49:40,538][moc][WARNING][util_funcs.py:111] Provide "objs" in result is deprecated and will be removed in future versions! Please use "objectives" instead.
[2023-04-10 16:49:40,538][moc][INFO][generic_smbo.py:333] Iter 3, objectives: [-0.4780216990410103].
[2023-04-10 16:49:40,576][moc][WARNING][util_funcs.py:111] Provide "objs" in result is deprecated and will be removed in future versions! Please use "objectives" instead.
[2023-04-10 16:49:40,576][moc][INFO][generic_smbo.py:333] Iter 4, objectives: [-0.6792020582709681].
[2023-04-10 16:49:40,628][moc][WARNING][util_funcs.py:111] Provide "objs" in result is deprecated and will be removed in future versions! Please use "objectives" instead.
[2023-04-10 16:49:40,628][moc][INFO][generic_smbo.py:333] Iter 5, objectives: [-0.29202041786470456].
[2023-04-10 16:49:40,679][moc][WARNING][util_funcs.py:111] Provide "objs" in result is deprecated and will be removed in future versions! Please use "objectives" instead.
[2023-04-10 16:49:40,679][moc][INFO][generic_smbo.py:333] Iter 6, objectives: [-4.669226310669845].
[2023-04-10 16:49:40,727][moc][WARNING][util_funcs.py:111] Provide "objs" in result is deprecated and will be removed in future versions! Please use "objectives" instead.
[2023-04-10 16:49:40,728][moc][INFO][generic_smbo.py:333] Iter 7, objectives: [-1.6627942374263718].
[2023-04-10 16:49:40,774][moc][WARNING][util_funcs.py:111] Provide "objs" in result is deprecated and will be removed in future versions! Please use "objectives" instead.
[2023-04-10 16:49:40,774][moc][INFO][generic_smbo.py:333] Iter 8, objectives: [-2.233243126689981].
[2023-04-10 16:49:40,818][moc][WARNING][util_funcs.py:111] Provide "objs" in result is deprecated and will be removed in future versions! Please use "objectives" instead.
[2023-04-10 16:49:40,819][moc][INFO][generic_smbo.py:333] Iter 9, objectives: [-2.8337126637702545].
[2023-04-10 16:49:40,873][moc][WARNING][util_funcs.py:111] Provide "objs" in result is deprecated and will be removed in future versions! Please use "objectives" instead.
[2023-04-10 16:49:40,873][moc][INFO][generic_smbo.py:333] Iter 10, objectives: [-0.7095743537388168].
[2023-04-10 16:49:40,873][moc][WARNING][util_funcs.py:111] Provide "objs" in result is deprecated and will be removed in future versions! Please use "objectives" instead.
[2023-04-10 16:49:40,873][moc][WARNING][util_funcs.py:123] Unused information in result: {'config': [Configuration(values={
  'data_parallel_size': 23,
  'micro_batch_size': 8,
  'model_parallel_size': 12,
  'num_reticle_per_pipeline_stage': 26,
  'tensor_parallel_size': 2,
})
]}
[2023-04-10 16:49:40,874][moc][INFO][generic_smbo.py:418] Iter 11, objectives: [-4.669226310669845].
[2023-04-10 16:49:45,576][moc][WARNING][util_funcs.py:231] Keyword argument "num_objs" is deprecated and will be removed in a future version. Please use "num_objectives" instead.
