[2023-04-10 16:41:06,397][moc][INFO][color_logger.py:203] Logfile: /home/chenyiqi/wafer_scale_chip_dse_framework/logs/moc_2023-04-10-16-41-06-397464.log
[2023-04-10 16:41:06,463][moc][WARNING][util_funcs.py:111] Provide "objs" in result is deprecated and will be removed in future versions! Please use "objectives" instead.
[2023-04-10 16:41:06,463][moc][INFO][generic_smbo.py:333] Iter 1, objectives: [-6.119497321773478].
[2023-04-10 16:41:06,555][moc][WARNING][util_funcs.py:111] Provide "objs" in result is deprecated and will be removed in future versions! Please use "objectives" instead.
[2023-04-10 16:41:06,556][moc][INFO][generic_smbo.py:333] Iter 2, objectives: [-2.04881032975329].
[2023-04-10 16:41:06,635][moc][WARNING][util_funcs.py:111] Provide "objs" in result is deprecated and will be removed in future versions! Please use "objectives" instead.
[2023-04-10 16:41:06,635][moc][INFO][generic_smbo.py:333] Iter 3, objectives: [-3.1410361745614166].
[2023-04-10 16:41:06,716][moc][WARNING][util_funcs.py:111] Provide "objs" in result is deprecated and will be removed in future versions! Please use "objectives" instead.
[2023-04-10 16:41:06,716][moc][INFO][generic_smbo.py:333] Iter 4, objectives: [-4.515561568946736].
[2023-04-10 16:41:06,795][moc][WARNING][util_funcs.py:111] Provide "objs" in result is deprecated and will be removed in future versions! Please use "objectives" instead.
[2023-04-10 16:41:06,795][moc][INFO][generic_smbo.py:333] Iter 5, objectives: [-2.3680466297646374].
[2023-04-10 16:41:06,891][moc][WARNING][util_funcs.py:111] Provide "objs" in result is deprecated and will be removed in future versions! Please use "objectives" instead.
[2023-04-10 16:41:06,892][moc][INFO][generic_smbo.py:333] Iter 6, objectives: [-0.178780660845697].
[2023-04-10 16:41:06,991][moc][WARNING][util_funcs.py:111] Provide "objs" in result is deprecated and will be removed in future versions! Please use "objectives" instead.
[2023-04-10 16:41:06,991][moc][INFO][generic_smbo.py:333] Iter 7, objectives: [-0.06611108511873771].
[2023-04-10 16:41:07,092][moc][WARNING][util_funcs.py:111] Provide "objs" in result is deprecated and will be removed in future versions! Please use "objectives" instead.
[2023-04-10 16:41:07,092][moc][INFO][generic_smbo.py:333] Iter 8, objectives: [-0.11774547894599519].
[2023-04-10 16:41:07,244][moc][WARNING][util_funcs.py:111] Provide "objs" in result is deprecated and will be removed in future versions! Please use "objectives" instead.
[2023-04-10 16:41:07,244][moc][INFO][generic_smbo.py:333] Iter 9, objectives: [-0.8317309391304103].
[2023-04-10 16:41:07,525][moc][WARNING][util_funcs.py:111] Provide "objs" in result is deprecated and will be removed in future versions! Please use "objectives" instead.
[2023-04-10 16:41:07,526][moc][INFO][generic_smbo.py:333] Iter 10, objectives: [-0.18956424001528913].
[2023-04-10 16:41:07,526][moc][WARNING][util_funcs.py:111] Provide "objs" in result is deprecated and will be removed in future versions! Please use "objectives" instead.
[2023-04-10 16:41:07,526][moc][WARNING][util_funcs.py:123] Unused information in result: {'config': [Configuration(values={
  'data_parallel_size': 3,
  'micro_batch_size': 41,
  'model_parallel_size': 12,
  'num_reticle_per_pipeline_stage': 21,
  'tensor_parallel_size': 8,
})
]}
[2023-04-10 16:41:07,527][moc][INFO][generic_smbo.py:418] Iter 6, objectives: [-6.119497321773478].
[2023-04-10 16:41:07,527][moc][WARNING][mf_advisor.py:421] No enough successful initial trials! Sample random configuration.
[2023-04-10 16:41:07,529][moc][WARNING][util_funcs.py:231] Keyword argument "num_objs" is deprecated and will be removed in a future version. Please use "num_objectives" instead.
