[2023-04-10 17:18:11,554][moc][INFO][color_logger.py:203] Logfile: /home/chenyiqi/wafer_scale_chip_dse_framework/logs/moc_2023-04-10-17-18-11-554052.log
[2023-04-10 17:18:12,170][moc][WARNING][util_funcs.py:111] Provide "objs" in result is deprecated and will be removed in future versions! Please use "objectives" instead.
[2023-04-10 17:18:12,170][moc][INFO][generic_smbo.py:333] Iter 1, objectives: [-4.771708783780757].
[2023-04-10 17:18:13,041][moc][WARNING][util_funcs.py:111] Provide "objs" in result is deprecated and will be removed in future versions! Please use "objectives" instead.
[2023-04-10 17:18:13,041][moc][INFO][generic_smbo.py:333] Iter 2, objectives: [-1.1664882019211738].
[2023-04-10 17:18:13,655][moc][WARNING][util_funcs.py:111] Provide "objs" in result is deprecated and will be removed in future versions! Please use "objectives" instead.
[2023-04-10 17:18:13,655][moc][INFO][generic_smbo.py:333] Iter 3, objectives: [-0.9365347290682202].
[2023-04-10 17:18:14,530][moc][WARNING][util_funcs.py:111] Provide "objs" in result is deprecated and will be removed in future versions! Please use "objectives" instead.
[2023-04-10 17:18:14,530][moc][INFO][generic_smbo.py:333] Iter 4, objectives: [-0.32004708143484817].
[2023-04-10 17:18:15,259][moc][WARNING][util_funcs.py:111] Provide "objs" in result is deprecated and will be removed in future versions! Please use "objectives" instead.
[2023-04-10 17:18:15,259][moc][INFO][generic_smbo.py:333] Iter 5, objectives: [-0.6648132837755585].
[2023-04-10 17:18:16,000][moc][WARNING][util_funcs.py:111] Provide "objs" in result is deprecated and will be removed in future versions! Please use "objectives" instead.
[2023-04-10 17:18:16,000][moc][INFO][generic_smbo.py:333] Iter 6, objectives: [-8.482883085190446].
[2023-04-10 17:18:16,644][moc][WARNING][util_funcs.py:111] Provide "objs" in result is deprecated and will be removed in future versions! Please use "objectives" instead.
[2023-04-10 17:18:16,645][moc][INFO][generic_smbo.py:333] Iter 7, objectives: [-0.8119391340978755].
[2023-04-10 17:18:17,430][moc][WARNING][util_funcs.py:111] Provide "objs" in result is deprecated and will be removed in future versions! Please use "objectives" instead.
[2023-04-10 17:18:17,431][moc][INFO][generic_smbo.py:333] Iter 8, objectives: [-0.7469516405581065].
[2023-04-10 17:18:18,312][moc][WARNING][util_funcs.py:111] Provide "objs" in result is deprecated and will be removed in future versions! Please use "objectives" instead.
[2023-04-10 17:18:18,312][moc][INFO][generic_smbo.py:333] Iter 9, objectives: [-0.132587249113528].
[2023-04-10 17:18:18,790][moc][WARNING][util_funcs.py:111] Provide "objs" in result is deprecated and will be removed in future versions! Please use "objectives" instead.
[2023-04-10 17:18:18,790][moc][INFO][generic_smbo.py:333] Iter 10, objectives: [-10.543851968566281].
[2023-04-10 17:18:19,611][moc][WARNING][util_funcs.py:111] Provide "objs" in result is deprecated and will be removed in future versions! Please use "objectives" instead.
[2023-04-10 17:18:19,611][moc][INFO][generic_smbo.py:333] Iter 11, objectives: [-1.4142071746977707].
[2023-04-10 17:18:20,385][moc][WARNING][util_funcs.py:111] Provide "objs" in result is deprecated and will be removed in future versions! Please use "objectives" instead.
[2023-04-10 17:18:20,386][moc][INFO][generic_smbo.py:333] Iter 12, objectives: [-0.5864374949792261].
[2023-04-10 17:18:20,931][moc][WARNING][util_funcs.py:111] Provide "objs" in result is deprecated and will be removed in future versions! Please use "objectives" instead.
[2023-04-10 17:18:20,931][moc][INFO][generic_smbo.py:333] Iter 13, objectives: [-5.960058937866145].
[2023-04-10 17:18:21,755][moc][WARNING][util_funcs.py:111] Provide "objs" in result is deprecated and will be removed in future versions! Please use "objectives" instead.
[2023-04-10 17:18:21,755][moc][INFO][generic_smbo.py:333] Iter 14, objectives: [-0.632585811609238].
[2023-04-10 17:18:22,575][moc][WARNING][util_funcs.py:111] Provide "objs" in result is deprecated and will be removed in future versions! Please use "objectives" instead.
[2023-04-10 17:18:22,575][moc][INFO][generic_smbo.py:333] Iter 15, objectives: [-0.8158946453476987].
[2023-04-10 17:18:23,348][moc][WARNING][util_funcs.py:111] Provide "objs" in result is deprecated and will be removed in future versions! Please use "objectives" instead.
[2023-04-10 17:18:23,349][moc][INFO][generic_smbo.py:333] Iter 16, objectives: [-2.042746327385207].
[2023-04-10 17:18:24,048][moc][WARNING][util_funcs.py:111] Provide "objs" in result is deprecated and will be removed in future versions! Please use "objectives" instead.
[2023-04-10 17:18:24,049][moc][INFO][generic_smbo.py:333] Iter 17, objectives: [-4.493816446144375].
[2023-04-10 17:18:24,468][moc][WARNING][util_funcs.py:111] Provide "objs" in result is deprecated and will be removed in future versions! Please use "objectives" instead.
[2023-04-10 17:18:24,468][moc][INFO][generic_smbo.py:333] Iter 18, objectives: [-11.757431138858472].
[2023-04-10 17:18:25,076][moc][WARNING][util_funcs.py:111] Provide "objs" in result is deprecated and will be removed in future versions! Please use "objectives" instead.
[2023-04-10 17:18:25,076][moc][INFO][generic_smbo.py:333] Iter 19, objectives: [-14.637124534113122].
[2023-04-10 17:18:25,674][moc][WARNING][util_funcs.py:111] Provide "objs" in result is deprecated and will be removed in future versions! Please use "objectives" instead.
[2023-04-10 17:18:25,674][moc][INFO][generic_smbo.py:333] Iter 20, objectives: [-10.046625339489768].
[2023-04-10 17:18:25,675][moc][WARNING][util_funcs.py:111] Provide "objs" in result is deprecated and will be removed in future versions! Please use "objectives" instead.
[2023-04-10 17:18:25,675][moc][WARNING][util_funcs.py:123] Unused information in result: {'config': [{'data_parallel_size': 19, 'micro_batch_size': 15, 'model_parallel_size': 6, 'num_reticle_per_pipeline_stage': 137, 'tensor_parallel_size': 3}]}
[2023-04-10 17:18:25,675][moc][INFO][generic_smbo.py:418] Iter 17, objectives: [-14.637124534113122].
[2023-04-10 17:18:30,188][moc][WARNING][util_funcs.py:231] Keyword argument "num_objs" is deprecated and will be removed in a future version. Please use "num_objectives" instead.
