[2023-04-10 16:47:36,383][moc][INFO][color_logger.py:203] Logfile: /home/chenyiqi/wafer_scale_chip_dse_framework/logs/moc_2023-04-10-16-47-36-382836.log
[2023-04-10 16:47:36,386][moc][WARNING][util_funcs.py:111] Provide "objs" in result is deprecated and will be removed in future versions! Please use "objectives" instead.
[2023-04-10 16:47:36,387][moc][INFO][generic_smbo.py:333] Iter 1, objectives: [-1.2459841779520335].
[2023-04-10 16:47:36,388][moc][WARNING][util_funcs.py:111] Provide "objs" in result is deprecated and will be removed in future versions! Please use "objectives" instead.
[2023-04-10 16:47:36,389][moc][INFO][generic_smbo.py:333] Iter 2, objectives: [-1.0854172121192076].
[2023-04-10 16:47:36,391][moc][WARNING][util_funcs.py:111] Provide "objs" in result is deprecated and will be removed in future versions! Please use "objectives" instead.
[2023-04-10 16:47:36,391][moc][INFO][generic_smbo.py:333] Iter 3, objectives: [-1.5562162617356599].
[2023-04-10 16:47:36,393][moc][WARNING][util_funcs.py:111] Provide "objs" in result is deprecated and will be removed in future versions! Please use "objectives" instead.
[2023-04-10 16:47:36,393][moc][INFO][generic_smbo.py:333] Iter 4, objectives: [-35.37224139529762].
[2023-04-10 16:47:36,395][moc][WARNING][util_funcs.py:111] Provide "objs" in result is deprecated and will be removed in future versions! Please use "objectives" instead.
[2023-04-10 16:47:36,395][moc][INFO][generic_smbo.py:333] Iter 5, objectives: [-3.327094365978251].
[2023-04-10 16:47:36,396][moc][WARNING][util_funcs.py:111] Provide "objs" in result is deprecated and will be removed in future versions! Please use "objectives" instead.
[2023-04-10 16:47:36,397][moc][INFO][generic_smbo.py:333] Iter 6, objectives: [-1.236479991450918].
[2023-04-10 16:47:36,398][moc][WARNING][util_funcs.py:111] Provide "objs" in result is deprecated and will be removed in future versions! Please use "objectives" instead.
[2023-04-10 16:47:36,398][moc][INFO][generic_smbo.py:333] Iter 7, objectives: [-0.42470205122050364].
[2023-04-10 16:47:36,401][moc][WARNING][util_funcs.py:111] Provide "objs" in result is deprecated and will be removed in future versions! Please use "objectives" instead.
[2023-04-10 16:47:36,401][moc][INFO][generic_smbo.py:333] Iter 8, objectives: [-1.194369693718343].
[2023-04-10 16:47:36,402][moc][WARNING][util_funcs.py:111] Provide "objs" in result is deprecated and will be removed in future versions! Please use "objectives" instead.
[2023-04-10 16:47:36,403][moc][INFO][generic_smbo.py:333] Iter 9, objectives: [-0.36468793458548276].
[2023-04-10 16:47:36,404][moc][WARNING][util_funcs.py:111] Provide "objs" in result is deprecated and will be removed in future versions! Please use "objectives" instead.
[2023-04-10 16:47:36,404][moc][INFO][generic_smbo.py:333] Iter 10, objectives: [-1.194944863645633].
[2023-04-10 16:47:36,405][moc][WARNING][util_funcs.py:111] Provide "objs" in result is deprecated and will be removed in future versions! Please use "objectives" instead.
[2023-04-10 16:47:36,405][moc][WARNING][util_funcs.py:123] Unused information in result: {'config': [Configuration(values={
  'data_parallel_size': 4,
  'micro_batch_size': 102,
  'model_parallel_size': 12,
  'num_reticle_per_pipeline_stage': 9,
  'tensor_parallel_size': 1,
})
]}
[2023-04-10 16:47:36,405][moc][INFO][generic_smbo.py:418] Iter 3, objectives: [-35.37224139529762].
[2023-04-10 16:47:36,406][moc][WARNING][util_funcs.py:231] Keyword argument "num_objs" is deprecated and will be removed in a future version. Please use "num_objectives" instead.
