[2023-04-10 17:17:28,214][moc][INFO][color_logger.py:203] Logfile: /home/chenyiqi/wafer_scale_chip_dse_framework/logs/moc_2023-04-10-17-17-28-214665.log
[2023-04-10 17:17:28,221][moc][WARNING][util_funcs.py:111] Provide "objs" in result is deprecated and will be removed in future versions! Please use "objectives" instead.
[2023-04-10 17:17:28,222][moc][INFO][generic_smbo.py:333] Iter 1, objectives: [-25.861375931600655].
[2023-04-10 17:17:28,226][moc][WARNING][util_funcs.py:111] Provide "objs" in result is deprecated and will be removed in future versions! Please use "objectives" instead.
[2023-04-10 17:17:28,226][moc][INFO][generic_smbo.py:333] Iter 2, objectives: [-236.25833493514327].
[2023-04-10 17:17:28,231][moc][WARNING][util_funcs.py:111] Provide "objs" in result is deprecated and will be removed in future versions! Please use "objectives" instead.
[2023-04-10 17:17:28,231][moc][INFO][generic_smbo.py:333] Iter 3, objectives: [-0.3841434552971858].
[2023-04-10 17:17:28,236][moc][WARNING][util_funcs.py:111] Provide "objs" in result is deprecated and will be removed in future versions! Please use "objectives" instead.
[2023-04-10 17:17:28,236][moc][INFO][generic_smbo.py:333] Iter 4, objectives: [-0.9918729195903679].
[2023-04-10 17:17:28,241][moc][WARNING][util_funcs.py:111] Provide "objs" in result is deprecated and will be removed in future versions! Please use "objectives" instead.
[2023-04-10 17:17:28,241][moc][INFO][generic_smbo.py:333] Iter 5, objectives: [-0.31725130050553685].
[2023-04-10 17:17:28,246][moc][WARNING][util_funcs.py:111] Provide "objs" in result is deprecated and will be removed in future versions! Please use "objectives" instead.
[2023-04-10 17:17:28,246][moc][INFO][generic_smbo.py:333] Iter 6, objectives: [-4.044770384625768].
[2023-04-10 17:17:28,251][moc][WARNING][util_funcs.py:111] Provide "objs" in result is deprecated and will be removed in future versions! Please use "objectives" instead.
[2023-04-10 17:17:28,252][moc][INFO][generic_smbo.py:333] Iter 7, objectives: [-0.7081414008461931].
[2023-04-10 17:17:28,257][moc][WARNING][util_funcs.py:111] Provide "objs" in result is deprecated and will be removed in future versions! Please use "objectives" instead.
[2023-04-10 17:17:28,257][moc][INFO][generic_smbo.py:333] Iter 8, objectives: [-1.4798628989380924].
[2023-04-10 17:17:28,262][moc][WARNING][util_funcs.py:111] Provide "objs" in result is deprecated and will be removed in future versions! Please use "objectives" instead.
[2023-04-10 17:17:28,262][moc][INFO][generic_smbo.py:333] Iter 9, objectives: [-36.362336764275646].
[2023-04-10 17:17:28,381][moc][WARNING][util_funcs.py:111] Provide "objs" in result is deprecated and will be removed in future versions! Please use "objectives" instead.
[2023-04-10 17:17:28,381][moc][INFO][generic_smbo.py:333] Iter 10, objectives: [-0.3757900323927581].
[2023-04-10 17:17:28,386][moc][WARNING][util_funcs.py:111] Provide "objs" in result is deprecated and will be removed in future versions! Please use "objectives" instead.
[2023-04-10 17:17:28,387][moc][INFO][generic_smbo.py:333] Iter 11, objectives: [-4.536594211674935].
[2023-04-10 17:17:28,391][moc][WARNING][util_funcs.py:111] Provide "objs" in result is deprecated and will be removed in future versions! Please use "objectives" instead.
[2023-04-10 17:17:28,391][moc][INFO][generic_smbo.py:333] Iter 12, objectives: [-0.8181487420219745].
[2023-04-10 17:17:28,396][moc][WARNING][util_funcs.py:111] Provide "objs" in result is deprecated and will be removed in future versions! Please use "objectives" instead.
[2023-04-10 17:17:28,396][moc][INFO][generic_smbo.py:333] Iter 13, objectives: [-1.0345763014423615].
[2023-04-10 17:17:28,401][moc][WARNING][util_funcs.py:111] Provide "objs" in result is deprecated and will be removed in future versions! Please use "objectives" instead.
[2023-04-10 17:17:28,402][moc][INFO][generic_smbo.py:333] Iter 14, objectives: [-0.9356160008496719].
[2023-04-10 17:17:28,402][moc][WARNING][util_funcs.py:111] Provide "objs" in result is deprecated and will be removed in future versions! Please use "objectives" instead.
[2023-04-10 17:17:28,402][moc][INFO][generic_smbo.py:418] Iter 6, objectives: [10000000000.0].
[2023-04-10 17:17:33,422][moc][WARNING][util_funcs.py:231] Keyword argument "num_objs" is deprecated and will be removed in a future version. Please use "num_objectives" instead.
