[2023-04-10 17:11:06,843][moc][INFO][color_logger.py:203] Logfile: /home/chenyiqi/wafer_scale_chip_dse_framework/logs/moc_2023-04-10-17-11-06-843577.log
[2023-04-10 17:11:06,849][moc][WARNING][util_funcs.py:111] Provide "objs" in result is deprecated and will be removed in future versions! Please use "objectives" instead.
[2023-04-10 17:11:06,849][moc][INFO][generic_smbo.py:333] Iter 1, objectives: [-0.29604611484512644].
[2023-04-10 17:11:06,853][moc][WARNING][util_funcs.py:111] Provide "objs" in result is deprecated and will be removed in future versions! Please use "objectives" instead.
[2023-04-10 17:11:06,853][moc][INFO][generic_smbo.py:333] Iter 2, objectives: [-2.310096135686247].
[2023-04-10 17:11:06,857][moc][WARNING][util_funcs.py:111] Provide "objs" in result is deprecated and will be removed in future versions! Please use "objectives" instead.
[2023-04-10 17:11:06,857][moc][INFO][generic_smbo.py:333] Iter 3, objectives: [-3.346227458504638].
[2023-04-10 17:11:06,861][moc][WARNING][util_funcs.py:111] Provide "objs" in result is deprecated and will be removed in future versions! Please use "objectives" instead.
[2023-04-10 17:11:06,861][moc][INFO][generic_smbo.py:333] Iter 4, objectives: [-109.02801339156257].
[2023-04-10 17:11:06,864][moc][WARNING][util_funcs.py:111] Provide "objs" in result is deprecated and will be removed in future versions! Please use "objectives" instead.
[2023-04-10 17:11:06,865][moc][INFO][generic_smbo.py:333] Iter 5, objectives: [-0.611962986901754].
[2023-04-10 17:11:06,868][moc][WARNING][util_funcs.py:111] Provide "objs" in result is deprecated and will be removed in future versions! Please use "objectives" instead.
[2023-04-10 17:11:06,868][moc][INFO][generic_smbo.py:333] Iter 6, objectives: [-1.8864690655293461].
[2023-04-10 17:11:06,872][moc][WARNING][util_funcs.py:111] Provide "objs" in result is deprecated and will be removed in future versions! Please use "objectives" instead.
[2023-04-10 17:11:06,872][moc][INFO][generic_smbo.py:333] Iter 7, objectives: [-1.2295892125403776].
[2023-04-10 17:11:06,876][moc][WARNING][util_funcs.py:111] Provide "objs" in result is deprecated and will be removed in future versions! Please use "objectives" instead.
[2023-04-10 17:11:06,876][moc][INFO][generic_smbo.py:333] Iter 8, objectives: [-52.75439812472419].
[2023-04-10 17:11:06,880][moc][WARNING][util_funcs.py:111] Provide "objs" in result is deprecated and will be removed in future versions! Please use "objectives" instead.
[2023-04-10 17:11:06,880][moc][INFO][generic_smbo.py:333] Iter 9, objectives: [-0.34697687442369796].
[2023-04-10 17:11:06,883][moc][WARNING][util_funcs.py:111] Provide "objs" in result is deprecated and will be removed in future versions! Please use "objectives" instead.
[2023-04-10 17:11:06,884][moc][INFO][generic_smbo.py:333] Iter 10, objectives: [-0.9454988757928975].
[2023-04-10 17:11:06,887][moc][WARNING][util_funcs.py:111] Provide "objs" in result is deprecated and will be removed in future versions! Please use "objectives" instead.
[2023-04-10 17:11:06,887][moc][INFO][generic_smbo.py:333] Iter 11, objectives: [-1.0558433253806587].
[2023-04-10 17:11:06,891][moc][WARNING][util_funcs.py:111] Provide "objs" in result is deprecated and will be removed in future versions! Please use "objectives" instead.
[2023-04-10 17:11:06,891][moc][INFO][generic_smbo.py:333] Iter 12, objectives: [-65.24867978160113].
[2023-04-10 17:11:06,895][moc][WARNING][util_funcs.py:111] Provide "objs" in result is deprecated and will be removed in future versions! Please use "objectives" instead.
[2023-04-10 17:11:06,895][moc][INFO][generic_smbo.py:333] Iter 13, objectives: [-173.52506119659424].
[2023-04-10 17:11:06,898][moc][WARNING][util_funcs.py:111] Provide "objs" in result is deprecated and will be removed in future versions! Please use "objectives" instead.
[2023-04-10 17:11:06,899][moc][INFO][generic_smbo.py:333] Iter 14, objectives: [-0.4561224460652439].
[2023-04-10 17:11:06,902][moc][WARNING][util_funcs.py:111] Provide "objs" in result is deprecated and will be removed in future versions! Please use "objectives" instead.
[2023-04-10 17:11:06,903][moc][INFO][generic_smbo.py:333] Iter 15, objectives: [-0.33386534674008805].
[2023-04-10 17:11:06,906][moc][WARNING][util_funcs.py:111] Provide "objs" in result is deprecated and will be removed in future versions! Please use "objectives" instead.
[2023-04-10 17:11:06,906][moc][INFO][generic_smbo.py:333] Iter 16, objectives: [-0.5746037245443529].
[2023-04-10 17:11:06,910][moc][WARNING][util_funcs.py:111] Provide "objs" in result is deprecated and will be removed in future versions! Please use "objectives" instead.
[2023-04-10 17:11:06,910][moc][INFO][generic_smbo.py:333] Iter 17, objectives: [-0.9371346267686409].
[2023-04-10 17:11:06,914][moc][WARNING][util_funcs.py:111] Provide "objs" in result is deprecated and will be removed in future versions! Please use "objectives" instead.
[2023-04-10 17:11:06,914][moc][INFO][generic_smbo.py:333] Iter 18, objectives: [-0.7318771991567743].
[2023-04-10 17:11:06,918][moc][WARNING][util_funcs.py:111] Provide "objs" in result is deprecated and will be removed in future versions! Please use "objectives" instead.
[2023-04-10 17:11:06,918][moc][INFO][generic_smbo.py:333] Iter 19, objectives: [-0.5799248966638786].
[2023-04-10 17:11:06,922][moc][WARNING][util_funcs.py:111] Provide "objs" in result is deprecated and will be removed in future versions! Please use "objectives" instead.
[2023-04-10 17:11:06,922][moc][INFO][generic_smbo.py:333] Iter 20, objectives: [-0.987004917897362].
[2023-04-10 17:11:06,923][moc][WARNING][util_funcs.py:111] Provide "objs" in result is deprecated and will be removed in future versions! Please use "objectives" instead.
[2023-04-10 17:11:06,923][moc][WARNING][util_funcs.py:123] Unused information in result: {'config': [{'data_parallel_size': 1, 'micro_batch_size': 146, 'model_parallel_size': 2, 'num_reticle_per_pipeline_stage': 111, 'tensor_parallel_size': 1}]}
[2023-04-10 17:11:06,923][moc][INFO][generic_smbo.py:418] Iter 4, objectives: [-173.52506119659424].
[2023-04-10 17:11:06,924][moc][WARNING][util_funcs.py:231] Keyword argument "num_objs" is deprecated and will be removed in a future version. Please use "num_objectives" instead.
