[2023-04-09 19:24:46,627][moc][INFO][color_logger.py:203] Logfile: /home/chenyiqi/wafer_scale_chip_dse_framework/logs/moc_2023-04-09-19-24-46-627093.log
[2023-04-09 19:24:46,629][moc][INFO][generic_advisor.py:157] [BO auto selection]  acq_type: ei.
[2023-04-09 19:24:48,074][moc][WARNING][util_funcs.py:111] Provide "objs" in result is deprecated and will be removed in future versions! Please use "objectives" instead.
[2023-04-09 19:24:48,075][moc][INFO][generic_smbo.py:332] Iter 1, objectives: [-0.003472940279470926].
[2023-04-09 19:24:48,430][moc][WARNING][util_funcs.py:111] Provide "objs" in result is deprecated and will be removed in future versions! Please use "objectives" instead.
[2023-04-09 19:24:48,431][moc][INFO][generic_smbo.py:332] Iter 2, objectives: [-0.008681804706478656].
[2023-04-09 19:24:48,969][moc][WARNING][util_funcs.py:111] Provide "objs" in result is deprecated and will be removed in future versions! Please use "objectives" instead.
[2023-04-09 19:24:48,969][moc][INFO][generic_smbo.py:332] Iter 3, objectives: [-0.005788072638597768].
[2023-04-09 19:24:50,023][moc][WARNING][util_funcs.py:111] Provide "objs" in result is deprecated and will be removed in future versions! Please use "objectives" instead.
[2023-04-09 19:24:50,025][moc][INFO][generic_smbo.py:332] Iter 4, objectives: [-0.006945591228188721].
[2023-04-09 19:24:50,813][moc][WARNING][util_funcs.py:111] Provide "objs" in result is deprecated and will be removed in future versions! Please use "objectives" instead.
[2023-04-09 19:24:50,813][moc][INFO][generic_smbo.py:332] Iter 5, objectives: [-0.008681806703602293].
[2023-04-09 19:24:51,458][moc][WARNING][util_funcs.py:111] Provide "objs" in result is deprecated and will be removed in future versions! Please use "objectives" instead.
[2023-04-09 19:24:51,459][moc][INFO][generic_smbo.py:332] Iter 6, objectives: [-0.004961254054362849].
[2023-04-09 19:24:51,460][moc][INFO][generic_advisor.py:365] Sample random config. rand_prob=0.100000.
[2023-04-09 19:24:53,500][moc][WARNING][util_funcs.py:111] Provide "objs" in result is deprecated and will be removed in future versions! Please use "objectives" instead.
[2023-04-09 19:24:53,501][moc][INFO][generic_smbo.py:332] Iter 7, objectives: [-0.004341130189065275].
[2023-04-09 19:24:55,399][moc][WARNING][util_funcs.py:111] Provide "objs" in result is deprecated and will be removed in future versions! Please use "objectives" instead.
[2023-04-09 19:24:55,400][moc][INFO][generic_smbo.py:332] Iter 8, objectives: [-0.008681806847012802].
[2023-04-09 19:24:55,401][moc][INFO][generic_advisor.py:365] Sample random config. rand_prob=0.100000.
[2023-04-09 19:24:56,514][moc][WARNING][util_funcs.py:111] Provide "objs" in result is deprecated and will be removed in future versions! Please use "objectives" instead.
[2023-04-09 19:24:56,515][moc][INFO][generic_smbo.py:332] Iter 9, objectives: [-0.008681807780066478].
[2023-04-09 19:24:58,107][moc][WARNING][util_funcs.py:111] Provide "objs" in result is deprecated and will be removed in future versions! Please use "objectives" instead.
[2023-04-09 19:24:58,108][moc][INFO][generic_smbo.py:332] Iter 10, objectives: [-0.008681807228075036].
[2023-04-09 19:25:00,420][moc][WARNING][util_funcs.py:111] Provide "objs" in result is deprecated and will be removed in future versions! Please use "objectives" instead.
[2023-04-09 19:25:00,421][moc][INFO][generic_smbo.py:332] Iter 11, objectives: [-0.008681807984291658].
[2023-04-09 19:25:02,420][moc][WARNING][util_funcs.py:111] Provide "objs" in result is deprecated and will be removed in future versions! Please use "objectives" instead.
[2023-04-09 19:25:02,421][moc][INFO][generic_smbo.py:332] Iter 12, objectives: [-0.008681807437366683].
[2023-04-09 19:25:04,855][moc][WARNING][util_funcs.py:111] Provide "objs" in result is deprecated and will be removed in future versions! Please use "objectives" instead.
[2023-04-09 19:25:04,856][moc][INFO][generic_smbo.py:332] Iter 13, objectives: [-0.008681807616686339].
[2023-04-09 19:25:06,812][moc][WARNING][util_funcs.py:111] Provide "objs" in result is deprecated and will be removed in future versions! Please use "objectives" instead.
[2023-04-09 19:25:06,813][moc][INFO][generic_smbo.py:332] Iter 14, objectives: [-0.008681807108526096].
[2023-04-09 19:25:09,870][moc][WARNING][util_funcs.py:111] Provide "objs" in result is deprecated and will be removed in future versions! Please use "objectives" instead.
[2023-04-09 19:25:09,872][moc][INFO][generic_smbo.py:332] Iter 15, objectives: [-0.008681806847012802].
[2023-04-09 19:25:11,106][moc][WARNING][util_funcs.py:111] Provide "objs" in result is deprecated and will be removed in future versions! Please use "objectives" instead.
[2023-04-09 19:25:11,107][moc][INFO][generic_smbo.py:332] Iter 16, objectives: [-0.008681808131333795].
[2023-04-09 19:25:12,061][moc][WARNING][util_funcs.py:111] Provide "objs" in result is deprecated and will be removed in future versions! Please use "objectives" instead.
[2023-04-09 19:25:12,062][moc][INFO][generic_smbo.py:332] Iter 17, objectives: [-0.008681806981731769].
[2023-04-09 19:25:12,976][moc][WARNING][util_funcs.py:111] Provide "objs" in result is deprecated and will be removed in future versions! Please use "objectives" instead.
[2023-04-09 19:25:12,977][moc][INFO][generic_smbo.py:332] Iter 18, objectives: [-0.011575339476741607].
[2023-04-09 19:25:13,926][moc][WARNING][util_funcs.py:111] Provide "objs" in result is deprecated and will be removed in future versions! Please use "objectives" instead.
[2023-04-09 19:25:13,927][moc][INFO][generic_smbo.py:332] Iter 19, objectives: [-0.011575339886586523].
[2023-04-09 19:25:14,894][moc][WARNING][util_funcs.py:111] Provide "objs" in result is deprecated and will be removed in future versions! Please use "objectives" instead.
[2023-04-09 19:25:14,896][moc][INFO][generic_smbo.py:332] Iter 20, objectives: [-0.011575340936814248].
