[2023-04-10 16:41:03,657][moc][INFO][color_logger.py:203] Logfile: /home/chenyiqi/wafer_scale_chip_dse_framework/logs/moc_2023-04-10-16-41-03-657004.log
[2023-04-10 16:41:03,964][moc][WARNING][util_funcs.py:111] Provide "objs" in result is deprecated and will be removed in future versions! Please use "objectives" instead.
[2023-04-10 16:41:03,964][moc][INFO][generic_smbo.py:333] Iter 1, objectives: [-0.1236175130839179].
[2023-04-10 16:41:04,388][moc][WARNING][util_funcs.py:111] Provide "objs" in result is deprecated and will be removed in future versions! Please use "objectives" instead.
[2023-04-10 16:41:04,388][moc][INFO][generic_smbo.py:333] Iter 2, objectives: [-0.19620120216445883].
[2023-04-10 16:41:04,721][moc][WARNING][util_funcs.py:111] Provide "objs" in result is deprecated and will be removed in future versions! Please use "objectives" instead.
[2023-04-10 16:41:04,721][moc][INFO][generic_smbo.py:333] Iter 3, objectives: [-0.5903635244038492].
[2023-04-10 16:41:05,036][moc][WARNING][util_funcs.py:111] Provide "objs" in result is deprecated and will be removed in future versions! Please use "objectives" instead.
[2023-04-10 16:41:05,036][moc][INFO][generic_smbo.py:333] Iter 4, objectives: [-1.5854261303986588].
[2023-04-10 16:41:05,371][moc][WARNING][util_funcs.py:111] Provide "objs" in result is deprecated and will be removed in future versions! Please use "objectives" instead.
[2023-04-10 16:41:05,371][moc][INFO][generic_smbo.py:333] Iter 5, objectives: [-0.23979864522494485].
[2023-04-10 16:41:05,692][moc][WARNING][util_funcs.py:111] Provide "objs" in result is deprecated and will be removed in future versions! Please use "objectives" instead.
[2023-04-10 16:41:05,692][moc][INFO][generic_smbo.py:333] Iter 6, objectives: [-0.456315472929263].
[2023-04-10 16:41:06,088][moc][WARNING][util_funcs.py:111] Provide "objs" in result is deprecated and will be removed in future versions! Please use "objectives" instead.
[2023-04-10 16:41:06,089][moc][INFO][generic_smbo.py:333] Iter 7, objectives: [-1.9781092745347288].
[2023-04-10 16:41:06,395][moc][WARNING][util_funcs.py:111] Provide "objs" in result is deprecated and will be removed in future versions! Please use "objectives" instead.
[2023-04-10 16:41:06,395][moc][INFO][generic_smbo.py:333] Iter 8, objectives: [-2.054682774694829].
[2023-04-10 16:41:06,395][moc][WARNING][generic_smbo.py:387] Exception when calling objective function: local variable '_history' referenced before assignment
config: Configuration(values={
  'fidelity': 1,
  'var00': 32,
  'var01': 256,
  'var02': 128,
  'var03': 32,
  'var04': 4,
  'var05': 4,
  'var06': 1,
  'var07': 8,
  'var08': 16,
  'var09': 900,
  'var10': 53,
  'var11': 9,
})

[2023-04-10 16:41:06,396][moc][INFO][generic_smbo.py:418] Iter 5, objectives: [inf].
[2023-04-10 16:41:06,397][moc][WARNING][util_funcs.py:231] Keyword argument "num_objs" is deprecated and will be removed in a future version. Please use "num_objectives" instead.
