[2023-04-10 16:47:56,076][moc][INFO][color_logger.py:203] Logfile: /home/chenyiqi/wafer_scale_chip_dse_framework/logs/moc_2023-04-10-16-47-56-076408.log
[2023-04-10 16:47:56,233][moc][WARNING][util_funcs.py:111] Provide "objs" in result is deprecated and will be removed in future versions! Please use "objectives" instead.
[2023-04-10 16:47:56,233][moc][INFO][generic_smbo.py:333] Iter 1, objectives: [-0.9034318108632524].
[2023-04-10 16:47:56,373][moc][WARNING][util_funcs.py:111] Provide "objs" in result is deprecated and will be removed in future versions! Please use "objectives" instead.
[2023-04-10 16:47:56,373][moc][INFO][generic_smbo.py:333] Iter 2, objectives: [-2.4612251844171578].
[2023-04-10 16:47:56,541][moc][WARNING][util_funcs.py:111] Provide "objs" in result is deprecated and will be removed in future versions! Please use "objectives" instead.
[2023-04-10 16:47:56,541][moc][INFO][generic_smbo.py:333] Iter 3, objectives: [-0.3642940175353935].
[2023-04-10 16:47:56,698][moc][WARNING][util_funcs.py:111] Provide "objs" in result is deprecated and will be removed in future versions! Please use "objectives" instead.
[2023-04-10 16:47:56,698][moc][INFO][generic_smbo.py:333] Iter 4, objectives: [-0.4194358324361031].
[2023-04-10 16:47:56,848][moc][WARNING][util_funcs.py:111] Provide "objs" in result is deprecated and will be removed in future versions! Please use "objectives" instead.
[2023-04-10 16:47:56,848][moc][INFO][generic_smbo.py:333] Iter 5, objectives: [-1.2596443603774736].
[2023-04-10 16:47:56,998][moc][WARNING][util_funcs.py:111] Provide "objs" in result is deprecated and will be removed in future versions! Please use "objectives" instead.
[2023-04-10 16:47:56,998][moc][INFO][generic_smbo.py:333] Iter 6, objectives: [-0.6453586112737216].
[2023-04-10 16:47:57,178][moc][WARNING][util_funcs.py:111] Provide "objs" in result is deprecated and will be removed in future versions! Please use "objectives" instead.
[2023-04-10 16:47:57,178][moc][INFO][generic_smbo.py:333] Iter 7, objectives: [-0.09311695798395891].
[2023-04-10 16:47:57,343][moc][WARNING][util_funcs.py:111] Provide "objs" in result is deprecated and will be removed in future versions! Please use "objectives" instead.
[2023-04-10 16:47:57,343][moc][INFO][generic_smbo.py:333] Iter 8, objectives: [-0.1789965396295119].
[2023-04-10 16:47:57,503][moc][WARNING][util_funcs.py:111] Provide "objs" in result is deprecated and will be removed in future versions! Please use "objectives" instead.
[2023-04-10 16:47:57,504][moc][INFO][generic_smbo.py:333] Iter 9, objectives: [-0.7437459249559444].
[2023-04-10 16:47:57,698][moc][WARNING][util_funcs.py:111] Provide "objs" in result is deprecated and will be removed in future versions! Please use "objectives" instead.
[2023-04-10 16:47:57,699][moc][INFO][generic_smbo.py:333] Iter 10, objectives: [-0.5441156621311144].
[2023-04-10 16:47:57,699][moc][WARNING][util_funcs.py:111] Provide "objs" in result is deprecated and will be removed in future versions! Please use "objectives" instead.
[2023-04-10 16:47:57,700][moc][WARNING][util_funcs.py:123] Unused information in result: {'config': [Configuration(values={
  'data_parallel_size': 2,
  'micro_batch_size': 187,
  'model_parallel_size': 2,
  'num_reticle_per_pipeline_stage': 111,
  'tensor_parallel_size': 1,
})
]}
[2023-04-10 16:47:57,700][moc][INFO][generic_smbo.py:418] Iter 16, objectives: [-2.4612251844171578].
[2023-04-10 16:48:02,951][moc][WARNING][util_funcs.py:231] Keyword argument "num_objs" is deprecated and will be removed in a future version. Please use "num_objectives" instead.
