[2023-04-10 16:47:37,997][moc][INFO][color_logger.py:203] Logfile: /home/chenyiqi/wafer_scale_chip_dse_framework/logs/moc_2023-04-10-16-47-37-996740.log
[2023-04-10 16:47:37,998][moc][WARNING][generic_smbo.py:387] Exception when calling objective function: local variable '_history' referenced before assignment
config: Configuration(values={
  'fidelity': 2,
  'var00': 128,
  'var01': 1024,
  'var02': 32,
  'var03': 2048,
  'var04': 4,
  'var05': 4,
  'var06': 1,
  'var07': 16,
  'var08': 16,
  'var09': 900,
  'var10': 12,
  'var11': 13,
})

[2023-04-10 16:47:37,998][moc][INFO][generic_smbo.py:418] Iter 8, objectives: [inf].
[2023-04-10 16:47:37,998][moc][WARNING][mf_advisor.py:421] No enough successful initial trials! Sample random configuration.
[2023-04-10 16:47:38,000][moc][WARNING][util_funcs.py:231] Keyword argument "num_objs" is deprecated and will be removed in a future version. Please use "num_objectives" instead.
