[2023-04-09 23:25:47,636][moc][INFO][color_logger.py:203] Logfile: /home/chenyiqi/wafer_scale_chip_dse_framework/logs/moc_2023-04-09-23-25-47-635854.log
[2023-04-09 23:25:47,671][moc][WARNING][util_funcs.py:226] Keyword argument "num_objs" is deprecated and will be removed in a future version. Please use "num_objectives" instead.
[2023-04-09 23:25:47,746][moc][WARNING][util_funcs.py:111] Provide "objs" in result is deprecated and will be removed in future versions! Please use "objectives" instead.
[2023-04-09 23:25:47,746][moc][INFO][generic_smbo.py:416] Iter 1, objectives: [10000000000.0].
[2023-04-09 23:25:47,767][moc][WARNING][util_funcs.py:226] Keyword argument "num_objs" is deprecated and will be removed in a future version. Please use "num_objectives" instead.
[2023-04-09 23:25:47,841][moc][WARNING][util_funcs.py:111] Provide "objs" in result is deprecated and will be removed in future versions! Please use "objectives" instead.
[2023-04-09 23:25:47,842][moc][INFO][generic_smbo.py:416] Iter 2, objectives: [10000000000.0].
[2023-04-09 23:25:47,864][moc][WARNING][util_funcs.py:226] Keyword argument "num_objs" is deprecated and will be removed in a future version. Please use "num_objectives" instead.
[2023-04-09 23:25:48,009][moc][WARNING][util_funcs.py:111] Provide "objs" in result is deprecated and will be removed in future versions! Please use "objectives" instead.
[2023-04-09 23:25:48,010][moc][INFO][generic_smbo.py:416] Iter 3, objectives: [10000000000.0].
[2023-04-09 23:25:48,025][moc][WARNING][util_funcs.py:226] Keyword argument "num_objs" is deprecated and will be removed in a future version. Please use "num_objectives" instead.
[2023-04-09 23:25:48,099][moc][WARNING][util_funcs.py:111] Provide "objs" in result is deprecated and will be removed in future versions! Please use "objectives" instead.
[2023-04-09 23:25:48,101][moc][INFO][generic_smbo.py:416] Iter 4, objectives: [10000000000.0].
[2023-04-09 23:25:48,118][moc][WARNING][util_funcs.py:226] Keyword argument "num_objs" is deprecated and will be removed in a future version. Please use "num_objectives" instead.
[2023-04-09 23:25:48,194][moc][WARNING][util_funcs.py:111] Provide "objs" in result is deprecated and will be removed in future versions! Please use "objectives" instead.
[2023-04-09 23:25:48,195][moc][INFO][generic_smbo.py:416] Iter 5, objectives: [10000000000.0].
[2023-04-09 23:25:48,217][moc][WARNING][util_funcs.py:226] Keyword argument "num_objs" is deprecated and will be removed in a future version. Please use "num_objectives" instead.
[2023-04-09 23:25:48,323][moc][WARNING][util_funcs.py:111] Provide "objs" in result is deprecated and will be removed in future versions! Please use "objectives" instead.
[2023-04-09 23:25:48,325][moc][INFO][generic_smbo.py:416] Iter 6, objectives: [10000000000.0].
[2023-04-09 23:25:57,106][moc][WARNING][util_funcs.py:226] Keyword argument "num_objs" is deprecated and will be removed in a future version. Please use "num_objectives" instead.
[2023-04-09 23:25:58,471][moc][WARNING][util_funcs.py:111] Provide "objs" in result is deprecated and will be removed in future versions! Please use "objectives" instead.
[2023-04-09 23:25:58,472][moc][INFO][generic_smbo.py:416] Iter 7, objectives: [-186.69456956181082].
[2023-04-09 23:26:05,565][moc][WARNING][util_funcs.py:226] Keyword argument "num_objs" is deprecated and will be removed in a future version. Please use "num_objectives" instead.
[2023-04-09 23:26:05,718][moc][WARNING][util_funcs.py:111] Provide "objs" in result is deprecated and will be removed in future versions! Please use "objectives" instead.
[2023-04-09 23:26:05,723][moc][INFO][generic_smbo.py:416] Iter 8, objectives: [10000000000.0].
[2023-04-09 23:26:13,340][moc][WARNING][util_funcs.py:226] Keyword argument "num_objs" is deprecated and will be removed in a future version. Please use "num_objectives" instead.
[2023-04-09 23:26:17,474][moc][WARNING][util_funcs.py:111] Provide "objs" in result is deprecated and will be removed in future versions! Please use "objectives" instead.
[2023-04-09 23:26:17,475][moc][INFO][generic_smbo.py:416] Iter 9, objectives: [-0.30919194570364134].
[2023-04-09 23:26:25,112][moc][WARNING][util_funcs.py:226] Keyword argument "num_objs" is deprecated and will be removed in a future version. Please use "num_objectives" instead.
[2023-04-09 23:26:26,550][moc][WARNING][util_funcs.py:111] Provide "objs" in result is deprecated and will be removed in future versions! Please use "objectives" instead.
[2023-04-09 23:26:26,552][moc][INFO][generic_smbo.py:416] Iter 10, objectives: [-32.918026888733884].
[2023-04-09 23:26:34,298][moc][WARNING][util_funcs.py:226] Keyword argument "num_objs" is deprecated and will be removed in a future version. Please use "num_objectives" instead.
[2023-04-09 23:26:34,918][moc][WARNING][util_funcs.py:111] Provide "objs" in result is deprecated and will be removed in future versions! Please use "objectives" instead.
[2023-04-09 23:26:34,920][moc][INFO][generic_smbo.py:416] Iter 11, objectives: [10000000000.0].
[2023-04-09 23:26:42,782][moc][WARNING][util_funcs.py:226] Keyword argument "num_objs" is deprecated and will be removed in a future version. Please use "num_objectives" instead.
[2023-04-09 23:26:45,803][moc][WARNING][util_funcs.py:111] Provide "objs" in result is deprecated and will be removed in future versions! Please use "objectives" instead.
[2023-04-09 23:26:45,805][moc][INFO][generic_smbo.py:416] Iter 12, objectives: [-2.008615046537166].
[2023-04-09 23:26:54,438][moc][WARNING][util_funcs.py:226] Keyword argument "num_objs" is deprecated and will be removed in a future version. Please use "num_objectives" instead.
[2023-04-09 23:26:54,728][moc][WARNING][util_funcs.py:111] Provide "objs" in result is deprecated and will be removed in future versions! Please use "objectives" instead.
[2023-04-09 23:26:54,730][moc][INFO][generic_smbo.py:416] Iter 13, objectives: [10000000000.0].
[2023-04-09 23:27:02,551][moc][WARNING][util_funcs.py:226] Keyword argument "num_objs" is deprecated and will be removed in a future version. Please use "num_objectives" instead.
[2023-04-09 23:27:02,625][moc][WARNING][util_funcs.py:111] Provide "objs" in result is deprecated and will be removed in future versions! Please use "objectives" instead.
[2023-04-09 23:27:02,626][moc][INFO][generic_smbo.py:416] Iter 14, objectives: [10000000000.0].
[2023-04-09 23:27:10,638][moc][WARNING][util_funcs.py:226] Keyword argument "num_objs" is deprecated and will be removed in a future version. Please use "num_objectives" instead.
[2023-04-09 23:27:15,218][moc][WARNING][util_funcs.py:111] Provide "objs" in result is deprecated and will be removed in future versions! Please use "objectives" instead.
[2023-04-09 23:27:15,220][moc][INFO][generic_smbo.py:416] Iter 15, objectives: [-1.0633374846028734].
[2023-04-09 23:27:23,397][moc][WARNING][util_funcs.py:226] Keyword argument "num_objs" is deprecated and will be removed in a future version. Please use "num_objectives" instead.
[2023-04-09 23:27:24,619][moc][WARNING][util_funcs.py:111] Provide "objs" in result is deprecated and will be removed in future versions! Please use "objectives" instead.
[2023-04-09 23:27:24,622][moc][INFO][generic_smbo.py:416] Iter 16, objectives: [-66.17194372153084].
[2023-04-09 23:27:32,730][moc][WARNING][util_funcs.py:226] Keyword argument "num_objs" is deprecated and will be removed in a future version. Please use "num_objectives" instead.
[2023-04-09 23:27:33,961][moc][WARNING][util_funcs.py:111] Provide "objs" in result is deprecated and will be removed in future versions! Please use "objectives" instead.
[2023-04-09 23:27:33,964][moc][INFO][generic_smbo.py:416] Iter 17, objectives: [-76.40049671953207].
[2023-04-09 23:27:42,201][moc][WARNING][util_funcs.py:226] Keyword argument "num_objs" is deprecated and will be removed in a future version. Please use "num_objectives" instead.
[2023-04-09 23:27:43,407][moc][WARNING][util_funcs.py:111] Provide "objs" in result is deprecated and will be removed in future versions! Please use "objectives" instead.
[2023-04-09 23:27:43,409][moc][INFO][generic_smbo.py:416] Iter 18, objectives: [-110.40606902994236].
[2023-04-09 23:27:51,575][moc][WARNING][util_funcs.py:226] Keyword argument "num_objs" is deprecated and will be removed in a future version. Please use "num_objectives" instead.
[2023-04-09 23:27:54,173][moc][WARNING][util_funcs.py:111] Provide "objs" in result is deprecated and will be removed in future versions! Please use "objectives" instead.
[2023-04-09 23:27:54,174][moc][INFO][generic_smbo.py:416] Iter 19, objectives: [-10.237469991927961].
[2023-04-09 23:28:02,586][moc][WARNING][util_funcs.py:226] Keyword argument "num_objs" is deprecated and will be removed in a future version. Please use "num_objectives" instead.
[2023-04-09 23:28:02,659][moc][WARNING][util_funcs.py:111] Provide "objs" in result is deprecated and will be removed in future versions! Please use "objectives" instead.
[2023-04-09 23:28:02,662][moc][INFO][generic_smbo.py:416] Iter 20, objectives: [10000000000.0].
[2023-04-09 23:28:02,663][moc][INFO][mf_advisor.py:411] Sample random config. rand_prob=0.100000.
[2023-04-09 23:28:02,692][moc][WARNING][util_funcs.py:226] Keyword argument "num_objs" is deprecated and will be removed in a future version. Please use "num_objectives" instead.
[2023-04-09 23:28:02,765][moc][WARNING][util_funcs.py:111] Provide "objs" in result is deprecated and will be removed in future versions! Please use "objectives" instead.
[2023-04-09 23:28:02,767][moc][INFO][generic_smbo.py:416] Iter 21, objectives: [10000000000.0].
[2023-04-09 23:28:11,429][moc][WARNING][util_funcs.py:226] Keyword argument "num_objs" is deprecated and will be removed in a future version. Please use "num_objectives" instead.
[2023-04-09 23:28:12,598][moc][WARNING][util_funcs.py:111] Provide "objs" in result is deprecated and will be removed in future versions! Please use "objectives" instead.
[2023-04-09 23:28:12,601][moc][INFO][generic_smbo.py:416] Iter 22, objectives: [-48.296829765465226].
[2023-04-09 23:28:20,936][moc][WARNING][util_funcs.py:226] Keyword argument "num_objs" is deprecated and will be removed in a future version. Please use "num_objectives" instead.
[2023-04-09 23:28:25,079][moc][WARNING][util_funcs.py:111] Provide "objs" in result is deprecated and will be removed in future versions! Please use "objectives" instead.
[2023-04-09 23:28:25,081][moc][INFO][generic_smbo.py:416] Iter 23, objectives: [-11.476830515973894].
[2023-04-09 23:28:25,082][moc][INFO][mf_advisor.py:411] Sample random config. rand_prob=0.100000.
[2023-04-09 23:28:25,109][moc][WARNING][util_funcs.py:226] Keyword argument "num_objs" is deprecated and will be removed in a future version. Please use "num_objectives" instead.
[2023-04-09 23:28:35,098][moc][WARNING][util_funcs.py:111] Provide "objs" in result is deprecated and will be removed in future versions! Please use "objectives" instead.
[2023-04-09 23:28:35,100][moc][INFO][generic_smbo.py:416] Iter 24, objectives: [-11.483215295472306].
[2023-04-09 23:28:42,930][moc][WARNING][util_funcs.py:226] Keyword argument "num_objs" is deprecated and will be removed in a future version. Please use "num_objectives" instead.
[2023-04-09 23:28:44,501][moc][WARNING][util_funcs.py:111] Provide "objs" in result is deprecated and will be removed in future versions! Please use "objectives" instead.
[2023-04-09 23:28:44,503][moc][INFO][generic_smbo.py:416] Iter 25, objectives: [-1.1001633923440828].
[2023-04-09 23:28:52,669][moc][WARNING][util_funcs.py:226] Keyword argument "num_objs" is deprecated and will be removed in a future version. Please use "num_objectives" instead.
[2023-04-09 23:28:53,980][moc][WARNING][util_funcs.py:111] Provide "objs" in result is deprecated and will be removed in future versions! Please use "objectives" instead.
[2023-04-09 23:28:53,982][moc][INFO][generic_smbo.py:416] Iter 26, objectives: [-3.212954226701975].
[2023-04-09 23:29:02,012][moc][WARNING][util_funcs.py:226] Keyword argument "num_objs" is deprecated and will be removed in a future version. Please use "num_objectives" instead.
[2023-04-09 23:29:07,154][moc][WARNING][util_funcs.py:111] Provide "objs" in result is deprecated and will be removed in future versions! Please use "objectives" instead.
[2023-04-09 23:29:07,155][moc][INFO][generic_smbo.py:416] Iter 27, objectives: [-13.34346157459674].
[2023-04-09 23:29:15,743][moc][WARNING][util_funcs.py:226] Keyword argument "num_objs" is deprecated and will be removed in a future version. Please use "num_objectives" instead.
[2023-04-09 23:29:16,118][moc][WARNING][util_funcs.py:111] Provide "objs" in result is deprecated and will be removed in future versions! Please use "objectives" instead.
[2023-04-09 23:29:16,119][moc][INFO][generic_smbo.py:416] Iter 28, objectives: [10000000000.0].
[2023-04-09 23:29:16,120][moc][INFO][mf_advisor.py:411] Sample random config. rand_prob=0.100000.
[2023-04-09 23:29:16,144][moc][WARNING][util_funcs.py:226] Keyword argument "num_objs" is deprecated and will be removed in a future version. Please use "num_objectives" instead.
[2023-04-09 23:29:16,218][moc][WARNING][util_funcs.py:111] Provide "objs" in result is deprecated and will be removed in future versions! Please use "objectives" instead.
[2023-04-09 23:29:16,220][moc][INFO][generic_smbo.py:416] Iter 29, objectives: [10000000000.0].
[2023-04-09 23:29:24,915][moc][WARNING][util_funcs.py:226] Keyword argument "num_objs" is deprecated and will be removed in a future version. Please use "num_objectives" instead.
[2023-04-09 23:29:26,470][moc][WARNING][util_funcs.py:111] Provide "objs" in result is deprecated and will be removed in future versions! Please use "objectives" instead.
[2023-04-09 23:29:26,472][moc][INFO][generic_smbo.py:416] Iter 30, objectives: [-63.43174582860772].
[2023-04-09 23:29:35,642][moc][WARNING][util_funcs.py:226] Keyword argument "num_objs" is deprecated and will be removed in a future version. Please use "num_objectives" instead.
[2023-04-09 23:29:36,063][moc][WARNING][util_funcs.py:111] Provide "objs" in result is deprecated and will be removed in future versions! Please use "objectives" instead.
[2023-04-09 23:29:36,065][moc][INFO][generic_smbo.py:416] Iter 31, objectives: [10000000000.0].
[2023-04-09 23:29:47,008][moc][WARNING][util_funcs.py:226] Keyword argument "num_objs" is deprecated and will be removed in a future version. Please use "num_objectives" instead.
[2023-04-09 23:29:52,819][moc][WARNING][util_funcs.py:111] Provide "objs" in result is deprecated and will be removed in future versions! Please use "objectives" instead.
[2023-04-09 23:29:52,821][moc][INFO][generic_smbo.py:416] Iter 32, objectives: [-0.4451938709648915].
[2023-04-09 23:30:02,630][moc][WARNING][util_funcs.py:226] Keyword argument "num_objs" is deprecated and will be removed in a future version. Please use "num_objectives" instead.
[2023-04-09 23:30:03,777][moc][WARNING][util_funcs.py:111] Provide "objs" in result is deprecated and will be removed in future versions! Please use "objectives" instead.
[2023-04-09 23:30:03,779][moc][INFO][generic_smbo.py:416] Iter 33, objectives: [10000000000.0].
[2023-04-09 23:30:15,897][moc][WARNING][util_funcs.py:226] Keyword argument "num_objs" is deprecated and will be removed in a future version. Please use "num_objectives" instead.
[2023-04-09 23:30:17,376][moc][WARNING][util_funcs.py:111] Provide "objs" in result is deprecated and will be removed in future versions! Please use "objectives" instead.
[2023-04-09 23:30:17,378][moc][INFO][generic_smbo.py:416] Iter 34, objectives: [-280.1940376718069].
[2023-04-09 23:30:17,379][moc][INFO][mf_advisor.py:411] Sample random config. rand_prob=0.100000.
[2023-04-09 23:30:17,406][moc][WARNING][util_funcs.py:226] Keyword argument "num_objs" is deprecated and will be removed in a future version. Please use "num_objectives" instead.
[2023-04-09 23:30:17,495][moc][WARNING][util_funcs.py:111] Provide "objs" in result is deprecated and will be removed in future versions! Please use "objectives" instead.
[2023-04-09 23:30:17,497][moc][INFO][generic_smbo.py:416] Iter 35, objectives: [10000000000.0].
[2023-04-09 23:30:29,748][moc][WARNING][util_funcs.py:226] Keyword argument "num_objs" is deprecated and will be removed in a future version. Please use "num_objectives" instead.
[2023-04-09 23:30:31,578][moc][WARNING][util_funcs.py:111] Provide "objs" in result is deprecated and will be removed in future versions! Please use "objectives" instead.
[2023-04-09 23:30:31,579][moc][INFO][generic_smbo.py:416] Iter 36, objectives: [-78.13453635845241].
[2023-04-09 23:30:43,386][moc][WARNING][util_funcs.py:226] Keyword argument "num_objs" is deprecated and will be removed in a future version. Please use "num_objectives" instead.
[2023-04-09 23:30:47,361][moc][WARNING][util_funcs.py:111] Provide "objs" in result is deprecated and will be removed in future versions! Please use "objectives" instead.
[2023-04-09 23:30:47,363][moc][INFO][generic_smbo.py:416] Iter 37, objectives: [-1.8150777212982718].
[2023-04-09 23:31:00,676][moc][WARNING][util_funcs.py:226] Keyword argument "num_objs" is deprecated and will be removed in a future version. Please use "num_objectives" instead.
[2023-04-09 23:31:01,872][moc][WARNING][util_funcs.py:111] Provide "objs" in result is deprecated and will be removed in future versions! Please use "objectives" instead.
[2023-04-09 23:31:01,874][moc][INFO][generic_smbo.py:416] Iter 38, objectives: [10000000000.0].
[2023-04-09 23:31:14,224][moc][WARNING][util_funcs.py:226] Keyword argument "num_objs" is deprecated and will be removed in a future version. Please use "num_objectives" instead.
[2023-04-09 23:31:14,827][moc][WARNING][util_funcs.py:111] Provide "objs" in result is deprecated and will be removed in future versions! Please use "objectives" instead.
[2023-04-09 23:31:14,829][moc][INFO][generic_smbo.py:416] Iter 39, objectives: [10000000000.0].
[2023-04-09 23:31:28,621][moc][WARNING][util_funcs.py:226] Keyword argument "num_objs" is deprecated and will be removed in a future version. Please use "num_objectives" instead.
[2023-04-09 23:31:30,167][moc][WARNING][util_funcs.py:111] Provide "objs" in result is deprecated and will be removed in future versions! Please use "objectives" instead.
[2023-04-09 23:31:30,170][moc][INFO][generic_smbo.py:416] Iter 40, objectives: [-26.5291975193654].
[2023-04-09 23:31:47,461][moc][WARNING][util_funcs.py:226] Keyword argument "num_objs" is deprecated and will be removed in a future version. Please use "num_objectives" instead.
[2023-04-09 23:31:54,067][moc][WARNING][util_funcs.py:111] Provide "objs" in result is deprecated and will be removed in future versions! Please use "objectives" instead.
[2023-04-09 23:31:54,073][moc][INFO][generic_smbo.py:416] Iter 41, objectives: [-2.839666187458231].
[2023-04-09 23:31:54,075][moc][INFO][mf_advisor.py:411] Sample random config. rand_prob=0.100000.
[2023-04-09 23:31:54,126][moc][WARNING][util_funcs.py:226] Keyword argument "num_objs" is deprecated and will be removed in a future version. Please use "num_objectives" instead.
[2023-04-09 23:31:54,591][moc][WARNING][util_funcs.py:111] Provide "objs" in result is deprecated and will be removed in future versions! Please use "objectives" instead.
[2023-04-09 23:31:54,593][moc][INFO][generic_smbo.py:416] Iter 42, objectives: [10000000000.0].
[2023-04-09 23:32:09,523][moc][WARNING][util_funcs.py:226] Keyword argument "num_objs" is deprecated and will be removed in a future version. Please use "num_objectives" instead.
[2023-04-09 23:32:12,244][moc][WARNING][util_funcs.py:111] Provide "objs" in result is deprecated and will be removed in future versions! Please use "objectives" instead.
[2023-04-09 23:32:12,246][moc][INFO][generic_smbo.py:416] Iter 43, objectives: [-3.0248683484370806].
[2023-04-09 23:32:26,573][moc][WARNING][util_funcs.py:226] Keyword argument "num_objs" is deprecated and will be removed in a future version. Please use "num_objectives" instead.
[2023-04-09 23:32:29,686][moc][WARNING][util_funcs.py:111] Provide "objs" in result is deprecated and will be removed in future versions! Please use "objectives" instead.
[2023-04-09 23:32:29,688][moc][INFO][generic_smbo.py:416] Iter 44, objectives: [-75.05472651279419].
[2023-04-09 23:32:45,174][moc][WARNING][util_funcs.py:226] Keyword argument "num_objs" is deprecated and will be removed in a future version. Please use "num_objectives" instead.
[2023-04-09 23:32:46,953][moc][WARNING][util_funcs.py:111] Provide "objs" in result is deprecated and will be removed in future versions! Please use "objectives" instead.
[2023-04-09 23:32:46,955][moc][INFO][generic_smbo.py:416] Iter 45, objectives: [-25.919658458257413].
[2023-04-09 23:33:04,717][moc][WARNING][util_funcs.py:226] Keyword argument "num_objs" is deprecated and will be removed in a future version. Please use "num_objectives" instead.
[2023-04-09 23:33:04,821][moc][WARNING][util_funcs.py:111] Provide "objs" in result is deprecated and will be removed in future versions! Please use "objectives" instead.
[2023-04-09 23:33:04,823][moc][INFO][generic_smbo.py:416] Iter 46, objectives: [10000000000.0].
[2023-04-09 23:33:04,824][moc][INFO][mf_advisor.py:411] Sample random config. rand_prob=0.100000.
[2023-04-09 23:33:04,871][moc][WARNING][util_funcs.py:226] Keyword argument "num_objs" is deprecated and will be removed in a future version. Please use "num_objectives" instead.
[2023-04-09 23:33:12,157][moc][WARNING][util_funcs.py:111] Provide "objs" in result is deprecated and will be removed in future versions! Please use "objectives" instead.
[2023-04-09 23:33:12,159][moc][INFO][generic_smbo.py:416] Iter 47, objectives: [-11.887058623122508].
[2023-04-09 23:33:28,540][moc][WARNING][util_funcs.py:226] Keyword argument "num_objs" is deprecated and will be removed in a future version. Please use "num_objectives" instead.
[2023-04-09 23:33:29,690][moc][WARNING][util_funcs.py:111] Provide "objs" in result is deprecated and will be removed in future versions! Please use "objectives" instead.
[2023-04-09 23:33:29,692][moc][INFO][generic_smbo.py:416] Iter 48, objectives: [10000000000.0].
[2023-04-09 23:33:48,961][moc][WARNING][util_funcs.py:226] Keyword argument "num_objs" is deprecated and will be removed in a future version. Please use "num_objectives" instead.
[2023-04-09 23:33:53,126][moc][WARNING][util_funcs.py:111] Provide "objs" in result is deprecated and will be removed in future versions! Please use "objectives" instead.
[2023-04-09 23:33:53,128][moc][INFO][generic_smbo.py:416] Iter 49, objectives: [-58.832488878010466].
[2023-04-09 23:34:12,300][moc][WARNING][util_funcs.py:226] Keyword argument "num_objs" is deprecated and will be removed in a future version. Please use "num_objectives" instead.
[2023-04-09 23:34:22,613][moc][WARNING][util_funcs.py:111] Provide "objs" in result is deprecated and will be removed in future versions! Please use "objectives" instead.
[2023-04-09 23:34:22,615][moc][INFO][generic_smbo.py:416] Iter 50, objectives: [-2.0162223368240517].
[2023-04-09 23:34:33,798][moc][WARNING][util_funcs.py:226] Keyword argument "num_objs" is deprecated and will be removed in a future version. Please use "num_objectives" instead.
[2023-04-09 23:34:38,432][moc][WARNING][util_funcs.py:111] Provide "objs" in result is deprecated and will be removed in future versions! Please use "objectives" instead.
[2023-04-09 23:34:38,434][moc][INFO][generic_smbo.py:416] Iter 51, objectives: [-2.8131309283963764].
[2023-04-09 23:34:38,435][moc][INFO][mf_advisor.py:411] Sample random config. rand_prob=0.100000.
[2023-04-09 23:34:38,520][moc][WARNING][util_funcs.py:226] Keyword argument "num_objs" is deprecated and will be removed in a future version. Please use "num_objectives" instead.
[2023-04-09 23:34:40,336][moc][WARNING][util_funcs.py:111] Provide "objs" in result is deprecated and will be removed in future versions! Please use "objectives" instead.
[2023-04-09 23:34:40,338][moc][INFO][generic_smbo.py:416] Iter 52, objectives: [10000000000.0].
[2023-04-09 23:35:04,600][moc][WARNING][util_funcs.py:226] Keyword argument "num_objs" is deprecated and will be removed in a future version. Please use "num_objectives" instead.
[2023-04-09 23:35:07,091][moc][WARNING][util_funcs.py:111] Provide "objs" in result is deprecated and will be removed in future versions! Please use "objectives" instead.
[2023-04-09 23:35:07,093][moc][INFO][generic_smbo.py:416] Iter 53, objectives: [-46.428534473018615].
[2023-04-09 23:35:29,981][moc][WARNING][util_funcs.py:226] Keyword argument "num_objs" is deprecated and will be removed in a future version. Please use "num_objectives" instead.
[2023-04-09 23:35:32,085][moc][WARNING][util_funcs.py:111] Provide "objs" in result is deprecated and will be removed in future versions! Please use "objectives" instead.
[2023-04-09 23:35:32,086][moc][INFO][generic_smbo.py:416] Iter 54, objectives: [-2.959468818410836].
[2023-04-09 23:35:52,802][moc][WARNING][util_funcs.py:226] Keyword argument "num_objs" is deprecated and will be removed in a future version. Please use "num_objectives" instead.
[2023-04-09 23:35:58,595][moc][WARNING][util_funcs.py:111] Provide "objs" in result is deprecated and will be removed in future versions! Please use "objectives" instead.
[2023-04-09 23:35:58,596][moc][INFO][generic_smbo.py:416] Iter 55, objectives: [-10.674373765278332].
[2023-04-09 23:36:19,977][moc][WARNING][util_funcs.py:226] Keyword argument "num_objs" is deprecated and will be removed in a future version. Please use "num_objectives" instead.
[2023-04-09 23:36:20,299][moc][WARNING][util_funcs.py:111] Provide "objs" in result is deprecated and will be removed in future versions! Please use "objectives" instead.
[2023-04-09 23:36:20,301][moc][INFO][generic_smbo.py:416] Iter 56, objectives: [10000000000.0].
[2023-04-09 23:36:42,388][moc][WARNING][util_funcs.py:226] Keyword argument "num_objs" is deprecated and will be removed in a future version. Please use "num_objectives" instead.
[2023-04-09 23:36:44,164][moc][WARNING][util_funcs.py:111] Provide "objs" in result is deprecated and will be removed in future versions! Please use "objectives" instead.
[2023-04-09 23:36:44,167][moc][INFO][generic_smbo.py:416] Iter 57, objectives: [10000000000.0].
[2023-04-09 23:37:09,384][moc][WARNING][util_funcs.py:226] Keyword argument "num_objs" is deprecated and will be removed in a future version. Please use "num_objectives" instead.
[2023-04-09 23:37:13,101][moc][WARNING][util_funcs.py:111] Provide "objs" in result is deprecated and will be removed in future versions! Please use "objectives" instead.
[2023-04-09 23:37:13,103][moc][INFO][generic_smbo.py:416] Iter 58, objectives: [10000000000.0].
[2023-04-09 23:37:38,997][moc][WARNING][util_funcs.py:226] Keyword argument "num_objs" is deprecated and will be removed in a future version. Please use "num_objectives" instead.
[2023-04-09 23:37:49,418][moc][WARNING][util_funcs.py:111] Provide "objs" in result is deprecated and will be removed in future versions! Please use "objectives" instead.
[2023-04-09 23:37:49,421][moc][INFO][generic_smbo.py:416] Iter 59, objectives: [-11.35594442633485].
[2023-04-09 23:38:18,418][moc][WARNING][util_funcs.py:226] Keyword argument "num_objs" is deprecated and will be removed in a future version. Please use "num_objectives" instead.
[2023-04-09 23:38:21,189][moc][WARNING][util_funcs.py:111] Provide "objs" in result is deprecated and will be removed in future versions! Please use "objectives" instead.
[2023-04-09 23:38:21,192][moc][INFO][generic_smbo.py:416] Iter 60, objectives: [-52.501676888153916].
[2023-04-09 23:38:46,307][moc][WARNING][util_funcs.py:226] Keyword argument "num_objs" is deprecated and will be removed in a future version. Please use "num_objectives" instead.
[2023-04-09 23:38:47,600][moc][WARNING][util_funcs.py:111] Provide "objs" in result is deprecated and will be removed in future versions! Please use "objectives" instead.
[2023-04-09 23:38:47,603][moc][INFO][generic_smbo.py:416] Iter 61, objectives: [10000000000.0].
[2023-04-09 23:39:21,419][moc][WARNING][util_funcs.py:226] Keyword argument "num_objs" is deprecated and will be removed in a future version. Please use "num_objectives" instead.
[2023-04-09 23:39:26,553][moc][WARNING][util_funcs.py:111] Provide "objs" in result is deprecated and will be removed in future versions! Please use "objectives" instead.
[2023-04-09 23:39:26,555][moc][INFO][generic_smbo.py:416] Iter 62, objectives: [-12.756568265152438].
[2023-04-09 23:40:00,292][moc][WARNING][util_funcs.py:226] Keyword argument "num_objs" is deprecated and will be removed in a future version. Please use "num_objectives" instead.
[2023-04-09 23:40:03,382][moc][WARNING][util_funcs.py:111] Provide "objs" in result is deprecated and will be removed in future versions! Please use "objectives" instead.
[2023-04-09 23:40:03,385][moc][INFO][generic_smbo.py:416] Iter 63, objectives: [-30.127431166119536].
[2023-04-09 23:40:32,926][moc][WARNING][util_funcs.py:226] Keyword argument "num_objs" is deprecated and will be removed in a future version. Please use "num_objectives" instead.
[2023-04-09 23:40:35,094][moc][WARNING][util_funcs.py:111] Provide "objs" in result is deprecated and will be removed in future versions! Please use "objectives" instead.
[2023-04-09 23:40:35,097][moc][INFO][generic_smbo.py:416] Iter 64, objectives: [-9.77797748523994].
[2023-04-09 23:41:10,457][moc][WARNING][util_funcs.py:226] Keyword argument "num_objs" is deprecated and will be removed in a future version. Please use "num_objectives" instead.
[2023-04-09 23:41:11,978][moc][WARNING][util_funcs.py:111] Provide "objs" in result is deprecated and will be removed in future versions! Please use "objectives" instead.
[2023-04-09 23:41:11,981][moc][INFO][generic_smbo.py:416] Iter 65, objectives: [-205.97474659748505].
[2023-04-09 23:41:50,232][moc][WARNING][util_funcs.py:226] Keyword argument "num_objs" is deprecated and will be removed in a future version. Please use "num_objectives" instead.
[2023-04-09 23:41:52,606][moc][WARNING][util_funcs.py:111] Provide "objs" in result is deprecated and will be removed in future versions! Please use "objectives" instead.
[2023-04-09 23:41:52,608][moc][INFO][generic_smbo.py:416] Iter 66, objectives: [10000000000.0].
[2023-04-09 23:42:26,042][moc][WARNING][util_funcs.py:226] Keyword argument "num_objs" is deprecated and will be removed in a future version. Please use "num_objectives" instead.
[2023-04-09 23:42:31,385][moc][WARNING][util_funcs.py:111] Provide "objs" in result is deprecated and will be removed in future versions! Please use "objectives" instead.
[2023-04-09 23:42:31,387][moc][INFO][generic_smbo.py:416] Iter 67, objectives: [-161.25407325946148].
[2023-04-09 23:43:02,123][moc][WARNING][util_funcs.py:226] Keyword argument "num_objs" is deprecated and will be removed in a future version. Please use "num_objectives" instead.
[2023-04-09 23:43:06,897][moc][WARNING][util_funcs.py:111] Provide "objs" in result is deprecated and will be removed in future versions! Please use "objectives" instead.
[2023-04-09 23:43:06,899][moc][INFO][generic_smbo.py:416] Iter 68, objectives: [-2.603098048980536].
[2023-04-09 23:43:39,055][moc][WARNING][util_funcs.py:226] Keyword argument "num_objs" is deprecated and will be removed in a future version. Please use "num_objectives" instead.
[2023-04-09 23:43:39,191][moc][WARNING][util_funcs.py:111] Provide "objs" in result is deprecated and will be removed in future versions! Please use "objectives" instead.
[2023-04-09 23:43:39,193][moc][INFO][generic_smbo.py:416] Iter 69, objectives: [10000000000.0].
[2023-04-09 23:44:09,490][moc][WARNING][util_funcs.py:226] Keyword argument "num_objs" is deprecated and will be removed in a future version. Please use "num_objectives" instead.
[2023-04-09 23:44:13,402][moc][WARNING][util_funcs.py:111] Provide "objs" in result is deprecated and will be removed in future versions! Please use "objectives" instead.
[2023-04-09 23:44:13,405][moc][INFO][generic_smbo.py:416] Iter 70, objectives: [-2.7354103418727576].
[2023-04-09 23:44:55,201][moc][WARNING][util_funcs.py:226] Keyword argument "num_objs" is deprecated and will be removed in a future version. Please use "num_objectives" instead.
[2023-04-09 23:44:55,437][moc][WARNING][util_funcs.py:111] Provide "objs" in result is deprecated and will be removed in future versions! Please use "objectives" instead.
[2023-04-09 23:44:55,439][moc][INFO][generic_smbo.py:416] Iter 71, objectives: [10000000000.0].
[2023-04-09 23:45:35,381][moc][WARNING][util_funcs.py:226] Keyword argument "num_objs" is deprecated and will be removed in a future version. Please use "num_objectives" instead.
[2023-04-09 23:45:39,137][moc][WARNING][util_funcs.py:111] Provide "objs" in result is deprecated and will be removed in future versions! Please use "objectives" instead.
[2023-04-09 23:45:39,139][moc][INFO][generic_smbo.py:416] Iter 72, objectives: [-7.207527261935629].
[2023-04-09 23:46:20,307][moc][WARNING][util_funcs.py:226] Keyword argument "num_objs" is deprecated and will be removed in a future version. Please use "num_objectives" instead.
[2023-04-09 23:46:27,573][moc][WARNING][util_funcs.py:111] Provide "objs" in result is deprecated and will be removed in future versions! Please use "objectives" instead.
[2023-04-09 23:46:27,576][moc][INFO][generic_smbo.py:416] Iter 73, objectives: [-19.01226672318112].
[2023-04-09 23:47:07,901][moc][WARNING][util_funcs.py:226] Keyword argument "num_objs" is deprecated and will be removed in a future version. Please use "num_objectives" instead.
[2023-04-09 23:47:12,906][moc][WARNING][util_funcs.py:111] Provide "objs" in result is deprecated and will be removed in future versions! Please use "objectives" instead.
[2023-04-09 23:47:12,908][moc][INFO][generic_smbo.py:416] Iter 74, objectives: [-26.3295362631437].
[2023-04-09 23:48:03,151][moc][WARNING][util_funcs.py:226] Keyword argument "num_objs" is deprecated and will be removed in a future version. Please use "num_objectives" instead.
[2023-04-09 23:48:06,428][moc][WARNING][util_funcs.py:111] Provide "objs" in result is deprecated and will be removed in future versions! Please use "objectives" instead.
[2023-04-09 23:48:06,429][moc][INFO][generic_smbo.py:416] Iter 75, objectives: [-21.568955502105954].
[2023-04-09 23:48:50,874][moc][WARNING][util_funcs.py:226] Keyword argument "num_objs" is deprecated and will be removed in a future version. Please use "num_objectives" instead.
[2023-04-09 23:48:53,047][moc][WARNING][util_funcs.py:111] Provide "objs" in result is deprecated and will be removed in future versions! Please use "objectives" instead.
[2023-04-09 23:48:53,049][moc][INFO][generic_smbo.py:416] Iter 76, objectives: [-76.35229525607669].
[2023-04-09 23:49:38,948][moc][WARNING][util_funcs.py:226] Keyword argument "num_objs" is deprecated and will be removed in a future version. Please use "num_objectives" instead.
[2023-04-09 23:49:52,555][moc][WARNING][util_funcs.py:111] Provide "objs" in result is deprecated and will be removed in future versions! Please use "objectives" instead.
[2023-04-09 23:49:52,557][moc][INFO][generic_smbo.py:416] Iter 77, objectives: [-1.487567705616493].
[2023-04-09 23:50:31,745][moc][WARNING][util_funcs.py:226] Keyword argument "num_objs" is deprecated and will be removed in a future version. Please use "num_objectives" instead.
[2023-04-09 23:50:33,888][moc][WARNING][util_funcs.py:111] Provide "objs" in result is deprecated and will be removed in future versions! Please use "objectives" instead.
[2023-04-09 23:50:33,890][moc][INFO][generic_smbo.py:416] Iter 78, objectives: [10000000000.0].
[2023-04-09 23:51:11,440][moc][WARNING][util_funcs.py:226] Keyword argument "num_objs" is deprecated and will be removed in a future version. Please use "num_objectives" instead.
[2023-04-09 23:51:13,792][moc][WARNING][util_funcs.py:111] Provide "objs" in result is deprecated and will be removed in future versions! Please use "objectives" instead.
[2023-04-09 23:51:13,794][moc][INFO][generic_smbo.py:416] Iter 79, objectives: [10000000000.0].
[2023-04-09 23:51:41,414][moc][WARNING][util_funcs.py:226] Keyword argument "num_objs" is deprecated and will be removed in a future version. Please use "num_objectives" instead.
[2023-04-09 23:51:48,027][moc][WARNING][util_funcs.py:111] Provide "objs" in result is deprecated and will be removed in future versions! Please use "objectives" instead.
[2023-04-09 23:51:48,029][moc][INFO][generic_smbo.py:416] Iter 80, objectives: [-64.74979884448955].
[2023-04-09 23:52:21,387][moc][WARNING][util_funcs.py:226] Keyword argument "num_objs" is deprecated and will be removed in a future version. Please use "num_objectives" instead.
[2023-04-09 23:52:33,310][moc][WARNING][util_funcs.py:111] Provide "objs" in result is deprecated and will be removed in future versions! Please use "objectives" instead.
[2023-04-09 23:52:33,312][moc][INFO][generic_smbo.py:416] Iter 81, objectives: [-1.2091380827878067].
[2023-04-09 23:52:33,314][moc][INFO][mf_advisor.py:411] Sample random config. rand_prob=0.100000.
[2023-04-09 23:52:33,384][moc][WARNING][util_funcs.py:226] Keyword argument "num_objs" is deprecated and will be removed in a future version. Please use "num_objectives" instead.
[2023-04-09 23:52:33,707][moc][WARNING][util_funcs.py:111] Provide "objs" in result is deprecated and will be removed in future versions! Please use "objectives" instead.
[2023-04-09 23:52:33,709][moc][INFO][generic_smbo.py:416] Iter 82, objectives: [10000000000.0].
[2023-04-09 23:53:12,860][moc][WARNING][util_funcs.py:226] Keyword argument "num_objs" is deprecated and will be removed in a future version. Please use "num_objectives" instead.
[2023-04-09 23:53:17,543][moc][WARNING][util_funcs.py:111] Provide "objs" in result is deprecated and will be removed in future versions! Please use "objectives" instead.
[2023-04-09 23:53:17,545][moc][INFO][generic_smbo.py:416] Iter 83, objectives: [-200.08850736096554].
[2023-04-09 23:53:55,007][moc][WARNING][util_funcs.py:226] Keyword argument "num_objs" is deprecated and will be removed in a future version. Please use "num_objectives" instead.
[2023-04-09 23:53:55,188][moc][WARNING][util_funcs.py:111] Provide "objs" in result is deprecated and will be removed in future versions! Please use "objectives" instead.
[2023-04-09 23:53:55,192][moc][INFO][generic_smbo.py:416] Iter 84, objectives: [10000000000.0].
[2023-04-09 23:54:35,265][moc][WARNING][util_funcs.py:226] Keyword argument "num_objs" is deprecated and will be removed in a future version. Please use "num_objectives" instead.
[2023-04-09 23:54:45,001][moc][WARNING][util_funcs.py:111] Provide "objs" in result is deprecated and will be removed in future versions! Please use "objectives" instead.
[2023-04-09 23:54:45,003][moc][INFO][generic_smbo.py:416] Iter 85, objectives: [-19.838130529125554].
[2023-04-09 23:55:29,651][moc][WARNING][util_funcs.py:226] Keyword argument "num_objs" is deprecated and will be removed in a future version. Please use "num_objectives" instead.
[2023-04-09 23:55:34,815][moc][WARNING][util_funcs.py:111] Provide "objs" in result is deprecated and will be removed in future versions! Please use "objectives" instead.
[2023-04-09 23:55:34,817][moc][INFO][generic_smbo.py:416] Iter 86, objectives: [-40.2528957908461].
[2023-04-09 23:56:11,878][moc][WARNING][util_funcs.py:226] Keyword argument "num_objs" is deprecated and will be removed in a future version. Please use "num_objectives" instead.
[2023-04-09 23:56:13,719][moc][WARNING][util_funcs.py:111] Provide "objs" in result is deprecated and will be removed in future versions! Please use "objectives" instead.
[2023-04-09 23:56:13,721][moc][INFO][generic_smbo.py:416] Iter 87, objectives: [10000000000.0].
[2023-04-09 23:56:59,596][moc][WARNING][util_funcs.py:226] Keyword argument "num_objs" is deprecated and will be removed in a future version. Please use "num_objectives" instead.
[2023-04-09 23:57:02,153][moc][WARNING][util_funcs.py:111] Provide "objs" in result is deprecated and will be removed in future versions! Please use "objectives" instead.
[2023-04-09 23:57:02,155][moc][INFO][generic_smbo.py:416] Iter 88, objectives: [10000000000.0].
[2023-04-09 23:57:51,214][moc][WARNING][util_funcs.py:226] Keyword argument "num_objs" is deprecated and will be removed in a future version. Please use "num_objectives" instead.
[2023-04-09 23:58:07,928][moc][WARNING][util_funcs.py:111] Provide "objs" in result is deprecated and will be removed in future versions! Please use "objectives" instead.
[2023-04-09 23:58:07,930][moc][INFO][generic_smbo.py:416] Iter 89, objectives: [-22.35813679922945].
[2023-04-09 23:58:56,641][moc][WARNING][util_funcs.py:226] Keyword argument "num_objs" is deprecated and will be removed in a future version. Please use "num_objectives" instead.
[2023-04-09 23:59:00,439][moc][WARNING][util_funcs.py:111] Provide "objs" in result is deprecated and will be removed in future versions! Please use "objectives" instead.
[2023-04-09 23:59:00,441][moc][INFO][generic_smbo.py:416] Iter 90, objectives: [-97.63664835913703].
[2023-04-09 23:59:00,442][moc][INFO][mf_advisor.py:411] Sample random config. rand_prob=0.100000.
[2023-04-09 23:59:00,527][moc][WARNING][util_funcs.py:226] Keyword argument "num_objs" is deprecated and will be removed in a future version. Please use "num_objectives" instead.
[2023-04-09 23:59:00,909][moc][WARNING][util_funcs.py:111] Provide "objs" in result is deprecated and will be removed in future versions! Please use "objectives" instead.
[2023-04-09 23:59:00,911][moc][INFO][generic_smbo.py:416] Iter 91, objectives: [10000000000.0].
[2023-04-09 23:59:52,379][moc][WARNING][util_funcs.py:226] Keyword argument "num_objs" is deprecated and will be removed in a future version. Please use "num_objectives" instead.
[2023-04-09 23:59:57,461][moc][WARNING][util_funcs.py:111] Provide "objs" in result is deprecated and will be removed in future versions! Please use "objectives" instead.
[2023-04-09 23:59:57,464][moc][INFO][generic_smbo.py:416] Iter 92, objectives: [-4.3348582313840245].
[2023-04-10 00:00:40,266][moc][WARNING][util_funcs.py:226] Keyword argument "num_objs" is deprecated and will be removed in a future version. Please use "num_objectives" instead.
[2023-04-10 00:00:41,132][moc][WARNING][util_funcs.py:111] Provide "objs" in result is deprecated and will be removed in future versions! Please use "objectives" instead.
[2023-04-10 00:00:41,135][moc][INFO][generic_smbo.py:416] Iter 93, objectives: [10000000000.0].
[2023-04-10 00:01:28,983][moc][WARNING][util_funcs.py:226] Keyword argument "num_objs" is deprecated and will be removed in a future version. Please use "num_objectives" instead.
[2023-04-10 00:01:34,792][moc][WARNING][util_funcs.py:111] Provide "objs" in result is deprecated and will be removed in future versions! Please use "objectives" instead.
[2023-04-10 00:01:34,794][moc][INFO][generic_smbo.py:416] Iter 94, objectives: [10000000000.0].
[2023-04-10 00:02:14,592][moc][WARNING][util_funcs.py:226] Keyword argument "num_objs" is deprecated and will be removed in a future version. Please use "num_objectives" instead.
[2023-04-10 00:02:14,758][moc][WARNING][util_funcs.py:111] Provide "objs" in result is deprecated and will be removed in future versions! Please use "objectives" instead.
[2023-04-10 00:02:14,760][moc][INFO][generic_smbo.py:416] Iter 95, objectives: [10000000000.0].
[2023-04-10 00:03:00,967][moc][WARNING][util_funcs.py:226] Keyword argument "num_objs" is deprecated and will be removed in a future version. Please use "num_objectives" instead.
[2023-04-10 00:03:04,638][moc][WARNING][util_funcs.py:111] Provide "objs" in result is deprecated and will be removed in future versions! Please use "objectives" instead.
[2023-04-10 00:03:04,640][moc][INFO][generic_smbo.py:416] Iter 96, objectives: [-10.716155371943358].
[2023-04-10 00:03:53,402][moc][WARNING][util_funcs.py:226] Keyword argument "num_objs" is deprecated and will be removed in a future version. Please use "num_objectives" instead.
[2023-04-10 00:03:58,647][moc][WARNING][util_funcs.py:111] Provide "objs" in result is deprecated and will be removed in future versions! Please use "objectives" instead.
[2023-04-10 00:03:58,648][moc][INFO][generic_smbo.py:416] Iter 97, objectives: [-54.044001674989346].
[2023-04-10 00:04:51,766][moc][WARNING][util_funcs.py:226] Keyword argument "num_objs" is deprecated and will be removed in a future version. Please use "num_objectives" instead.
[2023-04-10 00:05:06,181][moc][WARNING][util_funcs.py:111] Provide "objs" in result is deprecated and will be removed in future versions! Please use "objectives" instead.
[2023-04-10 00:05:06,183][moc][INFO][generic_smbo.py:416] Iter 98, objectives: [-20.609103108131666].
[2023-04-10 00:05:55,822][moc][WARNING][util_funcs.py:226] Keyword argument "num_objs" is deprecated and will be removed in a future version. Please use "num_objectives" instead.
[2023-04-10 00:05:59,755][moc][WARNING][util_funcs.py:111] Provide "objs" in result is deprecated and will be removed in future versions! Please use "objectives" instead.
[2023-04-10 00:05:59,757][moc][INFO][generic_smbo.py:416] Iter 99, objectives: [-38.628552780913495].
[2023-04-10 00:06:32,254][moc][WARNING][util_funcs.py:226] Keyword argument "num_objs" is deprecated and will be removed in a future version. Please use "num_objectives" instead.
[2023-04-10 00:06:32,525][moc][WARNING][util_funcs.py:111] Provide "objs" in result is deprecated and will be removed in future versions! Please use "objectives" instead.
[2023-04-10 00:06:32,526][moc][INFO][generic_smbo.py:416] Iter 100, objectives: [10000000000.0].
