[2023-04-10 16:41:09,393][moc][INFO][color_logger.py:203] Logfile: /home/chenyiqi/wafer_scale_chip_dse_framework/logs/moc_2023-04-10-16-41-09-393415.log
[2023-04-10 16:41:09,401][moc][WARNING][util_funcs.py:111] Provide "objs" in result is deprecated and will be removed in future versions! Please use "objectives" instead.
[2023-04-10 16:41:09,401][moc][INFO][generic_smbo.py:333] Iter 1, objectives: [-23.54679803997577].
[2023-04-10 16:41:09,406][moc][WARNING][util_funcs.py:111] Provide "objs" in result is deprecated and will be removed in future versions! Please use "objectives" instead.
[2023-04-10 16:41:09,406][moc][INFO][generic_smbo.py:333] Iter 2, objectives: [-0.3681207154806226].
[2023-04-10 16:41:09,411][moc][WARNING][util_funcs.py:111] Provide "objs" in result is deprecated and will be removed in future versions! Please use "objectives" instead.
[2023-04-10 16:41:09,411][moc][INFO][generic_smbo.py:333] Iter 3, objectives: [-3.504180567582942].
[2023-04-10 16:41:09,417][moc][WARNING][util_funcs.py:111] Provide "objs" in result is deprecated and will be removed in future versions! Please use "objectives" instead.
[2023-04-10 16:41:09,417][moc][INFO][generic_smbo.py:333] Iter 4, objectives: [-0.8946536037058008].
[2023-04-10 16:41:09,422][moc][WARNING][util_funcs.py:111] Provide "objs" in result is deprecated and will be removed in future versions! Please use "objectives" instead.
[2023-04-10 16:41:09,422][moc][INFO][generic_smbo.py:333] Iter 5, objectives: [-1.2469297537981343].
[2023-04-10 16:41:09,427][moc][WARNING][util_funcs.py:111] Provide "objs" in result is deprecated and will be removed in future versions! Please use "objectives" instead.
[2023-04-10 16:41:09,427][moc][INFO][generic_smbo.py:333] Iter 6, objectives: [-0.4048524674651579].
[2023-04-10 16:41:09,432][moc][WARNING][util_funcs.py:111] Provide "objs" in result is deprecated and will be removed in future versions! Please use "objectives" instead.
[2023-04-10 16:41:09,432][moc][INFO][generic_smbo.py:333] Iter 7, objectives: [-0.3848609949454486].
[2023-04-10 16:41:09,437][moc][WARNING][util_funcs.py:111] Provide "objs" in result is deprecated and will be removed in future versions! Please use "objectives" instead.
[2023-04-10 16:41:09,437][moc][INFO][generic_smbo.py:333] Iter 8, objectives: [-0.40967722477081586].
[2023-04-10 16:41:09,442][moc][WARNING][util_funcs.py:111] Provide "objs" in result is deprecated and will be removed in future versions! Please use "objectives" instead.
[2023-04-10 16:41:09,442][moc][INFO][generic_smbo.py:333] Iter 9, objectives: [-1.7763505268201416].
[2023-04-10 16:41:09,447][moc][WARNING][util_funcs.py:111] Provide "objs" in result is deprecated and will be removed in future versions! Please use "objectives" instead.
[2023-04-10 16:41:09,447][moc][INFO][generic_smbo.py:333] Iter 10, objectives: [-0.8903055726054383].
[2023-04-10 16:41:09,448][moc][WARNING][util_funcs.py:111] Provide "objs" in result is deprecated and will be removed in future versions! Please use "objectives" instead.
[2023-04-10 16:41:09,448][moc][WARNING][util_funcs.py:123] Unused information in result: {'config': [Configuration(values={
  'data_parallel_size': 3,
  'micro_batch_size': 79,
  'model_parallel_size': 4,
  'num_reticle_per_pipeline_stage': 32,
  'tensor_parallel_size': 1,
})
]}
[2023-04-10 16:41:09,448][moc][INFO][generic_smbo.py:418] Iter 7, objectives: [-23.54679803997577].
[2023-04-10 16:41:09,448][moc][WARNING][mf_advisor.py:421] No enough successful initial trials! Sample random configuration.
[2023-04-10 16:41:09,450][moc][WARNING][util_funcs.py:231] Keyword argument "num_objs" is deprecated and will be removed in a future version. Please use "num_objectives" instead.
