[2023-04-10 16:49:28,889][moc][INFO][color_logger.py:203] Logfile: /home/chenyiqi/wafer_scale_chip_dse_framework/logs/moc_2023-04-10-16-49-28-889383.log
[2023-04-10 16:49:28,899][moc][WARNING][util_funcs.py:111] Provide "objs" in result is deprecated and will be removed in future versions! Please use "objectives" instead.
[2023-04-10 16:49:28,899][moc][INFO][generic_smbo.py:333] Iter 1, objectives: [-1.7828142799617768].
[2023-04-10 16:49:28,906][moc][WARNING][util_funcs.py:111] Provide "objs" in result is deprecated and will be removed in future versions! Please use "objectives" instead.
[2023-04-10 16:49:28,906][moc][INFO][generic_smbo.py:333] Iter 2, objectives: [-19.74926706092128].
[2023-04-10 16:49:28,911][moc][WARNING][util_funcs.py:111] Provide "objs" in result is deprecated and will be removed in future versions! Please use "objectives" instead.
[2023-04-10 16:49:28,912][moc][INFO][generic_smbo.py:333] Iter 3, objectives: [-0.2849215523084025].
[2023-04-10 16:49:28,918][moc][WARNING][util_funcs.py:111] Provide "objs" in result is deprecated and will be removed in future versions! Please use "objectives" instead.
[2023-04-10 16:49:28,918][moc][INFO][generic_smbo.py:333] Iter 4, objectives: [-1.2169634975855446].
[2023-04-10 16:49:28,924][moc][WARNING][util_funcs.py:111] Provide "objs" in result is deprecated and will be removed in future versions! Please use "objectives" instead.
[2023-04-10 16:49:28,924][moc][INFO][generic_smbo.py:333] Iter 5, objectives: [-1.8755959226725332].
[2023-04-10 16:49:28,930][moc][WARNING][util_funcs.py:111] Provide "objs" in result is deprecated and will be removed in future versions! Please use "objectives" instead.
[2023-04-10 16:49:28,931][moc][INFO][generic_smbo.py:333] Iter 6, objectives: [-0.8589104147204477].
[2023-04-10 16:49:28,936][moc][WARNING][util_funcs.py:111] Provide "objs" in result is deprecated and will be removed in future versions! Please use "objectives" instead.
[2023-04-10 16:49:28,937][moc][INFO][generic_smbo.py:333] Iter 7, objectives: [-2.579876553031515].
[2023-04-10 16:49:28,942][moc][WARNING][util_funcs.py:111] Provide "objs" in result is deprecated and will be removed in future versions! Please use "objectives" instead.
[2023-04-10 16:49:28,942][moc][INFO][generic_smbo.py:333] Iter 8, objectives: [-0.37327542374465].
[2023-04-10 16:49:28,949][moc][WARNING][util_funcs.py:111] Provide "objs" in result is deprecated and will be removed in future versions! Please use "objectives" instead.
[2023-04-10 16:49:28,949][moc][INFO][generic_smbo.py:333] Iter 9, objectives: [-0.7777345935491818].
[2023-04-10 16:49:28,955][moc][WARNING][util_funcs.py:111] Provide "objs" in result is deprecated and will be removed in future versions! Please use "objectives" instead.
[2023-04-10 16:49:28,955][moc][INFO][generic_smbo.py:333] Iter 10, objectives: [-2.77721763469573].
[2023-04-10 16:49:28,956][moc][WARNING][util_funcs.py:111] Provide "objs" in result is deprecated and will be removed in future versions! Please use "objectives" instead.
[2023-04-10 16:49:28,956][moc][WARNING][util_funcs.py:123] Unused information in result: {'config': [Configuration(values={
  'data_parallel_size': 1,
  'micro_batch_size': 338,
  'model_parallel_size': 12,
  'num_reticle_per_pipeline_stage': 201,
  'tensor_parallel_size': 1,
})
]}
[2023-04-10 16:49:28,956][moc][INFO][generic_smbo.py:418] Iter 7, objectives: [-19.74926706092128].
[2023-04-10 16:49:33,059][moc][WARNING][util_funcs.py:231] Keyword argument "num_objs" is deprecated and will be removed in a future version. Please use "num_objectives" instead.
