[2023-04-10 16:58:51,644][moc][INFO][color_logger.py:203] Logfile: /home/chenyiqi/wafer_scale_chip_dse_framework/logs/moc_2023-04-10-16-58-51-644112.log
[2023-04-10 16:58:52,559][moc][WARNING][util_funcs.py:111] Provide "objs" in result is deprecated and will be removed in future versions! Please use "objectives" instead.
[2023-04-10 16:58:52,559][moc][INFO][generic_smbo.py:333] Iter 1, objectives: [-0.7287116925800591].
[2023-04-10 16:58:53,349][moc][WARNING][util_funcs.py:111] Provide "objs" in result is deprecated and will be removed in future versions! Please use "objectives" instead.
[2023-04-10 16:58:53,349][moc][INFO][generic_smbo.py:333] Iter 2, objectives: [-0.891761281368629].
[2023-04-10 16:58:54,490][moc][WARNING][util_funcs.py:111] Provide "objs" in result is deprecated and will be removed in future versions! Please use "objectives" instead.
[2023-04-10 16:58:54,490][moc][INFO][generic_smbo.py:333] Iter 3, objectives: [-0.04392490943866471].
[2023-04-10 16:58:55,532][moc][WARNING][util_funcs.py:111] Provide "objs" in result is deprecated and will be removed in future versions! Please use "objectives" instead.
[2023-04-10 16:58:55,532][moc][INFO][generic_smbo.py:333] Iter 4, objectives: [-3.94806719762114].
[2023-04-10 16:58:56,580][moc][WARNING][util_funcs.py:111] Provide "objs" in result is deprecated and will be removed in future versions! Please use "objectives" instead.
[2023-04-10 16:58:56,581][moc][INFO][generic_smbo.py:333] Iter 5, objectives: [-0.09462921975536627].
[2023-04-10 16:58:57,117][moc][WARNING][util_funcs.py:111] Provide "objs" in result is deprecated and will be removed in future versions! Please use "objectives" instead.
[2023-04-10 16:58:57,117][moc][INFO][generic_smbo.py:333] Iter 6, objectives: [-1.6751800491216535].
[2023-04-10 16:58:58,060][moc][WARNING][util_funcs.py:111] Provide "objs" in result is deprecated and will be removed in future versions! Please use "objectives" instead.
[2023-04-10 16:58:58,060][moc][INFO][generic_smbo.py:333] Iter 7, objectives: [-0.7853634860506583].
[2023-04-10 16:58:59,142][moc][WARNING][util_funcs.py:111] Provide "objs" in result is deprecated and will be removed in future versions! Please use "objectives" instead.
[2023-04-10 16:58:59,142][moc][INFO][generic_smbo.py:333] Iter 8, objectives: [-1.378582712809332].
[2023-04-10 16:59:00,074][moc][WARNING][util_funcs.py:111] Provide "objs" in result is deprecated and will be removed in future versions! Please use "objectives" instead.
[2023-04-10 16:59:00,074][moc][INFO][generic_smbo.py:333] Iter 9, objectives: [-2.8969755994771322].
[2023-04-10 16:59:01,123][moc][WARNING][util_funcs.py:111] Provide "objs" in result is deprecated and will be removed in future versions! Please use "objectives" instead.
[2023-04-10 16:59:01,123][moc][INFO][generic_smbo.py:333] Iter 10, objectives: [-0.23103624089175318].
[2023-04-10 16:59:01,123][moc][WARNING][util_funcs.py:111] Provide "objs" in result is deprecated and will be removed in future versions! Please use "objectives" instead.
[2023-04-10 16:59:01,124][moc][WARNING][util_funcs.py:123] Unused information in result: {'config': [{'data_parallel_size': 6, 'micro_batch_size': 4, 'model_parallel_size': 2, 'num_reticle_per_pipeline_stage': 126, 'tensor_parallel_size': 8}]}
[2023-04-10 16:59:01,124][moc][INFO][generic_smbo.py:418] Iter 19, objectives: [-3.94806719762114].
[2023-04-10 16:59:05,344][moc][WARNING][util_funcs.py:231] Keyword argument "num_objs" is deprecated and will be removed in a future version. Please use "num_objectives" instead.
