[2023-04-10 17:20:49,244][moc][INFO][color_logger.py:203] Logfile: /home/chenyiqi/wafer_scale_chip_dse_framework/logs/moc_2023-04-10-17-20-49-244611.log
[2023-04-10 17:20:49,249][moc][WARNING][util_funcs.py:111] Provide "objs" in result is deprecated and will be removed in future versions! Please use "objectives" instead.
[2023-04-10 17:20:49,249][moc][INFO][generic_smbo.py:333] Iter 1, objectives: [-0.6334092189718655].
[2023-04-10 17:20:49,251][moc][WARNING][util_funcs.py:111] Provide "objs" in result is deprecated and will be removed in future versions! Please use "objectives" instead.
[2023-04-10 17:20:49,251][moc][INFO][generic_smbo.py:333] Iter 2, objectives: [-11.368120777243329].
[2023-04-10 17:20:49,253][moc][WARNING][util_funcs.py:111] Provide "objs" in result is deprecated and will be removed in future versions! Please use "objectives" instead.
[2023-04-10 17:20:49,254][moc][INFO][generic_smbo.py:333] Iter 3, objectives: [-0.3358260935890345].
[2023-04-10 17:20:49,256][moc][WARNING][util_funcs.py:111] Provide "objs" in result is deprecated and will be removed in future versions! Please use "objectives" instead.
[2023-04-10 17:20:49,256][moc][INFO][generic_smbo.py:333] Iter 4, objectives: [-0.6765256936930861].
[2023-04-10 17:20:49,259][moc][WARNING][util_funcs.py:111] Provide "objs" in result is deprecated and will be removed in future versions! Please use "objectives" instead.
[2023-04-10 17:20:49,259][moc][INFO][generic_smbo.py:333] Iter 5, objectives: [-0.4818271512180764].
[2023-04-10 17:20:49,261][moc][WARNING][util_funcs.py:111] Provide "objs" in result is deprecated and will be removed in future versions! Please use "objectives" instead.
[2023-04-10 17:20:49,261][moc][INFO][generic_smbo.py:333] Iter 6, objectives: [-1.5941075902146369].
[2023-04-10 17:20:49,263][moc][WARNING][util_funcs.py:111] Provide "objs" in result is deprecated and will be removed in future versions! Please use "objectives" instead.
[2023-04-10 17:20:49,263][moc][INFO][generic_smbo.py:333] Iter 7, objectives: [-1.7112095891695163].
[2023-04-10 17:20:49,265][moc][WARNING][util_funcs.py:111] Provide "objs" in result is deprecated and will be removed in future versions! Please use "objectives" instead.
[2023-04-10 17:20:49,266][moc][INFO][generic_smbo.py:333] Iter 8, objectives: [-0.8439260227141134].
[2023-04-10 17:20:49,268][moc][WARNING][util_funcs.py:111] Provide "objs" in result is deprecated and will be removed in future versions! Please use "objectives" instead.
[2023-04-10 17:20:49,269][moc][INFO][generic_smbo.py:333] Iter 9, objectives: [-0.6063766068339748].
[2023-04-10 17:20:49,271][moc][WARNING][util_funcs.py:111] Provide "objs" in result is deprecated and will be removed in future versions! Please use "objectives" instead.
[2023-04-10 17:20:49,271][moc][INFO][generic_smbo.py:333] Iter 10, objectives: [-1.542749108809379].
[2023-04-10 17:20:49,273][moc][WARNING][util_funcs.py:111] Provide "objs" in result is deprecated and will be removed in future versions! Please use "objectives" instead.
[2023-04-10 17:20:49,273][moc][INFO][generic_smbo.py:333] Iter 11, objectives: [-2.4189073876605227].
[2023-04-10 17:20:49,275][moc][WARNING][util_funcs.py:111] Provide "objs" in result is deprecated and will be removed in future versions! Please use "objectives" instead.
[2023-04-10 17:20:49,275][moc][INFO][generic_smbo.py:333] Iter 12, objectives: [-1.3102408931339857].
[2023-04-10 17:20:49,277][moc][WARNING][util_funcs.py:111] Provide "objs" in result is deprecated and will be removed in future versions! Please use "objectives" instead.
[2023-04-10 17:20:49,277][moc][INFO][generic_smbo.py:333] Iter 13, objectives: [-104.19593414683592].
[2023-04-10 17:20:49,280][moc][WARNING][util_funcs.py:111] Provide "objs" in result is deprecated and will be removed in future versions! Please use "objectives" instead.
[2023-04-10 17:20:49,280][moc][INFO][generic_smbo.py:333] Iter 14, objectives: [-0.7614121673908001].
[2023-04-10 17:20:49,282][moc][WARNING][util_funcs.py:111] Provide "objs" in result is deprecated and will be removed in future versions! Please use "objectives" instead.
[2023-04-10 17:20:49,282][moc][INFO][generic_smbo.py:333] Iter 15, objectives: [-0.7134094941457777].
[2023-04-10 17:20:49,285][moc][WARNING][util_funcs.py:111] Provide "objs" in result is deprecated and will be removed in future versions! Please use "objectives" instead.
[2023-04-10 17:20:49,285][moc][INFO][generic_smbo.py:333] Iter 16, objectives: [-2.1853000147691315].
[2023-04-10 17:20:49,287][moc][WARNING][util_funcs.py:111] Provide "objs" in result is deprecated and will be removed in future versions! Please use "objectives" instead.
[2023-04-10 17:20:49,287][moc][INFO][generic_smbo.py:333] Iter 17, objectives: [-0.6988661988391475].
[2023-04-10 17:20:49,290][moc][WARNING][util_funcs.py:111] Provide "objs" in result is deprecated and will be removed in future versions! Please use "objectives" instead.
[2023-04-10 17:20:49,290][moc][INFO][generic_smbo.py:333] Iter 18, objectives: [-1.1105276563797173].
[2023-04-10 17:20:49,292][moc][WARNING][util_funcs.py:111] Provide "objs" in result is deprecated and will be removed in future versions! Please use "objectives" instead.
[2023-04-10 17:20:49,292][moc][INFO][generic_smbo.py:333] Iter 19, objectives: [-0.6806342840694377].
[2023-04-10 17:20:49,294][moc][WARNING][util_funcs.py:111] Provide "objs" in result is deprecated and will be removed in future versions! Please use "objectives" instead.
[2023-04-10 17:20:49,294][moc][INFO][generic_smbo.py:333] Iter 20, objectives: [-0.6482244830632736].
[2023-04-10 17:20:49,294][moc][WARNING][util_funcs.py:111] Provide "objs" in result is deprecated and will be removed in future versions! Please use "objectives" instead.
[2023-04-10 17:20:49,295][moc][WARNING][util_funcs.py:123] Unused information in result: {'config': [{'data_parallel_size': 2, 'micro_batch_size': 19, 'model_parallel_size': 3, 'num_reticle_per_pipeline_stage': 36, 'tensor_parallel_size': 1}]}
[2023-04-10 17:20:49,295][moc][INFO][generic_smbo.py:418] Iter 8, objectives: [-104.19593414683592].
[2023-04-10 17:20:54,190][moc][WARNING][util_funcs.py:231] Keyword argument "num_objs" is deprecated and will be removed in a future version. Please use "num_objectives" instead.
