[2023-04-10 17:11:06,924][moc][INFO][color_logger.py:203] Logfile: /home/chenyiqi/wafer_scale_chip_dse_framework/logs/moc_2023-04-10-17-11-06-924615.log
[2023-04-10 17:11:06,940][moc][WARNING][util_funcs.py:111] Provide "objs" in result is deprecated and will be removed in future versions! Please use "objectives" instead.
[2023-04-10 17:11:06,940][moc][INFO][generic_smbo.py:333] Iter 1, objectives: [-0.34045981589082613].
[2023-04-10 17:11:07,047][moc][WARNING][util_funcs.py:111] Provide "objs" in result is deprecated and will be removed in future versions! Please use "objectives" instead.
[2023-04-10 17:11:07,047][moc][INFO][generic_smbo.py:333] Iter 2, objectives: [-0.5336850307914563].
[2023-04-10 17:11:07,058][moc][WARNING][util_funcs.py:111] Provide "objs" in result is deprecated and will be removed in future versions! Please use "objectives" instead.
[2023-04-10 17:11:07,058][moc][INFO][generic_smbo.py:333] Iter 3, objectives: [-1.2663776356373786].
[2023-04-10 17:11:07,070][moc][WARNING][util_funcs.py:111] Provide "objs" in result is deprecated and will be removed in future versions! Please use "objectives" instead.
[2023-04-10 17:11:07,070][moc][INFO][generic_smbo.py:333] Iter 4, objectives: [-0.8456709644841477].
[2023-04-10 17:11:07,082][moc][WARNING][util_funcs.py:111] Provide "objs" in result is deprecated and will be removed in future versions! Please use "objectives" instead.
[2023-04-10 17:11:07,082][moc][INFO][generic_smbo.py:333] Iter 5, objectives: [-1.0020548554153288].
[2023-04-10 17:11:07,094][moc][WARNING][util_funcs.py:111] Provide "objs" in result is deprecated and will be removed in future versions! Please use "objectives" instead.
[2023-04-10 17:11:07,094][moc][INFO][generic_smbo.py:333] Iter 6, objectives: [-0.9219510438776164].
[2023-04-10 17:11:07,106][moc][WARNING][util_funcs.py:111] Provide "objs" in result is deprecated and will be removed in future versions! Please use "objectives" instead.
[2023-04-10 17:11:07,106][moc][INFO][generic_smbo.py:333] Iter 7, objectives: [-4.354836087738778].
[2023-04-10 17:11:07,118][moc][WARNING][util_funcs.py:111] Provide "objs" in result is deprecated and will be removed in future versions! Please use "objectives" instead.
[2023-04-10 17:11:07,118][moc][INFO][generic_smbo.py:333] Iter 8, objectives: [-0.19261304996887035].
[2023-04-10 17:11:07,131][moc][WARNING][util_funcs.py:111] Provide "objs" in result is deprecated and will be removed in future versions! Please use "objectives" instead.
[2023-04-10 17:11:07,131][moc][INFO][generic_smbo.py:333] Iter 9, objectives: [-0.33153418257816514].
[2023-04-10 17:11:07,143][moc][WARNING][util_funcs.py:111] Provide "objs" in result is deprecated and will be removed in future versions! Please use "objectives" instead.
[2023-04-10 17:11:07,143][moc][INFO][generic_smbo.py:333] Iter 10, objectives: [-1.1632040020271461].
[2023-04-10 17:11:07,264][moc][WARNING][util_funcs.py:111] Provide "objs" in result is deprecated and will be removed in future versions! Please use "objectives" instead.
[2023-04-10 17:11:07,264][moc][INFO][generic_smbo.py:333] Iter 11, objectives: [-0.7667349985937141].
[2023-04-10 17:11:07,276][moc][WARNING][util_funcs.py:111] Provide "objs" in result is deprecated and will be removed in future versions! Please use "objectives" instead.
[2023-04-10 17:11:07,276][moc][INFO][generic_smbo.py:333] Iter 12, objectives: [-1.018091695250026].
[2023-04-10 17:11:07,289][moc][WARNING][util_funcs.py:111] Provide "objs" in result is deprecated and will be removed in future versions! Please use "objectives" instead.
[2023-04-10 17:11:07,289][moc][INFO][generic_smbo.py:333] Iter 13, objectives: [-3.020510421446533].
[2023-04-10 17:11:07,300][moc][WARNING][util_funcs.py:111] Provide "objs" in result is deprecated and will be removed in future versions! Please use "objectives" instead.
[2023-04-10 17:11:07,300][moc][INFO][generic_smbo.py:333] Iter 14, objectives: [-64.20067989366336].
[2023-04-10 17:11:07,312][moc][WARNING][util_funcs.py:111] Provide "objs" in result is deprecated and will be removed in future versions! Please use "objectives" instead.
[2023-04-10 17:11:07,312][moc][INFO][generic_smbo.py:333] Iter 15, objectives: [-0.5190649833141814].
[2023-04-10 17:11:07,323][moc][WARNING][util_funcs.py:111] Provide "objs" in result is deprecated and will be removed in future versions! Please use "objectives" instead.
[2023-04-10 17:11:07,324][moc][INFO][generic_smbo.py:333] Iter 16, objectives: [-0.8982108044106777].
[2023-04-10 17:11:07,335][moc][WARNING][util_funcs.py:111] Provide "objs" in result is deprecated and will be removed in future versions! Please use "objectives" instead.
[2023-04-10 17:11:07,335][moc][INFO][generic_smbo.py:333] Iter 17, objectives: [-116.08183859329294].
[2023-04-10 17:11:07,346][moc][WARNING][util_funcs.py:111] Provide "objs" in result is deprecated and will be removed in future versions! Please use "objectives" instead.
[2023-04-10 17:11:07,346][moc][INFO][generic_smbo.py:333] Iter 18, objectives: [-1.1271069743440105].
[2023-04-10 17:11:07,357][moc][WARNING][util_funcs.py:111] Provide "objs" in result is deprecated and will be removed in future versions! Please use "objectives" instead.
[2023-04-10 17:11:07,357][moc][INFO][generic_smbo.py:333] Iter 19, objectives: [-1.1421213052470107].
[2023-04-10 17:11:07,480][moc][WARNING][util_funcs.py:111] Provide "objs" in result is deprecated and will be removed in future versions! Please use "objectives" instead.
[2023-04-10 17:11:07,480][moc][INFO][generic_smbo.py:333] Iter 20, objectives: [-2.308011937845372].
[2023-04-10 17:11:07,481][moc][WARNING][util_funcs.py:111] Provide "objs" in result is deprecated and will be removed in future versions! Please use "objectives" instead.
[2023-04-10 17:11:07,481][moc][WARNING][util_funcs.py:123] Unused information in result: {'config': [{'data_parallel_size': 3, 'micro_batch_size': 151, 'model_parallel_size': 8, 'num_reticle_per_pipeline_stage': 664, 'tensor_parallel_size': 1}]}
[2023-04-10 17:11:07,481][moc][INFO][generic_smbo.py:418] Iter 5, objectives: [-116.08183859329294].
[2023-04-10 17:11:07,482][moc][WARNING][util_funcs.py:231] Keyword argument "num_objs" is deprecated and will be removed in a future version. Please use "num_objectives" instead.
