[2023-04-10 19:30:01,538][moc][INFO][color_logger.py:203] Logfile: /home/chenyiqi/wafer_scale_chip_dse_framework/logs/moc_2023-04-10-19-30-01-537829.log
[2023-04-10 19:30:01,543][moc][WARNING][util_funcs.py:111] Provide "objs" in result is deprecated and will be removed in future versions! Please use "objectives" instead.
[2023-04-10 19:30:01,543][moc][INFO][generic_smbo.py:352] Iter 1, objectives: [-0.540024969036363].
[2023-04-10 19:30:01,546][moc][WARNING][util_funcs.py:111] Provide "objs" in result is deprecated and will be removed in future versions! Please use "objectives" instead.
[2023-04-10 19:30:01,546][moc][INFO][generic_smbo.py:352] Iter 2, objectives: [-2.2151843461121734].
[2023-04-10 19:30:01,549][moc][WARNING][util_funcs.py:111] Provide "objs" in result is deprecated and will be removed in future versions! Please use "objectives" instead.
[2023-04-10 19:30:01,549][moc][INFO][generic_smbo.py:352] Iter 3, objectives: [-0.8234953104149584].
[2023-04-10 19:30:01,552][moc][WARNING][util_funcs.py:111] Provide "objs" in result is deprecated and will be removed in future versions! Please use "objectives" instead.
[2023-04-10 19:30:01,552][moc][INFO][generic_smbo.py:352] Iter 4, objectives: [-10.77942703257763].
[2023-04-10 19:30:01,555][moc][WARNING][util_funcs.py:111] Provide "objs" in result is deprecated and will be removed in future versions! Please use "objectives" instead.
[2023-04-10 19:30:01,555][moc][INFO][generic_smbo.py:352] Iter 5, objectives: [-0.7265948003876592].
[2023-04-10 19:30:01,558][moc][WARNING][util_funcs.py:111] Provide "objs" in result is deprecated and will be removed in future versions! Please use "objectives" instead.
[2023-04-10 19:30:01,558][moc][INFO][generic_smbo.py:352] Iter 6, objectives: [-1.5210027344479387].
[2023-04-10 19:30:01,562][moc][WARNING][util_funcs.py:111] Provide "objs" in result is deprecated and will be removed in future versions! Please use "objectives" instead.
[2023-04-10 19:30:01,562][moc][INFO][generic_smbo.py:352] Iter 7, objectives: [-0.629733178203466].
[2023-04-10 19:30:01,565][moc][WARNING][util_funcs.py:111] Provide "objs" in result is deprecated and will be removed in future versions! Please use "objectives" instead.
[2023-04-10 19:30:01,565][moc][INFO][generic_smbo.py:352] Iter 8, objectives: [-0.41483992215114207].
[2023-04-10 19:30:01,568][moc][WARNING][util_funcs.py:111] Provide "objs" in result is deprecated and will be removed in future versions! Please use "objectives" instead.
[2023-04-10 19:30:01,568][moc][INFO][generic_smbo.py:352] Iter 9, objectives: [-0.9855942605247607].
[2023-04-10 19:30:01,571][moc][WARNING][util_funcs.py:111] Provide "objs" in result is deprecated and will be removed in future versions! Please use "objectives" instead.
[2023-04-10 19:30:01,572][moc][INFO][generic_smbo.py:352] Iter 10, objectives: [-1.8734321920420396].
[2023-04-10 19:30:01,574][moc][WARNING][util_funcs.py:111] Provide "objs" in result is deprecated and will be removed in future versions! Please use "objectives" instead.
[2023-04-10 19:30:01,575][moc][INFO][generic_smbo.py:352] Iter 11, objectives: [-0.6931278209445961].
[2023-04-10 19:30:01,578][moc][WARNING][util_funcs.py:111] Provide "objs" in result is deprecated and will be removed in future versions! Please use "objectives" instead.
[2023-04-10 19:30:01,578][moc][INFO][generic_smbo.py:352] Iter 12, objectives: [-0.8341619507287416].
[2023-04-10 19:30:01,581][moc][WARNING][util_funcs.py:111] Provide "objs" in result is deprecated and will be removed in future versions! Please use "objectives" instead.
[2023-04-10 19:30:01,581][moc][INFO][generic_smbo.py:352] Iter 13, objectives: [-0.4880895841929957].
[2023-04-10 19:30:01,584][moc][WARNING][util_funcs.py:111] Provide "objs" in result is deprecated and will be removed in future versions! Please use "objectives" instead.
[2023-04-10 19:30:01,584][moc][INFO][generic_smbo.py:352] Iter 14, objectives: [-0.4396974072398694].
[2023-04-10 19:30:01,587][moc][WARNING][util_funcs.py:111] Provide "objs" in result is deprecated and will be removed in future versions! Please use "objectives" instead.
[2023-04-10 19:30:01,587][moc][INFO][generic_smbo.py:352] Iter 15, objectives: [-156.40839570237722].
[2023-04-10 19:30:01,590][moc][WARNING][util_funcs.py:111] Provide "objs" in result is deprecated and will be removed in future versions! Please use "objectives" instead.
[2023-04-10 19:30:01,590][moc][INFO][generic_smbo.py:352] Iter 16, objectives: [-0.8938821783474963].
[2023-04-10 19:30:01,594][moc][WARNING][util_funcs.py:111] Provide "objs" in result is deprecated and will be removed in future versions! Please use "objectives" instead.
[2023-04-10 19:30:01,594][moc][INFO][generic_smbo.py:352] Iter 17, objectives: [-0.4624199363772454].
[2023-04-10 19:30:01,596][moc][WARNING][util_funcs.py:111] Provide "objs" in result is deprecated and will be removed in future versions! Please use "objectives" instead.
[2023-04-10 19:30:01,597][moc][INFO][generic_smbo.py:352] Iter 18, objectives: [-257.2384432977814].
[2023-04-10 19:30:01,600][moc][WARNING][util_funcs.py:111] Provide "objs" in result is deprecated and will be removed in future versions! Please use "objectives" instead.
[2023-04-10 19:30:01,600][moc][INFO][generic_smbo.py:352] Iter 19, objectives: [-0.8014856532990863].
[2023-04-10 19:30:01,603][moc][WARNING][util_funcs.py:111] Provide "objs" in result is deprecated and will be removed in future versions! Please use "objectives" instead.
[2023-04-10 19:30:01,604][moc][INFO][generic_smbo.py:352] Iter 20, objectives: [-0.4459240111401134].
[2023-04-10 19:30:01,604][moc][WARNING][util_funcs.py:111] Provide "objs" in result is deprecated and will be removed in future versions! Please use "objectives" instead.
[2023-04-10 19:30:01,604][moc][WARNING][util_funcs.py:123] Unused information in result: {'config': [{'data_parallel_size': 2, 'micro_batch_size': 158, 'model_parallel_size': 2, 'num_reticle_per_pipeline_stage': 208, 'tensor_parallel_size': 1}]}
[2023-04-10 19:30:01,604][moc][INFO][generic_smbo.py:437] Iter 7, objectives: [-257.2384432977814].
[2023-04-10 19:30:06,013][moc][WARNING][util_funcs.py:231] Keyword argument "num_objs" is deprecated and will be removed in a future version. Please use "num_objectives" instead.
