[2023-04-10 19:28:47,107][moc][INFO][color_logger.py:203] Logfile: /home/chenyiqi/wafer_scale_chip_dse_framework/logs/moc_2023-04-10-19-28-47-106948.log
[2023-04-10 19:28:47,111][moc][WARNING][util_funcs.py:111] Provide "objs" in result is deprecated and will be removed in future versions! Please use "objectives" instead.
[2023-04-10 19:28:47,111][moc][INFO][generic_smbo.py:352] Iter 1, objectives: [-0.6630517527645627].
[2023-04-10 19:28:47,112][moc][WARNING][util_funcs.py:111] Provide "objs" in result is deprecated and will be removed in future versions! Please use "objectives" instead.
[2023-04-10 19:28:47,113][moc][INFO][generic_smbo.py:352] Iter 2, objectives: [-0.3387855835752115].
[2023-04-10 19:28:47,114][moc][WARNING][util_funcs.py:111] Provide "objs" in result is deprecated and will be removed in future versions! Please use "objectives" instead.
[2023-04-10 19:28:47,114][moc][INFO][generic_smbo.py:352] Iter 3, objectives: [-0.6117626367189234].
[2023-04-10 19:28:47,116][moc][WARNING][util_funcs.py:111] Provide "objs" in result is deprecated and will be removed in future versions! Please use "objectives" instead.
[2023-04-10 19:28:47,116][moc][INFO][generic_smbo.py:352] Iter 4, objectives: [-180.73613103224912].
[2023-04-10 19:28:47,118][moc][WARNING][util_funcs.py:111] Provide "objs" in result is deprecated and will be removed in future versions! Please use "objectives" instead.
[2023-04-10 19:28:47,118][moc][INFO][generic_smbo.py:352] Iter 5, objectives: [-0.45290625231888004].
[2023-04-10 19:28:47,120][moc][WARNING][util_funcs.py:111] Provide "objs" in result is deprecated and will be removed in future versions! Please use "objectives" instead.
[2023-04-10 19:28:47,120][moc][INFO][generic_smbo.py:352] Iter 6, objectives: [-19.46321217116736].
[2023-04-10 19:28:47,121][moc][WARNING][util_funcs.py:111] Provide "objs" in result is deprecated and will be removed in future versions! Please use "objectives" instead.
[2023-04-10 19:28:47,122][moc][INFO][generic_smbo.py:352] Iter 7, objectives: [-0.49092088014272095].
[2023-04-10 19:28:47,123][moc][WARNING][util_funcs.py:111] Provide "objs" in result is deprecated and will be removed in future versions! Please use "objectives" instead.
[2023-04-10 19:28:47,123][moc][INFO][generic_smbo.py:352] Iter 8, objectives: [-1.3268689676381735].
[2023-04-10 19:28:47,125][moc][WARNING][util_funcs.py:111] Provide "objs" in result is deprecated and will be removed in future versions! Please use "objectives" instead.
[2023-04-10 19:28:47,125][moc][INFO][generic_smbo.py:352] Iter 9, objectives: [-0.7488047029922132].
[2023-04-10 19:28:47,127][moc][WARNING][util_funcs.py:111] Provide "objs" in result is deprecated and will be removed in future versions! Please use "objectives" instead.
[2023-04-10 19:28:47,127][moc][INFO][generic_smbo.py:352] Iter 10, objectives: [-0.5343623679423297].
[2023-04-10 19:28:47,128][moc][WARNING][util_funcs.py:111] Provide "objs" in result is deprecated and will be removed in future versions! Please use "objectives" instead.
[2023-04-10 19:28:47,129][moc][INFO][generic_smbo.py:352] Iter 11, objectives: [-0.3076802662621074].
[2023-04-10 19:28:47,130][moc][WARNING][util_funcs.py:111] Provide "objs" in result is deprecated and will be removed in future versions! Please use "objectives" instead.
[2023-04-10 19:28:47,130][moc][INFO][generic_smbo.py:352] Iter 12, objectives: [-0.4987942679034886].
[2023-04-10 19:28:47,132][moc][WARNING][util_funcs.py:111] Provide "objs" in result is deprecated and will be removed in future versions! Please use "objectives" instead.
[2023-04-10 19:28:47,133][moc][INFO][generic_smbo.py:352] Iter 13, objectives: [-0.8133828812893241].
[2023-04-10 19:28:47,134][moc][WARNING][util_funcs.py:111] Provide "objs" in result is deprecated and will be removed in future versions! Please use "objectives" instead.
[2023-04-10 19:28:47,134][moc][INFO][generic_smbo.py:352] Iter 14, objectives: [-321.67328661935386].
[2023-04-10 19:28:47,136][moc][WARNING][util_funcs.py:111] Provide "objs" in result is deprecated and will be removed in future versions! Please use "objectives" instead.
[2023-04-10 19:28:47,136][moc][INFO][generic_smbo.py:352] Iter 15, objectives: [-0.30978415336487203].
[2023-04-10 19:28:47,138][moc][WARNING][util_funcs.py:111] Provide "objs" in result is deprecated and will be removed in future versions! Please use "objectives" instead.
[2023-04-10 19:28:47,138][moc][INFO][generic_smbo.py:352] Iter 16, objectives: [-0.33369497783978563].
[2023-04-10 19:28:47,139][moc][WARNING][util_funcs.py:111] Provide "objs" in result is deprecated and will be removed in future versions! Please use "objectives" instead.
[2023-04-10 19:28:47,139][moc][INFO][generic_smbo.py:352] Iter 17, objectives: [-2.2498006887428237].
[2023-04-10 19:28:47,141][moc][WARNING][util_funcs.py:111] Provide "objs" in result is deprecated and will be removed in future versions! Please use "objectives" instead.
[2023-04-10 19:28:47,141][moc][INFO][generic_smbo.py:352] Iter 18, objectives: [-0.36399843153367056].
[2023-04-10 19:28:47,143][moc][WARNING][util_funcs.py:111] Provide "objs" in result is deprecated and will be removed in future versions! Please use "objectives" instead.
[2023-04-10 19:28:47,143][moc][INFO][generic_smbo.py:352] Iter 19, objectives: [-0.5325478409380432].
[2023-04-10 19:28:47,145][moc][WARNING][util_funcs.py:111] Provide "objs" in result is deprecated and will be removed in future versions! Please use "objectives" instead.
[2023-04-10 19:28:47,145][moc][INFO][generic_smbo.py:352] Iter 20, objectives: [-0.6411482284416642].
[2023-04-10 19:28:47,146][moc][WARNING][util_funcs.py:111] Provide "objs" in result is deprecated and will be removed in future versions! Please use "objectives" instead.
[2023-04-10 19:28:47,146][moc][WARNING][util_funcs.py:123] Unused information in result: {'config': [{'data_parallel_size': 1, 'micro_batch_size': 123, 'model_parallel_size': 3, 'num_reticle_per_pipeline_stage': 22, 'tensor_parallel_size': 1}]}
[2023-04-10 19:28:47,146][moc][INFO][generic_smbo.py:437] Iter 7, objectives: [-321.67328661935386].
[2023-04-10 19:28:51,440][moc][WARNING][util_funcs.py:231] Keyword argument "num_objs" is deprecated and will be removed in a future version. Please use "num_objectives" instead.
