[2023-04-10 17:21:16,964][moc][INFO][color_logger.py:203] Logfile: /home/chenyiqi/wafer_scale_chip_dse_framework/logs/moc_2023-04-10-17-21-16-964360.log
[2023-04-10 17:21:16,971][moc][WARNING][util_funcs.py:111] Provide "objs" in result is deprecated and will be removed in future versions! Please use "objectives" instead.
[2023-04-10 17:21:16,971][moc][INFO][generic_smbo.py:333] Iter 1, objectives: [-3.911680052241404].
[2023-04-10 17:21:16,975][moc][WARNING][util_funcs.py:111] Provide "objs" in result is deprecated and will be removed in future versions! Please use "objectives" instead.
[2023-04-10 17:21:16,976][moc][INFO][generic_smbo.py:333] Iter 2, objectives: [-0.7610354449675488].
[2023-04-10 17:21:16,980][moc][WARNING][util_funcs.py:111] Provide "objs" in result is deprecated and will be removed in future versions! Please use "objectives" instead.
[2023-04-10 17:21:16,980][moc][INFO][generic_smbo.py:333] Iter 3, objectives: [-0.451989243968668].
[2023-04-10 17:21:16,985][moc][WARNING][util_funcs.py:111] Provide "objs" in result is deprecated and will be removed in future versions! Please use "objectives" instead.
[2023-04-10 17:21:16,985][moc][INFO][generic_smbo.py:333] Iter 4, objectives: [-1.0517548497466926].
[2023-04-10 17:21:16,990][moc][WARNING][util_funcs.py:111] Provide "objs" in result is deprecated and will be removed in future versions! Please use "objectives" instead.
[2023-04-10 17:21:16,990][moc][INFO][generic_smbo.py:333] Iter 5, objectives: [-0.9473458068532828].
[2023-04-10 17:21:16,995][moc][WARNING][util_funcs.py:111] Provide "objs" in result is deprecated and will be removed in future versions! Please use "objectives" instead.
[2023-04-10 17:21:16,995][moc][INFO][generic_smbo.py:333] Iter 6, objectives: [-2.648245583872638].
[2023-04-10 17:21:17,000][moc][WARNING][util_funcs.py:111] Provide "objs" in result is deprecated and will be removed in future versions! Please use "objectives" instead.
[2023-04-10 17:21:17,000][moc][INFO][generic_smbo.py:333] Iter 7, objectives: [-1.6984355052733926].
[2023-04-10 17:21:17,004][moc][WARNING][util_funcs.py:111] Provide "objs" in result is deprecated and will be removed in future versions! Please use "objectives" instead.
[2023-04-10 17:21:17,004][moc][INFO][generic_smbo.py:333] Iter 8, objectives: [-125.53138615458968].
[2023-04-10 17:21:17,009][moc][WARNING][util_funcs.py:111] Provide "objs" in result is deprecated and will be removed in future versions! Please use "objectives" instead.
[2023-04-10 17:21:17,009][moc][INFO][generic_smbo.py:333] Iter 9, objectives: [-2.962490494584183].
[2023-04-10 17:21:17,014][moc][WARNING][util_funcs.py:111] Provide "objs" in result is deprecated and will be removed in future versions! Please use "objectives" instead.
[2023-04-10 17:21:17,014][moc][INFO][generic_smbo.py:333] Iter 10, objectives: [-0.4858299184365413].
[2023-04-10 17:21:17,018][moc][WARNING][util_funcs.py:111] Provide "objs" in result is deprecated and will be removed in future versions! Please use "objectives" instead.
[2023-04-10 17:21:17,019][moc][INFO][generic_smbo.py:333] Iter 11, objectives: [-22.230702990769103].
[2023-04-10 17:21:17,023][moc][WARNING][util_funcs.py:111] Provide "objs" in result is deprecated and will be removed in future versions! Please use "objectives" instead.
[2023-04-10 17:21:17,023][moc][INFO][generic_smbo.py:333] Iter 12, objectives: [-0.493493049576567].
[2023-04-10 17:21:17,028][moc][WARNING][util_funcs.py:111] Provide "objs" in result is deprecated and will be removed in future versions! Please use "objectives" instead.
[2023-04-10 17:21:17,028][moc][INFO][generic_smbo.py:333] Iter 13, objectives: [-1.2047724662357722].
[2023-04-10 17:21:17,032][moc][WARNING][util_funcs.py:111] Provide "objs" in result is deprecated and will be removed in future versions! Please use "objectives" instead.
[2023-04-10 17:21:17,032][moc][INFO][generic_smbo.py:333] Iter 14, objectives: [-0.7886937832487396].
[2023-04-10 17:21:17,037][moc][WARNING][util_funcs.py:111] Provide "objs" in result is deprecated and will be removed in future versions! Please use "objectives" instead.
[2023-04-10 17:21:17,037][moc][INFO][generic_smbo.py:333] Iter 15, objectives: [-2.7506280267000824].
[2023-04-10 17:21:17,041][moc][WARNING][util_funcs.py:111] Provide "objs" in result is deprecated and will be removed in future versions! Please use "objectives" instead.
[2023-04-10 17:21:17,042][moc][INFO][generic_smbo.py:333] Iter 16, objectives: [-2.5107059461534145].
[2023-04-10 17:21:17,046][moc][WARNING][util_funcs.py:111] Provide "objs" in result is deprecated and will be removed in future versions! Please use "objectives" instead.
[2023-04-10 17:21:17,046][moc][INFO][generic_smbo.py:333] Iter 17, objectives: [-1.744283538511019].
[2023-04-10 17:21:17,051][moc][WARNING][util_funcs.py:111] Provide "objs" in result is deprecated and will be removed in future versions! Please use "objectives" instead.
[2023-04-10 17:21:17,051][moc][INFO][generic_smbo.py:333] Iter 18, objectives: [-1.1446229375504369].
[2023-04-10 17:21:17,055][moc][WARNING][util_funcs.py:111] Provide "objs" in result is deprecated and will be removed in future versions! Please use "objectives" instead.
[2023-04-10 17:21:17,056][moc][INFO][generic_smbo.py:333] Iter 19, objectives: [-4.498317072570555].
[2023-04-10 17:21:17,060][moc][WARNING][util_funcs.py:111] Provide "objs" in result is deprecated and will be removed in future versions! Please use "objectives" instead.
[2023-04-10 17:21:17,060][moc][INFO][generic_smbo.py:333] Iter 20, objectives: [-63.7103291102062].
[2023-04-10 17:21:17,061][moc][WARNING][util_funcs.py:111] Provide "objs" in result is deprecated and will be removed in future versions! Please use "objectives" instead.
[2023-04-10 17:21:17,061][moc][WARNING][util_funcs.py:123] Unused information in result: {'config': [{'data_parallel_size': 2, 'micro_batch_size': 25, 'model_parallel_size': 3, 'num_reticle_per_pipeline_stage': 443, 'tensor_parallel_size': 1}]}
[2023-04-10 17:21:17,061][moc][INFO][generic_smbo.py:418] Iter 13, objectives: [-125.53138615458968].
[2023-04-10 17:21:21,699][moc][WARNING][util_funcs.py:231] Keyword argument "num_objs" is deprecated and will be removed in a future version. Please use "num_objectives" instead.
