[2023-04-10 16:57:49,504][moc][INFO][color_logger.py:203] Logfile: /home/chenyiqi/wafer_scale_chip_dse_framework/logs/moc_2023-04-10-16-57-49-503984.log
[2023-04-10 16:57:49,606][moc][WARNING][util_funcs.py:111] Provide "objs" in result is deprecated and will be removed in future versions! Please use "objectives" instead.
[2023-04-10 16:57:49,607][moc][INFO][generic_smbo.py:333] Iter 1, objectives: [-0.8227693435626547].
[2023-04-10 16:57:49,707][moc][WARNING][util_funcs.py:111] Provide "objs" in result is deprecated and will be removed in future versions! Please use "objectives" instead.
[2023-04-10 16:57:49,707][moc][INFO][generic_smbo.py:333] Iter 2, objectives: [-0.35801955743182706].
[2023-04-10 16:57:49,811][moc][WARNING][util_funcs.py:111] Provide "objs" in result is deprecated and will be removed in future versions! Please use "objectives" instead.
[2023-04-10 16:57:49,811][moc][INFO][generic_smbo.py:333] Iter 3, objectives: [-12.754727365174729].
[2023-04-10 16:57:49,952][moc][WARNING][util_funcs.py:111] Provide "objs" in result is deprecated and will be removed in future versions! Please use "objectives" instead.
[2023-04-10 16:57:49,952][moc][INFO][generic_smbo.py:333] Iter 4, objectives: [-1.224558264019809].
[2023-04-10 16:57:50,070][moc][WARNING][util_funcs.py:111] Provide "objs" in result is deprecated and will be removed in future versions! Please use "objectives" instead.
[2023-04-10 16:57:50,070][moc][INFO][generic_smbo.py:333] Iter 5, objectives: [-1.6269439623769928].
[2023-04-10 16:57:50,185][moc][WARNING][util_funcs.py:111] Provide "objs" in result is deprecated and will be removed in future versions! Please use "objectives" instead.
[2023-04-10 16:57:50,185][moc][INFO][generic_smbo.py:333] Iter 6, objectives: [-0.7818224191023697].
[2023-04-10 16:57:50,420][moc][WARNING][util_funcs.py:111] Provide "objs" in result is deprecated and will be removed in future versions! Please use "objectives" instead.
[2023-04-10 16:57:50,420][moc][INFO][generic_smbo.py:333] Iter 7, objectives: [-0.27527484673929764].
[2023-04-10 16:57:50,531][moc][WARNING][util_funcs.py:111] Provide "objs" in result is deprecated and will be removed in future versions! Please use "objectives" instead.
[2023-04-10 16:57:50,531][moc][INFO][generic_smbo.py:333] Iter 8, objectives: [-0.5803895542323467].
[2023-04-10 16:57:50,629][moc][WARNING][util_funcs.py:111] Provide "objs" in result is deprecated and will be removed in future versions! Please use "objectives" instead.
[2023-04-10 16:57:50,629][moc][INFO][generic_smbo.py:333] Iter 9, objectives: [-1.0125567816847483].
[2023-04-10 16:57:50,719][moc][WARNING][util_funcs.py:111] Provide "objs" in result is deprecated and will be removed in future versions! Please use "objectives" instead.
[2023-04-10 16:57:50,719][moc][INFO][generic_smbo.py:333] Iter 10, objectives: [-3.249968571503927].
[2023-04-10 16:57:50,720][moc][WARNING][util_funcs.py:111] Provide "objs" in result is deprecated and will be removed in future versions! Please use "objectives" instead.
[2023-04-10 16:57:50,720][moc][WARNING][util_funcs.py:123] Unused information in result: {'config': [{'data_parallel_size': 8, 'micro_batch_size': 32, 'model_parallel_size': 6, 'num_reticle_per_pipeline_stage': 106, 'tensor_parallel_size': 2}]}
[2023-04-10 16:57:50,720][moc][INFO][generic_smbo.py:418] Iter 10, objectives: [-12.754727365174729].
[2023-04-10 16:57:55,246][moc][WARNING][util_funcs.py:231] Keyword argument "num_objs" is deprecated and will be removed in a future version. Please use "num_objectives" instead.
