[2023-04-10 17:08:48,056][moc][INFO][color_logger.py:203] Logfile: /home/chenyiqi/wafer_scale_chip_dse_framework/logs/moc_2023-04-10-17-08-48-056417.log
[2023-04-10 17:08:48,060][moc][WARNING][util_funcs.py:111] Provide "objs" in result is deprecated and will be removed in future versions! Please use "objectives" instead.
[2023-04-10 17:08:48,060][moc][INFO][generic_smbo.py:333] Iter 1, objectives: [-2.4828526614896336].
[2023-04-10 17:08:48,062][moc][WARNING][util_funcs.py:111] Provide "objs" in result is deprecated and will be removed in future versions! Please use "objectives" instead.
[2023-04-10 17:08:48,063][moc][INFO][generic_smbo.py:333] Iter 2, objectives: [-0.45397249200579126].
[2023-04-10 17:08:48,065][moc][WARNING][util_funcs.py:111] Provide "objs" in result is deprecated and will be removed in future versions! Please use "objectives" instead.
[2023-04-10 17:08:48,065][moc][INFO][generic_smbo.py:333] Iter 3, objectives: [-0.412734197229822].
[2023-04-10 17:08:48,067][moc][WARNING][util_funcs.py:111] Provide "objs" in result is deprecated and will be removed in future versions! Please use "objectives" instead.
[2023-04-10 17:08:48,067][moc][INFO][generic_smbo.py:333] Iter 4, objectives: [-0.738178370713198].
[2023-04-10 17:08:48,070][moc][WARNING][util_funcs.py:111] Provide "objs" in result is deprecated and will be removed in future versions! Please use "objectives" instead.
[2023-04-10 17:08:48,070][moc][INFO][generic_smbo.py:333] Iter 5, objectives: [-0.4092496054398161].
[2023-04-10 17:08:48,072][moc][WARNING][util_funcs.py:111] Provide "objs" in result is deprecated and will be removed in future versions! Please use "objectives" instead.
[2023-04-10 17:08:48,072][moc][INFO][generic_smbo.py:333] Iter 6, objectives: [-1.1627166087319816].
[2023-04-10 17:08:48,074][moc][WARNING][util_funcs.py:111] Provide "objs" in result is deprecated and will be removed in future versions! Please use "objectives" instead.
[2023-04-10 17:08:48,074][moc][INFO][generic_smbo.py:333] Iter 7, objectives: [-26.951714974278147].
[2023-04-10 17:08:48,076][moc][WARNING][util_funcs.py:111] Provide "objs" in result is deprecated and will be removed in future versions! Please use "objectives" instead.
[2023-04-10 17:08:48,076][moc][INFO][generic_smbo.py:333] Iter 8, objectives: [-1.818912375953259].
[2023-04-10 17:08:48,076][moc][WARNING][util_funcs.py:111] Provide "objs" in result is deprecated and will be removed in future versions! Please use "objectives" instead.
[2023-04-10 17:08:48,077][moc][INFO][generic_smbo.py:418] Iter 19, objectives: [10000000000.0].
[2023-04-10 17:08:52,873][moc][WARNING][util_funcs.py:231] Keyword argument "num_objs" is deprecated and will be removed in a future version. Please use "num_objectives" instead.
