[2023-04-10 19:04:43,417][moc][INFO][color_logger.py:203] Logfile: /home/chenyiqi/wafer_scale_chip_dse_framework/logs/moc_2023-04-10-19-04-43-417235.log
[2023-04-10 19:04:43,422][moc][WARNING][util_funcs.py:111] Provide "objs" in result is deprecated and will be removed in future versions! Please use "objectives" instead.
[2023-04-10 19:04:43,422][moc][INFO][generic_smbo.py:333] Iter 1, objectives: [-0.5869016032636811].
[2023-04-10 19:04:43,424][moc][WARNING][util_funcs.py:111] Provide "objs" in result is deprecated and will be removed in future versions! Please use "objectives" instead.
[2023-04-10 19:04:43,424][moc][INFO][generic_smbo.py:333] Iter 2, objectives: [-0.8811533263020452].
[2023-04-10 19:04:43,426][moc][WARNING][util_funcs.py:111] Provide "objs" in result is deprecated and will be removed in future versions! Please use "objectives" instead.
[2023-04-10 19:04:43,426][moc][INFO][generic_smbo.py:333] Iter 3, objectives: [-1.1443754295527613].
[2023-04-10 19:04:43,428][moc][WARNING][util_funcs.py:111] Provide "objs" in result is deprecated and will be removed in future versions! Please use "objectives" instead.
[2023-04-10 19:04:43,428][moc][INFO][generic_smbo.py:333] Iter 4, objectives: [-1.3409907904614562].
[2023-04-10 19:04:43,430][moc][WARNING][util_funcs.py:111] Provide "objs" in result is deprecated and will be removed in future versions! Please use "objectives" instead.
[2023-04-10 19:04:43,430][moc][INFO][generic_smbo.py:333] Iter 5, objectives: [-0.3663230781522994].
[2023-04-10 19:04:43,432][moc][WARNING][util_funcs.py:111] Provide "objs" in result is deprecated and will be removed in future versions! Please use "objectives" instead.
[2023-04-10 19:04:43,432][moc][INFO][generic_smbo.py:333] Iter 6, objectives: [-1.738773108340977].
[2023-04-10 19:04:43,434][moc][WARNING][util_funcs.py:111] Provide "objs" in result is deprecated and will be removed in future versions! Please use "objectives" instead.
[2023-04-10 19:04:43,434][moc][INFO][generic_smbo.py:333] Iter 7, objectives: [-0.519674436243868].
[2023-04-10 19:04:43,435][moc][WARNING][util_funcs.py:111] Provide "objs" in result is deprecated and will be removed in future versions! Please use "objectives" instead.
[2023-04-10 19:04:43,435][moc][INFO][generic_smbo.py:333] Iter 8, objectives: [-2.4698111362427384].
[2023-04-10 19:04:43,437][moc][WARNING][util_funcs.py:111] Provide "objs" in result is deprecated and will be removed in future versions! Please use "objectives" instead.
[2023-04-10 19:04:43,437][moc][INFO][generic_smbo.py:333] Iter 9, objectives: [-0.6171187033509604].
[2023-04-10 19:04:43,439][moc][WARNING][util_funcs.py:111] Provide "objs" in result is deprecated and will be removed in future versions! Please use "objectives" instead.
[2023-04-10 19:04:43,439][moc][INFO][generic_smbo.py:333] Iter 10, objectives: [-0.830178919098015].
[2023-04-10 19:04:43,442][moc][WARNING][util_funcs.py:111] Provide "objs" in result is deprecated and will be removed in future versions! Please use "objectives" instead.
[2023-04-10 19:04:43,442][moc][INFO][generic_smbo.py:333] Iter 11, objectives: [-11.481406367569605].
[2023-04-10 19:04:43,444][moc][WARNING][util_funcs.py:111] Provide "objs" in result is deprecated and will be removed in future versions! Please use "objectives" instead.
[2023-04-10 19:04:43,444][moc][INFO][generic_smbo.py:333] Iter 12, objectives: [-0.6597424230465179].
[2023-04-10 19:04:43,446][moc][WARNING][util_funcs.py:111] Provide "objs" in result is deprecated and will be removed in future versions! Please use "objectives" instead.
[2023-04-10 19:04:43,446][moc][INFO][generic_smbo.py:333] Iter 13, objectives: [-0.6822168422429448].
[2023-04-10 19:04:43,448][moc][WARNING][util_funcs.py:111] Provide "objs" in result is deprecated and will be removed in future versions! Please use "objectives" instead.
[2023-04-10 19:04:43,448][moc][INFO][generic_smbo.py:333] Iter 14, objectives: [-0.7116264597337383].
[2023-04-10 19:04:43,450][moc][WARNING][util_funcs.py:111] Provide "objs" in result is deprecated and will be removed in future versions! Please use "objectives" instead.
[2023-04-10 19:04:43,450][moc][INFO][generic_smbo.py:333] Iter 15, objectives: [-1.1781512473247482].
[2023-04-10 19:04:43,452][moc][WARNING][util_funcs.py:111] Provide "objs" in result is deprecated and will be removed in future versions! Please use "objectives" instead.
[2023-04-10 19:04:43,452][moc][INFO][generic_smbo.py:333] Iter 16, objectives: [-1.0208496814469874].
[2023-04-10 19:04:43,454][moc][WARNING][util_funcs.py:111] Provide "objs" in result is deprecated and will be removed in future versions! Please use "objectives" instead.
[2023-04-10 19:04:43,454][moc][INFO][generic_smbo.py:333] Iter 17, objectives: [-0.4782524802681443].
[2023-04-10 19:04:43,456][moc][WARNING][util_funcs.py:111] Provide "objs" in result is deprecated and will be removed in future versions! Please use "objectives" instead.
[2023-04-10 19:04:43,456][moc][INFO][generic_smbo.py:333] Iter 18, objectives: [-0.6376469362992956].
[2023-04-10 19:04:43,458][moc][WARNING][util_funcs.py:111] Provide "objs" in result is deprecated and will be removed in future versions! Please use "objectives" instead.
[2023-04-10 19:04:43,458][moc][INFO][generic_smbo.py:333] Iter 19, objectives: [-0.8083519945522853].
[2023-04-10 19:04:43,460][moc][WARNING][util_funcs.py:111] Provide "objs" in result is deprecated and will be removed in future versions! Please use "objectives" instead.
[2023-04-10 19:04:43,460][moc][INFO][generic_smbo.py:333] Iter 20, objectives: [-0.9059996251915792].
[2023-04-10 19:04:43,461][moc][WARNING][util_funcs.py:111] Provide "objs" in result is deprecated and will be removed in future versions! Please use "objectives" instead.
[2023-04-10 19:04:43,461][moc][WARNING][util_funcs.py:123] Unused information in result: {'config': [{'data_parallel_size': 3, 'micro_batch_size': 42, 'model_parallel_size': 12, 'num_reticle_per_pipeline_stage': 1, 'tensor_parallel_size': 1}]}
[2023-04-10 19:04:43,461][moc][INFO][generic_smbo.py:418] Iter 5, objectives: [-11.481406367569605].
[2023-04-10 19:04:43,463][moc][WARNING][util_funcs.py:231] Keyword argument "num_objs" is deprecated and will be removed in a future version. Please use "num_objectives" instead.
