[2023-04-10 16:41:28,953][moc][INFO][color_logger.py:203] Logfile: /home/chenyiqi/wafer_scale_chip_dse_framework/logs/moc_2023-04-10-16-41-28-953421.log
[2023-04-10 16:41:28,961][moc][WARNING][util_funcs.py:111] Provide "objs" in result is deprecated and will be removed in future versions! Please use "objectives" instead.
[2023-04-10 16:41:28,961][moc][INFO][generic_smbo.py:333] Iter 1, objectives: [-3.094752201458168].
[2023-04-10 16:41:28,966][moc][WARNING][util_funcs.py:111] Provide "objs" in result is deprecated and will be removed in future versions! Please use "objectives" instead.
[2023-04-10 16:41:28,966][moc][INFO][generic_smbo.py:333] Iter 2, objectives: [-0.5613846367932345].
[2023-04-10 16:41:28,971][moc][WARNING][util_funcs.py:111] Provide "objs" in result is deprecated and will be removed in future versions! Please use "objectives" instead.
[2023-04-10 16:41:28,971][moc][INFO][generic_smbo.py:333] Iter 3, objectives: [-0.7561044196172417].
[2023-04-10 16:41:28,976][moc][WARNING][util_funcs.py:111] Provide "objs" in result is deprecated and will be removed in future versions! Please use "objectives" instead.
[2023-04-10 16:41:28,976][moc][INFO][generic_smbo.py:333] Iter 4, objectives: [-0.5134326534545215].
[2023-04-10 16:41:28,981][moc][WARNING][util_funcs.py:111] Provide "objs" in result is deprecated and will be removed in future versions! Please use "objectives" instead.
[2023-04-10 16:41:28,981][moc][INFO][generic_smbo.py:333] Iter 5, objectives: [-1.1337162100734834].
[2023-04-10 16:41:29,135][moc][WARNING][util_funcs.py:111] Provide "objs" in result is deprecated and will be removed in future versions! Please use "objectives" instead.
[2023-04-10 16:41:29,136][moc][INFO][generic_smbo.py:333] Iter 6, objectives: [-1.4780627639132797].
[2023-04-10 16:41:29,141][moc][WARNING][util_funcs.py:111] Provide "objs" in result is deprecated and will be removed in future versions! Please use "objectives" instead.
[2023-04-10 16:41:29,141][moc][INFO][generic_smbo.py:333] Iter 7, objectives: [-0.6637005305898142].
[2023-04-10 16:41:29,146][moc][WARNING][util_funcs.py:111] Provide "objs" in result is deprecated and will be removed in future versions! Please use "objectives" instead.
[2023-04-10 16:41:29,146][moc][INFO][generic_smbo.py:333] Iter 8, objectives: [-0.8259934956593725].
[2023-04-10 16:41:29,150][moc][WARNING][util_funcs.py:111] Provide "objs" in result is deprecated and will be removed in future versions! Please use "objectives" instead.
[2023-04-10 16:41:29,150][moc][INFO][generic_smbo.py:333] Iter 9, objectives: [-0.607978250071595].
[2023-04-10 16:41:29,155][moc][WARNING][util_funcs.py:111] Provide "objs" in result is deprecated and will be removed in future versions! Please use "objectives" instead.
[2023-04-10 16:41:29,155][moc][INFO][generic_smbo.py:333] Iter 10, objectives: [-1.3903657044431328].
[2023-04-10 16:41:29,155][moc][WARNING][util_funcs.py:111] Provide "objs" in result is deprecated and will be removed in future versions! Please use "objectives" instead.
[2023-04-10 16:41:29,155][moc][WARNING][util_funcs.py:123] Unused information in result: {'config': [Configuration(values={
  'data_parallel_size': 3,
  'micro_batch_size': 14,
  'model_parallel_size': 8,
  'num_reticle_per_pipeline_stage': 16,
  'tensor_parallel_size': 4,
})
]}
[2023-04-10 16:41:29,156][moc][INFO][generic_smbo.py:418] Iter 19, objectives: [-3.094752201458168].
[2023-04-10 16:41:33,594][moc][WARNING][util_funcs.py:231] Keyword argument "num_objs" is deprecated and will be removed in a future version. Please use "num_objectives" instead.
