[2023-04-10 16:33:21,391][moc][INFO][color_logger.py:203] Logfile: /home/chenyiqi/wafer_scale_chip_dse_framework/logs/moc_2023-04-10-16-33-21-390942.log
[2023-04-10 16:33:21,422][moc][WARNING][util_funcs.py:231] Keyword argument "num_objs" is deprecated and will be removed in a future version. Please use "num_objectives" instead.
[2023-04-10 16:33:21,512][moc][WARNING][generic_smbo.py:386] Exception when calling objective function: result is None!
config: Configuration(values={
  'fidelity': 1,
  'var00': 128,
  'var01': 1024,
  'var02': 64,
  'var03': 64,
  'var04': 4,
  'var05': 4,
  'var06': 1,
  'var07': 48,
  'var08': 32,
  'var09': 900,
  'var10': 6,
  'var11': 8,
})

[2023-04-10 16:33:21,514][moc][INFO][generic_smbo.py:416] Iter 1, objectives: [inf].
[2023-04-10 16:33:21,535][moc][WARNING][util_funcs.py:231] Keyword argument "num_objs" is deprecated and will be removed in a future version. Please use "num_objectives" instead.
