[2023-04-09 22:43:24,112][moc][INFO][color_logger.py:203] Logfile: /home/chenyiqi/wafer_scale_chip_dse_framework/logs/moc_2023-04-09-22-43-24-112228.log
[2023-04-09 22:43:24,152][moc][WARNING][util_funcs.py:226] Keyword argument "num_objs" is deprecated and will be removed in a future version. Please use "num_objectives" instead.
[2023-04-09 22:43:24,747][moc][WARNING][util_funcs.py:111] Provide "objs" in result is deprecated and will be removed in future versions! Please use "objectives" instead.
[2023-04-09 22:43:24,749][moc][INFO][generic_smbo.py:416] Iter 1, objectives: [-14.422337047100855].
[2023-04-09 22:43:24,774][moc][WARNING][util_funcs.py:226] Keyword argument "num_objs" is deprecated and will be removed in a future version. Please use "num_objectives" instead.
[2023-04-09 22:43:25,695][moc][WARNING][util_funcs.py:111] Provide "objs" in result is deprecated and will be removed in future versions! Please use "objectives" instead.
[2023-04-09 22:43:25,697][moc][INFO][generic_smbo.py:416] Iter 2, objectives: [-4.658924084884877].
[2023-04-09 22:43:25,721][moc][WARNING][util_funcs.py:226] Keyword argument "num_objs" is deprecated and will be removed in a future version. Please use "num_objectives" instead.
[2023-04-09 22:43:26,272][moc][WARNING][util_funcs.py:111] Provide "objs" in result is deprecated and will be removed in future versions! Please use "objectives" instead.
[2023-04-09 22:43:26,273][moc][INFO][generic_smbo.py:416] Iter 3, objectives: [-5.123531788119025].
[2023-04-09 22:43:26,297][moc][WARNING][util_funcs.py:226] Keyword argument "num_objs" is deprecated and will be removed in a future version. Please use "num_objectives" instead.
[2023-04-09 22:43:26,861][moc][WARNING][util_funcs.py:111] Provide "objs" in result is deprecated and will be removed in future versions! Please use "objectives" instead.
[2023-04-09 22:43:26,862][moc][INFO][generic_smbo.py:416] Iter 4, objectives: [-9.525147208019739].
[2023-04-09 22:43:26,883][moc][WARNING][util_funcs.py:226] Keyword argument "num_objs" is deprecated and will be removed in a future version. Please use "num_objectives" instead.
[2023-04-09 22:43:27,426][moc][WARNING][util_funcs.py:111] Provide "objs" in result is deprecated and will be removed in future versions! Please use "objectives" instead.
[2023-04-09 22:43:27,428][moc][INFO][generic_smbo.py:416] Iter 5, objectives: [-11.921191215144136].
[2023-04-09 22:43:27,451][moc][WARNING][util_funcs.py:226] Keyword argument "num_objs" is deprecated and will be removed in a future version. Please use "num_objectives" instead.
[2023-04-09 22:43:27,532][moc][WARNING][util_funcs.py:111] Provide "objs" in result is deprecated and will be removed in future versions! Please use "objectives" instead.
[2023-04-09 22:43:27,534][moc][INFO][generic_smbo.py:416] Iter 6, objectives: [-10000000000.0].
[2023-04-09 22:43:32,432][moc][WARNING][util_funcs.py:226] Keyword argument "num_objs" is deprecated and will be removed in a future version. Please use "num_objectives" instead.
[2023-04-09 22:43:32,978][moc][WARNING][util_funcs.py:111] Provide "objs" in result is deprecated and will be removed in future versions! Please use "objectives" instead.
[2023-04-09 22:43:32,980][moc][INFO][generic_smbo.py:416] Iter 7, objectives: [-0.8975919145609687].
[2023-04-09 22:43:37,646][moc][WARNING][util_funcs.py:226] Keyword argument "num_objs" is deprecated and will be removed in a future version. Please use "num_objectives" instead.
[2023-04-09 22:43:37,732][moc][WARNING][util_funcs.py:111] Provide "objs" in result is deprecated and will be removed in future versions! Please use "objectives" instead.
[2023-04-09 22:43:37,733][moc][INFO][generic_smbo.py:416] Iter 8, objectives: [-10000000000.0].
[2023-04-09 22:43:37,734][moc][INFO][mf_advisor.py:411] Sample random config. rand_prob=0.100000.
[2023-04-09 22:43:37,759][moc][WARNING][util_funcs.py:226] Keyword argument "num_objs" is deprecated and will be removed in a future version. Please use "num_objectives" instead.
[2023-04-09 22:43:38,734][moc][WARNING][util_funcs.py:111] Provide "objs" in result is deprecated and will be removed in future versions! Please use "objectives" instead.
[2023-04-09 22:43:38,735][moc][INFO][generic_smbo.py:416] Iter 9, objectives: [-12.392682195661186].
[2023-04-09 22:43:43,288][moc][WARNING][util_funcs.py:226] Keyword argument "num_objs" is deprecated and will be removed in a future version. Please use "num_objectives" instead.
[2023-04-09 22:43:44,044][moc][WARNING][util_funcs.py:111] Provide "objs" in result is deprecated and will be removed in future versions! Please use "objectives" instead.
[2023-04-09 22:43:44,045][moc][INFO][generic_smbo.py:416] Iter 10, objectives: [-6.315519727864761].
