[2023-04-10 19:30:06,014][moc][INFO][color_logger.py:203] Logfile: /home/chenyiqi/wafer_scale_chip_dse_framework/logs/moc_2023-04-10-19-30-06-013864.log
[2023-04-10 19:30:06,019][moc][WARNING][util_funcs.py:111] Provide "objs" in result is deprecated and will be removed in future versions! Please use "objectives" instead.
[2023-04-10 19:30:06,019][moc][INFO][generic_smbo.py:352] Iter 1, objectives: [-1.0559674508187467].
[2023-04-10 19:30:06,022][moc][WARNING][util_funcs.py:111] Provide "objs" in result is deprecated and will be removed in future versions! Please use "objectives" instead.
[2023-04-10 19:30:06,022][moc][INFO][generic_smbo.py:352] Iter 2, objectives: [-0.7752069162264674].
[2023-04-10 19:30:06,025][moc][WARNING][util_funcs.py:111] Provide "objs" in result is deprecated and will be removed in future versions! Please use "objectives" instead.
[2023-04-10 19:30:06,025][moc][INFO][generic_smbo.py:352] Iter 3, objectives: [-1.3189016150209836].
[2023-04-10 19:30:06,028][moc][WARNING][util_funcs.py:111] Provide "objs" in result is deprecated and will be removed in future versions! Please use "objectives" instead.
[2023-04-10 19:30:06,028][moc][INFO][generic_smbo.py:352] Iter 4, objectives: [-4.068552704487411].
[2023-04-10 19:30:06,031][moc][WARNING][util_funcs.py:111] Provide "objs" in result is deprecated and will be removed in future versions! Please use "objectives" instead.
[2023-04-10 19:30:06,031][moc][INFO][generic_smbo.py:352] Iter 5, objectives: [-0.54345881691075].
[2023-04-10 19:30:06,034][moc][WARNING][util_funcs.py:111] Provide "objs" in result is deprecated and will be removed in future versions! Please use "objectives" instead.
[2023-04-10 19:30:06,034][moc][INFO][generic_smbo.py:352] Iter 6, objectives: [-0.5775221703461315].
[2023-04-10 19:30:06,037][moc][WARNING][util_funcs.py:111] Provide "objs" in result is deprecated and will be removed in future versions! Please use "objectives" instead.
[2023-04-10 19:30:06,037][moc][INFO][generic_smbo.py:352] Iter 7, objectives: [-70.37752924798882].
[2023-04-10 19:30:06,040][moc][WARNING][util_funcs.py:111] Provide "objs" in result is deprecated and will be removed in future versions! Please use "objectives" instead.
[2023-04-10 19:30:06,040][moc][INFO][generic_smbo.py:352] Iter 8, objectives: [-1.6756190299704705].
[2023-04-10 19:30:06,043][moc][WARNING][util_funcs.py:111] Provide "objs" in result is deprecated and will be removed in future versions! Please use "objectives" instead.
[2023-04-10 19:30:06,043][moc][INFO][generic_smbo.py:352] Iter 9, objectives: [-210.92123783100536].
[2023-04-10 19:30:06,046][moc][WARNING][util_funcs.py:111] Provide "objs" in result is deprecated and will be removed in future versions! Please use "objectives" instead.
[2023-04-10 19:30:06,046][moc][INFO][generic_smbo.py:352] Iter 10, objectives: [-0.40920692267594566].
[2023-04-10 19:30:06,049][moc][WARNING][util_funcs.py:111] Provide "objs" in result is deprecated and will be removed in future versions! Please use "objectives" instead.
[2023-04-10 19:30:06,049][moc][INFO][generic_smbo.py:352] Iter 11, objectives: [-2.9573741409703502].
[2023-04-10 19:30:06,052][moc][WARNING][util_funcs.py:111] Provide "objs" in result is deprecated and will be removed in future versions! Please use "objectives" instead.
[2023-04-10 19:30:06,052][moc][INFO][generic_smbo.py:352] Iter 12, objectives: [-1.7896832989173288].
[2023-04-10 19:30:06,055][moc][WARNING][util_funcs.py:111] Provide "objs" in result is deprecated and will be removed in future versions! Please use "objectives" instead.
[2023-04-10 19:30:06,055][moc][INFO][generic_smbo.py:352] Iter 13, objectives: [-0.27299685686532105].
[2023-04-10 19:30:06,058][moc][WARNING][util_funcs.py:111] Provide "objs" in result is deprecated and will be removed in future versions! Please use "objectives" instead.
[2023-04-10 19:30:06,058][moc][INFO][generic_smbo.py:352] Iter 14, objectives: [-0.666193027939705].
[2023-04-10 19:30:06,061][moc][WARNING][util_funcs.py:111] Provide "objs" in result is deprecated and will be removed in future versions! Please use "objectives" instead.
[2023-04-10 19:30:06,061][moc][INFO][generic_smbo.py:352] Iter 15, objectives: [-0.851977044766718].
[2023-04-10 19:30:06,064][moc][WARNING][util_funcs.py:111] Provide "objs" in result is deprecated and will be removed in future versions! Please use "objectives" instead.
[2023-04-10 19:30:06,064][moc][INFO][generic_smbo.py:352] Iter 16, objectives: [-1.7388095374320753].
[2023-04-10 19:30:06,067][moc][WARNING][util_funcs.py:111] Provide "objs" in result is deprecated and will be removed in future versions! Please use "objectives" instead.
[2023-04-10 19:30:06,067][moc][INFO][generic_smbo.py:352] Iter 17, objectives: [-0.9172881643772877].
[2023-04-10 19:30:06,070][moc][WARNING][util_funcs.py:111] Provide "objs" in result is deprecated and will be removed in future versions! Please use "objectives" instead.
[2023-04-10 19:30:06,071][moc][INFO][generic_smbo.py:352] Iter 18, objectives: [-1.1419335035372533].
[2023-04-10 19:30:06,073][moc][WARNING][util_funcs.py:111] Provide "objs" in result is deprecated and will be removed in future versions! Please use "objectives" instead.
[2023-04-10 19:30:06,073][moc][INFO][generic_smbo.py:352] Iter 19, objectives: [-2.563674285879299].
[2023-04-10 19:30:06,076][moc][WARNING][util_funcs.py:111] Provide "objs" in result is deprecated and will be removed in future versions! Please use "objectives" instead.
[2023-04-10 19:30:06,076][moc][INFO][generic_smbo.py:352] Iter 20, objectives: [-1.0412150164261875].
[2023-04-10 19:30:06,077][moc][WARNING][util_funcs.py:111] Provide "objs" in result is deprecated and will be removed in future versions! Please use "objectives" instead.
[2023-04-10 19:30:06,077][moc][WARNING][util_funcs.py:123] Unused information in result: {'config': [{'data_parallel_size': 4, 'micro_batch_size': 56, 'model_parallel_size': 3, 'num_reticle_per_pipeline_stage': 149, 'tensor_parallel_size': 1}]}
[2023-04-10 19:30:06,077][moc][INFO][generic_smbo.py:437] Iter 8, objectives: [-210.92123783100536].
[2023-04-10 19:30:10,319][moc][WARNING][util_funcs.py:231] Keyword argument "num_objs" is deprecated and will be removed in a future version. Please use "num_objectives" instead.
