[2023-04-10 16:49:33,059][moc][INFO][color_logger.py:203] Logfile: /home/chenyiqi/wafer_scale_chip_dse_framework/logs/moc_2023-04-10-16-49-33-059707.log
[2023-04-10 16:49:33,063][moc][WARNING][util_funcs.py:111] Provide "objs" in result is deprecated and will be removed in future versions! Please use "objectives" instead.
[2023-04-10 16:49:33,064][moc][INFO][generic_smbo.py:333] Iter 1, objectives: [-0.3742505712604269].
[2023-04-10 16:49:33,065][moc][WARNING][util_funcs.py:111] Provide "objs" in result is deprecated and will be removed in future versions! Please use "objectives" instead.
[2023-04-10 16:49:33,065][moc][INFO][generic_smbo.py:333] Iter 2, objectives: [-1.7688450357342203].
[2023-04-10 16:49:33,067][moc][WARNING][util_funcs.py:111] Provide "objs" in result is deprecated and will be removed in future versions! Please use "objectives" instead.
[2023-04-10 16:49:33,067][moc][INFO][generic_smbo.py:333] Iter 3, objectives: [-0.6453341495808766].
[2023-04-10 16:49:33,069][moc][WARNING][util_funcs.py:111] Provide "objs" in result is deprecated and will be removed in future versions! Please use "objectives" instead.
[2023-04-10 16:49:33,069][moc][INFO][generic_smbo.py:333] Iter 4, objectives: [-0.7609249825958804].
[2023-04-10 16:49:33,071][moc][WARNING][util_funcs.py:111] Provide "objs" in result is deprecated and will be removed in future versions! Please use "objectives" instead.
[2023-04-10 16:49:33,071][moc][INFO][generic_smbo.py:333] Iter 5, objectives: [-4.431266174669403].
[2023-04-10 16:49:33,072][moc][WARNING][util_funcs.py:111] Provide "objs" in result is deprecated and will be removed in future versions! Please use "objectives" instead.
[2023-04-10 16:49:33,072][moc][INFO][generic_smbo.py:333] Iter 6, objectives: [-0.896880623694594].
[2023-04-10 16:49:33,074][moc][WARNING][util_funcs.py:111] Provide "objs" in result is deprecated and will be removed in future versions! Please use "objectives" instead.
[2023-04-10 16:49:33,074][moc][INFO][generic_smbo.py:333] Iter 7, objectives: [-0.9448611421675432].
[2023-04-10 16:49:33,076][moc][WARNING][util_funcs.py:111] Provide "objs" in result is deprecated and will be removed in future versions! Please use "objectives" instead.
[2023-04-10 16:49:33,076][moc][INFO][generic_smbo.py:333] Iter 8, objectives: [-0.6787299631245978].
[2023-04-10 16:49:33,077][moc][WARNING][util_funcs.py:111] Provide "objs" in result is deprecated and will be removed in future versions! Please use "objectives" instead.
[2023-04-10 16:49:33,078][moc][INFO][generic_smbo.py:333] Iter 9, objectives: [-1.449924291898513].
[2023-04-10 16:49:33,079][moc][WARNING][util_funcs.py:111] Provide "objs" in result is deprecated and will be removed in future versions! Please use "objectives" instead.
[2023-04-10 16:49:33,079][moc][INFO][generic_smbo.py:333] Iter 10, objectives: [-2.019459446604782].
[2023-04-10 16:49:33,080][moc][WARNING][util_funcs.py:111] Provide "objs" in result is deprecated and will be removed in future versions! Please use "objectives" instead.
[2023-04-10 16:49:33,080][moc][WARNING][util_funcs.py:123] Unused information in result: {'config': [Configuration(values={
  'data_parallel_size': 3,
  'micro_batch_size': 41,
  'model_parallel_size': 24,
  'num_reticle_per_pipeline_stage': 1,
  'tensor_parallel_size': 2,
})
]}
[2023-04-10 16:49:33,080][moc][INFO][generic_smbo.py:418] Iter 8, objectives: [-4.431266174669403].
[2023-04-10 16:49:37,098][moc][WARNING][util_funcs.py:231] Keyword argument "num_objs" is deprecated and will be removed in a future version. Please use "num_objectives" instead.
