[2023-04-10 17:21:38,383][moc][INFO][color_logger.py:203] Logfile: /home/chenyiqi/wafer_scale_chip_dse_framework/logs/moc_2023-04-10-17-21-38-382763.log
[2023-04-10 17:21:38,387][moc][WARNING][util_funcs.py:111] Provide "objs" in result is deprecated and will be removed in future versions! Please use "objectives" instead.
[2023-04-10 17:21:38,387][moc][INFO][generic_smbo.py:333] Iter 1, objectives: [-4.567847251109965].
[2023-04-10 17:21:38,390][moc][WARNING][util_funcs.py:111] Provide "objs" in result is deprecated and will be removed in future versions! Please use "objectives" instead.
[2023-04-10 17:21:38,390][moc][INFO][generic_smbo.py:333] Iter 2, objectives: [-8.2302799857851].
[2023-04-10 17:21:38,392][moc][WARNING][util_funcs.py:111] Provide "objs" in result is deprecated and will be removed in future versions! Please use "objectives" instead.
[2023-04-10 17:21:38,392][moc][INFO][generic_smbo.py:333] Iter 3, objectives: [-0.5275831770525866].
[2023-04-10 17:21:38,394][moc][WARNING][util_funcs.py:111] Provide "objs" in result is deprecated and will be removed in future versions! Please use "objectives" instead.
[2023-04-10 17:21:38,394][moc][INFO][generic_smbo.py:333] Iter 4, objectives: [-8.51168374995642].
[2023-04-10 17:21:38,397][moc][WARNING][util_funcs.py:111] Provide "objs" in result is deprecated and will be removed in future versions! Please use "objectives" instead.
[2023-04-10 17:21:38,397][moc][INFO][generic_smbo.py:333] Iter 5, objectives: [-2.759619965231818].
[2023-04-10 17:21:38,399][moc][WARNING][util_funcs.py:111] Provide "objs" in result is deprecated and will be removed in future versions! Please use "objectives" instead.
[2023-04-10 17:21:38,399][moc][INFO][generic_smbo.py:333] Iter 6, objectives: [-0.9656143643371453].
[2023-04-10 17:21:38,401][moc][WARNING][util_funcs.py:111] Provide "objs" in result is deprecated and will be removed in future versions! Please use "objectives" instead.
[2023-04-10 17:21:38,401][moc][INFO][generic_smbo.py:333] Iter 7, objectives: [-0.5972882707308457].
[2023-04-10 17:21:38,403][moc][WARNING][util_funcs.py:111] Provide "objs" in result is deprecated and will be removed in future versions! Please use "objectives" instead.
[2023-04-10 17:21:38,403][moc][INFO][generic_smbo.py:333] Iter 8, objectives: [-3.5741048611485993].
[2023-04-10 17:21:38,406][moc][WARNING][util_funcs.py:111] Provide "objs" in result is deprecated and will be removed in future versions! Please use "objectives" instead.
[2023-04-10 17:21:38,406][moc][INFO][generic_smbo.py:333] Iter 9, objectives: [-0.5092526828832799].
[2023-04-10 17:21:38,408][moc][WARNING][util_funcs.py:111] Provide "objs" in result is deprecated and will be removed in future versions! Please use "objectives" instead.
[2023-04-10 17:21:38,408][moc][INFO][generic_smbo.py:333] Iter 10, objectives: [-1.7481429966426705].
[2023-04-10 17:21:38,410][moc][WARNING][util_funcs.py:111] Provide "objs" in result is deprecated and will be removed in future versions! Please use "objectives" instead.
[2023-04-10 17:21:38,410][moc][INFO][generic_smbo.py:333] Iter 11, objectives: [-1.1577186021676702].
[2023-04-10 17:21:38,412][moc][WARNING][util_funcs.py:111] Provide "objs" in result is deprecated and will be removed in future versions! Please use "objectives" instead.
[2023-04-10 17:21:38,412][moc][INFO][generic_smbo.py:333] Iter 12, objectives: [-1.365050472533734].
[2023-04-10 17:21:38,415][moc][WARNING][util_funcs.py:111] Provide "objs" in result is deprecated and will be removed in future versions! Please use "objectives" instead.
[2023-04-10 17:21:38,415][moc][INFO][generic_smbo.py:333] Iter 13, objectives: [-0.6507928034986088].
[2023-04-10 17:21:38,417][moc][WARNING][util_funcs.py:111] Provide "objs" in result is deprecated and will be removed in future versions! Please use "objectives" instead.
[2023-04-10 17:21:38,418][moc][INFO][generic_smbo.py:333] Iter 14, objectives: [-0.3789085857440859].
[2023-04-10 17:21:38,419][moc][WARNING][util_funcs.py:111] Provide "objs" in result is deprecated and will be removed in future versions! Please use "objectives" instead.
[2023-04-10 17:21:38,420][moc][INFO][generic_smbo.py:333] Iter 15, objectives: [-2.2125700828918675].
[2023-04-10 17:21:38,422][moc][WARNING][util_funcs.py:111] Provide "objs" in result is deprecated and will be removed in future versions! Please use "objectives" instead.
[2023-04-10 17:21:38,422][moc][INFO][generic_smbo.py:333] Iter 16, objectives: [-1.26645792810282].
[2023-04-10 17:21:38,424][moc][WARNING][util_funcs.py:111] Provide "objs" in result is deprecated and will be removed in future versions! Please use "objectives" instead.
[2023-04-10 17:21:38,424][moc][INFO][generic_smbo.py:333] Iter 17, objectives: [-0.4353176335998593].
[2023-04-10 17:21:38,426][moc][WARNING][util_funcs.py:111] Provide "objs" in result is deprecated and will be removed in future versions! Please use "objectives" instead.
[2023-04-10 17:21:38,427][moc][INFO][generic_smbo.py:333] Iter 18, objectives: [-4.010680088134856].
[2023-04-10 17:21:38,429][moc][WARNING][util_funcs.py:111] Provide "objs" in result is deprecated and will be removed in future versions! Please use "objectives" instead.
[2023-04-10 17:21:38,429][moc][INFO][generic_smbo.py:333] Iter 19, objectives: [-8.615004940188433].
[2023-04-10 17:21:38,431][moc][WARNING][util_funcs.py:111] Provide "objs" in result is deprecated and will be removed in future versions! Please use "objectives" instead.
[2023-04-10 17:21:38,431][moc][INFO][generic_smbo.py:333] Iter 20, objectives: [-89.89911244198782].
[2023-04-10 17:21:38,431][moc][WARNING][util_funcs.py:111] Provide "objs" in result is deprecated and will be removed in future versions! Please use "objectives" instead.
[2023-04-10 17:21:38,432][moc][WARNING][util_funcs.py:123] Unused information in result: {'config': [{'data_parallel_size': 9, 'micro_batch_size': 25, 'model_parallel_size': 8, 'num_reticle_per_pipeline_stage': 49, 'tensor_parallel_size': 1}]}
[2023-04-10 17:21:38,432][moc][INFO][generic_smbo.py:418] Iter 18, objectives: [-89.89911244198782].
[2023-04-10 17:21:38,432][moc][INFO][mf_advisor.py:411] Sample random config. rand_prob=0.100000.
[2023-04-10 17:21:38,434][moc][WARNING][util_funcs.py:231] Keyword argument "num_objs" is deprecated and will be removed in a future version. Please use "num_objectives" instead.
