[2023-04-09 18:58:52,690][moc][INFO][color_logger.py:203] Logfile: /home/chenyiqi/wafer_scale_chip_dse_framework/logs/moc_2023-04-09-18-58-52-685794.log
[2023-04-09 18:58:52,701][moc][INFO][generic_advisor.py:157] [BO auto selection]  acq_type: ei.
[2023-04-09 18:58:53,021][moc][WARNING][util_funcs.py:111] Provide "objs" in result is deprecated and will be removed in future versions! Please use "objectives" instead.
[2023-04-09 18:58:53,022][moc][INFO][generic_smbo.py:332] Iter 1, objectives: [-0.008681796922727025].
[2023-04-09 18:58:53,312][moc][WARNING][util_funcs.py:111] Provide "objs" in result is deprecated and will be removed in future versions! Please use "objectives" instead.
[2023-04-09 18:58:53,313][moc][INFO][generic_smbo.py:332] Iter 2, objectives: [-0.011575334393090756].
[2023-04-09 18:58:53,542][moc][WARNING][util_funcs.py:111] Provide "objs" in result is deprecated and will be removed in future versions! Please use "objectives" instead.
[2023-04-09 18:58:53,543][moc][INFO][generic_smbo.py:332] Iter 3, objectives: [-0.011575325708530879].
[2023-04-09 18:58:53,864][moc][WARNING][util_funcs.py:111] Provide "objs" in result is deprecated and will be removed in future versions! Please use "objectives" instead.
[2023-04-09 18:58:53,865][moc][INFO][generic_smbo.py:332] Iter 4, objectives: [-0.006945587166361168].
[2023-04-09 18:58:54,176][moc][WARNING][util_funcs.py:111] Provide "objs" in result is deprecated and will be removed in future versions! Please use "objectives" instead.
[2023-04-09 18:58:54,177][moc][INFO][generic_smbo.py:332] Iter 5, objectives: [-0.005788071398745061].
[2023-04-09 18:58:54,463][moc][WARNING][util_funcs.py:111] Provide "objs" in result is deprecated and will be removed in future versions! Please use "objectives" instead.
[2023-04-09 18:58:54,464][moc][INFO][generic_smbo.py:332] Iter 6, objectives: [-0.01736178432240038].
[2023-04-09 18:58:55,718][moc][WARNING][util_funcs.py:111] Provide "objs" in result is deprecated and will be removed in future versions! Please use "objectives" instead.
[2023-04-09 18:58:55,719][moc][INFO][generic_smbo.py:332] Iter 7, objectives: [-0.01736178432240038].
[2023-04-09 18:58:56,851][moc][WARNING][util_funcs.py:111] Provide "objs" in result is deprecated and will be removed in future versions! Please use "objectives" instead.
[2023-04-09 18:58:56,852][moc][INFO][generic_smbo.py:332] Iter 8, objectives: [-0.011575333837278531].
[2023-04-09 18:58:58,417][moc][WARNING][util_funcs.py:111] Provide "objs" in result is deprecated and will be removed in future versions! Please use "objectives" instead.
[2023-04-09 18:58:58,418][moc][INFO][generic_smbo.py:332] Iter 9, objectives: [-0.01736178274203105].
[2023-04-09 18:58:59,801][moc][WARNING][util_funcs.py:111] Provide "objs" in result is deprecated and will be removed in future versions! Please use "objectives" instead.
[2023-04-09 18:58:59,803][moc][INFO][generic_smbo.py:332] Iter 10, objectives: [-0.017361793517282162].
[2023-04-09 18:59:01,391][moc][WARNING][util_funcs.py:111] Provide "objs" in result is deprecated and will be removed in future versions! Please use "objectives" instead.
[2023-04-09 18:59:01,393][moc][INFO][generic_smbo.py:332] Iter 11, objectives: [-0.01736178274203105].
[2023-04-09 18:59:02,739][moc][WARNING][util_funcs.py:111] Provide "objs" in result is deprecated and will be removed in future versions! Please use "objectives" instead.
[2023-04-09 18:59:02,740][moc][INFO][generic_smbo.py:332] Iter 12, objectives: [-0.017361793517282162].
[2023-04-09 18:59:04,971][moc][WARNING][util_funcs.py:111] Provide "objs" in result is deprecated and will be removed in future versions! Please use "objectives" instead.
[2023-04-09 18:59:04,972][moc][INFO][generic_smbo.py:332] Iter 13, objectives: [-0.017361794362400467].
[2023-04-09 18:59:06,221][moc][WARNING][util_funcs.py:111] Provide "objs" in result is deprecated and will be removed in future versions! Please use "objectives" instead.
[2023-04-09 18:59:06,222][moc][INFO][generic_smbo.py:332] Iter 14, objectives: [-0.017361795159226368].
[2023-04-09 18:59:07,967][moc][WARNING][util_funcs.py:111] Provide "objs" in result is deprecated and will be removed in future versions! Please use "objectives" instead.
[2023-04-09 18:59:07,968][moc][INFO][generic_smbo.py:332] Iter 15, objectives: [-0.017361798545737262].
[2023-04-09 18:59:10,059][moc][WARNING][util_funcs.py:111] Provide "objs" in result is deprecated and will be removed in future versions! Please use "objectives" instead.
[2023-04-09 18:59:10,060][moc][INFO][generic_smbo.py:332] Iter 16, objectives: [-0.01736179912392218].
[2023-04-09 18:59:10,061][moc][INFO][generic_advisor.py:365] Sample random config. rand_prob=0.100000.
[2023-04-09 18:59:10,880][moc][WARNING][util_funcs.py:111] Provide "objs" in result is deprecated and will be removed in future versions! Please use "objectives" instead.
[2023-04-09 18:59:10,881][moc][INFO][generic_smbo.py:332] Iter 17, objectives: [-0.011575339256449978].
[2023-04-09 18:59:10,883][moc][INFO][generic_advisor.py:365] Sample random config. rand_prob=0.100000.
[2023-04-09 18:59:13,707][moc][WARNING][util_funcs.py:111] Provide "objs" in result is deprecated and will be removed in future versions! Please use "objectives" instead.
[2023-04-09 18:59:13,708][moc][INFO][generic_smbo.py:332] Iter 18, objectives: [-0.0034729403718040852].
[2023-04-09 18:59:15,515][moc][WARNING][util_funcs.py:111] Provide "objs" in result is deprecated and will be removed in future versions! Please use "objectives" instead.
[2023-04-09 18:59:15,517][moc][INFO][generic_smbo.py:332] Iter 19, objectives: [-0.01736179967457452].
[2023-04-09 18:59:17,297][moc][WARNING][util_funcs.py:111] Provide "objs" in result is deprecated and will be removed in future versions! Please use "objectives" instead.
[2023-04-09 18:59:17,300][moc][INFO][generic_smbo.py:332] Iter 20, objectives: [-0.017361801179691095].
