[2023-04-10 19:04:43,866][moc][INFO][color_logger.py:203] Logfile: /home/chenyiqi/wafer_scale_chip_dse_framework/logs/moc_2023-04-10-19-04-43-866612.log
[2023-04-10 19:04:43,871][moc][WARNING][util_funcs.py:111] Provide "objs" in result is deprecated and will be removed in future versions! Please use "objectives" instead.
[2023-04-10 19:04:43,871][moc][INFO][generic_smbo.py:333] Iter 1, objectives: [-0.7722903154897093].
[2023-04-10 19:04:43,873][moc][WARNING][util_funcs.py:111] Provide "objs" in result is deprecated and will be removed in future versions! Please use "objectives" instead.
[2023-04-10 19:04:43,874][moc][INFO][generic_smbo.py:333] Iter 2, objectives: [-0.4972058268660309].
[2023-04-10 19:04:43,876][moc][WARNING][util_funcs.py:111] Provide "objs" in result is deprecated and will be removed in future versions! Please use "objectives" instead.
[2023-04-10 19:04:43,876][moc][INFO][generic_smbo.py:333] Iter 3, objectives: [-0.6643233247256872].
[2023-04-10 19:04:43,878][moc][WARNING][util_funcs.py:111] Provide "objs" in result is deprecated and will be removed in future versions! Please use "objectives" instead.
[2023-04-10 19:04:43,879][moc][INFO][generic_smbo.py:333] Iter 4, objectives: [-52.223555991488446].
[2023-04-10 19:04:43,881][moc][WARNING][util_funcs.py:111] Provide "objs" in result is deprecated and will be removed in future versions! Please use "objectives" instead.
[2023-04-10 19:04:43,881][moc][INFO][generic_smbo.py:333] Iter 5, objectives: [-1.8194966847135654].
[2023-04-10 19:04:43,883][moc][WARNING][util_funcs.py:111] Provide "objs" in result is deprecated and will be removed in future versions! Please use "objectives" instead.
[2023-04-10 19:04:43,883][moc][INFO][generic_smbo.py:333] Iter 6, objectives: [-1.025781150083912].
[2023-04-10 19:04:43,885][moc][WARNING][util_funcs.py:111] Provide "objs" in result is deprecated and will be removed in future versions! Please use "objectives" instead.
[2023-04-10 19:04:43,885][moc][INFO][generic_smbo.py:333] Iter 7, objectives: [-0.39959796199039266].
[2023-04-10 19:04:43,887][moc][WARNING][util_funcs.py:111] Provide "objs" in result is deprecated and will be removed in future versions! Please use "objectives" instead.
[2023-04-10 19:04:43,888][moc][INFO][generic_smbo.py:333] Iter 8, objectives: [-0.4790467035454998].
[2023-04-10 19:04:43,891][moc][WARNING][util_funcs.py:111] Provide "objs" in result is deprecated and will be removed in future versions! Please use "objectives" instead.
[2023-04-10 19:04:43,891][moc][INFO][generic_smbo.py:333] Iter 9, objectives: [-1.0969833872241779].
[2023-04-10 19:04:43,893][moc][WARNING][util_funcs.py:111] Provide "objs" in result is deprecated and will be removed in future versions! Please use "objectives" instead.
[2023-04-10 19:04:43,893][moc][INFO][generic_smbo.py:333] Iter 10, objectives: [-1.3133269540225871].
[2023-04-10 19:04:43,895][moc][WARNING][util_funcs.py:111] Provide "objs" in result is deprecated and will be removed in future versions! Please use "objectives" instead.
[2023-04-10 19:04:43,895][moc][INFO][generic_smbo.py:333] Iter 11, objectives: [-0.5444611841110967].
[2023-04-10 19:04:43,897][moc][WARNING][util_funcs.py:111] Provide "objs" in result is deprecated and will be removed in future versions! Please use "objectives" instead.
[2023-04-10 19:04:43,898][moc][INFO][generic_smbo.py:333] Iter 12, objectives: [-2.0464276169207594].
[2023-04-10 19:04:43,900][moc][WARNING][util_funcs.py:111] Provide "objs" in result is deprecated and will be removed in future versions! Please use "objectives" instead.
[2023-04-10 19:04:43,901][moc][INFO][generic_smbo.py:333] Iter 13, objectives: [-0.7407501575112901].
[2023-04-10 19:04:43,903][moc][WARNING][util_funcs.py:111] Provide "objs" in result is deprecated and will be removed in future versions! Please use "objectives" instead.
[2023-04-10 19:04:43,903][moc][INFO][generic_smbo.py:333] Iter 14, objectives: [-1.4785224712414369].
[2023-04-10 19:04:43,905][moc][WARNING][util_funcs.py:111] Provide "objs" in result is deprecated and will be removed in future versions! Please use "objectives" instead.
[2023-04-10 19:04:43,905][moc][INFO][generic_smbo.py:333] Iter 15, objectives: [-0.9069140386538688].
[2023-04-10 19:04:43,908][moc][WARNING][util_funcs.py:111] Provide "objs" in result is deprecated and will be removed in future versions! Please use "objectives" instead.
[2023-04-10 19:04:43,908][moc][INFO][generic_smbo.py:333] Iter 16, objectives: [-1.7907676667682753].
[2023-04-10 19:04:43,910][moc][WARNING][util_funcs.py:111] Provide "objs" in result is deprecated and will be removed in future versions! Please use "objectives" instead.
[2023-04-10 19:04:43,910][moc][INFO][generic_smbo.py:333] Iter 17, objectives: [-0.8150780985463267].
[2023-04-10 19:04:43,913][moc][WARNING][util_funcs.py:111] Provide "objs" in result is deprecated and will be removed in future versions! Please use "objectives" instead.
[2023-04-10 19:04:43,913][moc][INFO][generic_smbo.py:333] Iter 18, objectives: [-2.5507039126573683].
[2023-04-10 19:04:43,916][moc][WARNING][util_funcs.py:111] Provide "objs" in result is deprecated and will be removed in future versions! Please use "objectives" instead.
[2023-04-10 19:04:43,916][moc][INFO][generic_smbo.py:333] Iter 19, objectives: [-0.3821000078735645].
[2023-04-10 19:04:43,918][moc][WARNING][util_funcs.py:111] Provide "objs" in result is deprecated and will be removed in future versions! Please use "objectives" instead.
[2023-04-10 19:04:43,918][moc][INFO][generic_smbo.py:333] Iter 20, objectives: [-0.8254689224290285].
[2023-04-10 19:04:43,919][moc][WARNING][util_funcs.py:111] Provide "objs" in result is deprecated and will be removed in future versions! Please use "objectives" instead.
[2023-04-10 19:04:43,919][moc][WARNING][util_funcs.py:123] Unused information in result: {'config': [{'data_parallel_size': 1, 'micro_batch_size': 274, 'model_parallel_size': 2, 'num_reticle_per_pipeline_stage': 50, 'tensor_parallel_size': 1}]}
[2023-04-10 19:04:43,919][moc][INFO][generic_smbo.py:418] Iter 9, objectives: [-52.223555991488446].
[2023-04-10 19:04:43,921][moc][WARNING][util_funcs.py:231] Keyword argument "num_objs" is deprecated and will be removed in a future version. Please use "num_objectives" instead.
