[2023-04-09 19:24:03,022][moc][INFO][color_logger.py:203] Logfile: /home/chenyiqi/wafer_scale_chip_dse_framework/logs/moc_2023-04-09-19-24-03-022354.log
[2023-04-09 19:24:03,024][moc][INFO][generic_advisor.py:157] [BO auto selection]  acq_type: ei.
[2023-04-09 19:24:03,309][moc][WARNING][util_funcs.py:111] Provide "objs" in result is deprecated and will be removed in future versions! Please use "objectives" instead.
[2023-04-09 19:24:03,310][moc][INFO][generic_smbo.py:332] Iter 1, objectives: [-0.006945587242162185].
[2023-04-09 19:24:03,473][moc][WARNING][util_funcs.py:111] Provide "objs" in result is deprecated and will be removed in future versions! Please use "objectives" instead.
[2023-04-09 19:24:03,474][moc][INFO][generic_smbo.py:332] Iter 2, objectives: [-0.011575303128736187].
[2023-04-09 19:24:03,932][moc][WARNING][util_funcs.py:111] Provide "objs" in result is deprecated and will be removed in future versions! Please use "objectives" instead.
[2023-04-09 19:24:03,933][moc][INFO][generic_smbo.py:332] Iter 3, objectives: [-0.004961253893052271].
[2023-04-09 19:24:05,488][moc][WARNING][util_funcs.py:111] Provide "objs" in result is deprecated and will be removed in future versions! Please use "objectives" instead.
[2023-04-09 19:24:05,489][moc][INFO][generic_smbo.py:332] Iter 4, objectives: [-0.005788073359196167].
[2023-04-09 19:24:06,054][moc][WARNING][util_funcs.py:111] Provide "objs" in result is deprecated and will be removed in future versions! Please use "objectives" instead.
[2023-04-09 19:24:06,055][moc][INFO][generic_smbo.py:332] Iter 5, objectives: [-0.011575338709058693].
[2023-04-09 19:24:06,412][moc][WARNING][util_funcs.py:111] Provide "objs" in result is deprecated and will be removed in future versions! Please use "objectives" instead.
[2023-04-09 19:24:06,412][moc][INFO][generic_smbo.py:332] Iter 6, objectives: [-0.008681800754726084].
[2023-04-09 19:24:07,555][moc][WARNING][util_funcs.py:111] Provide "objs" in result is deprecated and will be removed in future versions! Please use "objectives" instead.
[2023-04-09 19:24:07,564][moc][INFO][generic_smbo.py:332] Iter 7, objectives: [-0.011575332482486465].
[2023-04-09 19:24:07,565][moc][INFO][generic_advisor.py:365] Sample random config. rand_prob=0.100000.
[2023-04-09 19:24:08,017][moc][WARNING][util_funcs.py:111] Provide "objs" in result is deprecated and will be removed in future versions! Please use "objectives" instead.
[2023-04-09 19:24:08,017][moc][INFO][generic_smbo.py:332] Iter 8, objectives: [-0.011575335116804667].
[2023-04-09 19:24:08,018][moc][INFO][generic_advisor.py:365] Sample random config. rand_prob=0.100000.
[2023-04-09 19:24:08,289][moc][WARNING][util_funcs.py:111] Provide "objs" in result is deprecated and will be removed in future versions! Please use "objectives" instead.
[2023-04-09 19:24:08,290][moc][INFO][generic_smbo.py:332] Iter 9, objectives: [-0.01157531818192286].
[2023-04-09 19:24:08,291][moc][INFO][generic_advisor.py:365] Sample random config. rand_prob=0.100000.
[2023-04-09 19:24:08,688][moc][WARNING][util_funcs.py:111] Provide "objs" in result is deprecated and will be removed in future versions! Please use "objectives" instead.
[2023-04-09 19:24:08,689][moc][INFO][generic_smbo.py:332] Iter 10, objectives: [-0.005788071557700507].
[2023-04-09 19:24:08,690][moc][INFO][generic_advisor.py:365] Sample random config. rand_prob=0.100000.
[2023-04-09 19:24:08,995][moc][WARNING][util_funcs.py:111] Provide "objs" in result is deprecated and will be removed in future versions! Please use "objectives" instead.
[2023-04-09 19:24:09,004][moc][INFO][generic_smbo.py:332] Iter 11, objectives: [-0.017361774840188735].
[2023-04-09 19:24:10,190][moc][WARNING][util_funcs.py:111] Provide "objs" in result is deprecated and will be removed in future versions! Please use "objectives" instead.
[2023-04-09 19:24:10,191][moc][INFO][generic_smbo.py:332] Iter 12, objectives: [-0.017361772344871605].
[2023-04-09 19:24:11,966][moc][WARNING][util_funcs.py:111] Provide "objs" in result is deprecated and will be removed in future versions! Please use "objectives" instead.
[2023-04-09 19:24:11,967][moc][INFO][generic_smbo.py:332] Iter 13, objectives: [-0.017361769572297854].
[2023-04-09 19:24:11,968][moc][INFO][generic_advisor.py:365] Sample random config. rand_prob=0.100000.
[2023-04-09 19:24:12,510][moc][WARNING][util_funcs.py:111] Provide "objs" in result is deprecated and will be removed in future versions! Please use "objectives" instead.
[2023-04-09 19:24:12,511][moc][INFO][generic_smbo.py:332] Iter 14, objectives: [-0.011575336580315298].
[2023-04-09 19:24:13,681][moc][WARNING][util_funcs.py:111] Provide "objs" in result is deprecated and will be removed in future versions! Please use "objectives" instead.
[2023-04-09 19:24:13,682][moc][INFO][generic_smbo.py:332] Iter 15, objectives: [-0.017361766473540003].
[2023-04-09 19:24:15,121][moc][WARNING][util_funcs.py:111] Provide "objs" in result is deprecated and will be removed in future versions! Please use "objectives" instead.
[2023-04-09 19:24:15,122][moc][INFO][generic_smbo.py:332] Iter 16, objectives: [-0.017361759036525676].
[2023-04-09 19:24:15,122][moc][INFO][generic_advisor.py:365] Sample random config. rand_prob=0.100000.
[2023-04-09 19:24:15,388][moc][WARNING][util_funcs.py:111] Provide "objs" in result is deprecated and will be removed in future versions! Please use "objectives" instead.
[2023-04-09 19:24:15,389][moc][INFO][generic_smbo.py:332] Iter 17, objectives: [-0.01736172742928588].
[2023-04-09 19:24:16,605][moc][WARNING][util_funcs.py:111] Provide "objs" in result is deprecated and will be removed in future versions! Please use "objectives" instead.
[2023-04-09 19:24:16,606][moc][INFO][generic_smbo.py:332] Iter 18, objectives: [-0.017361759036525676].
[2023-04-09 19:24:17,893][moc][WARNING][util_funcs.py:111] Provide "objs" in result is deprecated and will be removed in future versions! Please use "objectives" instead.
[2023-04-09 19:24:17,894][moc][INFO][generic_smbo.py:332] Iter 19, objectives: [-0.017361716893564853].
[2023-04-09 19:24:18,875][moc][WARNING][util_funcs.py:111] Provide "objs" in result is deprecated and will be removed in future versions! Please use "objectives" instead.
[2023-04-09 19:24:18,876][moc][INFO][generic_smbo.py:332] Iter 20, objectives: [-0.017361749311208867].
