[2023-04-09 19:24:02,908][moc][INFO][color_logger.py:203] Logfile: /home/chenyiqi/wafer_scale_chip_dse_framework/logs/moc_2023-04-09-19-24-02-908251.log
[2023-04-09 19:24:02,911][moc][INFO][generic_advisor.py:157] [BO auto selection]  acq_type: ei.
[2023-04-09 19:24:03,113][moc][WARNING][util_funcs.py:111] Provide "objs" in result is deprecated and will be removed in future versions! Please use "objectives" instead.
[2023-04-09 19:24:03,114][moc][INFO][generic_smbo.py:332] Iter 1, objectives: [-0.011575327213853657].
[2023-04-09 19:24:03,290][moc][WARNING][util_funcs.py:111] Provide "objs" in result is deprecated and will be removed in future versions! Please use "objectives" instead.
[2023-04-09 19:24:03,292][moc][INFO][generic_smbo.py:332] Iter 2, objectives: [-0.008681795485728252].
[2023-04-09 19:24:05,013][moc][WARNING][util_funcs.py:111] Provide "objs" in result is deprecated and will be removed in future versions! Please use "objectives" instead.
[2023-04-09 19:24:05,014][moc][INFO][generic_smbo.py:332] Iter 3, objectives: [-0.0028941369955520625].
[2023-04-09 19:24:05,749][moc][WARNING][util_funcs.py:111] Provide "objs" in result is deprecated and will be removed in future versions! Please use "objectives" instead.
[2023-04-09 19:24:05,750][moc][INFO][generic_smbo.py:332] Iter 4, objectives: [-0.008681807447786608].
[2023-04-09 19:24:06,154][moc][WARNING][util_funcs.py:111] Provide "objs" in result is deprecated and will be removed in future versions! Please use "objectives" instead.
[2023-04-09 19:24:06,156][moc][INFO][generic_smbo.py:332] Iter 5, objectives: [-0.01736179166347457].
[2023-04-09 19:24:07,310][moc][WARNING][util_funcs.py:111] Provide "objs" in result is deprecated and will be removed in future versions! Please use "objectives" instead.
[2023-04-09 19:24:07,311][moc][INFO][generic_smbo.py:332] Iter 6, objectives: [-0.006945591197599361].
[2023-04-09 19:24:08,431][moc][WARNING][util_funcs.py:111] Provide "objs" in result is deprecated and will be removed in future versions! Please use "objectives" instead.
[2023-04-09 19:24:08,432][moc][INFO][generic_smbo.py:332] Iter 7, objectives: [-0.01736178955396985].
[2023-04-09 19:24:08,433][moc][INFO][generic_advisor.py:365] Sample random config. rand_prob=0.100000.
[2023-04-09 19:24:09,329][moc][WARNING][util_funcs.py:111] Provide "objs" in result is deprecated and will be removed in future versions! Please use "objectives" instead.
[2023-04-09 19:24:09,330][moc][INFO][generic_smbo.py:332] Iter 8, objectives: [-0.004961254400028411].
[2023-04-09 19:24:09,331][moc][INFO][generic_advisor.py:365] Sample random config. rand_prob=0.100000.
[2023-04-09 19:24:09,723][moc][WARNING][util_funcs.py:111] Provide "objs" in result is deprecated and will be removed in future versions! Please use "objectives" instead.
[2023-04-09 19:24:09,724][moc][INFO][generic_smbo.py:332] Iter 9, objectives: [-0.008681801131083317].
[2023-04-09 19:24:09,724][moc][INFO][generic_advisor.py:365] Sample random config. rand_prob=0.100000.
[2023-04-09 19:24:10,661][moc][WARNING][util_funcs.py:111] Provide "objs" in result is deprecated and will be removed in future versions! Please use "objectives" instead.
[2023-04-09 19:24:10,662][moc][INFO][generic_smbo.py:332] Iter 10, objectives: [-0.008681807437366683].
[2023-04-09 19:24:10,662][moc][INFO][generic_advisor.py:365] Sample random config. rand_prob=0.100000.
[2023-04-09 19:24:16,783][moc][WARNING][util_funcs.py:111] Provide "objs" in result is deprecated and will be removed in future versions! Please use "objectives" instead.
[2023-04-09 19:24:16,784][moc][INFO][generic_smbo.py:332] Iter 11, objectives: [-0.002042941081838758].
[2023-04-09 19:24:18,552][moc][WARNING][util_funcs.py:111] Provide "objs" in result is deprecated and will be removed in future versions! Please use "objectives" instead.
[2023-04-09 19:24:18,553][moc][INFO][generic_smbo.py:332] Iter 12, objectives: [-0.01736178955396985].
[2023-04-09 19:24:20,599][moc][WARNING][util_funcs.py:111] Provide "objs" in result is deprecated and will be removed in future versions! Please use "objectives" instead.
[2023-04-09 19:24:20,599][moc][INFO][generic_smbo.py:332] Iter 13, objectives: [-0.011575336634269613].
[2023-04-09 19:24:20,600][moc][INFO][generic_advisor.py:365] Sample random config. rand_prob=0.100000.
[2023-04-09 19:24:21,411][moc][WARNING][util_funcs.py:111] Provide "objs" in result is deprecated and will be removed in future versions! Please use "objectives" instead.
[2023-04-09 19:24:21,412][moc][INFO][generic_smbo.py:332] Iter 14, objectives: [-0.011575324203208491].
[2023-04-09 19:24:22,900][moc][WARNING][util_funcs.py:111] Provide "objs" in result is deprecated and will be removed in future versions! Please use "objectives" instead.
[2023-04-09 19:24:22,900][moc][INFO][generic_smbo.py:332] Iter 15, objectives: [-0.017361794362400467].
[2023-04-09 19:24:24,220][moc][WARNING][util_funcs.py:111] Provide "objs" in result is deprecated and will be removed in future versions! Please use "objectives" instead.
[2023-04-09 19:24:24,221][moc][INFO][generic_smbo.py:332] Iter 16, objectives: [-0.017361795159226368].
[2023-04-09 19:24:24,222][moc][INFO][generic_advisor.py:365] Sample random config. rand_prob=0.100000.
[2023-04-09 19:24:24,437][moc][WARNING][util_funcs.py:111] Provide "objs" in result is deprecated and will be removed in future versions! Please use "objectives" instead.
[2023-04-09 19:24:24,439][moc][INFO][generic_smbo.py:332] Iter 17, objectives: [-0.00694558833653955].
[2023-04-09 19:24:25,310][moc][WARNING][util_funcs.py:111] Provide "objs" in result is deprecated and will be removed in future versions! Please use "objectives" instead.
[2023-04-09 19:24:25,311][moc][INFO][generic_smbo.py:332] Iter 18, objectives: [-0.017361797298075198].
[2023-04-09 19:24:26,269][moc][WARNING][util_funcs.py:111] Provide "objs" in result is deprecated and will be removed in future versions! Please use "objectives" instead.
[2023-04-09 19:24:26,271][moc][INFO][generic_smbo.py:332] Iter 19, objectives: [-0.017361798545737262].
[2023-04-09 19:24:27,026][moc][WARNING][util_funcs.py:111] Provide "objs" in result is deprecated and will be removed in future versions! Please use "objectives" instead.
[2023-04-09 19:24:27,028][moc][INFO][generic_smbo.py:332] Iter 20, objectives: [-0.01736179912392218].
