[2023-04-09 19:09:12,793][moc][INFO][color_logger.py:203] Logfile: /home/chenyiqi/wafer_scale_chip_dse_framework/logs/moc_2023-04-09-19-09-12-793196.log
[2023-04-09 19:09:12,795][moc][INFO][generic_advisor.py:157] [BO auto selection]  acq_type: ei.
[2023-04-09 19:09:13,068][moc][WARNING][util_funcs.py:111] Provide "objs" in result is deprecated and will be removed in future versions! Please use "objectives" instead.
[2023-04-09 19:09:13,069][moc][INFO][generic_smbo.py:332] Iter 1, objectives: [-0.0086818033892274].
[2023-04-09 19:09:13,687][moc][WARNING][util_funcs.py:111] Provide "objs" in result is deprecated and will be removed in future versions! Please use "objectives" instead.
[2023-04-09 19:09:13,688][moc][INFO][generic_smbo.py:332] Iter 2, objectives: [-0.005788072587126461].
[2023-04-09 19:09:16,461][moc][WARNING][util_funcs.py:111] Provide "objs" in result is deprecated and will be removed in future versions! Please use "objectives" instead.
[2023-04-09 19:09:16,462][moc][INFO][generic_smbo.py:332] Iter 3, objectives: [-0.002170621564450212].
[2023-04-09 19:09:16,839][moc][WARNING][util_funcs.py:111] Provide "objs" in result is deprecated and will be removed in future versions! Please use "objectives" instead.
[2023-04-09 19:09:16,839][moc][INFO][generic_smbo.py:332] Iter 4, objectives: [-0.008681799437476026].
[2023-04-09 19:09:17,227][moc][WARNING][util_funcs.py:111] Provide "objs" in result is deprecated and will be removed in future versions! Please use "objectives" instead.
[2023-04-09 19:09:17,228][moc][INFO][generic_smbo.py:332] Iter 5, objectives: [-0.011575323971620467].
[2023-04-09 19:09:17,588][moc][WARNING][util_funcs.py:111] Provide "objs" in result is deprecated and will be removed in future versions! Please use "objectives" instead.
[2023-04-09 19:09:17,588][moc][INFO][generic_smbo.py:332] Iter 6, objectives: [-0.00868179706642693].
[2023-04-09 19:09:17,589][moc][INFO][generic_advisor.py:365] Sample random config. rand_prob=0.100000.
[2023-04-09 19:09:17,940][moc][WARNING][util_funcs.py:111] Provide "objs" in result is deprecated and will be removed in future versions! Please use "objectives" instead.
[2023-04-09 19:09:17,941][moc][INFO][generic_smbo.py:332] Iter 7, objectives: [-0.008681796922727025].
[2023-04-09 19:09:19,256][moc][WARNING][util_funcs.py:111] Provide "objs" in result is deprecated and will be removed in future versions! Please use "objectives" instead.
[2023-04-09 19:09:19,257][moc][INFO][generic_smbo.py:332] Iter 8, objectives: [-0.01157531667660243].
[2023-04-09 19:09:20,154][moc][WARNING][util_funcs.py:111] Provide "objs" in result is deprecated and will be removed in future versions! Please use "objectives" instead.
[2023-04-09 19:09:20,155][moc][INFO][generic_smbo.py:332] Iter 9, objectives: [-0.011575323971620467].
[2023-04-09 19:09:21,273][moc][WARNING][util_funcs.py:111] Provide "objs" in result is deprecated and will be removed in future versions! Please use "objectives" instead.
[2023-04-09 19:09:21,274][moc][INFO][generic_smbo.py:332] Iter 10, objectives: [-0.01157531667660243].
[2023-04-09 19:09:22,178][moc][WARNING][util_funcs.py:111] Provide "objs" in result is deprecated and will be removed in future versions! Please use "objectives" instead.
[2023-04-09 19:09:22,179][moc][INFO][generic_smbo.py:332] Iter 11, objectives: [-0.011575323971620467].
[2023-04-09 19:09:23,793][moc][WARNING][util_funcs.py:111] Provide "objs" in result is deprecated and will be removed in future versions! Please use "objectives" instead.
[2023-04-09 19:09:23,794][moc][INFO][generic_smbo.py:332] Iter 12, objectives: [-0.01157531667660243].
[2023-04-09 19:09:25,127][moc][WARNING][util_funcs.py:111] Provide "objs" in result is deprecated and will be removed in future versions! Please use "objectives" instead.
[2023-04-09 19:09:25,129][moc][INFO][generic_smbo.py:332] Iter 13, objectives: [-0.011575323971620467].
[2023-04-09 19:09:26,364][moc][WARNING][util_funcs.py:111] Provide "objs" in result is deprecated and will be removed in future versions! Please use "objectives" instead.
[2023-04-09 19:09:26,365][moc][INFO][generic_smbo.py:332] Iter 14, objectives: [-0.011575313164189619].
[2023-04-09 19:09:27,505][moc][WARNING][util_funcs.py:111] Provide "objs" in result is deprecated and will be removed in future versions! Please use "objectives" instead.
[2023-04-09 19:09:27,506][moc][INFO][generic_smbo.py:332] Iter 15, objectives: [-0.01157531667660243].
[2023-04-09 19:09:29,075][moc][WARNING][util_funcs.py:111] Provide "objs" in result is deprecated and will be removed in future versions! Please use "objectives" instead.
[2023-04-09 19:09:29,075][moc][INFO][generic_smbo.py:332] Iter 16, objectives: [-0.01157531667660243].
[2023-04-09 19:09:29,076][moc][INFO][generic_advisor.py:365] Sample random config. rand_prob=0.100000.
[2023-04-09 19:09:29,672][moc][WARNING][util_funcs.py:111] Provide "objs" in result is deprecated and will be removed in future versions! Please use "objectives" instead.
[2023-04-09 19:09:29,674][moc][INFO][generic_smbo.py:332] Iter 17, objectives: [-0.008681806502731015].
[2023-04-09 19:09:31,329][moc][WARNING][util_funcs.py:111] Provide "objs" in result is deprecated and will be removed in future versions! Please use "objectives" instead.
[2023-04-09 19:09:31,330][moc][INFO][generic_smbo.py:332] Iter 18, objectives: [-0.011575323971620467].
[2023-04-09 19:09:31,330][moc][INFO][generic_advisor.py:365] Sample random config. rand_prob=0.100000.
[2023-04-09 19:09:38,929][moc][WARNING][util_funcs.py:111] Provide "objs" in result is deprecated and will be removed in future versions! Please use "objectives" instead.
[2023-04-09 19:09:38,930][moc][INFO][generic_smbo.py:332] Iter 19, objectives: [-0.001447093580263847].
[2023-04-09 19:09:39,643][moc][WARNING][util_funcs.py:111] Provide "objs" in result is deprecated and will be removed in future versions! Please use "objectives" instead.
[2023-04-09 19:09:39,645][moc][INFO][generic_smbo.py:332] Iter 20, objectives: [-0.011575313164189619].
