[2023-04-10 17:12:01,563][moc][INFO][color_logger.py:203] Logfile: /home/chenyiqi/wafer_scale_chip_dse_framework/logs/moc_2023-04-10-17-12-01-563179.log
[2023-04-10 17:12:01,568][moc][WARNING][util_funcs.py:111] Provide "objs" in result is deprecated and will be removed in future versions! Please use "objectives" instead.
[2023-04-10 17:12:01,568][moc][INFO][generic_smbo.py:333] Iter 1, objectives: [-0.3594188203425762].
[2023-04-10 17:12:01,571][moc][WARNING][util_funcs.py:111] Provide "objs" in result is deprecated and will be removed in future versions! Please use "objectives" instead.
[2023-04-10 17:12:01,571][moc][INFO][generic_smbo.py:333] Iter 2, objectives: [-8.21421784485404].
[2023-04-10 17:12:01,574][moc][WARNING][util_funcs.py:111] Provide "objs" in result is deprecated and will be removed in future versions! Please use "objectives" instead.
[2023-04-10 17:12:01,574][moc][INFO][generic_smbo.py:333] Iter 3, objectives: [-2.834849804668013].
[2023-04-10 17:12:01,577][moc][WARNING][util_funcs.py:111] Provide "objs" in result is deprecated and will be removed in future versions! Please use "objectives" instead.
[2023-04-10 17:12:01,577][moc][INFO][generic_smbo.py:333] Iter 4, objectives: [-0.9352488483278291].
[2023-04-10 17:12:01,580][moc][WARNING][util_funcs.py:111] Provide "objs" in result is deprecated and will be removed in future versions! Please use "objectives" instead.
[2023-04-10 17:12:01,580][moc][INFO][generic_smbo.py:333] Iter 5, objectives: [-0.4034795347331651].
[2023-04-10 17:12:01,583][moc][WARNING][util_funcs.py:111] Provide "objs" in result is deprecated and will be removed in future versions! Please use "objectives" instead.
[2023-04-10 17:12:01,584][moc][INFO][generic_smbo.py:333] Iter 6, objectives: [-2.190385623755783].
[2023-04-10 17:12:01,586][moc][WARNING][util_funcs.py:111] Provide "objs" in result is deprecated and will be removed in future versions! Please use "objectives" instead.
[2023-04-10 17:12:01,587][moc][INFO][generic_smbo.py:333] Iter 7, objectives: [-3.226585433374229].
[2023-04-10 17:12:01,589][moc][WARNING][util_funcs.py:111] Provide "objs" in result is deprecated and will be removed in future versions! Please use "objectives" instead.
[2023-04-10 17:12:01,590][moc][INFO][generic_smbo.py:333] Iter 8, objectives: [-1.3953048566233512].
[2023-04-10 17:12:01,593][moc][WARNING][util_funcs.py:111] Provide "objs" in result is deprecated and will be removed in future versions! Please use "objectives" instead.
[2023-04-10 17:12:01,593][moc][INFO][generic_smbo.py:333] Iter 9, objectives: [-13.5533410930247].
[2023-04-10 17:12:01,596][moc][WARNING][util_funcs.py:111] Provide "objs" in result is deprecated and will be removed in future versions! Please use "objectives" instead.
[2023-04-10 17:12:01,596][moc][INFO][generic_smbo.py:333] Iter 10, objectives: [-1.0154060694256].
[2023-04-10 17:12:01,600][moc][WARNING][util_funcs.py:111] Provide "objs" in result is deprecated and will be removed in future versions! Please use "objectives" instead.
[2023-04-10 17:12:01,600][moc][INFO][generic_smbo.py:333] Iter 11, objectives: [-1.4360635994043378].
[2023-04-10 17:12:01,603][moc][WARNING][util_funcs.py:111] Provide "objs" in result is deprecated and will be removed in future versions! Please use "objectives" instead.
[2023-04-10 17:12:01,603][moc][INFO][generic_smbo.py:333] Iter 12, objectives: [-1.2399375079809465].
[2023-04-10 17:12:01,606][moc][WARNING][util_funcs.py:111] Provide "objs" in result is deprecated and will be removed in future versions! Please use "objectives" instead.
[2023-04-10 17:12:01,606][moc][INFO][generic_smbo.py:333] Iter 13, objectives: [-2.2510818241785775].
[2023-04-10 17:12:01,609][moc][WARNING][util_funcs.py:111] Provide "objs" in result is deprecated and will be removed in future versions! Please use "objectives" instead.
[2023-04-10 17:12:01,609][moc][INFO][generic_smbo.py:333] Iter 14, objectives: [-2.215473493909697].
[2023-04-10 17:12:01,613][moc][WARNING][util_funcs.py:111] Provide "objs" in result is deprecated and will be removed in future versions! Please use "objectives" instead.
[2023-04-10 17:12:01,613][moc][INFO][generic_smbo.py:333] Iter 15, objectives: [-0.7026678723889386].
[2023-04-10 17:12:01,616][moc][WARNING][util_funcs.py:111] Provide "objs" in result is deprecated and will be removed in future versions! Please use "objectives" instead.
[2023-04-10 17:12:01,616][moc][INFO][generic_smbo.py:333] Iter 16, objectives: [-1.525181466084379].
[2023-04-10 17:12:01,619][moc][WARNING][util_funcs.py:111] Provide "objs" in result is deprecated and will be removed in future versions! Please use "objectives" instead.
[2023-04-10 17:12:01,619][moc][INFO][generic_smbo.py:333] Iter 17, objectives: [-1.292280938888284].
[2023-04-10 17:12:01,623][moc][WARNING][util_funcs.py:111] Provide "objs" in result is deprecated and will be removed in future versions! Please use "objectives" instead.
[2023-04-10 17:12:01,623][moc][INFO][generic_smbo.py:333] Iter 18, objectives: [-0.8322474394927065].
[2023-04-10 17:12:01,626][moc][WARNING][util_funcs.py:111] Provide "objs" in result is deprecated and will be removed in future versions! Please use "objectives" instead.
[2023-04-10 17:12:01,626][moc][INFO][generic_smbo.py:333] Iter 19, objectives: [-2.0830676881976293].
[2023-04-10 17:12:01,629][moc][WARNING][util_funcs.py:111] Provide "objs" in result is deprecated and will be removed in future versions! Please use "objectives" instead.
[2023-04-10 17:12:01,629][moc][INFO][generic_smbo.py:333] Iter 20, objectives: [-0.8577077002292628].
[2023-04-10 17:12:01,629][moc][WARNING][util_funcs.py:111] Provide "objs" in result is deprecated and will be removed in future versions! Please use "objectives" instead.
[2023-04-10 17:12:01,630][moc][WARNING][util_funcs.py:123] Unused information in result: {'config': [{'data_parallel_size': 8, 'micro_batch_size': 33, 'model_parallel_size': 24, 'num_reticle_per_pipeline_stage': 10, 'tensor_parallel_size': 1}]}
[2023-04-10 17:12:01,630][moc][INFO][generic_smbo.py:418] Iter 15, objectives: [-13.5533410930247].
[2023-04-10 17:12:06,110][moc][WARNING][util_funcs.py:231] Keyword argument "num_objs" is deprecated and will be removed in a future version. Please use "num_objectives" instead.
