[2023-04-09 18:58:52,647][moc][INFO][color_logger.py:203] Logfile: /home/chenyiqi/wafer_scale_chip_dse_framework/logs/moc_2023-04-09-18-58-52-626364.log
[2023-04-09 18:58:52,649][moc][INFO][generic_advisor.py:157] [BO auto selection]  acq_type: ei.
[2023-04-09 18:58:52,884][moc][WARNING][util_funcs.py:111] Provide "objs" in result is deprecated and will be removed in future versions! Please use "objectives" instead.
[2023-04-09 18:58:52,885][moc][INFO][generic_smbo.py:332] Iter 1, objectives: [-0.01157532248284053].
[2023-04-09 18:58:53,206][moc][WARNING][util_funcs.py:111] Provide "objs" in result is deprecated and will be removed in future versions! Please use "objectives" instead.
[2023-04-09 18:58:53,207][moc][INFO][generic_smbo.py:332] Iter 2, objectives: [-0.005788071398745061].
[2023-04-09 18:58:53,619][moc][WARNING][util_funcs.py:111] Provide "objs" in result is deprecated and will be removed in future versions! Please use "objectives" instead.
[2023-04-09 18:58:53,621][moc][INFO][generic_smbo.py:332] Iter 3, objectives: [-0.011575338091036336].
[2023-04-09 18:58:54,192][moc][WARNING][util_funcs.py:111] Provide "objs" in result is deprecated and will be removed in future versions! Please use "objectives" instead.
[2023-04-09 18:58:54,193][moc][INFO][generic_smbo.py:332] Iter 4, objectives: [-0.005788072587126461].
[2023-04-09 18:58:54,844][moc][WARNING][util_funcs.py:111] Provide "objs" in result is deprecated and will be removed in future versions! Please use "objectives" instead.
[2023-04-09 18:58:54,845][moc][INFO][generic_smbo.py:332] Iter 5, objectives: [-0.011575338091036336].
[2023-04-09 18:58:55,179][moc][WARNING][util_funcs.py:111] Provide "objs" in result is deprecated and will be removed in future versions! Please use "objectives" instead.
[2023-04-09 18:58:55,180][moc][INFO][generic_smbo.py:332] Iter 6, objectives: [-0.017361736049430775].
[2023-04-09 18:58:56,326][moc][WARNING][util_funcs.py:111] Provide "objs" in result is deprecated and will be removed in future versions! Please use "objectives" instead.
[2023-04-09 18:58:56,327][moc][INFO][generic_smbo.py:332] Iter 7, objectives: [-0.011575315444976917].
[2023-04-09 18:58:57,547][moc][WARNING][util_funcs.py:111] Provide "objs" in result is deprecated and will be removed in future versions! Please use "objectives" instead.
[2023-04-09 18:58:57,548][moc][INFO][generic_smbo.py:332] Iter 8, objectives: [-0.017361749311208867].
[2023-04-09 18:58:58,877][moc][WARNING][util_funcs.py:111] Provide "objs" in result is deprecated and will be removed in future versions! Please use "objectives" instead.
[2023-04-09 18:58:58,878][moc][INFO][generic_smbo.py:332] Iter 9, objectives: [-0.017361716893564853].
[2023-04-09 18:58:59,983][moc][WARNING][util_funcs.py:111] Provide "objs" in result is deprecated and will be removed in future versions! Please use "objectives" instead.
[2023-04-09 18:58:59,984][moc][INFO][generic_smbo.py:332] Iter 10, objectives: [-0.01736172742928588].
[2023-04-09 18:59:01,430][moc][WARNING][util_funcs.py:111] Provide "objs" in result is deprecated and will be removed in future versions! Please use "objectives" instead.
[2023-04-09 18:59:01,431][moc][INFO][generic_smbo.py:332] Iter 11, objectives: [-0.017361736049430775].
[2023-04-09 18:59:02,475][moc][WARNING][util_funcs.py:111] Provide "objs" in result is deprecated and will be removed in future versions! Please use "objectives" instead.
[2023-04-09 18:59:02,476][moc][INFO][generic_smbo.py:332] Iter 12, objectives: [-0.01736175452119866].
[2023-04-09 18:59:04,228][moc][WARNING][util_funcs.py:111] Provide "objs" in result is deprecated and will be removed in future versions! Please use "objectives" instead.
[2023-04-09 18:59:04,229][moc][INFO][generic_smbo.py:332] Iter 13, objectives: [-0.017361743232891393].
[2023-04-09 18:59:05,191][moc][WARNING][util_funcs.py:111] Provide "objs" in result is deprecated and will be removed in future versions! Please use "objectives" instead.
[2023-04-09 18:59:05,193][moc][INFO][generic_smbo.py:332] Iter 14, objectives: [-0.017361743232891393].
[2023-04-09 18:59:06,732][moc][WARNING][util_funcs.py:111] Provide "objs" in result is deprecated and will be removed in future versions! Please use "objectives" instead.
[2023-04-09 18:59:06,733][moc][INFO][generic_smbo.py:332] Iter 15, objectives: [-0.01736175452119866].
[2023-04-09 18:59:07,741][moc][WARNING][util_funcs.py:111] Provide "objs" in result is deprecated and will be removed in future versions! Please use "objectives" instead.
[2023-04-09 18:59:07,742][moc][INFO][generic_smbo.py:332] Iter 16, objectives: [-0.01736172742928588].
[2023-04-09 18:59:07,743][moc][INFO][generic_advisor.py:365] Sample random config. rand_prob=0.100000.
[2023-04-09 18:59:09,224][moc][WARNING][util_funcs.py:111] Provide "objs" in result is deprecated and will be removed in future versions! Please use "objectives" instead.
[2023-04-09 18:59:09,225][moc][INFO][generic_smbo.py:332] Iter 17, objectives: [-0.00496125443817082].
[2023-04-09 18:59:09,229][moc][INFO][generic_advisor.py:365] Sample random config. rand_prob=0.100000.
[2023-04-09 18:59:10,062][moc][WARNING][util_funcs.py:111] Provide "objs" in result is deprecated and will be removed in future versions! Please use "objectives" instead.
[2023-04-09 18:59:10,063][moc][INFO][generic_smbo.py:332] Iter 18, objectives: [-0.008681806193698297].
[2023-04-09 18:59:11,804][moc][WARNING][util_funcs.py:111] Provide "objs" in result is deprecated and will be removed in future versions! Please use "objectives" instead.
[2023-04-09 18:59:11,805][moc][INFO][generic_smbo.py:332] Iter 19, objectives: [-0.017361736049430775].
[2023-04-09 18:59:12,646][moc][WARNING][util_funcs.py:111] Provide "objs" in result is deprecated and will be removed in future versions! Please use "objectives" instead.
[2023-04-09 18:59:12,647][moc][INFO][generic_smbo.py:332] Iter 20, objectives: [-0.017361759036525676].
