[2023-04-10 19:30:40,871][moc][INFO][color_logger.py:203] Logfile: /home/chenyiqi/wafer_scale_chip_dse_framework/logs/moc_2023-04-10-19-30-40-870973.log
[2023-04-10 19:30:40,876][moc][WARNING][util_funcs.py:111] Provide "objs" in result is deprecated and will be removed in future versions! Please use "objectives" instead.
[2023-04-10 19:30:40,876][moc][INFO][generic_smbo.py:352] Iter 1, objectives: [-1.3144080335206556].
[2023-04-10 19:30:40,878][moc][WARNING][util_funcs.py:111] Provide "objs" in result is deprecated and will be removed in future versions! Please use "objectives" instead.
[2023-04-10 19:30:40,879][moc][INFO][generic_smbo.py:352] Iter 2, objectives: [-1.9544370220704685].
[2023-04-10 19:30:40,882][moc][WARNING][util_funcs.py:111] Provide "objs" in result is deprecated and will be removed in future versions! Please use "objectives" instead.
[2023-04-10 19:30:40,882][moc][INFO][generic_smbo.py:352] Iter 3, objectives: [-0.34210364566054424].
[2023-04-10 19:30:40,884][moc][WARNING][util_funcs.py:111] Provide "objs" in result is deprecated and will be removed in future versions! Please use "objectives" instead.
[2023-04-10 19:30:40,884][moc][INFO][generic_smbo.py:352] Iter 4, objectives: [-0.36535743869554815].
[2023-04-10 19:30:40,887][moc][WARNING][util_funcs.py:111] Provide "objs" in result is deprecated and will be removed in future versions! Please use "objectives" instead.
[2023-04-10 19:30:40,887][moc][INFO][generic_smbo.py:352] Iter 5, objectives: [-1.452313833471624].
[2023-04-10 19:30:40,890][moc][WARNING][util_funcs.py:111] Provide "objs" in result is deprecated and will be removed in future versions! Please use "objectives" instead.
[2023-04-10 19:30:40,890][moc][INFO][generic_smbo.py:352] Iter 6, objectives: [-2.2771511311321726].
[2023-04-10 19:30:40,893][moc][WARNING][util_funcs.py:111] Provide "objs" in result is deprecated and will be removed in future versions! Please use "objectives" instead.
[2023-04-10 19:30:40,893][moc][INFO][generic_smbo.py:352] Iter 7, objectives: [-0.6102613101588477].
[2023-04-10 19:30:40,896][moc][WARNING][util_funcs.py:111] Provide "objs" in result is deprecated and will be removed in future versions! Please use "objectives" instead.
[2023-04-10 19:30:40,896][moc][INFO][generic_smbo.py:352] Iter 8, objectives: [-2.5390992672613457].
[2023-04-10 19:30:40,899][moc][WARNING][util_funcs.py:111] Provide "objs" in result is deprecated and will be removed in future versions! Please use "objectives" instead.
[2023-04-10 19:30:40,899][moc][INFO][generic_smbo.py:352] Iter 9, objectives: [-5.137504568179714].
[2023-04-10 19:30:40,901][moc][WARNING][util_funcs.py:111] Provide "objs" in result is deprecated and will be removed in future versions! Please use "objectives" instead.
[2023-04-10 19:30:40,902][moc][INFO][generic_smbo.py:352] Iter 10, objectives: [-3.2054822447457654].
[2023-04-10 19:30:40,904][moc][WARNING][util_funcs.py:111] Provide "objs" in result is deprecated and will be removed in future versions! Please use "objectives" instead.
[2023-04-10 19:30:40,904][moc][INFO][generic_smbo.py:352] Iter 11, objectives: [-0.9611596656211174].
[2023-04-10 19:30:40,907][moc][WARNING][util_funcs.py:111] Provide "objs" in result is deprecated and will be removed in future versions! Please use "objectives" instead.
[2023-04-10 19:30:40,908][moc][INFO][generic_smbo.py:352] Iter 12, objectives: [-1.6836648059986188].
[2023-04-10 19:30:40,910][moc][WARNING][util_funcs.py:111] Provide "objs" in result is deprecated and will be removed in future versions! Please use "objectives" instead.
[2023-04-10 19:30:40,910][moc][INFO][generic_smbo.py:352] Iter 13, objectives: [-1.5155817534677185].
[2023-04-10 19:30:40,913][moc][WARNING][util_funcs.py:111] Provide "objs" in result is deprecated and will be removed in future versions! Please use "objectives" instead.
[2023-04-10 19:30:40,913][moc][INFO][generic_smbo.py:352] Iter 14, objectives: [-1.870251395927019].
[2023-04-10 19:30:40,916][moc][WARNING][util_funcs.py:111] Provide "objs" in result is deprecated and will be removed in future versions! Please use "objectives" instead.
[2023-04-10 19:30:40,917][moc][INFO][generic_smbo.py:352] Iter 15, objectives: [-0.9334024058681651].
[2023-04-10 19:30:40,919][moc][WARNING][util_funcs.py:111] Provide "objs" in result is deprecated and will be removed in future versions! Please use "objectives" instead.
[2023-04-10 19:30:40,919][moc][INFO][generic_smbo.py:352] Iter 16, objectives: [-3.7493803285019514].
[2023-04-10 19:30:40,921][moc][WARNING][util_funcs.py:111] Provide "objs" in result is deprecated and will be removed in future versions! Please use "objectives" instead.
[2023-04-10 19:30:40,922][moc][INFO][generic_smbo.py:352] Iter 17, objectives: [-41.374012089328026].
[2023-04-10 19:30:40,925][moc][WARNING][util_funcs.py:111] Provide "objs" in result is deprecated and will be removed in future versions! Please use "objectives" instead.
[2023-04-10 19:30:40,925][moc][INFO][generic_smbo.py:352] Iter 18, objectives: [-1.3903834853106791].
[2023-04-10 19:30:40,927][moc][WARNING][util_funcs.py:111] Provide "objs" in result is deprecated and will be removed in future versions! Please use "objectives" instead.
[2023-04-10 19:30:40,928][moc][INFO][generic_smbo.py:352] Iter 19, objectives: [-3.796774805152081].
[2023-04-10 19:30:40,930][moc][WARNING][util_funcs.py:111] Provide "objs" in result is deprecated and will be removed in future versions! Please use "objectives" instead.
[2023-04-10 19:30:40,930][moc][INFO][generic_smbo.py:352] Iter 20, objectives: [-1.5984498316929625].
[2023-04-10 19:30:40,931][moc][WARNING][util_funcs.py:111] Provide "objs" in result is deprecated and will be removed in future versions! Please use "objectives" instead.
[2023-04-10 19:30:40,931][moc][WARNING][util_funcs.py:123] Unused information in result: {'config': [{'data_parallel_size': 4, 'micro_batch_size': 99, 'model_parallel_size': 2, 'num_reticle_per_pipeline_stage': 99, 'tensor_parallel_size': 1}]}
[2023-04-10 19:30:40,931][moc][INFO][generic_smbo.py:437] Iter 8, objectives: [-41.374012089328026].
[2023-04-10 19:30:44,932][moc][WARNING][util_funcs.py:231] Keyword argument "num_objs" is deprecated and will be removed in a future version. Please use "num_objectives" instead.
