[2023-04-10 16:58:17,171][moc][INFO][color_logger.py:203] Logfile: /home/chenyiqi/wafer_scale_chip_dse_framework/logs/moc_2023-04-10-16-58-17-170941.log
[2023-04-10 16:58:17,176][moc][WARNING][util_funcs.py:111] Provide "objs" in result is deprecated and will be removed in future versions! Please use "objectives" instead.
[2023-04-10 16:58:17,176][moc][INFO][generic_smbo.py:333] Iter 1, objectives: [-0.7911646378926797].
[2023-04-10 16:58:17,181][moc][WARNING][util_funcs.py:111] Provide "objs" in result is deprecated and will be removed in future versions! Please use "objectives" instead.
[2023-04-10 16:58:17,181][moc][INFO][generic_smbo.py:333] Iter 2, objectives: [-1.2021094883185952].
[2023-04-10 16:58:17,185][moc][WARNING][util_funcs.py:111] Provide "objs" in result is deprecated and will be removed in future versions! Please use "objectives" instead.
[2023-04-10 16:58:17,185][moc][INFO][generic_smbo.py:333] Iter 3, objectives: [-1.3533622436160584].
[2023-04-10 16:58:17,189][moc][WARNING][util_funcs.py:111] Provide "objs" in result is deprecated and will be removed in future versions! Please use "objectives" instead.
[2023-04-10 16:58:17,189][moc][INFO][generic_smbo.py:333] Iter 4, objectives: [-1.5908673679092544].
[2023-04-10 16:58:17,193][moc][WARNING][util_funcs.py:111] Provide "objs" in result is deprecated and will be removed in future versions! Please use "objectives" instead.
[2023-04-10 16:58:17,193][moc][INFO][generic_smbo.py:333] Iter 5, objectives: [-0.6261107783155729].
[2023-04-10 16:58:17,197][moc][WARNING][util_funcs.py:111] Provide "objs" in result is deprecated and will be removed in future versions! Please use "objectives" instead.
[2023-04-10 16:58:17,198][moc][INFO][generic_smbo.py:333] Iter 6, objectives: [-1.10932580123005].
[2023-04-10 16:58:17,202][moc][WARNING][util_funcs.py:111] Provide "objs" in result is deprecated and will be removed in future versions! Please use "objectives" instead.
[2023-04-10 16:58:17,202][moc][INFO][generic_smbo.py:333] Iter 7, objectives: [-1.5842055413353362].
[2023-04-10 16:58:17,206][moc][WARNING][util_funcs.py:111] Provide "objs" in result is deprecated and will be removed in future versions! Please use "objectives" instead.
[2023-04-10 16:58:17,206][moc][INFO][generic_smbo.py:333] Iter 8, objectives: [-0.3666311770553967].
[2023-04-10 16:58:17,210][moc][WARNING][util_funcs.py:111] Provide "objs" in result is deprecated and will be removed in future versions! Please use "objectives" instead.
[2023-04-10 16:58:17,210][moc][INFO][generic_smbo.py:333] Iter 9, objectives: [-1.3493238431580872].
[2023-04-10 16:58:17,214][moc][WARNING][util_funcs.py:111] Provide "objs" in result is deprecated and will be removed in future versions! Please use "objectives" instead.
[2023-04-10 16:58:17,214][moc][INFO][generic_smbo.py:333] Iter 10, objectives: [-0.6051389991694202].
[2023-04-10 16:58:17,215][moc][WARNING][util_funcs.py:111] Provide "objs" in result is deprecated and will be removed in future versions! Please use "objectives" instead.
[2023-04-10 16:58:17,215][moc][WARNING][util_funcs.py:123] Unused information in result: {'config': [{'data_parallel_size': 1, 'micro_batch_size': 159, 'model_parallel_size': 24, 'num_reticle_per_pipeline_stage': 2, 'tensor_parallel_size': 2}]}
[2023-04-10 16:58:17,215][moc][INFO][generic_smbo.py:418] Iter 12, objectives: [-1.5908673679092544].
[2023-04-10 16:58:21,747][moc][WARNING][util_funcs.py:231] Keyword argument "num_objs" is deprecated and will be removed in a future version. Please use "num_objectives" instead.
