[2023-04-09 19:02:11,100][moc][INFO][color_logger.py:203] Logfile: /home/chenyiqi/wafer_scale_chip_dse_framework/logs/moc_2023-04-09-19-02-11-100288.log
[2023-04-09 19:02:11,102][moc][INFO][generic_advisor.py:157] [BO auto selection]  acq_type: ei.
[2023-04-09 19:02:11,590][moc][WARNING][util_funcs.py:111] Provide "objs" in result is deprecated and will be removed in future versions! Please use "objectives" instead.
[2023-04-09 19:02:11,591][moc][INFO][generic_smbo.py:332] Iter 1, objectives: [-0.008681806502731015].
[2023-04-09 19:02:11,783][moc][WARNING][util_funcs.py:111] Provide "objs" in result is deprecated and will be removed in future versions! Please use "objectives" instead.
[2023-04-09 19:02:11,784][moc][INFO][generic_smbo.py:332] Iter 2, objectives: [-0.017361749311208867].
[2023-04-09 19:02:12,012][moc][WARNING][util_funcs.py:111] Provide "objs" in result is deprecated and will be removed in future versions! Please use "objectives" instead.
[2023-04-09 19:02:12,013][moc][INFO][generic_smbo.py:332] Iter 3, objectives: [-0.0115753087736766].
[2023-04-09 19:02:12,457][moc][WARNING][util_funcs.py:111] Provide "objs" in result is deprecated and will be removed in future versions! Please use "objectives" instead.
[2023-04-09 19:02:12,458][moc][INFO][generic_smbo.py:332] Iter 4, objectives: [-0.005788071699923808].
[2023-04-09 19:02:12,702][moc][WARNING][util_funcs.py:111] Provide "objs" in result is deprecated and will be removed in future versions! Please use "objectives" instead.
[2023-04-09 19:02:12,702][moc][INFO][generic_smbo.py:332] Iter 5, objectives: [-0.0069455861809480995].
[2023-04-09 19:02:13,107][moc][WARNING][util_funcs.py:111] Provide "objs" in result is deprecated and will be removed in future versions! Please use "objectives" instead.
[2023-04-09 19:02:13,108][moc][INFO][generic_smbo.py:332] Iter 6, objectives: [-0.005788071437064676].
[2023-04-09 19:02:13,109][moc][INFO][generic_advisor.py:365] Sample random config. rand_prob=0.100000.
[2023-04-09 19:02:13,515][moc][WARNING][util_funcs.py:111] Provide "objs" in result is deprecated and will be removed in future versions! Please use "objectives" instead.
[2023-04-09 19:02:13,517][moc][INFO][generic_smbo.py:332] Iter 7, objectives: [-0.017361788386208537].
[2023-04-09 19:02:14,522][moc][WARNING][util_funcs.py:111] Provide "objs" in result is deprecated and will be removed in future versions! Please use "objectives" instead.
[2023-04-09 19:02:14,523][moc][INFO][generic_smbo.py:332] Iter 8, objectives: [-0.017361772344871605].
[2023-04-09 19:02:15,406][moc][WARNING][util_funcs.py:111] Provide "objs" in result is deprecated and will be removed in future versions! Please use "objectives" instead.
[2023-04-09 19:02:15,407][moc][INFO][generic_smbo.py:332] Iter 9, objectives: [-0.017361769572297854].
[2023-04-09 19:02:16,632][moc][WARNING][util_funcs.py:111] Provide "objs" in result is deprecated and will be removed in future versions! Please use "objectives" instead.
[2023-04-09 19:02:16,633][moc][INFO][generic_smbo.py:332] Iter 10, objectives: [-0.017361759036525676].
[2023-04-09 19:02:17,878][moc][WARNING][util_funcs.py:111] Provide "objs" in result is deprecated and will be removed in future versions! Please use "objectives" instead.
[2023-04-09 19:02:17,880][moc][INFO][generic_smbo.py:332] Iter 11, objectives: [-0.01736175452119866].
[2023-04-09 19:02:19,807][moc][WARNING][util_funcs.py:111] Provide "objs" in result is deprecated and will be removed in future versions! Please use "objectives" instead.
[2023-04-09 19:02:19,808][moc][INFO][generic_smbo.py:332] Iter 12, objectives: [-0.017361774840188735].
[2023-04-09 19:02:21,103][moc][WARNING][util_funcs.py:111] Provide "objs" in result is deprecated and will be removed in future versions! Please use "objectives" instead.
[2023-04-09 19:02:21,104][moc][INFO][generic_smbo.py:332] Iter 13, objectives: [-0.01736178102423863].
[2023-04-09 19:02:23,205][moc][WARNING][util_funcs.py:111] Provide "objs" in result is deprecated and will be removed in future versions! Please use "objectives" instead.
[2023-04-09 19:02:23,206][moc][INFO][generic_smbo.py:332] Iter 14, objectives: [-0.017361785781203086].
[2023-04-09 19:02:24,494][moc][WARNING][util_funcs.py:111] Provide "objs" in result is deprecated and will be removed in future versions! Please use "objectives" instead.
[2023-04-09 19:02:24,495][moc][INFO][generic_smbo.py:332] Iter 15, objectives: [-0.017361772344871605].
[2023-04-09 19:02:25,982][moc][WARNING][util_funcs.py:111] Provide "objs" in result is deprecated and will be removed in future versions! Please use "objectives" instead.
[2023-04-09 19:02:25,984][moc][INFO][generic_smbo.py:332] Iter 16, objectives: [-0.01736177709785723].
[2023-04-09 19:02:27,186][moc][WARNING][util_funcs.py:111] Provide "objs" in result is deprecated and will be removed in future versions! Please use "objectives" instead.
[2023-04-09 19:02:27,188][moc][INFO][generic_smbo.py:332] Iter 17, objectives: [-0.017361759036525676].
[2023-04-09 19:02:28,836][moc][WARNING][util_funcs.py:111] Provide "objs" in result is deprecated and will be removed in future versions! Please use "objectives" instead.
[2023-04-09 19:02:28,838][moc][INFO][generic_smbo.py:332] Iter 18, objectives: [-0.017361762987438745].
[2023-04-09 19:02:30,173][moc][WARNING][util_funcs.py:111] Provide "objs" in result is deprecated and will be removed in future versions! Please use "objectives" instead.
[2023-04-09 19:02:30,174][moc][INFO][generic_smbo.py:332] Iter 19, objectives: [-0.017361774840188735].
[2023-04-09 19:02:32,480][moc][WARNING][util_funcs.py:111] Provide "objs" in result is deprecated and will be removed in future versions! Please use "objectives" instead.
[2023-04-09 19:02:32,480][moc][INFO][generic_smbo.py:332] Iter 20, objectives: [-0.017361772344871605].
