[2023-04-10 16:51:07,552][moc][INFO][color_logger.py:203] Logfile: /home/chenyiqi/wafer_scale_chip_dse_framework/logs/moc_2023-04-10-16-51-07-552121.log
[2023-04-10 16:51:07,577][moc][WARNING][util_funcs.py:111] Provide "objs" in result is deprecated and will be removed in future versions! Please use "objectives" instead.
[2023-04-10 16:51:07,577][moc][INFO][generic_smbo.py:333] Iter 1, objectives: [-1.5320392549733217].
[2023-04-10 16:51:07,600][moc][WARNING][util_funcs.py:111] Provide "objs" in result is deprecated and will be removed in future versions! Please use "objectives" instead.
[2023-04-10 16:51:07,600][moc][INFO][generic_smbo.py:333] Iter 2, objectives: [-4.769751968132428].
[2023-04-10 16:51:07,622][moc][WARNING][util_funcs.py:111] Provide "objs" in result is deprecated and will be removed in future versions! Please use "objectives" instead.
[2023-04-10 16:51:07,623][moc][INFO][generic_smbo.py:333] Iter 3, objectives: [-1.025665558371972].
[2023-04-10 16:51:07,765][moc][WARNING][util_funcs.py:111] Provide "objs" in result is deprecated and will be removed in future versions! Please use "objectives" instead.
[2023-04-10 16:51:07,765][moc][INFO][generic_smbo.py:333] Iter 4, objectives: [-0.5349564233827077].
[2023-04-10 16:51:07,788][moc][WARNING][util_funcs.py:111] Provide "objs" in result is deprecated and will be removed in future versions! Please use "objectives" instead.
[2023-04-10 16:51:07,788][moc][INFO][generic_smbo.py:333] Iter 5, objectives: [-0.7431547262162816].
[2023-04-10 16:51:07,812][moc][WARNING][util_funcs.py:111] Provide "objs" in result is deprecated and will be removed in future versions! Please use "objectives" instead.
[2023-04-10 16:51:07,813][moc][INFO][generic_smbo.py:333] Iter 6, objectives: [-0.8168698131739437].
[2023-04-10 16:51:07,835][moc][WARNING][util_funcs.py:111] Provide "objs" in result is deprecated and will be removed in future versions! Please use "objectives" instead.
[2023-04-10 16:51:07,835][moc][INFO][generic_smbo.py:333] Iter 7, objectives: [-0.4214211386804867].
[2023-04-10 16:51:07,859][moc][WARNING][util_funcs.py:111] Provide "objs" in result is deprecated and will be removed in future versions! Please use "objectives" instead.
[2023-04-10 16:51:07,859][moc][INFO][generic_smbo.py:333] Iter 8, objectives: [-1.5392845765077177].
[2023-04-10 16:51:08,013][moc][WARNING][util_funcs.py:111] Provide "objs" in result is deprecated and will be removed in future versions! Please use "objectives" instead.
[2023-04-10 16:51:08,013][moc][INFO][generic_smbo.py:333] Iter 9, objectives: [-0.366287277886899].
[2023-04-10 16:51:08,036][moc][WARNING][util_funcs.py:111] Provide "objs" in result is deprecated and will be removed in future versions! Please use "objectives" instead.
[2023-04-10 16:51:08,037][moc][INFO][generic_smbo.py:333] Iter 10, objectives: [-1.002960266273891].
[2023-04-10 16:51:08,037][moc][WARNING][util_funcs.py:111] Provide "objs" in result is deprecated and will be removed in future versions! Please use "objectives" instead.
[2023-04-10 16:51:08,037][moc][INFO][generic_smbo.py:418] Iter 7, objectives: [-4.769751968132428].
[2023-04-10 16:51:08,037][moc][INFO][mf_advisor.py:411] Sample random config. rand_prob=0.100000.
[2023-04-10 16:51:08,039][moc][WARNING][util_funcs.py:231] Keyword argument "num_objs" is deprecated and will be removed in a future version. Please use "num_objectives" instead.
