[2023-04-09 19:01:17,366][moc][INFO][color_logger.py:203] Logfile: /home/chenyiqi/wafer_scale_chip_dse_framework/logs/moc_2023-04-09-19-01-17-366311.log
[2023-04-09 19:01:17,369][moc][INFO][generic_advisor.py:157] [BO auto selection]  acq_type: ei.
[2023-04-09 19:01:17,671][moc][WARNING][util_funcs.py:111] Provide "objs" in result is deprecated and will be removed in future versions! Please use "objectives" instead.
[2023-04-09 19:01:17,672][moc][INFO][generic_smbo.py:332] Iter 1, objectives: [-0.005788071033796366].
[2023-04-09 19:01:17,868][moc][WARNING][util_funcs.py:111] Provide "objs" in result is deprecated and will be removed in future versions! Please use "objectives" instead.
[2023-04-09 19:01:17,869][moc][INFO][generic_smbo.py:332] Iter 2, objectives: [-0.017361743232891393].
[2023-04-09 19:01:18,296][moc][WARNING][util_funcs.py:111] Provide "objs" in result is deprecated and will be removed in future versions! Please use "objectives" instead.
[2023-04-09 19:01:18,298][moc][INFO][generic_smbo.py:332] Iter 3, objectives: [-0.011575338091036336].
[2023-04-09 19:01:18,590][moc][WARNING][util_funcs.py:111] Provide "objs" in result is deprecated and will be removed in future versions! Please use "objectives" instead.
[2023-04-09 19:01:18,591][moc][INFO][generic_smbo.py:332] Iter 4, objectives: [-0.005788070518376598].
[2023-04-09 19:01:18,852][moc][WARNING][util_funcs.py:111] Provide "objs" in result is deprecated and will be removed in future versions! Please use "objectives" instead.
[2023-04-09 19:01:18,853][moc][INFO][generic_smbo.py:332] Iter 5, objectives: [-0.0069455861809480995].
[2023-04-09 19:01:19,534][moc][WARNING][util_funcs.py:111] Provide "objs" in result is deprecated and will be removed in future versions! Please use "objectives" instead.
[2023-04-09 19:01:19,534][moc][INFO][generic_smbo.py:332] Iter 6, objectives: [-0.005788072453301067].
[2023-04-09 19:01:20,476][moc][WARNING][util_funcs.py:111] Provide "objs" in result is deprecated and will be removed in future versions! Please use "objectives" instead.
[2023-04-09 19:01:20,476][moc][INFO][generic_smbo.py:332] Iter 7, objectives: [-0.017361743232891393].
[2023-04-09 19:01:21,543][moc][WARNING][util_funcs.py:111] Provide "objs" in result is deprecated and will be removed in future versions! Please use "objectives" instead.
[2023-04-09 19:01:21,544][moc][INFO][generic_smbo.py:332] Iter 8, objectives: [-0.01157531818192286].
[2023-04-09 19:01:22,902][moc][WARNING][util_funcs.py:111] Provide "objs" in result is deprecated and will be removed in future versions! Please use "objectives" instead.
[2023-04-09 19:01:22,904][moc][INFO][generic_smbo.py:332] Iter 9, objectives: [-0.017361759036525676].
[2023-04-09 19:01:24,006][moc][WARNING][util_funcs.py:111] Provide "objs" in result is deprecated and will be removed in future versions! Please use "objectives" instead.
[2023-04-09 19:01:24,007][moc][INFO][generic_smbo.py:332] Iter 10, objectives: [-0.01736175452119866].
[2023-04-09 19:01:25,529][moc][WARNING][util_funcs.py:111] Provide "objs" in result is deprecated and will be removed in future versions! Please use "objectives" instead.
[2023-04-09 19:01:25,531][moc][INFO][generic_smbo.py:332] Iter 11, objectives: [-0.011575320497801208].
[2023-04-09 19:01:26,874][moc][WARNING][util_funcs.py:111] Provide "objs" in result is deprecated and will be removed in future versions! Please use "objectives" instead.
[2023-04-09 19:01:26,875][moc][INFO][generic_smbo.py:332] Iter 12, objectives: [-0.017361762987438745].
[2023-04-09 19:01:28,132][moc][WARNING][util_funcs.py:111] Provide "objs" in result is deprecated and will be removed in future versions! Please use "objectives" instead.
[2023-04-09 19:01:28,134][moc][INFO][generic_smbo.py:332] Iter 13, objectives: [-0.017361766473540003].
[2023-04-09 19:01:29,933][moc][WARNING][util_funcs.py:111] Provide "objs" in result is deprecated and will be removed in future versions! Please use "objectives" instead.
[2023-04-09 19:01:29,934][moc][INFO][generic_smbo.py:332] Iter 14, objectives: [-0.017361769572297854].
[2023-04-09 19:01:32,312][moc][WARNING][util_funcs.py:111] Provide "objs" in result is deprecated and will be removed in future versions! Please use "objectives" instead.
[2023-04-09 19:01:32,314][moc][INFO][generic_smbo.py:332] Iter 15, objectives: [-0.017361769572297854].
[2023-04-09 19:01:32,314][moc][INFO][generic_advisor.py:365] Sample random config. rand_prob=0.100000.
[2023-04-09 19:01:34,671][moc][WARNING][util_funcs.py:111] Provide "objs" in result is deprecated and will be removed in future versions! Please use "objectives" instead.
[2023-04-09 19:01:34,672][moc][INFO][generic_smbo.py:332] Iter 16, objectives: [-0.004341130224969607].
[2023-04-09 19:01:36,116][moc][WARNING][util_funcs.py:111] Provide "objs" in result is deprecated and will be removed in future versions! Please use "objectives" instead.
[2023-04-09 19:01:36,118][moc][INFO][generic_smbo.py:332] Iter 17, objectives: [-0.01736177709785723].
[2023-04-09 19:01:37,639][moc][WARNING][util_funcs.py:111] Provide "objs" in result is deprecated and will be removed in future versions! Please use "objectives" instead.
[2023-04-09 19:01:37,640][moc][INFO][generic_smbo.py:332] Iter 18, objectives: [-0.017361766473540003].
[2023-04-09 19:01:38,976][moc][WARNING][util_funcs.py:111] Provide "objs" in result is deprecated and will be removed in future versions! Please use "objectives" instead.
[2023-04-09 19:01:38,979][moc][INFO][generic_smbo.py:332] Iter 19, objectives: [-0.017361769572297854].
[2023-04-09 19:01:40,397][moc][WARNING][util_funcs.py:111] Provide "objs" in result is deprecated and will be removed in future versions! Please use "objectives" instead.
[2023-04-09 19:01:40,398][moc][INFO][generic_smbo.py:332] Iter 20, objectives: [-0.01736178274203105].
