[2023-04-10 17:20:24,132][moc][INFO][color_logger.py:203] Logfile: /home/chenyiqi/wafer_scale_chip_dse_framework/logs/moc_2023-04-10-17-20-24-131936.log
[2023-04-10 17:20:24,137][moc][WARNING][util_funcs.py:111] Provide "objs" in result is deprecated and will be removed in future versions! Please use "objectives" instead.
[2023-04-10 17:20:24,137][moc][INFO][generic_smbo.py:333] Iter 1, objectives: [-0.4088694169196066].
[2023-04-10 17:20:24,139][moc][WARNING][util_funcs.py:111] Provide "objs" in result is deprecated and will be removed in future versions! Please use "objectives" instead.
[2023-04-10 17:20:24,139][moc][INFO][generic_smbo.py:333] Iter 2, objectives: [-0.7734837283379012].
[2023-04-10 17:20:24,141][moc][WARNING][util_funcs.py:111] Provide "objs" in result is deprecated and will be removed in future versions! Please use "objectives" instead.
[2023-04-10 17:20:24,141][moc][INFO][generic_smbo.py:333] Iter 3, objectives: [-1.1957601658210555].
[2023-04-10 17:20:24,143][moc][WARNING][util_funcs.py:111] Provide "objs" in result is deprecated and will be removed in future versions! Please use "objectives" instead.
[2023-04-10 17:20:24,143][moc][INFO][generic_smbo.py:333] Iter 4, objectives: [-2.871313692628856].
[2023-04-10 17:20:24,145][moc][WARNING][util_funcs.py:111] Provide "objs" in result is deprecated and will be removed in future versions! Please use "objectives" instead.
[2023-04-10 17:20:24,145][moc][INFO][generic_smbo.py:333] Iter 5, objectives: [-15.269395839252624].
[2023-04-10 17:20:24,147][moc][WARNING][util_funcs.py:111] Provide "objs" in result is deprecated and will be removed in future versions! Please use "objectives" instead.
[2023-04-10 17:20:24,147][moc][INFO][generic_smbo.py:333] Iter 6, objectives: [-151.4980190996666].
[2023-04-10 17:20:24,149][moc][WARNING][util_funcs.py:111] Provide "objs" in result is deprecated and will be removed in future versions! Please use "objectives" instead.
[2023-04-10 17:20:24,150][moc][INFO][generic_smbo.py:333] Iter 7, objectives: [-0.6183607475771181].
[2023-04-10 17:20:24,151][moc][WARNING][util_funcs.py:111] Provide "objs" in result is deprecated and will be removed in future versions! Please use "objectives" instead.
[2023-04-10 17:20:24,151][moc][INFO][generic_smbo.py:333] Iter 8, objectives: [-0.8123987225685764].
[2023-04-10 17:20:24,153][moc][WARNING][util_funcs.py:111] Provide "objs" in result is deprecated and will be removed in future versions! Please use "objectives" instead.
[2023-04-10 17:20:24,153][moc][INFO][generic_smbo.py:333] Iter 9, objectives: [-0.7016870140833509].
[2023-04-10 17:20:24,155][moc][WARNING][util_funcs.py:111] Provide "objs" in result is deprecated and will be removed in future versions! Please use "objectives" instead.
[2023-04-10 17:20:24,155][moc][INFO][generic_smbo.py:333] Iter 10, objectives: [-2.2659477641891854].
[2023-04-10 17:20:24,157][moc][WARNING][util_funcs.py:111] Provide "objs" in result is deprecated and will be removed in future versions! Please use "objectives" instead.
[2023-04-10 17:20:24,157][moc][INFO][generic_smbo.py:333] Iter 11, objectives: [-0.304976043725363].
[2023-04-10 17:20:24,160][moc][WARNING][util_funcs.py:111] Provide "objs" in result is deprecated and will be removed in future versions! Please use "objectives" instead.
[2023-04-10 17:20:24,160][moc][INFO][generic_smbo.py:333] Iter 12, objectives: [-5.089762232368086].
[2023-04-10 17:20:24,161][moc][WARNING][util_funcs.py:111] Provide "objs" in result is deprecated and will be removed in future versions! Please use "objectives" instead.
[2023-04-10 17:20:24,162][moc][INFO][generic_smbo.py:333] Iter 13, objectives: [-1.2025492694358437].
[2023-04-10 17:20:24,163][moc][WARNING][util_funcs.py:111] Provide "objs" in result is deprecated and will be removed in future versions! Please use "objectives" instead.
[2023-04-10 17:20:24,163][moc][INFO][generic_smbo.py:333] Iter 14, objectives: [-0.9588656136153206].
[2023-04-10 17:20:24,165][moc][WARNING][util_funcs.py:111] Provide "objs" in result is deprecated and will be removed in future versions! Please use "objectives" instead.
[2023-04-10 17:20:24,165][moc][INFO][generic_smbo.py:333] Iter 15, objectives: [-0.4710388201552104].
[2023-04-10 17:20:24,167][moc][WARNING][util_funcs.py:111] Provide "objs" in result is deprecated and will be removed in future versions! Please use "objectives" instead.
[2023-04-10 17:20:24,167][moc][INFO][generic_smbo.py:333] Iter 16, objectives: [-0.7327757219278944].
[2023-04-10 17:20:24,169][moc][WARNING][util_funcs.py:111] Provide "objs" in result is deprecated and will be removed in future versions! Please use "objectives" instead.
[2023-04-10 17:20:24,169][moc][INFO][generic_smbo.py:333] Iter 17, objectives: [-47.778900348350234].
[2023-04-10 17:20:24,171][moc][WARNING][util_funcs.py:111] Provide "objs" in result is deprecated and will be removed in future versions! Please use "objectives" instead.
[2023-04-10 17:20:24,172][moc][INFO][generic_smbo.py:333] Iter 18, objectives: [-1.545848124008184].
[2023-04-10 17:20:24,174][moc][WARNING][util_funcs.py:111] Provide "objs" in result is deprecated and will be removed in future versions! Please use "objectives" instead.
[2023-04-10 17:20:24,174][moc][INFO][generic_smbo.py:333] Iter 19, objectives: [-0.7748921647665238].
[2023-04-10 17:20:24,176][moc][WARNING][util_funcs.py:111] Provide "objs" in result is deprecated and will be removed in future versions! Please use "objectives" instead.
[2023-04-10 17:20:24,176][moc][INFO][generic_smbo.py:333] Iter 20, objectives: [-0.5315149989212542].
[2023-04-10 17:20:24,176][moc][WARNING][util_funcs.py:111] Provide "objs" in result is deprecated and will be removed in future versions! Please use "objectives" instead.
[2023-04-10 17:20:24,176][moc][WARNING][util_funcs.py:123] Unused information in result: {'config': [{'data_parallel_size': 3, 'micro_batch_size': 40, 'model_parallel_size': 2, 'num_reticle_per_pipeline_stage': 58, 'tensor_parallel_size': 1}]}
[2023-04-10 17:20:24,177][moc][INFO][generic_smbo.py:418] Iter 1, objectives: [-151.4980190996666].
[2023-04-10 17:20:24,178][moc][WARNING][util_funcs.py:231] Keyword argument "num_objs" is deprecated and will be removed in a future version. Please use "num_objectives" instead.
