[2023-04-10 19:30:24,367][moc][INFO][color_logger.py:203] Logfile: /home/chenyiqi/wafer_scale_chip_dse_framework/logs/moc_2023-04-10-19-30-24-367335.log
[2023-04-10 19:30:24,371][moc][WARNING][util_funcs.py:111] Provide "objs" in result is deprecated and will be removed in future versions! Please use "objectives" instead.
[2023-04-10 19:30:24,371][moc][INFO][generic_smbo.py:352] Iter 1, objectives: [-0.4063833999257416].
[2023-04-10 19:30:24,374][moc][WARNING][util_funcs.py:111] Provide "objs" in result is deprecated and will be removed in future versions! Please use "objectives" instead.
[2023-04-10 19:30:24,374][moc][INFO][generic_smbo.py:352] Iter 2, objectives: [-0.3726110125414881].
[2023-04-10 19:30:24,376][moc][WARNING][util_funcs.py:111] Provide "objs" in result is deprecated and will be removed in future versions! Please use "objectives" instead.
[2023-04-10 19:30:24,376][moc][INFO][generic_smbo.py:352] Iter 3, objectives: [-0.40557214109222].
[2023-04-10 19:30:24,378][moc][WARNING][util_funcs.py:111] Provide "objs" in result is deprecated and will be removed in future versions! Please use "objectives" instead.
[2023-04-10 19:30:24,378][moc][INFO][generic_smbo.py:352] Iter 4, objectives: [-1.1435072670459228].
[2023-04-10 19:30:24,380][moc][WARNING][util_funcs.py:111] Provide "objs" in result is deprecated and will be removed in future versions! Please use "objectives" instead.
[2023-04-10 19:30:24,380][moc][INFO][generic_smbo.py:352] Iter 5, objectives: [-0.34826821695533816].
[2023-04-10 19:30:24,382][moc][WARNING][util_funcs.py:111] Provide "objs" in result is deprecated and will be removed in future versions! Please use "objectives" instead.
[2023-04-10 19:30:24,382][moc][INFO][generic_smbo.py:352] Iter 6, objectives: [-0.7423160411424066].
[2023-04-10 19:30:24,383][moc][WARNING][util_funcs.py:111] Provide "objs" in result is deprecated and will be removed in future versions! Please use "objectives" instead.
[2023-04-10 19:30:24,384][moc][INFO][generic_smbo.py:352] Iter 7, objectives: [-0.6792905209698398].
[2023-04-10 19:30:24,386][moc][WARNING][util_funcs.py:111] Provide "objs" in result is deprecated and will be removed in future versions! Please use "objectives" instead.
[2023-04-10 19:30:24,386][moc][INFO][generic_smbo.py:352] Iter 8, objectives: [-2.407735933268122].
[2023-04-10 19:30:24,388][moc][WARNING][util_funcs.py:111] Provide "objs" in result is deprecated and will be removed in future versions! Please use "objectives" instead.
[2023-04-10 19:30:24,388][moc][INFO][generic_smbo.py:352] Iter 9, objectives: [-0.5816091126389209].
[2023-04-10 19:30:24,390][moc][WARNING][util_funcs.py:111] Provide "objs" in result is deprecated and will be removed in future versions! Please use "objectives" instead.
[2023-04-10 19:30:24,390][moc][INFO][generic_smbo.py:352] Iter 10, objectives: [-0.8256465731730529].
[2023-04-10 19:30:24,392][moc][WARNING][util_funcs.py:111] Provide "objs" in result is deprecated and will be removed in future versions! Please use "objectives" instead.
[2023-04-10 19:30:24,392][moc][INFO][generic_smbo.py:352] Iter 11, objectives: [-1.1695382592165475].
[2023-04-10 19:30:24,394][moc][WARNING][util_funcs.py:111] Provide "objs" in result is deprecated and will be removed in future versions! Please use "objectives" instead.
[2023-04-10 19:30:24,394][moc][INFO][generic_smbo.py:352] Iter 12, objectives: [-0.22975734733642555].
[2023-04-10 19:30:24,396][moc][WARNING][util_funcs.py:111] Provide "objs" in result is deprecated and will be removed in future versions! Please use "objectives" instead.
[2023-04-10 19:30:24,396][moc][INFO][generic_smbo.py:352] Iter 13, objectives: [-0.6512079572700409].
[2023-04-10 19:30:24,399][moc][WARNING][util_funcs.py:111] Provide "objs" in result is deprecated and will be removed in future versions! Please use "objectives" instead.
[2023-04-10 19:30:24,399][moc][INFO][generic_smbo.py:352] Iter 14, objectives: [-1.067437511627383].
[2023-04-10 19:30:24,400][moc][WARNING][util_funcs.py:111] Provide "objs" in result is deprecated and will be removed in future versions! Please use "objectives" instead.
[2023-04-10 19:30:24,401][moc][INFO][generic_smbo.py:352] Iter 15, objectives: [-0.6452313582853074].
[2023-04-10 19:30:24,403][moc][WARNING][util_funcs.py:111] Provide "objs" in result is deprecated and will be removed in future versions! Please use "objectives" instead.
[2023-04-10 19:30:24,403][moc][INFO][generic_smbo.py:352] Iter 16, objectives: [-1.108829441721656].
[2023-04-10 19:30:24,405][moc][WARNING][util_funcs.py:111] Provide "objs" in result is deprecated and will be removed in future versions! Please use "objectives" instead.
[2023-04-10 19:30:24,405][moc][INFO][generic_smbo.py:352] Iter 17, objectives: [-0.42473147371444536].
[2023-04-10 19:30:24,407][moc][WARNING][util_funcs.py:111] Provide "objs" in result is deprecated and will be removed in future versions! Please use "objectives" instead.
[2023-04-10 19:30:24,407][moc][INFO][generic_smbo.py:352] Iter 18, objectives: [-0.6266446765786763].
[2023-04-10 19:30:24,409][moc][WARNING][util_funcs.py:111] Provide "objs" in result is deprecated and will be removed in future versions! Please use "objectives" instead.
[2023-04-10 19:30:24,409][moc][INFO][generic_smbo.py:352] Iter 19, objectives: [-0.8904151868393659].
[2023-04-10 19:30:24,411][moc][WARNING][util_funcs.py:111] Provide "objs" in result is deprecated and will be removed in future versions! Please use "objectives" instead.
[2023-04-10 19:30:24,411][moc][INFO][generic_smbo.py:352] Iter 20, objectives: [-0.35924846488984197].
[2023-04-10 19:30:24,412][moc][WARNING][util_funcs.py:111] Provide "objs" in result is deprecated and will be removed in future versions! Please use "objectives" instead.
[2023-04-10 19:30:24,412][moc][WARNING][util_funcs.py:123] Unused information in result: {'config': [{'data_parallel_size': 1, 'micro_batch_size': 74, 'model_parallel_size': 24, 'num_reticle_per_pipeline_stage': 1, 'tensor_parallel_size': 6}]}
[2023-04-10 19:30:24,412][moc][INFO][generic_smbo.py:437] Iter 5, objectives: [-2.407735933268122].
[2023-04-10 19:30:24,413][moc][WARNING][util_funcs.py:231] Keyword argument "num_objs" is deprecated and will be removed in a future version. Please use "num_objectives" instead.
