[2023-04-10 16:50:01,970][moc][INFO][color_logger.py:203] Logfile: /home/chenyiqi/wafer_scale_chip_dse_framework/logs/moc_2023-04-10-16-50-01-970163.log
[2023-04-10 16:50:01,976][moc][WARNING][util_funcs.py:111] Provide "objs" in result is deprecated and will be removed in future versions! Please use "objectives" instead.
[2023-04-10 16:50:01,976][moc][INFO][generic_smbo.py:333] Iter 1, objectives: [-1.2316516547565137].
[2023-04-10 16:50:01,980][moc][WARNING][util_funcs.py:111] Provide "objs" in result is deprecated and will be removed in future versions! Please use "objectives" instead.
[2023-04-10 16:50:01,980][moc][INFO][generic_smbo.py:333] Iter 2, objectives: [-0.6813880539124125].
[2023-04-10 16:50:01,984][moc][WARNING][util_funcs.py:111] Provide "objs" in result is deprecated and will be removed in future versions! Please use "objectives" instead.
[2023-04-10 16:50:01,984][moc][INFO][generic_smbo.py:333] Iter 3, objectives: [-1.016729689184878].
[2023-04-10 16:50:01,988][moc][WARNING][util_funcs.py:111] Provide "objs" in result is deprecated and will be removed in future versions! Please use "objectives" instead.
[2023-04-10 16:50:01,988][moc][INFO][generic_smbo.py:333] Iter 4, objectives: [-0.7381582490270225].
[2023-04-10 16:50:01,992][moc][WARNING][util_funcs.py:111] Provide "objs" in result is deprecated and will be removed in future versions! Please use "objectives" instead.
[2023-04-10 16:50:01,992][moc][INFO][generic_smbo.py:333] Iter 5, objectives: [-2.4271118801087033].
[2023-04-10 16:50:01,996][moc][WARNING][util_funcs.py:111] Provide "objs" in result is deprecated and will be removed in future versions! Please use "objectives" instead.
[2023-04-10 16:50:01,996][moc][INFO][generic_smbo.py:333] Iter 6, objectives: [-1.9050418271116087].
[2023-04-10 16:50:02,000][moc][WARNING][util_funcs.py:111] Provide "objs" in result is deprecated and will be removed in future versions! Please use "objectives" instead.
[2023-04-10 16:50:02,000][moc][INFO][generic_smbo.py:333] Iter 7, objectives: [-1.7846181178433833].
[2023-04-10 16:50:02,004][moc][WARNING][util_funcs.py:111] Provide "objs" in result is deprecated and will be removed in future versions! Please use "objectives" instead.
[2023-04-10 16:50:02,004][moc][INFO][generic_smbo.py:333] Iter 8, objectives: [-19.124535860581116].
[2023-04-10 16:50:02,008][moc][WARNING][util_funcs.py:111] Provide "objs" in result is deprecated and will be removed in future versions! Please use "objectives" instead.
[2023-04-10 16:50:02,008][moc][INFO][generic_smbo.py:333] Iter 9, objectives: [-1.95534489030171].
[2023-04-10 16:50:02,012][moc][WARNING][util_funcs.py:111] Provide "objs" in result is deprecated and will be removed in future versions! Please use "objectives" instead.
[2023-04-10 16:50:02,012][moc][INFO][generic_smbo.py:333] Iter 10, objectives: [-0.41278329333214836].
[2023-04-10 16:50:02,012][moc][WARNING][util_funcs.py:111] Provide "objs" in result is deprecated and will be removed in future versions! Please use "objectives" instead.
[2023-04-10 16:50:02,013][moc][WARNING][util_funcs.py:123] Unused information in result: {'config': [Configuration(values={
  'data_parallel_size': 7,
  'micro_batch_size': 71,
  'model_parallel_size': 2,
  'num_reticle_per_pipeline_stage': 84,
  'tensor_parallel_size': 1,
})
]}
[2023-04-10 16:50:02,013][moc][INFO][generic_smbo.py:418] Iter 19, objectives: [-19.124535860581116].
[2023-04-10 16:50:06,219][moc][WARNING][util_funcs.py:231] Keyword argument "num_objs" is deprecated and will be removed in a future version. Please use "num_objectives" instead.
