[2023-04-09 19:24:46,784][moc][INFO][color_logger.py:203] Logfile: /home/chenyiqi/wafer_scale_chip_dse_framework/logs/moc_2023-04-09-19-24-46-784178.log
[2023-04-09 19:24:46,787][moc][INFO][generic_advisor.py:157] [BO auto selection]  acq_type: ei.
[2023-04-09 19:24:47,563][moc][WARNING][util_funcs.py:111] Provide "objs" in result is deprecated and will be removed in future versions! Please use "objectives" instead.
[2023-04-09 19:24:47,565][moc][INFO][generic_smbo.py:332] Iter 1, objectives: [-0.011575342365812934].
[2023-04-09 19:24:47,748][moc][WARNING][util_funcs.py:111] Provide "objs" in result is deprecated and will be removed in future versions! Please use "objectives" instead.
[2023-04-09 19:24:47,748][moc][INFO][generic_smbo.py:332] Iter 2, objectives: [-0.011575321945225646].
[2023-04-09 19:24:48,009][moc][WARNING][util_funcs.py:111] Provide "objs" in result is deprecated and will be removed in future versions! Please use "objectives" instead.
[2023-04-09 19:24:48,009][moc][INFO][generic_smbo.py:332] Iter 3, objectives: [-0.008681801131083317].
[2023-04-09 19:24:48,163][moc][WARNING][util_funcs.py:111] Provide "objs" in result is deprecated and will be removed in future versions! Please use "objectives" instead.
[2023-04-09 19:24:48,164][moc][INFO][generic_smbo.py:332] Iter 4, objectives: [-0.017361703723931553].
[2023-04-09 19:24:49,704][moc][WARNING][util_funcs.py:111] Provide "objs" in result is deprecated and will be removed in future versions! Please use "objectives" instead.
[2023-04-09 19:24:49,706][moc][INFO][generic_smbo.py:332] Iter 5, objectives: [-0.002671518158645333].
[2023-04-09 19:24:49,962][moc][WARNING][util_funcs.py:111] Provide "objs" in result is deprecated and will be removed in future versions! Please use "objectives" instead.
[2023-04-09 19:24:49,963][moc][INFO][generic_smbo.py:332] Iter 6, objectives: [-0.01157532853101141].
[2023-04-09 19:24:49,964][moc][INFO][generic_advisor.py:365] Sample random config. rand_prob=0.100000.
[2023-04-09 19:24:50,161][moc][WARNING][util_funcs.py:111] Provide "objs" in result is deprecated and will be removed in future versions! Please use "objectives" instead.
[2023-04-09 19:24:50,162][moc][INFO][generic_smbo.py:332] Iter 7, objectives: [-0.011575308146460727].
[2023-04-09 19:24:51,182][moc][WARNING][util_funcs.py:111] Provide "objs" in result is deprecated and will be removed in future versions! Please use "objectives" instead.
[2023-04-09 19:24:51,183][moc][INFO][generic_smbo.py:332] Iter 8, objectives: [-0.017361703723931553].
[2023-04-09 19:24:51,184][moc][INFO][generic_advisor.py:365] Sample random config. rand_prob=0.100000.
[2023-04-09 19:24:52,620][moc][WARNING][util_funcs.py:111] Provide "objs" in result is deprecated and will be removed in future versions! Please use "objectives" instead.
[2023-04-09 19:24:52,621][moc][INFO][generic_smbo.py:332] Iter 9, objectives: [-0.008681808701423438].
[2023-04-09 19:24:53,519][moc][WARNING][util_funcs.py:111] Provide "objs" in result is deprecated and will be removed in future versions! Please use "objectives" instead.
[2023-04-09 19:24:53,521][moc][INFO][generic_smbo.py:332] Iter 10, objectives: [-0.011575303128736187].
[2023-04-09 19:24:55,115][moc][WARNING][util_funcs.py:111] Provide "objs" in result is deprecated and will be removed in future versions! Please use "objectives" instead.
[2023-04-09 19:24:55,116][moc][INFO][generic_smbo.py:332] Iter 11, objectives: [-0.017361703723931553].
[2023-04-09 19:24:56,675][moc][WARNING][util_funcs.py:111] Provide "objs" in result is deprecated and will be removed in future versions! Please use "objectives" instead.
[2023-04-09 19:24:56,676][moc][INFO][generic_smbo.py:332] Iter 12, objectives: [-0.017361703723931553].
[2023-04-09 19:24:57,920][moc][WARNING][util_funcs.py:111] Provide "objs" in result is deprecated and will be removed in future versions! Please use "objectives" instead.
[2023-04-09 19:24:57,921][moc][INFO][generic_smbo.py:332] Iter 13, objectives: [-0.017361703723931553].
[2023-04-09 19:24:59,077][moc][WARNING][util_funcs.py:111] Provide "objs" in result is deprecated and will be removed in future versions! Please use "objectives" instead.
[2023-04-09 19:24:59,078][moc][INFO][generic_smbo.py:332] Iter 14, objectives: [-0.017361703723931553].
[2023-04-09 19:25:00,642][moc][WARNING][util_funcs.py:111] Provide "objs" in result is deprecated and will be removed in future versions! Please use "objectives" instead.
[2023-04-09 19:25:00,643][moc][INFO][generic_smbo.py:332] Iter 15, objectives: [-0.017361762987438745].
[2023-04-09 19:25:01,916][moc][WARNING][util_funcs.py:111] Provide "objs" in result is deprecated and will be removed in future versions! Please use "objectives" instead.
[2023-04-09 19:25:01,917][moc][INFO][generic_smbo.py:332] Iter 16, objectives: [-0.017361762987438745].
[2023-04-09 19:25:03,595][moc][WARNING][util_funcs.py:111] Provide "objs" in result is deprecated and will be removed in future versions! Please use "objectives" instead.
[2023-04-09 19:25:03,604][moc][INFO][generic_smbo.py:332] Iter 17, objectives: [-0.017361762987438745].
[2023-04-09 19:25:05,113][moc][WARNING][util_funcs.py:111] Provide "objs" in result is deprecated and will be removed in future versions! Please use "objectives" instead.
[2023-04-09 19:25:05,114][moc][INFO][generic_smbo.py:332] Iter 18, objectives: [-0.017361762987438745].
[2023-04-09 19:25:07,113][moc][WARNING][util_funcs.py:111] Provide "objs" in result is deprecated and will be removed in future versions! Please use "objectives" instead.
[2023-04-09 19:25:07,115][moc][INFO][generic_smbo.py:332] Iter 19, objectives: [-0.017361762987438745].
[2023-04-09 19:25:08,824][moc][WARNING][util_funcs.py:111] Provide "objs" in result is deprecated and will be removed in future versions! Please use "objectives" instead.
[2023-04-09 19:25:08,826][moc][INFO][generic_smbo.py:332] Iter 20, objectives: [-0.017361762987438745].
