[2023-04-10 16:50:04,475][moc][INFO][color_logger.py:203] Logfile: /home/chenyiqi/wafer_scale_chip_dse_framework/logs/moc_2023-04-10-16-50-04-475203.log
[2023-04-10 16:50:05,160][moc][WARNING][util_funcs.py:111] Provide "objs" in result is deprecated and will be removed in future versions! Please use "objectives" instead.
[2023-04-10 16:50:05,160][moc][INFO][generic_smbo.py:333] Iter 1, objectives: [-0.6134491724291998].
[2023-04-10 16:50:05,835][moc][WARNING][util_funcs.py:111] Provide "objs" in result is deprecated and will be removed in future versions! Please use "objectives" instead.
[2023-04-10 16:50:05,835][moc][INFO][generic_smbo.py:333] Iter 2, objectives: [-0.325891299883281].
[2023-04-10 16:50:06,437][moc][WARNING][util_funcs.py:111] Provide "objs" in result is deprecated and will be removed in future versions! Please use "objectives" instead.
[2023-04-10 16:50:06,437][moc][INFO][generic_smbo.py:333] Iter 3, objectives: [-1.3824294771040544].
[2023-04-10 16:50:07,165][moc][WARNING][util_funcs.py:111] Provide "objs" in result is deprecated and will be removed in future versions! Please use "objectives" instead.
[2023-04-10 16:50:07,165][moc][INFO][generic_smbo.py:333] Iter 4, objectives: [-0.9040971663432519].
[2023-04-10 16:50:07,832][moc][WARNING][util_funcs.py:111] Provide "objs" in result is deprecated and will be removed in future versions! Please use "objectives" instead.
[2023-04-10 16:50:07,833][moc][INFO][generic_smbo.py:333] Iter 5, objectives: [-0.08761894431080479].
[2023-04-10 16:50:08,366][moc][WARNING][util_funcs.py:111] Provide "objs" in result is deprecated and will be removed in future versions! Please use "objectives" instead.
[2023-04-10 16:50:08,366][moc][INFO][generic_smbo.py:333] Iter 6, objectives: [-1.0715621807720612].
[2023-04-10 16:50:08,948][moc][WARNING][util_funcs.py:111] Provide "objs" in result is deprecated and will be removed in future versions! Please use "objectives" instead.
[2023-04-10 16:50:08,948][moc][INFO][generic_smbo.py:333] Iter 7, objectives: [-4.650500925705385].
[2023-04-10 16:50:09,593][moc][WARNING][util_funcs.py:111] Provide "objs" in result is deprecated and will be removed in future versions! Please use "objectives" instead.
[2023-04-10 16:50:09,593][moc][INFO][generic_smbo.py:333] Iter 8, objectives: [-0.5070026793894198].
[2023-04-10 16:50:10,221][moc][WARNING][util_funcs.py:111] Provide "objs" in result is deprecated and will be removed in future versions! Please use "objectives" instead.
[2023-04-10 16:50:10,221][moc][INFO][generic_smbo.py:333] Iter 9, objectives: [-0.7938829482750458].
[2023-04-10 16:50:10,741][moc][WARNING][util_funcs.py:111] Provide "objs" in result is deprecated and will be removed in future versions! Please use "objectives" instead.
[2023-04-10 16:50:10,742][moc][INFO][generic_smbo.py:333] Iter 10, objectives: [-1.4070197431102418].
[2023-04-10 16:50:10,742][moc][WARNING][util_funcs.py:111] Provide "objs" in result is deprecated and will be removed in future versions! Please use "objectives" instead.
[2023-04-10 16:50:10,742][moc][WARNING][util_funcs.py:123] Unused information in result: {'config': [Configuration(values={
  'data_parallel_size': 3,
  'micro_batch_size': 57,
  'model_parallel_size': 12,
  'num_reticle_per_pipeline_stage': 39,
  'tensor_parallel_size': 4,
})
]}
[2023-04-10 16:50:10,743][moc][INFO][generic_smbo.py:418] Iter 18, objectives: [-4.650500925705385].
[2023-04-10 16:50:15,347][moc][WARNING][util_funcs.py:231] Keyword argument "num_objs" is deprecated and will be removed in a future version. Please use "num_objectives" instead.
