[2023-04-09 19:02:11,205][moc][INFO][color_logger.py:203] Logfile: /home/chenyiqi/wafer_scale_chip_dse_framework/logs/moc_2023-04-09-19-02-11-203358.log
[2023-04-09 19:02:11,208][moc][INFO][generic_advisor.py:157] [BO auto selection]  acq_type: ei.
[2023-04-09 19:02:11,410][moc][WARNING][util_funcs.py:111] Provide "objs" in result is deprecated and will be removed in future versions! Please use "objectives" instead.
[2023-04-09 19:02:11,411][moc][INFO][generic_smbo.py:332] Iter 1, objectives: [-0.011575308146460727].
[2023-04-09 19:02:11,622][moc][WARNING][util_funcs.py:111] Provide "objs" in result is deprecated and will be removed in future versions! Please use "objectives" instead.
[2023-04-09 19:02:11,623][moc][INFO][generic_smbo.py:332] Iter 2, objectives: [-0.008681800002011715].
[2023-04-09 19:02:11,969][moc][WARNING][util_funcs.py:111] Provide "objs" in result is deprecated and will be removed in future versions! Please use "objectives" instead.
[2023-04-09 19:02:11,970][moc][INFO][generic_smbo.py:332] Iter 3, objectives: [-0.008681804179578105].
[2023-04-09 19:02:12,322][moc][WARNING][util_funcs.py:111] Provide "objs" in result is deprecated and will be removed in future versions! Please use "objectives" instead.
[2023-04-09 19:02:12,323][moc][INFO][generic_smbo.py:332] Iter 4, objectives: [-0.00868180451829988].
[2023-04-09 19:02:12,494][moc][WARNING][util_funcs.py:111] Provide "objs" in result is deprecated and will be removed in future versions! Please use "objectives" instead.
[2023-04-09 19:02:12,495][moc][INFO][generic_smbo.py:332] Iter 5, objectives: [-0.017361743232891393].
[2023-04-09 19:02:12,827][moc][WARNING][util_funcs.py:111] Provide "objs" in result is deprecated and will be removed in future versions! Please use "objectives" instead.
[2023-04-09 19:02:12,829][moc][INFO][generic_smbo.py:332] Iter 6, objectives: [-0.017361790643880562].
[2023-04-09 19:02:12,830][moc][INFO][generic_advisor.py:365] Sample random config. rand_prob=0.100000.
[2023-04-09 19:02:13,028][moc][WARNING][util_funcs.py:111] Provide "objs" in result is deprecated and will be removed in future versions! Please use "objectives" instead.
[2023-04-09 19:02:13,029][moc][INFO][generic_smbo.py:332] Iter 7, objectives: [-0.011575313164189619].
[2023-04-09 19:02:14,055][moc][WARNING][util_funcs.py:111] Provide "objs" in result is deprecated and will be removed in future versions! Please use "objectives" instead.
[2023-04-09 19:02:14,056][moc][INFO][generic_smbo.py:332] Iter 8, objectives: [-0.01736178274203105].
[2023-04-09 19:02:15,003][moc][WARNING][util_funcs.py:111] Provide "objs" in result is deprecated and will be removed in future versions! Please use "objectives" instead.
[2023-04-09 19:02:15,004][moc][INFO][generic_smbo.py:332] Iter 9, objectives: [-0.017361774840188735].
[2023-04-09 19:02:16,030][moc][WARNING][util_funcs.py:111] Provide "objs" in result is deprecated and will be removed in future versions! Please use "objectives" instead.
[2023-04-09 19:02:16,030][moc][INFO][generic_smbo.py:332] Iter 10, objectives: [-0.017361769572297854].
[2023-04-09 19:02:16,947][moc][WARNING][util_funcs.py:111] Provide "objs" in result is deprecated and will be removed in future versions! Please use "objectives" instead.
[2023-04-09 19:02:16,947][moc][INFO][generic_smbo.py:332] Iter 11, objectives: [-0.017361766473540003].
[2023-04-09 19:02:19,199][moc][WARNING][util_funcs.py:111] Provide "objs" in result is deprecated and will be removed in future versions! Please use "objectives" instead.
[2023-04-09 19:02:19,199][moc][INFO][generic_smbo.py:332] Iter 12, objectives: [-0.01736178955396985].
[2023-04-09 19:02:20,640][moc][WARNING][util_funcs.py:111] Provide "objs" in result is deprecated and will be removed in future versions! Please use "objectives" instead.
[2023-04-09 19:02:20,641][moc][INFO][generic_smbo.py:332] Iter 13, objectives: [-0.017361785781203086].
[2023-04-09 19:02:22,713][moc][WARNING][util_funcs.py:111] Provide "objs" in result is deprecated and will be removed in future versions! Please use "objectives" instead.
[2023-04-09 19:02:22,714][moc][INFO][generic_smbo.py:332] Iter 14, objectives: [-0.01736178102423863].
[2023-04-09 19:02:24,174][moc][WARNING][util_funcs.py:111] Provide "objs" in result is deprecated and will be removed in future versions! Please use "objectives" instead.
[2023-04-09 19:02:24,175][moc][INFO][generic_smbo.py:332] Iter 15, objectives: [-0.017361769572297854].
[2023-04-09 19:02:25,805][moc][WARNING][util_funcs.py:111] Provide "objs" in result is deprecated and will be removed in future versions! Please use "objectives" instead.
[2023-04-09 19:02:25,806][moc][INFO][generic_smbo.py:332] Iter 16, objectives: [-0.017361736049430775].
[2023-04-09 19:02:27,025][moc][WARNING][util_funcs.py:111] Provide "objs" in result is deprecated and will be removed in future versions! Please use "objectives" instead.
[2023-04-09 19:02:27,026][moc][INFO][generic_smbo.py:332] Iter 17, objectives: [-0.017361743232891393].
[2023-04-09 19:02:28,669][moc][WARNING][util_funcs.py:111] Provide "objs" in result is deprecated and will be removed in future versions! Please use "objectives" instead.
[2023-04-09 19:02:28,670][moc][INFO][generic_smbo.py:332] Iter 18, objectives: [-0.01736179261934406].
[2023-04-09 19:02:29,741][moc][WARNING][util_funcs.py:111] Provide "objs" in result is deprecated and will be removed in future versions! Please use "objectives" instead.
[2023-04-09 19:02:29,742][moc][INFO][generic_smbo.py:332] Iter 19, objectives: [-0.017361762987438745].
[2023-04-09 19:02:31,265][moc][WARNING][util_funcs.py:111] Provide "objs" in result is deprecated and will be removed in future versions! Please use "objectives" instead.
[2023-04-09 19:02:31,266][moc][INFO][generic_smbo.py:332] Iter 20, objectives: [-0.011575329273769672].
