[2023-04-10 17:17:55,248][moc][INFO][color_logger.py:203] Logfile: /home/chenyiqi/wafer_scale_chip_dse_framework/logs/moc_2023-04-10-17-17-55-248475.log
[2023-04-10 17:17:55,433][moc][WARNING][util_funcs.py:111] Provide "objs" in result is deprecated and will be removed in future versions! Please use "objectives" instead.
[2023-04-10 17:17:55,434][moc][INFO][generic_smbo.py:333] Iter 1, objectives: [-1.2464110109174205].
[2023-04-10 17:17:55,619][moc][WARNING][util_funcs.py:111] Provide "objs" in result is deprecated and will be removed in future versions! Please use "objectives" instead.
[2023-04-10 17:17:55,619][moc][INFO][generic_smbo.py:333] Iter 2, objectives: [-0.9213523008134831].
[2023-04-10 17:17:55,808][moc][WARNING][util_funcs.py:111] Provide "objs" in result is deprecated and will be removed in future versions! Please use "objectives" instead.
[2023-04-10 17:17:55,808][moc][INFO][generic_smbo.py:333] Iter 3, objectives: [-0.4442746813512099].
[2023-04-10 17:17:55,931][moc][WARNING][util_funcs.py:111] Provide "objs" in result is deprecated and will be removed in future versions! Please use "objectives" instead.
[2023-04-10 17:17:55,931][moc][INFO][generic_smbo.py:333] Iter 4, objectives: [-1.676831545674296].
[2023-04-10 17:17:56,085][moc][WARNING][util_funcs.py:111] Provide "objs" in result is deprecated and will be removed in future versions! Please use "objectives" instead.
[2023-04-10 17:17:56,085][moc][INFO][generic_smbo.py:333] Iter 5, objectives: [-11.937775242532814].
[2023-04-10 17:17:56,255][moc][WARNING][util_funcs.py:111] Provide "objs" in result is deprecated and will be removed in future versions! Please use "objectives" instead.
[2023-04-10 17:17:56,255][moc][INFO][generic_smbo.py:333] Iter 6, objectives: [-1.8364230439565143].
[2023-04-10 17:17:56,423][moc][WARNING][util_funcs.py:111] Provide "objs" in result is deprecated and will be removed in future versions! Please use "objectives" instead.
[2023-04-10 17:17:56,423][moc][INFO][generic_smbo.py:333] Iter 7, objectives: [-0.8257002888448255].
[2023-04-10 17:17:56,572][moc][WARNING][util_funcs.py:111] Provide "objs" in result is deprecated and will be removed in future versions! Please use "objectives" instead.
[2023-04-10 17:17:56,573][moc][INFO][generic_smbo.py:333] Iter 8, objectives: [-7.186058511155744].
[2023-04-10 17:17:56,694][moc][WARNING][util_funcs.py:111] Provide "objs" in result is deprecated and will be removed in future versions! Please use "objectives" instead.
[2023-04-10 17:17:56,695][moc][INFO][generic_smbo.py:333] Iter 9, objectives: [-21.94531087421819].
[2023-04-10 17:17:56,829][moc][WARNING][util_funcs.py:111] Provide "objs" in result is deprecated and will be removed in future versions! Please use "objectives" instead.
[2023-04-10 17:17:56,830][moc][INFO][generic_smbo.py:333] Iter 10, objectives: [-1.1448038356425059].
[2023-04-10 17:17:57,146][moc][WARNING][util_funcs.py:111] Provide "objs" in result is deprecated and will be removed in future versions! Please use "objectives" instead.
[2023-04-10 17:17:57,146][moc][INFO][generic_smbo.py:333] Iter 11, objectives: [-1.3202666593759058].
[2023-04-10 17:17:57,354][moc][WARNING][util_funcs.py:111] Provide "objs" in result is deprecated and will be removed in future versions! Please use "objectives" instead.
[2023-04-10 17:17:57,354][moc][INFO][generic_smbo.py:333] Iter 12, objectives: [-0.16318720622835478].
[2023-04-10 17:17:57,536][moc][WARNING][util_funcs.py:111] Provide "objs" in result is deprecated and will be removed in future versions! Please use "objectives" instead.
[2023-04-10 17:17:57,536][moc][INFO][generic_smbo.py:333] Iter 13, objectives: [-0.4429858322141164].
[2023-04-10 17:17:57,678][moc][WARNING][util_funcs.py:111] Provide "objs" in result is deprecated and will be removed in future versions! Please use "objectives" instead.
[2023-04-10 17:17:57,678][moc][INFO][generic_smbo.py:333] Iter 14, objectives: [-5.780876054617837].
[2023-04-10 17:17:57,798][moc][WARNING][util_funcs.py:111] Provide "objs" in result is deprecated and will be removed in future versions! Please use "objectives" instead.
[2023-04-10 17:17:57,798][moc][INFO][generic_smbo.py:333] Iter 15, objectives: [-10.30755128219511].
[2023-04-10 17:17:57,925][moc][WARNING][util_funcs.py:111] Provide "objs" in result is deprecated and will be removed in future versions! Please use "objectives" instead.
[2023-04-10 17:17:57,925][moc][INFO][generic_smbo.py:333] Iter 16, objectives: [-9.637535035595283].
[2023-04-10 17:17:58,038][moc][WARNING][util_funcs.py:111] Provide "objs" in result is deprecated and will be removed in future versions! Please use "objectives" instead.
[2023-04-10 17:17:58,038][moc][INFO][generic_smbo.py:333] Iter 17, objectives: [-21.118876292633253].
[2023-04-10 17:17:58,342][moc][WARNING][util_funcs.py:111] Provide "objs" in result is deprecated and will be removed in future versions! Please use "objectives" instead.
[2023-04-10 17:17:58,343][moc][INFO][generic_smbo.py:333] Iter 18, objectives: [-0.3963913645251981].
[2023-04-10 17:17:58,535][moc][WARNING][util_funcs.py:111] Provide "objs" in result is deprecated and will be removed in future versions! Please use "objectives" instead.
[2023-04-10 17:17:58,536][moc][INFO][generic_smbo.py:333] Iter 19, objectives: [-0.7387553086905824].
[2023-04-10 17:17:58,670][moc][WARNING][util_funcs.py:111] Provide "objs" in result is deprecated and will be removed in future versions! Please use "objectives" instead.
[2023-04-10 17:17:58,670][moc][INFO][generic_smbo.py:333] Iter 20, objectives: [-19.44422443574912].
[2023-04-10 17:17:58,670][moc][WARNING][util_funcs.py:111] Provide "objs" in result is deprecated and will be removed in future versions! Please use "objectives" instead.
[2023-04-10 17:17:58,671][moc][WARNING][util_funcs.py:123] Unused information in result: {'config': [{'data_parallel_size': 11, 'micro_batch_size': 41, 'model_parallel_size': 8, 'num_reticle_per_pipeline_stage': 281, 'tensor_parallel_size': 1}]}
[2023-04-10 17:17:58,671][moc][INFO][generic_smbo.py:418] Iter 12, objectives: [-21.94531087421819].
[2023-04-10 17:17:58,671][moc][INFO][mf_advisor.py:411] Sample random config. rand_prob=0.100000.
[2023-04-10 17:17:58,673][moc][WARNING][util_funcs.py:231] Keyword argument "num_objs" is deprecated and will be removed in a future version. Please use "num_objectives" instead.
