[2023-04-10 16:47:35,124][moc][INFO][color_logger.py:203] Logfile: /home/chenyiqi/wafer_scale_chip_dse_framework/logs/moc_2023-04-10-16-47-35-124720.log
[2023-04-10 16:47:35,248][moc][WARNING][util_funcs.py:111] Provide "objs" in result is deprecated and will be removed in future versions! Please use "objectives" instead.
[2023-04-10 16:47:35,248][moc][INFO][generic_smbo.py:333] Iter 1, objectives: [-4.735988513816867].
[2023-04-10 16:47:35,332][moc][WARNING][util_funcs.py:111] Provide "objs" in result is deprecated and will be removed in future versions! Please use "objectives" instead.
[2023-04-10 16:47:35,332][moc][INFO][generic_smbo.py:333] Iter 2, objectives: [-3.8626416842417775].
[2023-04-10 16:47:35,540][moc][WARNING][util_funcs.py:111] Provide "objs" in result is deprecated and will be removed in future versions! Please use "objectives" instead.
[2023-04-10 16:47:35,540][moc][INFO][generic_smbo.py:333] Iter 3, objectives: [-2.3043183030134853].
[2023-04-10 16:47:35,661][moc][WARNING][util_funcs.py:111] Provide "objs" in result is deprecated and will be removed in future versions! Please use "objectives" instead.
[2023-04-10 16:47:35,661][moc][INFO][generic_smbo.py:333] Iter 4, objectives: [-0.2712081546212272].
[2023-04-10 16:47:35,792][moc][WARNING][util_funcs.py:111] Provide "objs" in result is deprecated and will be removed in future versions! Please use "objectives" instead.
[2023-04-10 16:47:35,792][moc][INFO][generic_smbo.py:333] Iter 5, objectives: [-0.5309786401252814].
[2023-04-10 16:47:35,915][moc][WARNING][util_funcs.py:111] Provide "objs" in result is deprecated and will be removed in future versions! Please use "objectives" instead.
[2023-04-10 16:47:35,916][moc][INFO][generic_smbo.py:333] Iter 6, objectives: [-1.8845725195411152].
[2023-04-10 16:47:36,036][moc][WARNING][util_funcs.py:111] Provide "objs" in result is deprecated and will be removed in future versions! Please use "objectives" instead.
[2023-04-10 16:47:36,037][moc][INFO][generic_smbo.py:333] Iter 7, objectives: [-3.2094023964527354].
[2023-04-10 16:47:36,142][moc][WARNING][util_funcs.py:111] Provide "objs" in result is deprecated and will be removed in future versions! Please use "objectives" instead.
[2023-04-10 16:47:36,142][moc][INFO][generic_smbo.py:333] Iter 8, objectives: [-4.082961633150261].
[2023-04-10 16:47:36,249][moc][WARNING][util_funcs.py:111] Provide "objs" in result is deprecated and will be removed in future versions! Please use "objectives" instead.
[2023-04-10 16:47:36,250][moc][INFO][generic_smbo.py:333] Iter 9, objectives: [-1.9069198648943637].
[2023-04-10 16:47:36,341][moc][WARNING][util_funcs.py:111] Provide "objs" in result is deprecated and will be removed in future versions! Please use "objectives" instead.
[2023-04-10 16:47:36,341][moc][INFO][generic_smbo.py:333] Iter 10, objectives: [-2.5275219286367547].
[2023-04-10 16:47:36,341][moc][WARNING][util_funcs.py:111] Provide "objs" in result is deprecated and will be removed in future versions! Please use "objectives" instead.
[2023-04-10 16:47:36,341][moc][WARNING][util_funcs.py:123] Unused information in result: {'config': [Configuration(values={
  'data_parallel_size': 23,
  'micro_batch_size': 11,
  'model_parallel_size': 8,
  'num_reticle_per_pipeline_stage': 19,
  'tensor_parallel_size': 6,
})
]}
[2023-04-10 16:47:36,342][moc][INFO][generic_smbo.py:418] Iter 6, objectives: [-4.735988513816867].
[2023-04-10 16:47:36,342][moc][WARNING][mf_advisor.py:421] No enough successful initial trials! Sample random configuration.
[2023-04-10 16:47:36,343][moc][WARNING][util_funcs.py:231] Keyword argument "num_objs" is deprecated and will be removed in a future version. Please use "num_objectives" instead.
