[2023-04-10 17:07:47,084][moc][INFO][color_logger.py:203] Logfile: /home/chenyiqi/wafer_scale_chip_dse_framework/logs/moc_2023-04-10-17-07-47-083797.log
[2023-04-10 17:07:47,299][moc][WARNING][util_funcs.py:111] Provide "objs" in result is deprecated and will be removed in future versions! Please use "objectives" instead.
[2023-04-10 17:07:47,299][moc][INFO][generic_smbo.py:333] Iter 1, objectives: [-4.374933296138974].
[2023-04-10 17:07:47,353][moc][WARNING][util_funcs.py:111] Provide "objs" in result is deprecated and will be removed in future versions! Please use "objectives" instead.
[2023-04-10 17:07:47,353][moc][INFO][generic_smbo.py:333] Iter 2, objectives: [-35.08059551917354].
[2023-04-10 17:07:47,467][moc][WARNING][util_funcs.py:111] Provide "objs" in result is deprecated and will be removed in future versions! Please use "objectives" instead.
[2023-04-10 17:07:47,467][moc][INFO][generic_smbo.py:333] Iter 3, objectives: [-0.6397211610015827].
[2023-04-10 17:07:47,554][moc][WARNING][util_funcs.py:111] Provide "objs" in result is deprecated and will be removed in future versions! Please use "objectives" instead.
[2023-04-10 17:07:47,554][moc][INFO][generic_smbo.py:333] Iter 4, objectives: [-5.094891608966227].
[2023-04-10 17:07:47,654][moc][WARNING][util_funcs.py:111] Provide "objs" in result is deprecated and will be removed in future versions! Please use "objectives" instead.
[2023-04-10 17:07:47,654][moc][INFO][generic_smbo.py:333] Iter 5, objectives: [-6.340333481845143].
[2023-04-10 17:07:47,785][moc][WARNING][util_funcs.py:111] Provide "objs" in result is deprecated and will be removed in future versions! Please use "objectives" instead.
[2023-04-10 17:07:47,786][moc][INFO][generic_smbo.py:333] Iter 6, objectives: [-3.3565492688587155].
[2023-04-10 17:07:47,928][moc][WARNING][util_funcs.py:111] Provide "objs" in result is deprecated and will be removed in future versions! Please use "objectives" instead.
[2023-04-10 17:07:47,929][moc][INFO][generic_smbo.py:333] Iter 7, objectives: [-18.496325120530933].
[2023-04-10 17:07:48,028][moc][WARNING][util_funcs.py:111] Provide "objs" in result is deprecated and will be removed in future versions! Please use "objectives" instead.
[2023-04-10 17:07:48,028][moc][INFO][generic_smbo.py:333] Iter 8, objectives: [-0.7786213151166375].
[2023-04-10 17:07:48,109][moc][WARNING][util_funcs.py:111] Provide "objs" in result is deprecated and will be removed in future versions! Please use "objectives" instead.
[2023-04-10 17:07:48,109][moc][INFO][generic_smbo.py:333] Iter 9, objectives: [-2.816737848670764].
[2023-04-10 17:07:48,220][moc][WARNING][util_funcs.py:111] Provide "objs" in result is deprecated and will be removed in future versions! Please use "objectives" instead.
[2023-04-10 17:07:48,221][moc][INFO][generic_smbo.py:333] Iter 10, objectives: [-7.4404242256085835].
[2023-04-10 17:07:48,325][moc][WARNING][util_funcs.py:111] Provide "objs" in result is deprecated and will be removed in future versions! Please use "objectives" instead.
[2023-04-10 17:07:48,325][moc][INFO][generic_smbo.py:333] Iter 11, objectives: [-7.416616706009753].
[2023-04-10 17:07:48,396][moc][WARNING][util_funcs.py:111] Provide "objs" in result is deprecated and will be removed in future versions! Please use "objectives" instead.
[2023-04-10 17:07:48,397][moc][INFO][generic_smbo.py:333] Iter 12, objectives: [-8.643274232698515].
[2023-04-10 17:07:48,472][moc][WARNING][util_funcs.py:111] Provide "objs" in result is deprecated and will be removed in future versions! Please use "objectives" instead.
[2023-04-10 17:07:48,473][moc][INFO][generic_smbo.py:333] Iter 13, objectives: [-6.363618533215201].
[2023-04-10 17:07:48,670][moc][WARNING][util_funcs.py:111] Provide "objs" in result is deprecated and will be removed in future versions! Please use "objectives" instead.
[2023-04-10 17:07:48,670][moc][INFO][generic_smbo.py:333] Iter 14, objectives: [-2.3871938242493664].
[2023-04-10 17:07:48,786][moc][WARNING][util_funcs.py:111] Provide "objs" in result is deprecated and will be removed in future versions! Please use "objectives" instead.
[2023-04-10 17:07:48,786][moc][INFO][generic_smbo.py:333] Iter 15, objectives: [-1.5108249520016956].
[2023-04-10 17:07:48,878][moc][WARNING][util_funcs.py:111] Provide "objs" in result is deprecated and will be removed in future versions! Please use "objectives" instead.
[2023-04-10 17:07:48,879][moc][INFO][generic_smbo.py:333] Iter 16, objectives: [-4.136245956405953].
[2023-04-10 17:07:48,973][moc][WARNING][util_funcs.py:111] Provide "objs" in result is deprecated and will be removed in future versions! Please use "objectives" instead.
[2023-04-10 17:07:48,973][moc][INFO][generic_smbo.py:333] Iter 17, objectives: [-0.5169765821377975].
[2023-04-10 17:07:49,077][moc][WARNING][util_funcs.py:111] Provide "objs" in result is deprecated and will be removed in future versions! Please use "objectives" instead.
[2023-04-10 17:07:49,077][moc][INFO][generic_smbo.py:333] Iter 18, objectives: [-3.718638597701006].
[2023-04-10 17:07:49,170][moc][WARNING][util_funcs.py:111] Provide "objs" in result is deprecated and will be removed in future versions! Please use "objectives" instead.
[2023-04-10 17:07:49,171][moc][INFO][generic_smbo.py:333] Iter 19, objectives: [-2.726520802408529].
[2023-04-10 17:07:49,271][moc][WARNING][util_funcs.py:111] Provide "objs" in result is deprecated and will be removed in future versions! Please use "objectives" instead.
[2023-04-10 17:07:49,272][moc][INFO][generic_smbo.py:333] Iter 20, objectives: [-5.747702436343402].
[2023-04-10 17:07:49,272][moc][WARNING][util_funcs.py:111] Provide "objs" in result is deprecated and will be removed in future versions! Please use "objectives" instead.
[2023-04-10 17:07:49,272][moc][WARNING][util_funcs.py:123] Unused information in result: {'config': [{'data_parallel_size': 24, 'micro_batch_size': 8, 'model_parallel_size': 24, 'num_reticle_per_pipeline_stage': 127, 'tensor_parallel_size': 1}]}
[2023-04-10 17:07:49,273][moc][INFO][generic_smbo.py:418] Iter 2, objectives: [-35.08059551917354].
[2023-04-10 17:07:49,274][moc][WARNING][util_funcs.py:231] Keyword argument "num_objs" is deprecated and will be removed in a future version. Please use "num_objectives" instead.
