[2023-04-09 19:25:41,908][moc][INFO][color_logger.py:203] Logfile: /home/chenyiqi/wafer_scale_chip_dse_framework/logs/moc_2023-04-09-19-25-41-908460.log
[2023-04-09 19:25:41,911][moc][INFO][generic_advisor.py:157] [BO auto selection]  acq_type: ei.
[2023-04-09 19:25:42,207][moc][WARNING][util_funcs.py:111] Provide "objs" in result is deprecated and will be removed in future versions! Please use "objectives" instead.
[2023-04-09 19:25:42,208][moc][INFO][generic_smbo.py:332] Iter 1, objectives: [-0.006945588020386053].
[2023-04-09 19:25:42,517][moc][WARNING][util_funcs.py:111] Provide "objs" in result is deprecated and will be removed in future versions! Please use "objectives" instead.
[2023-04-09 19:25:42,518][moc][INFO][generic_smbo.py:332] Iter 2, objectives: [-0.017361774840188735].
[2023-04-09 19:25:42,690][moc][WARNING][util_funcs.py:111] Provide "objs" in result is deprecated and will be removed in future versions! Please use "objectives" instead.
[2023-04-09 19:25:42,691][moc][INFO][generic_smbo.py:332] Iter 3, objectives: [-0.0115753087736766].
[2023-04-09 19:25:42,965][moc][WARNING][util_funcs.py:111] Provide "objs" in result is deprecated and will be removed in future versions! Please use "objectives" instead.
[2023-04-09 19:25:42,966][moc][INFO][generic_smbo.py:332] Iter 4, objectives: [-0.006945587242162185].
[2023-04-09 19:25:43,205][moc][WARNING][util_funcs.py:111] Provide "objs" in result is deprecated and will be removed in future versions! Please use "objectives" instead.
[2023-04-09 19:25:43,206][moc][INFO][generic_smbo.py:332] Iter 5, objectives: [-0.008681796922727025].
[2023-04-09 19:25:43,376][moc][WARNING][util_funcs.py:111] Provide "objs" in result is deprecated and will be removed in future versions! Please use "objectives" instead.
[2023-04-09 19:25:43,377][moc][INFO][generic_smbo.py:332] Iter 6, objectives: [-0.011575303128736187].
[2023-04-09 19:25:44,425][moc][WARNING][util_funcs.py:111] Provide "objs" in result is deprecated and will be removed in future versions! Please use "objectives" instead.
[2023-04-09 19:25:44,426][moc][INFO][generic_smbo.py:332] Iter 7, objectives: [-0.017361774840188735].
[2023-04-09 19:25:45,393][moc][WARNING][util_funcs.py:111] Provide "objs" in result is deprecated and will be removed in future versions! Please use "objectives" instead.
[2023-04-09 19:25:45,411][moc][INFO][generic_smbo.py:332] Iter 8, objectives: [-0.01736177709785723].
[2023-04-09 19:25:46,634][moc][WARNING][util_funcs.py:111] Provide "objs" in result is deprecated and will be removed in future versions! Please use "objectives" instead.
[2023-04-09 19:25:46,634][moc][INFO][generic_smbo.py:332] Iter 9, objectives: [-0.01736177915028365].
[2023-04-09 19:25:47,876][moc][WARNING][util_funcs.py:111] Provide "objs" in result is deprecated and will be removed in future versions! Please use "objectives" instead.
[2023-04-09 19:25:47,877][moc][INFO][generic_smbo.py:332] Iter 10, objectives: [-0.01736178274203105].
[2023-04-09 19:25:49,460][moc][WARNING][util_funcs.py:111] Provide "objs" in result is deprecated and will be removed in future versions! Please use "objectives" instead.
[2023-04-09 19:25:49,461][moc][INFO][generic_smbo.py:332] Iter 11, objectives: [-0.01736177915028365].
[2023-04-09 19:25:50,541][moc][WARNING][util_funcs.py:111] Provide "objs" in result is deprecated and will be removed in future versions! Please use "objectives" instead.
[2023-04-09 19:25:50,543][moc][INFO][generic_smbo.py:332] Iter 12, objectives: [-0.017361772344871605].
[2023-04-09 19:25:50,544][moc][INFO][generic_advisor.py:365] Sample random config. rand_prob=0.100000.
[2023-04-09 19:25:51,054][moc][WARNING][util_funcs.py:111] Provide "objs" in result is deprecated and will be removed in future versions! Please use "objectives" instead.
[2023-04-09 19:25:51,055][moc][INFO][generic_smbo.py:332] Iter 13, objectives: [-0.008681801994491211].
[2023-04-09 19:25:52,525][moc][WARNING][util_funcs.py:111] Provide "objs" in result is deprecated and will be removed in future versions! Please use "objectives" instead.
[2023-04-09 19:25:52,526][moc][INFO][generic_smbo.py:332] Iter 14, objectives: [-0.01736177709785723].
[2023-04-09 19:25:53,676][moc][WARNING][util_funcs.py:111] Provide "objs" in result is deprecated and will be removed in future versions! Please use "objectives" instead.
[2023-04-09 19:25:53,677][moc][INFO][generic_smbo.py:332] Iter 15, objectives: [-0.017361772344871605].
[2023-04-09 19:25:55,237][moc][WARNING][util_funcs.py:111] Provide "objs" in result is deprecated and will be removed in future versions! Please use "objectives" instead.
[2023-04-09 19:25:55,238][moc][INFO][generic_smbo.py:332] Iter 16, objectives: [-0.01736178102423863].
[2023-04-09 19:25:56,468][moc][WARNING][util_funcs.py:111] Provide "objs" in result is deprecated and will be removed in future versions! Please use "objectives" instead.
[2023-04-09 19:25:56,471][moc][INFO][generic_smbo.py:332] Iter 17, objectives: [-0.017361772344871605].
[2023-04-09 19:25:58,054][moc][WARNING][util_funcs.py:111] Provide "objs" in result is deprecated and will be removed in future versions! Please use "objectives" instead.
[2023-04-09 19:25:58,055][moc][INFO][generic_smbo.py:332] Iter 18, objectives: [-0.017361769572297854].
[2023-04-09 19:25:59,587][moc][WARNING][util_funcs.py:111] Provide "objs" in result is deprecated and will be removed in future versions! Please use "objectives" instead.
[2023-04-09 19:25:59,588][moc][INFO][generic_smbo.py:332] Iter 19, objectives: [-0.017361774840188735].
[2023-04-09 19:26:01,075][moc][WARNING][util_funcs.py:111] Provide "objs" in result is deprecated and will be removed in future versions! Please use "objectives" instead.
[2023-04-09 19:26:01,076][moc][INFO][generic_smbo.py:332] Iter 20, objectives: [-0.017361766473540003].
[2023-04-09 19:26:02,487][moc][WARNING][util_funcs.py:111] Provide "objs" in result is deprecated and will be removed in future versions! Please use "objectives" instead.
[2023-04-09 19:26:02,488][moc][INFO][generic_smbo.py:332] Iter 21, objectives: [-0.01736178102423863].
[2023-04-09 19:26:04,286][moc][WARNING][util_funcs.py:111] Provide "objs" in result is deprecated and will be removed in future versions! Please use "objectives" instead.
[2023-04-09 19:26:04,288][moc][INFO][generic_smbo.py:332] Iter 22, objectives: [-0.01736178432240038].
[2023-04-09 19:26:05,616][moc][WARNING][util_funcs.py:111] Provide "objs" in result is deprecated and will be removed in future versions! Please use "objectives" instead.
[2023-04-09 19:26:05,616][moc][INFO][generic_smbo.py:332] Iter 23, objectives: [-0.01736178432240038].
[2023-04-09 19:26:07,371][moc][WARNING][util_funcs.py:111] Provide "objs" in result is deprecated and will be removed in future versions! Please use "objectives" instead.
[2023-04-09 19:26:07,372][moc][INFO][generic_smbo.py:332] Iter 24, objectives: [-0.017361762987438745].
[2023-04-09 19:26:09,031][moc][WARNING][util_funcs.py:111] Provide "objs" in result is deprecated and will be removed in future versions! Please use "objectives" instead.
[2023-04-09 19:26:09,032][moc][INFO][generic_smbo.py:332] Iter 25, objectives: [-0.017361787131946558].
[2023-04-09 19:26:10,737][moc][WARNING][util_funcs.py:111] Provide "objs" in result is deprecated and will be removed in future versions! Please use "objectives" instead.
[2023-04-09 19:26:10,738][moc][INFO][generic_smbo.py:332] Iter 26, objectives: [-0.017361788386208537].
[2023-04-09 19:26:12,919][moc][WARNING][util_funcs.py:111] Provide "objs" in result is deprecated and will be removed in future versions! Please use "objectives" instead.
[2023-04-09 19:26:12,920][moc][INFO][generic_smbo.py:332] Iter 27, objectives: [-0.017361787131946558].
[2023-04-09 19:26:15,063][moc][WARNING][util_funcs.py:111] Provide "objs" in result is deprecated and will be removed in future versions! Please use "objectives" instead.
[2023-04-09 19:26:15,067][moc][INFO][generic_smbo.py:332] Iter 28, objectives: [-0.017361790643880562].
[2023-04-09 19:26:16,885][moc][WARNING][util_funcs.py:111] Provide "objs" in result is deprecated and will be removed in future versions! Please use "objectives" instead.
[2023-04-09 19:26:16,886][moc][INFO][generic_smbo.py:332] Iter 29, objectives: [-0.017361790643880562].
[2023-04-09 19:26:16,886][moc][INFO][generic_advisor.py:365] Sample random config. rand_prob=0.100000.
[2023-04-09 19:26:17,170][moc][WARNING][util_funcs.py:111] Provide "objs" in result is deprecated and will be removed in future versions! Please use "objectives" instead.
[2023-04-09 19:26:17,171][moc][INFO][generic_smbo.py:332] Iter 30, objectives: [-0.011575313164189619].
[2023-04-09 19:26:18,829][moc][WARNING][util_funcs.py:111] Provide "objs" in result is deprecated and will be removed in future versions! Please use "objectives" instead.
[2023-04-09 19:26:18,830][moc][INFO][generic_smbo.py:332] Iter 31, objectives: [-0.017361788386208537].
[2023-04-09 19:26:20,649][moc][WARNING][util_funcs.py:111] Provide "objs" in result is deprecated and will be removed in future versions! Please use "objectives" instead.
[2023-04-09 19:26:20,651][moc][INFO][generic_smbo.py:332] Iter 32, objectives: [-0.01736177709785723].
[2023-04-09 19:26:22,423][moc][WARNING][util_funcs.py:111] Provide "objs" in result is deprecated and will be removed in future versions! Please use "objectives" instead.
[2023-04-09 19:26:22,424][moc][INFO][generic_smbo.py:332] Iter 33, objectives: [-0.017361787131946558].
[2023-04-09 19:26:25,029][moc][WARNING][util_funcs.py:111] Provide "objs" in result is deprecated and will be removed in future versions! Please use "objectives" instead.
[2023-04-09 19:26:25,031][moc][INFO][generic_smbo.py:332] Iter 34, objectives: [-0.01736179166347457].
[2023-04-09 19:26:28,259][moc][WARNING][util_funcs.py:111] Provide "objs" in result is deprecated and will be removed in future versions! Please use "objectives" instead.
[2023-04-09 19:26:28,261][moc][INFO][generic_smbo.py:332] Iter 35, objectives: [-0.01736179261934406].
[2023-04-09 19:26:31,123][moc][WARNING][util_funcs.py:111] Provide "objs" in result is deprecated and will be removed in future versions! Please use "objectives" instead.
[2023-04-09 19:26:31,124][moc][INFO][generic_smbo.py:332] Iter 36, objectives: [-0.017361794362400467].
[2023-04-09 19:26:35,396][moc][WARNING][util_funcs.py:111] Provide "objs" in result is deprecated and will be removed in future versions! Please use "objectives" instead.
[2023-04-09 19:26:35,397][moc][INFO][generic_smbo.py:332] Iter 37, objectives: [-0.017361794362400467].
[2023-04-09 19:26:39,821][moc][WARNING][util_funcs.py:111] Provide "objs" in result is deprecated and will be removed in future versions! Please use "objectives" instead.
[2023-04-09 19:26:39,823][moc][INFO][generic_smbo.py:332] Iter 38, objectives: [-0.017361797298075198].
[2023-04-09 19:26:43,793][moc][WARNING][util_funcs.py:111] Provide "objs" in result is deprecated and will be removed in future versions! Please use "objectives" instead.
[2023-04-09 19:26:43,794][moc][INFO][generic_smbo.py:332] Iter 39, objectives: [-0.01736179591178423].
[2023-04-09 19:26:49,378][moc][WARNING][util_funcs.py:111] Provide "objs" in result is deprecated and will be removed in future versions! Please use "objectives" instead.
[2023-04-09 19:26:49,379][moc][INFO][generic_smbo.py:332] Iter 40, objectives: [-0.01736179261934406].
[2023-04-09 19:26:52,773][moc][WARNING][util_funcs.py:111] Provide "objs" in result is deprecated and will be removed in future versions! Please use "objectives" instead.
[2023-04-09 19:26:52,775][moc][INFO][generic_smbo.py:332] Iter 41, objectives: [-0.017361785781203086].
[2023-04-09 19:26:57,428][moc][WARNING][util_funcs.py:111] Provide "objs" in result is deprecated and will be removed in future versions! Please use "objectives" instead.
[2023-04-09 19:26:57,430][moc][INFO][generic_smbo.py:332] Iter 42, objectives: [-0.017361769572297854].
[2023-04-09 19:27:01,557][moc][WARNING][util_funcs.py:111] Provide "objs" in result is deprecated and will be removed in future versions! Please use "objectives" instead.
[2023-04-09 19:27:01,558][moc][INFO][generic_smbo.py:332] Iter 43, objectives: [-0.01736178274203105].
[2023-04-09 19:27:06,546][moc][WARNING][util_funcs.py:111] Provide "objs" in result is deprecated and will be removed in future versions! Please use "objectives" instead.
[2023-04-09 19:27:06,548][moc][INFO][generic_smbo.py:332] Iter 44, objectives: [-0.017361762987438745].
[2023-04-09 19:27:10,609][moc][WARNING][util_funcs.py:111] Provide "objs" in result is deprecated and will be removed in future versions! Please use "objectives" instead.
[2023-04-09 19:27:10,611][moc][INFO][generic_smbo.py:332] Iter 45, objectives: [-0.01736175452119866].
[2023-04-09 19:27:15,300][moc][WARNING][util_funcs.py:111] Provide "objs" in result is deprecated and will be removed in future versions! Please use "objectives" instead.
[2023-04-09 19:27:15,301][moc][INFO][generic_smbo.py:332] Iter 46, objectives: [-0.017361749311208867].
[2023-04-09 19:27:19,687][moc][WARNING][util_funcs.py:111] Provide "objs" in result is deprecated and will be removed in future versions! Please use "objectives" instead.
[2023-04-09 19:27:19,688][moc][INFO][generic_smbo.py:332] Iter 47, objectives: [-0.017361749311208867].
[2023-04-09 19:27:24,324][moc][WARNING][util_funcs.py:111] Provide "objs" in result is deprecated and will be removed in future versions! Please use "objectives" instead.
[2023-04-09 19:27:24,325][moc][INFO][generic_smbo.py:332] Iter 48, objectives: [-0.017361769572297854].
[2023-04-09 19:27:29,732][moc][WARNING][util_funcs.py:111] Provide "objs" in result is deprecated and will be removed in future versions! Please use "objectives" instead.
[2023-04-09 19:27:29,733][moc][INFO][generic_smbo.py:332] Iter 49, objectives: [-0.01736177915028365].
[2023-04-09 19:27:34,755][moc][WARNING][util_funcs.py:111] Provide "objs" in result is deprecated and will be removed in future versions! Please use "objectives" instead.
[2023-04-09 19:27:34,756][moc][INFO][generic_smbo.py:332] Iter 50, objectives: [-0.017361785781203086].
