[2023-04-10 17:21:38,434][moc][INFO][color_logger.py:203] Logfile: /home/chenyiqi/wafer_scale_chip_dse_framework/logs/moc_2023-04-10-17-21-38-434363.log
[2023-04-10 17:21:38,439][moc][WARNING][util_funcs.py:111] Provide "objs" in result is deprecated and will be removed in future versions! Please use "objectives" instead.
[2023-04-10 17:21:38,439][moc][INFO][generic_smbo.py:333] Iter 1, objectives: [-0.3072952197571985].
[2023-04-10 17:21:38,442][moc][WARNING][util_funcs.py:111] Provide "objs" in result is deprecated and will be removed in future versions! Please use "objectives" instead.
[2023-04-10 17:21:38,442][moc][INFO][generic_smbo.py:333] Iter 2, objectives: [-1.1607194344493366].
[2023-04-10 17:21:38,444][moc][WARNING][util_funcs.py:111] Provide "objs" in result is deprecated and will be removed in future versions! Please use "objectives" instead.
[2023-04-10 17:21:38,445][moc][INFO][generic_smbo.py:333] Iter 3, objectives: [-0.32124452143482973].
[2023-04-10 17:21:38,447][moc][WARNING][util_funcs.py:111] Provide "objs" in result is deprecated and will be removed in future versions! Please use "objectives" instead.
[2023-04-10 17:21:38,447][moc][INFO][generic_smbo.py:333] Iter 4, objectives: [-0.4323616600647971].
[2023-04-10 17:21:38,450][moc][WARNING][util_funcs.py:111] Provide "objs" in result is deprecated and will be removed in future versions! Please use "objectives" instead.
[2023-04-10 17:21:38,450][moc][INFO][generic_smbo.py:333] Iter 5, objectives: [-0.48261350410908577].
[2023-04-10 17:21:38,452][moc][WARNING][util_funcs.py:111] Provide "objs" in result is deprecated and will be removed in future versions! Please use "objectives" instead.
[2023-04-10 17:21:38,453][moc][INFO][generic_smbo.py:333] Iter 6, objectives: [-0.5114136263519593].
[2023-04-10 17:21:38,455][moc][WARNING][util_funcs.py:111] Provide "objs" in result is deprecated and will be removed in future versions! Please use "objectives" instead.
[2023-04-10 17:21:38,455][moc][INFO][generic_smbo.py:333] Iter 7, objectives: [-2.0222689519682095].
[2023-04-10 17:21:38,458][moc][WARNING][util_funcs.py:111] Provide "objs" in result is deprecated and will be removed in future versions! Please use "objectives" instead.
[2023-04-10 17:21:38,458][moc][INFO][generic_smbo.py:333] Iter 8, objectives: [-0.635595870195256].
[2023-04-10 17:21:38,461][moc][WARNING][util_funcs.py:111] Provide "objs" in result is deprecated and will be removed in future versions! Please use "objectives" instead.
[2023-04-10 17:21:38,461][moc][INFO][generic_smbo.py:333] Iter 9, objectives: [-0.4949890995806557].
[2023-04-10 17:21:38,463][moc][WARNING][util_funcs.py:111] Provide "objs" in result is deprecated and will be removed in future versions! Please use "objectives" instead.
[2023-04-10 17:21:38,463][moc][INFO][generic_smbo.py:333] Iter 10, objectives: [-1.3050820969379007].
[2023-04-10 17:21:38,467][moc][WARNING][util_funcs.py:111] Provide "objs" in result is deprecated and will be removed in future versions! Please use "objectives" instead.
[2023-04-10 17:21:38,467][moc][INFO][generic_smbo.py:333] Iter 11, objectives: [-0.7908067755525028].
[2023-04-10 17:21:38,470][moc][WARNING][util_funcs.py:111] Provide "objs" in result is deprecated and will be removed in future versions! Please use "objectives" instead.
[2023-04-10 17:21:38,470][moc][INFO][generic_smbo.py:333] Iter 12, objectives: [-84.44095862163553].
[2023-04-10 17:21:38,473][moc][WARNING][util_funcs.py:111] Provide "objs" in result is deprecated and will be removed in future versions! Please use "objectives" instead.
[2023-04-10 17:21:38,473][moc][INFO][generic_smbo.py:333] Iter 13, objectives: [-0.39447526080569095].
[2023-04-10 17:21:38,476][moc][WARNING][util_funcs.py:111] Provide "objs" in result is deprecated and will be removed in future versions! Please use "objectives" instead.
[2023-04-10 17:21:38,477][moc][INFO][generic_smbo.py:333] Iter 14, objectives: [-1.5416907301010836].
[2023-04-10 17:21:38,480][moc][WARNING][util_funcs.py:111] Provide "objs" in result is deprecated and will be removed in future versions! Please use "objectives" instead.
[2023-04-10 17:21:38,480][moc][INFO][generic_smbo.py:333] Iter 15, objectives: [-0.6853850275931583].
[2023-04-10 17:21:38,483][moc][WARNING][util_funcs.py:111] Provide "objs" in result is deprecated and will be removed in future versions! Please use "objectives" instead.
[2023-04-10 17:21:38,483][moc][INFO][generic_smbo.py:333] Iter 16, objectives: [-1.962308203635196].
[2023-04-10 17:21:38,487][moc][WARNING][util_funcs.py:111] Provide "objs" in result is deprecated and will be removed in future versions! Please use "objectives" instead.
[2023-04-10 17:21:38,487][moc][INFO][generic_smbo.py:333] Iter 17, objectives: [-0.9079268582510663].
[2023-04-10 17:21:38,490][moc][WARNING][util_funcs.py:111] Provide "objs" in result is deprecated and will be removed in future versions! Please use "objectives" instead.
[2023-04-10 17:21:38,490][moc][INFO][generic_smbo.py:333] Iter 18, objectives: [-99.25731831532813].
[2023-04-10 17:21:38,493][moc][WARNING][util_funcs.py:111] Provide "objs" in result is deprecated and will be removed in future versions! Please use "objectives" instead.
[2023-04-10 17:21:38,493][moc][INFO][generic_smbo.py:333] Iter 19, objectives: [-1.9464393659024917].
[2023-04-10 17:21:38,497][moc][WARNING][util_funcs.py:111] Provide "objs" in result is deprecated and will be removed in future versions! Please use "objectives" instead.
[2023-04-10 17:21:38,497][moc][INFO][generic_smbo.py:333] Iter 20, objectives: [-0.7045262524574201].
[2023-04-10 17:21:38,497][moc][WARNING][util_funcs.py:111] Provide "objs" in result is deprecated and will be removed in future versions! Please use "objectives" instead.
[2023-04-10 17:21:38,497][moc][WARNING][util_funcs.py:123] Unused information in result: {'config': [{'data_parallel_size': 2, 'micro_batch_size': 98, 'model_parallel_size': 6, 'num_reticle_per_pipeline_stage': 21, 'tensor_parallel_size': 1}]}
[2023-04-10 17:21:38,498][moc][INFO][generic_smbo.py:418] Iter 19, objectives: [-99.25731831532813].
[2023-04-10 17:21:43,423][moc][WARNING][util_funcs.py:231] Keyword argument "num_objs" is deprecated and will be removed in a future version. Please use "num_objectives" instead.
