[2023-04-09 19:24:03,170][moc][INFO][color_logger.py:203] Logfile: /home/chenyiqi/wafer_scale_chip_dse_framework/logs/moc_2023-04-09-19-24-03-169277.log
[2023-04-09 19:24:03,176][moc][INFO][generic_advisor.py:157] [BO auto selection]  acq_type: ei.
[2023-04-09 19:24:03,839][moc][WARNING][util_funcs.py:111] Provide "objs" in result is deprecated and will be removed in future versions! Please use "objectives" instead.
[2023-04-09 19:24:03,840][moc][INFO][generic_smbo.py:332] Iter 1, objectives: [-0.00434112994820707].
[2023-04-09 19:24:05,165][moc][WARNING][util_funcs.py:111] Provide "objs" in result is deprecated and will be removed in future versions! Please use "objectives" instead.
[2023-04-09 19:24:05,166][moc][INFO][generic_smbo.py:332] Iter 2, objectives: [-0.005788073256253528].
[2023-04-09 19:24:05,467][moc][WARNING][util_funcs.py:111] Provide "objs" in result is deprecated and will be removed in future versions! Please use "objectives" instead.
[2023-04-09 19:24:05,468][moc][INFO][generic_smbo.py:332] Iter 3, objectives: [-0.008681799437476026].
[2023-04-09 19:24:05,758][moc][WARNING][util_funcs.py:111] Provide "objs" in result is deprecated and will be removed in future versions! Please use "objectives" instead.
[2023-04-09 19:24:05,759][moc][INFO][generic_smbo.py:332] Iter 4, objectives: [-0.011575321945225646].
[2023-04-09 19:24:06,035][moc][WARNING][util_funcs.py:111] Provide "objs" in result is deprecated and will be removed in future versions! Please use "objectives" instead.
[2023-04-09 19:24:06,036][moc][INFO][generic_smbo.py:332] Iter 5, objectives: [-0.011575319550396316].
[2023-04-09 19:24:06,343][moc][WARNING][util_funcs.py:111] Provide "objs" in result is deprecated and will be removed in future versions! Please use "objectives" instead.
[2023-04-09 19:24:06,344][moc][INFO][generic_smbo.py:332] Iter 6, objectives: [-0.006945587242162185].
[2023-04-09 19:24:07,316][moc][WARNING][util_funcs.py:111] Provide "objs" in result is deprecated and will be removed in future versions! Please use "objectives" instead.
[2023-04-09 19:24:07,317][moc][INFO][generic_smbo.py:332] Iter 7, objectives: [-0.011575308146460727].
[2023-04-09 19:24:07,318][moc][INFO][generic_advisor.py:365] Sample random config. rand_prob=0.100000.
[2023-04-09 19:24:07,563][moc][WARNING][util_funcs.py:111] Provide "objs" in result is deprecated and will be removed in future versions! Please use "objectives" instead.
[2023-04-09 19:24:07,564][moc][INFO][generic_smbo.py:332] Iter 8, objectives: [-0.011575313164189619].
[2023-04-09 19:24:07,565][moc][INFO][generic_advisor.py:365] Sample random config. rand_prob=0.100000.
[2023-04-09 19:24:07,857][moc][WARNING][util_funcs.py:111] Provide "objs" in result is deprecated and will be removed in future versions! Please use "objectives" instead.
[2023-04-09 19:24:07,858][moc][INFO][generic_smbo.py:332] Iter 9, objectives: [-0.011575320497801208].
[2023-04-09 19:24:07,859][moc][INFO][generic_advisor.py:365] Sample random config. rand_prob=0.100000.
[2023-04-09 19:24:08,249][moc][WARNING][util_funcs.py:111] Provide "objs" in result is deprecated and will be removed in future versions! Please use "objectives" instead.
[2023-04-09 19:24:08,250][moc][INFO][generic_smbo.py:332] Iter 10, objectives: [-0.006945589629895063].
[2023-04-09 19:24:08,250][moc][INFO][generic_advisor.py:365] Sample random config. rand_prob=0.100000.
[2023-04-09 19:24:08,749][moc][WARNING][util_funcs.py:111] Provide "objs" in result is deprecated and will be removed in future versions! Please use "objectives" instead.
[2023-04-09 19:24:08,750][moc][INFO][generic_smbo.py:332] Iter 11, objectives: [-0.006945590043768928].
[2023-04-09 19:24:09,699][moc][WARNING][util_funcs.py:111] Provide "objs" in result is deprecated and will be removed in future versions! Please use "objectives" instead.
[2023-04-09 19:24:09,700][moc][INFO][generic_smbo.py:332] Iter 12, objectives: [-0.011575303128736187].
[2023-04-09 19:24:11,672][moc][WARNING][util_funcs.py:111] Provide "objs" in result is deprecated and will be removed in future versions! Please use "objectives" instead.
[2023-04-09 19:24:11,673][moc][INFO][generic_smbo.py:332] Iter 13, objectives: [-0.01157531818192286].
[2023-04-09 19:24:11,673][moc][INFO][generic_advisor.py:365] Sample random config. rand_prob=0.100000.
[2023-04-09 19:24:11,888][moc][WARNING][util_funcs.py:111] Provide "objs" in result is deprecated and will be removed in future versions! Please use "objectives" instead.
[2023-04-09 19:24:11,889][moc][INFO][generic_smbo.py:332] Iter 14, objectives: [-0.008681795485728252].
[2023-04-09 19:24:12,749][moc][WARNING][util_funcs.py:111] Provide "objs" in result is deprecated and will be removed in future versions! Please use "objectives" instead.
[2023-04-09 19:24:12,750][moc][INFO][generic_smbo.py:332] Iter 15, objectives: [-0.011575308146460727].
[2023-04-09 19:24:14,363][moc][WARNING][util_funcs.py:111] Provide "objs" in result is deprecated and will be removed in future versions! Please use "objectives" instead.
[2023-04-09 19:24:14,364][moc][INFO][generic_smbo.py:332] Iter 16, objectives: [-0.011575303128736187].
[2023-04-09 19:24:14,365][moc][INFO][generic_advisor.py:365] Sample random config. rand_prob=0.100000.
[2023-04-09 19:24:15,221][moc][WARNING][util_funcs.py:111] Provide "objs" in result is deprecated and will be removed in future versions! Please use "objectives" instead.
[2023-04-09 19:24:15,222][moc][INFO][generic_smbo.py:332] Iter 17, objectives: [-0.008681807736158065].
[2023-04-09 19:24:16,464][moc][WARNING][util_funcs.py:111] Provide "objs" in result is deprecated and will be removed in future versions! Please use "objectives" instead.
[2023-04-09 19:24:16,465][moc][INFO][generic_smbo.py:332] Iter 18, objectives: [-0.011575319550396316].
[2023-04-09 19:24:17,827][moc][WARNING][util_funcs.py:111] Provide "objs" in result is deprecated and will be removed in future versions! Please use "objectives" instead.
[2023-04-09 19:24:17,828][moc][INFO][generic_smbo.py:332] Iter 19, objectives: [-0.017361703723931553].
[2023-04-09 19:24:19,032][moc][WARNING][util_funcs.py:111] Provide "objs" in result is deprecated and will be removed in future versions! Please use "objectives" instead.
[2023-04-09 19:24:19,034][moc][INFO][generic_smbo.py:332] Iter 20, objectives: [-0.017361703723931553].
