[2023-04-10 17:21:33,480][moc][INFO][color_logger.py:203] Logfile: /home/chenyiqi/wafer_scale_chip_dse_framework/logs/moc_2023-04-10-17-21-33-479823.log
[2023-04-10 17:21:33,485][moc][WARNING][util_funcs.py:111] Provide "objs" in result is deprecated and will be removed in future versions! Please use "objectives" instead.
[2023-04-10 17:21:33,485][moc][INFO][generic_smbo.py:333] Iter 1, objectives: [-1.153534414512079].
[2023-04-10 17:21:33,487][moc][WARNING][util_funcs.py:111] Provide "objs" in result is deprecated and will be removed in future versions! Please use "objectives" instead.
[2023-04-10 17:21:33,488][moc][INFO][generic_smbo.py:333] Iter 2, objectives: [-0.6245266216681803].
[2023-04-10 17:21:33,490][moc][WARNING][util_funcs.py:111] Provide "objs" in result is deprecated and will be removed in future versions! Please use "objectives" instead.
[2023-04-10 17:21:33,490][moc][INFO][generic_smbo.py:333] Iter 3, objectives: [-0.6228302059099131].
[2023-04-10 17:21:33,493][moc][WARNING][util_funcs.py:111] Provide "objs" in result is deprecated and will be removed in future versions! Please use "objectives" instead.
[2023-04-10 17:21:33,493][moc][INFO][generic_smbo.py:333] Iter 4, objectives: [-0.6404731712892163].
[2023-04-10 17:21:33,496][moc][WARNING][util_funcs.py:111] Provide "objs" in result is deprecated and will be removed in future versions! Please use "objectives" instead.
[2023-04-10 17:21:33,496][moc][INFO][generic_smbo.py:333] Iter 5, objectives: [-1.0089906663915524].
[2023-04-10 17:21:33,498][moc][WARNING][util_funcs.py:111] Provide "objs" in result is deprecated and will be removed in future versions! Please use "objectives" instead.
[2023-04-10 17:21:33,499][moc][INFO][generic_smbo.py:333] Iter 6, objectives: [-0.3965565303324408].
[2023-04-10 17:21:33,501][moc][WARNING][util_funcs.py:111] Provide "objs" in result is deprecated and will be removed in future versions! Please use "objectives" instead.
[2023-04-10 17:21:33,502][moc][INFO][generic_smbo.py:333] Iter 7, objectives: [-1.0612508007779589].
[2023-04-10 17:21:33,504][moc][WARNING][util_funcs.py:111] Provide "objs" in result is deprecated and will be removed in future versions! Please use "objectives" instead.
[2023-04-10 17:21:33,504][moc][INFO][generic_smbo.py:333] Iter 8, objectives: [-2.124627664610794].
[2023-04-10 17:21:33,506][moc][WARNING][util_funcs.py:111] Provide "objs" in result is deprecated and will be removed in future versions! Please use "objectives" instead.
[2023-04-10 17:21:33,506][moc][INFO][generic_smbo.py:333] Iter 9, objectives: [-1.0926022816148098].
[2023-04-10 17:21:33,509][moc][WARNING][util_funcs.py:111] Provide "objs" in result is deprecated and will be removed in future versions! Please use "objectives" instead.
[2023-04-10 17:21:33,510][moc][INFO][generic_smbo.py:333] Iter 10, objectives: [-0.422997600496328].
[2023-04-10 17:21:33,512][moc][WARNING][util_funcs.py:111] Provide "objs" in result is deprecated and will be removed in future versions! Please use "objectives" instead.
[2023-04-10 17:21:33,512][moc][INFO][generic_smbo.py:333] Iter 11, objectives: [-0.6161891692373329].
[2023-04-10 17:21:33,515][moc][WARNING][util_funcs.py:111] Provide "objs" in result is deprecated and will be removed in future versions! Please use "objectives" instead.
[2023-04-10 17:21:33,515][moc][INFO][generic_smbo.py:333] Iter 12, objectives: [-1.1679751935656377].
[2023-04-10 17:21:33,517][moc][WARNING][util_funcs.py:111] Provide "objs" in result is deprecated and will be removed in future versions! Please use "objectives" instead.
[2023-04-10 17:21:33,517][moc][INFO][generic_smbo.py:333] Iter 13, objectives: [-1.9639774455641439].
[2023-04-10 17:21:33,520][moc][WARNING][util_funcs.py:111] Provide "objs" in result is deprecated and will be removed in future versions! Please use "objectives" instead.
[2023-04-10 17:21:33,521][moc][INFO][generic_smbo.py:333] Iter 14, objectives: [-0.3578960721391971].
[2023-04-10 17:21:33,523][moc][WARNING][util_funcs.py:111] Provide "objs" in result is deprecated and will be removed in future versions! Please use "objectives" instead.
[2023-04-10 17:21:33,523][moc][INFO][generic_smbo.py:333] Iter 15, objectives: [-1.5911580993983672].
[2023-04-10 17:21:33,526][moc][WARNING][util_funcs.py:111] Provide "objs" in result is deprecated and will be removed in future versions! Please use "objectives" instead.
[2023-04-10 17:21:33,526][moc][INFO][generic_smbo.py:333] Iter 16, objectives: [-7.034311267950109].
[2023-04-10 17:21:33,529][moc][WARNING][util_funcs.py:111] Provide "objs" in result is deprecated and will be removed in future versions! Please use "objectives" instead.
[2023-04-10 17:21:33,529][moc][INFO][generic_smbo.py:333] Iter 17, objectives: [-0.33550291150675066].
[2023-04-10 17:21:33,532][moc][WARNING][util_funcs.py:111] Provide "objs" in result is deprecated and will be removed in future versions! Please use "objectives" instead.
[2023-04-10 17:21:33,532][moc][INFO][generic_smbo.py:333] Iter 18, objectives: [-0.7933667245825029].
[2023-04-10 17:21:33,534][moc][WARNING][util_funcs.py:111] Provide "objs" in result is deprecated and will be removed in future versions! Please use "objectives" instead.
[2023-04-10 17:21:33,535][moc][INFO][generic_smbo.py:333] Iter 19, objectives: [-4.465785226535233].
[2023-04-10 17:21:33,538][moc][WARNING][util_funcs.py:111] Provide "objs" in result is deprecated and will be removed in future versions! Please use "objectives" instead.
[2023-04-10 17:21:33,538][moc][INFO][generic_smbo.py:333] Iter 20, objectives: [-1.2701838207284661].
[2023-04-10 17:21:33,539][moc][WARNING][util_funcs.py:111] Provide "objs" in result is deprecated and will be removed in future versions! Please use "objectives" instead.
[2023-04-10 17:21:33,539][moc][WARNING][util_funcs.py:123] Unused information in result: {'config': [{'data_parallel_size': 2, 'micro_batch_size': 18, 'model_parallel_size': 24, 'num_reticle_per_pipeline_stage': 1, 'tensor_parallel_size': 2}]}
[2023-04-10 17:21:33,539][moc][INFO][generic_smbo.py:418] Iter 17, objectives: [-7.034311267950109].
[2023-04-10 17:21:38,382][moc][WARNING][util_funcs.py:231] Keyword argument "num_objs" is deprecated and will be removed in a future version. Please use "num_objectives" instead.
