[2023-04-10 17:21:27,650][moc][INFO][color_logger.py:203] Logfile: /home/chenyiqi/wafer_scale_chip_dse_framework/logs/moc_2023-04-10-17-21-27-649657.log
[2023-04-10 17:21:27,701][moc][WARNING][util_funcs.py:111] Provide "objs" in result is deprecated and will be removed in future versions! Please use "objectives" instead.
[2023-04-10 17:21:27,702][moc][INFO][generic_smbo.py:333] Iter 1, objectives: [-0.33507087291311927].
[2023-04-10 17:21:27,750][moc][WARNING][util_funcs.py:111] Provide "objs" in result is deprecated and will be removed in future versions! Please use "objectives" instead.
[2023-04-10 17:21:27,750][moc][INFO][generic_smbo.py:333] Iter 2, objectives: [-0.12099244084647683].
[2023-04-10 17:21:27,797][moc][WARNING][util_funcs.py:111] Provide "objs" in result is deprecated and will be removed in future versions! Please use "objectives" instead.
[2023-04-10 17:21:27,797][moc][INFO][generic_smbo.py:333] Iter 3, objectives: [-0.09634649141415488].
[2023-04-10 17:21:27,843][moc][WARNING][util_funcs.py:111] Provide "objs" in result is deprecated and will be removed in future versions! Please use "objectives" instead.
[2023-04-10 17:21:27,843][moc][INFO][generic_smbo.py:333] Iter 4, objectives: [-0.39704865902272973].
[2023-04-10 17:21:27,885][moc][WARNING][util_funcs.py:111] Provide "objs" in result is deprecated and will be removed in future versions! Please use "objectives" instead.
[2023-04-10 17:21:27,885][moc][INFO][generic_smbo.py:333] Iter 5, objectives: [-0.4226254427730417].
[2023-04-10 17:21:27,933][moc][WARNING][util_funcs.py:111] Provide "objs" in result is deprecated and will be removed in future versions! Please use "objectives" instead.
[2023-04-10 17:21:27,933][moc][INFO][generic_smbo.py:333] Iter 6, objectives: [-0.3601549849460602].
[2023-04-10 17:21:27,983][moc][WARNING][util_funcs.py:111] Provide "objs" in result is deprecated and will be removed in future versions! Please use "objectives" instead.
[2023-04-10 17:21:27,983][moc][INFO][generic_smbo.py:333] Iter 7, objectives: [-0.4976849771731783].
[2023-04-10 17:21:28,035][moc][WARNING][util_funcs.py:111] Provide "objs" in result is deprecated and will be removed in future versions! Please use "objectives" instead.
[2023-04-10 17:21:28,035][moc][INFO][generic_smbo.py:333] Iter 8, objectives: [-0.09686015519838179].
[2023-04-10 17:21:28,084][moc][WARNING][util_funcs.py:111] Provide "objs" in result is deprecated and will be removed in future versions! Please use "objectives" instead.
[2023-04-10 17:21:28,084][moc][INFO][generic_smbo.py:333] Iter 9, objectives: [-0.09250678469195826].
[2023-04-10 17:21:28,133][moc][WARNING][util_funcs.py:111] Provide "objs" in result is deprecated and will be removed in future versions! Please use "objectives" instead.
[2023-04-10 17:21:28,133][moc][INFO][generic_smbo.py:333] Iter 10, objectives: [-0.2192015562078524].
[2023-04-10 17:21:28,165][moc][WARNING][util_funcs.py:111] Provide "objs" in result is deprecated and will be removed in future versions! Please use "objectives" instead.
[2023-04-10 17:21:28,165][moc][INFO][generic_smbo.py:333] Iter 11, objectives: [-2.975468174784921].
[2023-04-10 17:21:28,212][moc][WARNING][util_funcs.py:111] Provide "objs" in result is deprecated and will be removed in future versions! Please use "objectives" instead.
[2023-04-10 17:21:28,212][moc][INFO][generic_smbo.py:333] Iter 12, objectives: [-0.1989819459637114].
[2023-04-10 17:21:28,255][moc][WARNING][util_funcs.py:111] Provide "objs" in result is deprecated and will be removed in future versions! Please use "objectives" instead.
[2023-04-10 17:21:28,255][moc][INFO][generic_smbo.py:333] Iter 13, objectives: [-0.10965543971415262].
[2023-04-10 17:21:28,299][moc][WARNING][util_funcs.py:111] Provide "objs" in result is deprecated and will be removed in future versions! Please use "objectives" instead.
[2023-04-10 17:21:28,300][moc][INFO][generic_smbo.py:333] Iter 14, objectives: [-0.06758955466667319].
[2023-04-10 17:21:28,467][moc][WARNING][util_funcs.py:111] Provide "objs" in result is deprecated and will be removed in future versions! Please use "objectives" instead.
[2023-04-10 17:21:28,467][moc][INFO][generic_smbo.py:333] Iter 15, objectives: [-0.13742491617727187].
[2023-04-10 17:21:28,518][moc][WARNING][util_funcs.py:111] Provide "objs" in result is deprecated and will be removed in future versions! Please use "objectives" instead.
[2023-04-10 17:21:28,518][moc][INFO][generic_smbo.py:333] Iter 16, objectives: [-0.03346508818182061].
[2023-04-10 17:21:28,566][moc][WARNING][util_funcs.py:111] Provide "objs" in result is deprecated and will be removed in future versions! Please use "objectives" instead.
[2023-04-10 17:21:28,566][moc][INFO][generic_smbo.py:333] Iter 17, objectives: [-0.20447513949791435].
[2023-04-10 17:21:28,617][moc][WARNING][util_funcs.py:111] Provide "objs" in result is deprecated and will be removed in future versions! Please use "objectives" instead.
[2023-04-10 17:21:28,617][moc][INFO][generic_smbo.py:333] Iter 18, objectives: [-0.09541107018757872].
[2023-04-10 17:21:28,663][moc][WARNING][util_funcs.py:111] Provide "objs" in result is deprecated and will be removed in future versions! Please use "objectives" instead.
[2023-04-10 17:21:28,663][moc][INFO][generic_smbo.py:333] Iter 19, objectives: [-0.5460636305744201].
[2023-04-10 17:21:28,703][moc][WARNING][util_funcs.py:111] Provide "objs" in result is deprecated and will be removed in future versions! Please use "objectives" instead.
[2023-04-10 17:21:28,703][moc][INFO][generic_smbo.py:333] Iter 20, objectives: [-0.1391106889397033].
[2023-04-10 17:21:28,704][moc][WARNING][util_funcs.py:111] Provide "objs" in result is deprecated and will be removed in future versions! Please use "objectives" instead.
[2023-04-10 17:21:28,704][moc][WARNING][util_funcs.py:123] Unused information in result: {'config': [{'data_parallel_size': 1, 'micro_batch_size': 439, 'model_parallel_size': 4, 'num_reticle_per_pipeline_stage': 42, 'tensor_parallel_size': 2}]}
[2023-04-10 17:21:28,704][moc][INFO][generic_smbo.py:418] Iter 16, objectives: [-2.975468174784921].
[2023-04-10 17:21:33,479][moc][WARNING][util_funcs.py:231] Keyword argument "num_objs" is deprecated and will be removed in a future version. Please use "num_objectives" instead.
