[2023-04-10 16:48:07,083][moc][INFO][color_logger.py:203] Logfile: /home/chenyiqi/wafer_scale_chip_dse_framework/logs/moc_2023-04-10-16-48-07-082803.log
[2023-04-10 16:48:07,088][moc][WARNING][util_funcs.py:111] Provide "objs" in result is deprecated and will be removed in future versions! Please use "objectives" instead.
[2023-04-10 16:48:07,088][moc][INFO][generic_smbo.py:333] Iter 1, objectives: [-0.5739140466360975].
[2023-04-10 16:48:07,091][moc][WARNING][util_funcs.py:111] Provide "objs" in result is deprecated and will be removed in future versions! Please use "objectives" instead.
[2023-04-10 16:48:07,092][moc][INFO][generic_smbo.py:333] Iter 2, objectives: [-0.6980476968508187].
[2023-04-10 16:48:07,095][moc][WARNING][util_funcs.py:111] Provide "objs" in result is deprecated and will be removed in future versions! Please use "objectives" instead.
[2023-04-10 16:48:07,095][moc][INFO][generic_smbo.py:333] Iter 3, objectives: [-2.115649670485025].
[2023-04-10 16:48:07,098][moc][WARNING][util_funcs.py:111] Provide "objs" in result is deprecated and will be removed in future versions! Please use "objectives" instead.
[2023-04-10 16:48:07,099][moc][INFO][generic_smbo.py:333] Iter 4, objectives: [-0.7822273245971935].
[2023-04-10 16:48:07,101][moc][WARNING][util_funcs.py:111] Provide "objs" in result is deprecated and will be removed in future versions! Please use "objectives" instead.
[2023-04-10 16:48:07,101][moc][INFO][generic_smbo.py:333] Iter 5, objectives: [-1.198129338618036].
[2023-04-10 16:48:07,105][moc][WARNING][util_funcs.py:111] Provide "objs" in result is deprecated and will be removed in future versions! Please use "objectives" instead.
[2023-04-10 16:48:07,105][moc][INFO][generic_smbo.py:333] Iter 6, objectives: [-0.5760911782180829].
[2023-04-10 16:48:07,108][moc][WARNING][util_funcs.py:111] Provide "objs" in result is deprecated and will be removed in future versions! Please use "objectives" instead.
[2023-04-10 16:48:07,108][moc][INFO][generic_smbo.py:333] Iter 7, objectives: [-0.37628747587703776].
[2023-04-10 16:48:07,111][moc][WARNING][util_funcs.py:111] Provide "objs" in result is deprecated and will be removed in future versions! Please use "objectives" instead.
[2023-04-10 16:48:07,111][moc][INFO][generic_smbo.py:333] Iter 8, objectives: [-3.3344974730911385].
[2023-04-10 16:48:07,115][moc][WARNING][util_funcs.py:111] Provide "objs" in result is deprecated and will be removed in future versions! Please use "objectives" instead.
[2023-04-10 16:48:07,115][moc][INFO][generic_smbo.py:333] Iter 9, objectives: [-58.007356974918835].
[2023-04-10 16:48:07,116][moc][WARNING][generic_smbo.py:387] Exception when calling objective function: local variable '_history' referenced before assignment
config: Configuration(values={
  'fidelity': 2,
  'var00': 32,
  'var01': 512,
  'var02': 128,
  'var03': 32,
  'var04': 4,
  'var05': 4,
  'var06': 1,
  'var07': 32,
  'var08': 8,
  'var09': 900,
  'var10': 16,
  'var11': 16,
})

[2023-04-10 16:48:07,116][moc][INFO][generic_smbo.py:418] Iter 18, objectives: [inf].
[2023-04-10 16:48:12,011][moc][WARNING][util_funcs.py:231] Keyword argument "num_objs" is deprecated and will be removed in a future version. Please use "num_objectives" instead.
