[2023-04-09 19:09:12,759][moc][INFO][color_logger.py:203] Logfile: /home/chenyiqi/wafer_scale_chip_dse_framework/logs/moc_2023-04-09-19-09-12-758859.log
[2023-04-09 19:09:12,761][moc][INFO][generic_advisor.py:157] [BO auto selection]  acq_type: ei.
[2023-04-09 19:09:13,156][moc][WARNING][util_funcs.py:111] Provide "objs" in result is deprecated and will be removed in future versions! Please use "objectives" instead.
[2023-04-09 19:09:13,157][moc][INFO][generic_smbo.py:332] Iter 1, objectives: [-0.011575338252899327].
[2023-04-09 19:09:13,618][moc][WARNING][util_funcs.py:111] Provide "objs" in result is deprecated and will be removed in future versions! Please use "objectives" instead.
[2023-04-09 19:09:13,619][moc][INFO][generic_smbo.py:332] Iter 2, objectives: [-0.005788072145144621].
[2023-04-09 19:09:14,529][moc][WARNING][util_funcs.py:111] Provide "objs" in result is deprecated and will be removed in future versions! Please use "objectives" instead.
[2023-04-09 19:09:14,530][moc][INFO][generic_smbo.py:332] Iter 3, objectives: [-0.004341129975883322].
[2023-04-09 19:09:14,707][moc][WARNING][util_funcs.py:111] Provide "objs" in result is deprecated and will be removed in future versions! Please use "objectives" instead.
[2023-04-09 19:09:14,708][moc][INFO][generic_smbo.py:332] Iter 4, objectives: [-0.011575308146460727].
[2023-04-09 19:09:15,086][moc][WARNING][util_funcs.py:111] Provide "objs" in result is deprecated and will be removed in future versions! Please use "objectives" instead.
[2023-04-09 19:09:15,087][moc][INFO][generic_smbo.py:332] Iter 5, objectives: [-0.011575333235148685].
[2023-04-09 19:09:22,951][moc][WARNING][util_funcs.py:111] Provide "objs" in result is deprecated and will be removed in future versions! Please use "objectives" instead.
[2023-04-09 19:09:22,952][moc][INFO][generic_smbo.py:332] Iter 6, objectives: [-0.0019294469793144755].
[2023-04-09 19:09:22,953][moc][INFO][generic_advisor.py:365] Sample random config. rand_prob=0.100000.
[2023-04-09 19:09:23,434][moc][WARNING][util_funcs.py:111] Provide "objs" in result is deprecated and will be removed in future versions! Please use "objectives" instead.
[2023-04-09 19:09:23,435][moc][INFO][generic_smbo.py:332] Iter 7, objectives: [-0.006945586711555101].
[2023-04-09 19:09:24,807][moc][WARNING][util_funcs.py:111] Provide "objs" in result is deprecated and will be removed in future versions! Please use "objectives" instead.
[2023-04-09 19:09:24,808][moc][INFO][generic_smbo.py:332] Iter 8, objectives: [-0.017361785781203086].
[2023-04-09 19:09:27,211][moc][WARNING][util_funcs.py:111] Provide "objs" in result is deprecated and will be removed in future versions! Please use "objectives" instead.
[2023-04-09 19:09:27,212][moc][INFO][generic_smbo.py:332] Iter 9, objectives: [-0.011575335385612713].
[2023-04-09 19:09:29,075][moc][WARNING][util_funcs.py:111] Provide "objs" in result is deprecated and will be removed in future versions! Please use "objectives" instead.
[2023-04-09 19:09:29,076][moc][INFO][generic_smbo.py:332] Iter 10, objectives: [-0.01736178955396985].
[2023-04-09 19:09:31,077][moc][WARNING][util_funcs.py:111] Provide "objs" in result is deprecated and will be removed in future versions! Please use "objectives" instead.
[2023-04-09 19:09:31,078][moc][INFO][generic_smbo.py:332] Iter 11, objectives: [-0.01736179166347457].
[2023-04-09 19:09:32,902][moc][WARNING][util_funcs.py:111] Provide "objs" in result is deprecated and will be removed in future versions! Please use "objectives" instead.
[2023-04-09 19:09:32,903][moc][INFO][generic_smbo.py:332] Iter 12, objectives: [-0.017361790643880562].
[2023-04-09 19:09:34,310][moc][WARNING][util_funcs.py:111] Provide "objs" in result is deprecated and will be removed in future versions! Please use "objectives" instead.
[2023-04-09 19:09:34,312][moc][INFO][generic_smbo.py:332] Iter 13, objectives: [-0.01736179591178423].
[2023-04-09 19:09:35,511][moc][WARNING][util_funcs.py:111] Provide "objs" in result is deprecated and will be removed in future versions! Please use "objectives" instead.
[2023-04-09 19:09:35,512][moc][INFO][generic_smbo.py:332] Iter 14, objectives: [-0.017361795159226368].
[2023-04-09 19:09:36,446][moc][WARNING][util_funcs.py:111] Provide "objs" in result is deprecated and will be removed in future versions! Please use "objectives" instead.
[2023-04-09 19:09:36,447][moc][INFO][generic_smbo.py:332] Iter 15, objectives: [-0.017361797298075198].
[2023-04-09 19:09:37,507][moc][WARNING][util_funcs.py:111] Provide "objs" in result is deprecated and will be removed in future versions! Please use "objectives" instead.
[2023-04-09 19:09:37,509][moc][INFO][generic_smbo.py:332] Iter 16, objectives: [-0.017361793517282162].
[2023-04-09 19:09:37,510][moc][INFO][generic_advisor.py:365] Sample random config. rand_prob=0.100000.
[2023-04-09 19:09:37,707][moc][WARNING][util_funcs.py:111] Provide "objs" in result is deprecated and will be removed in future versions! Please use "objectives" instead.
[2023-04-09 19:09:37,708][moc][INFO][generic_smbo.py:332] Iter 17, objectives: [-0.0115753087736766].
[2023-04-09 19:09:39,216][moc][WARNING][util_funcs.py:111] Provide "objs" in result is deprecated and will be removed in future versions! Please use "objectives" instead.
[2023-04-09 19:09:39,217][moc][INFO][generic_smbo.py:332] Iter 18, objectives: [-0.01736179591178423].
[2023-04-09 19:09:39,218][moc][INFO][generic_advisor.py:365] Sample random config. rand_prob=0.100000.
[2023-04-09 19:09:40,139][moc][WARNING][util_funcs.py:111] Provide "objs" in result is deprecated and will be removed in future versions! Please use "objectives" instead.
[2023-04-09 19:09:40,141][moc][INFO][generic_smbo.py:332] Iter 19, objectives: [-0.003858804696319121].
[2023-04-09 19:09:40,990][moc][WARNING][util_funcs.py:111] Provide "objs" in result is deprecated and will be removed in future versions! Please use "objectives" instead.
[2023-04-09 19:09:40,992][moc][INFO][generic_smbo.py:332] Iter 20, objectives: [-0.017361794362400467].
