[2023-04-10 17:08:18,860][moc][INFO][color_logger.py:203] Logfile: /home/chenyiqi/wafer_scale_chip_dse_framework/logs/moc_2023-04-10-17-08-18-860451.log
[2023-04-10 17:08:18,872][moc][WARNING][util_funcs.py:111] Provide "objs" in result is deprecated and will be removed in future versions! Please use "objectives" instead.
[2023-04-10 17:08:18,873][moc][INFO][generic_smbo.py:333] Iter 1, objectives: [-1.045082408207881].
[2023-04-10 17:08:18,882][moc][WARNING][util_funcs.py:111] Provide "objs" in result is deprecated and will be removed in future versions! Please use "objectives" instead.
[2023-04-10 17:08:18,882][moc][INFO][generic_smbo.py:333] Iter 2, objectives: [-3.149098863062441].
[2023-04-10 17:08:18,892][moc][WARNING][util_funcs.py:111] Provide "objs" in result is deprecated and will be removed in future versions! Please use "objectives" instead.
[2023-04-10 17:08:18,892][moc][INFO][generic_smbo.py:333] Iter 3, objectives: [-6.5217849868526].
[2023-04-10 17:08:18,902][moc][WARNING][util_funcs.py:111] Provide "objs" in result is deprecated and will be removed in future versions! Please use "objectives" instead.
[2023-04-10 17:08:18,902][moc][INFO][generic_smbo.py:333] Iter 4, objectives: [-1.526566187598197].
[2023-04-10 17:08:18,912][moc][WARNING][util_funcs.py:111] Provide "objs" in result is deprecated and will be removed in future versions! Please use "objectives" instead.
[2023-04-10 17:08:18,912][moc][INFO][generic_smbo.py:333] Iter 5, objectives: [-1.3599624670896813].
[2023-04-10 17:08:18,922][moc][WARNING][util_funcs.py:111] Provide "objs" in result is deprecated and will be removed in future versions! Please use "objectives" instead.
[2023-04-10 17:08:18,922][moc][INFO][generic_smbo.py:333] Iter 6, objectives: [-3.0482856162553853].
[2023-04-10 17:08:18,932][moc][WARNING][util_funcs.py:111] Provide "objs" in result is deprecated and will be removed in future versions! Please use "objectives" instead.
[2023-04-10 17:08:18,932][moc][INFO][generic_smbo.py:333] Iter 7, objectives: [-0.7488620141345708].
[2023-04-10 17:08:18,942][moc][WARNING][util_funcs.py:111] Provide "objs" in result is deprecated and will be removed in future versions! Please use "objectives" instead.
[2023-04-10 17:08:18,942][moc][INFO][generic_smbo.py:333] Iter 8, objectives: [-0.8124199918265796].
[2023-04-10 17:08:18,951][moc][WARNING][util_funcs.py:111] Provide "objs" in result is deprecated and will be removed in future versions! Please use "objectives" instead.
[2023-04-10 17:08:18,951][moc][INFO][generic_smbo.py:333] Iter 9, objectives: [-2.989322995043574].
[2023-04-10 17:08:18,960][moc][WARNING][util_funcs.py:111] Provide "objs" in result is deprecated and will be removed in future versions! Please use "objectives" instead.
[2023-04-10 17:08:18,961][moc][INFO][generic_smbo.py:333] Iter 10, objectives: [-10.205405474216441].
[2023-04-10 17:08:18,971][moc][WARNING][util_funcs.py:111] Provide "objs" in result is deprecated and will be removed in future versions! Please use "objectives" instead.
[2023-04-10 17:08:18,971][moc][INFO][generic_smbo.py:333] Iter 11, objectives: [-0.3832604798343902].
[2023-04-10 17:08:18,981][moc][WARNING][util_funcs.py:111] Provide "objs" in result is deprecated and will be removed in future versions! Please use "objectives" instead.
[2023-04-10 17:08:18,981][moc][INFO][generic_smbo.py:333] Iter 12, objectives: [-0.4122383432905252].
[2023-04-10 17:08:18,991][moc][WARNING][util_funcs.py:111] Provide "objs" in result is deprecated and will be removed in future versions! Please use "objectives" instead.
[2023-04-10 17:08:18,991][moc][INFO][generic_smbo.py:333] Iter 13, objectives: [-1.051065531354272].
[2023-04-10 17:08:19,002][moc][WARNING][util_funcs.py:111] Provide "objs" in result is deprecated and will be removed in future versions! Please use "objectives" instead.
[2023-04-10 17:08:19,002][moc][INFO][generic_smbo.py:333] Iter 14, objectives: [-2.1127694058847144].
[2023-04-10 17:08:19,158][moc][WARNING][util_funcs.py:111] Provide "objs" in result is deprecated and will be removed in future versions! Please use "objectives" instead.
[2023-04-10 17:08:19,159][moc][INFO][generic_smbo.py:333] Iter 15, objectives: [-0.9644516838715045].
[2023-04-10 17:08:19,168][moc][WARNING][util_funcs.py:111] Provide "objs" in result is deprecated and will be removed in future versions! Please use "objectives" instead.
[2023-04-10 17:08:19,169][moc][INFO][generic_smbo.py:333] Iter 16, objectives: [-0.36599881845447424].
[2023-04-10 17:08:19,178][moc][WARNING][util_funcs.py:111] Provide "objs" in result is deprecated and will be removed in future versions! Please use "objectives" instead.
[2023-04-10 17:08:19,179][moc][INFO][generic_smbo.py:333] Iter 17, objectives: [-4.2204161025372295].
[2023-04-10 17:08:19,188][moc][WARNING][util_funcs.py:111] Provide "objs" in result is deprecated and will be removed in future versions! Please use "objectives" instead.
[2023-04-10 17:08:19,189][moc][INFO][generic_smbo.py:333] Iter 18, objectives: [-0.7036370354554762].
[2023-04-10 17:08:19,198][moc][WARNING][util_funcs.py:111] Provide "objs" in result is deprecated and will be removed in future versions! Please use "objectives" instead.
[2023-04-10 17:08:19,199][moc][INFO][generic_smbo.py:333] Iter 19, objectives: [-0.6943138957641289].
[2023-04-10 17:08:19,208][moc][WARNING][util_funcs.py:111] Provide "objs" in result is deprecated and will be removed in future versions! Please use "objectives" instead.
[2023-04-10 17:08:19,209][moc][INFO][generic_smbo.py:333] Iter 20, objectives: [-4.241365580769294].
[2023-04-10 17:08:19,209][moc][WARNING][util_funcs.py:111] Provide "objs" in result is deprecated and will be removed in future versions! Please use "objectives" instead.
[2023-04-10 17:08:19,209][moc][WARNING][util_funcs.py:123] Unused information in result: {'config': [{'data_parallel_size': 13, 'micro_batch_size': 10, 'model_parallel_size': 24, 'num_reticle_per_pipeline_stage': 35, 'tensor_parallel_size': 1}]}
[2023-04-10 17:08:19,209][moc][INFO][generic_smbo.py:418] Iter 13, objectives: [-10.205405474216441].
[2023-04-10 17:08:23,863][moc][WARNING][util_funcs.py:231] Keyword argument "num_objs" is deprecated and will be removed in a future version. Please use "num_objectives" instead.
