[2023-04-10 16:41:09,508][moc][INFO][color_logger.py:203] Logfile: /home/chenyiqi/wafer_scale_chip_dse_framework/logs/moc_2023-04-10-16-41-09-508534.log
[2023-04-10 16:41:09,515][moc][WARNING][util_funcs.py:111] Provide "objs" in result is deprecated and will be removed in future versions! Please use "objectives" instead.
[2023-04-10 16:41:09,515][moc][INFO][generic_smbo.py:333] Iter 1, objectives: [-2.5245821431200923].
[2023-04-10 16:41:09,519][moc][WARNING][util_funcs.py:111] Provide "objs" in result is deprecated and will be removed in future versions! Please use "objectives" instead.
[2023-04-10 16:41:09,519][moc][INFO][generic_smbo.py:333] Iter 2, objectives: [-0.7265764367823276].
[2023-04-10 16:41:09,523][moc][WARNING][util_funcs.py:111] Provide "objs" in result is deprecated and will be removed in future versions! Please use "objectives" instead.
[2023-04-10 16:41:09,523][moc][INFO][generic_smbo.py:333] Iter 3, objectives: [-0.7413454898573026].
[2023-04-10 16:41:09,527][moc][WARNING][util_funcs.py:111] Provide "objs" in result is deprecated and will be removed in future versions! Please use "objectives" instead.
[2023-04-10 16:41:09,527][moc][INFO][generic_smbo.py:333] Iter 4, objectives: [-1.3677080825212016].
[2023-04-10 16:41:09,531][moc][WARNING][util_funcs.py:111] Provide "objs" in result is deprecated and will be removed in future versions! Please use "objectives" instead.
[2023-04-10 16:41:09,531][moc][INFO][generic_smbo.py:333] Iter 5, objectives: [-0.6445138244086321].
[2023-04-10 16:41:09,535][moc][WARNING][util_funcs.py:111] Provide "objs" in result is deprecated and will be removed in future versions! Please use "objectives" instead.
[2023-04-10 16:41:09,535][moc][INFO][generic_smbo.py:333] Iter 6, objectives: [-0.78821825292359].
[2023-04-10 16:41:09,539][moc][WARNING][util_funcs.py:111] Provide "objs" in result is deprecated and will be removed in future versions! Please use "objectives" instead.
[2023-04-10 16:41:09,539][moc][INFO][generic_smbo.py:333] Iter 7, objectives: [-0.7332750294976951].
[2023-04-10 16:41:09,543][moc][WARNING][util_funcs.py:111] Provide "objs" in result is deprecated and will be removed in future versions! Please use "objectives" instead.
[2023-04-10 16:41:09,543][moc][INFO][generic_smbo.py:333] Iter 8, objectives: [-33.45164789380223].
[2023-04-10 16:41:09,546][moc][WARNING][util_funcs.py:111] Provide "objs" in result is deprecated and will be removed in future versions! Please use "objectives" instead.
[2023-04-10 16:41:09,546][moc][INFO][generic_smbo.py:333] Iter 9, objectives: [-1.013544614540907].
[2023-04-10 16:41:09,550][moc][WARNING][util_funcs.py:111] Provide "objs" in result is deprecated and will be removed in future versions! Please use "objectives" instead.
[2023-04-10 16:41:09,550][moc][INFO][generic_smbo.py:333] Iter 10, objectives: [-2.491776388391968].
[2023-04-10 16:41:09,550][moc][WARNING][util_funcs.py:111] Provide "objs" in result is deprecated and will be removed in future versions! Please use "objectives" instead.
[2023-04-10 16:41:09,550][moc][WARNING][util_funcs.py:123] Unused information in result: {'config': [Configuration(values={
  'data_parallel_size': 1,
  'micro_batch_size': 379,
  'model_parallel_size': 3,
  'num_reticle_per_pipeline_stage': 39,
  'tensor_parallel_size': 1,
})
]}
[2023-04-10 16:41:09,551][moc][INFO][generic_smbo.py:418] Iter 11, objectives: [-33.45164789380223].
[2023-04-10 16:41:09,551][moc][WARNING][mf_advisor.py:421] No enough successful initial trials! Sample random configuration.
[2023-04-10 16:41:09,553][moc][WARNING][util_funcs.py:231] Keyword argument "num_objs" is deprecated and will be removed in a future version. Please use "num_objectives" instead.
