[2023-04-10 16:49:22,032][moc][INFO][color_logger.py:203] Logfile: /home/chenyiqi/wafer_scale_chip_dse_framework/logs/moc_2023-04-10-16-49-22-032480.log
[2023-04-10 16:49:22,167][moc][WARNING][util_funcs.py:111] Provide "objs" in result is deprecated and will be removed in future versions! Please use "objectives" instead.
[2023-04-10 16:49:22,167][moc][INFO][generic_smbo.py:333] Iter 1, objectives: [-1.6941539209910366].
[2023-04-10 16:49:22,268][moc][WARNING][util_funcs.py:111] Provide "objs" in result is deprecated and will be removed in future versions! Please use "objectives" instead.
[2023-04-10 16:49:22,268][moc][INFO][generic_smbo.py:333] Iter 2, objectives: [-15.716897958489637].
[2023-04-10 16:49:22,335][moc][WARNING][util_funcs.py:111] Provide "objs" in result is deprecated and will be removed in future versions! Please use "objectives" instead.
[2023-04-10 16:49:22,335][moc][INFO][generic_smbo.py:333] Iter 3, objectives: [-9.654369880425573].
[2023-04-10 16:49:22,434][moc][WARNING][util_funcs.py:111] Provide "objs" in result is deprecated and will be removed in future versions! Please use "objectives" instead.
[2023-04-10 16:49:22,435][moc][INFO][generic_smbo.py:333] Iter 4, objectives: [-0.9424639566485955].
[2023-04-10 16:49:22,689][moc][WARNING][util_funcs.py:111] Provide "objs" in result is deprecated and will be removed in future versions! Please use "objectives" instead.
[2023-04-10 16:49:22,689][moc][INFO][generic_smbo.py:333] Iter 5, objectives: [-0.592744632042791].
[2023-04-10 16:49:22,774][moc][WARNING][util_funcs.py:111] Provide "objs" in result is deprecated and will be removed in future versions! Please use "objectives" instead.
[2023-04-10 16:49:22,775][moc][INFO][generic_smbo.py:333] Iter 6, objectives: [-12.041329181211882].
[2023-04-10 16:49:22,913][moc][WARNING][util_funcs.py:111] Provide "objs" in result is deprecated and will be removed in future versions! Please use "objectives" instead.
[2023-04-10 16:49:22,913][moc][INFO][generic_smbo.py:333] Iter 7, objectives: [-0.2618356087838186].
[2023-04-10 16:49:22,997][moc][WARNING][util_funcs.py:111] Provide "objs" in result is deprecated and will be removed in future versions! Please use "objectives" instead.
[2023-04-10 16:49:22,998][moc][INFO][generic_smbo.py:333] Iter 8, objectives: [-0.9212600765052364].
[2023-04-10 16:49:23,109][moc][WARNING][util_funcs.py:111] Provide "objs" in result is deprecated and will be removed in future versions! Please use "objectives" instead.
[2023-04-10 16:49:23,109][moc][INFO][generic_smbo.py:333] Iter 9, objectives: [-0.9199115889537451].
[2023-04-10 16:49:23,216][moc][WARNING][util_funcs.py:111] Provide "objs" in result is deprecated and will be removed in future versions! Please use "objectives" instead.
[2023-04-10 16:49:23,217][moc][INFO][generic_smbo.py:333] Iter 10, objectives: [-2.0789581355429583].
[2023-04-10 16:49:23,217][moc][WARNING][util_funcs.py:111] Provide "objs" in result is deprecated and will be removed in future versions! Please use "objectives" instead.
[2023-04-10 16:49:23,218][moc][WARNING][util_funcs.py:123] Unused information in result: {'config': [Configuration(values={
  'data_parallel_size': 17,
  'micro_batch_size': 16,
  'model_parallel_size': 12,
  'num_reticle_per_pipeline_stage': 76,
  'tensor_parallel_size': 3,
})
]}
[2023-04-10 16:49:23,218][moc][INFO][generic_smbo.py:418] Iter 2, objectives: [-15.716897958489637].
[2023-04-10 16:49:23,219][moc][WARNING][util_funcs.py:231] Keyword argument "num_objs" is deprecated and will be removed in a future version. Please use "num_objectives" instead.
