[2023-04-09 19:01:17,703][moc][INFO][color_logger.py:203] Logfile: /home/chenyiqi/wafer_scale_chip_dse_framework/logs/moc_2023-04-09-19-01-17-698049.log
[2023-04-09 19:01:17,716][moc][INFO][generic_advisor.py:157] [BO auto selection]  acq_type: ei.
[2023-04-09 19:01:17,890][moc][WARNING][util_funcs.py:111] Provide "objs" in result is deprecated and will be removed in future versions! Please use "objectives" instead.
[2023-04-09 19:01:17,891][moc][INFO][generic_smbo.py:332] Iter 1, objectives: [-0.017361703723931553].
[2023-04-09 19:01:18,116][moc][WARNING][util_funcs.py:111] Provide "objs" in result is deprecated and will be removed in future versions! Please use "objectives" instead.
[2023-04-09 19:01:18,117][moc][INFO][generic_smbo.py:332] Iter 2, objectives: [-0.01736175452119866].
[2023-04-09 19:01:18,502][moc][WARNING][util_funcs.py:111] Provide "objs" in result is deprecated and will be removed in future versions! Please use "objectives" instead.
[2023-04-09 19:01:18,504][moc][INFO][generic_smbo.py:332] Iter 3, objectives: [-0.005788071398745061].
[2023-04-09 19:01:18,714][moc][WARNING][util_funcs.py:111] Provide "objs" in result is deprecated and will be removed in future versions! Please use "objectives" instead.
[2023-04-09 19:01:18,715][moc][INFO][generic_smbo.py:332] Iter 4, objectives: [-0.017361749311208867].
[2023-04-09 19:01:18,997][moc][WARNING][util_funcs.py:111] Provide "objs" in result is deprecated and will be removed in future versions! Please use "objectives" instead.
[2023-04-09 19:01:18,997][moc][INFO][generic_smbo.py:332] Iter 5, objectives: [-0.0069455861809480995].
[2023-04-09 19:01:19,316][moc][WARNING][util_funcs.py:111] Provide "objs" in result is deprecated and will be removed in future versions! Please use "objectives" instead.
[2023-04-09 19:01:19,317][moc][INFO][generic_smbo.py:332] Iter 6, objectives: [-0.011575313164189619].
[2023-04-09 19:01:20,703][moc][WARNING][util_funcs.py:111] Provide "objs" in result is deprecated and will be removed in future versions! Please use "objectives" instead.
[2023-04-09 19:01:20,705][moc][INFO][generic_smbo.py:332] Iter 7, objectives: [-0.017361759036525676].
[2023-04-09 19:01:21,754][moc][WARNING][util_funcs.py:111] Provide "objs" in result is deprecated and will be removed in future versions! Please use "objectives" instead.
[2023-04-09 19:01:21,755][moc][INFO][generic_smbo.py:332] Iter 8, objectives: [-0.017361749311208867].
[2023-04-09 19:01:23,146][moc][WARNING][util_funcs.py:111] Provide "objs" in result is deprecated and will be removed in future versions! Please use "objectives" instead.
[2023-04-09 19:01:23,147][moc][INFO][generic_smbo.py:332] Iter 9, objectives: [-0.017361749311208867].
[2023-04-09 19:01:24,462][moc][WARNING][util_funcs.py:111] Provide "objs" in result is deprecated and will be removed in future versions! Please use "objectives" instead.
[2023-04-09 19:01:24,463][moc][INFO][generic_smbo.py:332] Iter 10, objectives: [-0.017361772344871605].
[2023-04-09 19:01:26,127][moc][WARNING][util_funcs.py:111] Provide "objs" in result is deprecated and will be removed in future versions! Please use "objectives" instead.
[2023-04-09 19:01:26,128][moc][INFO][generic_smbo.py:332] Iter 11, objectives: [-0.017361743232891393].
[2023-04-09 19:01:27,339][moc][WARNING][util_funcs.py:111] Provide "objs" in result is deprecated and will be removed in future versions! Please use "objectives" instead.
[2023-04-09 19:01:27,340][moc][INFO][generic_smbo.py:332] Iter 12, objectives: [-0.01736172742928588].
[2023-04-09 19:01:28,865][moc][WARNING][util_funcs.py:111] Provide "objs" in result is deprecated and will be removed in future versions! Please use "objectives" instead.
[2023-04-09 19:01:28,867][moc][INFO][generic_smbo.py:332] Iter 13, objectives: [-0.017361762987438745].
[2023-04-09 19:01:30,118][moc][WARNING][util_funcs.py:111] Provide "objs" in result is deprecated and will be removed in future versions! Please use "objectives" instead.
[2023-04-09 19:01:30,119][moc][INFO][generic_smbo.py:332] Iter 14, objectives: [-0.01736175452119866].
[2023-04-09 19:01:32,315][moc][WARNING][util_funcs.py:111] Provide "objs" in result is deprecated and will be removed in future versions! Please use "objectives" instead.
[2023-04-09 19:01:32,316][moc][INFO][generic_smbo.py:332] Iter 15, objectives: [-0.017361703723931553].
[2023-04-09 19:01:32,317][moc][INFO][generic_advisor.py:365] Sample random config. rand_prob=0.100000.
[2023-04-09 19:01:33,019][moc][WARNING][util_funcs.py:111] Provide "objs" in result is deprecated and will be removed in future versions! Please use "objectives" instead.
[2023-04-09 19:01:33,024][moc][INFO][generic_smbo.py:332] Iter 16, objectives: [-0.004341129560739578].
[2023-04-09 19:01:34,663][moc][WARNING][util_funcs.py:111] Provide "objs" in result is deprecated and will be removed in future versions! Please use "objectives" instead.
[2023-04-09 19:01:34,664][moc][INFO][generic_smbo.py:332] Iter 17, objectives: [-0.017361769572297854].
[2023-04-09 19:01:36,115][moc][WARNING][util_funcs.py:111] Provide "objs" in result is deprecated and will be removed in future versions! Please use "objectives" instead.
[2023-04-09 19:01:36,117][moc][INFO][generic_smbo.py:332] Iter 18, objectives: [-0.017361716893564853].
[2023-04-09 19:01:37,276][moc][WARNING][util_funcs.py:111] Provide "objs" in result is deprecated and will be removed in future versions! Please use "objectives" instead.
[2023-04-09 19:01:37,279][moc][INFO][generic_smbo.py:332] Iter 19, objectives: [-0.017361703723931553].
[2023-04-09 19:01:38,883][moc][WARNING][util_funcs.py:111] Provide "objs" in result is deprecated and will be removed in future versions! Please use "objectives" instead.
[2023-04-09 19:01:38,885][moc][INFO][generic_smbo.py:332] Iter 20, objectives: [-0.01736172742928588].
