[2023-04-10 19:31:15,366][moc][INFO][color_logger.py:203] Logfile: /home/chenyiqi/wafer_scale_chip_dse_framework/logs/moc_2023-04-10-19-31-15-366559.log
[2023-04-10 19:31:15,371][moc][WARNING][util_funcs.py:111] Provide "objs" in result is deprecated and will be removed in future versions! Please use "objectives" instead.
[2023-04-10 19:31:15,371][moc][INFO][generic_smbo.py:352] Iter 1, objectives: [-1.3682491244956962].
[2023-04-10 19:31:15,373][moc][WARNING][util_funcs.py:111] Provide "objs" in result is deprecated and will be removed in future versions! Please use "objectives" instead.
[2023-04-10 19:31:15,374][moc][INFO][generic_smbo.py:352] Iter 2, objectives: [-2.3065849198208936].
[2023-04-10 19:31:15,376][moc][WARNING][util_funcs.py:111] Provide "objs" in result is deprecated and will be removed in future versions! Please use "objectives" instead.
[2023-04-10 19:31:15,376][moc][INFO][generic_smbo.py:352] Iter 3, objectives: [-3.8258535142515187].
[2023-04-10 19:31:15,378][moc][WARNING][util_funcs.py:111] Provide "objs" in result is deprecated and will be removed in future versions! Please use "objectives" instead.
[2023-04-10 19:31:15,378][moc][INFO][generic_smbo.py:352] Iter 4, objectives: [-301.96533321596803].
[2023-04-10 19:31:15,381][moc][WARNING][util_funcs.py:111] Provide "objs" in result is deprecated and will be removed in future versions! Please use "objectives" instead.
[2023-04-10 19:31:15,381][moc][INFO][generic_smbo.py:352] Iter 5, objectives: [-10.169484276280459].
[2023-04-10 19:31:15,384][moc][WARNING][util_funcs.py:111] Provide "objs" in result is deprecated and will be removed in future versions! Please use "objectives" instead.
[2023-04-10 19:31:15,384][moc][INFO][generic_smbo.py:352] Iter 6, objectives: [-1.5143421877526786].
[2023-04-10 19:31:15,386][moc][WARNING][util_funcs.py:111] Provide "objs" in result is deprecated and will be removed in future versions! Please use "objectives" instead.
[2023-04-10 19:31:15,386][moc][INFO][generic_smbo.py:352] Iter 7, objectives: [-0.2766788536397373].
[2023-04-10 19:31:15,389][moc][WARNING][util_funcs.py:111] Provide "objs" in result is deprecated and will be removed in future versions! Please use "objectives" instead.
[2023-04-10 19:31:15,389][moc][INFO][generic_smbo.py:352] Iter 8, objectives: [-0.5405324356427627].
[2023-04-10 19:31:15,392][moc][WARNING][util_funcs.py:111] Provide "objs" in result is deprecated and will be removed in future versions! Please use "objectives" instead.
[2023-04-10 19:31:15,392][moc][INFO][generic_smbo.py:352] Iter 9, objectives: [-0.4299623810925522].
[2023-04-10 19:31:15,394][moc][WARNING][util_funcs.py:111] Provide "objs" in result is deprecated and will be removed in future versions! Please use "objectives" instead.
[2023-04-10 19:31:15,394][moc][INFO][generic_smbo.py:352] Iter 10, objectives: [-1.268863401875043].
[2023-04-10 19:31:15,397][moc][WARNING][util_funcs.py:111] Provide "objs" in result is deprecated and will be removed in future versions! Please use "objectives" instead.
[2023-04-10 19:31:15,397][moc][INFO][generic_smbo.py:352] Iter 11, objectives: [-2.277735877850132].
[2023-04-10 19:31:15,400][moc][WARNING][util_funcs.py:111] Provide "objs" in result is deprecated and will be removed in future versions! Please use "objectives" instead.
[2023-04-10 19:31:15,400][moc][INFO][generic_smbo.py:352] Iter 12, objectives: [-0.6830015935575299].
[2023-04-10 19:31:15,402][moc][WARNING][util_funcs.py:111] Provide "objs" in result is deprecated and will be removed in future versions! Please use "objectives" instead.
[2023-04-10 19:31:15,403][moc][INFO][generic_smbo.py:352] Iter 13, objectives: [-1.3814817468943859].
[2023-04-10 19:31:15,405][moc][WARNING][util_funcs.py:111] Provide "objs" in result is deprecated and will be removed in future versions! Please use "objectives" instead.
[2023-04-10 19:31:15,405][moc][INFO][generic_smbo.py:352] Iter 14, objectives: [-0.523053951411853].
[2023-04-10 19:31:15,408][moc][WARNING][util_funcs.py:111] Provide "objs" in result is deprecated and will be removed in future versions! Please use "objectives" instead.
[2023-04-10 19:31:15,408][moc][INFO][generic_smbo.py:352] Iter 15, objectives: [-2.005167413969098].
[2023-04-10 19:31:15,411][moc][WARNING][util_funcs.py:111] Provide "objs" in result is deprecated and will be removed in future versions! Please use "objectives" instead.
[2023-04-10 19:31:15,411][moc][INFO][generic_smbo.py:352] Iter 16, objectives: [-3.5255162084201506].
[2023-04-10 19:31:15,413][moc][WARNING][util_funcs.py:111] Provide "objs" in result is deprecated and will be removed in future versions! Please use "objectives" instead.
[2023-04-10 19:31:15,414][moc][INFO][generic_smbo.py:352] Iter 17, objectives: [-1.888096397648448].
[2023-04-10 19:31:15,416][moc][WARNING][util_funcs.py:111] Provide "objs" in result is deprecated and will be removed in future versions! Please use "objectives" instead.
[2023-04-10 19:31:15,416][moc][INFO][generic_smbo.py:352] Iter 18, objectives: [-0.8485767363412311].
[2023-04-10 19:31:15,419][moc][WARNING][util_funcs.py:111] Provide "objs" in result is deprecated and will be removed in future versions! Please use "objectives" instead.
[2023-04-10 19:31:15,419][moc][INFO][generic_smbo.py:352] Iter 19, objectives: [-0.7382298486456723].
[2023-04-10 19:31:15,422][moc][WARNING][util_funcs.py:111] Provide "objs" in result is deprecated and will be removed in future versions! Please use "objectives" instead.
[2023-04-10 19:31:15,422][moc][INFO][generic_smbo.py:352] Iter 20, objectives: [-1.8518906063371756].
[2023-04-10 19:31:15,422][moc][WARNING][util_funcs.py:111] Provide "objs" in result is deprecated and will be removed in future versions! Please use "objectives" instead.
[2023-04-10 19:31:15,422][moc][WARNING][util_funcs.py:123] Unused information in result: {'config': [{'data_parallel_size': 4, 'micro_batch_size': 13, 'model_parallel_size': 12, 'num_reticle_per_pipeline_stage': 137, 'tensor_parallel_size': 1}]}
[2023-04-10 19:31:15,423][moc][INFO][generic_smbo.py:437] Iter 15, objectives: [-301.96533321596803].
[2023-04-10 19:31:19,649][moc][WARNING][util_funcs.py:231] Keyword argument "num_objs" is deprecated and will be removed in a future version. Please use "num_objectives" instead.
