[2023-04-09 23:25:47,722][moc][INFO][color_logger.py:203] Logfile: /home/chenyiqi/wafer_scale_chip_dse_framework/logs/moc_2023-04-09-23-25-47-721810.log
[2023-04-09 23:25:47,757][moc][WARNING][util_funcs.py:226] Keyword argument "num_objs" is deprecated and will be removed in a future version. Please use "num_objectives" instead.
[2023-04-09 23:25:47,840][moc][WARNING][util_funcs.py:111] Provide "objs" in result is deprecated and will be removed in future versions! Please use "objectives" instead.
[2023-04-09 23:25:47,842][moc][INFO][generic_smbo.py:416] Iter 1, objectives: [10000000000.0].
[2023-04-09 23:25:47,866][moc][WARNING][util_funcs.py:226] Keyword argument "num_objs" is deprecated and will be removed in a future version. Please use "num_objectives" instead.
[2023-04-09 23:25:47,997][moc][WARNING][util_funcs.py:111] Provide "objs" in result is deprecated and will be removed in future versions! Please use "objectives" instead.
[2023-04-09 23:25:47,998][moc][INFO][generic_smbo.py:416] Iter 2, objectives: [10000000000.0].
[2023-04-09 23:25:48,020][moc][WARNING][util_funcs.py:226] Keyword argument "num_objs" is deprecated and will be removed in a future version. Please use "num_objectives" instead.
[2023-04-09 23:25:48,083][moc][WARNING][util_funcs.py:111] Provide "objs" in result is deprecated and will be removed in future versions! Please use "objectives" instead.
[2023-04-09 23:25:48,084][moc][INFO][generic_smbo.py:416] Iter 3, objectives: [10000000000.0].
[2023-04-09 23:25:48,106][moc][WARNING][util_funcs.py:226] Keyword argument "num_objs" is deprecated and will be removed in a future version. Please use "num_objectives" instead.
[2023-04-09 23:25:48,183][moc][WARNING][util_funcs.py:111] Provide "objs" in result is deprecated and will be removed in future versions! Please use "objectives" instead.
[2023-04-09 23:25:48,184][moc][INFO][generic_smbo.py:416] Iter 4, objectives: [10000000000.0].
[2023-04-09 23:25:48,207][moc][WARNING][util_funcs.py:226] Keyword argument "num_objs" is deprecated and will be removed in a future version. Please use "num_objectives" instead.
[2023-04-09 23:25:48,289][moc][WARNING][util_funcs.py:111] Provide "objs" in result is deprecated and will be removed in future versions! Please use "objectives" instead.
[2023-04-09 23:25:48,291][moc][INFO][generic_smbo.py:416] Iter 5, objectives: [10000000000.0].
[2023-04-09 23:25:48,334][moc][WARNING][util_funcs.py:226] Keyword argument "num_objs" is deprecated and will be removed in a future version. Please use "num_objectives" instead.
[2023-04-09 23:25:48,485][moc][WARNING][util_funcs.py:111] Provide "objs" in result is deprecated and will be removed in future versions! Please use "objectives" instead.
[2023-04-09 23:25:48,486][moc][INFO][generic_smbo.py:416] Iter 6, objectives: [10000000000.0].
[2023-04-09 23:25:56,938][moc][WARNING][util_funcs.py:226] Keyword argument "num_objs" is deprecated and will be removed in a future version. Please use "num_objectives" instead.
[2023-04-09 23:25:58,291][moc][WARNING][util_funcs.py:111] Provide "objs" in result is deprecated and will be removed in future versions! Please use "objectives" instead.
[2023-04-09 23:25:58,292][moc][INFO][generic_smbo.py:416] Iter 7, objectives: [-53.68593519303867].
[2023-04-09 23:26:05,868][moc][WARNING][util_funcs.py:226] Keyword argument "num_objs" is deprecated and will be removed in a future version. Please use "num_objectives" instead.
[2023-04-09 23:26:07,161][moc][WARNING][util_funcs.py:111] Provide "objs" in result is deprecated and will be removed in future versions! Please use "objectives" instead.
[2023-04-09 23:26:07,163][moc][INFO][generic_smbo.py:416] Iter 8, objectives: [10000000000.0].
[2023-04-09 23:26:14,745][moc][WARNING][util_funcs.py:226] Keyword argument "num_objs" is deprecated and will be removed in a future version. Please use "num_objectives" instead.
[2023-04-09 23:26:17,384][moc][WARNING][util_funcs.py:111] Provide "objs" in result is deprecated and will be removed in future versions! Please use "objectives" instead.
[2023-04-09 23:26:17,386][moc][INFO][generic_smbo.py:416] Iter 9, objectives: [-0.5032952800358932].
[2023-04-09 23:26:24,745][moc][WARNING][util_funcs.py:226] Keyword argument "num_objs" is deprecated and will be removed in a future version. Please use "num_objectives" instead.
[2023-04-09 23:26:26,198][moc][WARNING][util_funcs.py:111] Provide "objs" in result is deprecated and will be removed in future versions! Please use "objectives" instead.
[2023-04-09 23:26:26,200][moc][INFO][generic_smbo.py:416] Iter 10, objectives: [-59.38197144344746].
[2023-04-09 23:26:33,965][moc][WARNING][util_funcs.py:226] Keyword argument "num_objs" is deprecated and will be removed in a future version. Please use "num_objectives" instead.
[2023-04-09 23:26:34,070][moc][WARNING][util_funcs.py:111] Provide "objs" in result is deprecated and will be removed in future versions! Please use "objectives" instead.
[2023-04-09 23:26:34,071][moc][INFO][generic_smbo.py:416] Iter 11, objectives: [10000000000.0].
[2023-04-09 23:26:41,850][moc][WARNING][util_funcs.py:226] Keyword argument "num_objs" is deprecated and will be removed in a future version. Please use "num_objectives" instead.
[2023-04-09 23:26:43,271][moc][WARNING][util_funcs.py:111] Provide "objs" in result is deprecated and will be removed in future versions! Please use "objectives" instead.
[2023-04-09 23:26:43,273][moc][INFO][generic_smbo.py:416] Iter 12, objectives: [10000000000.0].
[2023-04-09 23:26:51,092][moc][WARNING][util_funcs.py:226] Keyword argument "num_objs" is deprecated and will be removed in a future version. Please use "num_objectives" instead.
[2023-04-09 23:26:51,195][moc][WARNING][util_funcs.py:111] Provide "objs" in result is deprecated and will be removed in future versions! Please use "objectives" instead.
[2023-04-09 23:26:51,196][moc][INFO][generic_smbo.py:416] Iter 13, objectives: [10000000000.0].
[2023-04-09 23:26:59,100][moc][WARNING][util_funcs.py:226] Keyword argument "num_objs" is deprecated and will be removed in a future version. Please use "num_objectives" instead.
[2023-04-09 23:26:59,228][moc][WARNING][util_funcs.py:111] Provide "objs" in result is deprecated and will be removed in future versions! Please use "objectives" instead.
[2023-04-09 23:26:59,229][moc][INFO][generic_smbo.py:416] Iter 14, objectives: [10000000000.0].
[2023-04-09 23:27:06,981][moc][WARNING][util_funcs.py:226] Keyword argument "num_objs" is deprecated and will be removed in a future version. Please use "num_objectives" instead.
[2023-04-09 23:27:09,236][moc][WARNING][util_funcs.py:111] Provide "objs" in result is deprecated and will be removed in future versions! Please use "objectives" instead.
[2023-04-09 23:27:09,237][moc][INFO][generic_smbo.py:416] Iter 15, objectives: [10000000000.0].
[2023-04-09 23:27:16,781][moc][WARNING][util_funcs.py:226] Keyword argument "num_objs" is deprecated and will be removed in a future version. Please use "num_objectives" instead.
[2023-04-09 23:27:18,245][moc][WARNING][util_funcs.py:111] Provide "objs" in result is deprecated and will be removed in future versions! Please use "objectives" instead.
[2023-04-09 23:27:18,247][moc][INFO][generic_smbo.py:416] Iter 16, objectives: [-46.4687945247789].
[2023-04-09 23:27:26,051][moc][WARNING][util_funcs.py:226] Keyword argument "num_objs" is deprecated and will be removed in a future version. Please use "num_objectives" instead.
[2023-04-09 23:27:27,270][moc][WARNING][util_funcs.py:111] Provide "objs" in result is deprecated and will be removed in future versions! Please use "objectives" instead.
[2023-04-09 23:27:27,272][moc][INFO][generic_smbo.py:416] Iter 17, objectives: [10000000000.0].
[2023-04-09 23:27:35,358][moc][WARNING][util_funcs.py:226] Keyword argument "num_objs" is deprecated and will be removed in a future version. Please use "num_objectives" instead.
[2023-04-09 23:27:35,431][moc][WARNING][util_funcs.py:111] Provide "objs" in result is deprecated and will be removed in future versions! Please use "objectives" instead.
[2023-04-09 23:27:35,433][moc][INFO][generic_smbo.py:416] Iter 18, objectives: [10000000000.0].
[2023-04-09 23:27:43,227][moc][WARNING][util_funcs.py:226] Keyword argument "num_objs" is deprecated and will be removed in a future version. Please use "num_objectives" instead.
[2023-04-09 23:27:44,478][moc][WARNING][util_funcs.py:111] Provide "objs" in result is deprecated and will be removed in future versions! Please use "objectives" instead.
[2023-04-09 23:27:44,479][moc][INFO][generic_smbo.py:416] Iter 19, objectives: [-265.5655133250152].
[2023-04-09 23:27:52,522][moc][WARNING][util_funcs.py:226] Keyword argument "num_objs" is deprecated and will be removed in a future version. Please use "num_objectives" instead.
[2023-04-09 23:27:52,605][moc][WARNING][util_funcs.py:111] Provide "objs" in result is deprecated and will be removed in future versions! Please use "objectives" instead.
[2023-04-09 23:27:52,607][moc][INFO][generic_smbo.py:416] Iter 20, objectives: [10000000000.0].
[2023-04-09 23:27:52,608][moc][INFO][mf_advisor.py:411] Sample random config. rand_prob=0.100000.
[2023-04-09 23:27:52,635][moc][WARNING][util_funcs.py:226] Keyword argument "num_objs" is deprecated and will be removed in a future version. Please use "num_objectives" instead.
[2023-04-09 23:27:53,874][moc][WARNING][util_funcs.py:111] Provide "objs" in result is deprecated and will be removed in future versions! Please use "objectives" instead.
[2023-04-09 23:27:53,876][moc][INFO][generic_smbo.py:416] Iter 21, objectives: [-68.21195692368376].
[2023-04-09 23:28:02,260][moc][WARNING][util_funcs.py:226] Keyword argument "num_objs" is deprecated and will be removed in a future version. Please use "num_objectives" instead.
[2023-04-09 23:28:02,770][moc][WARNING][util_funcs.py:111] Provide "objs" in result is deprecated and will be removed in future versions! Please use "objectives" instead.
[2023-04-09 23:28:02,772][moc][INFO][generic_smbo.py:416] Iter 22, objectives: [10000000000.0].
[2023-04-09 23:28:11,491][moc][WARNING][util_funcs.py:226] Keyword argument "num_objs" is deprecated and will be removed in a future version. Please use "num_objectives" instead.
[2023-04-09 23:28:11,593][moc][WARNING][util_funcs.py:111] Provide "objs" in result is deprecated and will be removed in future versions! Please use "objectives" instead.
[2023-04-09 23:28:11,594][moc][INFO][generic_smbo.py:416] Iter 23, objectives: [10000000000.0].
[2023-04-09 23:28:11,595][moc][INFO][mf_advisor.py:411] Sample random config. rand_prob=0.100000.
[2023-04-09 23:28:11,618][moc][WARNING][util_funcs.py:226] Keyword argument "num_objs" is deprecated and will be removed in a future version. Please use "num_objectives" instead.
[2023-04-09 23:28:12,928][moc][WARNING][util_funcs.py:111] Provide "objs" in result is deprecated and will be removed in future versions! Please use "objectives" instead.
[2023-04-09 23:28:12,929][moc][INFO][generic_smbo.py:416] Iter 24, objectives: [-4.036434321724035].
[2023-04-09 23:28:20,712][moc][WARNING][util_funcs.py:226] Keyword argument "num_objs" is deprecated and will be removed in a future version. Please use "num_objectives" instead.
[2023-04-09 23:28:22,076][moc][WARNING][util_funcs.py:111] Provide "objs" in result is deprecated and will be removed in future versions! Please use "objectives" instead.
[2023-04-09 23:28:22,078][moc][INFO][generic_smbo.py:416] Iter 25, objectives: [-1.656803158034613].
[2023-04-09 23:28:30,063][moc][WARNING][util_funcs.py:226] Keyword argument "num_objs" is deprecated and will be removed in a future version. Please use "num_objectives" instead.
[2023-04-09 23:28:30,144][moc][WARNING][util_funcs.py:111] Provide "objs" in result is deprecated and will be removed in future versions! Please use "objectives" instead.
[2023-04-09 23:28:30,147][moc][INFO][generic_smbo.py:416] Iter 26, objectives: [10000000000.0].
[2023-04-09 23:28:38,015][moc][WARNING][util_funcs.py:226] Keyword argument "num_objs" is deprecated and will be removed in a future version. Please use "num_objectives" instead.
[2023-04-09 23:28:39,207][moc][WARNING][util_funcs.py:111] Provide "objs" in result is deprecated and will be removed in future versions! Please use "objectives" instead.
[2023-04-09 23:28:39,209][moc][INFO][generic_smbo.py:416] Iter 27, objectives: [-60.922726128145335].
[2023-04-09 23:28:47,992][moc][WARNING][util_funcs.py:226] Keyword argument "num_objs" is deprecated and will be removed in a future version. Please use "num_objectives" instead.
[2023-04-09 23:28:48,118][moc][WARNING][util_funcs.py:111] Provide "objs" in result is deprecated and will be removed in future versions! Please use "objectives" instead.
[2023-04-09 23:28:48,120][moc][INFO][generic_smbo.py:416] Iter 28, objectives: [10000000000.0].
[2023-04-09 23:28:48,122][moc][INFO][mf_advisor.py:411] Sample random config. rand_prob=0.100000.
[2023-04-09 23:28:48,164][moc][WARNING][util_funcs.py:226] Keyword argument "num_objs" is deprecated and will be removed in a future version. Please use "num_objectives" instead.
[2023-04-09 23:28:48,637][moc][WARNING][util_funcs.py:111] Provide "objs" in result is deprecated and will be removed in future versions! Please use "objectives" instead.
[2023-04-09 23:28:48,639][moc][INFO][generic_smbo.py:416] Iter 29, objectives: [10000000000.0].
[2023-04-09 23:28:57,333][moc][WARNING][util_funcs.py:226] Keyword argument "num_objs" is deprecated and will be removed in a future version. Please use "num_objectives" instead.
[2023-04-09 23:28:57,431][moc][WARNING][util_funcs.py:111] Provide "objs" in result is deprecated and will be removed in future versions! Please use "objectives" instead.
[2023-04-09 23:28:57,434][moc][INFO][generic_smbo.py:416] Iter 30, objectives: [10000000000.0].
[2023-04-09 23:29:05,682][moc][WARNING][util_funcs.py:226] Keyword argument "num_objs" is deprecated and will be removed in a future version. Please use "num_objectives" instead.
[2023-04-09 23:29:05,979][moc][WARNING][util_funcs.py:111] Provide "objs" in result is deprecated and will be removed in future versions! Please use "objectives" instead.
[2023-04-09 23:29:05,982][moc][INFO][generic_smbo.py:416] Iter 31, objectives: [10000000000.0].
[2023-04-09 23:29:14,137][moc][WARNING][util_funcs.py:226] Keyword argument "num_objs" is deprecated and will be removed in a future version. Please use "num_objectives" instead.
[2023-04-09 23:29:14,214][moc][WARNING][util_funcs.py:111] Provide "objs" in result is deprecated and will be removed in future versions! Please use "objectives" instead.
[2023-04-09 23:29:14,216][moc][INFO][generic_smbo.py:416] Iter 32, objectives: [10000000000.0].
[2023-04-09 23:29:22,500][moc][WARNING][util_funcs.py:226] Keyword argument "num_objs" is deprecated and will be removed in a future version. Please use "num_objectives" instead.
[2023-04-09 23:29:25,795][moc][WARNING][util_funcs.py:111] Provide "objs" in result is deprecated and will be removed in future versions! Please use "objectives" instead.
[2023-04-09 23:29:25,798][moc][INFO][generic_smbo.py:416] Iter 33, objectives: [10000000000.0].
[2023-04-09 23:29:35,368][moc][WARNING][util_funcs.py:226] Keyword argument "num_objs" is deprecated and will be removed in a future version. Please use "num_objectives" instead.
[2023-04-09 23:29:35,724][moc][WARNING][util_funcs.py:111] Provide "objs" in result is deprecated and will be removed in future versions! Please use "objectives" instead.
[2023-04-09 23:29:35,725][moc][INFO][generic_smbo.py:416] Iter 34, objectives: [10000000000.0].
[2023-04-09 23:29:35,726][moc][INFO][mf_advisor.py:411] Sample random config. rand_prob=0.100000.
[2023-04-09 23:29:35,754][moc][WARNING][util_funcs.py:226] Keyword argument "num_objs" is deprecated and will be removed in a future version. Please use "num_objectives" instead.
[2023-04-09 23:29:35,854][moc][WARNING][util_funcs.py:111] Provide "objs" in result is deprecated and will be removed in future versions! Please use "objectives" instead.
[2023-04-09 23:29:35,855][moc][INFO][generic_smbo.py:416] Iter 35, objectives: [10000000000.0].
[2023-04-09 23:29:46,967][moc][WARNING][util_funcs.py:226] Keyword argument "num_objs" is deprecated and will be removed in a future version. Please use "num_objectives" instead.
[2023-04-09 23:29:47,373][moc][WARNING][util_funcs.py:111] Provide "objs" in result is deprecated and will be removed in future versions! Please use "objectives" instead.
[2023-04-09 23:29:47,375][moc][INFO][generic_smbo.py:416] Iter 36, objectives: [10000000000.0].
[2023-04-09 23:29:57,302][moc][WARNING][util_funcs.py:226] Keyword argument "num_objs" is deprecated and will be removed in a future version. Please use "num_objectives" instead.
[2023-04-09 23:29:58,703][moc][WARNING][util_funcs.py:111] Provide "objs" in result is deprecated and will be removed in future versions! Please use "objectives" instead.
[2023-04-09 23:29:58,706][moc][INFO][generic_smbo.py:416] Iter 37, objectives: [-45.67178264321197].
[2023-04-09 23:30:09,104][moc][WARNING][util_funcs.py:226] Keyword argument "num_objs" is deprecated and will be removed in a future version. Please use "num_objectives" instead.
[2023-04-09 23:30:09,234][moc][WARNING][util_funcs.py:111] Provide "objs" in result is deprecated and will be removed in future versions! Please use "objectives" instead.
[2023-04-09 23:30:09,236][moc][INFO][generic_smbo.py:416] Iter 38, objectives: [10000000000.0].
[2023-04-09 23:30:20,001][moc][WARNING][util_funcs.py:226] Keyword argument "num_objs" is deprecated and will be removed in a future version. Please use "num_objectives" instead.
[2023-04-09 23:30:20,116][moc][WARNING][util_funcs.py:111] Provide "objs" in result is deprecated and will be removed in future versions! Please use "objectives" instead.
[2023-04-09 23:30:20,118][moc][INFO][generic_smbo.py:416] Iter 39, objectives: [10000000000.0].
[2023-04-09 23:30:30,797][moc][WARNING][util_funcs.py:226] Keyword argument "num_objs" is deprecated and will be removed in a future version. Please use "num_objectives" instead.
[2023-04-09 23:30:32,637][moc][WARNING][util_funcs.py:111] Provide "objs" in result is deprecated and will be removed in future versions! Please use "objectives" instead.
[2023-04-09 23:30:32,639][moc][INFO][generic_smbo.py:416] Iter 40, objectives: [-53.371837957775334].
[2023-04-09 23:30:45,977][moc][WARNING][util_funcs.py:226] Keyword argument "num_objs" is deprecated and will be removed in a future version. Please use "num_objectives" instead.
[2023-04-09 23:30:47,349][moc][WARNING][util_funcs.py:111] Provide "objs" in result is deprecated and will be removed in future versions! Please use "objectives" instead.
[2023-04-09 23:30:47,351][moc][INFO][generic_smbo.py:416] Iter 41, objectives: [-30.710050625325422].
[2023-04-09 23:30:47,351][moc][INFO][mf_advisor.py:411] Sample random config. rand_prob=0.100000.
[2023-04-09 23:30:47,375][moc][WARNING][util_funcs.py:226] Keyword argument "num_objs" is deprecated and will be removed in a future version. Please use "num_objectives" instead.
[2023-04-09 23:30:47,833][moc][WARNING][util_funcs.py:111] Provide "objs" in result is deprecated and will be removed in future versions! Please use "objectives" instead.
[2023-04-09 23:30:47,834][moc][INFO][generic_smbo.py:416] Iter 42, objectives: [10000000000.0].
[2023-04-09 23:31:02,220][moc][WARNING][util_funcs.py:226] Keyword argument "num_objs" is deprecated and will be removed in a future version. Please use "num_objectives" instead.
[2023-04-09 23:31:05,623][moc][WARNING][util_funcs.py:111] Provide "objs" in result is deprecated and will be removed in future versions! Please use "objectives" instead.
[2023-04-09 23:31:05,625][moc][INFO][generic_smbo.py:416] Iter 43, objectives: [10000000000.0].
[2023-04-09 23:31:16,406][moc][WARNING][util_funcs.py:226] Keyword argument "num_objs" is deprecated and will be removed in a future version. Please use "num_objectives" instead.
[2023-04-09 23:31:19,001][moc][WARNING][util_funcs.py:111] Provide "objs" in result is deprecated and will be removed in future versions! Please use "objectives" instead.
[2023-04-09 23:31:19,002][moc][INFO][generic_smbo.py:416] Iter 44, objectives: [-98.92517638134812].
[2023-04-09 23:31:32,980][moc][WARNING][util_funcs.py:226] Keyword argument "num_objs" is deprecated and will be removed in a future version. Please use "num_objectives" instead.
[2023-04-09 23:31:35,935][moc][WARNING][util_funcs.py:111] Provide "objs" in result is deprecated and will be removed in future versions! Please use "objectives" instead.
[2023-04-09 23:31:35,937][moc][INFO][generic_smbo.py:416] Iter 45, objectives: [-113.29841683982073].
[2023-04-09 23:31:49,202][moc][WARNING][util_funcs.py:226] Keyword argument "num_objs" is deprecated and will be removed in a future version. Please use "num_objectives" instead.
[2023-04-09 23:31:49,321][moc][WARNING][util_funcs.py:111] Provide "objs" in result is deprecated and will be removed in future versions! Please use "objectives" instead.
[2023-04-09 23:31:49,323][moc][INFO][generic_smbo.py:416] Iter 46, objectives: [10000000000.0].
[2023-04-09 23:31:49,324][moc][INFO][mf_advisor.py:411] Sample random config. rand_prob=0.100000.
[2023-04-09 23:31:49,398][moc][WARNING][util_funcs.py:226] Keyword argument "num_objs" is deprecated and will be removed in a future version. Please use "num_objectives" instead.
[2023-04-09 23:31:56,341][moc][WARNING][util_funcs.py:111] Provide "objs" in result is deprecated and will be removed in future versions! Please use "objectives" instead.
[2023-04-09 23:31:56,344][moc][INFO][generic_smbo.py:416] Iter 47, objectives: [-0.9925466332246494].
[2023-04-09 23:32:11,100][moc][WARNING][util_funcs.py:226] Keyword argument "num_objs" is deprecated and will be removed in a future version. Please use "num_objectives" instead.
[2023-04-09 23:32:13,442][moc][WARNING][util_funcs.py:111] Provide "objs" in result is deprecated and will be removed in future versions! Please use "objectives" instead.
[2023-04-09 23:32:13,444][moc][INFO][generic_smbo.py:416] Iter 48, objectives: [10000000000.0].
[2023-04-09 23:32:28,841][moc][WARNING][util_funcs.py:226] Keyword argument "num_objs" is deprecated and will be removed in a future version. Please use "num_objectives" instead.
[2023-04-09 23:32:31,653][moc][WARNING][util_funcs.py:111] Provide "objs" in result is deprecated and will be removed in future versions! Please use "objectives" instead.
[2023-04-09 23:32:31,655][moc][INFO][generic_smbo.py:416] Iter 49, objectives: [-37.1299598497407].
[2023-04-09 23:32:46,177][moc][WARNING][util_funcs.py:226] Keyword argument "num_objs" is deprecated and will be removed in a future version. Please use "num_objectives" instead.
[2023-04-09 23:32:49,467][moc][WARNING][util_funcs.py:111] Provide "objs" in result is deprecated and will be removed in future versions! Please use "objectives" instead.
[2023-04-09 23:32:49,469][moc][INFO][generic_smbo.py:416] Iter 50, objectives: [-29.919431604107803].
[2023-04-09 23:33:04,935][moc][WARNING][util_funcs.py:226] Keyword argument "num_objs" is deprecated and will be removed in a future version. Please use "num_objectives" instead.
[2023-04-09 23:33:07,242][moc][WARNING][util_funcs.py:111] Provide "objs" in result is deprecated and will be removed in future versions! Please use "objectives" instead.
[2023-04-09 23:33:07,244][moc][INFO][generic_smbo.py:416] Iter 51, objectives: [-2.6461808049914484].
[2023-04-09 23:33:07,244][moc][INFO][mf_advisor.py:411] Sample random config. rand_prob=0.100000.
[2023-04-09 23:33:07,318][moc][WARNING][util_funcs.py:226] Keyword argument "num_objs" is deprecated and will be removed in a future version. Please use "num_objectives" instead.
[2023-04-09 23:33:11,754][moc][WARNING][util_funcs.py:111] Provide "objs" in result is deprecated and will be removed in future versions! Please use "objectives" instead.
[2023-04-09 23:33:11,756][moc][INFO][generic_smbo.py:416] Iter 52, objectives: [-54.82841853253598].
[2023-04-09 23:33:33,965][moc][WARNING][util_funcs.py:226] Keyword argument "num_objs" is deprecated and will be removed in a future version. Please use "num_objectives" instead.
[2023-04-09 23:33:35,720][moc][WARNING][util_funcs.py:111] Provide "objs" in result is deprecated and will be removed in future versions! Please use "objectives" instead.
[2023-04-09 23:33:35,722][moc][INFO][generic_smbo.py:416] Iter 53, objectives: [10000000000.0].
[2023-04-09 23:33:57,865][moc][WARNING][util_funcs.py:226] Keyword argument "num_objs" is deprecated and will be removed in a future version. Please use "num_objectives" instead.
[2023-04-09 23:33:59,799][moc][WARNING][util_funcs.py:111] Provide "objs" in result is deprecated and will be removed in future versions! Please use "objectives" instead.
[2023-04-09 23:33:59,800][moc][INFO][generic_smbo.py:416] Iter 54, objectives: [10000000000.0].
[2023-04-09 23:34:15,532][moc][WARNING][util_funcs.py:226] Keyword argument "num_objs" is deprecated and will be removed in a future version. Please use "num_objectives" instead.
[2023-04-09 23:34:18,571][moc][WARNING][util_funcs.py:111] Provide "objs" in result is deprecated and will be removed in future versions! Please use "objectives" instead.
[2023-04-09 23:34:18,582][moc][INFO][generic_smbo.py:416] Iter 55, objectives: [-31.219219488240466].
[2023-04-09 23:34:33,728][moc][WARNING][util_funcs.py:226] Keyword argument "num_objs" is deprecated and will be removed in a future version. Please use "num_objectives" instead.
[2023-04-09 23:34:33,927][moc][WARNING][util_funcs.py:111] Provide "objs" in result is deprecated and will be removed in future versions! Please use "objectives" instead.
[2023-04-09 23:34:33,930][moc][INFO][generic_smbo.py:416] Iter 56, objectives: [10000000000.0].
[2023-04-09 23:34:53,831][moc][WARNING][util_funcs.py:226] Keyword argument "num_objs" is deprecated and will be removed in a future version. Please use "num_objectives" instead.
[2023-04-09 23:34:55,915][moc][WARNING][util_funcs.py:111] Provide "objs" in result is deprecated and will be removed in future versions! Please use "objectives" instead.
[2023-04-09 23:34:55,916][moc][INFO][generic_smbo.py:416] Iter 57, objectives: [10000000000.0].
[2023-04-09 23:35:18,887][moc][WARNING][util_funcs.py:226] Keyword argument "num_objs" is deprecated and will be removed in a future version. Please use "num_objectives" instead.
[2023-04-09 23:35:22,443][moc][WARNING][util_funcs.py:111] Provide "objs" in result is deprecated and will be removed in future versions! Please use "objectives" instead.
[2023-04-09 23:35:22,445][moc][INFO][generic_smbo.py:416] Iter 58, objectives: [10000000000.0].
[2023-04-09 23:35:41,915][moc][WARNING][util_funcs.py:226] Keyword argument "num_objs" is deprecated and will be removed in a future version. Please use "num_objectives" instead.
[2023-04-09 23:35:45,486][moc][WARNING][util_funcs.py:111] Provide "objs" in result is deprecated and will be removed in future versions! Please use "objectives" instead.
[2023-04-09 23:35:45,488][moc][INFO][generic_smbo.py:416] Iter 59, objectives: [-24.503708374638293].
[2023-04-09 23:36:09,597][moc][WARNING][util_funcs.py:226] Keyword argument "num_objs" is deprecated and will be removed in a future version. Please use "num_objectives" instead.
[2023-04-09 23:36:11,765][moc][WARNING][util_funcs.py:111] Provide "objs" in result is deprecated and will be removed in future versions! Please use "objectives" instead.
[2023-04-09 23:36:11,767][moc][INFO][generic_smbo.py:416] Iter 60, objectives: [-29.948351895565573].
[2023-04-09 23:36:33,780][moc][WARNING][util_funcs.py:226] Keyword argument "num_objs" is deprecated and will be removed in a future version. Please use "num_objectives" instead.
[2023-04-09 23:36:53,011][moc][WARNING][util_funcs.py:111] Provide "objs" in result is deprecated and will be removed in future versions! Please use "objectives" instead.
[2023-04-09 23:36:53,014][moc][INFO][generic_smbo.py:416] Iter 61, objectives: [-12.643408843694907].
[2023-04-09 23:37:19,605][moc][WARNING][util_funcs.py:226] Keyword argument "num_objs" is deprecated and will be removed in a future version. Please use "num_objectives" instead.
[2023-04-09 23:37:19,676][moc][WARNING][util_funcs.py:111] Provide "objs" in result is deprecated and will be removed in future versions! Please use "objectives" instead.
[2023-04-09 23:37:19,679][moc][INFO][generic_smbo.py:416] Iter 62, objectives: [10000000000.0].
[2023-04-09 23:37:46,373][moc][WARNING][util_funcs.py:226] Keyword argument "num_objs" is deprecated and will be removed in a future version. Please use "num_objectives" instead.
[2023-04-09 23:37:46,524][moc][WARNING][util_funcs.py:111] Provide "objs" in result is deprecated and will be removed in future versions! Please use "objectives" instead.
[2023-04-09 23:37:46,527][moc][INFO][generic_smbo.py:416] Iter 63, objectives: [10000000000.0].
[2023-04-09 23:38:12,768][moc][WARNING][util_funcs.py:226] Keyword argument "num_objs" is deprecated and will be removed in a future version. Please use "num_objectives" instead.
[2023-04-09 23:38:12,919][moc][WARNING][util_funcs.py:111] Provide "objs" in result is deprecated and will be removed in future versions! Please use "objectives" instead.
[2023-04-09 23:38:12,920][moc][INFO][generic_smbo.py:416] Iter 64, objectives: [10000000000.0].
[2023-04-09 23:38:36,107][moc][WARNING][util_funcs.py:226] Keyword argument "num_objs" is deprecated and will be removed in a future version. Please use "num_objectives" instead.
[2023-04-09 23:39:07,192][moc][WARNING][util_funcs.py:111] Provide "objs" in result is deprecated and will be removed in future versions! Please use "objectives" instead.
[2023-04-09 23:39:07,194][moc][INFO][generic_smbo.py:416] Iter 65, objectives: [-4.7833619630940225].
[2023-04-09 23:39:45,604][moc][WARNING][util_funcs.py:226] Keyword argument "num_objs" is deprecated and will be removed in a future version. Please use "num_objectives" instead.
[2023-04-09 23:39:49,594][moc][WARNING][util_funcs.py:111] Provide "objs" in result is deprecated and will be removed in future versions! Please use "objectives" instead.
[2023-04-09 23:39:49,596][moc][INFO][generic_smbo.py:416] Iter 66, objectives: [-36.43693424983231].
[2023-04-09 23:40:21,869][moc][WARNING][util_funcs.py:226] Keyword argument "num_objs" is deprecated and will be removed in a future version. Please use "num_objectives" instead.
[2023-04-09 23:40:26,043][moc][WARNING][util_funcs.py:111] Provide "objs" in result is deprecated and will be removed in future versions! Please use "objectives" instead.
[2023-04-09 23:40:26,046][moc][INFO][generic_smbo.py:416] Iter 67, objectives: [-138.9902240316856].
[2023-04-09 23:40:54,624][moc][WARNING][util_funcs.py:226] Keyword argument "num_objs" is deprecated and will be removed in a future version. Please use "num_objectives" instead.
[2023-04-09 23:41:31,399][moc][WARNING][util_funcs.py:111] Provide "objs" in result is deprecated and will be removed in future versions! Please use "objectives" instead.
[2023-04-09 23:41:31,401][moc][INFO][generic_smbo.py:416] Iter 68, objectives: [-7.228697078641961].
[2023-04-09 23:42:08,136][moc][WARNING][util_funcs.py:226] Keyword argument "num_objs" is deprecated and will be removed in a future version. Please use "num_objectives" instead.
[2023-04-09 23:42:08,374][moc][WARNING][util_funcs.py:111] Provide "objs" in result is deprecated and will be removed in future versions! Please use "objectives" instead.
[2023-04-09 23:42:08,376][moc][INFO][generic_smbo.py:416] Iter 69, objectives: [10000000000.0].
[2023-04-09 23:42:40,676][moc][WARNING][util_funcs.py:226] Keyword argument "num_objs" is deprecated and will be removed in a future version. Please use "num_objectives" instead.
[2023-04-09 23:42:45,232][moc][WARNING][util_funcs.py:111] Provide "objs" in result is deprecated and will be removed in future versions! Please use "objectives" instead.
[2023-04-09 23:42:45,234][moc][INFO][generic_smbo.py:416] Iter 70, objectives: [-4.672509709321258].
[2023-04-09 23:43:22,470][moc][WARNING][util_funcs.py:226] Keyword argument "num_objs" is deprecated and will be removed in a future version. Please use "num_objectives" instead.
[2023-04-09 23:43:22,694][moc][WARNING][util_funcs.py:111] Provide "objs" in result is deprecated and will be removed in future versions! Please use "objectives" instead.
[2023-04-09 23:43:22,695][moc][INFO][generic_smbo.py:416] Iter 71, objectives: [10000000000.0].
[2023-04-09 23:44:00,888][moc][WARNING][util_funcs.py:226] Keyword argument "num_objs" is deprecated and will be removed in a future version. Please use "num_objectives" instead.
[2023-04-09 23:44:39,387][moc][WARNING][util_funcs.py:111] Provide "objs" in result is deprecated and will be removed in future versions! Please use "objectives" instead.
[2023-04-09 23:44:39,389][moc][INFO][generic_smbo.py:416] Iter 72, objectives: [-20.568455215069015].
[2023-04-09 23:45:22,100][moc][WARNING][util_funcs.py:226] Keyword argument "num_objs" is deprecated and will be removed in a future version. Please use "num_objectives" instead.
[2023-04-09 23:45:25,647][moc][WARNING][util_funcs.py:111] Provide "objs" in result is deprecated and will be removed in future versions! Please use "objectives" instead.
[2023-04-09 23:45:25,650][moc][INFO][generic_smbo.py:416] Iter 73, objectives: [-44.985751707665266].
[2023-04-09 23:46:06,402][moc][WARNING][util_funcs.py:226] Keyword argument "num_objs" is deprecated and will be removed in a future version. Please use "num_objectives" instead.
[2023-04-09 23:46:10,943][moc][WARNING][util_funcs.py:111] Provide "objs" in result is deprecated and will be removed in future versions! Please use "objectives" instead.
[2023-04-09 23:46:10,945][moc][INFO][generic_smbo.py:416] Iter 74, objectives: [-13.892363479251902].
[2023-04-09 23:46:51,512][moc][WARNING][util_funcs.py:226] Keyword argument "num_objs" is deprecated and will be removed in a future version. Please use "num_objectives" instead.
[2023-04-09 23:46:54,066][moc][WARNING][util_funcs.py:111] Provide "objs" in result is deprecated and will be removed in future versions! Please use "objectives" instead.
[2023-04-09 23:46:54,068][moc][INFO][generic_smbo.py:416] Iter 75, objectives: [-37.167554915249006].
[2023-04-09 23:47:38,289][moc][WARNING][util_funcs.py:226] Keyword argument "num_objs" is deprecated and will be removed in a future version. Please use "num_objectives" instead.
[2023-04-09 23:48:20,366][moc][WARNING][util_funcs.py:111] Provide "objs" in result is deprecated and will be removed in future versions! Please use "objectives" instead.
[2023-04-09 23:48:20,369][moc][INFO][generic_smbo.py:416] Iter 76, objectives: [-12.481424343909035].
[2023-04-09 23:49:01,037][moc][WARNING][util_funcs.py:226] Keyword argument "num_objs" is deprecated and will be removed in a future version. Please use "num_objectives" instead.
[2023-04-09 23:49:03,904][moc][WARNING][util_funcs.py:111] Provide "objs" in result is deprecated and will be removed in future versions! Please use "objectives" instead.
[2023-04-09 23:49:03,906][moc][INFO][generic_smbo.py:416] Iter 77, objectives: [-40.34523125793393].
[2023-04-09 23:49:59,639][moc][WARNING][util_funcs.py:226] Keyword argument "num_objs" is deprecated and will be removed in a future version. Please use "num_objectives" instead.
[2023-04-09 23:50:02,323][moc][WARNING][util_funcs.py:111] Provide "objs" in result is deprecated and will be removed in future versions! Please use "objectives" instead.
[2023-04-09 23:50:02,325][moc][INFO][generic_smbo.py:416] Iter 78, objectives: [10000000000.0].
[2023-04-09 23:50:51,476][moc][WARNING][util_funcs.py:226] Keyword argument "num_objs" is deprecated and will be removed in a future version. Please use "num_objectives" instead.
[2023-04-09 23:51:19,965][moc][WARNING][util_funcs.py:111] Provide "objs" in result is deprecated and will be removed in future versions! Please use "objectives" instead.
[2023-04-09 23:51:19,967][moc][INFO][generic_smbo.py:416] Iter 79, objectives: [-3.4407802351939227].
[2023-04-09 23:51:54,580][moc][WARNING][util_funcs.py:226] Keyword argument "num_objs" is deprecated and will be removed in a future version. Please use "num_objectives" instead.
[2023-04-09 23:51:58,270][moc][WARNING][util_funcs.py:111] Provide "objs" in result is deprecated and will be removed in future versions! Please use "objectives" instead.
[2023-04-09 23:51:58,273][moc][INFO][generic_smbo.py:416] Iter 80, objectives: [-3.746692269624233].
[2023-04-09 23:52:40,873][moc][WARNING][util_funcs.py:226] Keyword argument "num_objs" is deprecated and will be removed in a future version. Please use "num_objectives" instead.
[2023-04-09 23:52:46,693][moc][WARNING][util_funcs.py:111] Provide "objs" in result is deprecated and will be removed in future versions! Please use "objectives" instead.
[2023-04-09 23:52:46,695][moc][INFO][generic_smbo.py:416] Iter 81, objectives: [-28.378963380318].
[2023-04-09 23:52:46,696][moc][INFO][mf_advisor.py:411] Sample random config. rand_prob=0.100000.
[2023-04-09 23:52:46,807][moc][WARNING][util_funcs.py:226] Keyword argument "num_objs" is deprecated and will be removed in a future version. Please use "num_objectives" instead.
[2023-04-09 23:52:47,245][moc][WARNING][util_funcs.py:111] Provide "objs" in result is deprecated and will be removed in future versions! Please use "objectives" instead.
[2023-04-09 23:52:47,246][moc][INFO][generic_smbo.py:416] Iter 82, objectives: [10000000000.0].
[2023-04-09 23:53:29,210][moc][WARNING][util_funcs.py:226] Keyword argument "num_objs" is deprecated and will be removed in a future version. Please use "num_objectives" instead.
[2023-04-09 23:53:59,448][moc][WARNING][util_funcs.py:111] Provide "objs" in result is deprecated and will be removed in future versions! Please use "objectives" instead.
[2023-04-09 23:53:59,451][moc][INFO][generic_smbo.py:416] Iter 83, objectives: [-16.4606614526723].
[2023-04-09 23:54:50,660][moc][WARNING][util_funcs.py:226] Keyword argument "num_objs" is deprecated and will be removed in a future version. Please use "num_objectives" instead.
[2023-04-09 23:54:54,061][moc][WARNING][util_funcs.py:111] Provide "objs" in result is deprecated and will be removed in future versions! Please use "objectives" instead.
[2023-04-09 23:54:54,063][moc][INFO][generic_smbo.py:416] Iter 84, objectives: [10000000000.0].
[2023-04-09 23:55:49,721][moc][WARNING][util_funcs.py:226] Keyword argument "num_objs" is deprecated and will be removed in a future version. Please use "num_objectives" instead.
[2023-04-09 23:55:50,209][moc][WARNING][util_funcs.py:111] Provide "objs" in result is deprecated and will be removed in future versions! Please use "objectives" instead.
[2023-04-09 23:55:50,211][moc][INFO][generic_smbo.py:416] Iter 85, objectives: [10000000000.0].
[2023-04-09 23:56:39,100][moc][WARNING][util_funcs.py:226] Keyword argument "num_objs" is deprecated and will be removed in a future version. Please use "num_objectives" instead.
[2023-04-09 23:57:11,364][moc][WARNING][util_funcs.py:111] Provide "objs" in result is deprecated and will be removed in future versions! Please use "objectives" instead.
[2023-04-09 23:57:11,370][moc][INFO][generic_smbo.py:416] Iter 86, objectives: [-16.832761704516304].
[2023-04-09 23:57:54,575][moc][WARNING][util_funcs.py:226] Keyword argument "num_objs" is deprecated and will be removed in a future version. Please use "num_objectives" instead.
[2023-04-09 23:57:58,476][moc][WARNING][util_funcs.py:111] Provide "objs" in result is deprecated and will be removed in future versions! Please use "objectives" instead.
[2023-04-09 23:57:58,478][moc][INFO][generic_smbo.py:416] Iter 87, objectives: [10000000000.0].
[2023-04-09 23:58:50,226][moc][WARNING][util_funcs.py:226] Keyword argument "num_objs" is deprecated and will be removed in a future version. Please use "num_objectives" instead.
[2023-04-09 23:58:50,626][moc][WARNING][util_funcs.py:111] Provide "objs" in result is deprecated and will be removed in future versions! Please use "objectives" instead.
[2023-04-09 23:58:50,628][moc][INFO][generic_smbo.py:416] Iter 88, objectives: [10000000000.0].
[2023-04-09 23:59:34,292][moc][WARNING][util_funcs.py:226] Keyword argument "num_objs" is deprecated and will be removed in a future version. Please use "num_objectives" instead.
[2023-04-09 23:59:39,759][moc][WARNING][util_funcs.py:111] Provide "objs" in result is deprecated and will be removed in future versions! Please use "objectives" instead.
[2023-04-09 23:59:39,767][moc][INFO][generic_smbo.py:416] Iter 89, objectives: [-129.18194836963107].
[2023-04-10 00:00:30,772][moc][WARNING][util_funcs.py:226] Keyword argument "num_objs" is deprecated and will be removed in a future version. Please use "num_objectives" instead.
[2023-04-10 00:00:46,703][moc][WARNING][util_funcs.py:111] Provide "objs" in result is deprecated and will be removed in future versions! Please use "objectives" instead.
[2023-04-10 00:00:46,705][moc][INFO][generic_smbo.py:416] Iter 90, objectives: [-9.583642964017233].
[2023-04-10 00:00:46,706][moc][INFO][mf_advisor.py:411] Sample random config. rand_prob=0.100000.
[2023-04-10 00:00:46,824][moc][WARNING][util_funcs.py:226] Keyword argument "num_objs" is deprecated and will be removed in a future version. Please use "num_objectives" instead.
[2023-04-10 00:00:47,682][moc][WARNING][util_funcs.py:111] Provide "objs" in result is deprecated and will be removed in future versions! Please use "objectives" instead.
[2023-04-10 00:00:47,684][moc][INFO][generic_smbo.py:416] Iter 91, objectives: [10000000000.0].
[2023-04-10 00:01:34,807][moc][WARNING][util_funcs.py:226] Keyword argument "num_objs" is deprecated and will be removed in a future version. Please use "num_objectives" instead.
[2023-04-10 00:01:35,262][moc][WARNING][util_funcs.py:111] Provide "objs" in result is deprecated and will be removed in future versions! Please use "objectives" instead.
[2023-04-10 00:01:35,264][moc][INFO][generic_smbo.py:416] Iter 92, objectives: [10000000000.0].
[2023-04-10 00:02:23,461][moc][WARNING][util_funcs.py:226] Keyword argument "num_objs" is deprecated and will be removed in a future version. Please use "num_objectives" instead.
[2023-04-10 00:02:25,308][moc][WARNING][util_funcs.py:111] Provide "objs" in result is deprecated and will be removed in future versions! Please use "objectives" instead.
[2023-04-10 00:02:25,309][moc][INFO][generic_smbo.py:416] Iter 93, objectives: [10000000000.0].
[2023-04-10 00:03:11,520][moc][WARNING][util_funcs.py:226] Keyword argument "num_objs" is deprecated and will be removed in a future version. Please use "num_objectives" instead.
[2023-04-10 00:03:49,568][moc][WARNING][util_funcs.py:111] Provide "objs" in result is deprecated and will be removed in future versions! Please use "objectives" instead.
[2023-04-10 00:03:49,570][moc][INFO][generic_smbo.py:416] Iter 94, objectives: [-0.953130886259079].
[2023-04-10 00:04:48,971][moc][WARNING][util_funcs.py:226] Keyword argument "num_objs" is deprecated and will be removed in a future version. Please use "num_objectives" instead.
[2023-04-10 00:04:49,243][moc][WARNING][util_funcs.py:111] Provide "objs" in result is deprecated and will be removed in future versions! Please use "objectives" instead.
[2023-04-10 00:04:49,246][moc][INFO][generic_smbo.py:416] Iter 95, objectives: [10000000000.0].
[2023-04-10 00:05:51,669][moc][WARNING][util_funcs.py:226] Keyword argument "num_objs" is deprecated and will be removed in a future version. Please use "num_objectives" instead.
[2023-04-10 00:05:54,079][moc][WARNING][util_funcs.py:111] Provide "objs" in result is deprecated and will be removed in future versions! Please use "objectives" instead.
[2023-04-10 00:05:54,080][moc][INFO][generic_smbo.py:416] Iter 96, objectives: [-19.21601717371453].
[2023-04-10 00:06:36,571][moc][WARNING][util_funcs.py:226] Keyword argument "num_objs" is deprecated and will be removed in a future version. Please use "num_objectives" instead.
[2023-04-10 00:07:01,701][moc][WARNING][util_funcs.py:111] Provide "objs" in result is deprecated and will be removed in future versions! Please use "objectives" instead.
[2023-04-10 00:07:01,702][moc][INFO][generic_smbo.py:416] Iter 97, objectives: [-5.896253266007314].
[2023-04-10 00:07:30,836][moc][WARNING][util_funcs.py:226] Keyword argument "num_objs" is deprecated and will be removed in a future version. Please use "num_objectives" instead.
[2023-04-10 00:07:30,943][moc][WARNING][util_funcs.py:111] Provide "objs" in result is deprecated and will be removed in future versions! Please use "objectives" instead.
[2023-04-10 00:07:30,944][moc][INFO][generic_smbo.py:416] Iter 98, objectives: [10000000000.0].
[2023-04-10 00:08:08,109][moc][WARNING][util_funcs.py:226] Keyword argument "num_objs" is deprecated and will be removed in a future version. Please use "num_objectives" instead.
[2023-04-10 00:08:11,071][moc][WARNING][util_funcs.py:111] Provide "objs" in result is deprecated and will be removed in future versions! Please use "objectives" instead.
[2023-04-10 00:08:11,074][moc][INFO][generic_smbo.py:416] Iter 99, objectives: [-7.8613808567239].
[2023-04-10 00:08:43,792][moc][WARNING][util_funcs.py:226] Keyword argument "num_objs" is deprecated and will be removed in a future version. Please use "num_objectives" instead.
[2023-04-10 00:08:43,889][moc][WARNING][util_funcs.py:111] Provide "objs" in result is deprecated and will be removed in future versions! Please use "objectives" instead.
[2023-04-10 00:08:43,891][moc][INFO][generic_smbo.py:416] Iter 100, objectives: [10000000000.0].
