[2023-04-10 17:12:13,980][moc][INFO][color_logger.py:203] Logfile: /home/chenyiqi/wafer_scale_chip_dse_framework/logs/moc_2023-04-10-17-12-13-979936.log
[2023-04-10 17:12:13,985][moc][WARNING][util_funcs.py:111] Provide "objs" in result is deprecated and will be removed in future versions! Please use "objectives" instead.
[2023-04-10 17:12:13,986][moc][INFO][generic_smbo.py:333] Iter 1, objectives: [-1.5426021598523243].
[2023-04-10 17:12:13,989][moc][WARNING][util_funcs.py:111] Provide "objs" in result is deprecated and will be removed in future versions! Please use "objectives" instead.
[2023-04-10 17:12:13,990][moc][INFO][generic_smbo.py:333] Iter 2, objectives: [-1.4250137603888748].
[2023-04-10 17:12:13,993][moc][WARNING][util_funcs.py:111] Provide "objs" in result is deprecated and will be removed in future versions! Please use "objectives" instead.
[2023-04-10 17:12:13,993][moc][INFO][generic_smbo.py:333] Iter 3, objectives: [-1.2474070698098971].
[2023-04-10 17:12:13,997][moc][WARNING][util_funcs.py:111] Provide "objs" in result is deprecated and will be removed in future versions! Please use "objectives" instead.
[2023-04-10 17:12:13,997][moc][INFO][generic_smbo.py:333] Iter 4, objectives: [-0.7528674976332254].
[2023-04-10 17:12:14,001][moc][WARNING][util_funcs.py:111] Provide "objs" in result is deprecated and will be removed in future versions! Please use "objectives" instead.
[2023-04-10 17:12:14,001][moc][INFO][generic_smbo.py:333] Iter 5, objectives: [-1.5755981363794993].
[2023-04-10 17:12:14,005][moc][WARNING][util_funcs.py:111] Provide "objs" in result is deprecated and will be removed in future versions! Please use "objectives" instead.
[2023-04-10 17:12:14,005][moc][INFO][generic_smbo.py:333] Iter 6, objectives: [-1.504758677733832].
[2023-04-10 17:12:14,009][moc][WARNING][util_funcs.py:111] Provide "objs" in result is deprecated and will be removed in future versions! Please use "objectives" instead.
[2023-04-10 17:12:14,009][moc][INFO][generic_smbo.py:333] Iter 7, objectives: [-0.38107523926110715].
[2023-04-10 17:12:14,013][moc][WARNING][util_funcs.py:111] Provide "objs" in result is deprecated and will be removed in future versions! Please use "objectives" instead.
[2023-04-10 17:12:14,013][moc][INFO][generic_smbo.py:333] Iter 8, objectives: [-0.6816118680679308].
[2023-04-10 17:12:14,017][moc][WARNING][util_funcs.py:111] Provide "objs" in result is deprecated and will be removed in future versions! Please use "objectives" instead.
[2023-04-10 17:12:14,017][moc][INFO][generic_smbo.py:333] Iter 9, objectives: [-29.107579123308216].
[2023-04-10 17:12:14,021][moc][WARNING][util_funcs.py:111] Provide "objs" in result is deprecated and will be removed in future versions! Please use "objectives" instead.
[2023-04-10 17:12:14,021][moc][INFO][generic_smbo.py:333] Iter 10, objectives: [-0.5901242426619286].
[2023-04-10 17:12:14,025][moc][WARNING][util_funcs.py:111] Provide "objs" in result is deprecated and will be removed in future versions! Please use "objectives" instead.
[2023-04-10 17:12:14,025][moc][INFO][generic_smbo.py:333] Iter 11, objectives: [-0.41809428495346035].
[2023-04-10 17:12:14,029][moc][WARNING][util_funcs.py:111] Provide "objs" in result is deprecated and will be removed in future versions! Please use "objectives" instead.
[2023-04-10 17:12:14,030][moc][INFO][generic_smbo.py:333] Iter 12, objectives: [-0.4519360134732639].
[2023-04-10 17:12:14,033][moc][WARNING][util_funcs.py:111] Provide "objs" in result is deprecated and will be removed in future versions! Please use "objectives" instead.
[2023-04-10 17:12:14,034][moc][INFO][generic_smbo.py:333] Iter 13, objectives: [-0.8016214880471452].
[2023-04-10 17:12:14,038][moc][WARNING][util_funcs.py:111] Provide "objs" in result is deprecated and will be removed in future versions! Please use "objectives" instead.
[2023-04-10 17:12:14,038][moc][INFO][generic_smbo.py:333] Iter 14, objectives: [-2.04937857332927].
[2023-04-10 17:12:14,042][moc][WARNING][util_funcs.py:111] Provide "objs" in result is deprecated and will be removed in future versions! Please use "objectives" instead.
[2023-04-10 17:12:14,042][moc][INFO][generic_smbo.py:333] Iter 15, objectives: [-2.3215628240901705].
[2023-04-10 17:12:14,046][moc][WARNING][util_funcs.py:111] Provide "objs" in result is deprecated and will be removed in future versions! Please use "objectives" instead.
[2023-04-10 17:12:14,046][moc][INFO][generic_smbo.py:333] Iter 16, objectives: [-1.7933243755489583].
[2023-04-10 17:12:14,050][moc][WARNING][util_funcs.py:111] Provide "objs" in result is deprecated and will be removed in future versions! Please use "objectives" instead.
[2023-04-10 17:12:14,050][moc][INFO][generic_smbo.py:333] Iter 17, objectives: [-1.4641891842251922].
[2023-04-10 17:12:14,054][moc][WARNING][util_funcs.py:111] Provide "objs" in result is deprecated and will be removed in future versions! Please use "objectives" instead.
[2023-04-10 17:12:14,054][moc][INFO][generic_smbo.py:333] Iter 18, objectives: [-1.5351805411617028].
[2023-04-10 17:12:14,058][moc][WARNING][util_funcs.py:111] Provide "objs" in result is deprecated and will be removed in future versions! Please use "objectives" instead.
[2023-04-10 17:12:14,058][moc][INFO][generic_smbo.py:333] Iter 19, objectives: [-0.7887561824350191].
[2023-04-10 17:12:14,062][moc][WARNING][util_funcs.py:111] Provide "objs" in result is deprecated and will be removed in future versions! Please use "objectives" instead.
[2023-04-10 17:12:14,062][moc][INFO][generic_smbo.py:333] Iter 20, objectives: [-1.0157662524550664].
[2023-04-10 17:12:14,063][moc][WARNING][util_funcs.py:111] Provide "objs" in result is deprecated and will be removed in future versions! Please use "objectives" instead.
[2023-04-10 17:12:14,063][moc][WARNING][util_funcs.py:123] Unused information in result: {'config': [{'data_parallel_size': 3, 'micro_batch_size': 33, 'model_parallel_size': 1, 'num_reticle_per_pipeline_stage': 141, 'tensor_parallel_size': 1}]}
[2023-04-10 17:12:14,063][moc][INFO][generic_smbo.py:418] Iter 17, objectives: [-29.107579123308216].
[2023-04-10 17:12:18,587][moc][WARNING][util_funcs.py:231] Keyword argument "num_objs" is deprecated and will be removed in a future version. Please use "num_objectives" instead.
