[2023-04-10 17:08:43,506][moc][INFO][color_logger.py:203] Logfile: /home/chenyiqi/wafer_scale_chip_dse_framework/logs/moc_2023-04-10-17-08-43-506345.log
[2023-04-10 17:08:43,511][moc][WARNING][util_funcs.py:111] Provide "objs" in result is deprecated and will be removed in future versions! Please use "objectives" instead.
[2023-04-10 17:08:43,511][moc][INFO][generic_smbo.py:333] Iter 1, objectives: [-3.552631306975594].
[2023-04-10 17:08:43,513][moc][WARNING][util_funcs.py:111] Provide "objs" in result is deprecated and will be removed in future versions! Please use "objectives" instead.
[2023-04-10 17:08:43,513][moc][INFO][generic_smbo.py:333] Iter 2, objectives: [-1.037973985513607].
[2023-04-10 17:08:43,515][moc][WARNING][util_funcs.py:111] Provide "objs" in result is deprecated and will be removed in future versions! Please use "objectives" instead.
[2023-04-10 17:08:43,515][moc][INFO][generic_smbo.py:333] Iter 3, objectives: [-37.80270758662676].
[2023-04-10 17:08:43,517][moc][WARNING][util_funcs.py:111] Provide "objs" in result is deprecated and will be removed in future versions! Please use "objectives" instead.
[2023-04-10 17:08:43,517][moc][INFO][generic_smbo.py:333] Iter 4, objectives: [-2.8525457171866155].
[2023-04-10 17:08:43,519][moc][WARNING][util_funcs.py:111] Provide "objs" in result is deprecated and will be removed in future versions! Please use "objectives" instead.
[2023-04-10 17:08:43,519][moc][INFO][generic_smbo.py:333] Iter 5, objectives: [-1.1593754778594396].
[2023-04-10 17:08:43,521][moc][WARNING][util_funcs.py:111] Provide "objs" in result is deprecated and will be removed in future versions! Please use "objectives" instead.
[2023-04-10 17:08:43,521][moc][INFO][generic_smbo.py:333] Iter 6, objectives: [-0.8808947297099768].
[2023-04-10 17:08:43,523][moc][WARNING][util_funcs.py:111] Provide "objs" in result is deprecated and will be removed in future versions! Please use "objectives" instead.
[2023-04-10 17:08:43,523][moc][INFO][generic_smbo.py:333] Iter 7, objectives: [-0.9103341460643579].
[2023-04-10 17:08:43,525][moc][WARNING][util_funcs.py:111] Provide "objs" in result is deprecated and will be removed in future versions! Please use "objectives" instead.
[2023-04-10 17:08:43,525][moc][INFO][generic_smbo.py:333] Iter 8, objectives: [-10.655207267209887].
[2023-04-10 17:08:43,527][moc][WARNING][util_funcs.py:111] Provide "objs" in result is deprecated and will be removed in future versions! Please use "objectives" instead.
[2023-04-10 17:08:43,527][moc][INFO][generic_smbo.py:333] Iter 9, objectives: [-5.695616680423071].
[2023-04-10 17:08:43,529][moc][WARNING][util_funcs.py:111] Provide "objs" in result is deprecated and will be removed in future versions! Please use "objectives" instead.
[2023-04-10 17:08:43,529][moc][INFO][generic_smbo.py:333] Iter 10, objectives: [-0.946238758708956].
[2023-04-10 17:08:43,532][moc][WARNING][util_funcs.py:111] Provide "objs" in result is deprecated and will be removed in future versions! Please use "objectives" instead.
[2023-04-10 17:08:43,532][moc][INFO][generic_smbo.py:333] Iter 11, objectives: [-2.0668448716849794].
[2023-04-10 17:08:43,534][moc][WARNING][util_funcs.py:111] Provide "objs" in result is deprecated and will be removed in future versions! Please use "objectives" instead.
[2023-04-10 17:08:43,534][moc][INFO][generic_smbo.py:333] Iter 12, objectives: [-0.5268228034260163].
[2023-04-10 17:08:43,536][moc][WARNING][util_funcs.py:111] Provide "objs" in result is deprecated and will be removed in future versions! Please use "objectives" instead.
[2023-04-10 17:08:43,536][moc][INFO][generic_smbo.py:333] Iter 13, objectives: [-4.565607574985141].
[2023-04-10 17:08:43,538][moc][WARNING][util_funcs.py:111] Provide "objs" in result is deprecated and will be removed in future versions! Please use "objectives" instead.
[2023-04-10 17:08:43,538][moc][INFO][generic_smbo.py:333] Iter 14, objectives: [-1.5171145408154678].
[2023-04-10 17:08:43,540][moc][WARNING][util_funcs.py:111] Provide "objs" in result is deprecated and will be removed in future versions! Please use "objectives" instead.
[2023-04-10 17:08:43,540][moc][INFO][generic_smbo.py:333] Iter 15, objectives: [-1.938042507194841].
[2023-04-10 17:08:43,542][moc][WARNING][util_funcs.py:111] Provide "objs" in result is deprecated and will be removed in future versions! Please use "objectives" instead.
[2023-04-10 17:08:43,542][moc][INFO][generic_smbo.py:333] Iter 16, objectives: [-0.8363520675547661].
[2023-04-10 17:08:43,544][moc][WARNING][util_funcs.py:111] Provide "objs" in result is deprecated and will be removed in future versions! Please use "objectives" instead.
[2023-04-10 17:08:43,545][moc][INFO][generic_smbo.py:333] Iter 17, objectives: [-0.990327923086181].
[2023-04-10 17:08:43,546][moc][WARNING][util_funcs.py:111] Provide "objs" in result is deprecated and will be removed in future versions! Please use "objectives" instead.
[2023-04-10 17:08:43,547][moc][INFO][generic_smbo.py:333] Iter 18, objectives: [-2.854199510867126].
[2023-04-10 17:08:43,548][moc][WARNING][util_funcs.py:111] Provide "objs" in result is deprecated and will be removed in future versions! Please use "objectives" instead.
[2023-04-10 17:08:43,549][moc][INFO][generic_smbo.py:333] Iter 19, objectives: [-24.254742731560825].
[2023-04-10 17:08:43,550][moc][WARNING][util_funcs.py:111] Provide "objs" in result is deprecated and will be removed in future versions! Please use "objectives" instead.
[2023-04-10 17:08:43,551][moc][INFO][generic_smbo.py:333] Iter 20, objectives: [-1.225845152093733].
[2023-04-10 17:08:43,551][moc][WARNING][util_funcs.py:111] Provide "objs" in result is deprecated and will be removed in future versions! Please use "objectives" instead.
[2023-04-10 17:08:43,551][moc][WARNING][util_funcs.py:123] Unused information in result: {'config': [{'data_parallel_size': 24, 'micro_batch_size': 10, 'model_parallel_size': 4, 'num_reticle_per_pipeline_stage': 64, 'tensor_parallel_size': 1}]}
[2023-04-10 17:08:43,551][moc][INFO][generic_smbo.py:418] Iter 18, objectives: [-37.80270758662676].
[2023-04-10 17:08:48,056][moc][WARNING][util_funcs.py:231] Keyword argument "num_objs" is deprecated and will be removed in a future version. Please use "num_objectives" instead.
