[2023-04-10 16:49:23,332][moc][INFO][color_logger.py:203] Logfile: /home/chenyiqi/wafer_scale_chip_dse_framework/logs/moc_2023-04-10-16-49-23-331951.log
[2023-04-10 16:49:23,367][moc][WARNING][util_funcs.py:111] Provide "objs" in result is deprecated and will be removed in future versions! Please use "objectives" instead.
[2023-04-10 16:49:23,367][moc][INFO][generic_smbo.py:333] Iter 1, objectives: [-2.8815550590376273].
[2023-04-10 16:49:23,406][moc][WARNING][util_funcs.py:111] Provide "objs" in result is deprecated and will be removed in future versions! Please use "objectives" instead.
[2023-04-10 16:49:23,406][moc][INFO][generic_smbo.py:333] Iter 2, objectives: [-0.44814809696274094].
[2023-04-10 16:49:23,441][moc][WARNING][util_funcs.py:111] Provide "objs" in result is deprecated and will be removed in future versions! Please use "objectives" instead.
[2023-04-10 16:49:23,442][moc][INFO][generic_smbo.py:333] Iter 3, objectives: [-1.225260552312435].
[2023-04-10 16:49:23,492][moc][WARNING][util_funcs.py:111] Provide "objs" in result is deprecated and will be removed in future versions! Please use "objectives" instead.
[2023-04-10 16:49:23,492][moc][INFO][generic_smbo.py:333] Iter 4, objectives: [-0.12498893759448575].
[2023-04-10 16:49:23,538][moc][WARNING][util_funcs.py:111] Provide "objs" in result is deprecated and will be removed in future versions! Please use "objectives" instead.
[2023-04-10 16:49:23,538][moc][INFO][generic_smbo.py:333] Iter 5, objectives: [-0.35910636678077174].
[2023-04-10 16:49:23,583][moc][WARNING][util_funcs.py:111] Provide "objs" in result is deprecated and will be removed in future versions! Please use "objectives" instead.
[2023-04-10 16:49:23,583][moc][INFO][generic_smbo.py:333] Iter 6, objectives: [-0.31165534688417684].
[2023-04-10 16:49:23,629][moc][WARNING][util_funcs.py:111] Provide "objs" in result is deprecated and will be removed in future versions! Please use "objectives" instead.
[2023-04-10 16:49:23,630][moc][INFO][generic_smbo.py:333] Iter 7, objectives: [-0.12780097391407746].
[2023-04-10 16:49:23,675][moc][WARNING][util_funcs.py:111] Provide "objs" in result is deprecated and will be removed in future versions! Please use "objectives" instead.
[2023-04-10 16:49:23,675][moc][INFO][generic_smbo.py:333] Iter 8, objectives: [-0.16785727366038455].
[2023-04-10 16:49:23,719][moc][WARNING][util_funcs.py:111] Provide "objs" in result is deprecated and will be removed in future versions! Please use "objectives" instead.
[2023-04-10 16:49:23,719][moc][INFO][generic_smbo.py:333] Iter 9, objectives: [-0.35915820989430347].
[2023-04-10 16:49:23,758][moc][WARNING][util_funcs.py:111] Provide "objs" in result is deprecated and will be removed in future versions! Please use "objectives" instead.
[2023-04-10 16:49:23,758][moc][INFO][generic_smbo.py:333] Iter 10, objectives: [-1.6798899259495066].
[2023-04-10 16:49:23,758][moc][WARNING][util_funcs.py:111] Provide "objs" in result is deprecated and will be removed in future versions! Please use "objectives" instead.
[2023-04-10 16:49:23,758][moc][WARNING][util_funcs.py:123] Unused information in result: {'config': [Configuration(values={
  'data_parallel_size': 1,
  'micro_batch_size': 448,
  'model_parallel_size': 12,
  'num_reticle_per_pipeline_stage': 89,
  'tensor_parallel_size': 1,
})
]}
[2023-04-10 16:49:23,759][moc][INFO][generic_smbo.py:418] Iter 4, objectives: [-2.8815550590376273].
[2023-04-10 16:49:23,760][moc][WARNING][util_funcs.py:231] Keyword argument "num_objs" is deprecated and will be removed in a future version. Please use "num_objectives" instead.
