[2023-04-10 16:49:21,951][moc][INFO][color_logger.py:203] Logfile: /home/chenyiqi/wafer_scale_chip_dse_framework/logs/moc_2023-04-10-16-49-21-950786.log
[2023-04-10 16:49:22,149][moc][WARNING][util_funcs.py:111] Provide "objs" in result is deprecated and will be removed in future versions! Please use "objectives" instead.
[2023-04-10 16:49:22,149][moc][INFO][generic_smbo.py:333] Iter 1, objectives: [-0.018123185770129002].
[2023-04-10 16:49:22,303][moc][WARNING][util_funcs.py:111] Provide "objs" in result is deprecated and will be removed in future versions! Please use "objectives" instead.
[2023-04-10 16:49:22,303][moc][INFO][generic_smbo.py:333] Iter 2, objectives: [-0.18305647042139805].
[2023-04-10 16:49:22,612][moc][WARNING][util_funcs.py:111] Provide "objs" in result is deprecated and will be removed in future versions! Please use "objectives" instead.
[2023-04-10 16:49:22,612][moc][INFO][generic_smbo.py:333] Iter 3, objectives: [-0.5670819108860831].
[2023-04-10 16:49:22,793][moc][WARNING][util_funcs.py:111] Provide "objs" in result is deprecated and will be removed in future versions! Please use "objectives" instead.
[2023-04-10 16:49:22,793][moc][INFO][generic_smbo.py:333] Iter 4, objectives: [-0.22729166512756835].
[2023-04-10 16:49:22,909][moc][WARNING][util_funcs.py:111] Provide "objs" in result is deprecated and will be removed in future versions! Please use "objectives" instead.
[2023-04-10 16:49:22,909][moc][INFO][generic_smbo.py:333] Iter 5, objectives: [-0.3493601763903689].
[2023-04-10 16:49:23,077][moc][WARNING][util_funcs.py:111] Provide "objs" in result is deprecated and will be removed in future versions! Please use "objectives" instead.
[2023-04-10 16:49:23,077][moc][INFO][generic_smbo.py:333] Iter 6, objectives: [-0.9343085200145127].
[2023-04-10 16:49:23,270][moc][WARNING][util_funcs.py:111] Provide "objs" in result is deprecated and will be removed in future versions! Please use "objectives" instead.
[2023-04-10 16:49:23,270][moc][INFO][generic_smbo.py:333] Iter 7, objectives: [-0.3660485053955656].
[2023-04-10 16:49:23,455][moc][WARNING][util_funcs.py:111] Provide "objs" in result is deprecated and will be removed in future versions! Please use "objectives" instead.
[2023-04-10 16:49:23,456][moc][INFO][generic_smbo.py:333] Iter 8, objectives: [-0.7258883479836127].
[2023-04-10 16:49:23,649][moc][WARNING][util_funcs.py:111] Provide "objs" in result is deprecated and will be removed in future versions! Please use "objectives" instead.
[2023-04-10 16:49:23,649][moc][INFO][generic_smbo.py:333] Iter 9, objectives: [-0.08437563956687591].
[2023-04-10 16:49:23,761][moc][WARNING][util_funcs.py:111] Provide "objs" in result is deprecated and will be removed in future versions! Please use "objectives" instead.
[2023-04-10 16:49:23,762][moc][INFO][generic_smbo.py:333] Iter 10, objectives: [-3.4521441547146816].
[2023-04-10 16:49:23,762][moc][WARNING][util_funcs.py:111] Provide "objs" in result is deprecated and will be removed in future versions! Please use "objectives" instead.
[2023-04-10 16:49:23,762][moc][WARNING][util_funcs.py:123] Unused information in result: {'config': [Configuration(values={
  'data_parallel_size': 4,
  'micro_batch_size': 13,
  'model_parallel_size': 3,
  'num_reticle_per_pipeline_stage': 89,
  'tensor_parallel_size': 2,
})
]}
[2023-04-10 16:49:23,763][moc][INFO][generic_smbo.py:418] Iter 4, objectives: [-3.4521441547146816].
[2023-04-10 16:49:23,764][moc][WARNING][util_funcs.py:231] Keyword argument "num_objs" is deprecated and will be removed in a future version. Please use "num_objectives" instead.
