[2023-04-09 19:22:17,050][moc][INFO][color_logger.py:203] Logfile: /home/chenyiqi/wafer_scale_chip_dse_framework/logs/moc_2023-04-09-19-22-17-049900.log
[2023-04-09 19:22:17,052][moc][INFO][generic_advisor.py:157] [BO auto selection]  acq_type: ei.
[2023-04-09 19:22:17,868][moc][WARNING][util_funcs.py:111] Provide "objs" in result is deprecated and will be removed in future versions! Please use "objectives" instead.
[2023-04-09 19:22:17,869][moc][INFO][generic_smbo.py:332] Iter 1, objectives: [-0.006945591389563201].
[2023-04-09 19:22:18,072][moc][WARNING][util_funcs.py:111] Provide "objs" in result is deprecated and will be removed in future versions! Please use "objectives" instead.
[2023-04-09 19:22:18,073][moc][INFO][generic_smbo.py:332] Iter 2, objectives: [-0.011575319550396316].
[2023-04-09 19:22:18,661][moc][WARNING][util_funcs.py:111] Provide "objs" in result is deprecated and will be removed in future versions! Please use "objectives" instead.
[2023-04-09 19:22:18,662][moc][INFO][generic_smbo.py:332] Iter 3, objectives: [-0.011575339024861351].
[2023-04-09 19:22:19,029][moc][WARNING][util_funcs.py:111] Provide "objs" in result is deprecated and will be removed in future versions! Please use "objectives" instead.
[2023-04-09 19:22:19,031][moc][INFO][generic_smbo.py:332] Iter 4, objectives: [-0.005788071398745061].
[2023-04-09 19:22:19,205][moc][WARNING][util_funcs.py:111] Provide "objs" in result is deprecated and will be removed in future versions! Please use "objectives" instead.
[2023-04-09 19:22:19,206][moc][INFO][generic_smbo.py:332] Iter 5, objectives: [-0.017361703723931553].
[2023-04-09 19:22:19,458][moc][WARNING][util_funcs.py:111] Provide "objs" in result is deprecated and will be removed in future versions! Please use "objectives" instead.
[2023-04-09 19:22:19,459][moc][INFO][generic_smbo.py:332] Iter 6, objectives: [-0.011575312160643492].
[2023-04-09 19:22:19,460][moc][INFO][generic_advisor.py:365] Sample random config. rand_prob=0.100000.
[2023-04-09 19:22:20,066][moc][WARNING][util_funcs.py:111] Provide "objs" in result is deprecated and will be removed in future versions! Please use "objectives" instead.
[2023-04-09 19:22:20,068][moc][INFO][generic_smbo.py:332] Iter 7, objectives: [-0.00868180560220974].
[2023-04-09 19:22:20,997][moc][WARNING][util_funcs.py:111] Provide "objs" in result is deprecated and will be removed in future versions! Please use "objectives" instead.
[2023-04-09 19:22:20,998][moc][INFO][generic_smbo.py:332] Iter 8, objectives: [-0.011575308146460727].
[2023-04-09 19:22:22,088][moc][WARNING][util_funcs.py:111] Provide "objs" in result is deprecated and will be removed in future versions! Please use "objectives" instead.
[2023-04-09 19:22:22,089][moc][INFO][generic_smbo.py:332] Iter 9, objectives: [-0.017361736049430775].
[2023-04-09 19:22:23,653][moc][WARNING][util_funcs.py:111] Provide "objs" in result is deprecated and will be removed in future versions! Please use "objectives" instead.
[2023-04-09 19:22:23,654][moc][INFO][generic_smbo.py:332] Iter 10, objectives: [-0.017361762987438745].
[2023-04-09 19:22:24,986][moc][WARNING][util_funcs.py:111] Provide "objs" in result is deprecated and will be removed in future versions! Please use "objectives" instead.
[2023-04-09 19:22:24,987][moc][INFO][generic_smbo.py:332] Iter 11, objectives: [-0.011575319550396316].
[2023-04-09 19:22:26,521][moc][WARNING][util_funcs.py:111] Provide "objs" in result is deprecated and will be removed in future versions! Please use "objectives" instead.
[2023-04-09 19:22:26,522][moc][INFO][generic_smbo.py:332] Iter 12, objectives: [-0.017361762987438745].
[2023-04-09 19:22:27,629][moc][WARNING][util_funcs.py:111] Provide "objs" in result is deprecated and will be removed in future versions! Please use "objectives" instead.
[2023-04-09 19:22:27,630][moc][INFO][generic_smbo.py:332] Iter 13, objectives: [-0.017361736049430775].
[2023-04-09 19:22:30,169][moc][WARNING][util_funcs.py:111] Provide "objs" in result is deprecated and will be removed in future versions! Please use "objectives" instead.
[2023-04-09 19:22:30,170][moc][INFO][generic_smbo.py:332] Iter 14, objectives: [-0.017361703723931553].
[2023-04-09 19:22:31,352][moc][WARNING][util_funcs.py:111] Provide "objs" in result is deprecated and will be removed in future versions! Please use "objectives" instead.
[2023-04-09 19:22:31,353][moc][INFO][generic_smbo.py:332] Iter 15, objectives: [-0.017361703723931553].
[2023-04-09 19:22:32,597][moc][WARNING][util_funcs.py:111] Provide "objs" in result is deprecated and will be removed in future versions! Please use "objectives" instead.
[2023-04-09 19:22:32,598][moc][INFO][generic_smbo.py:332] Iter 16, objectives: [-0.01736172742928588].
[2023-04-09 19:22:33,666][moc][WARNING][util_funcs.py:111] Provide "objs" in result is deprecated and will be removed in future versions! Please use "objectives" instead.
[2023-04-09 19:22:33,667][moc][INFO][generic_smbo.py:332] Iter 17, objectives: [-0.017361759036525676].
[2023-04-09 19:22:35,218][moc][WARNING][util_funcs.py:111] Provide "objs" in result is deprecated and will be removed in future versions! Please use "objectives" instead.
[2023-04-09 19:22:35,218][moc][INFO][generic_smbo.py:332] Iter 18, objectives: [-0.017361716893564853].
[2023-04-09 19:22:36,400][moc][WARNING][util_funcs.py:111] Provide "objs" in result is deprecated and will be removed in future versions! Please use "objectives" instead.
[2023-04-09 19:22:36,403][moc][INFO][generic_smbo.py:332] Iter 19, objectives: [-0.01736175452119866].
[2023-04-09 19:22:38,090][moc][WARNING][util_funcs.py:111] Provide "objs" in result is deprecated and will be removed in future versions! Please use "objectives" instead.
[2023-04-09 19:22:38,092][moc][INFO][generic_smbo.py:332] Iter 20, objectives: [-0.017361749311208867].
