[2023-04-10 16:49:57,626][moc][INFO][color_logger.py:203] Logfile: /home/chenyiqi/wafer_scale_chip_dse_framework/logs/moc_2023-04-10-16-49-57-626771.log
[2023-04-10 16:49:57,632][moc][WARNING][util_funcs.py:111] Provide "objs" in result is deprecated and will be removed in future versions! Please use "objectives" instead.
[2023-04-10 16:49:57,632][moc][INFO][generic_smbo.py:333] Iter 1, objectives: [-3.2102430427145836].
[2023-04-10 16:49:57,636][moc][WARNING][util_funcs.py:111] Provide "objs" in result is deprecated and will be removed in future versions! Please use "objectives" instead.
[2023-04-10 16:49:57,637][moc][INFO][generic_smbo.py:333] Iter 2, objectives: [-4.013480156069795].
[2023-04-10 16:49:57,641][moc][WARNING][util_funcs.py:111] Provide "objs" in result is deprecated and will be removed in future versions! Please use "objectives" instead.
[2023-04-10 16:49:57,641][moc][INFO][generic_smbo.py:333] Iter 3, objectives: [-21.095047872820377].
[2023-04-10 16:49:57,644][moc][WARNING][util_funcs.py:111] Provide "objs" in result is deprecated and will be removed in future versions! Please use "objectives" instead.
[2023-04-10 16:49:57,645][moc][INFO][generic_smbo.py:333] Iter 4, objectives: [-0.6828235165380511].
[2023-04-10 16:49:57,648][moc][WARNING][util_funcs.py:111] Provide "objs" in result is deprecated and will be removed in future versions! Please use "objectives" instead.
[2023-04-10 16:49:57,649][moc][INFO][generic_smbo.py:333] Iter 5, objectives: [-2.5163989839338825].
[2023-04-10 16:49:57,653][moc][WARNING][util_funcs.py:111] Provide "objs" in result is deprecated and will be removed in future versions! Please use "objectives" instead.
[2023-04-10 16:49:57,653][moc][INFO][generic_smbo.py:333] Iter 6, objectives: [-0.7317260012861332].
[2023-04-10 16:49:57,659][moc][WARNING][util_funcs.py:111] Provide "objs" in result is deprecated and will be removed in future versions! Please use "objectives" instead.
[2023-04-10 16:49:57,659][moc][INFO][generic_smbo.py:333] Iter 7, objectives: [-2.848418198526692].
[2023-04-10 16:49:57,663][moc][WARNING][util_funcs.py:111] Provide "objs" in result is deprecated and will be removed in future versions! Please use "objectives" instead.
[2023-04-10 16:49:57,663][moc][INFO][generic_smbo.py:333] Iter 8, objectives: [-3.58136799318245].
[2023-04-10 16:49:57,667][moc][WARNING][util_funcs.py:111] Provide "objs" in result is deprecated and will be removed in future versions! Please use "objectives" instead.
[2023-04-10 16:49:57,668][moc][INFO][generic_smbo.py:333] Iter 9, objectives: [-1.1409218806516708].
[2023-04-10 16:49:57,672][moc][WARNING][util_funcs.py:111] Provide "objs" in result is deprecated and will be removed in future versions! Please use "objectives" instead.
[2023-04-10 16:49:57,672][moc][INFO][generic_smbo.py:333] Iter 10, objectives: [-0.8144530025651511].
[2023-04-10 16:49:57,672][moc][WARNING][util_funcs.py:111] Provide "objs" in result is deprecated and will be removed in future versions! Please use "objectives" instead.
[2023-04-10 16:49:57,672][moc][WARNING][util_funcs.py:123] Unused information in result: {'config': [Configuration(values={
  'data_parallel_size': 13,
  'micro_batch_size': 13,
  'model_parallel_size': 4,
  'num_reticle_per_pipeline_stage': 81,
  'tensor_parallel_size': 1,
})
]}
[2023-04-10 16:49:57,673][moc][INFO][generic_smbo.py:418] Iter 18, objectives: [-21.095047872820377].
[2023-04-10 16:50:01,969][moc][WARNING][util_funcs.py:231] Keyword argument "num_objs" is deprecated and will be removed in a future version. Please use "num_objectives" instead.
