[2023-04-10 16:47:34,772][moc][INFO][color_logger.py:203] Logfile: /home/chenyiqi/wafer_scale_chip_dse_framework/logs/moc_2023-04-10-16-47-34-772359.log
[2023-04-10 16:47:34,858][moc][WARNING][util_funcs.py:111] Provide "objs" in result is deprecated and will be removed in future versions! Please use "objectives" instead.
[2023-04-10 16:47:34,858][moc][INFO][generic_smbo.py:333] Iter 1, objectives: [-0.14049403918670952].
[2023-04-10 16:47:34,927][moc][WARNING][util_funcs.py:111] Provide "objs" in result is deprecated and will be removed in future versions! Please use "objectives" instead.
[2023-04-10 16:47:34,927][moc][INFO][generic_smbo.py:333] Iter 2, objectives: [-0.06735879247007738].
[2023-04-10 16:47:34,997][moc][WARNING][util_funcs.py:111] Provide "objs" in result is deprecated and will be removed in future versions! Please use "objectives" instead.
[2023-04-10 16:47:34,998][moc][INFO][generic_smbo.py:333] Iter 3, objectives: [-0.22700534459278185].
[2023-04-10 16:47:35,058][moc][WARNING][util_funcs.py:111] Provide "objs" in result is deprecated and will be removed in future versions! Please use "objectives" instead.
[2023-04-10 16:47:35,058][moc][INFO][generic_smbo.py:333] Iter 4, objectives: [-0.46209052398274736].
[2023-04-10 16:47:35,122][moc][WARNING][util_funcs.py:111] Provide "objs" in result is deprecated and will be removed in future versions! Please use "objectives" instead.
[2023-04-10 16:47:35,123][moc][INFO][generic_smbo.py:333] Iter 5, objectives: [-1.3222013007162312].
[2023-04-10 16:47:35,123][moc][WARNING][generic_smbo.py:387] Exception when calling objective function: local variable '_history' referenced before assignment
config: Configuration(values={
  'fidelity': 1,
  'var00': 48,
  'var01': 256,
  'var02': 128,
  'var03': 256,
  'var04': 4,
  'var05': 4,
  'var06': 1,
  'var07': 48,
  'var08': 8,
  'var09': 900,
  'var10': 7,
  'var11': 21,
})

[2023-04-10 16:47:35,123][moc][INFO][generic_smbo.py:418] Iter 5, objectives: [inf].
[2023-04-10 16:47:35,124][moc][WARNING][util_funcs.py:231] Keyword argument "num_objs" is deprecated and will be removed in a future version. Please use "num_objectives" instead.
