[2023-04-10 17:08:08,002][moc][INFO][color_logger.py:203] Logfile: /home/chenyiqi/wafer_scale_chip_dse_framework/logs/moc_2023-04-10-17-08-08-002322.log
[2023-04-10 17:08:08,115][moc][WARNING][util_funcs.py:111] Provide "objs" in result is deprecated and will be removed in future versions! Please use "objectives" instead.
[2023-04-10 17:08:08,115][moc][INFO][generic_smbo.py:333] Iter 1, objectives: [-4.086232182720089].
[2023-04-10 17:08:08,205][moc][WARNING][util_funcs.py:111] Provide "objs" in result is deprecated and will be removed in future versions! Please use "objectives" instead.
[2023-04-10 17:08:08,205][moc][INFO][generic_smbo.py:333] Iter 2, objectives: [-1.9504975025461155].
[2023-04-10 17:08:08,304][moc][WARNING][util_funcs.py:111] Provide "objs" in result is deprecated and will be removed in future versions! Please use "objectives" instead.
[2023-04-10 17:08:08,304][moc][INFO][generic_smbo.py:333] Iter 3, objectives: [-0.7963395267405827].
[2023-04-10 17:08:08,401][moc][WARNING][util_funcs.py:111] Provide "objs" in result is deprecated and will be removed in future versions! Please use "objectives" instead.
[2023-04-10 17:08:08,401][moc][INFO][generic_smbo.py:333] Iter 4, objectives: [-0.8252987238055907].
[2023-04-10 17:08:08,504][moc][WARNING][util_funcs.py:111] Provide "objs" in result is deprecated and will be removed in future versions! Please use "objectives" instead.
[2023-04-10 17:08:08,505][moc][INFO][generic_smbo.py:333] Iter 5, objectives: [-0.6009436026063222].
[2023-04-10 17:08:08,597][moc][WARNING][util_funcs.py:111] Provide "objs" in result is deprecated and will be removed in future versions! Please use "objectives" instead.
[2023-04-10 17:08:08,597][moc][INFO][generic_smbo.py:333] Iter 6, objectives: [-2.903557042098104].
[2023-04-10 17:08:08,703][moc][WARNING][util_funcs.py:111] Provide "objs" in result is deprecated and will be removed in future versions! Please use "objectives" instead.
[2023-04-10 17:08:08,704][moc][INFO][generic_smbo.py:333] Iter 7, objectives: [-3.54653906641538].
[2023-04-10 17:08:08,806][moc][WARNING][util_funcs.py:111] Provide "objs" in result is deprecated and will be removed in future versions! Please use "objectives" instead.
[2023-04-10 17:08:08,806][moc][INFO][generic_smbo.py:333] Iter 8, objectives: [-0.7232019540878228].
[2023-04-10 17:08:08,904][moc][WARNING][util_funcs.py:111] Provide "objs" in result is deprecated and will be removed in future versions! Please use "objectives" instead.
[2023-04-10 17:08:08,904][moc][INFO][generic_smbo.py:333] Iter 9, objectives: [-5.3089843219514785].
[2023-04-10 17:08:09,013][moc][WARNING][util_funcs.py:111] Provide "objs" in result is deprecated and will be removed in future versions! Please use "objectives" instead.
[2023-04-10 17:08:09,014][moc][INFO][generic_smbo.py:333] Iter 10, objectives: [-2.511338552931527].
[2023-04-10 17:08:09,260][moc][WARNING][util_funcs.py:111] Provide "objs" in result is deprecated and will be removed in future versions! Please use "objectives" instead.
[2023-04-10 17:08:09,260][moc][INFO][generic_smbo.py:333] Iter 11, objectives: [-2.4117050968551057].
[2023-04-10 17:08:09,351][moc][WARNING][util_funcs.py:111] Provide "objs" in result is deprecated and will be removed in future versions! Please use "objectives" instead.
[2023-04-10 17:08:09,351][moc][INFO][generic_smbo.py:333] Iter 12, objectives: [-7.574103747927443].
[2023-04-10 17:08:09,459][moc][WARNING][util_funcs.py:111] Provide "objs" in result is deprecated and will be removed in future versions! Please use "objectives" instead.
[2023-04-10 17:08:09,459][moc][INFO][generic_smbo.py:333] Iter 13, objectives: [-0.8972443086286133].
[2023-04-10 17:08:09,570][moc][WARNING][util_funcs.py:111] Provide "objs" in result is deprecated and will be removed in future versions! Please use "objectives" instead.
[2023-04-10 17:08:09,571][moc][INFO][generic_smbo.py:333] Iter 14, objectives: [-2.7292296742694213].
[2023-04-10 17:08:09,664][moc][WARNING][util_funcs.py:111] Provide "objs" in result is deprecated and will be removed in future versions! Please use "objectives" instead.
[2023-04-10 17:08:09,665][moc][INFO][generic_smbo.py:333] Iter 15, objectives: [-0.9702617587475161].
[2023-04-10 17:08:09,768][moc][WARNING][util_funcs.py:111] Provide "objs" in result is deprecated and will be removed in future versions! Please use "objectives" instead.
[2023-04-10 17:08:09,768][moc][INFO][generic_smbo.py:333] Iter 16, objectives: [-0.08497567427884828].
[2023-04-10 17:08:09,864][moc][WARNING][util_funcs.py:111] Provide "objs" in result is deprecated and will be removed in future versions! Please use "objectives" instead.
[2023-04-10 17:08:09,864][moc][INFO][generic_smbo.py:333] Iter 17, objectives: [-0.3451525565410128].
[2023-04-10 17:08:09,956][moc][WARNING][util_funcs.py:111] Provide "objs" in result is deprecated and will be removed in future versions! Please use "objectives" instead.
[2023-04-10 17:08:09,956][moc][INFO][generic_smbo.py:333] Iter 18, objectives: [-2.965889142877969].
[2023-04-10 17:08:10,048][moc][WARNING][util_funcs.py:111] Provide "objs" in result is deprecated and will be removed in future versions! Please use "objectives" instead.
[2023-04-10 17:08:10,048][moc][INFO][generic_smbo.py:333] Iter 19, objectives: [-2.9236534358515045].
[2023-04-10 17:08:10,132][moc][WARNING][util_funcs.py:111] Provide "objs" in result is deprecated and will be removed in future versions! Please use "objectives" instead.
[2023-04-10 17:08:10,132][moc][INFO][generic_smbo.py:333] Iter 20, objectives: [-2.821393257258339].
[2023-04-10 17:08:10,133][moc][WARNING][util_funcs.py:111] Provide "objs" in result is deprecated and will be removed in future versions! Please use "objectives" instead.
[2023-04-10 17:08:10,133][moc][WARNING][util_funcs.py:123] Unused information in result: {'config': [{'data_parallel_size': 25, 'micro_batch_size': 4, 'model_parallel_size': 8, 'num_reticle_per_pipeline_stage': 51, 'tensor_parallel_size': 3}]}
[2023-04-10 17:08:10,133][moc][INFO][generic_smbo.py:418] Iter 11, objectives: [-7.574103747927443].
[2023-04-10 17:08:14,473][moc][WARNING][util_funcs.py:231] Keyword argument "num_objs" is deprecated and will be removed in a future version. Please use "num_objectives" instead.
