[2023-04-09 19:01:17,323][moc][INFO][color_logger.py:203] Logfile: /home/chenyiqi/wafer_scale_chip_dse_framework/logs/moc_2023-04-09-19-01-17-323341.log
[2023-04-09 19:01:17,325][moc][INFO][generic_advisor.py:157] [BO auto selection]  acq_type: ei.
[2023-04-09 19:01:17,542][moc][WARNING][util_funcs.py:111] Provide "objs" in result is deprecated and will be removed in future versions! Please use "objectives" instead.
[2023-04-09 19:01:17,543][moc][INFO][generic_smbo.py:332] Iter 1, objectives: [-0.008681796922727025].
[2023-04-09 19:01:17,824][moc][WARNING][util_funcs.py:111] Provide "objs" in result is deprecated and will be removed in future versions! Please use "objectives" instead.
[2023-04-09 19:01:17,826][moc][INFO][generic_smbo.py:332] Iter 2, objectives: [-0.008681802511060117].
[2023-04-09 19:01:18,097][moc][WARNING][util_funcs.py:111] Provide "objs" in result is deprecated and will be removed in future versions! Please use "objectives" instead.
[2023-04-09 19:01:18,098][moc][INFO][generic_smbo.py:332] Iter 3, objectives: [-0.01157532853101141].
[2023-04-09 19:01:20,811][moc][WARNING][util_funcs.py:111] Provide "objs" in result is deprecated and will be removed in future versions! Please use "objectives" instead.
[2023-04-09 19:01:20,812][moc][INFO][generic_smbo.py:332] Iter 4, objectives: [-0.0026715182134709513].
[2023-04-09 19:01:21,616][moc][WARNING][util_funcs.py:111] Provide "objs" in result is deprecated and will be removed in future versions! Please use "objectives" instead.
[2023-04-09 19:01:21,618][moc][INFO][generic_smbo.py:332] Iter 5, objectives: [-0.008681807108526096].
[2023-04-09 19:01:21,936][moc][WARNING][util_funcs.py:111] Provide "objs" in result is deprecated and will be removed in future versions! Please use "objectives" instead.
[2023-04-09 19:01:21,938][moc][INFO][generic_smbo.py:332] Iter 6, objectives: [-0.011575321945225646].
[2023-04-09 19:01:23,144][moc][WARNING][util_funcs.py:111] Provide "objs" in result is deprecated and will be removed in future versions! Please use "objectives" instead.
[2023-04-09 19:01:23,145][moc][INFO][generic_smbo.py:332] Iter 7, objectives: [-0.011575325708530879].
[2023-04-09 19:01:24,414][moc][WARNING][util_funcs.py:111] Provide "objs" in result is deprecated and will be removed in future versions! Please use "objectives" instead.
[2023-04-09 19:01:24,415][moc][INFO][generic_smbo.py:332] Iter 8, objectives: [-0.01157531667660243].
[2023-04-09 19:01:25,732][moc][WARNING][util_funcs.py:111] Provide "objs" in result is deprecated and will be removed in future versions! Please use "objectives" instead.
[2023-04-09 19:01:25,733][moc][INFO][generic_smbo.py:332] Iter 9, objectives: [-0.011575327213853657].
[2023-04-09 19:01:27,026][moc][WARNING][util_funcs.py:111] Provide "objs" in result is deprecated and will be removed in future versions! Please use "objectives" instead.
[2023-04-09 19:01:27,027][moc][INFO][generic_smbo.py:332] Iter 10, objectives: [-0.011575327213853657].
[2023-04-09 19:01:28,686][moc][WARNING][util_funcs.py:111] Provide "objs" in result is deprecated and will be removed in future versions! Please use "objectives" instead.
[2023-04-09 19:01:28,687][moc][INFO][generic_smbo.py:332] Iter 11, objectives: [-0.011575325708530879].
[2023-04-09 19:01:30,208][moc][WARNING][util_funcs.py:111] Provide "objs" in result is deprecated and will be removed in future versions! Please use "objectives" instead.
[2023-04-09 19:01:30,209][moc][INFO][generic_smbo.py:332] Iter 12, objectives: [-0.011575312160643492].
[2023-04-09 19:01:32,558][moc][WARNING][util_funcs.py:111] Provide "objs" in result is deprecated and will be removed in future versions! Please use "objectives" instead.
[2023-04-09 19:01:32,559][moc][INFO][generic_smbo.py:332] Iter 13, objectives: [-0.011575327036756839].
[2023-04-09 19:01:33,610][moc][WARNING][util_funcs.py:111] Provide "objs" in result is deprecated and will be removed in future versions! Please use "objectives" instead.
[2023-04-09 19:01:33,611][moc][INFO][generic_smbo.py:332] Iter 14, objectives: [-0.0115753087736766].
[2023-04-09 19:01:34,953][moc][WARNING][util_funcs.py:111] Provide "objs" in result is deprecated and will be removed in future versions! Please use "objectives" instead.
[2023-04-09 19:01:34,954][moc][INFO][generic_smbo.py:332] Iter 15, objectives: [-0.011575321945225646].
[2023-04-09 19:01:34,955][moc][INFO][generic_advisor.py:365] Sample random config. rand_prob=0.100000.
[2023-04-09 19:01:35,422][moc][WARNING][util_funcs.py:111] Provide "objs" in result is deprecated and will be removed in future versions! Please use "objectives" instead.
[2023-04-09 19:01:35,423][moc][INFO][generic_smbo.py:332] Iter 16, objectives: [-0.00694558833653955].
[2023-04-09 19:01:36,671][moc][WARNING][util_funcs.py:111] Provide "objs" in result is deprecated and will be removed in future versions! Please use "objectives" instead.
[2023-04-09 19:01:36,671][moc][INFO][generic_smbo.py:332] Iter 17, objectives: [-0.011575321945225646].
[2023-04-09 19:01:39,005][moc][WARNING][util_funcs.py:111] Provide "objs" in result is deprecated and will be removed in future versions! Please use "objectives" instead.
[2023-04-09 19:01:39,006][moc][INFO][generic_smbo.py:332] Iter 18, objectives: [-0.011575327036756839].
[2023-04-09 19:01:40,382][moc][WARNING][util_funcs.py:111] Provide "objs" in result is deprecated and will be removed in future versions! Please use "objectives" instead.
[2023-04-09 19:01:40,383][moc][INFO][generic_smbo.py:332] Iter 19, objectives: [-0.011575324203208491].
[2023-04-09 19:01:42,252][moc][WARNING][util_funcs.py:111] Provide "objs" in result is deprecated and will be removed in future versions! Please use "objectives" instead.
[2023-04-09 19:01:42,254][moc][INFO][generic_smbo.py:332] Iter 20, objectives: [-0.011575319550396316].
