[2023-04-10 16:48:02,316][moc][INFO][color_logger.py:203] Logfile: /home/chenyiqi/wafer_scale_chip_dse_framework/logs/moc_2023-04-10-16-48-02-316319.log
[2023-04-10 16:48:02,321][moc][WARNING][util_funcs.py:111] Provide "objs" in result is deprecated and will be removed in future versions! Please use "objectives" instead.
[2023-04-10 16:48:02,321][moc][INFO][generic_smbo.py:333] Iter 1, objectives: [-2.7761940886059526].
[2023-04-10 16:48:02,323][moc][WARNING][util_funcs.py:111] Provide "objs" in result is deprecated and will be removed in future versions! Please use "objectives" instead.
[2023-04-10 16:48:02,323][moc][INFO][generic_smbo.py:333] Iter 2, objectives: [-2.560120029887482].
[2023-04-10 16:48:02,325][moc][WARNING][util_funcs.py:111] Provide "objs" in result is deprecated and will be removed in future versions! Please use "objectives" instead.
[2023-04-10 16:48:02,326][moc][INFO][generic_smbo.py:333] Iter 3, objectives: [-2.123440837968651].
[2023-04-10 16:48:02,328][moc][WARNING][util_funcs.py:111] Provide "objs" in result is deprecated and will be removed in future versions! Please use "objectives" instead.
[2023-04-10 16:48:02,328][moc][INFO][generic_smbo.py:333] Iter 4, objectives: [-62.57802585852761].
[2023-04-10 16:48:02,330][moc][WARNING][util_funcs.py:111] Provide "objs" in result is deprecated and will be removed in future versions! Please use "objectives" instead.
[2023-04-10 16:48:02,330][moc][INFO][generic_smbo.py:333] Iter 5, objectives: [-4.216364448456895].
[2023-04-10 16:48:02,332][moc][WARNING][util_funcs.py:111] Provide "objs" in result is deprecated and will be removed in future versions! Please use "objectives" instead.
[2023-04-10 16:48:02,332][moc][INFO][generic_smbo.py:333] Iter 6, objectives: [-1.3869813852781279].
[2023-04-10 16:48:02,334][moc][WARNING][util_funcs.py:111] Provide "objs" in result is deprecated and will be removed in future versions! Please use "objectives" instead.
[2023-04-10 16:48:02,334][moc][INFO][generic_smbo.py:333] Iter 7, objectives: [-9.140852314715362].
[2023-04-10 16:48:02,337][moc][WARNING][util_funcs.py:111] Provide "objs" in result is deprecated and will be removed in future versions! Please use "objectives" instead.
[2023-04-10 16:48:02,337][moc][INFO][generic_smbo.py:333] Iter 8, objectives: [-75.96707914967435].
[2023-04-10 16:48:02,339][moc][WARNING][util_funcs.py:111] Provide "objs" in result is deprecated and will be removed in future versions! Please use "objectives" instead.
[2023-04-10 16:48:02,339][moc][INFO][generic_smbo.py:333] Iter 9, objectives: [-188.85761199866943].
[2023-04-10 16:48:02,341][moc][WARNING][util_funcs.py:111] Provide "objs" in result is deprecated and will be removed in future versions! Please use "objectives" instead.
[2023-04-10 16:48:02,341][moc][INFO][generic_smbo.py:333] Iter 10, objectives: [-0.7603791732820872].
[2023-04-10 16:48:02,342][moc][WARNING][util_funcs.py:111] Provide "objs" in result is deprecated and will be removed in future versions! Please use "objectives" instead.
[2023-04-10 16:48:02,342][moc][WARNING][util_funcs.py:123] Unused information in result: {'config': [Configuration(values={
  'data_parallel_size': 1,
  'micro_batch_size': 4,
  'model_parallel_size': 8,
  'num_reticle_per_pipeline_stage': 73,
  'tensor_parallel_size': 1,
})
]}
[2023-04-10 16:48:02,342][moc][INFO][generic_smbo.py:418] Iter 17, objectives: [-188.85761199866943].
[2023-04-10 16:48:07,337][moc][WARNING][util_funcs.py:231] Keyword argument "num_objs" is deprecated and will be removed in a future version. Please use "num_objectives" instead.
